2014-10-18_22-24-10-756 First run of IncrementalLogWithVMParameters
	Parameters: heapMaxSize=5.7 GB
2014-10-18_22-24-10-759 ### 1/104 ### Starting test for Input:svcomp/ssh-simplified/s3_clnt_1_false-unreach-call.cil.c Settings:settings/TACASInterpolation2015/SP-IC-LV.epf Toolchain:toolchains/AutomizerC.xml
2014-10-18_22-24-16-168 Finishing test with SUCCESS for Input:svcomp/ssh-simplified/s3_clnt_1_false-unreach-call.cil.c Settings:settings/TACASInterpolation2015/SP-IC-LV.epf Toolchain:toolchains/AutomizerC.xml: UNSAFE(Expected:UNSAFE): ExpectedResult: UNSAFE UltimateResult: UNSAFE   a call of __VERIFIER_error() is reachable 
2014-10-18_22-24-16-183 ### 2/104 ### Starting test for Input:svcomp/ssh-simplified/s3_clnt_1_false-unreach-call.cil.c Settings:settings/TACASInterpolation2015/SP-IC.epf Toolchain:toolchains/AutomizerC.xml
2014-10-18_22-24-17-947 Finishing test with SUCCESS for Input:svcomp/ssh-simplified/s3_clnt_1_false-unreach-call.cil.c Settings:settings/TACASInterpolation2015/SP-IC.epf Toolchain:toolchains/AutomizerC.xml: UNSAFE(Expected:UNSAFE): ExpectedResult: UNSAFE UltimateResult: UNSAFE   a call of __VERIFIER_error() is reachable 
2014-10-18_22-24-17-950 ### 3/104 ### Starting test for Input:svcomp/ssh-simplified/s3_clnt_1_false-unreach-call.cil.c Settings:settings/TACASInterpolation2015/SP-LV.epf Toolchain:toolchains/AutomizerC.xml
2014-10-18_22-24-36-381 Finishing test with SUCCESS for Input:svcomp/ssh-simplified/s3_clnt_1_false-unreach-call.cil.c Settings:settings/TACASInterpolation2015/SP-LV.epf Toolchain:toolchains/AutomizerC.xml: UNSAFE(Expected:UNSAFE): ExpectedResult: UNSAFE UltimateResult: UNSAFE   a call of __VERIFIER_error() is reachable 
2014-10-18_22-24-36-399 ### 4/104 ### Starting test for Input:svcomp/ssh-simplified/s3_clnt_1_false-unreach-call.cil.c Settings:settings/TACASInterpolation2015/SP.epf Toolchain:toolchains/AutomizerC.xml
2014-10-18_22-28-45-653 Finishing test with SUCCESS for Input:svcomp/ssh-simplified/s3_clnt_1_false-unreach-call.cil.c Settings:settings/TACASInterpolation2015/SP.epf Toolchain:toolchains/AutomizerC.xml: UNSAFE(Expected:UNSAFE): ExpectedResult: UNSAFE UltimateResult: UNSAFE   a call of __VERIFIER_error() is reachable 
2014-10-18_22-28-45-662 ### 5/104 ### Starting test for Input:svcomp/ssh-simplified/s3_clnt_1_true-unreach-call.cil.c Settings:settings/TACASInterpolation2015/SP-IC-LV.epf Toolchain:toolchains/AutomizerC.xml
2014-10-18_22-28-47-036 Finishing test with SUCCESS for Input:svcomp/ssh-simplified/s3_clnt_1_true-unreach-call.cil.c Settings:settings/TACASInterpolation2015/SP-IC-LV.epf Toolchain:toolchains/AutomizerC.xml: SAFE(Expected:SAFE): ExpectedResult: SAFE UltimateResult: SAFE   [ShortDescription: All specifications hold LongDescription: 2 specifications checked. All of them hold]
2014-10-18_22-28-47-037 ### 6/104 ### Starting test for Input:svcomp/ssh-simplified/s3_clnt_1_true-unreach-call.cil.c Settings:settings/TACASInterpolation2015/SP-IC.epf Toolchain:toolchains/AutomizerC.xml
2014-10-18_22-28-48-447 Finishing test with SUCCESS for Input:svcomp/ssh-simplified/s3_clnt_1_true-unreach-call.cil.c Settings:settings/TACASInterpolation2015/SP-IC.epf Toolchain:toolchains/AutomizerC.xml: SAFE(Expected:SAFE): ExpectedResult: SAFE UltimateResult: SAFE   [ShortDescription: All specifications hold LongDescription: 2 specifications checked. All of them hold]
2014-10-18_22-28-48-448 ### 7/104 ### Starting test for Input:svcomp/ssh-simplified/s3_clnt_1_true-unreach-call.cil.c Settings:settings/TACASInterpolation2015/SP-LV.epf Toolchain:toolchains/AutomizerC.xml
2014-10-18_22-33-48-483 Finishing test with UNKNOWN for Input:svcomp/ssh-simplified/s3_clnt_1_true-unreach-call.cil.c Settings:settings/TACASInterpolation2015/SP-LV.epf Toolchain:toolchains/AutomizerC.xml: TIMEOUT(Expected:SAFE): ExpectedResult: SAFE UltimateResult: TIMEOUT   [ShortDescription: Timeout LongDescription: Timout or Toolchain cancelled by user]
2014-10-18_22-33-48-485 ### 8/104 ### Starting test for Input:svcomp/ssh-simplified/s3_clnt_1_true-unreach-call.cil.c Settings:settings/TACASInterpolation2015/SP.epf Toolchain:toolchains/AutomizerC.xml
2014-10-18_22-38-48-642 Finishing test with UNKNOWN for Input:svcomp/ssh-simplified/s3_clnt_1_true-unreach-call.cil.c Settings:settings/TACASInterpolation2015/SP.epf Toolchain:toolchains/AutomizerC.xml: TIMEOUT(Expected:SAFE): ExpectedResult: SAFE UltimateResult: TIMEOUT   [ShortDescription: Timeout LongDescription: Unable to prove that all allocated memory was freed (line 756), ShortDescription: Timeout LongDescription: Unable to prove that call of __VERIFIER_error() unreachable (line 750)]
2014-10-18_22-38-48-642 ### 9/104 ### Starting test for Input:svcomp/ssh-simplified/s3_clnt_2_false-unreach-call_true-termination.cil.c Settings:settings/TACASInterpolation2015/SP-IC-LV.epf Toolchain:toolchains/AutomizerC.xml
2014-10-18_22-38-49-037 Finishing test with SUCCESS for Input:svcomp/ssh-simplified/s3_clnt_2_false-unreach-call_true-termination.cil.c Settings:settings/TACASInterpolation2015/SP-IC-LV.epf Toolchain:toolchains/AutomizerC.xml: UNSAFE(Expected:UNSAFE): ExpectedResult: UNSAFE UltimateResult: UNSAFE   a call of __VERIFIER_error() is reachable 
2014-10-18_22-38-49-037 ### 10/104 ### Starting test for Input:svcomp/ssh-simplified/s3_clnt_2_false-unreach-call_true-termination.cil.c Settings:settings/TACASInterpolation2015/SP-IC.epf Toolchain:toolchains/AutomizerC.xml
2014-10-18_22-38-49-452 Finishing test with SUCCESS for Input:svcomp/ssh-simplified/s3_clnt_2_false-unreach-call_true-termination.cil.c Settings:settings/TACASInterpolation2015/SP-IC.epf Toolchain:toolchains/AutomizerC.xml: UNSAFE(Expected:UNSAFE): ExpectedResult: UNSAFE UltimateResult: UNSAFE   a call of __VERIFIER_error() is reachable 
2014-10-18_22-38-49-452 ### 11/104 ### Starting test for Input:svcomp/ssh-simplified/s3_clnt_2_false-unreach-call_true-termination.cil.c Settings:settings/TACASInterpolation2015/SP-LV.epf Toolchain:toolchains/AutomizerC.xml
2014-10-18_22-38-59-384 Finishing test with SUCCESS for Input:svcomp/ssh-simplified/s3_clnt_2_false-unreach-call_true-termination.cil.c Settings:settings/TACASInterpolation2015/SP-LV.epf Toolchain:toolchains/AutomizerC.xml: UNSAFE(Expected:UNSAFE): ExpectedResult: UNSAFE UltimateResult: UNSAFE   a call of __VERIFIER_error() is reachable 
2014-10-18_22-38-59-385 ### 12/104 ### Starting test for Input:svcomp/ssh-simplified/s3_clnt_2_false-unreach-call_true-termination.cil.c Settings:settings/TACASInterpolation2015/SP.epf Toolchain:toolchains/AutomizerC.xml
2014-10-18_22-41-51-028 Finishing test with SUCCESS for Input:svcomp/ssh-simplified/s3_clnt_2_false-unreach-call_true-termination.cil.c Settings:settings/TACASInterpolation2015/SP.epf Toolchain:toolchains/AutomizerC.xml: UNSAFE(Expected:UNSAFE): ExpectedResult: UNSAFE UltimateResult: UNSAFE   a call of __VERIFIER_error() is reachable 
2014-10-18_22-41-51-029 ### 13/104 ### Starting test for Input:svcomp/ssh-simplified/s3_clnt_2_true-unreach-call_true-termination.cil.c Settings:settings/TACASInterpolation2015/SP-IC-LV.epf Toolchain:toolchains/AutomizerC.xml
2014-10-18_22-41-51-927 Finishing test with SUCCESS for Input:svcomp/ssh-simplified/s3_clnt_2_true-unreach-call_true-termination.cil.c Settings:settings/TACASInterpolation2015/SP-IC-LV.epf Toolchain:toolchains/AutomizerC.xml: SAFE(Expected:SAFE): ExpectedResult: SAFE UltimateResult: SAFE   [ShortDescription: All specifications hold LongDescription: 2 specifications checked. All of them hold]
2014-10-18_22-41-51-928 ### 14/104 ### Starting test for Input:svcomp/ssh-simplified/s3_clnt_2_true-unreach-call_true-termination.cil.c Settings:settings/TACASInterpolation2015/SP-IC.epf Toolchain:toolchains/AutomizerC.xml
2014-10-18_22-41-52-830 Finishing test with SUCCESS for Input:svcomp/ssh-simplified/s3_clnt_2_true-unreach-call_true-termination.cil.c Settings:settings/TACASInterpolation2015/SP-IC.epf Toolchain:toolchains/AutomizerC.xml: SAFE(Expected:SAFE): ExpectedResult: SAFE UltimateResult: SAFE   [ShortDescription: All specifications hold LongDescription: 2 specifications checked. All of them hold]
2014-10-18_22-41-52-831 ### 15/104 ### Starting test for Input:svcomp/ssh-simplified/s3_clnt_2_true-unreach-call_true-termination.cil.c Settings:settings/TACASInterpolation2015/SP-LV.epf Toolchain:toolchains/AutomizerC.xml
2014-10-18_22-46-52-879 Finishing test with UNKNOWN for Input:svcomp/ssh-simplified/s3_clnt_2_true-unreach-call_true-termination.cil.c Settings:settings/TACASInterpolation2015/SP-LV.epf Toolchain:toolchains/AutomizerC.xml: TIMEOUT(Expected:SAFE): ExpectedResult: SAFE UltimateResult: TIMEOUT   [ShortDescription: Timeout LongDescription: Unable to prove that all allocated memory was freed (line 763), ShortDescription: Timeout LongDescription: Unable to prove that call of __VERIFIER_error() unreachable (line 757)]
2014-10-18_22-46-52-881 ### 16/104 ### Starting test for Input:svcomp/ssh-simplified/s3_clnt_2_true-unreach-call_true-termination.cil.c Settings:settings/TACASInterpolation2015/SP.epf Toolchain:toolchains/AutomizerC.xml
2014-10-18_22-51-53-321 Finishing test with UNKNOWN for Input:svcomp/ssh-simplified/s3_clnt_2_true-unreach-call_true-termination.cil.c Settings:settings/TACASInterpolation2015/SP.epf Toolchain:toolchains/AutomizerC.xml: TIMEOUT(Expected:SAFE): ExpectedResult: SAFE UltimateResult: TIMEOUT   [ShortDescription: Timeout LongDescription: Timout or Toolchain cancelled by user]
2014-10-18_22-51-53-322 ### 17/104 ### Starting test for Input:svcomp/ssh-simplified/s3_clnt_3.cil_true-unreach-call_true-termination.c Settings:settings/TACASInterpolation2015/SP-IC-LV.epf Toolchain:toolchains/AutomizerC.xml
2014-10-18_22-51-54-200 Finishing test with SUCCESS for Input:svcomp/ssh-simplified/s3_clnt_3.cil_true-unreach-call_true-termination.c Settings:settings/TACASInterpolation2015/SP-IC-LV.epf Toolchain:toolchains/AutomizerC.xml: SAFE(Expected:SAFE): ExpectedResult: SAFE UltimateResult: SAFE   [ShortDescription: All specifications hold LongDescription: 1 specifications checked. All of them hold]
2014-10-18_22-51-54-201 ### 18/104 ### Starting test for Input:svcomp/ssh-simplified/s3_clnt_3.cil_true-unreach-call_true-termination.c Settings:settings/TACASInterpolation2015/SP-IC.epf Toolchain:toolchains/AutomizerC.xml
2014-10-18_22-51-55-018 Finishing test with SUCCESS for Input:svcomp/ssh-simplified/s3_clnt_3.cil_true-unreach-call_true-termination.c Settings:settings/TACASInterpolation2015/SP-IC.epf Toolchain:toolchains/AutomizerC.xml: SAFE(Expected:SAFE): ExpectedResult: SAFE UltimateResult: SAFE   [ShortDescription: All specifications hold LongDescription: 1 specifications checked. All of them hold]
2014-10-18_22-51-55-019 ### 19/104 ### Starting test for Input:svcomp/ssh-simplified/s3_clnt_3.cil_true-unreach-call_true-termination.c Settings:settings/TACASInterpolation2015/SP-LV.epf Toolchain:toolchains/AutomizerC.xml
2014-10-18_22-53-25-230 Finishing test with FAIL for Input:svcomp/ssh-simplified/s3_clnt_3.cil_true-unreach-call_true-termination.c Settings:settings/TACASInterpolation2015/SP-LV.epf Toolchain:toolchains/AutomizerC.xml: EXCEPTION_OR_ERROR(Expected:SAFE): ExpectedResult: SAFE UltimateResult: EXCEPTION_OR_ERROR   [ShortDescription: SMTLIBException LongDescription: de.uni_freiburg.informatik.ultimate.logic.SMTLIBException: Cannot create quantifier in quantifier-free logic]
2014-10-18_22-53-25-232 ### 20/104 ### Starting test for Input:svcomp/ssh-simplified/s3_clnt_3.cil_true-unreach-call_true-termination.c Settings:settings/TACASInterpolation2015/SP.epf Toolchain:toolchains/AutomizerC.xml
2014-10-18_22-58-25-275 Finishing test with UNKNOWN for Input:svcomp/ssh-simplified/s3_clnt_3.cil_true-unreach-call_true-termination.c Settings:settings/TACASInterpolation2015/SP.epf Toolchain:toolchains/AutomizerC.xml: TIMEOUT(Expected:SAFE): ExpectedResult: SAFE UltimateResult: TIMEOUT   [ShortDescription: Timeout LongDescription: Unable to prove that call of __VERIFIER_error() unreachable (line 599)]
2014-10-18_22-58-25-276 ### 21/104 ### Starting test for Input:svcomp/ssh-simplified/s3_clnt_3_false-unreach-call.cil.c Settings:settings/TACASInterpolation2015/SP-IC-LV.epf Toolchain:toolchains/AutomizerC.xml
2014-10-18_22-58-25-767 Finishing test with SUCCESS for Input:svcomp/ssh-simplified/s3_clnt_3_false-unreach-call.cil.c Settings:settings/TACASInterpolation2015/SP-IC-LV.epf Toolchain:toolchains/AutomizerC.xml: UNSAFE(Expected:UNSAFE): ExpectedResult: UNSAFE UltimateResult: UNSAFE   a call of __VERIFIER_error() is reachable 
2014-10-18_22-58-25-768 ### 22/104 ### Starting test for Input:svcomp/ssh-simplified/s3_clnt_3_false-unreach-call.cil.c Settings:settings/TACASInterpolation2015/SP-IC.epf Toolchain:toolchains/AutomizerC.xml
2014-10-18_22-58-26-174 Finishing test with SUCCESS for Input:svcomp/ssh-simplified/s3_clnt_3_false-unreach-call.cil.c Settings:settings/TACASInterpolation2015/SP-IC.epf Toolchain:toolchains/AutomizerC.xml: UNSAFE(Expected:UNSAFE): ExpectedResult: UNSAFE UltimateResult: UNSAFE   a call of __VERIFIER_error() is reachable 
2014-10-18_22-58-26-175 ### 23/104 ### Starting test for Input:svcomp/ssh-simplified/s3_clnt_3_false-unreach-call.cil.c Settings:settings/TACASInterpolation2015/SP-LV.epf Toolchain:toolchains/AutomizerC.xml
2014-10-18_22-58-37-184 Finishing test with SUCCESS for Input:svcomp/ssh-simplified/s3_clnt_3_false-unreach-call.cil.c Settings:settings/TACASInterpolation2015/SP-LV.epf Toolchain:toolchains/AutomizerC.xml: UNSAFE(Expected:UNSAFE): ExpectedResult: UNSAFE UltimateResult: UNSAFE   a call of __VERIFIER_error() is reachable 
2014-10-18_22-58-37-185 ### 24/104 ### Starting test for Input:svcomp/ssh-simplified/s3_clnt_3_false-unreach-call.cil.c Settings:settings/TACASInterpolation2015/SP.epf Toolchain:toolchains/AutomizerC.xml
2014-10-18_23-03-03-705 Finishing test with SUCCESS for Input:svcomp/ssh-simplified/s3_clnt_3_false-unreach-call.cil.c Settings:settings/TACASInterpolation2015/SP.epf Toolchain:toolchains/AutomizerC.xml: UNSAFE(Expected:UNSAFE): ExpectedResult: UNSAFE UltimateResult: UNSAFE   a call of __VERIFIER_error() is reachable 
2014-10-18_23-03-03-705 ### 25/104 ### Starting test for Input:svcomp/ssh-simplified/s3_clnt_3_true-unreach-call.cil.c Settings:settings/TACASInterpolation2015/SP-IC-LV.epf Toolchain:toolchains/AutomizerC.xml
2014-10-18_23-03-04-702 Finishing test with SUCCESS for Input:svcomp/ssh-simplified/s3_clnt_3_true-unreach-call.cil.c Settings:settings/TACASInterpolation2015/SP-IC-LV.epf Toolchain:toolchains/AutomizerC.xml: SAFE(Expected:SAFE): ExpectedResult: SAFE UltimateResult: SAFE   [ShortDescription: All specifications hold LongDescription: 2 specifications checked. All of them hold]
2014-10-18_23-03-04-703 ### 26/104 ### Starting test for Input:svcomp/ssh-simplified/s3_clnt_3_true-unreach-call.cil.c Settings:settings/TACASInterpolation2015/SP-IC.epf Toolchain:toolchains/AutomizerC.xml
2014-10-18_23-03-05-635 Finishing test with SUCCESS for Input:svcomp/ssh-simplified/s3_clnt_3_true-unreach-call.cil.c Settings:settings/TACASInterpolation2015/SP-IC.epf Toolchain:toolchains/AutomizerC.xml: SAFE(Expected:SAFE): ExpectedResult: SAFE UltimateResult: SAFE   [ShortDescription: All specifications hold LongDescription: 2 specifications checked. All of them hold]
2014-10-18_23-03-05-636 ### 27/104 ### Starting test for Input:svcomp/ssh-simplified/s3_clnt_3_true-unreach-call.cil.c Settings:settings/TACASInterpolation2015/SP-LV.epf Toolchain:toolchains/AutomizerC.xml
2014-10-18_23-08-05-679 Finishing test with UNKNOWN for Input:svcomp/ssh-simplified/s3_clnt_3_true-unreach-call.cil.c Settings:settings/TACASInterpolation2015/SP-LV.epf Toolchain:toolchains/AutomizerC.xml: TIMEOUT(Expected:SAFE): ExpectedResult: SAFE UltimateResult: TIMEOUT   [ShortDescription: Timeout LongDescription: Timout or Toolchain cancelled by user]
2014-10-18_23-08-05-680 ### 28/104 ### Starting test for Input:svcomp/ssh-simplified/s3_clnt_3_true-unreach-call.cil.c Settings:settings/TACASInterpolation2015/SP.epf Toolchain:toolchains/AutomizerC.xml
2014-10-18_23-13-05-731 Finishing test with UNKNOWN for Input:svcomp/ssh-simplified/s3_clnt_3_true-unreach-call.cil.c Settings:settings/TACASInterpolation2015/SP.epf Toolchain:toolchains/AutomizerC.xml: TIMEOUT(Expected:SAFE): ExpectedResult: SAFE UltimateResult: TIMEOUT   [ShortDescription: Timeout LongDescription: Unable to prove that all allocated memory was freed (line 796), ShortDescription: Timeout LongDescription: Unable to prove that call of __VERIFIER_error() unreachable (line 790)]
2014-10-18_23-13-05-732 ### 29/104 ### Starting test for Input:svcomp/ssh-simplified/s3_clnt_4_false-unreach-call.cil.c Settings:settings/TACASInterpolation2015/SP-IC-LV.epf Toolchain:toolchains/AutomizerC.xml
2014-10-18_23-13-06-130 Finishing test with SUCCESS for Input:svcomp/ssh-simplified/s3_clnt_4_false-unreach-call.cil.c Settings:settings/TACASInterpolation2015/SP-IC-LV.epf Toolchain:toolchains/AutomizerC.xml: UNSAFE(Expected:UNSAFE): ExpectedResult: UNSAFE UltimateResult: UNSAFE   a call of __VERIFIER_error() is reachable 
2014-10-18_23-13-06-131 ### 30/104 ### Starting test for Input:svcomp/ssh-simplified/s3_clnt_4_false-unreach-call.cil.c Settings:settings/TACASInterpolation2015/SP-IC.epf Toolchain:toolchains/AutomizerC.xml
2014-10-18_23-13-06-540 Finishing test with SUCCESS for Input:svcomp/ssh-simplified/s3_clnt_4_false-unreach-call.cil.c Settings:settings/TACASInterpolation2015/SP-IC.epf Toolchain:toolchains/AutomizerC.xml: UNSAFE(Expected:UNSAFE): ExpectedResult: UNSAFE UltimateResult: UNSAFE   a call of __VERIFIER_error() is reachable 
2014-10-18_23-13-06-541 ### 31/104 ### Starting test for Input:svcomp/ssh-simplified/s3_clnt_4_false-unreach-call.cil.c Settings:settings/TACASInterpolation2015/SP-LV.epf Toolchain:toolchains/AutomizerC.xml
2014-10-18_23-13-16-550 Finishing test with SUCCESS for Input:svcomp/ssh-simplified/s3_clnt_4_false-unreach-call.cil.c Settings:settings/TACASInterpolation2015/SP-LV.epf Toolchain:toolchains/AutomizerC.xml: UNSAFE(Expected:UNSAFE): ExpectedResult: UNSAFE UltimateResult: UNSAFE   a call of __VERIFIER_error() is reachable 
2014-10-18_23-13-16-550 ### 32/104 ### Starting test for Input:svcomp/ssh-simplified/s3_clnt_4_false-unreach-call.cil.c Settings:settings/TACASInterpolation2015/SP.epf Toolchain:toolchains/AutomizerC.xml
2014-10-18_23-16-09-683 Finishing test with SUCCESS for Input:svcomp/ssh-simplified/s3_clnt_4_false-unreach-call.cil.c Settings:settings/TACASInterpolation2015/SP.epf Toolchain:toolchains/AutomizerC.xml: UNSAFE(Expected:UNSAFE): ExpectedResult: UNSAFE UltimateResult: UNSAFE   a call of __VERIFIER_error() is reachable 
2014-10-18_23-16-09-684 ### 33/104 ### Starting test for Input:svcomp/ssh-simplified/s3_clnt_4_true-unreach-call.cil.c Settings:settings/TACASInterpolation2015/SP-IC-LV.epf Toolchain:toolchains/AutomizerC.xml
2014-10-18_23-16-10-528 Finishing test with SUCCESS for Input:svcomp/ssh-simplified/s3_clnt_4_true-unreach-call.cil.c Settings:settings/TACASInterpolation2015/SP-IC-LV.epf Toolchain:toolchains/AutomizerC.xml: SAFE(Expected:SAFE): ExpectedResult: SAFE UltimateResult: SAFE   [ShortDescription: All specifications hold LongDescription: 2 specifications checked. All of them hold]
2014-10-18_23-16-10-529 ### 34/104 ### Starting test for Input:svcomp/ssh-simplified/s3_clnt_4_true-unreach-call.cil.c Settings:settings/TACASInterpolation2015/SP-IC.epf Toolchain:toolchains/AutomizerC.xml
2014-10-18_23-16-11-430 Finishing test with SUCCESS for Input:svcomp/ssh-simplified/s3_clnt_4_true-unreach-call.cil.c Settings:settings/TACASInterpolation2015/SP-IC.epf Toolchain:toolchains/AutomizerC.xml: SAFE(Expected:SAFE): ExpectedResult: SAFE UltimateResult: SAFE   [ShortDescription: All specifications hold LongDescription: 2 specifications checked. All of them hold]
2014-10-18_23-16-11-431 ### 35/104 ### Starting test for Input:svcomp/ssh-simplified/s3_clnt_4_true-unreach-call.cil.c Settings:settings/TACASInterpolation2015/SP-LV.epf Toolchain:toolchains/AutomizerC.xml
2014-10-18_23-21-11-490 Finishing test with UNKNOWN for Input:svcomp/ssh-simplified/s3_clnt_4_true-unreach-call.cil.c Settings:settings/TACASInterpolation2015/SP-LV.epf Toolchain:toolchains/AutomizerC.xml: TIMEOUT(Expected:SAFE): ExpectedResult: SAFE UltimateResult: TIMEOUT   [ShortDescription: Timeout LongDescription: Unable to prove that call of __VERIFIER_error() unreachable (line 757), ShortDescription: Timeout LongDescription: Unable to prove that all allocated memory was freed (line 763)]
2014-10-18_23-21-11-492 ### 36/104 ### Starting test for Input:svcomp/ssh-simplified/s3_clnt_4_true-unreach-call.cil.c Settings:settings/TACASInterpolation2015/SP.epf Toolchain:toolchains/AutomizerC.xml
2014-10-18_23-26-11-534 Finishing test with UNKNOWN for Input:svcomp/ssh-simplified/s3_clnt_4_true-unreach-call.cil.c Settings:settings/TACASInterpolation2015/SP.epf Toolchain:toolchains/AutomizerC.xml: TIMEOUT(Expected:SAFE): ExpectedResult: SAFE UltimateResult: TIMEOUT   [ShortDescription: Timeout LongDescription: Unable to prove that all allocated memory was freed (line 763), ShortDescription: Timeout LongDescription: Unable to prove that call of __VERIFIER_error() unreachable (line 757)]
2014-10-18_23-26-11-535 ### 37/104 ### Starting test for Input:svcomp/ssh-simplified/s3_srvr_10_false-unreach-call.cil.c Settings:settings/TACASInterpolation2015/SP-IC-LV.epf Toolchain:toolchains/AutomizerC.xml
2014-10-18_23-26-11-820 Finishing test with SUCCESS for Input:svcomp/ssh-simplified/s3_srvr_10_false-unreach-call.cil.c Settings:settings/TACASInterpolation2015/SP-IC-LV.epf Toolchain:toolchains/AutomizerC.xml: UNSAFE(Expected:UNSAFE): ExpectedResult: UNSAFE UltimateResult: UNSAFE   a call of __VERIFIER_error() is reachable 
2014-10-18_23-26-11-820 ### 38/104 ### Starting test for Input:svcomp/ssh-simplified/s3_srvr_10_false-unreach-call.cil.c Settings:settings/TACASInterpolation2015/SP-IC.epf Toolchain:toolchains/AutomizerC.xml
2014-10-18_23-26-12-129 Finishing test with SUCCESS for Input:svcomp/ssh-simplified/s3_srvr_10_false-unreach-call.cil.c Settings:settings/TACASInterpolation2015/SP-IC.epf Toolchain:toolchains/AutomizerC.xml: UNSAFE(Expected:UNSAFE): ExpectedResult: UNSAFE UltimateResult: UNSAFE   a call of __VERIFIER_error() is reachable 
2014-10-18_23-26-12-129 ### 39/104 ### Starting test for Input:svcomp/ssh-simplified/s3_srvr_10_false-unreach-call.cil.c Settings:settings/TACASInterpolation2015/SP-LV.epf Toolchain:toolchains/AutomizerC.xml
2014-10-18_23-26-12-428 Finishing test with SUCCESS for Input:svcomp/ssh-simplified/s3_srvr_10_false-unreach-call.cil.c Settings:settings/TACASInterpolation2015/SP-LV.epf Toolchain:toolchains/AutomizerC.xml: UNSAFE(Expected:UNSAFE): ExpectedResult: UNSAFE UltimateResult: UNSAFE   a call of __VERIFIER_error() is reachable 
2014-10-18_23-26-12-429 ### 40/104 ### Starting test for Input:svcomp/ssh-simplified/s3_srvr_10_false-unreach-call.cil.c Settings:settings/TACASInterpolation2015/SP.epf Toolchain:toolchains/AutomizerC.xml
2014-10-18_23-26-13-095 Finishing test with SUCCESS for Input:svcomp/ssh-simplified/s3_srvr_10_false-unreach-call.cil.c Settings:settings/TACASInterpolation2015/SP.epf Toolchain:toolchains/AutomizerC.xml: UNSAFE(Expected:UNSAFE): ExpectedResult: UNSAFE UltimateResult: UNSAFE   a call of __VERIFIER_error() is reachable 
2014-10-18_23-26-13-096 ### 41/104 ### Starting test for Input:svcomp/ssh-simplified/s3_srvr_11_false-unreach-call.cil.c Settings:settings/TACASInterpolation2015/SP-IC-LV.epf Toolchain:toolchains/AutomizerC.xml
2014-10-18_23-26-14-296 Finishing test with SUCCESS for Input:svcomp/ssh-simplified/s3_srvr_11_false-unreach-call.cil.c Settings:settings/TACASInterpolation2015/SP-IC-LV.epf Toolchain:toolchains/AutomizerC.xml: UNSAFE(Expected:UNSAFE): ExpectedResult: UNSAFE UltimateResult: UNSAFE   a call of __VERIFIER_error() is reachable 
2014-10-18_23-26-14-296 ### 42/104 ### Starting test for Input:svcomp/ssh-simplified/s3_srvr_11_false-unreach-call.cil.c Settings:settings/TACASInterpolation2015/SP-IC.epf Toolchain:toolchains/AutomizerC.xml
2014-10-18_23-26-15-433 Finishing test with SUCCESS for Input:svcomp/ssh-simplified/s3_srvr_11_false-unreach-call.cil.c Settings:settings/TACASInterpolation2015/SP-IC.epf Toolchain:toolchains/AutomizerC.xml: UNSAFE(Expected:UNSAFE): ExpectedResult: UNSAFE UltimateResult: UNSAFE   a call of __VERIFIER_error() is reachable 
2014-10-18_23-26-15-434 ### 43/104 ### Starting test for Input:svcomp/ssh-simplified/s3_srvr_11_false-unreach-call.cil.c Settings:settings/TACASInterpolation2015/SP-LV.epf Toolchain:toolchains/AutomizerC.xml
2014-10-18_23-28-27-118 Finishing test with FAIL for Input:svcomp/ssh-simplified/s3_srvr_11_false-unreach-call.cil.c Settings:settings/TACASInterpolation2015/SP-LV.epf Toolchain:toolchains/AutomizerC.xml: EXCEPTION_OR_ERROR(Expected:UNSAFE): ExpectedResult: UNSAFE UltimateResult: EXCEPTION_OR_ERROR   [ShortDescription: SMTLIBException LongDescription: de.uni_freiburg.informatik.ultimate.logic.SMTLIBException: Cannot create quantifier in quantifier-free logic]
2014-10-18_23-28-27-119 ### 44/104 ### Starting test for Input:svcomp/ssh-simplified/s3_srvr_11_false-unreach-call.cil.c Settings:settings/TACASInterpolation2015/SP.epf Toolchain:toolchains/AutomizerC.xml
2014-10-18_23-33-27-194 Finishing test with UNKNOWN for Input:svcomp/ssh-simplified/s3_srvr_11_false-unreach-call.cil.c Settings:settings/TACASInterpolation2015/SP.epf Toolchain:toolchains/AutomizerC.xml: TIMEOUT(Expected:UNSAFE): ExpectedResult: UNSAFE UltimateResult: TIMEOUT   [ShortDescription: Timeout LongDescription: Unable to prove that call of __VERIFIER_error() unreachable (line 855), ShortDescription: Timeout LongDescription: Unable to prove that all allocated memory was freed (line 861)]
2014-10-18_23-33-27-195 ### 45/104 ### Starting test for Input:svcomp/ssh-simplified/s3_srvr_12_false-unreach-call.cil.c Settings:settings/TACASInterpolation2015/SP-IC-LV.epf Toolchain:toolchains/AutomizerC.xml
2014-10-18_23-33-28-087 Finishing test with SUCCESS for Input:svcomp/ssh-simplified/s3_srvr_12_false-unreach-call.cil.c Settings:settings/TACASInterpolation2015/SP-IC-LV.epf Toolchain:toolchains/AutomizerC.xml: UNSAFE(Expected:UNSAFE): ExpectedResult: UNSAFE UltimateResult: UNSAFE   a call of __VERIFIER_error() is reachable 
2014-10-18_23-33-28-088 ### 46/104 ### Starting test for Input:svcomp/ssh-simplified/s3_srvr_12_false-unreach-call.cil.c Settings:settings/TACASInterpolation2015/SP-IC.epf Toolchain:toolchains/AutomizerC.xml
2014-10-18_23-33-28-967 Finishing test with SUCCESS for Input:svcomp/ssh-simplified/s3_srvr_12_false-unreach-call.cil.c Settings:settings/TACASInterpolation2015/SP-IC.epf Toolchain:toolchains/AutomizerC.xml: UNSAFE(Expected:UNSAFE): ExpectedResult: UNSAFE UltimateResult: UNSAFE   a call of __VERIFIER_error() is reachable 
2014-10-18_23-33-28-968 ### 47/104 ### Starting test for Input:svcomp/ssh-simplified/s3_srvr_12_false-unreach-call.cil.c Settings:settings/TACASInterpolation2015/SP-LV.epf Toolchain:toolchains/AutomizerC.xml
2014-10-18_23-33-38-568 Finishing test with FAIL for Input:svcomp/ssh-simplified/s3_srvr_12_false-unreach-call.cil.c Settings:settings/TACASInterpolation2015/SP-LV.epf Toolchain:toolchains/AutomizerC.xml: EXCEPTION_OR_ERROR(Expected:UNSAFE): ExpectedResult: UNSAFE UltimateResult: EXCEPTION_OR_ERROR   [ShortDescription: SMTLIBException LongDescription: de.uni_freiburg.informatik.ultimate.logic.SMTLIBException: Cannot create quantifier in quantifier-free logic]
2014-10-18_23-33-38-569 ### 48/104 ### Starting test for Input:svcomp/ssh-simplified/s3_srvr_12_false-unreach-call.cil.c Settings:settings/TACASInterpolation2015/SP.epf Toolchain:toolchains/AutomizerC.xml
2014-10-18_23-38-38-640 Finishing test with UNKNOWN for Input:svcomp/ssh-simplified/s3_srvr_12_false-unreach-call.cil.c Settings:settings/TACASInterpolation2015/SP.epf Toolchain:toolchains/AutomizerC.xml: TIMEOUT(Expected:UNSAFE): ExpectedResult: UNSAFE UltimateResult: TIMEOUT   [ShortDescription: Timeout LongDescription: Unable to prove that all allocated memory was freed (line 959), ShortDescription: Timeout LongDescription: Unable to prove that call of __VERIFIER_error() unreachable (line 953)]
2014-10-18_23-38-38-641 ### 49/104 ### Starting test for Input:svcomp/ssh-simplified/s3_srvr_13_false-unreach-call.cil.c Settings:settings/TACASInterpolation2015/SP-IC-LV.epf Toolchain:toolchains/AutomizerC.xml
2014-10-18_23-38-39-375 Finishing test with SUCCESS for Input:svcomp/ssh-simplified/s3_srvr_13_false-unreach-call.cil.c Settings:settings/TACASInterpolation2015/SP-IC-LV.epf Toolchain:toolchains/AutomizerC.xml: UNSAFE(Expected:UNSAFE): ExpectedResult: UNSAFE UltimateResult: UNSAFE   a call of __VERIFIER_error() is reachable 
2014-10-18_23-38-39-376 ### 50/104 ### Starting test for Input:svcomp/ssh-simplified/s3_srvr_13_false-unreach-call.cil.c Settings:settings/TACASInterpolation2015/SP-IC.epf Toolchain:toolchains/AutomizerC.xml
2014-10-18_23-38-40-073 Finishing test with SUCCESS for Input:svcomp/ssh-simplified/s3_srvr_13_false-unreach-call.cil.c Settings:settings/TACASInterpolation2015/SP-IC.epf Toolchain:toolchains/AutomizerC.xml: UNSAFE(Expected:UNSAFE): ExpectedResult: UNSAFE UltimateResult: UNSAFE   a call of __VERIFIER_error() is reachable 
2014-10-18_23-38-40-073 ### 51/104 ### Starting test for Input:svcomp/ssh-simplified/s3_srvr_13_false-unreach-call.cil.c Settings:settings/TACASInterpolation2015/SP-LV.epf Toolchain:toolchains/AutomizerC.xml
2014-10-18_23-38-42-456 Finishing test with SUCCESS for Input:svcomp/ssh-simplified/s3_srvr_13_false-unreach-call.cil.c Settings:settings/TACASInterpolation2015/SP-LV.epf Toolchain:toolchains/AutomizerC.xml: UNSAFE(Expected:UNSAFE): ExpectedResult: UNSAFE UltimateResult: UNSAFE   a call of __VERIFIER_error() is reachable 
2014-10-18_23-38-42-457 ### 52/104 ### Starting test for Input:svcomp/ssh-simplified/s3_srvr_13_false-unreach-call.cil.c Settings:settings/TACASInterpolation2015/SP.epf Toolchain:toolchains/AutomizerC.xml
2014-10-18_23-41-31-636 Finishing test with SUCCESS for Input:svcomp/ssh-simplified/s3_srvr_13_false-unreach-call.cil.c Settings:settings/TACASInterpolation2015/SP.epf Toolchain:toolchains/AutomizerC.xml: UNSAFE(Expected:UNSAFE): ExpectedResult: UNSAFE UltimateResult: UNSAFE   a call of __VERIFIER_error() is reachable 
2014-10-18_23-41-31-636 ### 53/104 ### Starting test for Input:svcomp/ssh-simplified/s3_srvr_14_false-unreach-call.cil.c Settings:settings/TACASInterpolation2015/SP-IC-LV.epf Toolchain:toolchains/AutomizerC.xml
2014-10-18_23-41-32-194 Finishing test with SUCCESS for Input:svcomp/ssh-simplified/s3_srvr_14_false-unreach-call.cil.c Settings:settings/TACASInterpolation2015/SP-IC-LV.epf Toolchain:toolchains/AutomizerC.xml: UNSAFE(Expected:UNSAFE): ExpectedResult: UNSAFE UltimateResult: UNSAFE   a call of __VERIFIER_error() is reachable 
2014-10-18_23-41-32-194 ### 54/104 ### Starting test for Input:svcomp/ssh-simplified/s3_srvr_14_false-unreach-call.cil.c Settings:settings/TACASInterpolation2015/SP-IC.epf Toolchain:toolchains/AutomizerC.xml
2014-10-18_23-41-32-703 Finishing test with SUCCESS for Input:svcomp/ssh-simplified/s3_srvr_14_false-unreach-call.cil.c Settings:settings/TACASInterpolation2015/SP-IC.epf Toolchain:toolchains/AutomizerC.xml: UNSAFE(Expected:UNSAFE): ExpectedResult: UNSAFE UltimateResult: UNSAFE   a call of __VERIFIER_error() is reachable 
2014-10-18_23-41-32-704 ### 55/104 ### Starting test for Input:svcomp/ssh-simplified/s3_srvr_14_false-unreach-call.cil.c Settings:settings/TACASInterpolation2015/SP-LV.epf Toolchain:toolchains/AutomizerC.xml
2014-10-18_23-41-34-833 Finishing test with SUCCESS for Input:svcomp/ssh-simplified/s3_srvr_14_false-unreach-call.cil.c Settings:settings/TACASInterpolation2015/SP-LV.epf Toolchain:toolchains/AutomizerC.xml: UNSAFE(Expected:UNSAFE): ExpectedResult: UNSAFE UltimateResult: UNSAFE   a call of __VERIFIER_error() is reachable 
2014-10-18_23-41-34-834 ### 56/104 ### Starting test for Input:svcomp/ssh-simplified/s3_srvr_14_false-unreach-call.cil.c Settings:settings/TACASInterpolation2015/SP.epf Toolchain:toolchains/AutomizerC.xml
2014-10-18_23-41-46-554 Finishing test with SUCCESS for Input:svcomp/ssh-simplified/s3_srvr_14_false-unreach-call.cil.c Settings:settings/TACASInterpolation2015/SP.epf Toolchain:toolchains/AutomizerC.xml: UNSAFE(Expected:UNSAFE): ExpectedResult: UNSAFE UltimateResult: UNSAFE   a call of __VERIFIER_error() is reachable 
2014-10-18_23-41-46-555 ### 57/104 ### Starting test for Input:svcomp/ssh-simplified/s3_srvr_1_false-unreach-call.cil.c Settings:settings/TACASInterpolation2015/SP-IC-LV.epf Toolchain:toolchains/AutomizerC.xml
2014-10-18_23-41-46-900 Finishing test with SUCCESS for Input:svcomp/ssh-simplified/s3_srvr_1_false-unreach-call.cil.c Settings:settings/TACASInterpolation2015/SP-IC-LV.epf Toolchain:toolchains/AutomizerC.xml: UNSAFE(Expected:UNSAFE): ExpectedResult: UNSAFE UltimateResult: UNSAFE   a call of __VERIFIER_error() is reachable 
2014-10-18_23-41-46-901 ### 58/104 ### Starting test for Input:svcomp/ssh-simplified/s3_srvr_1_false-unreach-call.cil.c Settings:settings/TACASInterpolation2015/SP-IC.epf Toolchain:toolchains/AutomizerC.xml
2014-10-18_23-41-47-209 Finishing test with SUCCESS for Input:svcomp/ssh-simplified/s3_srvr_1_false-unreach-call.cil.c Settings:settings/TACASInterpolation2015/SP-IC.epf Toolchain:toolchains/AutomizerC.xml: UNSAFE(Expected:UNSAFE): ExpectedResult: UNSAFE UltimateResult: UNSAFE   a call of __VERIFIER_error() is reachable 
2014-10-18_23-41-47-209 ### 59/104 ### Starting test for Input:svcomp/ssh-simplified/s3_srvr_1_false-unreach-call.cil.c Settings:settings/TACASInterpolation2015/SP-LV.epf Toolchain:toolchains/AutomizerC.xml
2014-10-18_23-41-48-474 Finishing test with SUCCESS for Input:svcomp/ssh-simplified/s3_srvr_1_false-unreach-call.cil.c Settings:settings/TACASInterpolation2015/SP-LV.epf Toolchain:toolchains/AutomizerC.xml: UNSAFE(Expected:UNSAFE): ExpectedResult: UNSAFE UltimateResult: UNSAFE   a call of __VERIFIER_error() is reachable 
2014-10-18_23-41-48-474 ### 60/104 ### Starting test for Input:svcomp/ssh-simplified/s3_srvr_1_false-unreach-call.cil.c Settings:settings/TACASInterpolation2015/SP.epf Toolchain:toolchains/AutomizerC.xml
2014-10-18_23-42-27-262 Finishing test with SUCCESS for Input:svcomp/ssh-simplified/s3_srvr_1_false-unreach-call.cil.c Settings:settings/TACASInterpolation2015/SP.epf Toolchain:toolchains/AutomizerC.xml: UNSAFE(Expected:UNSAFE): ExpectedResult: UNSAFE UltimateResult: UNSAFE   a call of __VERIFIER_error() is reachable 
2014-10-18_23-42-27-264 ### 61/104 ### Starting test for Input:svcomp/ssh-simplified/s3_srvr_1_true-unreach-call.cil.c Settings:settings/TACASInterpolation2015/SP-IC-LV.epf Toolchain:toolchains/AutomizerC.xml
2014-10-18_23-42-28-163 Finishing test with SUCCESS for Input:svcomp/ssh-simplified/s3_srvr_1_true-unreach-call.cil.c Settings:settings/TACASInterpolation2015/SP-IC-LV.epf Toolchain:toolchains/AutomizerC.xml: SAFE(Expected:SAFE): ExpectedResult: SAFE UltimateResult: SAFE   [ShortDescription: All specifications hold LongDescription: 2 specifications checked. All of them hold]
2014-10-18_23-42-28-164 ### 62/104 ### Starting test for Input:svcomp/ssh-simplified/s3_srvr_1_true-unreach-call.cil.c Settings:settings/TACASInterpolation2015/SP-IC.epf Toolchain:toolchains/AutomizerC.xml
2014-10-18_23-42-28-913 Finishing test with SUCCESS for Input:svcomp/ssh-simplified/s3_srvr_1_true-unreach-call.cil.c Settings:settings/TACASInterpolation2015/SP-IC.epf Toolchain:toolchains/AutomizerC.xml: SAFE(Expected:SAFE): ExpectedResult: SAFE UltimateResult: SAFE   [ShortDescription: All specifications hold LongDescription: 2 specifications checked. All of them hold]
2014-10-18_23-42-28-914 ### 63/104 ### Starting test for Input:svcomp/ssh-simplified/s3_srvr_1_true-unreach-call.cil.c Settings:settings/TACASInterpolation2015/SP-LV.epf Toolchain:toolchains/AutomizerC.xml
2014-10-18_23-47-29-004 Finishing test with UNKNOWN for Input:svcomp/ssh-simplified/s3_srvr_1_true-unreach-call.cil.c Settings:settings/TACASInterpolation2015/SP-LV.epf Toolchain:toolchains/AutomizerC.xml: TIMEOUT(Expected:SAFE): ExpectedResult: SAFE UltimateResult: TIMEOUT   [ShortDescription: Timeout LongDescription: Timout or Toolchain cancelled by user]
2014-10-18_23-47-29-005 ### 64/104 ### Starting test for Input:svcomp/ssh-simplified/s3_srvr_1_true-unreach-call.cil.c Settings:settings/TACASInterpolation2015/SP.epf Toolchain:toolchains/AutomizerC.xml
2014-10-18_23-52-29-084 Finishing test with UNKNOWN for Input:svcomp/ssh-simplified/s3_srvr_1_true-unreach-call.cil.c Settings:settings/TACASInterpolation2015/SP.epf Toolchain:toolchains/AutomizerC.xml: TIMEOUT(Expected:SAFE): ExpectedResult: SAFE UltimateResult: TIMEOUT   [ShortDescription: Timeout LongDescription: Unable to prove that all allocated memory was freed (line 862), ShortDescription: Timeout LongDescription: Unable to prove that call of __VERIFIER_error() unreachable (line 857)]
2014-10-18_23-52-29-085 ### 65/104 ### Starting test for Input:svcomp/ssh-simplified/s3_srvr_1a_true-unreach-call.cil.c Settings:settings/TACASInterpolation2015/SP-IC-LV.epf Toolchain:toolchains/AutomizerC.xml
2014-10-18_23-52-29-253 Finishing test with SUCCESS for Input:svcomp/ssh-simplified/s3_srvr_1a_true-unreach-call.cil.c Settings:settings/TACASInterpolation2015/SP-IC-LV.epf Toolchain:toolchains/AutomizerC.xml: SAFE(Expected:SAFE): ExpectedResult: SAFE UltimateResult: SAFE   [ShortDescription: All specifications hold LongDescription: 2 specifications checked. All of them hold]
2014-10-18_23-52-29-254 ### 66/104 ### Starting test for Input:svcomp/ssh-simplified/s3_srvr_1a_true-unreach-call.cil.c Settings:settings/TACASInterpolation2015/SP-IC.epf Toolchain:toolchains/AutomizerC.xml
2014-10-18_23-52-29-364 Finishing test with SUCCESS for Input:svcomp/ssh-simplified/s3_srvr_1a_true-unreach-call.cil.c Settings:settings/TACASInterpolation2015/SP-IC.epf Toolchain:toolchains/AutomizerC.xml: SAFE(Expected:SAFE): ExpectedResult: SAFE UltimateResult: SAFE   [ShortDescription: All specifications hold LongDescription: 2 specifications checked. All of them hold]
2014-10-18_23-52-29-365 ### 67/104 ### Starting test for Input:svcomp/ssh-simplified/s3_srvr_1a_true-unreach-call.cil.c Settings:settings/TACASInterpolation2015/SP-LV.epf Toolchain:toolchains/AutomizerC.xml
2014-10-18_23-52-31-355 Finishing test with SUCCESS for Input:svcomp/ssh-simplified/s3_srvr_1a_true-unreach-call.cil.c Settings:settings/TACASInterpolation2015/SP-LV.epf Toolchain:toolchains/AutomizerC.xml: SAFE(Expected:SAFE): ExpectedResult: SAFE UltimateResult: SAFE   [ShortDescription: All specifications hold LongDescription: 2 specifications checked. All of them hold]
2014-10-18_23-52-31-356 ### 68/104 ### Starting test for Input:svcomp/ssh-simplified/s3_srvr_1a_true-unreach-call.cil.c Settings:settings/TACASInterpolation2015/SP.epf Toolchain:toolchains/AutomizerC.xml
2014-10-18_23-53-09-929 Finishing test with SUCCESS for Input:svcomp/ssh-simplified/s3_srvr_1a_true-unreach-call.cil.c Settings:settings/TACASInterpolation2015/SP.epf Toolchain:toolchains/AutomizerC.xml: SAFE(Expected:SAFE): ExpectedResult: SAFE UltimateResult: SAFE   [ShortDescription: All specifications hold LongDescription: 2 specifications checked. All of them hold]
2014-10-18_23-53-09-931 ### 69/104 ### Starting test for Input:svcomp/ssh-simplified/s3_srvr_1b_true-unreach-call_false-termination.cil.c Settings:settings/TACASInterpolation2015/SP-IC-LV.epf Toolchain:toolchains/AutomizerC.xml
2014-10-18_23-53-10-050 Finishing test with SUCCESS for Input:svcomp/ssh-simplified/s3_srvr_1b_true-unreach-call_false-termination.cil.c Settings:settings/TACASInterpolation2015/SP-IC-LV.epf Toolchain:toolchains/AutomizerC.xml: SAFE(Expected:SAFE): ExpectedResult: SAFE UltimateResult: SAFE   [ShortDescription: All specifications hold LongDescription: 2 specifications checked. All of them hold]
2014-10-18_23-53-10-051 ### 70/104 ### Starting test for Input:svcomp/ssh-simplified/s3_srvr_1b_true-unreach-call_false-termination.cil.c Settings:settings/TACASInterpolation2015/SP-IC.epf Toolchain:toolchains/AutomizerC.xml
2014-10-18_23-53-10-160 Finishing test with SUCCESS for Input:svcomp/ssh-simplified/s3_srvr_1b_true-unreach-call_false-termination.cil.c Settings:settings/TACASInterpolation2015/SP-IC.epf Toolchain:toolchains/AutomizerC.xml: SAFE(Expected:SAFE): ExpectedResult: SAFE UltimateResult: SAFE   [ShortDescription: All specifications hold LongDescription: 2 specifications checked. All of them hold]
2014-10-18_23-53-10-161 ### 71/104 ### Starting test for Input:svcomp/ssh-simplified/s3_srvr_1b_true-unreach-call_false-termination.cil.c Settings:settings/TACASInterpolation2015/SP-LV.epf Toolchain:toolchains/AutomizerC.xml
2014-10-18_23-53-10-658 Finishing test with SUCCESS for Input:svcomp/ssh-simplified/s3_srvr_1b_true-unreach-call_false-termination.cil.c Settings:settings/TACASInterpolation2015/SP-LV.epf Toolchain:toolchains/AutomizerC.xml: SAFE(Expected:SAFE): ExpectedResult: SAFE UltimateResult: SAFE   [ShortDescription: All specifications hold LongDescription: 2 specifications checked. All of them hold]
2014-10-18_23-53-10-659 ### 72/104 ### Starting test for Input:svcomp/ssh-simplified/s3_srvr_1b_true-unreach-call_false-termination.cil.c Settings:settings/TACASInterpolation2015/SP.epf Toolchain:toolchains/AutomizerC.xml
2014-10-18_23-53-11-176 Finishing test with SUCCESS for Input:svcomp/ssh-simplified/s3_srvr_1b_true-unreach-call_false-termination.cil.c Settings:settings/TACASInterpolation2015/SP.epf Toolchain:toolchains/AutomizerC.xml: SAFE(Expected:SAFE): ExpectedResult: SAFE UltimateResult: SAFE   [ShortDescription: All specifications hold LongDescription: 2 specifications checked. All of them hold]
2014-10-18_23-53-11-177 ### 73/104 ### Starting test for Input:svcomp/ssh-simplified/s3_srvr_2_false-unreach-call.cil.c Settings:settings/TACASInterpolation2015/SP-IC-LV.epf Toolchain:toolchains/AutomizerC.xml
2014-10-18_23-53-11-510 Finishing test with SUCCESS for Input:svcomp/ssh-simplified/s3_srvr_2_false-unreach-call.cil.c Settings:settings/TACASInterpolation2015/SP-IC-LV.epf Toolchain:toolchains/AutomizerC.xml: UNSAFE(Expected:UNSAFE): ExpectedResult: UNSAFE UltimateResult: UNSAFE   a call of __VERIFIER_error() is reachable 
2014-10-18_23-53-11-511 ### 74/104 ### Starting test for Input:svcomp/ssh-simplified/s3_srvr_2_false-unreach-call.cil.c Settings:settings/TACASInterpolation2015/SP-IC.epf Toolchain:toolchains/AutomizerC.xml
2014-10-18_23-53-11-819 Finishing test with SUCCESS for Input:svcomp/ssh-simplified/s3_srvr_2_false-unreach-call.cil.c Settings:settings/TACASInterpolation2015/SP-IC.epf Toolchain:toolchains/AutomizerC.xml: UNSAFE(Expected:UNSAFE): ExpectedResult: UNSAFE UltimateResult: UNSAFE   a call of __VERIFIER_error() is reachable 
2014-10-18_23-53-11-820 ### 75/104 ### Starting test for Input:svcomp/ssh-simplified/s3_srvr_2_false-unreach-call.cil.c Settings:settings/TACASInterpolation2015/SP-LV.epf Toolchain:toolchains/AutomizerC.xml
2014-10-18_23-53-13-043 Finishing test with SUCCESS for Input:svcomp/ssh-simplified/s3_srvr_2_false-unreach-call.cil.c Settings:settings/TACASInterpolation2015/SP-LV.epf Toolchain:toolchains/AutomizerC.xml: UNSAFE(Expected:UNSAFE): ExpectedResult: UNSAFE UltimateResult: UNSAFE   a call of __VERIFIER_error() is reachable 
2014-10-18_23-53-13-044 ### 76/104 ### Starting test for Input:svcomp/ssh-simplified/s3_srvr_2_false-unreach-call.cil.c Settings:settings/TACASInterpolation2015/SP.epf Toolchain:toolchains/AutomizerC.xml
2014-10-18_23-53-51-692 Finishing test with SUCCESS for Input:svcomp/ssh-simplified/s3_srvr_2_false-unreach-call.cil.c Settings:settings/TACASInterpolation2015/SP.epf Toolchain:toolchains/AutomizerC.xml: UNSAFE(Expected:UNSAFE): ExpectedResult: UNSAFE UltimateResult: UNSAFE   a call of __VERIFIER_error() is reachable 
2014-10-18_23-53-51-693 ### 77/104 ### Starting test for Input:svcomp/ssh-simplified/s3_srvr_2_true-unreach-call.cil.c Settings:settings/TACASInterpolation2015/SP-IC-LV.epf Toolchain:toolchains/AutomizerC.xml
2014-10-18_23-53-52-477 Finishing test with SUCCESS for Input:svcomp/ssh-simplified/s3_srvr_2_true-unreach-call.cil.c Settings:settings/TACASInterpolation2015/SP-IC-LV.epf Toolchain:toolchains/AutomizerC.xml: SAFE(Expected:SAFE): ExpectedResult: SAFE UltimateResult: SAFE   [ShortDescription: All specifications hold LongDescription: 2 specifications checked. All of them hold]
2014-10-18_23-53-52-478 ### 78/104 ### Starting test for Input:svcomp/ssh-simplified/s3_srvr_2_true-unreach-call.cil.c Settings:settings/TACASInterpolation2015/SP-IC.epf Toolchain:toolchains/AutomizerC.xml
2014-10-18_23-53-53-291 Finishing test with SUCCESS for Input:svcomp/ssh-simplified/s3_srvr_2_true-unreach-call.cil.c Settings:settings/TACASInterpolation2015/SP-IC.epf Toolchain:toolchains/AutomizerC.xml: SAFE(Expected:SAFE): ExpectedResult: SAFE UltimateResult: SAFE   [ShortDescription: All specifications hold LongDescription: 2 specifications checked. All of them hold]
2014-10-18_23-53-53-292 ### 79/104 ### Starting test for Input:svcomp/ssh-simplified/s3_srvr_2_true-unreach-call.cil.c Settings:settings/TACASInterpolation2015/SP-LV.epf Toolchain:toolchains/AutomizerC.xml
2014-10-18_23-58-53-380 Finishing test with UNKNOWN for Input:svcomp/ssh-simplified/s3_srvr_2_true-unreach-call.cil.c Settings:settings/TACASInterpolation2015/SP-LV.epf Toolchain:toolchains/AutomizerC.xml: TIMEOUT(Expected:SAFE): ExpectedResult: SAFE UltimateResult: TIMEOUT   [ShortDescription: Timeout LongDescription: Unable to prove that all allocated memory was freed (line 846), ShortDescription: Timeout LongDescription: Unable to prove that call of __VERIFIER_error() unreachable (line 840)]
2014-10-18_23-58-53-381 ### 80/104 ### Starting test for Input:svcomp/ssh-simplified/s3_srvr_2_true-unreach-call.cil.c Settings:settings/TACASInterpolation2015/SP.epf Toolchain:toolchains/AutomizerC.xml
2014-10-19_00-03-53-438 Finishing test with UNKNOWN for Input:svcomp/ssh-simplified/s3_srvr_2_true-unreach-call.cil.c Settings:settings/TACASInterpolation2015/SP.epf Toolchain:toolchains/AutomizerC.xml: TIMEOUT(Expected:SAFE): ExpectedResult: SAFE UltimateResult: TIMEOUT   [ShortDescription: Timeout LongDescription: Unable to prove that all allocated memory was freed (line 846), ShortDescription: Timeout LongDescription: Unable to prove that call of __VERIFIER_error() unreachable (line 840)]
2014-10-19_00-03-53-439 ### 81/104 ### Starting test for Input:svcomp/ssh-simplified/s3_srvr_3_true-unreach-call.cil.c Settings:settings/TACASInterpolation2015/SP-IC-LV.epf Toolchain:toolchains/AutomizerC.xml
2014-10-19_00-03-54-189 Finishing test with SUCCESS for Input:svcomp/ssh-simplified/s3_srvr_3_true-unreach-call.cil.c Settings:settings/TACASInterpolation2015/SP-IC-LV.epf Toolchain:toolchains/AutomizerC.xml: SAFE(Expected:SAFE): ExpectedResult: SAFE UltimateResult: SAFE   [ShortDescription: All specifications hold LongDescription: 2 specifications checked. All of them hold]
2014-10-19_00-03-54-190 ### 82/104 ### Starting test for Input:svcomp/ssh-simplified/s3_srvr_3_true-unreach-call.cil.c Settings:settings/TACASInterpolation2015/SP-IC.epf Toolchain:toolchains/AutomizerC.xml
2014-10-19_00-03-54-986 Finishing test with SUCCESS for Input:svcomp/ssh-simplified/s3_srvr_3_true-unreach-call.cil.c Settings:settings/TACASInterpolation2015/SP-IC.epf Toolchain:toolchains/AutomizerC.xml: SAFE(Expected:SAFE): ExpectedResult: SAFE UltimateResult: SAFE   [ShortDescription: All specifications hold LongDescription: 2 specifications checked. All of them hold]
2014-10-19_00-03-54-987 ### 83/104 ### Starting test for Input:svcomp/ssh-simplified/s3_srvr_3_true-unreach-call.cil.c Settings:settings/TACASInterpolation2015/SP-LV.epf Toolchain:toolchains/AutomizerC.xml
2014-10-19_00-08-55-015 Finishing test with UNKNOWN for Input:svcomp/ssh-simplified/s3_srvr_3_true-unreach-call.cil.c Settings:settings/TACASInterpolation2015/SP-LV.epf Toolchain:toolchains/AutomizerC.xml: TIMEOUT(Expected:SAFE): ExpectedResult: SAFE UltimateResult: TIMEOUT   [ShortDescription: Timeout LongDescription: Timout or Toolchain cancelled by user]
2014-10-19_00-08-55-016 ### 84/104 ### Starting test for Input:svcomp/ssh-simplified/s3_srvr_3_true-unreach-call.cil.c Settings:settings/TACASInterpolation2015/SP.epf Toolchain:toolchains/AutomizerC.xml
2014-10-19_00-13-55-058 Finishing test with UNKNOWN for Input:svcomp/ssh-simplified/s3_srvr_3_true-unreach-call.cil.c Settings:settings/TACASInterpolation2015/SP.epf Toolchain:toolchains/AutomizerC.xml: TIMEOUT(Expected:SAFE): ExpectedResult: SAFE UltimateResult: TIMEOUT   [ShortDescription: Timeout LongDescription: Unable to prove that all allocated memory was freed (line 845), ShortDescription: Timeout LongDescription: Unable to prove that call of __VERIFIER_error() unreachable (line 839)]
2014-10-19_00-13-55-059 ### 85/104 ### Starting test for Input:svcomp/ssh-simplified/s3_srvr_4_true-unreach-call.cil.c Settings:settings/TACASInterpolation2015/SP-IC-LV.epf Toolchain:toolchains/AutomizerC.xml
2014-10-19_00-13-55-848 Finishing test with SUCCESS for Input:svcomp/ssh-simplified/s3_srvr_4_true-unreach-call.cil.c Settings:settings/TACASInterpolation2015/SP-IC-LV.epf Toolchain:toolchains/AutomizerC.xml: SAFE(Expected:SAFE): ExpectedResult: SAFE UltimateResult: SAFE   [ShortDescription: All specifications hold LongDescription: 2 specifications checked. All of them hold]
2014-10-19_00-13-55-849 ### 86/104 ### Starting test for Input:svcomp/ssh-simplified/s3_srvr_4_true-unreach-call.cil.c Settings:settings/TACASInterpolation2015/SP-IC.epf Toolchain:toolchains/AutomizerC.xml
2014-10-19_00-13-56-653 Finishing test with SUCCESS for Input:svcomp/ssh-simplified/s3_srvr_4_true-unreach-call.cil.c Settings:settings/TACASInterpolation2015/SP-IC.epf Toolchain:toolchains/AutomizerC.xml: SAFE(Expected:SAFE): ExpectedResult: SAFE UltimateResult: SAFE   [ShortDescription: All specifications hold LongDescription: 2 specifications checked. All of them hold]
2014-10-19_00-13-56-654 ### 87/104 ### Starting test for Input:svcomp/ssh-simplified/s3_srvr_4_true-unreach-call.cil.c Settings:settings/TACASInterpolation2015/SP-LV.epf Toolchain:toolchains/AutomizerC.xml
2014-10-19_00-18-56-803 Finishing test with UNKNOWN for Input:svcomp/ssh-simplified/s3_srvr_4_true-unreach-call.cil.c Settings:settings/TACASInterpolation2015/SP-LV.epf Toolchain:toolchains/AutomizerC.xml: TIMEOUT(Expected:SAFE): ExpectedResult: SAFE UltimateResult: TIMEOUT   [ShortDescription: Timeout LongDescription: Timout or Toolchain cancelled by user]
2014-10-19_00-18-56-804 ### 88/104 ### Starting test for Input:svcomp/ssh-simplified/s3_srvr_4_true-unreach-call.cil.c Settings:settings/TACASInterpolation2015/SP.epf Toolchain:toolchains/AutomizerC.xml
2014-10-19_00-23-56-847 Finishing test with UNKNOWN for Input:svcomp/ssh-simplified/s3_srvr_4_true-unreach-call.cil.c Settings:settings/TACASInterpolation2015/SP.epf Toolchain:toolchains/AutomizerC.xml: TIMEOUT(Expected:SAFE): ExpectedResult: SAFE UltimateResult: TIMEOUT   [ShortDescription: Timeout LongDescription: Unable to prove that call of __VERIFIER_error() unreachable (line 840), ShortDescription: Timeout LongDescription: Unable to prove that all allocated memory was freed (line 846)]
2014-10-19_00-23-56-848 ### 89/104 ### Starting test for Input:svcomp/ssh-simplified/s3_srvr_6_false-unreach-call.cil.c Settings:settings/TACASInterpolation2015/SP-IC-LV.epf Toolchain:toolchains/AutomizerC.xml
2014-10-19_00-23-57-021 Finishing test with SUCCESS for Input:svcomp/ssh-simplified/s3_srvr_6_false-unreach-call.cil.c Settings:settings/TACASInterpolation2015/SP-IC-LV.epf Toolchain:toolchains/AutomizerC.xml: UNSAFE(Expected:UNSAFE): ExpectedResult: UNSAFE UltimateResult: UNSAFE   a call of __VERIFIER_error() is reachable 
2014-10-19_00-23-57-022 ### 90/104 ### Starting test for Input:svcomp/ssh-simplified/s3_srvr_6_false-unreach-call.cil.c Settings:settings/TACASInterpolation2015/SP-IC.epf Toolchain:toolchains/AutomizerC.xml
2014-10-19_00-23-57-190 Finishing test with SUCCESS for Input:svcomp/ssh-simplified/s3_srvr_6_false-unreach-call.cil.c Settings:settings/TACASInterpolation2015/SP-IC.epf Toolchain:toolchains/AutomizerC.xml: UNSAFE(Expected:UNSAFE): ExpectedResult: UNSAFE UltimateResult: UNSAFE   a call of __VERIFIER_error() is reachable 
2014-10-19_00-23-57-190 ### 91/104 ### Starting test for Input:svcomp/ssh-simplified/s3_srvr_6_false-unreach-call.cil.c Settings:settings/TACASInterpolation2015/SP-LV.epf Toolchain:toolchains/AutomizerC.xml
2014-10-19_00-23-57-365 Finishing test with SUCCESS for Input:svcomp/ssh-simplified/s3_srvr_6_false-unreach-call.cil.c Settings:settings/TACASInterpolation2015/SP-LV.epf Toolchain:toolchains/AutomizerC.xml: UNSAFE(Expected:UNSAFE): ExpectedResult: UNSAFE UltimateResult: UNSAFE   a call of __VERIFIER_error() is reachable 
2014-10-19_00-23-57-366 ### 92/104 ### Starting test for Input:svcomp/ssh-simplified/s3_srvr_6_false-unreach-call.cil.c Settings:settings/TACASInterpolation2015/SP.epf Toolchain:toolchains/AutomizerC.xml
2014-10-19_00-23-57-531 Finishing test with SUCCESS for Input:svcomp/ssh-simplified/s3_srvr_6_false-unreach-call.cil.c Settings:settings/TACASInterpolation2015/SP.epf Toolchain:toolchains/AutomizerC.xml: UNSAFE(Expected:UNSAFE): ExpectedResult: UNSAFE UltimateResult: UNSAFE   a call of __VERIFIER_error() is reachable 
2014-10-19_00-23-57-532 ### 93/104 ### Starting test for Input:svcomp/ssh-simplified/s3_srvr_6_true-unreach-call.cil.c Settings:settings/TACASInterpolation2015/SP-IC-LV.epf Toolchain:toolchains/AutomizerC.xml
2014-10-19_00-23-58-634 Finishing test with SUCCESS for Input:svcomp/ssh-simplified/s3_srvr_6_true-unreach-call.cil.c Settings:settings/TACASInterpolation2015/SP-IC-LV.epf Toolchain:toolchains/AutomizerC.xml: SAFE(Expected:SAFE): ExpectedResult: SAFE UltimateResult: SAFE   [ShortDescription: All specifications hold LongDescription: 2 specifications checked. All of them hold]
2014-10-19_00-23-58-635 ### 94/104 ### Starting test for Input:svcomp/ssh-simplified/s3_srvr_6_true-unreach-call.cil.c Settings:settings/TACASInterpolation2015/SP-IC.epf Toolchain:toolchains/AutomizerC.xml
2014-10-19_00-23-59-700 Finishing test with SUCCESS for Input:svcomp/ssh-simplified/s3_srvr_6_true-unreach-call.cil.c Settings:settings/TACASInterpolation2015/SP-IC.epf Toolchain:toolchains/AutomizerC.xml: SAFE(Expected:SAFE): ExpectedResult: SAFE UltimateResult: SAFE   [ShortDescription: All specifications hold LongDescription: 2 specifications checked. All of them hold]
2014-10-19_00-23-59-700 ### 95/104 ### Starting test for Input:svcomp/ssh-simplified/s3_srvr_6_true-unreach-call.cil.c Settings:settings/TACASInterpolation2015/SP-LV.epf Toolchain:toolchains/AutomizerC.xml
2014-10-19_00-28-59-955 Finishing test with UNKNOWN for Input:svcomp/ssh-simplified/s3_srvr_6_true-unreach-call.cil.c Settings:settings/TACASInterpolation2015/SP-LV.epf Toolchain:toolchains/AutomizerC.xml: TIMEOUT(Expected:SAFE): ExpectedResult: SAFE UltimateResult: TIMEOUT   [ShortDescription: Timeout LongDescription: Timout or Toolchain cancelled by user]
2014-10-19_00-28-59-956 ### 96/104 ### Starting test for Input:svcomp/ssh-simplified/s3_srvr_6_true-unreach-call.cil.c Settings:settings/TACASInterpolation2015/SP.epf Toolchain:toolchains/AutomizerC.xml
2014-10-19_00-34-00-094 Finishing test with UNKNOWN for Input:svcomp/ssh-simplified/s3_srvr_6_true-unreach-call.cil.c Settings:settings/TACASInterpolation2015/SP.epf Toolchain:toolchains/AutomizerC.xml: TIMEOUT(Expected:SAFE): ExpectedResult: SAFE UltimateResult: TIMEOUT   [ShortDescription: Timeout LongDescription: Timout or Toolchain cancelled by user]
2014-10-19_00-34-00-095 ### 97/104 ### Starting test for Input:svcomp/ssh-simplified/s3_srvr_7_true-unreach-call.cil.c Settings:settings/TACASInterpolation2015/SP-IC-LV.epf Toolchain:toolchains/AutomizerC.xml
2014-10-19_00-34-01-126 Finishing test with SUCCESS for Input:svcomp/ssh-simplified/s3_srvr_7_true-unreach-call.cil.c Settings:settings/TACASInterpolation2015/SP-IC-LV.epf Toolchain:toolchains/AutomizerC.xml: SAFE(Expected:SAFE): ExpectedResult: SAFE UltimateResult: SAFE   [ShortDescription: All specifications hold LongDescription: 2 specifications checked. All of them hold]
2014-10-19_00-34-01-126 ### 98/104 ### Starting test for Input:svcomp/ssh-simplified/s3_srvr_7_true-unreach-call.cil.c Settings:settings/TACASInterpolation2015/SP-IC.epf Toolchain:toolchains/AutomizerC.xml
2014-10-19_00-34-02-584 Finishing test with SUCCESS for Input:svcomp/ssh-simplified/s3_srvr_7_true-unreach-call.cil.c Settings:settings/TACASInterpolation2015/SP-IC.epf Toolchain:toolchains/AutomizerC.xml: SAFE(Expected:SAFE): ExpectedResult: SAFE UltimateResult: SAFE   [ShortDescription: All specifications hold LongDescription: 2 specifications checked. All of them hold]
2014-10-19_00-34-02-585 ### 99/104 ### Starting test for Input:svcomp/ssh-simplified/s3_srvr_7_true-unreach-call.cil.c Settings:settings/TACASInterpolation2015/SP-LV.epf Toolchain:toolchains/AutomizerC.xml
2014-10-19_00-39-02-728 Finishing test with UNKNOWN for Input:svcomp/ssh-simplified/s3_srvr_7_true-unreach-call.cil.c Settings:settings/TACASInterpolation2015/SP-LV.epf Toolchain:toolchains/AutomizerC.xml: TIMEOUT(Expected:SAFE): ExpectedResult: SAFE UltimateResult: TIMEOUT   [ShortDescription: Timeout LongDescription: Unable to prove that all allocated memory was freed (line 871), ShortDescription: Timeout LongDescription: Unable to prove that call of __VERIFIER_error() unreachable (line 865)]
2014-10-19_00-39-02-729 ### 100/104 ### Starting test for Input:svcomp/ssh-simplified/s3_srvr_7_true-unreach-call.cil.c Settings:settings/TACASInterpolation2015/SP.epf Toolchain:toolchains/AutomizerC.xml
2014-10-19_00-44-02-779 Finishing test with UNKNOWN for Input:svcomp/ssh-simplified/s3_srvr_7_true-unreach-call.cil.c Settings:settings/TACASInterpolation2015/SP.epf Toolchain:toolchains/AutomizerC.xml: TIMEOUT(Expected:SAFE): ExpectedResult: SAFE UltimateResult: TIMEOUT   [ShortDescription: Timeout LongDescription: Unable to prove that all allocated memory was freed (line 871), ShortDescription: Timeout LongDescription: Unable to prove that call of __VERIFIER_error() unreachable (line 865)]
2014-10-19_00-44-02-780 ### 101/104 ### Starting test for Input:svcomp/ssh-simplified/s3_srvr_8_true-unreach-call.cil.c Settings:settings/TACASInterpolation2015/SP-IC-LV.epf Toolchain:toolchains/AutomizerC.xml
2014-10-19_00-44-03-517 Finishing test with SUCCESS for Input:svcomp/ssh-simplified/s3_srvr_8_true-unreach-call.cil.c Settings:settings/TACASInterpolation2015/SP-IC-LV.epf Toolchain:toolchains/AutomizerC.xml: SAFE(Expected:SAFE): ExpectedResult: SAFE UltimateResult: SAFE   [ShortDescription: All specifications hold LongDescription: 2 specifications checked. All of them hold]
2014-10-19_00-44-03-518 ### 102/104 ### Starting test for Input:svcomp/ssh-simplified/s3_srvr_8_true-unreach-call.cil.c Settings:settings/TACASInterpolation2015/SP-IC.epf Toolchain:toolchains/AutomizerC.xml
2014-10-19_00-44-04-237 Finishing test with SUCCESS for Input:svcomp/ssh-simplified/s3_srvr_8_true-unreach-call.cil.c Settings:settings/TACASInterpolation2015/SP-IC.epf Toolchain:toolchains/AutomizerC.xml: SAFE(Expected:SAFE): ExpectedResult: SAFE UltimateResult: SAFE   [ShortDescription: All specifications hold LongDescription: 2 specifications checked. All of them hold]
2014-10-19_00-44-04-238 ### 103/104 ### Starting test for Input:svcomp/ssh-simplified/s3_srvr_8_true-unreach-call.cil.c Settings:settings/TACASInterpolation2015/SP-LV.epf Toolchain:toolchains/AutomizerC.xml
2014-10-19_00-49-04-298 Finishing test with UNKNOWN for Input:svcomp/ssh-simplified/s3_srvr_8_true-unreach-call.cil.c Settings:settings/TACASInterpolation2015/SP-LV.epf Toolchain:toolchains/AutomizerC.xml: TIMEOUT(Expected:SAFE): ExpectedResult: SAFE UltimateResult: TIMEOUT   [ShortDescription: Timeout LongDescription: Unable to prove that call of __VERIFIER_error() unreachable (line 875), ShortDescription: Timeout LongDescription: Unable to prove that all allocated memory was freed (line 881)]
2014-10-19_00-49-04-299 ### 104/104 ### Starting test for Input:svcomp/ssh-simplified/s3_srvr_8_true-unreach-call.cil.c Settings:settings/TACASInterpolation2015/SP.epf Toolchain:toolchains/AutomizerC.xml
2014-10-19_00-54-04-341 Finishing test with UNKNOWN for Input:svcomp/ssh-simplified/s3_srvr_8_true-unreach-call.cil.c Settings:settings/TACASInterpolation2015/SP.epf Toolchain:toolchains/AutomizerC.xml: TIMEOUT(Expected:SAFE): ExpectedResult: SAFE UltimateResult: TIMEOUT   [ShortDescription: Timeout LongDescription: Unable to prove that call of __VERIFIER_error() unreachable (line 875), ShortDescription: Timeout LongDescription: Unable to prove that all allocated memory was freed (line 881)]
