2014-10-18_21-39-59-101 First run of IncrementalLogWithVMParameters
	Parameters: heapMaxSize=5,7 GB
2014-10-18_21-39-59-101 ### 1/52 ### Starting test for Input:svcomp\locks\test_locks_10_true-unreach-call.c Settings:settings\TACASInterpolation2015\SP-IC-LV.epf Toolchain:toolchains\AutomizerC.xml
2014-10-18_21-40-03-167 Finishing test with SUCCESS for Input:svcomp\locks\test_locks_10_true-unreach-call.c Settings:settings\TACASInterpolation2015\SP-IC-LV.epf Toolchain:toolchains\AutomizerC.xml: SAFE(Expected:SAFE): ExpectedResult: SAFE UltimateResult: SAFE   [ShortDescription: All specifications hold LongDescription: 1 specifications checked. All of them hold]
2014-10-18_21-40-03-167 ### 2/52 ### Starting test for Input:svcomp\locks\test_locks_10_true-unreach-call.c Settings:settings\TACASInterpolation2015\SP-IC.epf Toolchain:toolchains\AutomizerC.xml
2014-10-18_21-40-03-589 Finishing test with SUCCESS for Input:svcomp\locks\test_locks_10_true-unreach-call.c Settings:settings\TACASInterpolation2015\SP-IC.epf Toolchain:toolchains\AutomizerC.xml: SAFE(Expected:SAFE): ExpectedResult: SAFE UltimateResult: SAFE   [ShortDescription: All specifications hold LongDescription: 1 specifications checked. All of them hold]
2014-10-18_21-40-03-589 ### 3/52 ### Starting test for Input:svcomp\locks\test_locks_10_true-unreach-call.c Settings:settings\TACASInterpolation2015\SP-LV.epf Toolchain:toolchains\AutomizerC.xml
2014-10-18_21-45-04-034 Finishing test with UNKNOWN for Input:svcomp\locks\test_locks_10_true-unreach-call.c Settings:settings\TACASInterpolation2015\SP-LV.epf Toolchain:toolchains\AutomizerC.xml: TIMEOUT(Expected:SAFE): ExpectedResult: SAFE UltimateResult: TIMEOUT   [ShortDescription: Timeout LongDescription: Timout or Toolchain cancelled by user]
2014-10-18_21-45-04-034 ### 4/52 ### Starting test for Input:svcomp\locks\test_locks_10_true-unreach-call.c Settings:settings\TACASInterpolation2015\SP.epf Toolchain:toolchains\AutomizerC.xml
2014-10-18_21-50-04-136 Finishing test with UNKNOWN for Input:svcomp\locks\test_locks_10_true-unreach-call.c Settings:settings\TACASInterpolation2015\SP.epf Toolchain:toolchains\AutomizerC.xml: TIMEOUT(Expected:SAFE): ExpectedResult: SAFE UltimateResult: TIMEOUT   [ShortDescription: Timeout LongDescription: Timout or Toolchain cancelled by user]
2014-10-18_21-50-04-136 ### 5/52 ### Starting test for Input:svcomp\locks\test_locks_11_true-unreach-call_false-termination.c Settings:settings\TACASInterpolation2015\SP-IC-LV.epf Toolchain:toolchains\AutomizerC.xml
2014-10-18_21-50-04-386 Finishing test with SUCCESS for Input:svcomp\locks\test_locks_11_true-unreach-call_false-termination.c Settings:settings\TACASInterpolation2015\SP-IC-LV.epf Toolchain:toolchains\AutomizerC.xml: SAFE(Expected:SAFE): ExpectedResult: SAFE UltimateResult: SAFE   [ShortDescription: All specifications hold LongDescription: 1 specifications checked. All of them hold]
2014-10-18_21-50-04-386 ### 6/52 ### Starting test for Input:svcomp\locks\test_locks_11_true-unreach-call_false-termination.c Settings:settings\TACASInterpolation2015\SP-IC.epf Toolchain:toolchains\AutomizerC.xml
2014-10-18_21-50-04-652 Finishing test with SUCCESS for Input:svcomp\locks\test_locks_11_true-unreach-call_false-termination.c Settings:settings\TACASInterpolation2015\SP-IC.epf Toolchain:toolchains\AutomizerC.xml: SAFE(Expected:SAFE): ExpectedResult: SAFE UltimateResult: SAFE   [ShortDescription: All specifications hold LongDescription: 1 specifications checked. All of them hold]
2014-10-18_21-50-04-652 ### 7/52 ### Starting test for Input:svcomp\locks\test_locks_11_true-unreach-call_false-termination.c Settings:settings\TACASInterpolation2015\SP-LV.epf Toolchain:toolchains\AutomizerC.xml
2014-10-18_22-35-08-490 Finishing test with FAIL for Input:svcomp\locks\test_locks_11_true-unreach-call_false-termination.c Settings:settings\TACASInterpolation2015\SP-LV.epf Toolchain:toolchains\AutomizerC.xml: EXCEPTION_OR_ERROR(Expected:SAFE): ExpectedResult: SAFE UltimateResult: EXCEPTION_OR_ERROR   [ShortDescription: OutOfMemoryError LongDescription: java.lang.OutOfMemoryError: Java heap space]
2014-10-18_22-35-09-005 ### 8/52 ### Starting test for Input:svcomp\locks\test_locks_11_true-unreach-call_false-termination.c Settings:settings\TACASInterpolation2015\SP.epf Toolchain:toolchains\AutomizerC.xml
2014-10-18_22-40-12-763 Finishing test with UNKNOWN for Input:svcomp\locks\test_locks_11_true-unreach-call_false-termination.c Settings:settings\TACASInterpolation2015\SP.epf Toolchain:toolchains\AutomizerC.xml: TIMEOUT(Expected:SAFE): ExpectedResult: SAFE UltimateResult: TIMEOUT   [ShortDescription: Timeout LongDescription: Timout or Toolchain cancelled by user]
2014-10-18_22-40-12-763 ### 9/52 ### Starting test for Input:svcomp\locks\test_locks_12_true-unreach-call_false-termination.c Settings:settings\TACASInterpolation2015\SP-IC-LV.epf Toolchain:toolchains\AutomizerC.xml
2014-10-18_22-40-13-404 Finishing test with SUCCESS for Input:svcomp\locks\test_locks_12_true-unreach-call_false-termination.c Settings:settings\TACASInterpolation2015\SP-IC-LV.epf Toolchain:toolchains\AutomizerC.xml: SAFE(Expected:SAFE): ExpectedResult: SAFE UltimateResult: SAFE   [ShortDescription: All specifications hold LongDescription: 1 specifications checked. All of them hold]
2014-10-18_22-40-13-404 ### 10/52 ### Starting test for Input:svcomp\locks\test_locks_12_true-unreach-call_false-termination.c Settings:settings\TACASInterpolation2015\SP-IC.epf Toolchain:toolchains\AutomizerC.xml
2014-10-18_22-40-13-904 Finishing test with SUCCESS for Input:svcomp\locks\test_locks_12_true-unreach-call_false-termination.c Settings:settings\TACASInterpolation2015\SP-IC.epf Toolchain:toolchains\AutomizerC.xml: SAFE(Expected:SAFE): ExpectedResult: SAFE UltimateResult: SAFE   [ShortDescription: All specifications hold LongDescription: 1 specifications checked. All of them hold]
2014-10-18_22-40-13-904 ### 11/52 ### Starting test for Input:svcomp\locks\test_locks_12_true-unreach-call_false-termination.c Settings:settings\TACASInterpolation2015\SP-LV.epf Toolchain:toolchains\AutomizerC.xml
2014-10-18_23-05-29-693 Finishing test with FAIL for Input:svcomp\locks\test_locks_12_true-unreach-call_false-termination.c Settings:settings\TACASInterpolation2015\SP-LV.epf Toolchain:toolchains\AutomizerC.xml: EXCEPTION_OR_ERROR(Expected:SAFE): ExpectedResult: SAFE UltimateResult: EXCEPTION_OR_ERROR   [ShortDescription: OutOfMemoryError LongDescription: java.lang.OutOfMemoryError: Java heap space]
2014-10-18_23-05-29-708 ### 12/52 ### Starting test for Input:svcomp\locks\test_locks_12_true-unreach-call_false-termination.c Settings:settings\TACASInterpolation2015\SP.epf Toolchain:toolchains\AutomizerC.xml
2014-10-18_23-14-40-602 Finishing test with FAIL for Input:svcomp\locks\test_locks_12_true-unreach-call_false-termination.c Settings:settings\TACASInterpolation2015\SP.epf Toolchain:toolchains\AutomizerC.xml: EXCEPTION_OR_ERROR(Expected:SAFE): ExpectedResult: SAFE UltimateResult: EXCEPTION_OR_ERROR   [ShortDescription: OutOfMemoryError LongDescription: java.lang.OutOfMemoryError: Java heap space]
2014-10-18_23-14-40-602 ### 13/52 ### Starting test for Input:svcomp\locks\test_locks_13_true-unreach-call.c Settings:settings\TACASInterpolation2015\SP-IC-LV.epf Toolchain:toolchains\AutomizerC.xml
2014-10-18_23-14-41-305 Finishing test with SUCCESS for Input:svcomp\locks\test_locks_13_true-unreach-call.c Settings:settings\TACASInterpolation2015\SP-IC-LV.epf Toolchain:toolchains\AutomizerC.xml: SAFE(Expected:SAFE): ExpectedResult: SAFE UltimateResult: SAFE   [ShortDescription: All specifications hold LongDescription: 1 specifications checked. All of them hold]
2014-10-18_23-14-41-305 ### 14/52 ### Starting test for Input:svcomp\locks\test_locks_13_true-unreach-call.c Settings:settings\TACASInterpolation2015\SP-IC.epf Toolchain:toolchains\AutomizerC.xml
2014-10-18_23-14-41-821 Finishing test with SUCCESS for Input:svcomp\locks\test_locks_13_true-unreach-call.c Settings:settings\TACASInterpolation2015\SP-IC.epf Toolchain:toolchains\AutomizerC.xml: SAFE(Expected:SAFE): ExpectedResult: SAFE UltimateResult: SAFE   [ShortDescription: All specifications hold LongDescription: 1 specifications checked. All of them hold]
2014-10-18_23-14-41-821 ### 15/52 ### Starting test for Input:svcomp\locks\test_locks_13_true-unreach-call.c Settings:settings\TACASInterpolation2015\SP-LV.epf Toolchain:toolchains\AutomizerC.xml
2014-10-18_23-39-32-255 Finishing test with FAIL for Input:svcomp\locks\test_locks_13_true-unreach-call.c Settings:settings\TACASInterpolation2015\SP-LV.epf Toolchain:toolchains\AutomizerC.xml: EXCEPTION_OR_ERROR(Expected:SAFE): ExpectedResult: SAFE UltimateResult: EXCEPTION_OR_ERROR   [ShortDescription: OutOfMemoryError LongDescription: java.lang.OutOfMemoryError: Java heap space]
2014-10-18_23-39-32-286 ### 16/52 ### Starting test for Input:svcomp\locks\test_locks_13_true-unreach-call.c Settings:settings\TACASInterpolation2015\SP.epf Toolchain:toolchains\AutomizerC.xml
2014-10-18_23-55-56-525 Finishing test with FAIL for Input:svcomp\locks\test_locks_13_true-unreach-call.c Settings:settings\TACASInterpolation2015\SP.epf Toolchain:toolchains\AutomizerC.xml: EXCEPTION_OR_ERROR(Expected:SAFE): ExpectedResult: SAFE UltimateResult: EXCEPTION_OR_ERROR   [ShortDescription: OutOfMemoryError LongDescription: java.lang.OutOfMemoryError: Java heap space]
2014-10-18_23-55-56-556 ### 17/52 ### Starting test for Input:svcomp\locks\test_locks_14_false-unreach-call.c Settings:settings\TACASInterpolation2015\SP-IC-LV.epf Toolchain:toolchains\AutomizerC.xml
2014-10-18_23-55-57-275 Finishing test with SUCCESS for Input:svcomp\locks\test_locks_14_false-unreach-call.c Settings:settings\TACASInterpolation2015\SP-IC-LV.epf Toolchain:toolchains\AutomizerC.xml: UNSAFE(Expected:UNSAFE): ExpectedResult: UNSAFE UltimateResult: UNSAFE   a call of __VERIFIER_error() is reachable 
2014-10-18_23-55-57-275 ### 18/52 ### Starting test for Input:svcomp\locks\test_locks_14_false-unreach-call.c Settings:settings\TACASInterpolation2015\SP-IC.epf Toolchain:toolchains\AutomizerC.xml
2014-10-18_23-55-57-572 Finishing test with SUCCESS for Input:svcomp\locks\test_locks_14_false-unreach-call.c Settings:settings\TACASInterpolation2015\SP-IC.epf Toolchain:toolchains\AutomizerC.xml: UNSAFE(Expected:UNSAFE): ExpectedResult: UNSAFE UltimateResult: UNSAFE   a call of __VERIFIER_error() is reachable 
2014-10-18_23-55-57-572 ### 19/52 ### Starting test for Input:svcomp\locks\test_locks_14_false-unreach-call.c Settings:settings\TACASInterpolation2015\SP-LV.epf Toolchain:toolchains\AutomizerC.xml
2014-10-19_00-06-04-075 Finishing test with FAIL for Input:svcomp\locks\test_locks_14_false-unreach-call.c Settings:settings\TACASInterpolation2015\SP-LV.epf Toolchain:toolchains\AutomizerC.xml: EXCEPTION_OR_ERROR(Expected:UNSAFE): ExpectedResult: UNSAFE UltimateResult: EXCEPTION_OR_ERROR   [ShortDescription: OutOfMemoryError LongDescription: java.lang.OutOfMemoryError: Java heap space]
2014-10-19_00-06-04-075 ### 20/52 ### Starting test for Input:svcomp\locks\test_locks_14_false-unreach-call.c Settings:settings\TACASInterpolation2015\SP.epf Toolchain:toolchains\AutomizerC.xml
2014-10-19_00-06-04-653 Finishing test with SUCCESS for Input:svcomp\locks\test_locks_14_false-unreach-call.c Settings:settings\TACASInterpolation2015\SP.epf Toolchain:toolchains\AutomizerC.xml: UNSAFE(Expected:UNSAFE): ExpectedResult: UNSAFE UltimateResult: UNSAFE   a call of __VERIFIER_error() is reachable 
2014-10-19_00-06-04-653 ### 21/52 ### Starting test for Input:svcomp\locks\test_locks_14_true-unreach-call.c Settings:settings\TACASInterpolation2015\SP-IC-LV.epf Toolchain:toolchains\AutomizerC.xml
2014-10-19_00-06-05-216 Finishing test with SUCCESS for Input:svcomp\locks\test_locks_14_true-unreach-call.c Settings:settings\TACASInterpolation2015\SP-IC-LV.epf Toolchain:toolchains\AutomizerC.xml: SAFE(Expected:SAFE): ExpectedResult: SAFE UltimateResult: SAFE   [ShortDescription: All specifications hold LongDescription: 1 specifications checked. All of them hold]
2014-10-19_00-06-05-216 ### 22/52 ### Starting test for Input:svcomp\locks\test_locks_14_true-unreach-call.c Settings:settings\TACASInterpolation2015\SP-IC.epf Toolchain:toolchains\AutomizerC.xml
2014-10-19_00-06-05-747 Finishing test with SUCCESS for Input:svcomp\locks\test_locks_14_true-unreach-call.c Settings:settings\TACASInterpolation2015\SP-IC.epf Toolchain:toolchains\AutomizerC.xml: SAFE(Expected:SAFE): ExpectedResult: SAFE UltimateResult: SAFE   [ShortDescription: All specifications hold LongDescription: 1 specifications checked. All of them hold]
2014-10-19_00-06-05-763 ### 23/52 ### Starting test for Input:svcomp\locks\test_locks_14_true-unreach-call.c Settings:settings\TACASInterpolation2015\SP-LV.epf Toolchain:toolchains\AutomizerC.xml
2014-10-19_00-16-53-178 Finishing test with FAIL for Input:svcomp\locks\test_locks_14_true-unreach-call.c Settings:settings\TACASInterpolation2015\SP-LV.epf Toolchain:toolchains\AutomizerC.xml: EXCEPTION_OR_ERROR(Expected:SAFE): ExpectedResult: SAFE UltimateResult: EXCEPTION_OR_ERROR   [ShortDescription: OutOfMemoryError LongDescription: java.lang.OutOfMemoryError: Java heap space]
2014-10-19_00-16-53-194 ### 24/52 ### Starting test for Input:svcomp\locks\test_locks_14_true-unreach-call.c Settings:settings\TACASInterpolation2015\SP.epf Toolchain:toolchains\AutomizerC.xml
2014-10-19_00-28-27-154 Finishing test with FAIL for Input:svcomp\locks\test_locks_14_true-unreach-call.c Settings:settings\TACASInterpolation2015\SP.epf Toolchain:toolchains\AutomizerC.xml: EXCEPTION_OR_ERROR(Expected:SAFE): ExpectedResult: SAFE UltimateResult: EXCEPTION_OR_ERROR   [ShortDescription: OutOfMemoryError LongDescription: java.lang.OutOfMemoryError: Java heap space]
2014-10-19_00-28-27-169 ### 25/52 ### Starting test for Input:svcomp\locks\test_locks_15_false-unreach-call.c Settings:settings\TACASInterpolation2015\SP-IC-LV.epf Toolchain:toolchains\AutomizerC.xml
2014-10-19_00-28-27-435 Finishing test with SUCCESS for Input:svcomp\locks\test_locks_15_false-unreach-call.c Settings:settings\TACASInterpolation2015\SP-IC-LV.epf Toolchain:toolchains\AutomizerC.xml: UNSAFE(Expected:UNSAFE): ExpectedResult: UNSAFE UltimateResult: UNSAFE   a call of __VERIFIER_error() is reachable 
2014-10-19_00-28-27-435 ### 26/52 ### Starting test for Input:svcomp\locks\test_locks_15_false-unreach-call.c Settings:settings\TACASInterpolation2015\SP-IC.epf Toolchain:toolchains\AutomizerC.xml
2014-10-19_00-28-27-607 Finishing test with SUCCESS for Input:svcomp\locks\test_locks_15_false-unreach-call.c Settings:settings\TACASInterpolation2015\SP-IC.epf Toolchain:toolchains\AutomizerC.xml: UNSAFE(Expected:UNSAFE): ExpectedResult: UNSAFE UltimateResult: UNSAFE   a call of __VERIFIER_error() is reachable 
2014-10-19_00-28-27-607 ### 27/52 ### Starting test for Input:svcomp\locks\test_locks_15_false-unreach-call.c Settings:settings\TACASInterpolation2015\SP-LV.epf Toolchain:toolchains\AutomizerC.xml
2014-10-19_00-28-27-826 Finishing test with SUCCESS for Input:svcomp\locks\test_locks_15_false-unreach-call.c Settings:settings\TACASInterpolation2015\SP-LV.epf Toolchain:toolchains\AutomizerC.xml: UNSAFE(Expected:UNSAFE): ExpectedResult: UNSAFE UltimateResult: UNSAFE   a call of __VERIFIER_error() is reachable 
2014-10-19_00-28-27-826 ### 28/52 ### Starting test for Input:svcomp\locks\test_locks_15_false-unreach-call.c Settings:settings\TACASInterpolation2015\SP.epf Toolchain:toolchains\AutomizerC.xml
2014-10-19_00-28-28-498 Finishing test with SUCCESS for Input:svcomp\locks\test_locks_15_false-unreach-call.c Settings:settings\TACASInterpolation2015\SP.epf Toolchain:toolchains\AutomizerC.xml: UNSAFE(Expected:UNSAFE): ExpectedResult: UNSAFE UltimateResult: UNSAFE   a call of __VERIFIER_error() is reachable 
2014-10-19_00-28-28-498 ### 29/52 ### Starting test for Input:svcomp\locks\test_locks_15_true-unreach-call_false-termination.c Settings:settings\TACASInterpolation2015\SP-IC-LV.epf Toolchain:toolchains\AutomizerC.xml
2014-10-19_00-28-29-029 Finishing test with SUCCESS for Input:svcomp\locks\test_locks_15_true-unreach-call_false-termination.c Settings:settings\TACASInterpolation2015\SP-IC-LV.epf Toolchain:toolchains\AutomizerC.xml: SAFE(Expected:SAFE): ExpectedResult: SAFE UltimateResult: SAFE   [ShortDescription: All specifications hold LongDescription: 1 specifications checked. All of them hold]
2014-10-19_00-28-29-029 ### 30/52 ### Starting test for Input:svcomp\locks\test_locks_15_true-unreach-call_false-termination.c Settings:settings\TACASInterpolation2015\SP-IC.epf Toolchain:toolchains\AutomizerC.xml
2014-10-19_00-28-29-513 Finishing test with SUCCESS for Input:svcomp\locks\test_locks_15_true-unreach-call_false-termination.c Settings:settings\TACASInterpolation2015\SP-IC.epf Toolchain:toolchains\AutomizerC.xml: SAFE(Expected:SAFE): ExpectedResult: SAFE UltimateResult: SAFE   [ShortDescription: All specifications hold LongDescription: 1 specifications checked. All of them hold]
2014-10-19_00-28-29-513 ### 31/52 ### Starting test for Input:svcomp\locks\test_locks_15_true-unreach-call_false-termination.c Settings:settings\TACASInterpolation2015\SP-LV.epf Toolchain:toolchains\AutomizerC.xml
2014-10-19_00-51-03-126 Finishing test with FAIL for Input:svcomp\locks\test_locks_15_true-unreach-call_false-termination.c Settings:settings\TACASInterpolation2015\SP-LV.epf Toolchain:toolchains\AutomizerC.xml: EXCEPTION_OR_ERROR(Expected:SAFE): ExpectedResult: SAFE UltimateResult: EXCEPTION_OR_ERROR   [ShortDescription: OutOfMemoryError LongDescription: java.lang.OutOfMemoryError: Java heap space]
2014-10-19_00-51-03-126 ### 32/52 ### Starting test for Input:svcomp\locks\test_locks_15_true-unreach-call_false-termination.c Settings:settings\TACASInterpolation2015\SP.epf Toolchain:toolchains\AutomizerC.xml
2014-10-19_01-07-40-881 Finishing test with FAIL for Input:svcomp\locks\test_locks_15_true-unreach-call_false-termination.c Settings:settings\TACASInterpolation2015\SP.epf Toolchain:toolchains\AutomizerC.xml: EXCEPTION_OR_ERROR(Expected:SAFE): ExpectedResult: SAFE UltimateResult: EXCEPTION_OR_ERROR   [ShortDescription: OutOfMemoryError LongDescription: java.lang.OutOfMemoryError: Java heap space]
2014-10-19_01-07-40-881 ### 33/52 ### Starting test for Input:svcomp\locks\test_locks_5_true-unreach-call_false-termination.c Settings:settings\TACASInterpolation2015\SP-IC-LV.epf Toolchain:toolchains\AutomizerC.xml
2014-10-19_01-07-41-053 Finishing test with SUCCESS for Input:svcomp\locks\test_locks_5_true-unreach-call_false-termination.c Settings:settings\TACASInterpolation2015\SP-IC-LV.epf Toolchain:toolchains\AutomizerC.xml: SAFE(Expected:SAFE): ExpectedResult: SAFE UltimateResult: SAFE   [ShortDescription: All specifications hold LongDescription: 1 specifications checked. All of them hold]
2014-10-19_01-07-41-069 ### 34/52 ### Starting test for Input:svcomp\locks\test_locks_5_true-unreach-call_false-termination.c Settings:settings\TACASInterpolation2015\SP-IC.epf Toolchain:toolchains\AutomizerC.xml
2014-10-19_01-07-41-209 Finishing test with SUCCESS for Input:svcomp\locks\test_locks_5_true-unreach-call_false-termination.c Settings:settings\TACASInterpolation2015\SP-IC.epf Toolchain:toolchains\AutomizerC.xml: SAFE(Expected:SAFE): ExpectedResult: SAFE UltimateResult: SAFE   [ShortDescription: All specifications hold LongDescription: 1 specifications checked. All of them hold]
2014-10-19_01-07-41-209 ### 35/52 ### Starting test for Input:svcomp\locks\test_locks_5_true-unreach-call_false-termination.c Settings:settings\TACASInterpolation2015\SP-LV.epf Toolchain:toolchains\AutomizerC.xml
2014-10-19_01-07-44-131 Finishing test with SUCCESS for Input:svcomp\locks\test_locks_5_true-unreach-call_false-termination.c Settings:settings\TACASInterpolation2015\SP-LV.epf Toolchain:toolchains\AutomizerC.xml: SAFE(Expected:SAFE): ExpectedResult: SAFE UltimateResult: SAFE   [ShortDescription: All specifications hold LongDescription: 1 specifications checked. All of them hold]
2014-10-19_01-07-44-131 ### 36/52 ### Starting test for Input:svcomp\locks\test_locks_5_true-unreach-call_false-termination.c Settings:settings\TACASInterpolation2015\SP.epf Toolchain:toolchains\AutomizerC.xml
2014-10-19_01-07-56-040 Finishing test with SUCCESS for Input:svcomp\locks\test_locks_5_true-unreach-call_false-termination.c Settings:settings\TACASInterpolation2015\SP.epf Toolchain:toolchains\AutomizerC.xml: SAFE(Expected:SAFE): ExpectedResult: SAFE UltimateResult: SAFE   [ShortDescription: All specifications hold LongDescription: 1 specifications checked. All of them hold]
2014-10-19_01-07-56-040 ### 37/52 ### Starting test for Input:svcomp\locks\test_locks_6_true-unreach-call_false-termination.c Settings:settings\TACASInterpolation2015\SP-IC-LV.epf Toolchain:toolchains\AutomizerC.xml
2014-10-19_01-07-56-244 Finishing test with SUCCESS for Input:svcomp\locks\test_locks_6_true-unreach-call_false-termination.c Settings:settings\TACASInterpolation2015\SP-IC-LV.epf Toolchain:toolchains\AutomizerC.xml: SAFE(Expected:SAFE): ExpectedResult: SAFE UltimateResult: SAFE   [ShortDescription: All specifications hold LongDescription: 1 specifications checked. All of them hold]
2014-10-19_01-07-56-244 ### 38/52 ### Starting test for Input:svcomp\locks\test_locks_6_true-unreach-call_false-termination.c Settings:settings\TACASInterpolation2015\SP-IC.epf Toolchain:toolchains\AutomizerC.xml
2014-10-19_01-07-56-478 Finishing test with SUCCESS for Input:svcomp\locks\test_locks_6_true-unreach-call_false-termination.c Settings:settings\TACASInterpolation2015\SP-IC.epf Toolchain:toolchains\AutomizerC.xml: SAFE(Expected:SAFE): ExpectedResult: SAFE UltimateResult: SAFE   [ShortDescription: All specifications hold LongDescription: 1 specifications checked. All of them hold]
2014-10-19_01-07-56-478 ### 39/52 ### Starting test for Input:svcomp\locks\test_locks_6_true-unreach-call_false-termination.c Settings:settings\TACASInterpolation2015\SP-LV.epf Toolchain:toolchains\AutomizerC.xml
2014-10-19_01-08-15-158 Finishing test with SUCCESS for Input:svcomp\locks\test_locks_6_true-unreach-call_false-termination.c Settings:settings\TACASInterpolation2015\SP-LV.epf Toolchain:toolchains\AutomizerC.xml: SAFE(Expected:SAFE): ExpectedResult: SAFE UltimateResult: SAFE   [ShortDescription: All specifications hold LongDescription: 1 specifications checked. All of them hold]
2014-10-19_01-08-15-158 ### 40/52 ### Starting test for Input:svcomp\locks\test_locks_6_true-unreach-call_false-termination.c Settings:settings\TACASInterpolation2015\SP.epf Toolchain:toolchains\AutomizerC.xml
2014-10-19_01-10-00-695 Finishing test with SUCCESS for Input:svcomp\locks\test_locks_6_true-unreach-call_false-termination.c Settings:settings\TACASInterpolation2015\SP.epf Toolchain:toolchains\AutomizerC.xml: SAFE(Expected:SAFE): ExpectedResult: SAFE UltimateResult: SAFE   [ShortDescription: All specifications hold LongDescription: 1 specifications checked. All of them hold]
2014-10-19_01-10-00-695 ### 41/52 ### Starting test for Input:svcomp\locks\test_locks_7_true-unreach-call_false-termination.c Settings:settings\TACASInterpolation2015\SP-IC-LV.epf Toolchain:toolchains\AutomizerC.xml
2014-10-19_01-10-00-960 Finishing test with SUCCESS for Input:svcomp\locks\test_locks_7_true-unreach-call_false-termination.c Settings:settings\TACASInterpolation2015\SP-IC-LV.epf Toolchain:toolchains\AutomizerC.xml: SAFE(Expected:SAFE): ExpectedResult: SAFE UltimateResult: SAFE   [ShortDescription: All specifications hold LongDescription: 1 specifications checked. All of them hold]
2014-10-19_01-10-00-960 ### 42/52 ### Starting test for Input:svcomp\locks\test_locks_7_true-unreach-call_false-termination.c Settings:settings\TACASInterpolation2015\SP-IC.epf Toolchain:toolchains\AutomizerC.xml
2014-10-19_01-10-01-132 Finishing test with SUCCESS for Input:svcomp\locks\test_locks_7_true-unreach-call_false-termination.c Settings:settings\TACASInterpolation2015\SP-IC.epf Toolchain:toolchains\AutomizerC.xml: SAFE(Expected:SAFE): ExpectedResult: SAFE UltimateResult: SAFE   [ShortDescription: All specifications hold LongDescription: 1 specifications checked. All of them hold]
2014-10-19_01-10-01-132 ### 43/52 ### Starting test for Input:svcomp\locks\test_locks_7_true-unreach-call_false-termination.c Settings:settings\TACASInterpolation2015\SP-LV.epf Toolchain:toolchains\AutomizerC.xml
2014-10-19_01-15-31-697 Finishing test with UNKNOWN for Input:svcomp\locks\test_locks_7_true-unreach-call_false-termination.c Settings:settings\TACASInterpolation2015\SP-LV.epf Toolchain:toolchains\AutomizerC.xml: TIMEOUT(Expected:SAFE): ExpectedResult: SAFE UltimateResult: TIMEOUT   [ShortDescription: Timeout LongDescription: Timout or Toolchain cancelled by user]
2014-10-19_01-15-31-697 ### 44/52 ### Starting test for Input:svcomp\locks\test_locks_7_true-unreach-call_false-termination.c Settings:settings\TACASInterpolation2015\SP.epf Toolchain:toolchains\AutomizerC.xml
2014-10-19_01-20-52-889 Finishing test with UNKNOWN for Input:svcomp\locks\test_locks_7_true-unreach-call_false-termination.c Settings:settings\TACASInterpolation2015\SP.epf Toolchain:toolchains\AutomizerC.xml: TIMEOUT(Expected:SAFE): ExpectedResult: SAFE UltimateResult: TIMEOUT   [ShortDescription: Timeout LongDescription: Unable to prove that call of __VERIFIER_error() unreachable (line 119)]
2014-10-19_01-20-52-905 ### 45/52 ### Starting test for Input:svcomp\locks\test_locks_8_true-unreach-call_false-termination.c Settings:settings\TACASInterpolation2015\SP-IC-LV.epf Toolchain:toolchains\AutomizerC.xml
2014-10-19_01-20-53-170 Finishing test with SUCCESS for Input:svcomp\locks\test_locks_8_true-unreach-call_false-termination.c Settings:settings\TACASInterpolation2015\SP-IC-LV.epf Toolchain:toolchains\AutomizerC.xml: SAFE(Expected:SAFE): ExpectedResult: SAFE UltimateResult: SAFE   [ShortDescription: All specifications hold LongDescription: 1 specifications checked. All of them hold]
2014-10-19_01-20-53-186 ### 46/52 ### Starting test for Input:svcomp\locks\test_locks_8_true-unreach-call_false-termination.c Settings:settings\TACASInterpolation2015\SP-IC.epf Toolchain:toolchains\AutomizerC.xml
2014-10-19_01-20-53-358 Finishing test with SUCCESS for Input:svcomp\locks\test_locks_8_true-unreach-call_false-termination.c Settings:settings\TACASInterpolation2015\SP-IC.epf Toolchain:toolchains\AutomizerC.xml: SAFE(Expected:SAFE): ExpectedResult: SAFE UltimateResult: SAFE   [ShortDescription: All specifications hold LongDescription: 1 specifications checked. All of them hold]
2014-10-19_01-20-53-358 ### 47/52 ### Starting test for Input:svcomp\locks\test_locks_8_true-unreach-call_false-termination.c Settings:settings\TACASInterpolation2015\SP-LV.epf Toolchain:toolchains\AutomizerC.xml
2014-10-19_01-25-53-392 Finishing test with UNKNOWN for Input:svcomp\locks\test_locks_8_true-unreach-call_false-termination.c Settings:settings\TACASInterpolation2015\SP-LV.epf Toolchain:toolchains\AutomizerC.xml: TIMEOUT(Expected:SAFE): ExpectedResult: SAFE UltimateResult: TIMEOUT   [ShortDescription: Timeout LongDescription: Timout or Toolchain cancelled by user]
2014-10-19_01-25-53-392 ### 48/52 ### Starting test for Input:svcomp\locks\test_locks_8_true-unreach-call_false-termination.c Settings:settings\TACASInterpolation2015\SP.epf Toolchain:toolchains\AutomizerC.xml
2014-10-19_01-32-12-927 Finishing test with UNKNOWN for Input:svcomp\locks\test_locks_8_true-unreach-call_false-termination.c Settings:settings\TACASInterpolation2015\SP.epf Toolchain:toolchains\AutomizerC.xml: TIMEOUT(Expected:SAFE): ExpectedResult: SAFE UltimateResult: TIMEOUT   [ShortDescription: Timeout LongDescription: Unable to prove that call of __VERIFIER_error() unreachable (line 133)]
2014-10-19_01-32-12-927 ### 49/52 ### Starting test for Input:svcomp\locks\test_locks_9_true-unreach-call.c Settings:settings\TACASInterpolation2015\SP-IC-LV.epf Toolchain:toolchains\AutomizerC.xml
2014-10-19_01-32-13-130 Finishing test with SUCCESS for Input:svcomp\locks\test_locks_9_true-unreach-call.c Settings:settings\TACASInterpolation2015\SP-IC-LV.epf Toolchain:toolchains\AutomizerC.xml: SAFE(Expected:SAFE): ExpectedResult: SAFE UltimateResult: SAFE   [ShortDescription: All specifications hold LongDescription: 1 specifications checked. All of them hold]
2014-10-19_01-32-13-130 ### 50/52 ### Starting test for Input:svcomp\locks\test_locks_9_true-unreach-call.c Settings:settings\TACASInterpolation2015\SP-IC.epf Toolchain:toolchains\AutomizerC.xml
2014-10-19_01-32-13-348 Finishing test with SUCCESS for Input:svcomp\locks\test_locks_9_true-unreach-call.c Settings:settings\TACASInterpolation2015\SP-IC.epf Toolchain:toolchains\AutomizerC.xml: SAFE(Expected:SAFE): ExpectedResult: SAFE UltimateResult: SAFE   [ShortDescription: All specifications hold LongDescription: 1 specifications checked. All of them hold]
2014-10-19_01-32-13-348 ### 51/52 ### Starting test for Input:svcomp\locks\test_locks_9_true-unreach-call.c Settings:settings\TACASInterpolation2015\SP-LV.epf Toolchain:toolchains\AutomizerC.xml
2014-10-19_01-37-13-420 Finishing test with UNKNOWN for Input:svcomp\locks\test_locks_9_true-unreach-call.c Settings:settings\TACASInterpolation2015\SP-LV.epf Toolchain:toolchains\AutomizerC.xml: TIMEOUT(Expected:SAFE): ExpectedResult: SAFE UltimateResult: TIMEOUT   [ShortDescription: Timeout LongDescription: Timout or Toolchain cancelled by user]
2014-10-19_01-37-13-420 ### 52/52 ### Starting test for Input:svcomp\locks\test_locks_9_true-unreach-call.c Settings:settings\TACASInterpolation2015\SP.epf Toolchain:toolchains\AutomizerC.xml
2014-10-19_01-42-13-440 Finishing test with UNKNOWN for Input:svcomp\locks\test_locks_9_true-unreach-call.c Settings:settings\TACASInterpolation2015\SP.epf Toolchain:toolchains\AutomizerC.xml: TIMEOUT(Expected:SAFE): ExpectedResult: SAFE UltimateResult: TIMEOUT   [ShortDescription: Timeout LongDescription: Timout or Toolchain cancelled by user]
