################################# CSV #######################
,Folder,File,Settings,Toolchain,Message,Runtime (ns),Allocated memory end (bytes),Overall iterations,NumberOfCodeBlocks,SizeOfPredicatesFP,SizeOfPredicatesBP,Conjuncts in SSA,Conjuncts in UnsatCore,ICC %
,ssh-simplified,s3_srvr_14_false-unreach-call.cil.c,SP-LV.epf,AutomizerC.xml,ExpectedResult: UNSAFE UltimateResult: UNSAFE   a call of __VERIFIER_error() is reachable ,2063163928.0,707264512,9,0,2863,0,1053,16,0.25
,ssh-simplified,s3_srvr_7_true-unreach-call.cil.c,SP.epf,AutomizerC.xml,ExpectedResult: SAFE UltimateResult: TIMEOUT   [ShortDescription: Timeout LongDescription: Unable to prove that all allocated memory was freed (line 871) ShortDescription: Timeout LongDescription: Unable to prove that call of __VERIFIER_error() unreachable (line 865)],300006453384.0,1028128768,75,0,379094,0,17667,272,0.13167415853524833
,ssh-simplified,s3_srvr_12_false-unreach-call.cil.c,SP.epf,AutomizerC.xml,ExpectedResult: UNSAFE UltimateResult: TIMEOUT   [ShortDescription: Timeout LongDescription: Unable to prove that all allocated memory was freed (line 959) ShortDescription: Timeout LongDescription: Unable to prove that call of __VERIFIER_error() unreachable (line 953)],300027063809.0,5.6623104E+8,94,0,334005,0,19294,237,0.06654991243432574
,ssh-simplified,s3_clnt_2_false-unreach-call_true-termination.cil.c,SP-LV.epf,AutomizerC.xml,ExpectedResult: UNSAFE UltimateResult: UNSAFE   a call of __VERIFIER_error() is reachable ,9825297582,687865856,18,0,8882,0,3358,34,0.5183776932826363
,ssh-simplified,s3_srvr_3_true-unreach-call.cil.c,SP-IC.epf,AutomizerC.xml,ExpectedResult: SAFE UltimateResult: SAFE   [ShortDescription: All specifications hold LongDescription: 2 specifications checked. All of them hold],755334296.0,714604544,17,0,6756,0,5445,43,0.9888782967905942
,ssh-simplified,s3_srvr_7_true-unreach-call.cil.c,SP-IC-LV.epf,AutomizerC.xml,ExpectedResult: SAFE UltimateResult: SAFE   [ShortDescription: All specifications hold LongDescription: 2 specifications checked. All of them hold],1007116958.0,639107072,20,0,7743,0,6077,62,0.8889990982867448
,ssh-simplified,s3_srvr_10_false-unreach-call.cil.c,SP-IC.epf,AutomizerC.xml,ExpectedResult: UNSAFE UltimateResult: UNSAFE   a call of __VERIFIER_error() is reachable ,272819002.0,496500736,9,0,412,0,712,21,1.0
,ssh-simplified,s3_srvr_10_false-unreach-call.cil.c,SP-LV.epf,AutomizerC.xml,ExpectedResult: UNSAFE UltimateResult: UNSAFE   a call of __VERIFIER_error() is reachable ,251626202.0,496500736,3,0,253,0,160,4,1.0
,ssh-simplified,s3_clnt_3_false-unreach-call.cil.c,SP-IC-LV.epf,AutomizerC.xml,ExpectedResult: UNSAFE UltimateResult: UNSAFE   a call of __VERIFIER_error() is reachable ,405393469,4.5088768E+8,9,0,1081,0,1112,24,0.7420924574209246
,ssh-simplified,s3_srvr_1a_true-unreach-call.cil.c,SP-IC.epf,AutomizerC.xml,ExpectedResult: SAFE UltimateResult: SAFE   [ShortDescription: All specifications hold LongDescription: 2 specifications checked. All of them hold],85913871.0,531628032,8,0,396,0,455,21,0.7609756097560976
,ssh-simplified,s3_srvr_2_false-unreach-call.cil.c,SP.epf,AutomizerC.xml,ExpectedResult: UNSAFE UltimateResult: UNSAFE   a call of __VERIFIER_error() is reachable ,38569114668.0,835190784,21,0,58920,0,4254,52,0.20253164556962025
,ssh-simplified,s3_srvr_12_false-unreach-call.cil.c,SP-LV.epf,AutomizerC.xml,ExpectedResult: UNSAFE UltimateResult: EXCEPTION_OR_ERROR   [ShortDescription: SMTLIBException LongDescription: de.uni_freiburg.informatik.ultimate.logic.SMTLIBException: Cannot create quantifier in quantifier-free logic],9556458223.0,587726848,-,-,-,-,-,-,-
,ssh-simplified,s3_clnt_2_true-unreach-call_true-termination.cil.c,SP-IC.epf,AutomizerC.xml,ExpectedResult: SAFE UltimateResult: SAFE   [ShortDescription: All specifications hold LongDescription: 2 specifications checked. All of them hold],865010215.0,5.9506688E+8,18,0,7570,0,8030,58,0.9820170435482789
,ssh-simplified,s3_clnt_3.cil_true-unreach-call_true-termination.c,SP.epf,AutomizerC.xml,ExpectedResult: SAFE UltimateResult: TIMEOUT   [ShortDescription: Timeout LongDescription: Unable to prove that call of __VERIFIER_error() unreachable (line 599)],300000023454.0,417857536,100,0,492122,0,25127,300,0.13171259678627925
,ssh-simplified,s3_clnt_2_false-unreach-call_true-termination.cil.c,SP-IC.epf,AutomizerC.xml,ExpectedResult: UNSAFE UltimateResult: UNSAFE   a call of __VERIFIER_error() is reachable ,342815173.0,478674944,9,0,1169,0,1086,24,0.8247422680412371
,ssh-simplified,s3_srvr_1a_true-unreach-call.cil.c,SP-IC-LV.epf,AutomizerC.xml,ExpectedResult: SAFE UltimateResult: SAFE   [ShortDescription: All specifications hold LongDescription: 2 specifications checked. All of them hold],127897365.0,531628032,8,0,396,0,455,21,0.7609756097560976
,ssh-simplified,s3_srvr_3_true-unreach-call.cil.c,SP.epf,AutomizerC.xml,ExpectedResult: SAFE UltimateResult: TIMEOUT   [ShortDescription: Timeout LongDescription: Unable to prove that all allocated memory was freed (line 845) ShortDescription: Timeout LongDescription: Unable to prove that call of __VERIFIER_error() unreachable (line 839)],300000224335.0,643301376,74,0,375696,0,19729,197,0.18143592978030065
,ssh-simplified,s3_clnt_4_false-unreach-call.cil.c,SP-LV.epf,AutomizerC.xml,ExpectedResult: UNSAFE UltimateResult: UNSAFE   a call of __VERIFIER_error() is reachable ,9928208977.0,661127168,18,0,8882,0,3310,34,0.5183776932826363
,ssh-simplified,s3_srvr_1_false-unreach-call.cil.c,SP-IC-LV.epf,AutomizerC.xml,ExpectedResult: UNSAFE UltimateResult: UNSAFE   a call of __VERIFIER_error() is reachable ,229514348.0,5.4263808E+8,6,0,571,0,618,10,1.0
,ssh-simplified,s3_clnt_1_true-unreach-call.cil.c,SP-IC.epf,AutomizerC.xml,ExpectedResult: SAFE UltimateResult: SAFE   [ShortDescription: All specifications hold LongDescription: 2 specifications checked. All of them hold],1373040979,1493696512,17,0,6666,0,6476,54,0.9687647893989588
,ssh-simplified,s3_clnt_3.cil_true-unreach-call_true-termination.c,SP-LV.epf,AutomizerC.xml,ExpectedResult: SAFE UltimateResult: EXCEPTION_OR_ERROR   [ShortDescription: SMTLIBException LongDescription: de.uni_freiburg.informatik.ultimate.logic.SMTLIBException: Cannot create quantifier in quantifier-free logic],90181274387.0,622854144,-,-,-,-,-,-,-
,ssh-simplified,s3_srvr_1_true-unreach-call.cil.c,SP-LV.epf,AutomizerC.xml,ExpectedResult: SAFE UltimateResult: TIMEOUT   [ShortDescription: Timeout LongDescription: Timout or Toolchain cancelled by user],300045262290.0,691011584,-,-,-,-,-,-,-
,ssh-simplified,s3_srvr_6_true-unreach-call.cil.c,SP-IC-LV.epf,AutomizerC.xml,ExpectedResult: SAFE UltimateResult: SAFE   [ShortDescription: All specifications hold LongDescription: 2 specifications checked. All of them hold],1060132382.0,589299712,19,0,8587,0,6059,70,0.8284906826812682
,ssh-simplified,s3_srvr_11_false-unreach-call.cil.c,SP-LV.epf,AutomizerC.xml,ExpectedResult: UNSAFE UltimateResult: EXCEPTION_OR_ERROR   [ShortDescription: SMTLIBException LongDescription: de.uni_freiburg.informatik.ultimate.logic.SMTLIBException: Cannot create quantifier in quantifier-free logic],131641243607.0,716177408,-,-,-,-,-,-,-
,ssh-simplified,s3_clnt_2_true-unreach-call_true-termination.cil.c,SP-LV.epf,AutomizerC.xml,ExpectedResult: SAFE UltimateResult: TIMEOUT   [ShortDescription: Timeout LongDescription: Unable to prove that all allocated memory was freed (line 763) ShortDescription: Timeout LongDescription: Unable to prove that call of __VERIFIER_error() unreachable (line 757)],300000105089,652214272,73,0,206274,0,36156,157,0.3275167359370538
,ssh-simplified,s3_srvr_2_false-unreach-call.cil.c,SP-IC-LV.epf,AutomizerC.xml,ExpectedResult: UNSAFE UltimateResult: UNSAFE   a call of __VERIFIER_error() is reachable ,222458889.0,728236032,6,0,565,0,651,10,1.0
,ssh-simplified,s3_clnt_1_false-unreach-call.cil.c,SP-IC.epf,AutomizerC.xml,ExpectedResult: UNSAFE UltimateResult: UNSAFE   a call of __VERIFIER_error() is reachable ,1597346010,477626368,8,0,783,0,895,19,0.744927536231884
,ssh-simplified,s3_srvr_13_false-unreach-call.cil.c,SP-IC-LV.epf,AutomizerC.xml,ExpectedResult: UNSAFE UltimateResult: UNSAFE   a call of __VERIFIER_error() is reachable ,640365362.0,452460544,24,0,1940,0,2399,66,0.9888268156424581
,ssh-simplified,s3_srvr_12_false-unreach-call.cil.c,SP-IC.epf,AutomizerC.xml,ExpectedResult: UNSAFE UltimateResult: UNSAFE   a call of __VERIFIER_error() is reachable ,771227988.0,587726848,29,0,3447,0,3682,79,0.9938587512794268
,ssh-simplified,s3_srvr_12_false-unreach-call.cil.c,SP-IC-LV.epf,AutomizerC.xml,ExpectedResult: UNSAFE UltimateResult: UNSAFE   a call of __VERIFIER_error() is reachable ,760354500.0,521142272,30,0,3304,0,3791,82,0.9938587512794268
,ssh-simplified,s3_srvr_6_true-unreach-call.cil.c,SP-IC.epf,AutomizerC.xml,ExpectedResult: SAFE UltimateResult: SAFE   [ShortDescription: All specifications hold LongDescription: 2 specifications checked. All of them hold],1027765446.0,674234368,19,0,9140,0,6059,70,0.8968471253201449
,ssh-simplified,s3_clnt_4_true-unreach-call.cil.c,SP-LV.epf,AutomizerC.xml,ExpectedResult: SAFE UltimateResult: TIMEOUT   [ShortDescription: Timeout LongDescription: Unable to prove that call of __VERIFIER_error() unreachable (line 757) ShortDescription: Timeout LongDescription: Unable to prove that all allocated memory was freed (line 763)],300015157830.0,627048448,74,0,223763,0,38168,159,0.3347725794049802
,ssh-simplified,s3_clnt_2_true-unreach-call_true-termination.cil.c,SP-IC-LV.epf,AutomizerC.xml,ExpectedResult: SAFE UltimateResult: SAFE   [ShortDescription: All specifications hold LongDescription: 2 specifications checked. All of them hold],869155533.0,515899392,18,0,7630,0,8437,57,0.9804836656767076
,ssh-simplified,s3_srvr_3_true-unreach-call.cil.c,SP-LV.epf,AutomizerC.xml,ExpectedResult: SAFE UltimateResult: TIMEOUT   [ShortDescription: Timeout LongDescription: Timout or Toolchain cancelled by user],300003581127.0,714604544,-,-,-,-,-,-,-
,ssh-simplified,s3_srvr_2_false-unreach-call.cil.c,SP-IC.epf,AutomizerC.xml,ExpectedResult: UNSAFE UltimateResult: UNSAFE   a call of __VERIFIER_error() is reachable ,199881869.0,728236032,6,0,565,0,651,10,1.0
,ssh-simplified,s3_srvr_4_true-unreach-call.cil.c,SP-IC.epf,AutomizerC.xml,ExpectedResult: SAFE UltimateResult: SAFE   [ShortDescription: All specifications hold LongDescription: 2 specifications checked. All of them hold],760675153.0,730333184,19,0,8099,0,6362,50,0.9882787525751225
,ssh-simplified,s3_clnt_1_false-unreach-call.cil.c,SP-LV.epf,AutomizerC.xml,ExpectedResult: UNSAFE UltimateResult: UNSAFE   a call of __VERIFIER_error() is reachable ,18076638676,2316304384,18,0,8824,0,3247,34,0.5183776932826363
,ssh-simplified,s3_clnt_2_false-unreach-call_true-termination.cil.c,SP-IC-LV.epf,AutomizerC.xml,ExpectedResult: UNSAFE UltimateResult: UNSAFE   a call of __VERIFIER_error() is reachable ,307798530.0,478674944,8,0,718,0,912,20,0.7888198757763976
,ssh-simplified,s3_srvr_11_false-unreach-call.cil.c,SP-IC.epf,AutomizerC.xml,ExpectedResult: UNSAFE UltimateResult: UNSAFE   a call of __VERIFIER_error() is reachable ,1016035853.0,716177408,39,0,4391,0,4752,107,0.9080756013745704
,ssh-simplified,s3_clnt_1_true-unreach-call.cil.c,SP-IC-LV.epf,AutomizerC.xml,ExpectedResult: SAFE UltimateResult: SAFE   [ShortDescription: All specifications hold LongDescription: 2 specifications checked. All of them hold],1313856695,1288699904,17,0,6128,0,6476,54,0.9013251301467108
,ssh-simplified,s3_srvr_10_false-unreach-call.cil.c,SP.epf,AutomizerC.xml,ExpectedResult: UNSAFE UltimateResult: UNSAFE   a call of __VERIFIER_error() is reachable ,618315038.0,559415296,3,0,884,0,160,4,1.0
,ssh-simplified,s3_srvr_3_true-unreach-call.cil.c,SP-IC-LV.epf,AutomizerC.xml,ExpectedResult: SAFE UltimateResult: SAFE   [ShortDescription: All specifications hold LongDescription: 2 specifications checked. All of them hold],705283671.0,5.6098816E+8,18,0,6683,0,5819,45,0.9757288848812744
,ssh-simplified,s3_clnt_2_true-unreach-call_true-termination.cil.c,SP.epf,AutomizerC.xml,ExpectedResult: SAFE UltimateResult: TIMEOUT   [ShortDescription: Timeout LongDescription: Timout or Toolchain cancelled by user],300404554551.0,652214272,-,-,-,-,-,-,-
,ssh-simplified,s3_clnt_1_false-unreach-call.cil.c,SP-IC-LV.epf,AutomizerC.xml,ExpectedResult: UNSAFE UltimateResult: UNSAFE   a call of __VERIFIER_error() is reachable ,4393348504,378535936,8,0,711,0,879,19,0.7888198757763976
,ssh-simplified,s3_srvr_8_true-unreach-call.cil.c,SP.epf,AutomizerC.xml,ExpectedResult: SAFE UltimateResult: TIMEOUT   [ShortDescription: Timeout LongDescription: Unable to prove that call of __VERIFIER_error() unreachable (line 875) ShortDescription: Timeout LongDescription: Unable to prove that all allocated memory was freed (line 881)],300000994070.0,557842432,74,0,374228,0,20063,194,0.18120593496790488
,ssh-simplified,s3_srvr_4_true-unreach-call.cil.c,SP-LV.epf,AutomizerC.xml,ExpectedResult: SAFE UltimateResult: TIMEOUT   [ShortDescription: Timeout LongDescription: Timout or Toolchain cancelled by user],300116040120.0,730333184,-,-,-,-,-,-,-
,ssh-simplified,s3_clnt_4_false-unreach-call.cil.c,SP.epf,AutomizerC.xml,ExpectedResult: UNSAFE UltimateResult: UNSAFE   a call of __VERIFIER_error() is reachable ,173034884598.0,643825664,51,0,174571,0,11053,130,0.1585772508336421
,ssh-simplified,s3_clnt_3_false-unreach-call.cil.c,SP.epf,AutomizerC.xml,ExpectedResult: UNSAFE UltimateResult: UNSAFE   a call of __VERIFIER_error() is reachable ,266426678665.0,704118784,51,0,220516,0,11465,130,0.1585772508336421
,ssh-simplified,s3_srvr_7_true-unreach-call.cil.c,SP-LV.epf,AutomizerC.xml,ExpectedResult: SAFE UltimateResult: TIMEOUT   [ShortDescription: Timeout LongDescription: Unable to prove that all allocated memory was freed (line 871) ShortDescription: Timeout LongDescription: Unable to prove that call of __VERIFIER_error() unreachable (line 865)],300100778361.0,1048051712,109,0,265134,0,43075,233,0.4949919624088043
,ssh-simplified,s3_srvr_13_false-unreach-call.cil.c,SP-LV.epf,AutomizerC.xml,ExpectedResult: UNSAFE UltimateResult: UNSAFE   a call of __VERIFIER_error() is reachable ,2295699535.0,694157312,11,0,3349,0,1319,23,0.06293706293706294
,ssh-simplified,s3_srvr_13_false-unreach-call.cil.c,SP.epf,AutomizerC.xml,ExpectedResult: UNSAFE UltimateResult: UNSAFE   a call of __VERIFIER_error() is reachable ,169071518009.0,694157312,65,0,196519,0,12837,160,0.10400262467191601
,ssh-simplified,s3_clnt_3_false-unreach-call.cil.c,SP-IC.epf,AutomizerC.xml,ExpectedResult: UNSAFE UltimateResult: UNSAFE   a call of __VERIFIER_error() is reachable ,318441160.0,509607936,8,0,790,0,936,20,0.744927536231884
,ssh-simplified,s3_srvr_14_false-unreach-call.cil.c,SP-IC.epf,AutomizerC.xml,ExpectedResult: UNSAFE UltimateResult: UNSAFE   a call of __VERIFIER_error() is reachable ,438840760.0,554172416,19,0,1391,0,1922,49,1.0
,ssh-simplified,s3_srvr_2_false-unreach-call.cil.c,SP-LV.epf,AutomizerC.xml,ExpectedResult: UNSAFE UltimateResult: UNSAFE   a call of __VERIFIER_error() is reachable ,1115674355.0,786956288,7,0,1680,0,831,12,0.512
,ssh-simplified,s3_clnt_4_true-unreach-call.cil.c,SP.epf,AutomizerC.xml,ExpectedResult: SAFE UltimateResult: TIMEOUT   [ShortDescription: Timeout LongDescription: Unable to prove that all allocated memory was freed (line 763) ShortDescription: Timeout LongDescription: Unable to prove that call of __VERIFIER_error() unreachable (line 757)],300000041845.0,543686656,71,0,308572,0,17802,201,0.17448301329394386
,ssh-simplified,s3_clnt_3.cil_true-unreach-call_true-termination.c,SP-IC-LV.epf,AutomizerC.xml,ExpectedResult: SAFE UltimateResult: SAFE   [ShortDescription: All specifications hold LongDescription: 1 specifications checked. All of them hold],838679565.0,483917824,17,0,7536,0,5822,58,0.9784860557768924
,ssh-simplified,s3_clnt_4_true-unreach-call.cil.c,SP-IC.epf,AutomizerC.xml,ExpectedResult: SAFE UltimateResult: SAFE   [ShortDescription: All specifications hold LongDescription: 2 specifications checked. All of them hold],869218359.0,627048448,18,0,6887,0,6768,56,0.9752182483807378
,ssh-simplified,s3_clnt_3_true-unreach-call.cil.c,SP.epf,AutomizerC.xml,ExpectedResult: SAFE UltimateResult: TIMEOUT   [ShortDescription: Timeout LongDescription: Unable to prove that all allocated memory was freed (line 796) ShortDescription: Timeout LongDescription: Unable to prove that call of __VERIFIER_error() unreachable (line 790)],300022709319.0,648019968,54,0,253071,0,12488,159,0.1342534504391468
,ssh-simplified,s3_srvr_2_true-unreach-call.cil.c,SP-IC-LV.epf,AutomizerC.xml,ExpectedResult: SAFE UltimateResult: SAFE   [ShortDescription: All specifications hold LongDescription: 2 specifications checked. All of them hold],757876821.0,583008256,19,0,7652,0,6725,50,0.9861782570968142
,ssh-simplified,s3_srvr_8_true-unreach-call.cil.c,SP-IC.epf,AutomizerC.xml,ExpectedResult: SAFE UltimateResult: SAFE   [ShortDescription: All specifications hold LongDescription: 2 specifications checked. All of them hold],673863085.0,747634688,17,0,6381,0,5179,44,0.9704824976348155
,ssh-simplified,s3_srvr_14_false-unreach-call.cil.c,SP.epf,AutomizerC.xml,ExpectedResult: UNSAFE UltimateResult: UNSAFE   a call of __VERIFIER_error() is reachable ,11659891873.0,707264512,14,0,17802,0,1868,26,0.25
,ssh-simplified,s3_srvr_2_true-unreach-call.cil.c,SP-IC.epf,AutomizerC.xml,ExpectedResult: SAFE UltimateResult: SAFE   [ShortDescription: All specifications hold LongDescription: 2 specifications checked. All of them hold],768444621.0,657457152,19,0,7857,0,6725,50,0.9897731498698401
,ssh-simplified,s3_clnt_3_true-unreach-call.cil.c,SP-LV.epf,AutomizerC.xml,ExpectedResult: SAFE UltimateResult: TIMEOUT   [ShortDescription: Timeout LongDescription: Timout or Toolchain cancelled by user],300002119267.0,741343232,-,-,-,-,-,-,-
,ssh-simplified,s3_clnt_1_true-unreach-call.cil.c,SP.epf,AutomizerC.xml,ExpectedResult: SAFE UltimateResult: TIMEOUT   [ShortDescription: Timeout LongDescription: Unable to prove that all allocated memory was freed (line 756) ShortDescription: Timeout LongDescription: Unable to prove that call of __VERIFIER_error() unreachable (line 750)],300108491051,483393536,72,0,311502,0,17883,206,0.16938519447929737
,ssh-simplified,s3_clnt_1_false-unreach-call.cil.c,SP.epf,AutomizerC.xml,ExpectedResult: UNSAFE UltimateResult: UNSAFE   a call of __VERIFIER_error() is reachable ,249109682929,2316304384,50,0,166737,0,10519,126,0.16367112810707457
,ssh-simplified,s3_srvr_1_false-unreach-call.cil.c,SP-IC.epf,AutomizerC.xml,ExpectedResult: UNSAFE UltimateResult: UNSAFE   a call of __VERIFIER_error() is reachable ,220366342.0,5.4263808E+8,6,0,571,0,618,10,1.0
,ssh-simplified,s3_srvr_1_false-unreach-call.cil.c,SP.epf,AutomizerC.xml,ExpectedResult: UNSAFE UltimateResult: UNSAFE   a call of __VERIFIER_error() is reachable ,38668267325.0,682098688,21,0,58908,0,4109,56,0.20253164556962025
,ssh-simplified,s3_srvr_7_true-unreach-call.cil.c,SP-IC.epf,AutomizerC.xml,ExpectedResult: SAFE UltimateResult: SAFE   [ShortDescription: All specifications hold LongDescription: 2 specifications checked. All of them hold],1431396891.0,726663168,22,0,9224,0,6793,68,0.9549992200904696
,ssh-simplified,s3_srvr_1_true-unreach-call.cil.c,SP-IC.epf,AutomizerC.xml,ExpectedResult: SAFE UltimateResult: SAFE   [ShortDescription: All specifications hold LongDescription: 2 specifications checked. All of them hold],703659136.0,691011584,17,0,6806,0,5473,43,0.9888871249404667
,ssh-simplified,s3_srvr_6_true-unreach-call.cil.c,SP.epf,AutomizerC.xml,ExpectedResult: SAFE UltimateResult: TIMEOUT   [ShortDescription: Timeout LongDescription: Timout or Toolchain cancelled by user],300099555217.0,582483968,-,-,-,-,-,-,-
,ssh-simplified,s3_srvr_1b_true-unreach-call_false-termination.cil.c,SP.epf,AutomizerC.xml,ExpectedResult: SAFE UltimateResult: SAFE   [ShortDescription: All specifications hold LongDescription: 2 specifications checked. All of them hold],471581132.0,6.4749568E+8,9,0,2346,0,428,26,0.112
,ssh-simplified,s3_srvr_11_false-unreach-call.cil.c,SP.epf,AutomizerC.xml,ExpectedResult: UNSAFE UltimateResult: TIMEOUT   [ShortDescription: Timeout LongDescription: Unable to prove that call of __VERIFIER_error() unreachable (line 855) ShortDescription: Timeout LongDescription: Unable to prove that all allocated memory was freed (line 861)],300031072104.0,5.3477376E+8,89,0,363096,0,21222,214,0.03610651421693997
,ssh-simplified,s3_srvr_11_false-unreach-call.cil.c,SP-IC-LV.epf,AutomizerC.xml,ExpectedResult: UNSAFE UltimateResult: UNSAFE   a call of __VERIFIER_error() is reachable ,1080752187.0,633339904,39,0,4117,0,4752,107,0.9080756013745704
,ssh-simplified,s3_clnt_4_false-unreach-call.cil.c,SP-IC.epf,AutomizerC.xml,ExpectedResult: UNSAFE UltimateResult: UNSAFE   a call of __VERIFIER_error() is reachable ,312437863.0,578813952,9,0,1169,0,1056,24,0.8247422680412371
,ssh-simplified,s3_clnt_3.cil_true-unreach-call_true-termination.c,SP-IC.epf,AutomizerC.xml,ExpectedResult: SAFE UltimateResult: SAFE   [ShortDescription: All specifications hold LongDescription: 1 specifications checked. All of them hold],789460256.0,622854144,17,0,7452,0,5592,57,0.9801378492551693
,ssh-simplified,s3_srvr_13_false-unreach-call.cil.c,SP-IC.epf,AutomizerC.xml,ExpectedResult: UNSAFE UltimateResult: UNSAFE   a call of __VERIFIER_error() is reachable ,625072150.0,558891008,24,0,2122,0,2399,66,0.9888268156424581
,ssh-simplified,s3_srvr_6_false-unreach-call.cil.c,SP-IC-LV.epf,AutomizerC.xml,ExpectedResult: UNSAFE UltimateResult: UNSAFE   a call of __VERIFIER_error() is reachable ,126873859.0,447741952,1,0,0,0,0,0,1.0
,ssh-simplified,s3_srvr_1a_true-unreach-call.cil.c,SP-LV.epf,AutomizerC.xml,ExpectedResult: SAFE UltimateResult: SAFE   [ShortDescription: All specifications hold LongDescription: 2 specifications checked. All of them hold],1958585911.0,738197504,18,0,7120,0,1578,41,0.09632387156817124
,ssh-simplified,s3_clnt_3_true-unreach-call.cil.c,SP-IC-LV.epf,AutomizerC.xml,ExpectedResult: SAFE UltimateResult: SAFE   [ShortDescription: All specifications hold LongDescription: 2 specifications checked. All of them hold],954772009,6.422528E+8,18,0,6888,0,7700,55,0.9776665941556087
,ssh-simplified,s3_srvr_14_false-unreach-call.cil.c,SP-IC-LV.epf,AutomizerC.xml,ExpectedResult: UNSAFE UltimateResult: UNSAFE   a call of __VERIFIER_error() is reachable ,485988811.0,4.9545216E+8,19,0,1274,0,1922,49,1.0
,ssh-simplified,s3_srvr_4_true-unreach-call.cil.c,SP-IC-LV.epf,AutomizerC.xml,ExpectedResult: SAFE UltimateResult: SAFE   [ShortDescription: All specifications hold LongDescription: 2 specifications checked. All of them hold],745319634.0,653262848,18,0,6687,0,5813,48,0.9168938455183808
,ssh-simplified,s3_srvr_1_true-unreach-call.cil.c,SP-IC-LV.epf,AutomizerC.xml,ExpectedResult: SAFE UltimateResult: SAFE   [ShortDescription: All specifications hold LongDescription: 2 specifications checked. All of them hold],828439431.0,6.1341696E+8,17,0,6463,0,5473,43,0.9743610096840768
,ssh-simplified,s3_srvr_1a_true-unreach-call.cil.c,SP.epf,AutomizerC.xml,ExpectedResult: SAFE UltimateResult: SAFE   [ShortDescription: All specifications hold LongDescription: 2 specifications checked. All of them hold],38543529271.0,738197504,102,0,173199,0,13638,248,0.05495677233429395
,ssh-simplified,s3_srvr_10_false-unreach-call.cil.c,SP-IC-LV.epf,AutomizerC.xml,ExpectedResult: UNSAFE UltimateResult: UNSAFE   a call of __VERIFIER_error() is reachable ,239883823.0,446169088,9,0,429,0,716,22,1.0
,ssh-simplified,s3_srvr_6_false-unreach-call.cil.c,SP.epf,AutomizerC.xml,ExpectedResult: UNSAFE UltimateResult: UNSAFE   a call of __VERIFIER_error() is reachable ,123585899.0,441450496,1,0,0,0,0,0,1.0
,ssh-simplified,s3_srvr_1_false-unreach-call.cil.c,SP-LV.epf,AutomizerC.xml,ExpectedResult: UNSAFE UltimateResult: UNSAFE   a call of __VERIFIER_error() is reachable ,1160096209.0,682098688,7,0,1685,0,788,12,0.512
,ssh-simplified,s3_srvr_2_true-unreach-call.cil.c,SP-LV.epf,AutomizerC.xml,ExpectedResult: SAFE UltimateResult: TIMEOUT   [ShortDescription: Timeout LongDescription: Unable to prove that all allocated memory was freed (line 846) ShortDescription: Timeout LongDescription: Unable to prove that call of __VERIFIER_error() unreachable (line 840)],300041678928.0,657457152,91,0,278601,0,44493,195,0.6032023435029377
,ssh-simplified,s3_clnt_1_true-unreach-call.cil.c,SP-LV.epf,AutomizerC.xml,ExpectedResult: SAFE UltimateResult: TIMEOUT   [ShortDescription: Timeout LongDescription: Timout or Toolchain cancelled by user],299997389596,1493696512,-,-,-,-,-,-,-
,ssh-simplified,s3_srvr_6_true-unreach-call.cil.c,SP-LV.epf,AutomizerC.xml,ExpectedResult: SAFE UltimateResult: TIMEOUT   [ShortDescription: Timeout LongDescription: Timout or Toolchain cancelled by user],300211839262.0,674234368,-,-,-,-,-,-,-
,ssh-simplified,s3_srvr_1b_true-unreach-call_false-termination.cil.c,SP-IC-LV.epf,AutomizerC.xml,ExpectedResult: SAFE UltimateResult: SAFE   [ShortDescription: All specifications hold LongDescription: 2 specifications checked. All of them hold],75685613.0,577765376,6,0,162,0,223,14,0.825
,ssh-simplified,s3_clnt_2_false-unreach-call_true-termination.cil.c,SP.epf,AutomizerC.xml,ExpectedResult: UNSAFE UltimateResult: UNSAFE   a call of __VERIFIER_error() is reachable ,171560626384.0,687865856,51,0,174293,0,11069,130,0.1585772508336421
,ssh-simplified,s3_srvr_6_false-unreach-call.cil.c,SP-LV.epf,AutomizerC.xml,ExpectedResult: UNSAFE UltimateResult: UNSAFE   a call of __VERIFIER_error() is reachable ,128418636.0,441450496,1,0,0,0,0,0,1.0
,ssh-simplified,s3_clnt_4_false-unreach-call.cil.c,SP-IC-LV.epf,AutomizerC.xml,ExpectedResult: UNSAFE UltimateResult: UNSAFE   a call of __VERIFIER_error() is reachable ,279049613.0,5.1380224E+8,8,0,718,0,888,20,0.7888198757763976
,ssh-simplified,s3_srvr_6_false-unreach-call.cil.c,SP-IC.epf,AutomizerC.xml,ExpectedResult: UNSAFE UltimateResult: UNSAFE   a call of __VERIFIER_error() is reachable ,128933724.0,447741952,1,0,0,0,0,0,1.0
,ssh-simplified,s3_srvr_4_true-unreach-call.cil.c,SP.epf,AutomizerC.xml,ExpectedResult: SAFE UltimateResult: TIMEOUT   [ShortDescription: Timeout LongDescription: Unable to prove that call of __VERIFIER_error() unreachable (line 840) ShortDescription: Timeout LongDescription: Unable to prove that all allocated memory was freed (line 846)],300000910086.0,5.8195968E+8,73,0,376551,0,19738,189,0.1608531204034461
,ssh-simplified,s3_srvr_1b_true-unreach-call_false-termination.cil.c,SP-LV.epf,AutomizerC.xml,ExpectedResult: SAFE UltimateResult: SAFE   [ShortDescription: All specifications hold LongDescription: 2 specifications checked. All of them hold],458196231.0,6.4749568E+8,10,0,1561,0,464,28,0.14685314685314685
,ssh-simplified,s3_srvr_8_true-unreach-call.cil.c,SP-IC-LV.epf,AutomizerC.xml,ExpectedResult: SAFE UltimateResult: SAFE   [ShortDescription: All specifications hold LongDescription: 2 specifications checked. All of them hold],692697096.0,7.1565312E+8,18,0,6186,0,5387,46,0.9543758163836537
,ssh-simplified,s3_clnt_4_true-unreach-call.cil.c,SP-IC-LV.epf,AutomizerC.xml,ExpectedResult: SAFE UltimateResult: SAFE   [ShortDescription: All specifications hold LongDescription: 2 specifications checked. All of them hold],809597119.0,572522496,18,0,6528,0,7299,55,0.9383596535914417
,ssh-simplified,s3_srvr_1_true-unreach-call.cil.c,SP.epf,AutomizerC.xml,ExpectedResult: SAFE UltimateResult: TIMEOUT   [ShortDescription: Timeout LongDescription: Unable to prove that all allocated memory was freed (line 862) ShortDescription: Timeout LongDescription: Unable to prove that call of __VERIFIER_error() unreachable (line 857)],300033685061.0,557842432,74,0,375949,0,20061,197,0.18143592978030065
,ssh-simplified,s3_clnt_3_true-unreach-call.cil.c,SP-IC.epf,AutomizerC.xml,ExpectedResult: SAFE UltimateResult: SAFE   [ShortDescription: All specifications hold LongDescription: 2 specifications checked. All of them hold],890848850.0,648544256,18,0,6866,0,7293,55,0.9808588957055214
,ssh-simplified,s3_srvr_1b_true-unreach-call_false-termination.cil.c,SP-IC.epf,AutomizerC.xml,ExpectedResult: SAFE UltimateResult: SAFE   [ShortDescription: All specifications hold LongDescription: 2 specifications checked. All of them hold],68147291.0,577765376,6,0,162,0,223,14,0.825
,ssh-simplified,s3_srvr_8_true-unreach-call.cil.c,SP-LV.epf,AutomizerC.xml,ExpectedResult: SAFE UltimateResult: TIMEOUT   [ShortDescription: Timeout LongDescription: Unable to prove that call of __VERIFIER_error() unreachable (line 875) ShortDescription: Timeout LongDescription: Unable to prove that all allocated memory was freed (line 881)],300016153263.0,747634688,90,0,268873,0,43615,195,0.5340867883476369
,ssh-simplified,s3_srvr_2_true-unreach-call.cil.c,SP.epf,AutomizerC.xml,ExpectedResult: SAFE UltimateResult: TIMEOUT   [ShortDescription: Timeout LongDescription: Unable to prove that all allocated memory was freed (line 846) ShortDescription: Timeout LongDescription: Unable to prove that call of __VERIFIER_error() unreachable (line 840)],300013361751.0,472383488,74,0,375860,0,20533,199,0.18143592978030065
,ssh-simplified,s3_clnt_3_false-unreach-call.cil.c,SP-LV.epf,AutomizerC.xml,ExpectedResult: UNSAFE UltimateResult: UNSAFE   a call of __VERIFIER_error() is reachable ,10934998667.0,704118784,18,0,8916,0,3428,34,0.5183776932826363


################################# Summary #######################
Safe: 32
Unsafe: 44
Timeout: 25
Error: 3
Expected Safe: 56
Expected Unsafe: 48
Total: 104
CSV conversion gone wrong: 0

################################# Latex #######################
\newcommand{\headcolor}{}
\newcommand{\header}[1]{\parbox{2.8em}{\centering #1}\headcolor}
\newcommand{\folder}[1]{\parbox{5em}{#1}}
\begin{table}
\centering
\resizebox{\linewidth}{!}{%
\begin{tabu} to \linewidth {lcllcrrrr}
\toprule
  \header{}& 
  \header{\#}&
  \header{Result}&
  \header{Variant}& 
  \header{Count}&
  \header{Avg. runtime}&
  \header{Mem{-}ory}&
  \header{Iter{-}ations}&
  \header{ICC}\\
  \cmidrule(r){2-9}
\multirow{16}{*}{\folder{ssh-simplified}} &
\multirow{4}{*}{12} &
\multirow{4}{*}{\folder{Unsafe}} 
 & SP.epf & 10 & 111.88 s & 788.85 MB & 32 & 33.99\%\\
 &  &  & SP-IC-LV.epf & 12 & 0.76 s & 483.92 MB & 13 & 91.66\%\\
 &  &  & SP-IC.epf & 12 & 0.52 s & 530.63 MB & 13 & 91.92\%\\
 &  &  & SP-LV.epf & 10 & 5.58 s & 779.90 MB & 11 & 54.10\%\\
  \cmidrule[0.01em](l){2-9}
& \multirow{4}{*}{14} &
\multirow{4}{*}{\folder{Safe}} 
 & SP.epf & 2 & 19.51 s & 660.75 MB & 55 & 8.35\%\\
 &  &  & SP-IC-LV.epf & 14 & 0.77 s & 610.86 MB & 16 & 92.05\%\\
 &  &  & SP-IC.epf & 14 & 0.79 s & 683.82 MB & 16 & 94.65\%\\
 &  &  & SP-LV.epf & 2 & 1.21 s & 660.75 MB & 14 & 12.16\%\\
  \cmidrule[0.01em](l){2-9}
& \multirow{4}{*}{26} &
\multirow{4}{*}{\folder{Completed}} 
 & SP.epf & 12 & 96.49 s & 767.50 MB & 36 & 29.71\%\\
 &  &  & SP-IC-LV.epf & 26 & 0.77 s & 552.27 MB & 15 & 91.87\%\\
 &  &  & SP-IC.epf & 26 & 0.67 s & 613.12 MB & 15 & 93.39\%\\
 &  &  & SP-LV.epf & 12 & 4.85 s & 760.04 MB & 11 & 47.11\%\\
  \cmidrule[0.01em](l){2-9}
& & \multirow{4}{*}{\folder{Timeout}} 
 & SP.epf & 14 & 300.05 s & 563.36 MB & 66 & 12.36\%\\
 &  &  & SP-IC-LV.epf & 0 & - & - & - & -\\
 &  &  & SP-IC.epf & 0 & - & - & - & -\\
 &  &  & SP-LV.epf & 11 & 300.05 s & 761.00 MB & 39 & 20.86\%\\
\bottomrule
& & & & & & & & \\
\end{tabu}}
\caption{Results for AutomizerC.xml.}
\end{table}