################################# CSV #######################
,Folder,File,Settings,Toolchain,Message,Runtime (ns),Allocated memory end (bytes),Overall iterations,NumberOfCodeBlocks,SizeOfPredicatesFP,SizeOfPredicatesBP,Conjuncts in SSA,Conjuncts in UnsatCore,ICC %
,ntdrivers-simplified,floppy_simpl3_true-unreach-call_true-termination.cil.c,SP-IC-LV.epf,AutomizerC.xml,ExpectedResult: SAFE UltimateResult: EXCEPTION_OR_ERROR   [ShortDescription: SMTLIBException LongDescription: de.uni_freiburg.informatik.ultimate.logic.SMTLIBException: Cannot create quantifier in quantifier-free logic],1267535097.0,2.37764608E+9,-,-,-,-,-,-,-
,ntdrivers-simplified,floppy_simpl4_true-unreach-call_true-termination.cil.c,SP-IC-LV.epf,AutomizerC.xml,ExpectedResult: SAFE UltimateResult: EXCEPTION_OR_ERROR   [ShortDescription: SMTLIBException LongDescription: de.uni_freiburg.informatik.ultimate.logic.SMTLIBException: Cannot create quantifier in quantifier-free logic],2014209503.0,2444230656,-,-,-,-,-,-,-
,ntdrivers-simplified,floppy_simpl4_false-unreach-call_true-termination.cil.c,SP-IC.epf,AutomizerC.xml,ExpectedResult: UNSAFE UltimateResult: UNSAFE   a call of __VERIFIER_error() is reachable ,3390653443.0,2.44580352E+9,51,0,5491,0,18189,273,1.0
,ntdrivers-simplified,kbfiltr_simpl2_false-unreach-call_true-termination.cil.c,SP-IC-LV.epf,AutomizerC.xml,ExpectedResult: UNSAFE UltimateResult: UNSAFE   a call of __VERIFIER_error() is reachable ,769842018.0,1544552448,15,0,1101,0,4211,73,1.0
,ntdrivers-simplified,kbfiltr_simpl1_true-unreach-call_true-termination.cil.c,SP-IC.epf,AutomizerC.xml,ExpectedResult: SAFE UltimateResult: SAFE   [ShortDescription: All specifications hold LongDescription: 2 specifications checked. All of them hold],656014746.0,1744830464,12,0,1084,0,3757,51,1.0
,ntdrivers-simplified,kbfiltr_simpl2_true-unreach-call_true-termination.cil.c,SP-LV.epf,AutomizerC.xml,ExpectedResult: SAFE UltimateResult: EXCEPTION_OR_ERROR   [ShortDescription: SMTLIBException LongDescription: de.uni_freiburg.informatik.ultimate.logic.SMTLIBException: Cannot create quantifier in quantifier-free logic],7733238606.0,1676148736,-,-,-,-,-,-,-
,ntdrivers-simplified,kbfiltr_simpl1_true-unreach-call_true-termination.cil.c,SP-LV.epf,AutomizerC.xml,ExpectedResult: SAFE UltimateResult: SAFE   [ShortDescription: All specifications hold LongDescription: 2 specifications checked. All of them hold],61934605972.0,2557476864,16,0,19712,0,5070,57,1.0
,ntdrivers-simplified,diskperf_simpl1_true-unreach-call_true-termination.cil.c,SP-IC-LV.epf,AutomizerC.xml,ExpectedResult: SAFE UltimateResult: SAFE   [ShortDescription: All specifications hold LongDescription: 2 specifications checked. All of them hold],5191499113.0,2.33046016E+9,53,0,8077,0,22809,326,1.0
,ntdrivers-simplified,kbfiltr_simpl2_true-unreach-call_true-termination.cil.c,SP-IC.epf,AutomizerC.xml,ExpectedResult: SAFE UltimateResult: SAFE   [ShortDescription: All specifications hold LongDescription: 2 specifications checked. All of them hold],625726536.0,1.35528448E+9,13,0,1112,0,4258,57,1.0
,ntdrivers-simplified,floppy_simpl3_false-unreach-call_true-termination.cil.c,SP-IC-LV.epf,AutomizerC.xml,ExpectedResult: UNSAFE UltimateResult: EXCEPTION_OR_ERROR   [ShortDescription: SMTLIBException LongDescription: de.uni_freiburg.informatik.ultimate.logic.SMTLIBException: Cannot create quantifier in quantifier-free logic],2408129524.0,2371878912,-,-,-,-,-,-,-
,ntdrivers-simplified,floppy_simpl4_true-unreach-call_true-termination.cil.c,SP-IC.epf,AutomizerC.xml,ExpectedResult: SAFE UltimateResult: SAFE   [ShortDescription: All specifications hold LongDescription: 2 specifications checked. All of them hold],3032436044.0,2444230656,63,0,7912,0,25688,380,1.0
,ntdrivers-simplified,diskperf_simpl1_true-unreach-call_true-termination.cil.c,SP.epf,AutomizerC.xml,ExpectedResult: SAFE UltimateResult: TIMEOUT   [ShortDescription: Timeout LongDescription: Unable to prove that call of __VERIFIER_error() unreachable (line 34) ShortDescription: Timeout LongDescription: Unable to prove that all allocated memory was freed (line 856)],300025324801.0,2371878912,49,0,187199,0,16474,239,0.0
,ntdrivers-simplified,cdaudio_simpl1_false-unreach-call_true-termination.cil.c,SP-IC.epf,AutomizerC.xml,ExpectedResult: UNSAFE UltimateResult: UNSAFE   a call of __VERIFIER_error() is reachable ,4443834559,6.2652416E+8,74,0,10119,0,28620,612,1.0
,ntdrivers-simplified,diskperf_simpl1_true-unreach-call_true-termination.cil.c,SP-IC.epf,AutomizerC.xml,ExpectedResult: SAFE UltimateResult: SAFE   [ShortDescription: All specifications hold LongDescription: 2 specifications checked. All of them hold],3557195436,2.33046016E+9,55,0,9077,0,24108,351,1.0
,ntdrivers-simplified,floppy_simpl3_true-unreach-call_true-termination.cil.c,SP.epf,AutomizerC.xml,ExpectedResult: SAFE UltimateResult: TIMEOUT   [ShortDescription: Timeout LongDescription: Unable to prove that call of __VERIFIER_error() unreachable (line 38) ShortDescription: Timeout LongDescription: Unable to prove that all allocated memory was freed (line 895)],299992149468.0,2378170368,66,0,251778,0,23397,285,1.0
,ntdrivers-simplified,floppy_simpl4_true-unreach-call_true-termination.cil.c,SP.epf,AutomizerC.xml,ExpectedResult: SAFE UltimateResult: TIMEOUT   [ShortDescription: Timeout LongDescription: Timout or Toolchain cancelled by user],300427233912.0,2425880576,-,-,-,-,-,-,-
,ntdrivers-simplified,kbfiltr_simpl2_false-unreach-call_true-termination.cil.c,SP-LV.epf,AutomizerC.xml,ExpectedResult: UNSAFE UltimateResult: EXCEPTION_OR_ERROR   [ShortDescription: SMTLIBException LongDescription: de.uni_freiburg.informatik.ultimate.logic.SMTLIBException: Cannot create quantifier in quantifier-free logic],7797176394.0,1.85597952E+9,-,-,-,-,-,-,-
,ntdrivers-simplified,cdaudio_simpl1_true-unreach-call_true-termination.cil.c,SP-LV.epf,AutomizerC.xml,ExpectedResult: SAFE UltimateResult: EXCEPTION_OR_ERROR   [ShortDescription: SMTLIBException LongDescription: de.uni_freiburg.informatik.ultimate.logic.SMTLIBException: Cannot create quantifier in quantifier-free logic],28547900437,2293235712,-,-,-,-,-,-,-
,ntdrivers-simplified,cdaudio_simpl1_false-unreach-call_true-termination.cil.c,SP.epf,AutomizerC.xml,ExpectedResult: UNSAFE UltimateResult: TIMEOUT   [ShortDescription: Timeout LongDescription: Unable to prove that call of __VERIFIER_error() unreachable (line 36) ShortDescription: Timeout LongDescription: Unable to prove that all allocated memory was freed (line 2373)],300009444726.0,2.26230272E+9,48,0,132137,0,18282,417,1.0
,ntdrivers-simplified,floppy_simpl3_true-unreach-call_true-termination.cil.c,SP-IC.epf,AutomizerC.xml,ExpectedResult: SAFE UltimateResult: SAFE   [ShortDescription: All specifications hold LongDescription: 2 specifications checked. All of them hold],2177685666.0,2373451776,51,0,6989,0,21187,314,1.0
,ntdrivers-simplified,floppy_simpl4_false-unreach-call_true-termination.cil.c,SP-IC-LV.epf,AutomizerC.xml,ExpectedResult: UNSAFE UltimateResult: EXCEPTION_OR_ERROR   [ShortDescription: SMTLIBException LongDescription: de.uni_freiburg.informatik.ultimate.logic.SMTLIBException: Cannot create quantifier in quantifier-free logic],2962016720,2.44580352E+9,-,-,-,-,-,-,-
,ntdrivers-simplified,cdaudio_simpl1_false-unreach-call_true-termination.cil.c,SP-IC-LV.epf,AutomizerC.xml,ExpectedResult: UNSAFE UltimateResult: UNSAFE   a call of __VERIFIER_error() is reachable ,7825446579,4.4302336E+8,72,0,8909,0,27799,574,1.0
,ntdrivers-simplified,floppy_simpl4_false-unreach-call_true-termination.cil.c,SP.epf,AutomizerC.xml,ExpectedResult: UNSAFE UltimateResult: TIMEOUT   [ShortDescription: Timeout LongDescription: Unable to prove that all allocated memory was freed (line 887) ShortDescription: Timeout LongDescription: Unable to prove that call of __VERIFIER_error() unreachable (line 2163)],300018836325.0,2444230656,45,0,129272,0,15769,250,1.0
,ntdrivers-simplified,cdaudio_simpl1_false-unreach-call_true-termination.cil.c,SP-LV.epf,AutomizerC.xml,ExpectedResult: UNSAFE UltimateResult: EXCEPTION_OR_ERROR   [ShortDescription: SMTLIBException LongDescription: de.uni_freiburg.informatik.ultimate.logic.SMTLIBException: Cannot create quantifier in quantifier-free logic],36407800483.0,1.66985728E+9,-,-,-,-,-,-,-
,ntdrivers-simplified,floppy_simpl3_false-unreach-call_true-termination.cil.c,SP-IC.epf,AutomizerC.xml,ExpectedResult: UNSAFE UltimateResult: UNSAFE   a call of __VERIFIER_error() is reachable ,2352152754,2371878912,36,0,4117,0,12367,187,1.0
,ntdrivers-simplified,kbfiltr_simpl2_false-unreach-call_true-termination.cil.c,SP.epf,AutomizerC.xml,ExpectedResult: UNSAFE UltimateResult: UNSAFE   a call of __VERIFIER_error() is reachable ,278470443531.0,1.85597952E+9,41,0,122104,0,11993,121,1.0
,ntdrivers-simplified,kbfiltr_simpl2_true-unreach-call_true-termination.cil.c,SP-IC-LV.epf,AutomizerC.xml,ExpectedResult: SAFE UltimateResult: EXCEPTION_OR_ERROR   [ShortDescription: SMTLIBException LongDescription: de.uni_freiburg.informatik.ultimate.logic.SMTLIBException: Cannot create quantifier in quantifier-free logic],660339089.0,1.35528448E+9,-,-,-,-,-,-,-
,ntdrivers-simplified,cdaudio_simpl1_true-unreach-call_true-termination.cil.c,SP.epf,AutomizerC.xml,ExpectedResult: SAFE UltimateResult: TIMEOUT   [ShortDescription: Timeout LongDescription: Unable to prove that call of __VERIFIER_error() unreachable (line 36) ShortDescription: Timeout LongDescription: Unable to prove that all allocated memory was freed (line 2373)],300105132398.0,2.33046016E+9,44,0,117511,0,16607,370,1.0
,ntdrivers-simplified,diskperf_simpl1_true-unreach-call_true-termination.cil.c,SP-LV.epf,AutomizerC.xml,ExpectedResult: SAFE UltimateResult: EXCEPTION_OR_ERROR   [ShortDescription: SMTLIBException LongDescription: de.uni_freiburg.informatik.ultimate.logic.SMTLIBException: Cannot create quantifier in quantifier-free logic],26255420900.0,2296905728,-,-,-,-,-,-,-
,ntdrivers-simplified,floppy_simpl3_false-unreach-call_true-termination.cil.c,SP.epf,AutomizerC.xml,ExpectedResult: UNSAFE UltimateResult: TIMEOUT   [ShortDescription: Timeout LongDescription: Unable to prove that call of __VERIFIER_error() unreachable (line 38) ShortDescription: Timeout LongDescription: Unable to prove that all allocated memory was freed (line 895)],300009853465,2.37764608E+9,66,0,252412,0,23428,273,1.0
,ntdrivers-simplified,floppy_simpl3_false-unreach-call_true-termination.cil.c,SP-LV.epf,AutomizerC.xml,ExpectedResult: UNSAFE UltimateResult: UNSAFE   a call of __VERIFIER_error() is reachable ,121692322622.0,2367684608,45,0,71101,0,15987,180,1.0
,ntdrivers-simplified,kbfiltr_simpl1_true-unreach-call_true-termination.cil.c,SP-IC-LV.epf,AutomizerC.xml,ExpectedResult: SAFE UltimateResult: EXCEPTION_OR_ERROR   [ShortDescription: SMTLIBException LongDescription: de.uni_freiburg.informatik.ultimate.logic.SMTLIBException: Cannot create quantifier in quantifier-free logic],565624055.0,1744830464,-,-,-,-,-,-,-
,ntdrivers-simplified,kbfiltr_simpl2_true-unreach-call_true-termination.cil.c,SP.epf,AutomizerC.xml,ExpectedResult: SAFE UltimateResult: TIMEOUT   [ShortDescription: Timeout LongDescription: Unable to prove that all allocated memory was freed (line 378) ShortDescription: Timeout LongDescription: Unable to prove that call of __VERIFIER_error() unreachable (line 1325)],300016509782.0,1676148736,44,0,136276,0,13197,129,1.0
,ntdrivers-simplified,cdaudio_simpl1_true-unreach-call_true-termination.cil.c,SP-IC.epf,AutomizerC.xml,ExpectedResult: SAFE UltimateResult: SAFE   [ShortDescription: All specifications hold LongDescription: 2 specifications checked. All of them hold],6891239679.0,2266497024,79,0,11210,0,31786,662,1.0
,ntdrivers-simplified,floppy_simpl4_true-unreach-call_true-termination.cil.c,SP-LV.epf,AutomizerC.xml,ExpectedResult: SAFE UltimateResult: EXCEPTION_OR_ERROR   [ShortDescription: SMTLIBException LongDescription: de.uni_freiburg.informatik.ultimate.logic.SMTLIBException: Cannot create quantifier in quantifier-free logic],33600063033.0,2444230656,-,-,-,-,-,-,-
,ntdrivers-simplified,kbfiltr_simpl2_false-unreach-call_true-termination.cil.c,SP-IC.epf,AutomizerC.xml,ExpectedResult: UNSAFE UltimateResult: UNSAFE   a call of __VERIFIER_error() is reachable ,669616577.0,1544552448,15,0,1181,0,4174,73,1.0
,ntdrivers-simplified,cdaudio_simpl1_true-unreach-call_true-termination.cil.c,SP-IC-LV.epf,AutomizerC.xml,ExpectedResult: SAFE UltimateResult: EXCEPTION_OR_ERROR   [ShortDescription: SMTLIBException LongDescription: de.uni_freiburg.informatik.ultimate.logic.SMTLIBException: Cannot create quantifier in quantifier-free logic],5277599572,2262827008,-,-,-,-,-,-,-
,ntdrivers-simplified,kbfiltr_simpl1_true-unreach-call_true-termination.cil.c,SP.epf,AutomizerC.xml,ExpectedResult: SAFE UltimateResult: SAFE   [ShortDescription: All specifications hold LongDescription: 2 specifications checked. All of them hold],131195696668.0,2557476864,21,0,63019,0,6673,76,1.0
,ntdrivers-simplified,floppy_simpl3_true-unreach-call_true-termination.cil.c,SP-LV.epf,AutomizerC.xml,ExpectedResult: SAFE UltimateResult: TIMEOUT   [ShortDescription: Timeout LongDescription: Timout or Toolchain cancelled by user],300056154271.0,2378170368,-,-,-,-,-,-,-
,ntdrivers-simplified,floppy_simpl4_false-unreach-call_true-termination.cil.c,SP-LV.epf,AutomizerC.xml,ExpectedResult: UNSAFE UltimateResult: EXCEPTION_OR_ERROR   [ShortDescription: SMTLIBException LongDescription: de.uni_freiburg.informatik.ultimate.logic.SMTLIBException: Cannot create quantifier in quantifier-free logic],30894052844,2.44580352E+9,-,-,-,-,-,-,-


################################# Summary #######################
Safe: 9
Unsafe: 8
Timeout: 9
Error: 14
Expected Safe: 24
Expected Unsafe: 16
Total: 40
CSV conversion gone wrong: 0

################################# Latex #######################
\newcommand{\headcolor}{}
\newcommand{\header}[1]{\parbox{2.8em}{\centering #1}\headcolor}
\newcommand{\folder}[1]{\parbox{5em}{#1}}
\begin{table}
\centering
\resizebox{\linewidth}{!}{%
\begin{tabu} to \linewidth {lcllcrrrr}
\toprule
  \header{}& 
  \header{\#}&
  \header{Result}&
  \header{Variant}& 
  \header{Count}&
  \header{Avg. runtime}&
  \header{Mem{-}ory}&
  \header{Iter{-}ations}&
  \header{ICC}\\
  \cmidrule(r){2-9}
\multirow{16}{*}{\folder{ntdrivers-simplified}} &
\multirow{4}{*}{4} &
\multirow{4}{*}{\folder{Unsafe}} 
 & SP-IC.epf & 4 & 2.71 s & 1666.25 MB & 44 & 100.00\%\\
 &  &  & SP.epf & 1 & 278.47 s & 1770.00 MB & 41 & 100.00\%\\
 &  &  & SP-IC-LV.epf & 2 & 4.30 s & 947.75 MB & 43 & 100.00\%\\
 &  &  & SP-LV.epf & 1 & 121.69 s & 2258.00 MB & 45 & 100.00\%\\
  \cmidrule[0.01em](l){2-9}
& \multirow{4}{*}{6} &
\multirow{4}{*}{\folder{Safe}} 
 & SP-IC.epf & 6 & 2.82 s & 1989.17 MB & 45 & 100.00\%\\
 &  &  & SP.epf & 1 & 131.20 s & 2439.00 MB & 21 & 100.00\%\\
 &  &  & SP-IC-LV.epf & 1 & 5.19 s & 2222.50 MB & 53 & 100.00\%\\
 &  &  & SP-LV.epf & 1 & 61.93 s & 2439.00 MB & 16 & 100.00\%\\
  \cmidrule[0.01em](l){2-9}
& \multirow{4}{*}{10} &
\multirow{4}{*}{\folder{Completed}} 
 & SP-IC.epf & 10 & 2.78 s & 1860.00 MB & 44 & 100.00\%\\
 &  &  & SP.epf & 2 & 204.83 s & 2104.50 MB & 31 & 100.00\%\\
 &  &  & SP-IC-LV.epf & 3 & 4.60 s & 1372.67 MB & 46 & 100.00\%\\
 &  &  & SP-LV.epf & 2 & 91.81 s & 2348.50 MB & 30 & 100.00\%\\
  \cmidrule[0.01em](l){2-9}
& & \multirow{4}{*}{\folder{Timeout}} 
 & SP-IC.epf & 0 & - & - & - & -\\
 &  &  & SP.epf & 8 & 300.08 s & 2177.56 MB & 45 & 75.00\%\\
 &  &  & SP-IC-LV.epf & 0 & - & - & - & -\\
 &  &  & SP-LV.epf & 1 & 300.06 s & 2268.00 MB & - & -\\
\bottomrule
& & & & & & & & \\
\end{tabu}}
\caption{Results for AutomizerC.xml.}
\end{table}