################################# CSV #######################
,Folder,File,Settings,Toolchain,Message,Runtime (ns),Allocated memory end (bytes),Overall iterations,NumberOfCodeBlocks,SizeOfPredicatesFP,SizeOfPredicatesBP,Conjuncts in SSA,Conjuncts in UnsatCore,ICC %
,locks,test_locks_14_true-unreach-call.c,SP-IC.epf,AutomizerC.xml,ExpectedResult: SAFE UltimateResult: SAFE   [ShortDescription: All specifications hold LongDescription: 1 specifications checked. All of them hold],463618164.0,1794637824,14,0,945,0,1309,42,1.0
,locks,test_locks_12_true-unreach-call_false-termination.c,SP.epf,AutomizerC.xml,ExpectedResult: SAFE UltimateResult: EXCEPTION_OR_ERROR   [ShortDescription: OutOfMemoryError LongDescription: java.lang.OutOfMemoryError: Java heap space],550651027186.0,2215641088,-,-,-,-,-,-,-
,locks,test_locks_14_true-unreach-call.c,SP-LV.epf,AutomizerC.xml,ExpectedResult: SAFE UltimateResult: EXCEPTION_OR_ERROR   [ShortDescription: OutOfMemoryError LongDescription: java.lang.OutOfMemoryError: Java heap space],647373468065.0,1928855552,-,-,-,-,-,-,-
,locks,test_locks_14_false-unreach-call.c,SP.epf,AutomizerC.xml,ExpectedResult: UNSAFE UltimateResult: UNSAFE   a call of __VERIFIER_error() is reachable ,449828564.0,1.91102976E+9,2,0,238,0,87,3,1.0
,locks,test_locks_15_false-unreach-call.c,SP.epf,AutomizerC.xml,ExpectedResult: UNSAFE UltimateResult: UNSAFE   a call of __VERIFIER_error() is reachable ,590365635.0,1947205632,2,0,254,0,92,3,1.0
,locks,test_locks_15_true-unreach-call_false-termination.c,SP.epf,AutomizerC.xml,ExpectedResult: SAFE UltimateResult: EXCEPTION_OR_ERROR   [ShortDescription: OutOfMemoryError LongDescription: java.lang.OutOfMemoryError: Java heap space],997726677075.0,1904738304,-,-,-,-,-,-,-
,locks,test_locks_6_true-unreach-call_false-termination.c,SP-IC-LV.epf,AutomizerC.xml,ExpectedResult: SAFE UltimateResult: SAFE   [ShortDescription: All specifications hold LongDescription: 1 specifications checked. All of them hold],154247577.0,1836580864,6,0,213,0,297,18,1.0
,locks,test_locks_14_false-unreach-call.c,SP-IC.epf,AutomizerC.xml,ExpectedResult: UNSAFE UltimateResult: UNSAFE   a call of __VERIFIER_error() is reachable ,220988263.0,1939341312,2,0,22,0,87,3,1.0
,locks,test_locks_14_true-unreach-call.c,SP-IC-LV.epf,AutomizerC.xml,ExpectedResult: SAFE UltimateResult: SAFE   [ShortDescription: All specifications hold LongDescription: 1 specifications checked. All of them hold],496860812.0,1.91102976E+9,14,0,889,0,1309,42,1.0
,locks,test_locks_9_true-unreach-call.c,SP-IC.epf,AutomizerC.xml,ExpectedResult: SAFE UltimateResult: SAFE   [ShortDescription: All specifications hold LongDescription: 1 specifications checked. All of them hold],164714146.0,2517630976,9,0,450,0,594,27,1.0
,locks,test_locks_13_true-unreach-call.c,SP-IC.epf,AutomizerC.xml,ExpectedResult: SAFE UltimateResult: SAFE   [ShortDescription: All specifications hold LongDescription: 1 specifications checked. All of them hold],455769443.0,1.85860096E+9,13,0,832,0,1144,39,1.0
,locks,test_locks_5_true-unreach-call_false-termination.c,SP-IC-LV.epf,AutomizerC.xml,ExpectedResult: SAFE UltimateResult: SAFE   [ShortDescription: All specifications hold LongDescription: 1 specifications checked. All of them hold],135235260.0,1875378176,5,0,160,0,220,15,1.0
,locks,test_locks_13_true-unreach-call.c,SP.epf,AutomizerC.xml,ExpectedResult: SAFE UltimateResult: EXCEPTION_OR_ERROR   [ShortDescription: OutOfMemoryError LongDescription: java.lang.OutOfMemoryError: Java heap space],984036152714.0,2116550656,-,-,-,-,-,-,-
,locks,test_locks_9_true-unreach-call.c,SP.epf,AutomizerC.xml,ExpectedResult: SAFE UltimateResult: TIMEOUT   [ShortDescription: Timeout LongDescription: Timout or Toolchain cancelled by user],299995292881.0,2449997824,-,-,-,-,-,-,-
,locks,test_locks_5_true-unreach-call_false-termination.c,SP-IC.epf,AutomizerC.xml,ExpectedResult: SAFE UltimateResult: SAFE   [ShortDescription: All specifications hold LongDescription: 1 specifications checked. All of them hold],89627555.0,1875902464,5,0,180,0,220,15,1.0
,locks,test_locks_8_true-unreach-call_false-termination.c,SP.epf,AutomizerC.xml,ExpectedResult: SAFE UltimateResult: TIMEOUT   [ShortDescription: Timeout LongDescription: Unable to prove that call of __VERIFIER_error() unreachable (line 133)],379514802384.0,2517630976,3,0,780,0,175,9,1.0
,locks,test_locks_15_false-unreach-call.c,SP-IC-LV.epf,AutomizerC.xml,ExpectedResult: UNSAFE UltimateResult: UNSAFE   a call of __VERIFIER_error() is reachable ,195440677.0,1932525568,2,0,18,0,92,3,1.0
,locks,test_locks_15_false-unreach-call.c,SP-LV.epf,AutomizerC.xml,ExpectedResult: UNSAFE UltimateResult: UNSAFE   a call of __VERIFIER_error() is reachable ,126265380.0,1.94510848E+9,1,0,0,0,0,0,1.0
,locks,test_locks_9_true-unreach-call.c,SP-IC-LV.epf,AutomizerC.xml,ExpectedResult: SAFE UltimateResult: SAFE   [ShortDescription: All specifications hold LongDescription: 1 specifications checked. All of them hold],184759476.0,2517630976,9,0,414,0,594,27,1.0
,locks,test_locks_6_true-unreach-call_false-termination.c,SP-IC.epf,AutomizerC.xml,ExpectedResult: SAFE UltimateResult: SAFE   [ShortDescription: All specifications hold LongDescription: 1 specifications checked. All of them hold],119861428.0,1836580864,6,0,237,0,297,18,1.0
,locks,test_locks_11_true-unreach-call_false-termination.c,SP-IC-LV.epf,AutomizerC.xml,ExpectedResult: SAFE UltimateResult: SAFE   [ShortDescription: All specifications hold LongDescription: 1 specifications checked. All of them hold],215390013.0,979894272,11,0,583,0,847,33,1.0
,locks,test_locks_14_true-unreach-call.c,SP.epf,AutomizerC.xml,ExpectedResult: SAFE UltimateResult: EXCEPTION_OR_ERROR   [ShortDescription: OutOfMemoryError LongDescription: java.lang.OutOfMemoryError: Java heap space],693847384654.0,1932525568,-,-,-,-,-,-,-
,locks,test_locks_13_true-unreach-call.c,SP-LV.epf,AutomizerC.xml,ExpectedResult: SAFE UltimateResult: EXCEPTION_OR_ERROR   [ShortDescription: OutOfMemoryError LongDescription: java.lang.OutOfMemoryError: Java heap space],1490269103634.0,1917321216,-,-,-,-,-,-,-
,locks,test_locks_10_true-unreach-call.c,SP-IC-LV.epf,AutomizerC.xml,ExpectedResult: SAFE UltimateResult: SAFE   [ShortDescription: All specifications hold LongDescription: 1 specifications checked. All of them hold],1910846086,1.1272192E+8,10,0,495,0,715,30,1.0
,locks,test_locks_15_true-unreach-call_false-termination.c,SP-IC-LV.epf,AutomizerC.xml,ExpectedResult: SAFE UltimateResult: SAFE   [ShortDescription: All specifications hold LongDescription: 1 specifications checked. All of them hold],471145992.0,1927282688,15,0,1005,0,1485,45,1.0
,locks,test_locks_12_true-unreach-call_false-termination.c,SP-IC.epf,AutomizerC.xml,ExpectedResult: SAFE UltimateResult: SAFE   [ShortDescription: All specifications hold LongDescription: 1 specifications checked. All of them hold],382958375,3217555456,12,0,726,0,990,36,1.0
,locks,test_locks_8_true-unreach-call_false-termination.c,SP-LV.epf,AutomizerC.xml,ExpectedResult: SAFE UltimateResult: TIMEOUT   [ShortDescription: Timeout LongDescription: Timout or Toolchain cancelled by user],299988900098.0,2.30948864E+9,-,-,-,-,-,-,-
,locks,test_locks_7_true-unreach-call_false-termination.c,SP-LV.epf,AutomizerC.xml,ExpectedResult: SAFE UltimateResult: TIMEOUT   [ShortDescription: Timeout LongDescription: Timout or Toolchain cancelled by user],330518332195.0,2062024704,-,-,-,-,-,-,-
,locks,test_locks_7_true-unreach-call_false-termination.c,SP-IC.epf,AutomizerC.xml,ExpectedResult: SAFE UltimateResult: SAFE   [ShortDescription: All specifications hold LongDescription: 1 specifications checked. All of them hold],130322564.0,1980235776,7,0,301,0,385,21,1.0
,locks,test_locks_11_true-unreach-call_false-termination.c,SP-IC.epf,AutomizerC.xml,ExpectedResult: SAFE UltimateResult: SAFE   [ShortDescription: All specifications hold LongDescription: 1 specifications checked. All of them hold],222126629.0,979894272,11,0,627,0,847,33,1.0
,locks,test_locks_10_true-unreach-call.c,SP.epf,AutomizerC.xml,ExpectedResult: SAFE UltimateResult: TIMEOUT   [ShortDescription: Timeout LongDescription: Timout or Toolchain cancelled by user],300019034354.0,1643118592,-,-,-,-,-,-,-
,locks,test_locks_11_true-unreach-call_false-termination.c,SP-LV.epf,AutomizerC.xml,ExpectedResult: SAFE UltimateResult: EXCEPTION_OR_ERROR   [ShortDescription: OutOfMemoryError LongDescription: java.lang.OutOfMemoryError: Java heap space],2703045872147.0,1913126912,-,-,-,-,-,-,-
,locks,test_locks_11_true-unreach-call_false-termination.c,SP.epf,AutomizerC.xml,ExpectedResult: SAFE UltimateResult: TIMEOUT   [ShortDescription: Timeout LongDescription: Timout or Toolchain cancelled by user],299949372736,3217031168,-,-,-,-,-,-,-
,locks,test_locks_7_true-unreach-call_false-termination.c,SP-IC-LV.epf,AutomizerC.xml,ExpectedResult: SAFE UltimateResult: SAFE   [ShortDescription: All specifications hold LongDescription: 1 specifications checked. All of them hold],186195188.0,1980235776,7,0,273,0,385,21,1.0
,locks,test_locks_8_true-unreach-call_false-termination.c,SP-IC-LV.epf,AutomizerC.xml,ExpectedResult: SAFE UltimateResult: SAFE   [ShortDescription: All specifications hold LongDescription: 1 specifications checked. All of them hold],201029269.0,2.2806528E+9,8,0,340,0,484,24,1.0
,locks,test_locks_8_true-unreach-call_false-termination.c,SP-IC.epf,AutomizerC.xml,ExpectedResult: SAFE UltimateResult: SAFE   [ShortDescription: All specifications hold LongDescription: 1 specifications checked. All of them hold],143534374.0,2.2806528E+9,8,0,372,0,484,24,1.0
,locks,test_locks_7_true-unreach-call_false-termination.c,SP.epf,AutomizerC.xml,ExpectedResult: SAFE UltimateResult: TIMEOUT   [ShortDescription: Timeout LongDescription: Unable to prove that call of __VERIFIER_error() unreachable (line 119)],321141014634.0,2.2806528E+9,24,0,9084,0,1372,72,1.0
,locks,test_locks_10_true-unreach-call.c,SP-LV.epf,AutomizerC.xml,ExpectedResult: SAFE UltimateResult: TIMEOUT   [ShortDescription: Timeout LongDescription: Timout or Toolchain cancelled by user],300356362988.0,1643118592,-,-,-,-,-,-,-
,locks,test_locks_14_false-unreach-call.c,SP-IC-LV.epf,AutomizerC.xml,ExpectedResult: UNSAFE UltimateResult: UNSAFE   a call of __VERIFIER_error() is reachable ,649427857.0,1933574144,2,0,18,0,87,3,1.0
,locks,test_locks_13_true-unreach-call.c,SP-IC-LV.epf,AutomizerC.xml,ExpectedResult: SAFE UltimateResult: SAFE   [ShortDescription: All specifications hold LongDescription: 1 specifications checked. All of them hold],556539161.0,1865416704,13,0,780,0,1144,39,1.0
,locks,test_locks_15_true-unreach-call_false-termination.c,SP-LV.epf,AutomizerC.xml,ExpectedResult: SAFE UltimateResult: EXCEPTION_OR_ERROR   [ShortDescription: OutOfMemoryError LongDescription: java.lang.OutOfMemoryError: Java heap space],1353540833872.0,1904738304,-,-,-,-,-,-,-
,locks,test_locks_5_true-unreach-call_false-termination.c,SP.epf,AutomizerC.xml,ExpectedResult: SAFE UltimateResult: SAFE   [ShortDescription: All specifications hold LongDescription: 1 specifications checked. All of them hold],11859097965.0,1836580864,31,0,8055,0,1498,93,1.0
,locks,test_locks_12_true-unreach-call_false-termination.c,SP-LV.epf,AutomizerC.xml,ExpectedResult: SAFE UltimateResult: EXCEPTION_OR_ERROR   [ShortDescription: OutOfMemoryError LongDescription: java.lang.OutOfMemoryError: Java heap space],1515647620541.0,3217555456,-,-,-,-,-,-,-
,locks,test_locks_10_true-unreach-call.c,SP-IC.epf,AutomizerC.xml,ExpectedResult: SAFE UltimateResult: SAFE   [ShortDescription: All specifications hold LongDescription: 1 specifications checked. All of them hold],329798089.0,139460608,10,0,535,0,715,30,1.0
,locks,test_locks_15_true-unreach-call_false-termination.c,SP-IC.epf,AutomizerC.xml,ExpectedResult: SAFE UltimateResult: SAFE   [ShortDescription: All specifications hold LongDescription: 1 specifications checked. All of them hold],415654333.0,1892155392,15,0,1065,0,1485,45,1.0
,locks,test_locks_15_false-unreach-call.c,SP-IC.epf,AutomizerC.xml,ExpectedResult: UNSAFE UltimateResult: UNSAFE   a call of __VERIFIER_error() is reachable ,118870376.0,1939341312,1,0,0,0,0,0,1.0
,locks,test_locks_6_true-unreach-call_false-termination.c,SP-LV.epf,AutomizerC.xml,ExpectedResult: SAFE UltimateResult: SAFE   [ShortDescription: All specifications hold LongDescription: 1 specifications checked. All of them hold],18638700470.0,1860173824,6,0,297,0,297,18,1.0
,locks,test_locks_14_false-unreach-call.c,SP-LV.epf,AutomizerC.xml,ExpectedResult: UNSAFE UltimateResult: EXCEPTION_OR_ERROR   [ShortDescription: OutOfMemoryError LongDescription: java.lang.OutOfMemoryError: Java heap space],606403224375.0,1939341312,-,-,-,-,-,-,-
,locks,test_locks_6_true-unreach-call_false-termination.c,SP.epf,AutomizerC.xml,ExpectedResult: SAFE UltimateResult: SAFE   [ShortDescription: All specifications hold LongDescription: 1 specifications checked. All of them hold],105485664311.0,1980235776,63,0,23714,0,3477,189,1.0
,locks,test_locks_9_true-unreach-call.c,SP-LV.epf,AutomizerC.xml,ExpectedResult: SAFE UltimateResult: TIMEOUT   [ShortDescription: Timeout LongDescription: Timout or Toolchain cancelled by user],300046649170.0,2517630976,-,-,-,-,-,-,-
,locks,test_locks_5_true-unreach-call_false-termination.c,SP-LV.epf,AutomizerC.xml,ExpectedResult: SAFE UltimateResult: SAFE   [ShortDescription: All specifications hold LongDescription: 1 specifications checked. All of them hold],2876462652.0,1881669632,5,0,220,0,220,15,1.0
,locks,test_locks_12_true-unreach-call_false-termination.c,SP-IC-LV.epf,AutomizerC.xml,ExpectedResult: SAFE UltimateResult: SAFE   [ShortDescription: All specifications hold LongDescription: 1 specifications checked. All of them hold],518941074,3217555456,12,0,678,0,990,36,1.0


################################# Summary #######################
Safe: 26
Unsafe: 7
Timeout: 9
Error: 10
Expected Safe: 44
Expected Unsafe: 8
Total: 52
CSV conversion gone wrong: 0

################################# Latex #######################
\newcommand{\headcolor}{}
\newcommand{\header}[1]{\parbox{2.8em}{\centering #1}\headcolor}
\newcommand{\folder}[1]{\parbox{5em}{#1}}
\begin{table}
\centering
\resizebox{\linewidth}{!}{%
\begin{tabu} to \linewidth {lcllcrrrr}
\toprule
  \header{}& 
  \header{\#}&
  \header{Result}&
  \header{Variant}& 
  \header{Count}&
  \header{Avg. runtime}&
  \header{Mem{-}ory}&
  \header{Iter{-}ations}&
  \header{ICC}\\
  \cmidrule(r){2-9}
\multirow{16}{*}{\folder{locks}} &
\multirow{4}{*}{2} &
\multirow{4}{*}{\folder{Unsafe}} 
 & SP-IC.epf & 2 & 0.17 s & 1849.50 MB & 1 & 100.00\%\\
 &  &  & SP.epf & 2 & 0.52 s & 1839.75 MB & 2 & 100.00\%\\
 &  &  & SP-IC-LV.epf & 2 & 0.42 s & 1843.50 MB & 2 & 100.00\%\\
 &  &  & SP-LV.epf & 1 & 0.13 s & 1855.00 MB & 1 & 100.00\%\\
  \cmidrule[0.01em](l){2-9}
& \multirow{4}{*}{11} &
\multirow{4}{*}{\folder{Safe}} 
 & SP-IC.epf & 11 & 0.27 s & 1766.32 MB & 10 & 100.00\%\\
 &  &  & SP.epf & 2 & 58.67 s & 1820.00 MB & 47 & 100.00\%\\
 &  &  & SP-IC-LV.epf & 11 & 0.46 s & 1777.68 MB & 10 & 100.00\%\\
 &  &  & SP-LV.epf & 2 & 10.76 s & 1784.25 MB & 5 & 100.00\%\\
  \cmidrule[0.01em](l){2-9}
& \multirow{4}{*}{13} &
\multirow{4}{*}{\folder{Completed}} 
 & SP-IC.epf & 13 & 0.25 s & 1779.12 MB & 8 & 100.00\%\\
 &  &  & SP.epf & 4 & 29.60 s & 1829.88 MB & 24 & 100.00\%\\
 &  &  & SP-IC-LV.epf & 13 & 0.45 s & 1787.81 MB & 8 & 100.00\%\\
 &  &  & SP-LV.epf & 3 & 7.21 s & 1807.83 MB & 4 & 100.00\%\\
  \cmidrule[0.01em](l){2-9}
& & \multirow{4}{*}{\folder{Timeout}} 
 & SP-IC.epf & 0 & - & - & - & -\\
 &  &  & SP.epf & 5 & 320.12 s & 2309.50 MB & 5 & 40.00\%\\
 &  &  & SP-IC-LV.epf & 0 & - & - & - & -\\
 &  &  & SP-LV.epf & 4 & 307.73 s & 2034.25 MB & - & -\\
\bottomrule
& & & & & & & & \\
\end{tabu}}
\caption{Results for AutomizerC.xml.}
\end{table}