======= King of the Hill for SUCCESS =======
The 2 toolchain/settings pairs
    Toolchain/storage/ultimate/trunk/examples/toolchains/LTLAutomizerCInline.xml, Setting/storage/ultimate/trunk/examples/settings/ltlAutomizer/Default-LBE-Multi+SBE-StagedBlast.epf
    Toolchain/storage/ultimate/trunk/examples/toolchains/LTLAutomizerCInline.xml, Setting/storage/ultimate/trunk/examples/settings/ltlAutomizer/Default-LBE-Multi+SBE+SASBE-StagedBlast.epf
are exactly the pairs were the result was SUCCESS on the following 1 files
  /storage/ultimate/trunk/examples/LTL/koskinen/ltlcmodelchecker-benchmarks/20-windows_os_frag6.c

The 4 toolchain/settings pairs
    Toolchain/storage/ultimate/trunk/examples/toolchains/LTLAutomizerCInline.xml, Setting/storage/ultimate/trunk/examples/settings/ltlAutomizer/None.epf
    Toolchain/storage/ultimate/trunk/examples/toolchains/LTLAutomizerCInline.xml, Setting/storage/ultimate/trunk/examples/settings/ltlAutomizer/Default-LBE-Single.epf
    Toolchain/storage/ultimate/trunk/examples/toolchains/LTLAutomizerCInline.xml, Setting/storage/ultimate/trunk/examples/settings/ltlAutomizer/Default.epf
    Toolchain/storage/ultimate/trunk/examples/toolchains/LTLAutomizerCInline.xml, Setting/storage/ultimate/trunk/examples/settings/ltlAutomizer/Default-LBE-SNME.epf
are exactly the pairs were the result was SUCCESS on the following 2 files
  /storage/ultimate/trunk/examples/LTL/rers2012correctencoding/P16/Problem16_prop_004.c
  /storage/ultimate/trunk/examples/LTL/rers2012/P16/Problem16_prop_004.c

The 8 toolchain/settings pairs
    Toolchain/storage/ultimate/trunk/examples/toolchains/LTLAutomizerCInline.xml, Setting/storage/ultimate/trunk/examples/settings/ltlAutomizer/Default-LBE-Multi+SBE.epf
    Toolchain/storage/ultimate/trunk/examples/toolchains/LTLAutomizerCInline.xml, Setting/storage/ultimate/trunk/examples/settings/ltlAutomizer/Default-LBE-Multi+SBE-StagedBlast.epf
    Toolchain/storage/ultimate/trunk/examples/toolchains/LTLAutomizerCInline.xml, Setting/storage/ultimate/trunk/examples/settings/ltlAutomizer/Default-LBE-Multi+SBE+SASBE-StagedBlast.epf
    Toolchain/storage/ultimate/trunk/examples/toolchains/LTLAutomizerCInline.xml, Setting/storage/ultimate/trunk/examples/settings/ltlAutomizer/Default-LBE-Multi+SBE+SASBE.epf
    Toolchain/storage/ultimate/trunk/examples/toolchains/LTLAutomizerCInline.xml, Setting/storage/ultimate/trunk/examples/settings/ltlAutomizer/Default-LBE-Multi+SBE+IB-StagedBlast.epf
    Toolchain/storage/ultimate/trunk/examples/toolchains/LTLAutomizerCInline.xml, Setting/storage/ultimate/trunk/examples/settings/ltlAutomizer/Default-LBE-Multi+SBE+SASBE+IB.epf
    Toolchain/storage/ultimate/trunk/examples/toolchains/LTLAutomizerCInline.xml, Setting/storage/ultimate/trunk/examples/settings/ltlAutomizer/Default-LBE-Multi+SBE+IB.epf
    Toolchain/storage/ultimate/trunk/examples/toolchains/LTLAutomizerCInline.xml, Setting/storage/ultimate/trunk/examples/settings/ltlAutomizer/Default-LBE-Multi+SBE+SASBE+IB-StagedBlast.epf
are exactly the pairs were the result was SUCCESS on the following 1 files
  /storage/ultimate/trunk/examples/LTL/simple/rers-test.c

The 9 toolchain/settings pairs
    Toolchain/storage/ultimate/trunk/examples/toolchains/LTLAutomizerCInline.xml, Setting/storage/ultimate/trunk/examples/settings/ltlAutomizer/None.epf
    Toolchain/storage/ultimate/trunk/examples/toolchains/LTLAutomizerC.xml, Setting/storage/ultimate/trunk/examples/settings/ltlAutomizer/Default-LBE-Single.epf
    Toolchain/storage/ultimate/trunk/examples/toolchains/LTLAutomizerCInline.xml, Setting/storage/ultimate/trunk/examples/settings/ltlAutomizer/Default-LBE-Single.epf
    Toolchain/storage/ultimate/trunk/examples/toolchains/LTLAutomizerC.xml, Setting/storage/ultimate/trunk/examples/settings/ltlAutomizer/Default-LBE-SNME.epf
    Toolchain/storage/ultimate/trunk/examples/toolchains/LTLAutomizerC.xml, Setting/storage/ultimate/trunk/examples/settings/ltlAutomizer/Default.epf
    Toolchain/storage/ultimate/trunk/examples/toolchains/LTLAutomizerC.xml, Setting/storage/ultimate/trunk/examples/settings/ltlAutomizer/None.epf
    Toolchain/storage/ultimate/trunk/examples/toolchains/LTLAutomizerCInline.xml, Setting/storage/ultimate/trunk/examples/settings/ltlAutomizer/None+LBE-Multi.epf
    Toolchain/storage/ultimate/trunk/examples/toolchains/LTLAutomizerCInline.xml, Setting/storage/ultimate/trunk/examples/settings/ltlAutomizer/Default.epf
    Toolchain/storage/ultimate/trunk/examples/toolchains/LTLAutomizerCInline.xml, Setting/storage/ultimate/trunk/examples/settings/ltlAutomizer/Default-LBE-SNME.epf
are exactly the pairs were the result was SUCCESS on the following 1 files
  /storage/ultimate/trunk/examples/LTL/rers2012correctencoding/P15/Problem15_prop_011.c

The 13 toolchain/settings pairs
    Toolchain/storage/ultimate/trunk/examples/toolchains/LTLAutomizerCInline.xml, Setting/storage/ultimate/trunk/examples/settings/ltlAutomizer/Default-LBE-Multi-StagedBlast.epf
    Toolchain/storage/ultimate/trunk/examples/toolchains/LTLAutomizerCInline.xml, Setting/storage/ultimate/trunk/examples/settings/ltlAutomizer/Default-LBE-Multi+NondetBuchi.epf
    Toolchain/storage/ultimate/trunk/examples/toolchains/LTLAutomizerC.xml, Setting/storage/ultimate/trunk/examples/settings/ltlAutomizer/Default-LBE-Single.epf
    Toolchain/storage/ultimate/trunk/examples/toolchains/LTLAutomizerCInline.xml, Setting/storage/ultimate/trunk/examples/settings/ltlAutomizer/Default-LBE-Single.epf
    Toolchain/storage/ultimate/trunk/examples/toolchains/LTLAutomizerC.xml, Setting/storage/ultimate/trunk/examples/settings/ltlAutomizer/Default.epf
    Toolchain/storage/ultimate/trunk/examples/toolchains/LTLAutomizerCInline.xml, Setting/storage/ultimate/trunk/examples/settings/ltlAutomizer/Default-LBE-Multi-SMTInterpol.epf
    Toolchain/storage/ultimate/trunk/examples/toolchains/LTLAutomizerCInline.xml, Setting/storage/ultimate/trunk/examples/settings/ltlAutomizer/Default.epf
    Toolchain/storage/ultimate/trunk/examples/toolchains/LTLAutomizerCInline.xml, Setting/storage/ultimate/trunk/examples/settings/ltlAutomizer/None.epf
    Toolchain/storage/ultimate/trunk/examples/toolchains/LTLAutomizerC.xml, Setting/storage/ultimate/trunk/examples/settings/ltlAutomizer/Default-LBE-SNME.epf
    Toolchain/storage/ultimate/trunk/examples/toolchains/LTLAutomizerCInline.xml, Setting/storage/ultimate/trunk/examples/settings/ltlAutomizer/None+LBE-Multi.epf
    Toolchain/storage/ultimate/trunk/examples/toolchains/LTLAutomizerC.xml, Setting/storage/ultimate/trunk/examples/settings/ltlAutomizer/None.epf
    Toolchain/storage/ultimate/trunk/examples/toolchains/LTLAutomizerCInline.xml, Setting/storage/ultimate/trunk/examples/settings/ltlAutomizer/Default-LBE-SNME.epf
    Toolchain/storage/ultimate/trunk/examples/toolchains/LTLAutomizerCInline.xml, Setting/storage/ultimate/trunk/examples/settings/ltlAutomizer/Default-LBE-Multi.epf
are exactly the pairs were the result was SUCCESS on the following 1 files
  /storage/ultimate/trunk/examples/LTL/rers2012/P15/Problem15_prop_011.c

The 13 toolchain/settings pairs
    Toolchain/storage/ultimate/trunk/examples/toolchains/LTLAutomizerC.xml, Setting/storage/ultimate/trunk/examples/settings/ltlAutomizer/Default-LBE-Single.epf
    Toolchain/storage/ultimate/trunk/examples/toolchains/LTLAutomizerCInline.xml, Setting/storage/ultimate/trunk/examples/settings/ltlAutomizer/Default-LBE-Single.epf
    Toolchain/storage/ultimate/trunk/examples/toolchains/LTLAutomizerC.xml, Setting/storage/ultimate/trunk/examples/settings/ltlAutomizer/Default.epf
    Toolchain/storage/ultimate/trunk/examples/toolchains/LTLAutomizerC.xml, Setting/storage/ultimate/trunk/examples/settings/ltlAutomizer/None+LBE-Multi.epf
    Toolchain/storage/ultimate/trunk/examples/toolchains/LTLAutomizerC.xml, Setting/storage/ultimate/trunk/examples/settings/ltlAutomizer/Default-LBE-Multi+NondetBuchi.epf
    Toolchain/storage/ultimate/trunk/examples/toolchains/LTLAutomizerCInline.xml, Setting/storage/ultimate/trunk/examples/settings/ltlAutomizer/Default.epf
    Toolchain/storage/ultimate/trunk/examples/toolchains/LTLAutomizerC.xml, Setting/storage/ultimate/trunk/examples/settings/ltlAutomizer/Default-LBE-Multi-StagedBlast.epf
    Toolchain/storage/ultimate/trunk/examples/toolchains/LTLAutomizerCInline.xml, Setting/storage/ultimate/trunk/examples/settings/ltlAutomizer/None.epf
    Toolchain/storage/ultimate/trunk/examples/toolchains/LTLAutomizerC.xml, Setting/storage/ultimate/trunk/examples/settings/ltlAutomizer/Default-LBE-Multi.epf
    Toolchain/storage/ultimate/trunk/examples/toolchains/LTLAutomizerC.xml, Setting/storage/ultimate/trunk/examples/settings/ltlAutomizer/Default-LBE-SNME.epf
    Toolchain/storage/ultimate/trunk/examples/toolchains/LTLAutomizerC.xml, Setting/storage/ultimate/trunk/examples/settings/ltlAutomizer/None.epf
    Toolchain/storage/ultimate/trunk/examples/toolchains/LTLAutomizerC.xml, Setting/storage/ultimate/trunk/examples/settings/ltlAutomizer/Default-LBE-Multi-SMTInterpol.epf
    Toolchain/storage/ultimate/trunk/examples/toolchains/LTLAutomizerCInline.xml, Setting/storage/ultimate/trunk/examples/settings/ltlAutomizer/Default-LBE-SNME.epf
are exactly the pairs were the result was SUCCESS on the following 1 files
  /storage/ultimate/trunk/examples/LTL/rers2012correctencoding/P17/Problem17_prop_031.c

The 15 toolchain/settings pairs
    Toolchain/storage/ultimate/trunk/examples/toolchains/LTLAutomizerC.xml, Setting/storage/ultimate/trunk/examples/settings/ltlAutomizer/Default-LBE-Multi+IB.epf
    Toolchain/storage/ultimate/trunk/examples/toolchains/LTLAutomizerC.xml, Setting/storage/ultimate/trunk/examples/settings/ltlAutomizer/Default-LBE-Single.epf
    Toolchain/storage/ultimate/trunk/examples/toolchains/LTLAutomizerCInline.xml, Setting/storage/ultimate/trunk/examples/settings/ltlAutomizer/Default-LBE-Single.epf
    Toolchain/storage/ultimate/trunk/examples/toolchains/LTLAutomizerC.xml, Setting/storage/ultimate/trunk/examples/settings/ltlAutomizer/Default.epf
    Toolchain/storage/ultimate/trunk/examples/toolchains/LTLAutomizerC.xml, Setting/storage/ultimate/trunk/examples/settings/ltlAutomizer/None+LBE-Multi.epf
    Toolchain/storage/ultimate/trunk/examples/toolchains/LTLAutomizerC.xml, Setting/storage/ultimate/trunk/examples/settings/ltlAutomizer/Default-LBE-Multi+NondetBuchi.epf
    Toolchain/storage/ultimate/trunk/examples/toolchains/LTLAutomizerCInline.xml, Setting/storage/ultimate/trunk/examples/settings/ltlAutomizer/Default.epf
    Toolchain/storage/ultimate/trunk/examples/toolchains/LTLAutomizerC.xml, Setting/storage/ultimate/trunk/examples/settings/ltlAutomizer/Default-LBE-Multi-StagedBlast.epf
    Toolchain/storage/ultimate/trunk/examples/toolchains/LTLAutomizerCInline.xml, Setting/storage/ultimate/trunk/examples/settings/ltlAutomizer/None.epf
    Toolchain/storage/ultimate/trunk/examples/toolchains/LTLAutomizerCInline.xml, Setting/storage/ultimate/trunk/examples/settings/ltlAutomizer/Default-LBE-Multi-z3.epf
    Toolchain/storage/ultimate/trunk/examples/toolchains/LTLAutomizerC.xml, Setting/storage/ultimate/trunk/examples/settings/ltlAutomizer/Default-LBE-Multi.epf
    Toolchain/storage/ultimate/trunk/examples/toolchains/LTLAutomizerC.xml, Setting/storage/ultimate/trunk/examples/settings/ltlAutomizer/Default-LBE-SNME.epf
    Toolchain/storage/ultimate/trunk/examples/toolchains/LTLAutomizerC.xml, Setting/storage/ultimate/trunk/examples/settings/ltlAutomizer/None.epf
    Toolchain/storage/ultimate/trunk/examples/toolchains/LTLAutomizerCInline.xml, Setting/storage/ultimate/trunk/examples/settings/ltlAutomizer/None+LBE-Multi.epf
    Toolchain/storage/ultimate/trunk/examples/toolchains/LTLAutomizerCInline.xml, Setting/storage/ultimate/trunk/examples/settings/ltlAutomizer/Default-LBE-SNME.epf
are exactly the pairs were the result was SUCCESS on the following 1 files
  /storage/ultimate/trunk/examples/LTL/rers2012/P14/Problem14_prop_022.c

The 16 toolchain/settings pairs
    Toolchain/storage/ultimate/trunk/examples/toolchains/LTLAutomizerC.xml, Setting/storage/ultimate/trunk/examples/settings/ltlAutomizer/Default-LBE-Multi+IB.epf
    Toolchain/storage/ultimate/trunk/examples/toolchains/LTLAutomizerC.xml, Setting/storage/ultimate/trunk/examples/settings/ltlAutomizer/Default-LBE-Multi+SBE+SASBE+IB-StagedBlast.epf
    Toolchain/storage/ultimate/trunk/examples/toolchains/LTLAutomizerC.xml, Setting/storage/ultimate/trunk/examples/settings/ltlAutomizer/Default-LBE-Multi-z3interpol.epf
    Toolchain/storage/ultimate/trunk/examples/toolchains/LTLAutomizerC.xml, Setting/storage/ultimate/trunk/examples/settings/ltlAutomizer/None+LBE-Multi.epf
    Toolchain/storage/ultimate/trunk/examples/toolchains/LTLAutomizerC.xml, Setting/storage/ultimate/trunk/examples/settings/ltlAutomizer/Default-LBE-Multi-z3.epf
    Toolchain/storage/ultimate/trunk/examples/toolchains/LTLAutomizerC.xml, Setting/storage/ultimate/trunk/examples/settings/ltlAutomizer/Default-LBE-Multi+SBE+SASBE-StagedBlast.epf
    Toolchain/storage/ultimate/trunk/examples/toolchains/LTLAutomizerC.xml, Setting/storage/ultimate/trunk/examples/settings/ltlAutomizer/Default-LBE-Multi+SBE-StagedBlast.epf
    Toolchain/storage/ultimate/trunk/examples/toolchains/LTLAutomizerC.xml, Setting/storage/ultimate/trunk/examples/settings/ltlAutomizer/Default-LBE-Multi+NondetBuchi.epf
    Toolchain/storage/ultimate/trunk/examples/toolchains/LTLAutomizerC.xml, Setting/storage/ultimate/trunk/examples/settings/ltlAutomizer/Default-LBE-Multi-StagedBlast.epf
    Toolchain/storage/ultimate/trunk/examples/toolchains/LTLAutomizerC.xml, Setting/storage/ultimate/trunk/examples/settings/ltlAutomizer/Default-LBE-Multi+SBE.epf
    Toolchain/storage/ultimate/trunk/examples/toolchains/LTLAutomizerC.xml, Setting/storage/ultimate/trunk/examples/settings/ltlAutomizer/Default-LBE-Multi+SBE+SASBE.epf
    Toolchain/storage/ultimate/trunk/examples/toolchains/LTLAutomizerC.xml, Setting/storage/ultimate/trunk/examples/settings/ltlAutomizer/Default-LBE-Multi.epf
    Toolchain/storage/ultimate/trunk/examples/toolchains/LTLAutomizerC.xml, Setting/storage/ultimate/trunk/examples/settings/ltlAutomizer/Default-LBE-Multi+SBE+IB.epf
    Toolchain/storage/ultimate/trunk/examples/toolchains/LTLAutomizerC.xml, Setting/storage/ultimate/trunk/examples/settings/ltlAutomizer/Default-LBE-Multi-SMTInterpol.epf
    Toolchain/storage/ultimate/trunk/examples/toolchains/LTLAutomizerC.xml, Setting/storage/ultimate/trunk/examples/settings/ltlAutomizer/Default-LBE-Multi+SBE+IB-StagedBlast.epf
    Toolchain/storage/ultimate/trunk/examples/toolchains/LTLAutomizerC.xml, Setting/storage/ultimate/trunk/examples/settings/ltlAutomizer/Default-LBE-Multi+SBE+SASBE+IB.epf
are exactly the pairs were the result was SUCCESS on the following 1 files
  /storage/ultimate/trunk/examples/LTL/koskinen/ltlcmodelchecker-benchmarks/18-windows_os_frag4_prop2.c

The 16 toolchain/settings pairs
    Toolchain/storage/ultimate/trunk/examples/toolchains/LTLAutomizerC.xml, Setting/storage/ultimate/trunk/examples/settings/ltlAutomizer/Default-LBE-Multi+SBE+SASBE+IB-StagedBlast.epf
    Toolchain/storage/ultimate/trunk/examples/toolchains/LTLAutomizerCInline.xml, Setting/storage/ultimate/trunk/examples/settings/ltlAutomizer/Default-LBE-Multi+SBE.epf
    Toolchain/storage/ultimate/trunk/examples/toolchains/LTLAutomizerCInline.xml, Setting/storage/ultimate/trunk/examples/settings/ltlAutomizer/Default-LBE-Multi+SBE-StagedBlast.epf
    Toolchain/storage/ultimate/trunk/examples/toolchains/LTLAutomizerCInline.xml, Setting/storage/ultimate/trunk/examples/settings/ltlAutomizer/Default-LBE-Multi+SBE+SASBE-StagedBlast.epf
    Toolchain/storage/ultimate/trunk/examples/toolchains/LTLAutomizerC.xml, Setting/storage/ultimate/trunk/examples/settings/ltlAutomizer/Default-LBE-Multi+SBE-StagedBlast.epf
    Toolchain/storage/ultimate/trunk/examples/toolchains/LTLAutomizerC.xml, Setting/storage/ultimate/trunk/examples/settings/ltlAutomizer/Default-LBE-Multi+SBE+SASBE-StagedBlast.epf
    Toolchain/storage/ultimate/trunk/examples/toolchains/LTLAutomizerCInline.xml, Setting/storage/ultimate/trunk/examples/settings/ltlAutomizer/Default-LBE-Multi+SBE+SASBE.epf
    Toolchain/storage/ultimate/trunk/examples/toolchains/LTLAutomizerCInline.xml, Setting/storage/ultimate/trunk/examples/settings/ltlAutomizer/Default-LBE-Multi+SBE+IB.epf
    Toolchain/storage/ultimate/trunk/examples/toolchains/LTLAutomizerC.xml, Setting/storage/ultimate/trunk/examples/settings/ltlAutomizer/Default-LBE-Multi+SBE.epf
    Toolchain/storage/ultimate/trunk/examples/toolchains/LTLAutomizerC.xml, Setting/storage/ultimate/trunk/examples/settings/ltlAutomizer/Default-LBE-Multi+SBE+SASBE.epf
    Toolchain/storage/ultimate/trunk/examples/toolchains/LTLAutomizerC.xml, Setting/storage/ultimate/trunk/examples/settings/ltlAutomizer/Default-LBE-Multi+SBE+IB.epf
    Toolchain/storage/ultimate/trunk/examples/toolchains/LTLAutomizerCInline.xml, Setting/storage/ultimate/trunk/examples/settings/ltlAutomizer/Default-LBE-Multi+SBE+IB-StagedBlast.epf
    Toolchain/storage/ultimate/trunk/examples/toolchains/LTLAutomizerCInline.xml, Setting/storage/ultimate/trunk/examples/settings/ltlAutomizer/Default-LBE-Multi+SBE+SASBE+IB.epf
    Toolchain/storage/ultimate/trunk/examples/toolchains/LTLAutomizerC.xml, Setting/storage/ultimate/trunk/examples/settings/ltlAutomizer/Default-LBE-Multi+SBE+IB-StagedBlast.epf
    Toolchain/storage/ultimate/trunk/examples/toolchains/LTLAutomizerC.xml, Setting/storage/ultimate/trunk/examples/settings/ltlAutomizer/Default-LBE-Multi+SBE+SASBE+IB.epf
    Toolchain/storage/ultimate/trunk/examples/toolchains/LTLAutomizerCInline.xml, Setting/storage/ultimate/trunk/examples/settings/ltlAutomizer/Default-LBE-Multi+SBE+SASBE+IB-StagedBlast.epf
are exactly the pairs were the result was SUCCESS on the following 1 files
  /storage/ultimate/trunk/examples/LTL/simple/rers-test-inlined_withtmp.c

The 18 toolchain/settings pairs
    Toolchain/storage/ultimate/trunk/examples/toolchains/LTLAutomizerC.xml, Setting/storage/ultimate/trunk/examples/settings/ltlAutomizer/Default-LBE-Multi+IB.epf
    Toolchain/storage/ultimate/trunk/examples/toolchains/LTLAutomizerCInline.xml, Setting/storage/ultimate/trunk/examples/settings/ltlAutomizer/Default-LBE-Multi-StagedBlast.epf
    Toolchain/storage/ultimate/trunk/examples/toolchains/LTLAutomizerCInline.xml, Setting/storage/ultimate/trunk/examples/settings/ltlAutomizer/Default-LBE-Multi+NondetBuchi.epf
    Toolchain/storage/ultimate/trunk/examples/toolchains/LTLAutomizerC.xml, Setting/storage/ultimate/trunk/examples/settings/ltlAutomizer/Default-LBE-Single.epf
    Toolchain/storage/ultimate/trunk/examples/toolchains/LTLAutomizerCInline.xml, Setting/storage/ultimate/trunk/examples/settings/ltlAutomizer/Default-LBE-Single.epf
    Toolchain/storage/ultimate/trunk/examples/toolchains/LTLAutomizerC.xml, Setting/storage/ultimate/trunk/examples/settings/ltlAutomizer/None+LBE-Multi.epf
    Toolchain/storage/ultimate/trunk/examples/toolchains/LTLAutomizerC.xml, Setting/storage/ultimate/trunk/examples/settings/ltlAutomizer/Default.epf
    Toolchain/storage/ultimate/trunk/examples/toolchains/LTLAutomizerCInline.xml, Setting/storage/ultimate/trunk/examples/settings/ltlAutomizer/Default-LBE-Multi-SMTInterpol.epf
    Toolchain/storage/ultimate/trunk/examples/toolchains/LTLAutomizerC.xml, Setting/storage/ultimate/trunk/examples/settings/ltlAutomizer/Default-LBE-Multi+NondetBuchi.epf
    Toolchain/storage/ultimate/trunk/examples/toolchains/LTLAutomizerCInline.xml, Setting/storage/ultimate/trunk/examples/settings/ltlAutomizer/Default.epf
    Toolchain/storage/ultimate/trunk/examples/toolchains/LTLAutomizerC.xml, Setting/storage/ultimate/trunk/examples/settings/ltlAutomizer/Default-LBE-Multi-StagedBlast.epf
    Toolchain/storage/ultimate/trunk/examples/toolchains/LTLAutomizerCInline.xml, Setting/storage/ultimate/trunk/examples/settings/ltlAutomizer/None.epf
    Toolchain/storage/ultimate/trunk/examples/toolchains/LTLAutomizerC.xml, Setting/storage/ultimate/trunk/examples/settings/ltlAutomizer/Default-LBE-Multi.epf
    Toolchain/storage/ultimate/trunk/examples/toolchains/LTLAutomizerC.xml, Setting/storage/ultimate/trunk/examples/settings/ltlAutomizer/Default-LBE-SNME.epf
    Toolchain/storage/ultimate/trunk/examples/toolchains/LTLAutomizerC.xml, Setting/storage/ultimate/trunk/examples/settings/ltlAutomizer/None.epf
    Toolchain/storage/ultimate/trunk/examples/toolchains/LTLAutomizerC.xml, Setting/storage/ultimate/trunk/examples/settings/ltlAutomizer/Default-LBE-Multi-SMTInterpol.epf
    Toolchain/storage/ultimate/trunk/examples/toolchains/LTLAutomizerCInline.xml, Setting/storage/ultimate/trunk/examples/settings/ltlAutomizer/Default-LBE-SNME.epf
    Toolchain/storage/ultimate/trunk/examples/toolchains/LTLAutomizerCInline.xml, Setting/storage/ultimate/trunk/examples/settings/ltlAutomizer/Default-LBE-Multi.epf
are exactly the pairs were the result was SUCCESS on the following 1 files
  /storage/ultimate/trunk/examples/LTL/rers2012/P17/Problem17_prop_031.c

The 20 toolchain/settings pairs
    Toolchain/storage/ultimate/trunk/examples/toolchains/LTLAutomizerCInline.xml, Setting/storage/ultimate/trunk/examples/settings/ltlAutomizer/Default-LBE-Multi-StagedBlast.epf
    Toolchain/storage/ultimate/trunk/examples/toolchains/LTLAutomizerCInline.xml, Setting/storage/ultimate/trunk/examples/settings/ltlAutomizer/Default-LBE-Multi-z3interpol.epf
    Toolchain/storage/ultimate/trunk/examples/toolchains/LTLAutomizerCInline.xml, Setting/storage/ultimate/trunk/examples/settings/ltlAutomizer/Default-LBE-Multi+NondetBuchi.epf
    Toolchain/storage/ultimate/trunk/examples/toolchains/LTLAutomizerC.xml, Setting/storage/ultimate/trunk/examples/settings/ltlAutomizer/Default-LBE-Multi+SBE+SASBE+IB-StagedBlast.epf
    Toolchain/storage/ultimate/trunk/examples/toolchains/LTLAutomizerCInline.xml, Setting/storage/ultimate/trunk/examples/settings/ltlAutomizer/Default-LBE-Multi+SBE.epf
    Toolchain/storage/ultimate/trunk/examples/toolchains/LTLAutomizerCInline.xml, Setting/storage/ultimate/trunk/examples/settings/ltlAutomizer/Default-LBE-Multi+SBE-StagedBlast.epf
    Toolchain/storage/ultimate/trunk/examples/toolchains/LTLAutomizerCInline.xml, Setting/storage/ultimate/trunk/examples/settings/ltlAutomizer/Default-LBE-Multi+SBE+SASBE-StagedBlast.epf
    Toolchain/storage/ultimate/trunk/examples/toolchains/LTLAutomizerCInline.xml, Setting/storage/ultimate/trunk/examples/settings/ltlAutomizer/Default-LBE-Multi-SMTInterpol.epf
    Toolchain/storage/ultimate/trunk/examples/toolchains/LTLAutomizerC.xml, Setting/storage/ultimate/trunk/examples/settings/ltlAutomizer/Default-LBE-Multi+SBE+SASBE-StagedBlast.epf
    Toolchain/storage/ultimate/trunk/examples/toolchains/LTLAutomizerC.xml, Setting/storage/ultimate/trunk/examples/settings/ltlAutomizer/Default-LBE-Multi+SBE-StagedBlast.epf
    Toolchain/storage/ultimate/trunk/examples/toolchains/LTLAutomizerCInline.xml, Setting/storage/ultimate/trunk/examples/settings/ltlAutomizer/Default-LBE-Multi+SBE+SASBE.epf
    Toolchain/storage/ultimate/trunk/examples/toolchains/LTLAutomizerCInline.xml, Setting/storage/ultimate/trunk/examples/settings/ltlAutomizer/Default-LBE-Multi+SBE+IB.epf
    Toolchain/storage/ultimate/trunk/examples/toolchains/LTLAutomizerC.xml, Setting/storage/ultimate/trunk/examples/settings/ltlAutomizer/Default-LBE-Multi-StagedBlast.epf
    Toolchain/storage/ultimate/trunk/examples/toolchains/LTLAutomizerCInline.xml, Setting/storage/ultimate/trunk/examples/settings/ltlAutomizer/Default-LBE-Multi-z3.epf
    Toolchain/storage/ultimate/trunk/examples/toolchains/LTLAutomizerCInline.xml, Setting/storage/ultimate/trunk/examples/settings/ltlAutomizer/Default-LBE-Multi+SBE+IB-StagedBlast.epf
    Toolchain/storage/ultimate/trunk/examples/toolchains/LTLAutomizerCInline.xml, Setting/storage/ultimate/trunk/examples/settings/ltlAutomizer/Default-LBE-Multi+IB.epf
    Toolchain/storage/ultimate/trunk/examples/toolchains/LTLAutomizerCInline.xml, Setting/storage/ultimate/trunk/examples/settings/ltlAutomizer/Default-LBE-Multi+SBE+SASBE+IB.epf
    Toolchain/storage/ultimate/trunk/examples/toolchains/LTLAutomizerCInline.xml, Setting/storage/ultimate/trunk/examples/settings/ltlAutomizer/Default-LBE-Multi.epf
    Toolchain/storage/ultimate/trunk/examples/toolchains/LTLAutomizerC.xml, Setting/storage/ultimate/trunk/examples/settings/ltlAutomizer/Default-LBE-Multi+SBE+IB-StagedBlast.epf
    Toolchain/storage/ultimate/trunk/examples/toolchains/LTLAutomizerCInline.xml, Setting/storage/ultimate/trunk/examples/settings/ltlAutomizer/Default-LBE-Multi+SBE+SASBE+IB-StagedBlast.epf
are exactly the pairs were the result was SUCCESS on the following 1 files
  /storage/ultimate/trunk/examples/LTL/coolant/coolant_basis_2_unsafe_liveness.c

The 24 toolchain/settings pairs
    Toolchain/storage/ultimate/trunk/examples/toolchains/LTLAutomizerC.xml, Setting/storage/ultimate/trunk/examples/settings/ltlAutomizer/Default-LBE-Multi+SBE+SASBE+IB-StagedBlast.epf
    Toolchain/storage/ultimate/trunk/examples/toolchains/LTLAutomizerCInline.xml, Setting/storage/ultimate/trunk/examples/settings/ltlAutomizer/None+SBE+SASBE.epf
    Toolchain/storage/ultimate/trunk/examples/toolchains/LTLAutomizerCInline.xml, Setting/storage/ultimate/trunk/examples/settings/ltlAutomizer/Default+SBE.epf
    Toolchain/storage/ultimate/trunk/examples/toolchains/LTLAutomizerCInline.xml, Setting/storage/ultimate/trunk/examples/settings/ltlAutomizer/Default-LBE-Multi+SBE.epf
    Toolchain/storage/ultimate/trunk/examples/toolchains/LTLAutomizerCInline.xml, Setting/storage/ultimate/trunk/examples/settings/ltlAutomizer/Default-LBE-Multi+SBE-StagedBlast.epf
    Toolchain/storage/ultimate/trunk/examples/toolchains/LTLAutomizerCInline.xml, Setting/storage/ultimate/trunk/examples/settings/ltlAutomizer/Default-LBE-Multi+SBE+SASBE-StagedBlast.epf
    Toolchain/storage/ultimate/trunk/examples/toolchains/LTLAutomizerC.xml, Setting/storage/ultimate/trunk/examples/settings/ltlAutomizer/Default-LBE-Multi+SBE-StagedBlast.epf
    Toolchain/storage/ultimate/trunk/examples/toolchains/LTLAutomizerC.xml, Setting/storage/ultimate/trunk/examples/settings/ltlAutomizer/Default-LBE-Multi+SBE+SASBE-StagedBlast.epf
    Toolchain/storage/ultimate/trunk/examples/toolchains/LTLAutomizerCInline.xml, Setting/storage/ultimate/trunk/examples/settings/ltlAutomizer/Default-LBE-Multi+SBE+SASBE.epf
    Toolchain/storage/ultimate/trunk/examples/toolchains/LTLAutomizerCInline.xml, Setting/storage/ultimate/trunk/examples/settings/ltlAutomizer/None+SBE.epf
    Toolchain/storage/ultimate/trunk/examples/toolchains/LTLAutomizerCInline.xml, Setting/storage/ultimate/trunk/examples/settings/ltlAutomizer/Default+SBE+SASBE.epf
    Toolchain/storage/ultimate/trunk/examples/toolchains/LTLAutomizerCInline.xml, Setting/storage/ultimate/trunk/examples/settings/ltlAutomizer/Default-LBE-Multi+SBE+IB.epf
    Toolchain/storage/ultimate/trunk/examples/toolchains/LTLAutomizerC.xml, Setting/storage/ultimate/trunk/examples/settings/ltlAutomizer/Default-LBE-Multi+SBE.epf
    Toolchain/storage/ultimate/trunk/examples/toolchains/LTLAutomizerC.xml, Setting/storage/ultimate/trunk/examples/settings/ltlAutomizer/Default+SBE.epf
    Toolchain/storage/ultimate/trunk/examples/toolchains/LTLAutomizerC.xml, Setting/storage/ultimate/trunk/examples/settings/ltlAutomizer/Default-LBE-Multi+SBE+SASBE.epf
    Toolchain/storage/ultimate/trunk/examples/toolchains/LTLAutomizerC.xml, Setting/storage/ultimate/trunk/examples/settings/ltlAutomizer/None+SBE+SASBE.epf
    Toolchain/storage/ultimate/trunk/examples/toolchains/LTLAutomizerC.xml, Setting/storage/ultimate/trunk/examples/settings/ltlAutomizer/Default-LBE-Multi+SBE+IB.epf
    Toolchain/storage/ultimate/trunk/examples/toolchains/LTLAutomizerCInline.xml, Setting/storage/ultimate/trunk/examples/settings/ltlAutomizer/Default-LBE-Multi+SBE+IB-StagedBlast.epf
    Toolchain/storage/ultimate/trunk/examples/toolchains/LTLAutomizerC.xml, Setting/storage/ultimate/trunk/examples/settings/ltlAutomizer/Default+SBE+SASBE.epf
    Toolchain/storage/ultimate/trunk/examples/toolchains/LTLAutomizerCInline.xml, Setting/storage/ultimate/trunk/examples/settings/ltlAutomizer/Default-LBE-Multi+SBE+SASBE+IB.epf
    Toolchain/storage/ultimate/trunk/examples/toolchains/LTLAutomizerC.xml, Setting/storage/ultimate/trunk/examples/settings/ltlAutomizer/None+SBE.epf
    Toolchain/storage/ultimate/trunk/examples/toolchains/LTLAutomizerC.xml, Setting/storage/ultimate/trunk/examples/settings/ltlAutomizer/Default-LBE-Multi+SBE+IB-StagedBlast.epf
    Toolchain/storage/ultimate/trunk/examples/toolchains/LTLAutomizerC.xml, Setting/storage/ultimate/trunk/examples/settings/ltlAutomizer/Default-LBE-Multi+SBE+SASBE+IB.epf
    Toolchain/storage/ultimate/trunk/examples/toolchains/LTLAutomizerCInline.xml, Setting/storage/ultimate/trunk/examples/settings/ltlAutomizer/Default-LBE-Multi+SBE+SASBE+IB-StagedBlast.epf
are exactly the pairs were the result was SUCCESS on the following 1 files
  /storage/ultimate/trunk/examples/LTL/simple/rers-test-inlined.c

The 26 toolchain/settings pairs
    Toolchain/storage/ultimate/trunk/examples/toolchains/LTLAutomizerC.xml, Setting/storage/ultimate/trunk/examples/settings/ltlAutomizer/Default-LBE-Multi+IB.epf
    Toolchain/storage/ultimate/trunk/examples/toolchains/LTLAutomizerCInline.xml, Setting/storage/ultimate/trunk/examples/settings/ltlAutomizer/Default-LBE-Multi+NondetBuchi.epf
    Toolchain/storage/ultimate/trunk/examples/toolchains/LTLAutomizerCInline.xml, Setting/storage/ultimate/trunk/examples/settings/ltlAutomizer/Default-LBE-Multi+SBE-StagedBlast.epf
    Toolchain/storage/ultimate/trunk/examples/toolchains/LTLAutomizerC.xml, Setting/storage/ultimate/trunk/examples/settings/ltlAutomizer/Default-LBE-Multi-z3interpol.epf
    Toolchain/storage/ultimate/trunk/examples/toolchains/LTLAutomizerC.xml, Setting/storage/ultimate/trunk/examples/settings/ltlAutomizer/Default-LBE-Multi+SBE-StagedBlast.epf
    Toolchain/storage/ultimate/trunk/examples/toolchains/LTLAutomizerCInline.xml, Setting/storage/ultimate/trunk/examples/settings/ltlAutomizer/Default-LBE-Multi-SMTInterpol.epf
    Toolchain/storage/ultimate/trunk/examples/toolchains/LTLAutomizerCInline.xml, Setting/storage/ultimate/trunk/examples/settings/ltlAutomizer/Default-LBE-Multi-z3.epf
    Toolchain/storage/ultimate/trunk/examples/toolchains/LTLAutomizerC.xml, Setting/storage/ultimate/trunk/examples/settings/ltlAutomizer/Default-LBE-Multi+SBE+IB.epf
    Toolchain/storage/ultimate/trunk/examples/toolchains/LTLAutomizerC.xml, Setting/storage/ultimate/trunk/examples/settings/ltlAutomizer/Default-LBE-Multi-SMTInterpol.epf
    Toolchain/storage/ultimate/trunk/examples/toolchains/LTLAutomizerC.xml, Setting/storage/ultimate/trunk/examples/settings/ltlAutomizer/Default-LBE-Multi+SBE+SASBE+IB.epf
    Toolchain/storage/ultimate/trunk/examples/toolchains/LTLAutomizerCInline.xml, Setting/storage/ultimate/trunk/examples/settings/ltlAutomizer/Default-LBE-Multi-StagedBlast.epf
    Toolchain/storage/ultimate/trunk/examples/toolchains/LTLAutomizerCInline.xml, Setting/storage/ultimate/trunk/examples/settings/ltlAutomizer/Default-LBE-Multi-z3interpol.epf
    Toolchain/storage/ultimate/trunk/examples/toolchains/LTLAutomizerC.xml, Setting/storage/ultimate/trunk/examples/settings/ltlAutomizer/Default-LBE-Multi+SBE+SASBE+IB-StagedBlast.epf
    Toolchain/storage/ultimate/trunk/examples/toolchains/LTLAutomizerCInline.xml, Setting/storage/ultimate/trunk/examples/settings/ltlAutomizer/Default-LBE-Multi+SBE.epf
    Toolchain/storage/ultimate/trunk/examples/toolchains/LTLAutomizerCInline.xml, Setting/storage/ultimate/trunk/examples/settings/ltlAutomizer/Default-LBE-Multi+SBE+SASBE-StagedBlast.epf
    Toolchain/storage/ultimate/trunk/examples/toolchains/LTLAutomizerC.xml, Setting/storage/ultimate/trunk/examples/settings/ltlAutomizer/None+LBE-Multi.epf
    Toolchain/storage/ultimate/trunk/examples/toolchains/LTLAutomizerC.xml, Setting/storage/ultimate/trunk/examples/settings/ltlAutomizer/Default-LBE-Multi+SBE+SASBE-StagedBlast.epf
    Toolchain/storage/ultimate/trunk/examples/toolchains/LTLAutomizerC.xml, Setting/storage/ultimate/trunk/examples/settings/ltlAutomizer/Default-LBE-Multi-z3.epf
    Toolchain/storage/ultimate/trunk/examples/toolchains/LTLAutomizerCInline.xml, Setting/storage/ultimate/trunk/examples/settings/ltlAutomizer/Default-LBE-Multi+SBE+SASBE.epf
    Toolchain/storage/ultimate/trunk/examples/toolchains/LTLAutomizerC.xml, Setting/storage/ultimate/trunk/examples/settings/ltlAutomizer/Default-LBE-Multi+NondetBuchi.epf
    Toolchain/storage/ultimate/trunk/examples/toolchains/LTLAutomizerC.xml, Setting/storage/ultimate/trunk/examples/settings/ltlAutomizer/Default-LBE-Multi-StagedBlast.epf
    Toolchain/storage/ultimate/trunk/examples/toolchains/LTLAutomizerC.xml, Setting/storage/ultimate/trunk/examples/settings/ltlAutomizer/Default-LBE-Multi+SBE.epf
    Toolchain/storage/ultimate/trunk/examples/toolchains/LTLAutomizerC.xml, Setting/storage/ultimate/trunk/examples/settings/ltlAutomizer/Default-LBE-Multi+SBE+SASBE.epf
    Toolchain/storage/ultimate/trunk/examples/toolchains/LTLAutomizerC.xml, Setting/storage/ultimate/trunk/examples/settings/ltlAutomizer/Default-LBE-Multi.epf
    Toolchain/storage/ultimate/trunk/examples/toolchains/LTLAutomizerCInline.xml, Setting/storage/ultimate/trunk/examples/settings/ltlAutomizer/Default-LBE-Multi.epf
    Toolchain/storage/ultimate/trunk/examples/toolchains/LTLAutomizerC.xml, Setting/storage/ultimate/trunk/examples/settings/ltlAutomizer/Default-LBE-Multi+SBE+IB-StagedBlast.epf
are exactly the pairs were the result was SUCCESS on the following 1 files
  /storage/ultimate/trunk/examples/LTL/koskinen/ltlcmodelchecker-benchmarks/11-apache_accept_liveness.c

The 34 toolchain/settings pairs
    Toolchain/storage/ultimate/trunk/examples/toolchains/LTLAutomizerC.xml, Setting/storage/ultimate/trunk/examples/settings/ltlAutomizer/Default-LBE-Single.epf
    Toolchain/storage/ultimate/trunk/examples/toolchains/LTLAutomizerCInline.xml, Setting/storage/ultimate/trunk/examples/settings/ltlAutomizer/Default+SBE.epf
    Toolchain/storage/ultimate/trunk/examples/toolchains/LTLAutomizerCInline.xml, Setting/storage/ultimate/trunk/examples/settings/ltlAutomizer/Default-LBE-Multi+SBE-StagedBlast.epf
    Toolchain/storage/ultimate/trunk/examples/toolchains/LTLAutomizerC.xml, Setting/storage/ultimate/trunk/examples/settings/ltlAutomizer/Default.epf
    Toolchain/storage/ultimate/trunk/examples/toolchains/LTLAutomizerC.xml, Setting/storage/ultimate/trunk/examples/settings/ltlAutomizer/Default-LBE-Multi+SBE-StagedBlast.epf
    Toolchain/storage/ultimate/trunk/examples/toolchains/LTLAutomizerCInline.xml, Setting/storage/ultimate/trunk/examples/settings/ltlAutomizer/Default-LBE-Multi-SMTInterpol.epf
    Toolchain/storage/ultimate/trunk/examples/toolchains/LTLAutomizerCInline.xml, Setting/storage/ultimate/trunk/examples/settings/ltlAutomizer/Default+SBE+SASBE.epf
    Toolchain/storage/ultimate/trunk/examples/toolchains/LTLAutomizerC.xml, Setting/storage/ultimate/trunk/examples/settings/ltlAutomizer/Default+SBE.epf
    Toolchain/storage/ultimate/trunk/examples/toolchains/LTLAutomizerCInline.xml, Setting/storage/ultimate/trunk/examples/settings/ltlAutomizer/Default-LBE-Multi-z3.epf
    Toolchain/storage/ultimate/trunk/examples/toolchains/LTLAutomizerC.xml, Setting/storage/ultimate/trunk/examples/settings/ltlAutomizer/None+SBE+SASBE.epf
    Toolchain/storage/ultimate/trunk/examples/toolchains/LTLAutomizerC.xml, Setting/storage/ultimate/trunk/examples/settings/ltlAutomizer/Default-LBE-SNME.epf
    Toolchain/storage/ultimate/trunk/examples/toolchains/LTLAutomizerC.xml, Setting/storage/ultimate/trunk/examples/settings/ltlAutomizer/None.epf
    Toolchain/storage/ultimate/trunk/examples/toolchains/LTLAutomizerC.xml, Setting/storage/ultimate/trunk/examples/settings/ltlAutomizer/Default-LBE-Multi-SMTInterpol.epf
    Toolchain/storage/ultimate/trunk/examples/toolchains/LTLAutomizerC.xml, Setting/storage/ultimate/trunk/examples/settings/ltlAutomizer/Default+SBE+SASBE.epf
    Toolchain/storage/ultimate/trunk/examples/toolchains/LTLAutomizerCInline.xml, Setting/storage/ultimate/trunk/examples/settings/ltlAutomizer/Default-LBE-SNME.epf
    Toolchain/storage/ultimate/trunk/examples/toolchains/LTLAutomizerC.xml, Setting/storage/ultimate/trunk/examples/settings/ltlAutomizer/None+SBE.epf
    Toolchain/storage/ultimate/trunk/examples/toolchains/LTLAutomizerCInline.xml, Setting/storage/ultimate/trunk/examples/settings/ltlAutomizer/Default-LBE-Multi-StagedBlast.epf
    Toolchain/storage/ultimate/trunk/examples/toolchains/LTLAutomizerCInline.xml, Setting/storage/ultimate/trunk/examples/settings/ltlAutomizer/None+SBE+SASBE.epf
    Toolchain/storage/ultimate/trunk/examples/toolchains/LTLAutomizerCInline.xml, Setting/storage/ultimate/trunk/examples/settings/ltlAutomizer/Default-LBE-Multi+SBE.epf
    Toolchain/storage/ultimate/trunk/examples/toolchains/LTLAutomizerCInline.xml, Setting/storage/ultimate/trunk/examples/settings/ltlAutomizer/Default-LBE-Single.epf
    Toolchain/storage/ultimate/trunk/examples/toolchains/LTLAutomizerCInline.xml, Setting/storage/ultimate/trunk/examples/settings/ltlAutomizer/Default-LBE-Multi+SBE+SASBE-StagedBlast.epf
    Toolchain/storage/ultimate/trunk/examples/toolchains/LTLAutomizerC.xml, Setting/storage/ultimate/trunk/examples/settings/ltlAutomizer/None+LBE-Multi.epf
    Toolchain/storage/ultimate/trunk/examples/toolchains/LTLAutomizerC.xml, Setting/storage/ultimate/trunk/examples/settings/ltlAutomizer/Default-LBE-Multi+SBE+SASBE-StagedBlast.epf
    Toolchain/storage/ultimate/trunk/examples/toolchains/LTLAutomizerC.xml, Setting/storage/ultimate/trunk/examples/settings/ltlAutomizer/Default-LBE-Multi-z3.epf
    Toolchain/storage/ultimate/trunk/examples/toolchains/LTLAutomizerCInline.xml, Setting/storage/ultimate/trunk/examples/settings/ltlAutomizer/Default-LBE-Multi+SBE+SASBE.epf
    Toolchain/storage/ultimate/trunk/examples/toolchains/LTLAutomizerCInline.xml, Setting/storage/ultimate/trunk/examples/settings/ltlAutomizer/None+SBE.epf
    Toolchain/storage/ultimate/trunk/examples/toolchains/LTLAutomizerCInline.xml, Setting/storage/ultimate/trunk/examples/settings/ltlAutomizer/Default.epf
    Toolchain/storage/ultimate/trunk/examples/toolchains/LTLAutomizerC.xml, Setting/storage/ultimate/trunk/examples/settings/ltlAutomizer/Default-LBE-Multi-StagedBlast.epf
    Toolchain/storage/ultimate/trunk/examples/toolchains/LTLAutomizerC.xml, Setting/storage/ultimate/trunk/examples/settings/ltlAutomizer/Default-LBE-Multi+SBE.epf
    Toolchain/storage/ultimate/trunk/examples/toolchains/LTLAutomizerCInline.xml, Setting/storage/ultimate/trunk/examples/settings/ltlAutomizer/None.epf
    Toolchain/storage/ultimate/trunk/examples/toolchains/LTLAutomizerC.xml, Setting/storage/ultimate/trunk/examples/settings/ltlAutomizer/Default-LBE-Multi+SBE+SASBE.epf
    Toolchain/storage/ultimate/trunk/examples/toolchains/LTLAutomizerC.xml, Setting/storage/ultimate/trunk/examples/settings/ltlAutomizer/Default-LBE-Multi.epf
    Toolchain/storage/ultimate/trunk/examples/toolchains/LTLAutomizerCInline.xml, Setting/storage/ultimate/trunk/examples/settings/ltlAutomizer/None+LBE-Multi.epf
    Toolchain/storage/ultimate/trunk/examples/toolchains/LTLAutomizerCInline.xml, Setting/storage/ultimate/trunk/examples/settings/ltlAutomizer/Default-LBE-Multi.epf
are exactly the pairs were the result was SUCCESS on the following 1 files
  /storage/ultimate/trunk/examples/LTL/koskinen/ltlcmodelchecker-benchmarks/23-windows_os_frag8.c

The 42 toolchain/settings pairs
    Toolchain/storage/ultimate/trunk/examples/toolchains/LTLAutomizerC.xml, Setting/storage/ultimate/trunk/examples/settings/ltlAutomizer/Default-LBE-Multi+IB.epf
    Toolchain/storage/ultimate/trunk/examples/toolchains/LTLAutomizerCInline.xml, Setting/storage/ultimate/trunk/examples/settings/ltlAutomizer/Default-LBE-Multi+NondetBuchi.epf
    Toolchain/storage/ultimate/trunk/examples/toolchains/LTLAutomizerC.xml, Setting/storage/ultimate/trunk/examples/settings/ltlAutomizer/Default-LBE-Single.epf
    Toolchain/storage/ultimate/trunk/examples/toolchains/LTLAutomizerCInline.xml, Setting/storage/ultimate/trunk/examples/settings/ltlAutomizer/Default+SBE.epf
    Toolchain/storage/ultimate/trunk/examples/toolchains/LTLAutomizerCInline.xml, Setting/storage/ultimate/trunk/examples/settings/ltlAutomizer/Default-LBE-Multi+SBE-StagedBlast.epf
    Toolchain/storage/ultimate/trunk/examples/toolchains/LTLAutomizerC.xml, Setting/storage/ultimate/trunk/examples/settings/ltlAutomizer/Default.epf
    Toolchain/storage/ultimate/trunk/examples/toolchains/LTLAutomizerC.xml, Setting/storage/ultimate/trunk/examples/settings/ltlAutomizer/Default-LBE-Multi+SBE-StagedBlast.epf
    Toolchain/storage/ultimate/trunk/examples/toolchains/LTLAutomizerCInline.xml, Setting/storage/ultimate/trunk/examples/settings/ltlAutomizer/Default-LBE-Multi-SMTInterpol.epf
    Toolchain/storage/ultimate/trunk/examples/toolchains/LTLAutomizerCInline.xml, Setting/storage/ultimate/trunk/examples/settings/ltlAutomizer/Default+SBE+SASBE.epf
    Toolchain/storage/ultimate/trunk/examples/toolchains/LTLAutomizerC.xml, Setting/storage/ultimate/trunk/examples/settings/ltlAutomizer/Default+SBE.epf
    Toolchain/storage/ultimate/trunk/examples/toolchains/LTLAutomizerCInline.xml, Setting/storage/ultimate/trunk/examples/settings/ltlAutomizer/Default-LBE-Multi-z3.epf
    Toolchain/storage/ultimate/trunk/examples/toolchains/LTLAutomizerC.xml, Setting/storage/ultimate/trunk/examples/settings/ltlAutomizer/None+SBE+SASBE.epf
    Toolchain/storage/ultimate/trunk/examples/toolchains/LTLAutomizerC.xml, Setting/storage/ultimate/trunk/examples/settings/ltlAutomizer/Default-LBE-SNME.epf
    Toolchain/storage/ultimate/trunk/examples/toolchains/LTLAutomizerC.xml, Setting/storage/ultimate/trunk/examples/settings/ltlAutomizer/Default-LBE-Multi+SBE+IB.epf
    Toolchain/storage/ultimate/trunk/examples/toolchains/LTLAutomizerC.xml, Setting/storage/ultimate/trunk/examples/settings/ltlAutomizer/None.epf
    Toolchain/storage/ultimate/trunk/examples/toolchains/LTLAutomizerC.xml, Setting/storage/ultimate/trunk/examples/settings/ltlAutomizer/Default-LBE-Multi-SMTInterpol.epf
    Toolchain/storage/ultimate/trunk/examples/toolchains/LTLAutomizerC.xml, Setting/storage/ultimate/trunk/examples/settings/ltlAutomizer/Default+SBE+SASBE.epf
    Toolchain/storage/ultimate/trunk/examples/toolchains/LTLAutomizerCInline.xml, Setting/storage/ultimate/trunk/examples/settings/ltlAutomizer/Default-LBE-SNME.epf
    Toolchain/storage/ultimate/trunk/examples/toolchains/LTLAutomizerC.xml, Setting/storage/ultimate/trunk/examples/settings/ltlAutomizer/None+SBE.epf
    Toolchain/storage/ultimate/trunk/examples/toolchains/LTLAutomizerC.xml, Setting/storage/ultimate/trunk/examples/settings/ltlAutomizer/Default-LBE-Multi+SBE+SASBE+IB.epf
    Toolchain/storage/ultimate/trunk/examples/toolchains/LTLAutomizerCInline.xml, Setting/storage/ultimate/trunk/examples/settings/ltlAutomizer/Default-LBE-Multi-StagedBlast.epf
    Toolchain/storage/ultimate/trunk/examples/toolchains/LTLAutomizerCInline.xml, Setting/storage/ultimate/trunk/examples/settings/ltlAutomizer/Default-LBE-Multi-z3interpol.epf
    Toolchain/storage/ultimate/trunk/examples/toolchains/LTLAutomizerC.xml, Setting/storage/ultimate/trunk/examples/settings/ltlAutomizer/Default-LBE-Multi+SBE+SASBE+IB-StagedBlast.epf
    Toolchain/storage/ultimate/trunk/examples/toolchains/LTLAutomizerCInline.xml, Setting/storage/ultimate/trunk/examples/settings/ltlAutomizer/None+SBE+SASBE.epf
    Toolchain/storage/ultimate/trunk/examples/toolchains/LTLAutomizerCInline.xml, Setting/storage/ultimate/trunk/examples/settings/ltlAutomizer/Default-LBE-Multi+SBE.epf
    Toolchain/storage/ultimate/trunk/examples/toolchains/LTLAutomizerCInline.xml, Setting/storage/ultimate/trunk/examples/settings/ltlAutomizer/Default-LBE-Single.epf
    Toolchain/storage/ultimate/trunk/examples/toolchains/LTLAutomizerCInline.xml, Setting/storage/ultimate/trunk/examples/settings/ltlAutomizer/Default-LBE-Multi+SBE+SASBE-StagedBlast.epf
    Toolchain/storage/ultimate/trunk/examples/toolchains/LTLAutomizerC.xml, Setting/storage/ultimate/trunk/examples/settings/ltlAutomizer/None+LBE-Multi.epf
    Toolchain/storage/ultimate/trunk/examples/toolchains/LTLAutomizerC.xml, Setting/storage/ultimate/trunk/examples/settings/ltlAutomizer/Default-LBE-Multi+SBE+SASBE-StagedBlast.epf
    Toolchain/storage/ultimate/trunk/examples/toolchains/LTLAutomizerC.xml, Setting/storage/ultimate/trunk/examples/settings/ltlAutomizer/Default-LBE-Multi-z3.epf
    Toolchain/storage/ultimate/trunk/examples/toolchains/LTLAutomizerCInline.xml, Setting/storage/ultimate/trunk/examples/settings/ltlAutomizer/Default-LBE-Multi+SBE+SASBE.epf
    Toolchain/storage/ultimate/trunk/examples/toolchains/LTLAutomizerCInline.xml, Setting/storage/ultimate/trunk/examples/settings/ltlAutomizer/None+SBE.epf
    Toolchain/storage/ultimate/trunk/examples/toolchains/LTLAutomizerC.xml, Setting/storage/ultimate/trunk/examples/settings/ltlAutomizer/Default-LBE-Multi+NondetBuchi.epf
    Toolchain/storage/ultimate/trunk/examples/toolchains/LTLAutomizerCInline.xml, Setting/storage/ultimate/trunk/examples/settings/ltlAutomizer/Default.epf
    Toolchain/storage/ultimate/trunk/examples/toolchains/LTLAutomizerC.xml, Setting/storage/ultimate/trunk/examples/settings/ltlAutomizer/Default-LBE-Multi-StagedBlast.epf
    Toolchain/storage/ultimate/trunk/examples/toolchains/LTLAutomizerC.xml, Setting/storage/ultimate/trunk/examples/settings/ltlAutomizer/Default-LBE-Multi+SBE.epf
    Toolchain/storage/ultimate/trunk/examples/toolchains/LTLAutomizerCInline.xml, Setting/storage/ultimate/trunk/examples/settings/ltlAutomizer/None.epf
    Toolchain/storage/ultimate/trunk/examples/toolchains/LTLAutomizerC.xml, Setting/storage/ultimate/trunk/examples/settings/ltlAutomizer/Default-LBE-Multi+SBE+SASBE.epf
    Toolchain/storage/ultimate/trunk/examples/toolchains/LTLAutomizerC.xml, Setting/storage/ultimate/trunk/examples/settings/ltlAutomizer/Default-LBE-Multi.epf
    Toolchain/storage/ultimate/trunk/examples/toolchains/LTLAutomizerCInline.xml, Setting/storage/ultimate/trunk/examples/settings/ltlAutomizer/None+LBE-Multi.epf
    Toolchain/storage/ultimate/trunk/examples/toolchains/LTLAutomizerCInline.xml, Setting/storage/ultimate/trunk/examples/settings/ltlAutomizer/Default-LBE-Multi.epf
    Toolchain/storage/ultimate/trunk/examples/toolchains/LTLAutomizerC.xml, Setting/storage/ultimate/trunk/examples/settings/ltlAutomizer/Default-LBE-Multi+SBE+IB-StagedBlast.epf
are exactly the pairs were the result was SUCCESS on the following 2 files
  /storage/ultimate/trunk/examples/LTL/coolant/coolant_basis_5_safe_sftyliveness.c
  /storage/ultimate/trunk/examples/LTL/coolant/coolant_basis_5_unsafe_sftyliveness.c

The 43 toolchain/settings pairs
    Toolchain/storage/ultimate/trunk/examples/toolchains/LTLAutomizerC.xml, Setting/storage/ultimate/trunk/examples/settings/ltlAutomizer/Default-LBE-Multi+IB.epf
    Toolchain/storage/ultimate/trunk/examples/toolchains/LTLAutomizerCInline.xml, Setting/storage/ultimate/trunk/examples/settings/ltlAutomizer/Default-LBE-Multi+NondetBuchi.epf
    Toolchain/storage/ultimate/trunk/examples/toolchains/LTLAutomizerC.xml, Setting/storage/ultimate/trunk/examples/settings/ltlAutomizer/Default-LBE-Single.epf
    Toolchain/storage/ultimate/trunk/examples/toolchains/LTLAutomizerCInline.xml, Setting/storage/ultimate/trunk/examples/settings/ltlAutomizer/Default+SBE.epf
    Toolchain/storage/ultimate/trunk/examples/toolchains/LTLAutomizerCInline.xml, Setting/storage/ultimate/trunk/examples/settings/ltlAutomizer/Default-LBE-Multi+SBE-StagedBlast.epf
    Toolchain/storage/ultimate/trunk/examples/toolchains/LTLAutomizerC.xml, Setting/storage/ultimate/trunk/examples/settings/ltlAutomizer/Default-LBE-Multi-z3interpol.epf
    Toolchain/storage/ultimate/trunk/examples/toolchains/LTLAutomizerC.xml, Setting/storage/ultimate/trunk/examples/settings/ltlAutomizer/Default.epf
    Toolchain/storage/ultimate/trunk/examples/toolchains/LTLAutomizerC.xml, Setting/storage/ultimate/trunk/examples/settings/ltlAutomizer/Default-LBE-Multi+SBE-StagedBlast.epf
    Toolchain/storage/ultimate/trunk/examples/toolchains/LTLAutomizerCInline.xml, Setting/storage/ultimate/trunk/examples/settings/ltlAutomizer/Default-LBE-Multi-SMTInterpol.epf
    Toolchain/storage/ultimate/trunk/examples/toolchains/LTLAutomizerCInline.xml, Setting/storage/ultimate/trunk/examples/settings/ltlAutomizer/Default+SBE+SASBE.epf
    Toolchain/storage/ultimate/trunk/examples/toolchains/LTLAutomizerC.xml, Setting/storage/ultimate/trunk/examples/settings/ltlAutomizer/Default+SBE.epf
    Toolchain/storage/ultimate/trunk/examples/toolchains/LTLAutomizerCInline.xml, Setting/storage/ultimate/trunk/examples/settings/ltlAutomizer/Default-LBE-Multi-z3.epf
    Toolchain/storage/ultimate/trunk/examples/toolchains/LTLAutomizerC.xml, Setting/storage/ultimate/trunk/examples/settings/ltlAutomizer/None+SBE+SASBE.epf
    Toolchain/storage/ultimate/trunk/examples/toolchains/LTLAutomizerC.xml, Setting/storage/ultimate/trunk/examples/settings/ltlAutomizer/Default-LBE-SNME.epf
    Toolchain/storage/ultimate/trunk/examples/toolchains/LTLAutomizerC.xml, Setting/storage/ultimate/trunk/examples/settings/ltlAutomizer/Default-LBE-Multi+SBE+IB.epf
    Toolchain/storage/ultimate/trunk/examples/toolchains/LTLAutomizerC.xml, Setting/storage/ultimate/trunk/examples/settings/ltlAutomizer/None.epf
    Toolchain/storage/ultimate/trunk/examples/toolchains/LTLAutomizerC.xml, Setting/storage/ultimate/trunk/examples/settings/ltlAutomizer/Default-LBE-Multi-SMTInterpol.epf
    Toolchain/storage/ultimate/trunk/examples/toolchains/LTLAutomizerC.xml, Setting/storage/ultimate/trunk/examples/settings/ltlAutomizer/Default+SBE+SASBE.epf
    Toolchain/storage/ultimate/trunk/examples/toolchains/LTLAutomizerCInline.xml, Setting/storage/ultimate/trunk/examples/settings/ltlAutomizer/Default-LBE-SNME.epf
    Toolchain/storage/ultimate/trunk/examples/toolchains/LTLAutomizerC.xml, Setting/storage/ultimate/trunk/examples/settings/ltlAutomizer/None+SBE.epf
    Toolchain/storage/ultimate/trunk/examples/toolchains/LTLAutomizerC.xml, Setting/storage/ultimate/trunk/examples/settings/ltlAutomizer/Default-LBE-Multi+SBE+SASBE+IB.epf
    Toolchain/storage/ultimate/trunk/examples/toolchains/LTLAutomizerCInline.xml, Setting/storage/ultimate/trunk/examples/settings/ltlAutomizer/Default-LBE-Multi-StagedBlast.epf
    Toolchain/storage/ultimate/trunk/examples/toolchains/LTLAutomizerCInline.xml, Setting/storage/ultimate/trunk/examples/settings/ltlAutomizer/Default-LBE-Multi-z3interpol.epf
    Toolchain/storage/ultimate/trunk/examples/toolchains/LTLAutomizerC.xml, Setting/storage/ultimate/trunk/examples/settings/ltlAutomizer/Default-LBE-Multi+SBE+SASBE+IB-StagedBlast.epf
    Toolchain/storage/ultimate/trunk/examples/toolchains/LTLAutomizerCInline.xml, Setting/storage/ultimate/trunk/examples/settings/ltlAutomizer/None+SBE+SASBE.epf
    Toolchain/storage/ultimate/trunk/examples/toolchains/LTLAutomizerCInline.xml, Setting/storage/ultimate/trunk/examples/settings/ltlAutomizer/Default-LBE-Multi+SBE.epf
    Toolchain/storage/ultimate/trunk/examples/toolchains/LTLAutomizerCInline.xml, Setting/storage/ultimate/trunk/examples/settings/ltlAutomizer/Default-LBE-Single.epf
    Toolchain/storage/ultimate/trunk/examples/toolchains/LTLAutomizerCInline.xml, Setting/storage/ultimate/trunk/examples/settings/ltlAutomizer/Default-LBE-Multi+SBE+SASBE-StagedBlast.epf
    Toolchain/storage/ultimate/trunk/examples/toolchains/LTLAutomizerC.xml, Setting/storage/ultimate/trunk/examples/settings/ltlAutomizer/None+LBE-Multi.epf
    Toolchain/storage/ultimate/trunk/examples/toolchains/LTLAutomizerC.xml, Setting/storage/ultimate/trunk/examples/settings/ltlAutomizer/Default-LBE-Multi+SBE+SASBE-StagedBlast.epf
    Toolchain/storage/ultimate/trunk/examples/toolchains/LTLAutomizerC.xml, Setting/storage/ultimate/trunk/examples/settings/ltlAutomizer/Default-LBE-Multi-z3.epf
    Toolchain/storage/ultimate/trunk/examples/toolchains/LTLAutomizerCInline.xml, Setting/storage/ultimate/trunk/examples/settings/ltlAutomizer/Default-LBE-Multi+SBE+SASBE.epf
    Toolchain/storage/ultimate/trunk/examples/toolchains/LTLAutomizerCInline.xml, Setting/storage/ultimate/trunk/examples/settings/ltlAutomizer/None+SBE.epf
    Toolchain/storage/ultimate/trunk/examples/toolchains/LTLAutomizerC.xml, Setting/storage/ultimate/trunk/examples/settings/ltlAutomizer/Default-LBE-Multi+NondetBuchi.epf
    Toolchain/storage/ultimate/trunk/examples/toolchains/LTLAutomizerCInline.xml, Setting/storage/ultimate/trunk/examples/settings/ltlAutomizer/Default.epf
    Toolchain/storage/ultimate/trunk/examples/toolchains/LTLAutomizerC.xml, Setting/storage/ultimate/trunk/examples/settings/ltlAutomizer/Default-LBE-Multi-StagedBlast.epf
    Toolchain/storage/ultimate/trunk/examples/toolchains/LTLAutomizerC.xml, Setting/storage/ultimate/trunk/examples/settings/ltlAutomizer/Default-LBE-Multi+SBE.epf
    Toolchain/storage/ultimate/trunk/examples/toolchains/LTLAutomizerCInline.xml, Setting/storage/ultimate/trunk/examples/settings/ltlAutomizer/None.epf
    Toolchain/storage/ultimate/trunk/examples/toolchains/LTLAutomizerC.xml, Setting/storage/ultimate/trunk/examples/settings/ltlAutomizer/Default-LBE-Multi+SBE+SASBE.epf
    Toolchain/storage/ultimate/trunk/examples/toolchains/LTLAutomizerC.xml, Setting/storage/ultimate/trunk/examples/settings/ltlAutomizer/Default-LBE-Multi.epf
    Toolchain/storage/ultimate/trunk/examples/toolchains/LTLAutomizerCInline.xml, Setting/storage/ultimate/trunk/examples/settings/ltlAutomizer/None+LBE-Multi.epf
    Toolchain/storage/ultimate/trunk/examples/toolchains/LTLAutomizerCInline.xml, Setting/storage/ultimate/trunk/examples/settings/ltlAutomizer/Default-LBE-Multi.epf
    Toolchain/storage/ultimate/trunk/examples/toolchains/LTLAutomizerC.xml, Setting/storage/ultimate/trunk/examples/settings/ltlAutomizer/Default-LBE-Multi+SBE+IB-StagedBlast.epf
are exactly the pairs were the result was SUCCESS on the following 1 files
  /storage/ultimate/trunk/examples/LTL/koskinen/ltlcmodelchecker-benchmarks/12-apache_progress.c

The 46 toolchain/settings pairs
    Toolchain/storage/ultimate/trunk/examples/toolchains/LTLAutomizerC.xml, Setting/storage/ultimate/trunk/examples/settings/ltlAutomizer/Default-LBE-Multi+IB.epf
    Toolchain/storage/ultimate/trunk/examples/toolchains/LTLAutomizerCInline.xml, Setting/storage/ultimate/trunk/examples/settings/ltlAutomizer/Default-LBE-Multi+NondetBuchi.epf
    Toolchain/storage/ultimate/trunk/examples/toolchains/LTLAutomizerC.xml, Setting/storage/ultimate/trunk/examples/settings/ltlAutomizer/Default-LBE-Single.epf
    Toolchain/storage/ultimate/trunk/examples/toolchains/LTLAutomizerCInline.xml, Setting/storage/ultimate/trunk/examples/settings/ltlAutomizer/Default+SBE.epf
    Toolchain/storage/ultimate/trunk/examples/toolchains/LTLAutomizerCInline.xml, Setting/storage/ultimate/trunk/examples/settings/ltlAutomizer/Default-LBE-Multi+SBE-StagedBlast.epf
    Toolchain/storage/ultimate/trunk/examples/toolchains/LTLAutomizerC.xml, Setting/storage/ultimate/trunk/examples/settings/ltlAutomizer/Default-LBE-Multi-z3interpol.epf
    Toolchain/storage/ultimate/trunk/examples/toolchains/LTLAutomizerC.xml, Setting/storage/ultimate/trunk/examples/settings/ltlAutomizer/Default.epf
    Toolchain/storage/ultimate/trunk/examples/toolchains/LTLAutomizerCInline.xml, Setting/storage/ultimate/trunk/examples/settings/ltlAutomizer/Default-LBE-Multi-SMTInterpol.epf
    Toolchain/storage/ultimate/trunk/examples/toolchains/LTLAutomizerC.xml, Setting/storage/ultimate/trunk/examples/settings/ltlAutomizer/Default-LBE-Multi+SBE-StagedBlast.epf
    Toolchain/storage/ultimate/trunk/examples/toolchains/LTLAutomizerCInline.xml, Setting/storage/ultimate/trunk/examples/settings/ltlAutomizer/Default+SBE+SASBE.epf
    Toolchain/storage/ultimate/trunk/examples/toolchains/LTLAutomizerC.xml, Setting/storage/ultimate/trunk/examples/settings/ltlAutomizer/Default+SBE.epf
    Toolchain/storage/ultimate/trunk/examples/toolchains/LTLAutomizerC.xml, Setting/storage/ultimate/trunk/examples/settings/ltlAutomizer/None+SBE+SASBE.epf
    Toolchain/storage/ultimate/trunk/examples/toolchains/LTLAutomizerC.xml, Setting/storage/ultimate/trunk/examples/settings/ltlAutomizer/Default-LBE-SNME.epf
    Toolchain/storage/ultimate/trunk/examples/toolchains/LTLAutomizerC.xml, Setting/storage/ultimate/trunk/examples/settings/ltlAutomizer/Default-LBE-Multi+SBE+IB.epf
    Toolchain/storage/ultimate/trunk/examples/toolchains/LTLAutomizerC.xml, Setting/storage/ultimate/trunk/examples/settings/ltlAutomizer/None.epf
    Toolchain/storage/ultimate/trunk/examples/toolchains/LTLAutomizerCInline.xml, Setting/storage/ultimate/trunk/examples/settings/ltlAutomizer/Default-LBE-Multi+SBE+IB-StagedBlast.epf
    Toolchain/storage/ultimate/trunk/examples/toolchains/LTLAutomizerC.xml, Setting/storage/ultimate/trunk/examples/settings/ltlAutomizer/Default-LBE-Multi-SMTInterpol.epf
    Toolchain/storage/ultimate/trunk/examples/toolchains/LTLAutomizerCInline.xml, Setting/storage/ultimate/trunk/examples/settings/ltlAutomizer/Default-LBE-Multi+IB.epf
    Toolchain/storage/ultimate/trunk/examples/toolchains/LTLAutomizerC.xml, Setting/storage/ultimate/trunk/examples/settings/ltlAutomizer/Default+SBE+SASBE.epf
    Toolchain/storage/ultimate/trunk/examples/toolchains/LTLAutomizerCInline.xml, Setting/storage/ultimate/trunk/examples/settings/ltlAutomizer/Default-LBE-SNME.epf
    Toolchain/storage/ultimate/trunk/examples/toolchains/LTLAutomizerCInline.xml, Setting/storage/ultimate/trunk/examples/settings/ltlAutomizer/Default-LBE-Multi+SBE+SASBE+IB.epf
    Toolchain/storage/ultimate/trunk/examples/toolchains/LTLAutomizerC.xml, Setting/storage/ultimate/trunk/examples/settings/ltlAutomizer/None+SBE.epf
    Toolchain/storage/ultimate/trunk/examples/toolchains/LTLAutomizerC.xml, Setting/storage/ultimate/trunk/examples/settings/ltlAutomizer/Default-LBE-Multi+SBE+SASBE+IB.epf
    Toolchain/storage/ultimate/trunk/examples/toolchains/LTLAutomizerCInline.xml, Setting/storage/ultimate/trunk/examples/settings/ltlAutomizer/Default-LBE-Multi-StagedBlast.epf
    Toolchain/storage/ultimate/trunk/examples/toolchains/LTLAutomizerCInline.xml, Setting/storage/ultimate/trunk/examples/settings/ltlAutomizer/Default-LBE-Multi-z3interpol.epf
    Toolchain/storage/ultimate/trunk/examples/toolchains/LTLAutomizerC.xml, Setting/storage/ultimate/trunk/examples/settings/ltlAutomizer/Default-LBE-Multi+SBE+SASBE+IB-StagedBlast.epf
    Toolchain/storage/ultimate/trunk/examples/toolchains/LTLAutomizerCInline.xml, Setting/storage/ultimate/trunk/examples/settings/ltlAutomizer/None+SBE+SASBE.epf
    Toolchain/storage/ultimate/trunk/examples/toolchains/LTLAutomizerCInline.xml, Setting/storage/ultimate/trunk/examples/settings/ltlAutomizer/Default-LBE-Multi+SBE.epf
    Toolchain/storage/ultimate/trunk/examples/toolchains/LTLAutomizerCInline.xml, Setting/storage/ultimate/trunk/examples/settings/ltlAutomizer/Default-LBE-Single.epf
    Toolchain/storage/ultimate/trunk/examples/toolchains/LTLAutomizerCInline.xml, Setting/storage/ultimate/trunk/examples/settings/ltlAutomizer/Default-LBE-Multi+SBE+SASBE-StagedBlast.epf
    Toolchain/storage/ultimate/trunk/examples/toolchains/LTLAutomizerC.xml, Setting/storage/ultimate/trunk/examples/settings/ltlAutomizer/None+LBE-Multi.epf
    Toolchain/storage/ultimate/trunk/examples/toolchains/LTLAutomizerC.xml, Setting/storage/ultimate/trunk/examples/settings/ltlAutomizer/Default-LBE-Multi+SBE+SASBE-StagedBlast.epf
    Toolchain/storage/ultimate/trunk/examples/toolchains/LTLAutomizerCInline.xml, Setting/storage/ultimate/trunk/examples/settings/ltlAutomizer/Default-LBE-Multi+SBE+SASBE.epf
    Toolchain/storage/ultimate/trunk/examples/toolchains/LTLAutomizerCInline.xml, Setting/storage/ultimate/trunk/examples/settings/ltlAutomizer/None+SBE.epf
    Toolchain/storage/ultimate/trunk/examples/toolchains/LTLAutomizerC.xml, Setting/storage/ultimate/trunk/examples/settings/ltlAutomizer/Default-LBE-Multi+NondetBuchi.epf
    Toolchain/storage/ultimate/trunk/examples/toolchains/LTLAutomizerCInline.xml, Setting/storage/ultimate/trunk/examples/settings/ltlAutomizer/Default.epf
    Toolchain/storage/ultimate/trunk/examples/toolchains/LTLAutomizerCInline.xml, Setting/storage/ultimate/trunk/examples/settings/ltlAutomizer/Default-LBE-Multi+SBE+IB.epf
    Toolchain/storage/ultimate/trunk/examples/toolchains/LTLAutomizerC.xml, Setting/storage/ultimate/trunk/examples/settings/ltlAutomizer/Default-LBE-Multi-StagedBlast.epf
    Toolchain/storage/ultimate/trunk/examples/toolchains/LTLAutomizerC.xml, Setting/storage/ultimate/trunk/examples/settings/ltlAutomizer/Default-LBE-Multi+SBE.epf
    Toolchain/storage/ultimate/trunk/examples/toolchains/LTLAutomizerCInline.xml, Setting/storage/ultimate/trunk/examples/settings/ltlAutomizer/None.epf
    Toolchain/storage/ultimate/trunk/examples/toolchains/LTLAutomizerC.xml, Setting/storage/ultimate/trunk/examples/settings/ltlAutomizer/Default-LBE-Multi+SBE+SASBE.epf
    Toolchain/storage/ultimate/trunk/examples/toolchains/LTLAutomizerC.xml, Setting/storage/ultimate/trunk/examples/settings/ltlAutomizer/Default-LBE-Multi.epf
    Toolchain/storage/ultimate/trunk/examples/toolchains/LTLAutomizerCInline.xml, Setting/storage/ultimate/trunk/examples/settings/ltlAutomizer/None+LBE-Multi.epf
    Toolchain/storage/ultimate/trunk/examples/toolchains/LTLAutomizerCInline.xml, Setting/storage/ultimate/trunk/examples/settings/ltlAutomizer/Default-LBE-Multi.epf
    Toolchain/storage/ultimate/trunk/examples/toolchains/LTLAutomizerC.xml, Setting/storage/ultimate/trunk/examples/settings/ltlAutomizer/Default-LBE-Multi+SBE+IB-StagedBlast.epf
    Toolchain/storage/ultimate/trunk/examples/toolchains/LTLAutomizerCInline.xml, Setting/storage/ultimate/trunk/examples/settings/ltlAutomizer/Default-LBE-Multi+SBE+SASBE+IB-StagedBlast.epf
are exactly the pairs were the result was SUCCESS on the following 1 files
  /storage/ultimate/trunk/examples/LTL/koskinen/ltlcmodelchecker-benchmarks/05-toylinarith2.c

The 46 toolchain/settings pairs
    Toolchain/storage/ultimate/trunk/examples/toolchains/LTLAutomizerC.xml, Setting/storage/ultimate/trunk/examples/settings/ltlAutomizer/Default-LBE-Multi+IB.epf
    Toolchain/storage/ultimate/trunk/examples/toolchains/LTLAutomizerCInline.xml, Setting/storage/ultimate/trunk/examples/settings/ltlAutomizer/Default-LBE-Multi+NondetBuchi.epf
    Toolchain/storage/ultimate/trunk/examples/toolchains/LTLAutomizerC.xml, Setting/storage/ultimate/trunk/examples/settings/ltlAutomizer/Default-LBE-Single.epf
    Toolchain/storage/ultimate/trunk/examples/toolchains/LTLAutomizerCInline.xml, Setting/storage/ultimate/trunk/examples/settings/ltlAutomizer/Default+SBE.epf
    Toolchain/storage/ultimate/trunk/examples/toolchains/LTLAutomizerCInline.xml, Setting/storage/ultimate/trunk/examples/settings/ltlAutomizer/Default-LBE-Multi+SBE-StagedBlast.epf
    Toolchain/storage/ultimate/trunk/examples/toolchains/LTLAutomizerC.xml, Setting/storage/ultimate/trunk/examples/settings/ltlAutomizer/Default.epf
    Toolchain/storage/ultimate/trunk/examples/toolchains/LTLAutomizerCInline.xml, Setting/storage/ultimate/trunk/examples/settings/ltlAutomizer/Default-LBE-Multi-SMTInterpol.epf
    Toolchain/storage/ultimate/trunk/examples/toolchains/LTLAutomizerC.xml, Setting/storage/ultimate/trunk/examples/settings/ltlAutomizer/Default-LBE-Multi+SBE-StagedBlast.epf
    Toolchain/storage/ultimate/trunk/examples/toolchains/LTLAutomizerCInline.xml, Setting/storage/ultimate/trunk/examples/settings/ltlAutomizer/Default+SBE+SASBE.epf
    Toolchain/storage/ultimate/trunk/examples/toolchains/LTLAutomizerC.xml, Setting/storage/ultimate/trunk/examples/settings/ltlAutomizer/Default+SBE.epf
    Toolchain/storage/ultimate/trunk/examples/toolchains/LTLAutomizerCInline.xml, Setting/storage/ultimate/trunk/examples/settings/ltlAutomizer/Default-LBE-Multi-z3.epf
    Toolchain/storage/ultimate/trunk/examples/toolchains/LTLAutomizerC.xml, Setting/storage/ultimate/trunk/examples/settings/ltlAutomizer/None+SBE+SASBE.epf
    Toolchain/storage/ultimate/trunk/examples/toolchains/LTLAutomizerC.xml, Setting/storage/ultimate/trunk/examples/settings/ltlAutomizer/Default-LBE-SNME.epf
    Toolchain/storage/ultimate/trunk/examples/toolchains/LTLAutomizerC.xml, Setting/storage/ultimate/trunk/examples/settings/ltlAutomizer/Default-LBE-Multi+SBE+IB.epf
    Toolchain/storage/ultimate/trunk/examples/toolchains/LTLAutomizerC.xml, Setting/storage/ultimate/trunk/examples/settings/ltlAutomizer/None.epf
    Toolchain/storage/ultimate/trunk/examples/toolchains/LTLAutomizerCInline.xml, Setting/storage/ultimate/trunk/examples/settings/ltlAutomizer/Default-LBE-Multi+SBE+IB-StagedBlast.epf
    Toolchain/storage/ultimate/trunk/examples/toolchains/LTLAutomizerC.xml, Setting/storage/ultimate/trunk/examples/settings/ltlAutomizer/Default-LBE-Multi-SMTInterpol.epf
    Toolchain/storage/ultimate/trunk/examples/toolchains/LTLAutomizerCInline.xml, Setting/storage/ultimate/trunk/examples/settings/ltlAutomizer/Default-LBE-Multi+IB.epf
    Toolchain/storage/ultimate/trunk/examples/toolchains/LTLAutomizerC.xml, Setting/storage/ultimate/trunk/examples/settings/ltlAutomizer/Default+SBE+SASBE.epf
    Toolchain/storage/ultimate/trunk/examples/toolchains/LTLAutomizerCInline.xml, Setting/storage/ultimate/trunk/examples/settings/ltlAutomizer/Default-LBE-SNME.epf
    Toolchain/storage/ultimate/trunk/examples/toolchains/LTLAutomizerCInline.xml, Setting/storage/ultimate/trunk/examples/settings/ltlAutomizer/Default-LBE-Multi+SBE+SASBE+IB.epf
    Toolchain/storage/ultimate/trunk/examples/toolchains/LTLAutomizerC.xml, Setting/storage/ultimate/trunk/examples/settings/ltlAutomizer/None+SBE.epf
    Toolchain/storage/ultimate/trunk/examples/toolchains/LTLAutomizerC.xml, Setting/storage/ultimate/trunk/examples/settings/ltlAutomizer/Default-LBE-Multi+SBE+SASBE+IB.epf
    Toolchain/storage/ultimate/trunk/examples/toolchains/LTLAutomizerCInline.xml, Setting/storage/ultimate/trunk/examples/settings/ltlAutomizer/Default-LBE-Multi-StagedBlast.epf
    Toolchain/storage/ultimate/trunk/examples/toolchains/LTLAutomizerC.xml, Setting/storage/ultimate/trunk/examples/settings/ltlAutomizer/Default-LBE-Multi+SBE+SASBE+IB-StagedBlast.epf
    Toolchain/storage/ultimate/trunk/examples/toolchains/LTLAutomizerCInline.xml, Setting/storage/ultimate/trunk/examples/settings/ltlAutomizer/None+SBE+SASBE.epf
    Toolchain/storage/ultimate/trunk/examples/toolchains/LTLAutomizerCInline.xml, Setting/storage/ultimate/trunk/examples/settings/ltlAutomizer/Default-LBE-Multi+SBE.epf
    Toolchain/storage/ultimate/trunk/examples/toolchains/LTLAutomizerCInline.xml, Setting/storage/ultimate/trunk/examples/settings/ltlAutomizer/Default-LBE-Single.epf
    Toolchain/storage/ultimate/trunk/examples/toolchains/LTLAutomizerCInline.xml, Setting/storage/ultimate/trunk/examples/settings/ltlAutomizer/Default-LBE-Multi+SBE+SASBE-StagedBlast.epf
    Toolchain/storage/ultimate/trunk/examples/toolchains/LTLAutomizerC.xml, Setting/storage/ultimate/trunk/examples/settings/ltlAutomizer/None+LBE-Multi.epf
    Toolchain/storage/ultimate/trunk/examples/toolchains/LTLAutomizerC.xml, Setting/storage/ultimate/trunk/examples/settings/ltlAutomizer/Default-LBE-Multi-z3.epf
    Toolchain/storage/ultimate/trunk/examples/toolchains/LTLAutomizerC.xml, Setting/storage/ultimate/trunk/examples/settings/ltlAutomizer/Default-LBE-Multi+SBE+SASBE-StagedBlast.epf
    Toolchain/storage/ultimate/trunk/examples/toolchains/LTLAutomizerCInline.xml, Setting/storage/ultimate/trunk/examples/settings/ltlAutomizer/Default-LBE-Multi+SBE+SASBE.epf
    Toolchain/storage/ultimate/trunk/examples/toolchains/LTLAutomizerCInline.xml, Setting/storage/ultimate/trunk/examples/settings/ltlAutomizer/None+SBE.epf
    Toolchain/storage/ultimate/trunk/examples/toolchains/LTLAutomizerC.xml, Setting/storage/ultimate/trunk/examples/settings/ltlAutomizer/Default-LBE-Multi+NondetBuchi.epf
    Toolchain/storage/ultimate/trunk/examples/toolchains/LTLAutomizerCInline.xml, Setting/storage/ultimate/trunk/examples/settings/ltlAutomizer/Default.epf
    Toolchain/storage/ultimate/trunk/examples/toolchains/LTLAutomizerCInline.xml, Setting/storage/ultimate/trunk/examples/settings/ltlAutomizer/Default-LBE-Multi+SBE+IB.epf
    Toolchain/storage/ultimate/trunk/examples/toolchains/LTLAutomizerC.xml, Setting/storage/ultimate/trunk/examples/settings/ltlAutomizer/Default-LBE-Multi-StagedBlast.epf
    Toolchain/storage/ultimate/trunk/examples/toolchains/LTLAutomizerC.xml, Setting/storage/ultimate/trunk/examples/settings/ltlAutomizer/Default-LBE-Multi+SBE.epf
    Toolchain/storage/ultimate/trunk/examples/toolchains/LTLAutomizerCInline.xml, Setting/storage/ultimate/trunk/examples/settings/ltlAutomizer/None.epf
    Toolchain/storage/ultimate/trunk/examples/toolchains/LTLAutomizerC.xml, Setting/storage/ultimate/trunk/examples/settings/ltlAutomizer/Default-LBE-Multi+SBE+SASBE.epf
    Toolchain/storage/ultimate/trunk/examples/toolchains/LTLAutomizerC.xml, Setting/storage/ultimate/trunk/examples/settings/ltlAutomizer/Default-LBE-Multi.epf
    Toolchain/storage/ultimate/trunk/examples/toolchains/LTLAutomizerCInline.xml, Setting/storage/ultimate/trunk/examples/settings/ltlAutomizer/None+LBE-Multi.epf
    Toolchain/storage/ultimate/trunk/examples/toolchains/LTLAutomizerCInline.xml, Setting/storage/ultimate/trunk/examples/settings/ltlAutomizer/Default-LBE-Multi.epf
    Toolchain/storage/ultimate/trunk/examples/toolchains/LTLAutomizerC.xml, Setting/storage/ultimate/trunk/examples/settings/ltlAutomizer/Default-LBE-Multi+SBE+IB-StagedBlast.epf
    Toolchain/storage/ultimate/trunk/examples/toolchains/LTLAutomizerCInline.xml, Setting/storage/ultimate/trunk/examples/settings/ltlAutomizer/Default-LBE-Multi+SBE+SASBE+IB-StagedBlast.epf
are exactly the pairs were the result was SUCCESS on the following 3 files
  /storage/ultimate/trunk/examples/LTL/bugs/Bug_NoLoopAtEndForTerminatingPrograms_safe.c
  /storage/ultimate/trunk/examples/LTL/bugs/Simple_ex1.c
  /storage/ultimate/trunk/examples/LTL/koskinen/ltlcmodelchecker-benchmarks/16-windows_os_frag3.c

The 47 toolchain/settings pairs
    Toolchain/storage/ultimate/trunk/examples/toolchains/LTLAutomizerC.xml, Setting/storage/ultimate/trunk/examples/settings/ltlAutomizer/Default-LBE-Multi+IB.epf
    Toolchain/storage/ultimate/trunk/examples/toolchains/LTLAutomizerCInline.xml, Setting/storage/ultimate/trunk/examples/settings/ltlAutomizer/Default-LBE-Multi+NondetBuchi.epf
    Toolchain/storage/ultimate/trunk/examples/toolchains/LTLAutomizerC.xml, Setting/storage/ultimate/trunk/examples/settings/ltlAutomizer/Default-LBE-Single.epf
    Toolchain/storage/ultimate/trunk/examples/toolchains/LTLAutomizerCInline.xml, Setting/storage/ultimate/trunk/examples/settings/ltlAutomizer/Default+SBE.epf
    Toolchain/storage/ultimate/trunk/examples/toolchains/LTLAutomizerCInline.xml, Setting/storage/ultimate/trunk/examples/settings/ltlAutomizer/Default-LBE-Multi+SBE-StagedBlast.epf
    Toolchain/storage/ultimate/trunk/examples/toolchains/LTLAutomizerC.xml, Setting/storage/ultimate/trunk/examples/settings/ltlAutomizer/Default.epf
    Toolchain/storage/ultimate/trunk/examples/toolchains/LTLAutomizerCInline.xml, Setting/storage/ultimate/trunk/examples/settings/ltlAutomizer/Default-LBE-Multi-SMTInterpol.epf
    Toolchain/storage/ultimate/trunk/examples/toolchains/LTLAutomizerC.xml, Setting/storage/ultimate/trunk/examples/settings/ltlAutomizer/Default-LBE-Multi+SBE-StagedBlast.epf
    Toolchain/storage/ultimate/trunk/examples/toolchains/LTLAutomizerCInline.xml, Setting/storage/ultimate/trunk/examples/settings/ltlAutomizer/Default+SBE+SASBE.epf
    Toolchain/storage/ultimate/trunk/examples/toolchains/LTLAutomizerC.xml, Setting/storage/ultimate/trunk/examples/settings/ltlAutomizer/Default+SBE.epf
    Toolchain/storage/ultimate/trunk/examples/toolchains/LTLAutomizerCInline.xml, Setting/storage/ultimate/trunk/examples/settings/ltlAutomizer/Default-LBE-Multi-z3.epf
    Toolchain/storage/ultimate/trunk/examples/toolchains/LTLAutomizerC.xml, Setting/storage/ultimate/trunk/examples/settings/ltlAutomizer/None+SBE+SASBE.epf
    Toolchain/storage/ultimate/trunk/examples/toolchains/LTLAutomizerC.xml, Setting/storage/ultimate/trunk/examples/settings/ltlAutomizer/Default-LBE-SNME.epf
    Toolchain/storage/ultimate/trunk/examples/toolchains/LTLAutomizerC.xml, Setting/storage/ultimate/trunk/examples/settings/ltlAutomizer/Default-LBE-Multi+SBE+IB.epf
    Toolchain/storage/ultimate/trunk/examples/toolchains/LTLAutomizerC.xml, Setting/storage/ultimate/trunk/examples/settings/ltlAutomizer/None.epf
    Toolchain/storage/ultimate/trunk/examples/toolchains/LTLAutomizerCInline.xml, Setting/storage/ultimate/trunk/examples/settings/ltlAutomizer/Default-LBE-Multi+SBE+IB-StagedBlast.epf
    Toolchain/storage/ultimate/trunk/examples/toolchains/LTLAutomizerC.xml, Setting/storage/ultimate/trunk/examples/settings/ltlAutomizer/Default-LBE-Multi-SMTInterpol.epf
    Toolchain/storage/ultimate/trunk/examples/toolchains/LTLAutomizerCInline.xml, Setting/storage/ultimate/trunk/examples/settings/ltlAutomizer/Default-LBE-Multi+IB.epf
    Toolchain/storage/ultimate/trunk/examples/toolchains/LTLAutomizerC.xml, Setting/storage/ultimate/trunk/examples/settings/ltlAutomizer/Default+SBE+SASBE.epf
    Toolchain/storage/ultimate/trunk/examples/toolchains/LTLAutomizerCInline.xml, Setting/storage/ultimate/trunk/examples/settings/ltlAutomizer/Default-LBE-SNME.epf
    Toolchain/storage/ultimate/trunk/examples/toolchains/LTLAutomizerCInline.xml, Setting/storage/ultimate/trunk/examples/settings/ltlAutomizer/Default-LBE-Multi+SBE+SASBE+IB.epf
    Toolchain/storage/ultimate/trunk/examples/toolchains/LTLAutomizerC.xml, Setting/storage/ultimate/trunk/examples/settings/ltlAutomizer/None+SBE.epf
    Toolchain/storage/ultimate/trunk/examples/toolchains/LTLAutomizerC.xml, Setting/storage/ultimate/trunk/examples/settings/ltlAutomizer/Default-LBE-Multi+SBE+SASBE+IB.epf
    Toolchain/storage/ultimate/trunk/examples/toolchains/LTLAutomizerCInline.xml, Setting/storage/ultimate/trunk/examples/settings/ltlAutomizer/Default-LBE-Multi-StagedBlast.epf
    Toolchain/storage/ultimate/trunk/examples/toolchains/LTLAutomizerCInline.xml, Setting/storage/ultimate/trunk/examples/settings/ltlAutomizer/Default-LBE-Multi-z3interpol.epf
    Toolchain/storage/ultimate/trunk/examples/toolchains/LTLAutomizerC.xml, Setting/storage/ultimate/trunk/examples/settings/ltlAutomizer/Default-LBE-Multi+SBE+SASBE+IB-StagedBlast.epf
    Toolchain/storage/ultimate/trunk/examples/toolchains/LTLAutomizerCInline.xml, Setting/storage/ultimate/trunk/examples/settings/ltlAutomizer/None+SBE+SASBE.epf
    Toolchain/storage/ultimate/trunk/examples/toolchains/LTLAutomizerCInline.xml, Setting/storage/ultimate/trunk/examples/settings/ltlAutomizer/Default-LBE-Multi+SBE.epf
    Toolchain/storage/ultimate/trunk/examples/toolchains/LTLAutomizerCInline.xml, Setting/storage/ultimate/trunk/examples/settings/ltlAutomizer/Default-LBE-Single.epf
    Toolchain/storage/ultimate/trunk/examples/toolchains/LTLAutomizerCInline.xml, Setting/storage/ultimate/trunk/examples/settings/ltlAutomizer/Default-LBE-Multi+SBE+SASBE-StagedBlast.epf
    Toolchain/storage/ultimate/trunk/examples/toolchains/LTLAutomizerC.xml, Setting/storage/ultimate/trunk/examples/settings/ltlAutomizer/None+LBE-Multi.epf
    Toolchain/storage/ultimate/trunk/examples/toolchains/LTLAutomizerC.xml, Setting/storage/ultimate/trunk/examples/settings/ltlAutomizer/Default-LBE-Multi-z3.epf
    Toolchain/storage/ultimate/trunk/examples/toolchains/LTLAutomizerC.xml, Setting/storage/ultimate/trunk/examples/settings/ltlAutomizer/Default-LBE-Multi+SBE+SASBE-StagedBlast.epf
    Toolchain/storage/ultimate/trunk/examples/toolchains/LTLAutomizerCInline.xml, Setting/storage/ultimate/trunk/examples/settings/ltlAutomizer/Default-LBE-Multi+SBE+SASBE.epf
    Toolchain/storage/ultimate/trunk/examples/toolchains/LTLAutomizerCInline.xml, Setting/storage/ultimate/trunk/examples/settings/ltlAutomizer/None+SBE.epf
    Toolchain/storage/ultimate/trunk/examples/toolchains/LTLAutomizerC.xml, Setting/storage/ultimate/trunk/examples/settings/ltlAutomizer/Default-LBE-Multi+NondetBuchi.epf
    Toolchain/storage/ultimate/trunk/examples/toolchains/LTLAutomizerCInline.xml, Setting/storage/ultimate/trunk/examples/settings/ltlAutomizer/Default.epf
    Toolchain/storage/ultimate/trunk/examples/toolchains/LTLAutomizerCInline.xml, Setting/storage/ultimate/trunk/examples/settings/ltlAutomizer/Default-LBE-Multi+SBE+IB.epf
    Toolchain/storage/ultimate/trunk/examples/toolchains/LTLAutomizerC.xml, Setting/storage/ultimate/trunk/examples/settings/ltlAutomizer/Default-LBE-Multi-StagedBlast.epf
    Toolchain/storage/ultimate/trunk/examples/toolchains/LTLAutomizerC.xml, Setting/storage/ultimate/trunk/examples/settings/ltlAutomizer/Default-LBE-Multi+SBE.epf
    Toolchain/storage/ultimate/trunk/examples/toolchains/LTLAutomizerCInline.xml, Setting/storage/ultimate/trunk/examples/settings/ltlAutomizer/None.epf
    Toolchain/storage/ultimate/trunk/examples/toolchains/LTLAutomizerC.xml, Setting/storage/ultimate/trunk/examples/settings/ltlAutomizer/Default-LBE-Multi+SBE+SASBE.epf
    Toolchain/storage/ultimate/trunk/examples/toolchains/LTLAutomizerC.xml, Setting/storage/ultimate/trunk/examples/settings/ltlAutomizer/Default-LBE-Multi.epf
    Toolchain/storage/ultimate/trunk/examples/toolchains/LTLAutomizerCInline.xml, Setting/storage/ultimate/trunk/examples/settings/ltlAutomizer/None+LBE-Multi.epf
    Toolchain/storage/ultimate/trunk/examples/toolchains/LTLAutomizerCInline.xml, Setting/storage/ultimate/trunk/examples/settings/ltlAutomizer/Default-LBE-Multi.epf
    Toolchain/storage/ultimate/trunk/examples/toolchains/LTLAutomizerC.xml, Setting/storage/ultimate/trunk/examples/settings/ltlAutomizer/Default-LBE-Multi+SBE+IB-StagedBlast.epf
    Toolchain/storage/ultimate/trunk/examples/toolchains/LTLAutomizerCInline.xml, Setting/storage/ultimate/trunk/examples/settings/ltlAutomizer/Default-LBE-Multi+SBE+SASBE+IB-StagedBlast.epf
are exactly the pairs were the result was SUCCESS on the following 14 files
  /storage/ultimate/trunk/examples/LTL/coolant/coolant_basis_1_unsafe_sfty.c
  /storage/ultimate/trunk/examples/LTL/coolant/coolant_basis_2_safe_liveness.c
  /storage/ultimate/trunk/examples/LTL/koskinen/ltlcmodelchecker-benchmarks/22-windows_os_frag7.c
  /storage/ultimate/trunk/examples/LTL/coolant/coolant_basis_4_2_unsafe_sftyliveness.c
  /storage/ultimate/trunk/examples/LTL/coolant/coolant_basis_4_1_unsafe_sftyliveness.c
  /storage/ultimate/trunk/examples/LTL/bugs/Bug_ProcedureHandling.c
  /storage/ultimate/trunk/examples/LTL/coolant/coolant_basis_1_safe_sfty.c
  /storage/ultimate/trunk/examples/LTL/simple/simple-2.c
  /storage/ultimate/trunk/examples/LTL/coolant/coolant_basis_1_neg.c
  /storage/ultimate/trunk/examples/LTL/coolant/coolant_basis_6_safe_sftyliveness.c
  /storage/ultimate/trunk/examples/LTL/koskinen/ltlcmodelchecker-benchmarks/02-fig8-2007.c
  /storage/ultimate/trunk/examples/LTL/koskinen/ltlcmodelchecker-benchmarks/08-postgreSQL_pgarch.c
  /storage/ultimate/trunk/examples/LTL/coolant/coolant_basis_4_safe_sftyliveness.c
  /storage/ultimate/trunk/examples/LTL/coolant/coolant_basis_6_unsafe_sftyliveness.c

The 48 toolchain/settings pairs
    Toolchain/storage/ultimate/trunk/examples/toolchains/LTLAutomizerC.xml, Setting/storage/ultimate/trunk/examples/settings/ltlAutomizer/Default-LBE-Multi+IB.epf
    Toolchain/storage/ultimate/trunk/examples/toolchains/LTLAutomizerCInline.xml, Setting/storage/ultimate/trunk/examples/settings/ltlAutomizer/Default-LBE-Multi+NondetBuchi.epf
    Toolchain/storage/ultimate/trunk/examples/toolchains/LTLAutomizerC.xml, Setting/storage/ultimate/trunk/examples/settings/ltlAutomizer/Default-LBE-Single.epf
    Toolchain/storage/ultimate/trunk/examples/toolchains/LTLAutomizerCInline.xml, Setting/storage/ultimate/trunk/examples/settings/ltlAutomizer/Default+SBE.epf
    Toolchain/storage/ultimate/trunk/examples/toolchains/LTLAutomizerCInline.xml, Setting/storage/ultimate/trunk/examples/settings/ltlAutomizer/Default-LBE-Multi+SBE-StagedBlast.epf
    Toolchain/storage/ultimate/trunk/examples/toolchains/LTLAutomizerC.xml, Setting/storage/ultimate/trunk/examples/settings/ltlAutomizer/Default-LBE-Multi-z3interpol.epf
    Toolchain/storage/ultimate/trunk/examples/toolchains/LTLAutomizerC.xml, Setting/storage/ultimate/trunk/examples/settings/ltlAutomizer/Default.epf
    Toolchain/storage/ultimate/trunk/examples/toolchains/LTLAutomizerCInline.xml, Setting/storage/ultimate/trunk/examples/settings/ltlAutomizer/Default-LBE-Multi-SMTInterpol.epf
    Toolchain/storage/ultimate/trunk/examples/toolchains/LTLAutomizerC.xml, Setting/storage/ultimate/trunk/examples/settings/ltlAutomizer/Default-LBE-Multi+SBE-StagedBlast.epf
    Toolchain/storage/ultimate/trunk/examples/toolchains/LTLAutomizerCInline.xml, Setting/storage/ultimate/trunk/examples/settings/ltlAutomizer/Default+SBE+SASBE.epf
    Toolchain/storage/ultimate/trunk/examples/toolchains/LTLAutomizerC.xml, Setting/storage/ultimate/trunk/examples/settings/ltlAutomizer/Default+SBE.epf
    Toolchain/storage/ultimate/trunk/examples/toolchains/LTLAutomizerCInline.xml, Setting/storage/ultimate/trunk/examples/settings/ltlAutomizer/Default-LBE-Multi-z3.epf
    Toolchain/storage/ultimate/trunk/examples/toolchains/LTLAutomizerC.xml, Setting/storage/ultimate/trunk/examples/settings/ltlAutomizer/None+SBE+SASBE.epf
    Toolchain/storage/ultimate/trunk/examples/toolchains/LTLAutomizerC.xml, Setting/storage/ultimate/trunk/examples/settings/ltlAutomizer/Default-LBE-SNME.epf
    Toolchain/storage/ultimate/trunk/examples/toolchains/LTLAutomizerC.xml, Setting/storage/ultimate/trunk/examples/settings/ltlAutomizer/Default-LBE-Multi+SBE+IB.epf
    Toolchain/storage/ultimate/trunk/examples/toolchains/LTLAutomizerC.xml, Setting/storage/ultimate/trunk/examples/settings/ltlAutomizer/None.epf
    Toolchain/storage/ultimate/trunk/examples/toolchains/LTLAutomizerCInline.xml, Setting/storage/ultimate/trunk/examples/settings/ltlAutomizer/Default-LBE-Multi+SBE+IB-StagedBlast.epf
    Toolchain/storage/ultimate/trunk/examples/toolchains/LTLAutomizerC.xml, Setting/storage/ultimate/trunk/examples/settings/ltlAutomizer/Default-LBE-Multi-SMTInterpol.epf
    Toolchain/storage/ultimate/trunk/examples/toolchains/LTLAutomizerCInline.xml, Setting/storage/ultimate/trunk/examples/settings/ltlAutomizer/Default-LBE-Multi+IB.epf
    Toolchain/storage/ultimate/trunk/examples/toolchains/LTLAutomizerC.xml, Setting/storage/ultimate/trunk/examples/settings/ltlAutomizer/Default+SBE+SASBE.epf
    Toolchain/storage/ultimate/trunk/examples/toolchains/LTLAutomizerCInline.xml, Setting/storage/ultimate/trunk/examples/settings/ltlAutomizer/Default-LBE-SNME.epf
    Toolchain/storage/ultimate/trunk/examples/toolchains/LTLAutomizerCInline.xml, Setting/storage/ultimate/trunk/examples/settings/ltlAutomizer/Default-LBE-Multi+SBE+SASBE+IB.epf
    Toolchain/storage/ultimate/trunk/examples/toolchains/LTLAutomizerC.xml, Setting/storage/ultimate/trunk/examples/settings/ltlAutomizer/None+SBE.epf
    Toolchain/storage/ultimate/trunk/examples/toolchains/LTLAutomizerC.xml, Setting/storage/ultimate/trunk/examples/settings/ltlAutomizer/Default-LBE-Multi+SBE+SASBE+IB.epf
    Toolchain/storage/ultimate/trunk/examples/toolchains/LTLAutomizerCInline.xml, Setting/storage/ultimate/trunk/examples/settings/ltlAutomizer/Default-LBE-Multi-StagedBlast.epf
    Toolchain/storage/ultimate/trunk/examples/toolchains/LTLAutomizerCInline.xml, Setting/storage/ultimate/trunk/examples/settings/ltlAutomizer/Default-LBE-Multi-z3interpol.epf
    Toolchain/storage/ultimate/trunk/examples/toolchains/LTLAutomizerC.xml, Setting/storage/ultimate/trunk/examples/settings/ltlAutomizer/Default-LBE-Multi+SBE+SASBE+IB-StagedBlast.epf
    Toolchain/storage/ultimate/trunk/examples/toolchains/LTLAutomizerCInline.xml, Setting/storage/ultimate/trunk/examples/settings/ltlAutomizer/None+SBE+SASBE.epf
    Toolchain/storage/ultimate/trunk/examples/toolchains/LTLAutomizerCInline.xml, Setting/storage/ultimate/trunk/examples/settings/ltlAutomizer/Default-LBE-Multi+SBE.epf
    Toolchain/storage/ultimate/trunk/examples/toolchains/LTLAutomizerCInline.xml, Setting/storage/ultimate/trunk/examples/settings/ltlAutomizer/Default-LBE-Single.epf
    Toolchain/storage/ultimate/trunk/examples/toolchains/LTLAutomizerCInline.xml, Setting/storage/ultimate/trunk/examples/settings/ltlAutomizer/Default-LBE-Multi+SBE+SASBE-StagedBlast.epf
    Toolchain/storage/ultimate/trunk/examples/toolchains/LTLAutomizerC.xml, Setting/storage/ultimate/trunk/examples/settings/ltlAutomizer/None+LBE-Multi.epf
    Toolchain/storage/ultimate/trunk/examples/toolchains/LTLAutomizerC.xml, Setting/storage/ultimate/trunk/examples/settings/ltlAutomizer/Default-LBE-Multi-z3.epf
    Toolchain/storage/ultimate/trunk/examples/toolchains/LTLAutomizerC.xml, Setting/storage/ultimate/trunk/examples/settings/ltlAutomizer/Default-LBE-Multi+SBE+SASBE-StagedBlast.epf
    Toolchain/storage/ultimate/trunk/examples/toolchains/LTLAutomizerCInline.xml, Setting/storage/ultimate/trunk/examples/settings/ltlAutomizer/Default-LBE-Multi+SBE+SASBE.epf
    Toolchain/storage/ultimate/trunk/examples/toolchains/LTLAutomizerCInline.xml, Setting/storage/ultimate/trunk/examples/settings/ltlAutomizer/None+SBE.epf
    Toolchain/storage/ultimate/trunk/examples/toolchains/LTLAutomizerC.xml, Setting/storage/ultimate/trunk/examples/settings/ltlAutomizer/Default-LBE-Multi+NondetBuchi.epf
    Toolchain/storage/ultimate/trunk/examples/toolchains/LTLAutomizerCInline.xml, Setting/storage/ultimate/trunk/examples/settings/ltlAutomizer/Default.epf
    Toolchain/storage/ultimate/trunk/examples/toolchains/LTLAutomizerCInline.xml, Setting/storage/ultimate/trunk/examples/settings/ltlAutomizer/Default-LBE-Multi+SBE+IB.epf
    Toolchain/storage/ultimate/trunk/examples/toolchains/LTLAutomizerC.xml, Setting/storage/ultimate/trunk/examples/settings/ltlAutomizer/Default-LBE-Multi-StagedBlast.epf
    Toolchain/storage/ultimate/trunk/examples/toolchains/LTLAutomizerC.xml, Setting/storage/ultimate/trunk/examples/settings/ltlAutomizer/Default-LBE-Multi+SBE.epf
    Toolchain/storage/ultimate/trunk/examples/toolchains/LTLAutomizerCInline.xml, Setting/storage/ultimate/trunk/examples/settings/ltlAutomizer/None.epf
    Toolchain/storage/ultimate/trunk/examples/toolchains/LTLAutomizerC.xml, Setting/storage/ultimate/trunk/examples/settings/ltlAutomizer/Default-LBE-Multi+SBE+SASBE.epf
    Toolchain/storage/ultimate/trunk/examples/toolchains/LTLAutomizerC.xml, Setting/storage/ultimate/trunk/examples/settings/ltlAutomizer/Default-LBE-Multi.epf
    Toolchain/storage/ultimate/trunk/examples/toolchains/LTLAutomizerCInline.xml, Setting/storage/ultimate/trunk/examples/settings/ltlAutomizer/None+LBE-Multi.epf
    Toolchain/storage/ultimate/trunk/examples/toolchains/LTLAutomizerCInline.xml, Setting/storage/ultimate/trunk/examples/settings/ltlAutomizer/Default-LBE-Multi.epf
    Toolchain/storage/ultimate/trunk/examples/toolchains/LTLAutomizerC.xml, Setting/storage/ultimate/trunk/examples/settings/ltlAutomizer/Default-LBE-Multi+SBE+IB-StagedBlast.epf
    Toolchain/storage/ultimate/trunk/examples/toolchains/LTLAutomizerCInline.xml, Setting/storage/ultimate/trunk/examples/settings/ltlAutomizer/Default-LBE-Multi+SBE+SASBE+IB-StagedBlast.epf
are exactly the pairs were the result was SUCCESS on the following 34 files
  /storage/ultimate/trunk/examples/LTL/koskinen/ltlcmodelchecker-benchmarks/15-windows_os_frag2_wbug.c
  /storage/ultimate/trunk/examples/LTL/koskinen/ltlcmodelchecker-benchmarks/14-windows_os_frag2.c
  /storage/ultimate/trunk/examples/LTL/koskinen/ltlcmodelchecker-benchmarks/10-postgreSQL_dropbuf_prop2.c
  /storage/ultimate/trunk/examples/LTL/simple/someNonterminating.c
  /storage/ultimate/trunk/examples/LTL/koskinen/ltlcmodelchecker-benchmarks/07-postgreSQL_strmsrv_wbug.c
  /storage/ultimate/trunk/examples/LTL/bugs/Bug_LtlExtractorUnaryMinus.c
  /storage/ultimate/trunk/examples/LTL/coolant/coolant_basis_4_neg.c
  /storage/ultimate/trunk/examples/LTL/simple/trivial-3.c
  /storage/ultimate/trunk/examples/LTL/coolant/coolant_basis_5_neg.c
  /storage/ultimate/trunk/examples/LTL/koskinen/ltlcmodelchecker-benchmarks/17-windows_os_frag4_prop1.c
  /storage/ultimate/trunk/examples/LTL/simple/trivial-1.c
  /storage/ultimate/trunk/examples/LTL/bugs/Bug_AssumeFalse.c
  /storage/ultimate/trunk/examples/LTL/simple/trivial-2.c
  /storage/ultimate/trunk/examples/LTL/bugs/Bug_DNF.c
  /storage/ultimate/trunk/examples/LTL/bugs/Bug_LtlExtractorTerm.c
  /storage/ultimate/trunk/examples/LTL/coolant/coolant_basis_2_neg.c
  /storage/ultimate/trunk/examples/LTL/koskinen/ltlcmodelchecker-benchmarks/19-windows_os_frag5.c
  /storage/ultimate/trunk/examples/LTL/simple/cav2015.c
  /storage/ultimate/trunk/examples/LTL/koskinen/ltlcmodelchecker-benchmarks/21-windows_os_frag6_wbug.c
  /storage/ultimate/trunk/examples/LTL/bugs/Bug_NoLoopAtEndForTerminatingPrograms_unsafe.c
  /storage/ultimate/trunk/examples/LTL/coolant/coolant_basis_3_unsafe_sftyliveness.c
  /storage/ultimate/trunk/examples/LTL/bugs/Bug_LtlExtractorGreater.c
  /storage/ultimate/trunk/examples/LTL/koskinen/ltlcmodelchecker-benchmarks/06-postgreSQL_strmsrv.c
  /storage/ultimate/trunk/examples/LTL/coolant/coolant_basis_3_safe_sftyliveness.c
  /storage/ultimate/trunk/examples/LTL/koskinen/ltlcmodelchecker-benchmarks/01-exsec2.c
  /storage/ultimate/trunk/examples/LTL/simple/simple-1.c
  /storage/ultimate/trunk/examples/LTL/bugs/Bug_ProcedureAssumeFalse.c
  /storage/ultimate/trunk/examples/LTL/simple/PotentialMinimizeSEVPABug.c
  /storage/ultimate/trunk/examples/LTL/bugs/Bug_GloballyNegatedAp.c
  /storage/ultimate/trunk/examples/LTL/koskinen/ltlcmodelchecker-benchmarks/13-windows_os_frag1.c
  /storage/ultimate/trunk/examples/LTL/koskinen/ltlcmodelchecker-benchmarks/03-toyacquirerelease.c
  /storage/ultimate/trunk/examples/LTL/bugs/Bug_ProcedureDNF.c
  /storage/ultimate/trunk/examples/LTL/koskinen/ltlcmodelchecker-benchmarks/04-toylinarith1.c
  /storage/ultimate/trunk/examples/LTL/simple/cav2015-inverted.c




