======= King of the Hill for SUCCESS =======
The 1 toolchain/settings pairs
    Toolchain/home/matthias/ultimate/trunk/examples/toolchains/AutomizerCInline.xml, Setting/home/matthias/ultimate/trunk/examples/settings/automizer/2TracAutomatonEvaluation/ForwardPredicates_CanonicalAutomaton_SvcompReachPreciseMM.epf
are exactly the pairs were the result was SUCCESS on the following 7 files
  /home/matthias/ultimate/trunk/examples/svcomp/loops/invert_string_true-unreach-call.i
  /home/matthias/ultimate/trunk/examples/svcomp/recursive/Fibonacci03_true-unreach-call_true-termination.c
  /home/matthias/ultimate/trunk/examples/svcomp/recursive/Ackermann03_true-unreach-call.c
  /home/matthias/ultimate/trunk/examples/svcomp/recursive/Fibonacci05_false-unreach-call_true-termination.c
  /home/matthias/ultimate/trunk/examples/svcomp/loops/vogal_false-unreach-call.i
  /home/matthias/ultimate/trunk/examples/svcomp/list-properties/list_false-unreach-call.i
  /home/matthias/ultimate/trunk/examples/svcomp/ssh-simplified/s3_srvr_6_true-unreach-call.cil.c

The 1 toolchain/settings pairs
    Toolchain/home/matthias/ultimate/trunk/examples/toolchains/AutomizerCInline.xml, Setting/home/matthias/ultimate/trunk/examples/settings/automizer/2TracAutomatonEvaluation/BackwardPredicates_CanonicalAutomaton_SvcompReachPreciseMM.epf
are exactly the pairs were the result was SUCCESS on the following 5 files
  /home/matthias/ultimate/trunk/examples/svcomp/loops/sum01_false-unreach-call_true-termination.i
  /home/matthias/ultimate/trunk/examples/svcomp/loops/n.c40_true-unreach-call.i
  /home/matthias/ultimate/trunk/examples/svcomp/loops/nec40_true-unreach-call.i
  /home/matthias/ultimate/trunk/examples/svcomp/list-properties/list_search_true-unreach-call.i
  /home/matthias/ultimate/trunk/examples/svcomp/loop-acceleration/overflow_true-unreach-call1.c

The 1 toolchain/settings pairs
    Toolchain/home/matthias/ultimate/trunk/examples/toolchains/AutomizerCInline.xml, Setting/home/matthias/ultimate/trunk/examples/settings/automizer/2TracAutomatonEvaluation/FPandBP_2TrackAutomaton_SvcompReachPreciseMM.epf
are exactly the pairs were the result was SUCCESS on the following 2 files
  /home/matthias/ultimate/trunk/examples/svcomp/loops/linear_sea.ch_true-unreach-call.i
  /home/matthias/ultimate/trunk/examples/svcomp/recursive/Addition01_true-unreach-call_true-termination.c

The 2 toolchain/settings pairs
    Toolchain/home/matthias/ultimate/trunk/examples/toolchains/AutomizerCInline.xml, Setting/home/matthias/ultimate/trunk/examples/settings/automizer/2TracAutomatonEvaluation/ForwardPredicates_CanonicalAutomaton_SvcompReachPreciseMM.epf
    Toolchain/home/matthias/ultimate/trunk/examples/toolchains/AutomizerCInline.xml, Setting/home/matthias/ultimate/trunk/examples/settings/automizer/2TracAutomatonEvaluation/BackwardPredicates_CanonicalAutomaton_SvcompReachPreciseMM.epf
are exactly the pairs were the result was SUCCESS on the following 17 files
  /home/matthias/ultimate/trunk/examples/svcomp/ssh-simplified/s3_srvr_2_true-unreach-call.cil.c
  /home/matthias/ultimate/trunk/examples/svcomp/ssh-simplified/s3_srvr_8_true-unreach-call.cil.c
  /home/matthias/ultimate/trunk/examples/svcomp/ssh-simplified/s3_srvr_7_true-unreach-call.cil.c
  /home/matthias/ultimate/trunk/examples/svcomp/ssh-simplified/s3_clnt_2_true-unreach-call_true-termination.cil.c
  /home/matthias/ultimate/trunk/examples/svcomp/ssh-simplified/s3_clnt_4_true-unreach-call.cil.c
  /home/matthias/ultimate/trunk/examples/svcomp/product-lines/minepump_spec5_product33_true-unreach-call.cil.c
  /home/matthias/ultimate/trunk/examples/svcomp/ssh-simplified/s3_clnt_1_true-unreach-call.cil.c
  /home/matthias/ultimate/trunk/examples/svcomp/eca-rers2012/Problem03_label37_false-unreach-call.c
  /home/matthias/ultimate/trunk/examples/svcomp/systemc/token_ring.03_false-unreach-call_false-termination.cil.c
  /home/matthias/ultimate/trunk/examples/svcomp/ntdrivers-simplified/floppy_simpl4_true-unreach-call_true-termination.cil.c
  /home/matthias/ultimate/trunk/examples/svcomp/ssh-simplified/s3_clnt_3_true-unreach-call.cil.c
  /home/matthias/ultimate/trunk/examples/svcomp/loop-new/nested_true-unreach-call.i
  /home/matthias/ultimate/trunk/examples/svcomp/ssh-simplified/s3_srvr_11_false-unreach-call.cil.c
  /home/matthias/ultimate/trunk/examples/svcomp/systemc/transmitter.04_false-unreach-call_false-termination.cil.c
  /home/matthias/ultimate/trunk/examples/svcomp/loops/eureka_05_true-unreach-call.i
  /home/matthias/ultimate/trunk/examples/svcomp/systemc/token_ring.02_true-unreach-call_false-termination.cil.c
  /home/matthias/ultimate/trunk/examples/svcomp/loop-invgen/heapsort_true-unreach-call.i

The 2 toolchain/settings pairs
    Toolchain/home/matthias/ultimate/trunk/examples/toolchains/AutomizerCInline.xml, Setting/home/matthias/ultimate/trunk/examples/settings/automizer/2TracAutomatonEvaluation/ForwardPredicates_CanonicalAutomaton_SvcompReachPreciseMM.epf
    Toolchain/home/matthias/ultimate/trunk/examples/toolchains/AutomizerCInline.xml, Setting/home/matthias/ultimate/trunk/examples/settings/automizer/2TracAutomatonEvaluation/FPandBP_2TrackAutomaton_SvcompReachPreciseMM.epf
are exactly the pairs were the result was SUCCESS on the following 2 files
  /home/matthias/ultimate/trunk/examples/svcomp/recursive/Fibonacci04_false-unreach-call_true-termination.c
  /home/matthias/ultimate/trunk/examples/svcomp/loop-lit/afnp2014_true-unreach-call.c.i

The 2 toolchain/settings pairs
    Toolchain/home/matthias/ultimate/trunk/examples/toolchains/AutomizerCInline.xml, Setting/home/matthias/ultimate/trunk/examples/settings/automizer/2TracAutomatonEvaluation/BackwardPredicates_CanonicalAutomaton_SvcompReachPreciseMM.epf
    Toolchain/home/matthias/ultimate/trunk/examples/toolchains/AutomizerCInline.xml, Setting/home/matthias/ultimate/trunk/examples/settings/automizer/2TracAutomatonEvaluation/FPandBP_2TrackAutomaton_SvcompReachPreciseMM.epf
are exactly the pairs were the result was SUCCESS on the following 3 files
  /home/matthias/ultimate/trunk/examples/svcomp/loop-new/count_by_1_variant_true-unreach-call.i
  /home/matthias/ultimate/trunk/examples/svcomp/loop-acceleration/const_true-unreach-call1.c
  /home/matthias/ultimate/trunk/examples/svcomp/loop-acceleration/simple_true-unreach-call3.c

The 3 toolchain/settings pairs
    Toolchain/home/matthias/ultimate/trunk/examples/toolchains/AutomizerCInline.xml, Setting/home/matthias/ultimate/trunk/examples/settings/automizer/2TracAutomatonEvaluation/ForwardPredicates_CanonicalAutomaton_SvcompReachPreciseMM.epf
    Toolchain/home/matthias/ultimate/trunk/examples/toolchains/AutomizerCInline.xml, Setting/home/matthias/ultimate/trunk/examples/settings/automizer/2TracAutomatonEvaluation/BackwardPredicates_CanonicalAutomaton_SvcompReachPreciseMM.epf
    Toolchain/home/matthias/ultimate/trunk/examples/toolchains/AutomizerCInline.xml, Setting/home/matthias/ultimate/trunk/examples/settings/automizer/2TracAutomatonEvaluation/FPandBP_2TrackAutomaton_SvcompReachPreciseMM.epf
are exactly the pairs were the result was SUCCESS on the following 138 files
  /home/matthias/ultimate/trunk/examples/svcomp/ntdrivers-simplified/kbfiltr_simpl2_false-unreach-call_true-termination.cil.c
  /home/matthias/ultimate/trunk/examples/svcomp/ldv-regression/test_malloc-1_true-unreach-call.i
  /home/matthias/ultimate/trunk/examples/svcomp/ldv-regression/nested_structure_noptr_true-unreach-call.i
  /home/matthias/ultimate/trunk/examples/svcomp/ntdrivers-simplified/cdaudio_simpl1_false-unreach-call_true-termination.cil.c
  /home/matthias/ultimate/trunk/examples/svcomp/ldv-regression/nested_structure_ptr.c_true-unreach-call.i
  /home/matthias/ultimate/trunk/examples/svcomp/ntdrivers-simplified/floppy_simpl3_false-unreach-call_true-termination.cil.c
  /home/matthias/ultimate/trunk/examples/svcomp/systemc/token_ring.01_false-unreach-call_false-termination.cil.c
  /home/matthias/ultimate/trunk/examples/svcomp/locks/test_locks_7_true-unreach-call_false-termination.c
  /home/matthias/ultimate/trunk/examples/svcomp/ssh-simplified/s3_srvr_2_false-unreach-call.cil.c
  /home/matthias/ultimate/trunk/examples/svcomp/loops/for_infinite_loop_1_true-unreach-call_false-termination.i
  /home/matthias/ultimate/trunk/examples/svcomp/locks/test_locks_11_true-unreach-call_false-termination.c
  /home/matthias/ultimate/trunk/examples/svcomp/ntdrivers-simplified/floppy_simpl4_false-unreach-call_true-termination.cil.c
  /home/matthias/ultimate/trunk/examples/svcomp/locks/test_locks_9_true-unreach-call.c
  /home/matthias/ultimate/trunk/examples/svcomp/loops/sum04_false-unreach-call_true-termination.i
  /home/matthias/ultimate/trunk/examples/svcomp/loops/for_bounded_loop1_false-unreach-call_true-termination.i
  /home/matthias/ultimate/trunk/examples/svcomp/loop-lit/cggmp2005_true-unreach-call.c.i
  /home/matthias/ultimate/trunk/examples/svcomp/loops/terminator_01_false-unreach-call_false-termination.i
  /home/matthias/ultimate/trunk/examples/svcomp/loops/trex03_false-unreach-call_true-termination.i
  /home/matthias/ultimate/trunk/examples/svcomp/loops/n.c11_true-unreach-call.i
  /home/matthias/ultimate/trunk/examples/svcomp/locks/test_locks_6_true-unreach-call_false-termination.c
  /home/matthias/ultimate/trunk/examples/svcomp/recursive/Addition02_false-unreach-call_false-termination.c
  /home/matthias/ultimate/trunk/examples/svcomp/loops/nec11_false-unreach-call.i
  /home/matthias/ultimate/trunk/examples/svcomp/ssh-simplified/s3_srvr_6_false-unreach-call.cil.c
  /home/matthias/ultimate/trunk/examples/svcomp/loops/while_infinite_loop_3_true-unreach-call_false-termination.i
  /home/matthias/ultimate/trunk/examples/svcomp/recursive/McCarthy91_false-unreach-call_false-termination.c
  /home/matthias/ultimate/trunk/examples/svcomp/product-lines/minepump_spec1_product36_false-unreach-call.cil.c
  /home/matthias/ultimate/trunk/examples/svcomp/loops/for_infinite_loop_2_true-unreach-call_false-termination.i
  /home/matthias/ultimate/trunk/examples/svcomp/loop-lit/gsv2008_true-unreach-call.c.i
  /home/matthias/ultimate/trunk/examples/svcomp/loops/terminator_03_true-unreach-call_true-termination.i
  /home/matthias/ultimate/trunk/examples/svcomp/ssh-simplified/s3_srvr_1b_true-unreach-call_false-termination.cil.c
  /home/matthias/ultimate/trunk/examples/svcomp/loop-invgen/SpamAssassin-loop_true-unreach-call.i
  /home/matthias/ultimate/trunk/examples/svcomp/loop-acceleration/array_true-unreach-call3.c
  /home/matthias/ultimate/trunk/examples/svcomp/ssh-simplified/s3_clnt_1_false-unreach-call.cil.c
  /home/matthias/ultimate/trunk/examples/svcomp/ldv-regression/mutex_lock_int.c_true-unreach-call_1.i
  /home/matthias/ultimate/trunk/examples/svcomp/loop-invgen/id_build_true-unreach-call.i
  /home/matthias/ultimate/trunk/examples/svcomp/ntdrivers-simplified/floppy_simpl3_true-unreach-call_true-termination.cil.c
  /home/matthias/ultimate/trunk/examples/svcomp/heap-manipulation/merge_sort_false-unreach-call.i
  /home/matthias/ultimate/trunk/examples/svcomp/ldv-regression/rule57_ebda_blast.c_false-unreach-call.i
  /home/matthias/ultimate/trunk/examples/svcomp/locks/test_locks_5_true-unreach-call_false-termination.c
  /home/matthias/ultimate/trunk/examples/svcomp/ldv-regression/rule60_list2.c_true-unreach-call.i
  /home/matthias/ultimate/trunk/examples/svcomp/ldv-regression/alt_test.c_false-unreach-call.i
  /home/matthias/ultimate/trunk/examples/svcomp/loops/trex04_true-unreach-call_false-termination.i
  /home/matthias/ultimate/trunk/examples/svcomp/locks/test_locks_15_true-unreach-call_false-termination.c
  /home/matthias/ultimate/trunk/examples/svcomp/ntdrivers-simplified/kbfiltr_simpl1_true-unreach-call_true-termination.cil.c
  /home/matthias/ultimate/trunk/examples/svcomp/loops/terminator_03_false-unreach-call_true-termination.i
  /home/matthias/ultimate/trunk/examples/svcomp/loops/trex02_false-unreach-call_true-termination.i
  /home/matthias/ultimate/trunk/examples/svcomp/locks/test_locks_13_true-unreach-call.c
  /home/matthias/ultimate/trunk/examples/svcomp/product-lines/minepump_spec4_product07_true-unreach-call.cil.c
  /home/matthias/ultimate/trunk/examples/svcomp/list-properties/list_flag_false-unreach-call.i
  /home/matthias/ultimate/trunk/examples/svcomp/loop-lit/gj2007b_true-unreach-call.c.i
  /home/matthias/ultimate/trunk/examples/svcomp/loops/while_infinite_loop_1_true-unreach-call_false-termination.i
  /home/matthias/ultimate/trunk/examples/svcomp/locks/test_locks_10_true-unreach-call.c
  /home/matthias/ultimate/trunk/examples/svcomp/list-properties/alternating_list_false-unreach-call.i
  /home/matthias/ultimate/trunk/examples/svcomp/loop-invgen/large_const_true-unreach-call.i
  /home/matthias/ultimate/trunk/examples/svcomp/product-lines/minepump_spec4_product01_true-unreach-call.cil.c
  /home/matthias/ultimate/trunk/examples/svcomp/recursive/EvenOdd03_false-unreach-call_false-termination.c
  /home/matthias/ultimate/trunk/examples/svcomp/list-properties/simple_false-unreach-call.i
  /home/matthias/ultimate/trunk/examples/svcomp/loop-invgen/nested6_true-unreach-call.i
  /home/matthias/ultimate/trunk/examples/svcomp/systemc/transmitter.03_false-unreach-call_false-termination.cil.c
  /home/matthias/ultimate/trunk/examples/svcomp/loops/veris.c_NetBSD-libc__loop_true-unreach-call.i
  /home/matthias/ultimate/trunk/examples/svcomp/loop-invgen/nest-if3_true-unreach-call.i
  /home/matthias/ultimate/trunk/examples/svcomp/recursive/recHanoi02_true-unreach-call_true-termination.c
  /home/matthias/ultimate/trunk/examples/svcomp/ssh-simplified/s3_srvr_1a_true-unreach-call.cil.c
  /home/matthias/ultimate/trunk/examples/svcomp/loops/string_true-unreach-call.i
  /home/matthias/ultimate/trunk/examples/svcomp/ldv-regression/nested_structure_true-unreach-call.i
  /home/matthias/ultimate/trunk/examples/svcomp/list-properties/list_search_false-unreach-call.i
  /home/matthias/ultimate/trunk/examples/svcomp/loops/array_false-unreach-call.i
  /home/matthias/ultimate/trunk/examples/svcomp/loops/trex01_false-unreach-call_true-termination.i
  /home/matthias/ultimate/trunk/examples/svcomp/ntdrivers-simplified/cdaudio_simpl1_true-unreach-call_true-termination.cil.c
  /home/matthias/ultimate/trunk/examples/svcomp/locks/test_locks_14_true-unreach-call.c
  /home/matthias/ultimate/trunk/examples/svcomp/loops/while_infinite_loop_4_false-unreach-call_true-termination.i
  /home/matthias/ultimate/trunk/examples/svcomp/recursive/McCarthy91_true-unreach-call.c
  /home/matthias/ultimate/trunk/examples/svcomp/locks/test_locks_12_true-unreach-call_false-termination.c
  /home/matthias/ultimate/trunk/examples/svcomp/ldv-regression/alias_of_return.c_true-unreach-call.i
  /home/matthias/ultimate/trunk/examples/svcomp/loop-invgen/apache-escape-absolute_true-unreach-call.i
  /home/matthias/ultimate/trunk/examples/svcomp/ldv-regression/structure_assignment.c_true-unreach-call.i
  /home/matthias/ultimate/trunk/examples/svcomp/recursive/Ackermann01_true-unreach-call.c
  /home/matthias/ultimate/trunk/examples/svcomp/loops/veris.c_OpenSER__cases1_stripFullBoth_arr_true-unreach-call.i
  /home/matthias/ultimate/trunk/examples/svcomp/locks/test_locks_15_false-unreach-call.c
  /home/matthias/ultimate/trunk/examples/svcomp/loops/sum01_bug02_sum01_bug02_base.case_false-unreach-call_true-termination.i
  /home/matthias/ultimate/trunk/examples/svcomp/systemc/transmitter.01_false-unreach-call_false-termination.cil.c
  /home/matthias/ultimate/trunk/examples/svcomp/locks/test_locks_14_false-unreach-call.c
  /home/matthias/ultimate/trunk/examples/svcomp/loops/trex02_true-unreach-call_true-termination.i
  /home/matthias/ultimate/trunk/examples/svcomp/ldv-regression/test_malloc-2_true-unreach-call.i
  /home/matthias/ultimate/trunk/examples/svcomp/list-properties/splice_false-unreach-call.i
  /home/matthias/ultimate/trunk/examples/svcomp/loops/trex03_true-unreach-call.i
  /home/matthias/ultimate/trunk/examples/svcomp/systemc/token_ring.02_false-unreach-call_false-termination.cil.c
  /home/matthias/ultimate/trunk/examples/svcomp/loop-acceleration/simple_false-unreach-call3.c
  /home/matthias/ultimate/trunk/examples/svcomp/ldv-regression/alias_of_return_2.c_true-unreach-call.i
  /home/matthias/ultimate/trunk/examples/svcomp/loops/sum_array_false-unreach-call.i
  /home/matthias/ultimate/trunk/examples/svcomp/loop-acceleration/simple_true-unreach-call2.c
  /home/matthias/ultimate/trunk/examples/svcomp/eca-rers2012/Problem02_label36_true-unreach-call.c
  /home/matthias/ultimate/trunk/examples/svcomp/loops/while_infinite_loop_2_true-unreach-call_false-termination.i
  /home/matthias/ultimate/trunk/examples/svcomp/ntdrivers-simplified/diskperf_simpl1_true-unreach-call_true-termination.cil.c
  /home/matthias/ultimate/trunk/examples/svcomp/loops/veris.c_sendmail__tTflag_arr_one_loop_true-unreach-call.i
  /home/matthias/ultimate/trunk/examples/svcomp/ssh-simplified/s3_srvr_10_false-unreach-call.cil.c
  /home/matthias/ultimate/trunk/examples/svcomp/loops/terminator_02_true-unreach-call_true-termination.i
  /home/matthias/ultimate/trunk/examples/svcomp/ldv-regression/test_while_int.c_false-unreach-call_1.i
  /home/matthias/ultimate/trunk/examples/svcomp/loops/count_up_down_false-unreach-call_true-termination.i
  /home/matthias/ultimate/trunk/examples/svcomp/loops/matrix_false-unreach-call_true-termination.i
  /home/matthias/ultimate/trunk/examples/svcomp/loops/nec20_false-unreach-call.i
  /home/matthias/ultimate/trunk/examples/svcomp/loops/invert_string_false-unreach-call.i
  /home/matthias/ultimate/trunk/examples/svcomp/loop-invgen/NetBSD_loop_true-unreach-call.i
  /home/matthias/ultimate/trunk/examples/svcomp/systemc/pc_sfifo_1_false-unreach-call_false-termination.cil.c
  /home/matthias/ultimate/trunk/examples/svcomp/recursive/Ackermann02_false-unreach-call_false-termination.c
  /home/matthias/ultimate/trunk/examples/svcomp/product-lines/minepump_spec2_product17_true-unreach-call.cil.c
  /home/matthias/ultimate/trunk/examples/svcomp/loops/sum04_true-unreach-call_true-termination.i
  /home/matthias/ultimate/trunk/examples/svcomp/product-lines/minepump_spec5_product18_true-unreach-call.cil.c
  /home/matthias/ultimate/trunk/examples/svcomp/ssh-simplified/s3_srvr_14_false-unreach-call.cil.c
  /home/matthias/ultimate/trunk/examples/svcomp/loop-acceleration/multivar_true-unreach-call1.c
  /home/matthias/ultimate/trunk/examples/svcomp/loops/sum01_bug02_false-unreach-call_true-termination.i
  /home/matthias/ultimate/trunk/examples/svcomp/recursive/BallRajamani-SPIN2000-Fig1_false-unreach-call.c
  /home/matthias/ultimate/trunk/examples/svcomp/loop-acceleration/underapprox_false-unreach-call1.c
  /home/matthias/ultimate/trunk/examples/svcomp/ssh-simplified/s3_clnt_4_false-unreach-call.cil.c
  /home/matthias/ultimate/trunk/examples/svcomp/loop-acceleration/underapprox_true-unreach-call2.c
  /home/matthias/ultimate/trunk/examples/svcomp/locks/test_locks_8_true-unreach-call_false-termination.c
  /home/matthias/ultimate/trunk/examples/svcomp/loop-acceleration/multivar_false-unreach-call1.c
  /home/matthias/ultimate/trunk/examples/svcomp/loop-invgen/id_trans_false-unreach-call.i
  /home/matthias/ultimate/trunk/examples/svcomp/ldv-regression/stateful_check_false-unreach-call.i
  /home/matthias/ultimate/trunk/examples/svcomp/ldv-regression/oomInt.c_true-unreach-call.i
  /home/matthias/ultimate/trunk/examples/svcomp/loops/bubble_sort_true-unreach-call.i
  /home/matthias/ultimate/trunk/examples/svcomp/loop-invgen/apache-get-tag_true-unreach-call.i
  /home/matthias/ultimate/trunk/examples/svcomp/ssh-simplified/s3_srvr_13_false-unreach-call.cil.c
  /home/matthias/ultimate/trunk/examples/svcomp/loops/verisec_OpenSER__cases1_stripFullBoth_arr_false-unreach-call.i
  /home/matthias/ultimate/trunk/examples/svcomp/loops/verisec_NetBSD-libc__loop_false-unreach-call.i
  /home/matthias/ultimate/trunk/examples/svcomp/loop-acceleration/underapprox_true-unreach-call1.c
  /home/matthias/ultimate/trunk/examples/svcomp/ssh-simplified/s3_clnt_3_false-unreach-call.cil.c
  /home/matthias/ultimate/trunk/examples/svcomp/systemc/pc_sfifo_3_true-unreach-call_false-termination.cil.c
  /home/matthias/ultimate/trunk/examples/svcomp/ntdrivers-simplified/kbfiltr_simpl2_true-unreach-call_true-termination.cil.c
  /home/matthias/ultimate/trunk/examples/svcomp/ssh-simplified/s3_srvr_1_false-unreach-call.cil.c
  /home/matthias/ultimate/trunk/examples/svcomp/ldv-regression/1_3.c_false-unreach-call.i
  /home/matthias/ultimate/trunk/examples/svcomp/loops/terminator_02_false-unreach-call_true-termination.i
  /home/matthias/ultimate/trunk/examples/svcomp/ldv-regression/test_cut_trace.c_true-unreach-call.i
  /home/matthias/ultimate/trunk/examples/svcomp/product-lines/minepump_spec1_product05_true-unreach-call.cil.c
  /home/matthias/ultimate/trunk/examples/svcomp/loops/matrix_true-unreach-call_true-termination.i
  /home/matthias/ultimate/trunk/examples/svcomp/ldv-regression/recursive_list.c_false-unreach-call.i
  /home/matthias/ultimate/trunk/examples/svcomp/ldv-regression/callfpointer.c_false-unreach-call.i
  /home/matthias/ultimate/trunk/examples/svcomp/loops/trex01_true-unreach-call.i





======= King of the Hill for TIMEOUT =======
The 1 toolchain/settings pairs
    Toolchain/home/matthias/ultimate/trunk/examples/toolchains/AutomizerCInline.xml, Setting/home/matthias/ultimate/trunk/examples/settings/automizer/2TracAutomatonEvaluation/ForwardPredicates_CanonicalAutomaton_SvcompReachPreciseMM.epf
are exactly the pairs were the result was TIMEOUT on the following 6 files
  /home/matthias/ultimate/trunk/examples/svcomp/loop-new/count_by_1_variant_true-unreach-call.i
  /home/matthias/ultimate/trunk/examples/svcomp/loop-acceleration/const_true-unreach-call1.c
  /home/matthias/ultimate/trunk/examples/svcomp/recursive/gcd02_true-unreach-call.c
  /home/matthias/ultimate/trunk/examples/svcomp/recursive/Primes_true-unreach-call.c
  /home/matthias/ultimate/trunk/examples/svcomp/recursive/recHanoi03_true-unreach-call_true-termination.c
  /home/matthias/ultimate/trunk/examples/svcomp/loop-acceleration/simple_true-unreach-call3.c

The 1 toolchain/settings pairs
    Toolchain/home/matthias/ultimate/trunk/examples/toolchains/AutomizerCInline.xml, Setting/home/matthias/ultimate/trunk/examples/settings/automizer/2TracAutomatonEvaluation/BackwardPredicates_CanonicalAutomaton_SvcompReachPreciseMM.epf
are exactly the pairs were the result was TIMEOUT on the following 6 files
  /home/matthias/ultimate/trunk/examples/svcomp/recursive/Fibonacci04_false-unreach-call_true-termination.c
  /home/matthias/ultimate/trunk/examples/svcomp/recursive/Fibonacci03_true-unreach-call_true-termination.c
  /home/matthias/ultimate/trunk/examples/svcomp/loops/eureka_01_true-unreach-call.i
  /home/matthias/ultimate/trunk/examples/svcomp/loop-lit/afnp2014_true-unreach-call.c.i
  /home/matthias/ultimate/trunk/examples/svcomp/recursive/Fibonacci05_false-unreach-call_true-termination.c
  /home/matthias/ultimate/trunk/examples/svcomp/ssh-simplified/s3_srvr_6_true-unreach-call.cil.c

The 1 toolchain/settings pairs
    Toolchain/home/matthias/ultimate/trunk/examples/toolchains/AutomizerCInline.xml, Setting/home/matthias/ultimate/trunk/examples/settings/automizer/2TracAutomatonEvaluation/FPandBP_2TrackAutomaton_SvcompReachPreciseMM.epf
are exactly the pairs were the result was TIMEOUT on the following 17 files
  /home/matthias/ultimate/trunk/examples/svcomp/ssh-simplified/s3_srvr_2_true-unreach-call.cil.c
  /home/matthias/ultimate/trunk/examples/svcomp/ssh-simplified/s3_srvr_8_true-unreach-call.cil.c
  /home/matthias/ultimate/trunk/examples/svcomp/ssh-simplified/s3_srvr_7_true-unreach-call.cil.c
  /home/matthias/ultimate/trunk/examples/svcomp/ssh-simplified/s3_clnt_2_true-unreach-call_true-termination.cil.c
  /home/matthias/ultimate/trunk/examples/svcomp/ssh-simplified/s3_clnt_4_true-unreach-call.cil.c
  /home/matthias/ultimate/trunk/examples/svcomp/product-lines/minepump_spec5_product33_true-unreach-call.cil.c
  /home/matthias/ultimate/trunk/examples/svcomp/ssh-simplified/s3_clnt_1_true-unreach-call.cil.c
  /home/matthias/ultimate/trunk/examples/svcomp/eca-rers2012/Problem03_label37_false-unreach-call.c
  /home/matthias/ultimate/trunk/examples/svcomp/systemc/token_ring.03_false-unreach-call_false-termination.cil.c
  /home/matthias/ultimate/trunk/examples/svcomp/ntdrivers-simplified/floppy_simpl4_true-unreach-call_true-termination.cil.c
  /home/matthias/ultimate/trunk/examples/svcomp/ssh-simplified/s3_clnt_3_true-unreach-call.cil.c
  /home/matthias/ultimate/trunk/examples/svcomp/loop-new/nested_true-unreach-call.i
  /home/matthias/ultimate/trunk/examples/svcomp/ssh-simplified/s3_srvr_11_false-unreach-call.cil.c
  /home/matthias/ultimate/trunk/examples/svcomp/systemc/transmitter.04_false-unreach-call_false-termination.cil.c
  /home/matthias/ultimate/trunk/examples/svcomp/loops/eureka_05_true-unreach-call.i
  /home/matthias/ultimate/trunk/examples/svcomp/systemc/token_ring.02_true-unreach-call_false-termination.cil.c
  /home/matthias/ultimate/trunk/examples/svcomp/loop-invgen/heapsort_true-unreach-call.i

The 2 toolchain/settings pairs
    Toolchain/home/matthias/ultimate/trunk/examples/toolchains/AutomizerCInline.xml, Setting/home/matthias/ultimate/trunk/examples/settings/automizer/2TracAutomatonEvaluation/ForwardPredicates_CanonicalAutomaton_SvcompReachPreciseMM.epf
    Toolchain/home/matthias/ultimate/trunk/examples/toolchains/AutomizerCInline.xml, Setting/home/matthias/ultimate/trunk/examples/settings/automizer/2TracAutomatonEvaluation/BackwardPredicates_CanonicalAutomaton_SvcompReachPreciseMM.epf
are exactly the pairs were the result was TIMEOUT on the following 8 files
  /home/matthias/ultimate/trunk/examples/svcomp/systemc/token_ring.10_false-unreach-call_false-termination.cil.c
  /home/matthias/ultimate/trunk/examples/svcomp/eca-rers2012/Problem04_label40_false-unreach-call.c
  /home/matthias/ultimate/trunk/examples/svcomp/eca-rers2012/Problem06_label25_true-unreach-call.c
  /home/matthias/ultimate/trunk/examples/svcomp/eca-rers2012/Problem05_label35_true-unreach-call.c
  /home/matthias/ultimate/trunk/examples/svcomp/loops/linear_sea.ch_true-unreach-call.i
  /home/matthias/ultimate/trunk/examples/svcomp/eca-rers2012/Problem05_label30_false-unreach-call.c
  /home/matthias/ultimate/trunk/examples/svcomp/eca-rers2012/Problem05_label59_true-unreach-call.c
  /home/matthias/ultimate/trunk/examples/svcomp/recursive/Addition01_true-unreach-call_true-termination.c

The 2 toolchain/settings pairs
    Toolchain/home/matthias/ultimate/trunk/examples/toolchains/AutomizerCInline.xml, Setting/home/matthias/ultimate/trunk/examples/settings/automizer/2TracAutomatonEvaluation/ForwardPredicates_CanonicalAutomaton_SvcompReachPreciseMM.epf
    Toolchain/home/matthias/ultimate/trunk/examples/toolchains/AutomizerCInline.xml, Setting/home/matthias/ultimate/trunk/examples/settings/automizer/2TracAutomatonEvaluation/FPandBP_2TrackAutomaton_SvcompReachPreciseMM.epf
are exactly the pairs were the result was TIMEOUT on the following 8 files
  /home/matthias/ultimate/trunk/examples/svcomp/heap-manipulation/dll_of_dll_false-unreach-call.i
  /home/matthias/ultimate/trunk/examples/svcomp/heap-manipulation/dll_of_dll_true-unreach-call.i
  /home/matthias/ultimate/trunk/examples/svcomp/loops/sum01_false-unreach-call_true-termination.i
  /home/matthias/ultimate/trunk/examples/svcomp/loops/eureka_01_false-unreach-call.i
  /home/matthias/ultimate/trunk/examples/svcomp/loops/n.c40_true-unreach-call.i
  /home/matthias/ultimate/trunk/examples/svcomp/loops/nec40_true-unreach-call.i
  /home/matthias/ultimate/trunk/examples/svcomp/list-properties/list_search_true-unreach-call.i
  /home/matthias/ultimate/trunk/examples/svcomp/loop-acceleration/overflow_true-unreach-call1.c

The 2 toolchain/settings pairs
    Toolchain/home/matthias/ultimate/trunk/examples/toolchains/AutomizerCInline.xml, Setting/home/matthias/ultimate/trunk/examples/settings/automizer/2TracAutomatonEvaluation/BackwardPredicates_CanonicalAutomaton_SvcompReachPreciseMM.epf
    Toolchain/home/matthias/ultimate/trunk/examples/toolchains/AutomizerCInline.xml, Setting/home/matthias/ultimate/trunk/examples/settings/automizer/2TracAutomatonEvaluation/FPandBP_2TrackAutomaton_SvcompReachPreciseMM.epf
are exactly the pairs were the result was TIMEOUT on the following 5 files
  /home/matthias/ultimate/trunk/examples/svcomp/loops/invert_string_true-unreach-call.i
  /home/matthias/ultimate/trunk/examples/svcomp/loops/count_up_down_true-unreach-call_true-termination.i
  /home/matthias/ultimate/trunk/examples/svcomp/recursive/Ackermann03_true-unreach-call.c
  /home/matthias/ultimate/trunk/examples/svcomp/loops/vogal_false-unreach-call.i
  /home/matthias/ultimate/trunk/examples/svcomp/list-properties/list_false-unreach-call.i

The 3 toolchain/settings pairs
    Toolchain/home/matthias/ultimate/trunk/examples/toolchains/AutomizerCInline.xml, Setting/home/matthias/ultimate/trunk/examples/settings/automizer/2TracAutomatonEvaluation/ForwardPredicates_CanonicalAutomaton_SvcompReachPreciseMM.epf
    Toolchain/home/matthias/ultimate/trunk/examples/toolchains/AutomizerCInline.xml, Setting/home/matthias/ultimate/trunk/examples/settings/automizer/2TracAutomatonEvaluation/BackwardPredicates_CanonicalAutomaton_SvcompReachPreciseMM.epf
    Toolchain/home/matthias/ultimate/trunk/examples/toolchains/AutomizerCInline.xml, Setting/home/matthias/ultimate/trunk/examples/settings/automizer/2TracAutomatonEvaluation/FPandBP_2TrackAutomaton_SvcompReachPreciseMM.epf
are exactly the pairs were the result was TIMEOUT on the following 118 files
  /home/matthias/ultimate/trunk/examples/svcomp/loop-invgen/MADWiFi-encode_ie_ok_true-unreach-call.i
  /home/matthias/ultimate/trunk/examples/svcomp/loop-invgen/fragtest_simple_true-unreach-call.i
  /home/matthias/ultimate/trunk/examples/svcomp/loops/s3_false-unreach-call.i
  /home/matthias/ultimate/trunk/examples/svcomp/seq-pthread/cs_stateful_false-unreach-call.i
  /home/matthias/ultimate/trunk/examples/svcomp/loops/bubble_sort_false-unreach-call.i
  /home/matthias/ultimate/trunk/examples/svcomp/loop-new/half_true-unreach-call.i
  /home/matthias/ultimate/trunk/examples/svcomp/product-lines/email_spec3_product23_false-unreach-call.cil.c
  /home/matthias/ultimate/trunk/examples/svcomp/recursive/Addition03_false-unreach-call.c
  /home/matthias/ultimate/trunk/examples/svcomp/loop-new/count_by_1_true-unreach-call.i
  /home/matthias/ultimate/trunk/examples/svcomp/seq-mthreaded/pals_floodmax.5_true-unreach-call.ufo.BOUNDED-10.pals.c
  /home/matthias/ultimate/trunk/examples/svcomp/list-properties/splice_true-unreach-call.i
  /home/matthias/ultimate/trunk/examples/svcomp/eca-rers2012/Problem11_label28_true-unreach-call.c
  /home/matthias/ultimate/trunk/examples/svcomp/seq-pthread/cs_stateful_true-unreach-call.i
  /home/matthias/ultimate/trunk/examples/svcomp/loop-invgen/up_true-unreach-call.i
  /home/matthias/ultimate/trunk/examples/svcomp/product-lines/minepump_spec2_product53_true-unreach-call.cil.c
  /home/matthias/ultimate/trunk/examples/svcomp/loop-acceleration/simple_true-unreach-call1.c
  /home/matthias/ultimate/trunk/examples/svcomp/systemc/transmitter.15_false-unreach-call_false-termination.cil.c
  /home/matthias/ultimate/trunk/examples/svcomp/eca-rers2012/Problem18_label02_true-unreach-call.c
  /home/matthias/ultimate/trunk/examples/svcomp/seq-pthread/cs_peterson_true-unreach-call.i
  /home/matthias/ultimate/trunk/examples/svcomp/systemc/token_ring.05_true-unreach-call_false-termination.cil.c
  /home/matthias/ultimate/trunk/examples/svcomp/seq-mthreaded/pals_opt-floodmax.5_false-unreach-call.4.ufo.BOUNDED-10.pals.c
  /home/matthias/ultimate/trunk/examples/svcomp/seq-mthreaded/pals_lcr-var-start-time.6_false-unreach-call.2.ufo.BOUNDED-12.pals.c
  /home/matthias/ultimate/trunk/examples/svcomp/seq-mthreaded/pals_opt-floodmax.5_false-unreach-call.1.ufo.UNBOUNDED.pals.c
  /home/matthias/ultimate/trunk/examples/svcomp/eca-rers2012/Problem08_label04_false-unreach-call.c
  /home/matthias/ultimate/trunk/examples/svcomp/loop-acceleration/array_true-unreach-call2.c
  /home/matthias/ultimate/trunk/examples/svcomp/loops/verisec_sendmail__tTflag_arr_one_loop_false-unreach-call.i
  /home/matthias/ultimate/trunk/examples/svcomp/loop-invgen/half_2_true-unreach-call.i
  /home/matthias/ultimate/trunk/examples/svcomp/loop-invgen/string_concat-noarr_true-unreach-call.i
  /home/matthias/ultimate/trunk/examples/svcomp/list-properties/simple_true-unreach-call.i
  /home/matthias/ultimate/trunk/examples/svcomp/list-properties/list_flag_true-unreach-call.i
  /home/matthias/ultimate/trunk/examples/svcomp/recursive/recHanoi01_true-unreach-call_true-termination.c
  /home/matthias/ultimate/trunk/examples/svcomp/seq-pthread/cs_lamport_true-unreach-call.i
  /home/matthias/ultimate/trunk/examples/svcomp/systemc/token_ring.08_false-unreach-call_false-termination.cil.c
  /home/matthias/ultimate/trunk/examples/svcomp/seq-mthreaded/pals_floodmax.4_false-unreach-call.3.ufo.UNBOUNDED.pals.c
  /home/matthias/ultimate/trunk/examples/svcomp/seq-mthreaded/pals_floodmax.5_false-unreach-call.2.ufo.UNBOUNDED.pals.c
  /home/matthias/ultimate/trunk/examples/svcomp/eca-rers2012/Problem09_label17_true-unreach-call.c
  /home/matthias/ultimate/trunk/examples/svcomp/seq-pthread/cs_read_write_lock_true-unreach-call.i
  /home/matthias/ultimate/trunk/examples/svcomp/systemc/toy2_false-unreach-call_false-termination.cil.c
  /home/matthias/ultimate/trunk/examples/svcomp/systemc/bist_cell_true-unreach-call_false-termination.cil.c
  /home/matthias/ultimate/trunk/examples/svcomp/systemc/kundu_true-unreach-call_false-termination.cil.c
  /home/matthias/ultimate/trunk/examples/svcomp/heap-manipulation/bubble_sort_linux_false-unreach-call.i
  /home/matthias/ultimate/trunk/examples/svcomp/eca-rers2012/Problem18_label19_false-unreach-call.c
  /home/matthias/ultimate/trunk/examples/svcomp/seq-pthread/cs_time_var_mutex_true-unreach-call.i
  /home/matthias/ultimate/trunk/examples/svcomp/product-lines/minepump_spec5_product39_true-unreach-call.cil.c
  /home/matthias/ultimate/trunk/examples/svcomp/product-lines/elevator_spec2_product19_true-unreach-call.cil.c
  /home/matthias/ultimate/trunk/examples/svcomp/loop-invgen/seq_true-unreach-call.i
  /home/matthias/ultimate/trunk/examples/svcomp/heap-manipulation/sll_to_dll_rev_true-unreach-call.i
  /home/matthias/ultimate/trunk/examples/svcomp/loops/vogal_true-unreach-call.i
  /home/matthias/ultimate/trunk/examples/svcomp/systemc/mem_slave_tlm.2_true-unreach-call_false-termination.cil.c
  /home/matthias/ultimate/trunk/examples/svcomp/loop-new/count_by_nondet_true-unreach-call.i
  /home/matthias/ultimate/trunk/examples/svcomp/seq-mthreaded/pals_lcr-var-start-time.3_false-unreach-call.2.ufo.BOUNDED-6.pals.c
  /home/matthias/ultimate/trunk/examples/svcomp/loop-lit/gj2007_true-unreach-call.c.i
  /home/matthias/ultimate/trunk/examples/svcomp/seq-mthreaded/pals_STARTPALS_Triplicated_true-unreach-call.ufo.BOUNDED-10.pals.c
  /home/matthias/ultimate/trunk/examples/svcomp/loop-acceleration/array_true-unreach-call1.c
  /home/matthias/ultimate/trunk/examples/svcomp/product-lines/elevator_spec14_product23_true-unreach-call.cil.c
  /home/matthias/ultimate/trunk/examples/svcomp/loops/linear_search_false-unreach-call.i
  /home/matthias/ultimate/trunk/examples/svcomp/systemc/token_ring.08_true-unreach-call_false-termination.cil.c
  /home/matthias/ultimate/trunk/examples/svcomp/seq-mthreaded/pals_opt-floodmax.4_false-unreach-call.3.ufo.BOUNDED-8.pals.c
  /home/matthias/ultimate/trunk/examples/svcomp/product-lines/email_spec27_product33_false-unreach-call.cil.c
  /home/matthias/ultimate/trunk/examples/svcomp/heap-manipulation/sll_to_dll_rev_false-unreach-call.i
  /home/matthias/ultimate/trunk/examples/svcomp/recursive/EvenOdd01_true-unreach-call_true-termination.c
  /home/matthias/ultimate/trunk/examples/svcomp/seq-mthreaded/pals_lcr.7_true-unreach-call.ufo.BOUNDED-14.pals.c
  /home/matthias/ultimate/trunk/examples/svcomp/loops/n.c24_false-unreach-call.i
  /home/matthias/ultimate/trunk/examples/svcomp/loop-new/count_by_k_true-unreach-call.i
  /home/matthias/ultimate/trunk/examples/svcomp/loop-lit/mcmillan2006_true-unreach-call.c.i
  /home/matthias/ultimate/trunk/examples/svcomp/seq-mthreaded/pals_opt-floodmax.5_false-unreach-call.3.ufo.UNBOUNDED.pals.c
  /home/matthias/ultimate/trunk/examples/svcomp/seq-mthreaded/pals_opt-floodmax.3_false-unreach-call.3.ufo.UNBOUNDED.pals.c
  /home/matthias/ultimate/trunk/examples/svcomp/systemc/mem_slave_tlm.1_true-unreach-call_false-termination.cil.c
  /home/matthias/ultimate/trunk/examples/svcomp/seq-pthread/cs_lazy_false-unreach-call.i
  /home/matthias/ultimate/trunk/examples/svcomp/eca-rers2012/Problem11_label04_true-unreach-call.c
  /home/matthias/ultimate/trunk/examples/svcomp/heap-manipulation/bubble_sort_linux_true-unreach-call.i
  /home/matthias/ultimate/trunk/examples/svcomp/seq-pthread/cs_read_write_lock_false-unreach-call.i
  /home/matthias/ultimate/trunk/examples/svcomp/product-lines/elevator_spec2_product21_true-unreach-call.cil.c
  /home/matthias/ultimate/trunk/examples/svcomp/loop-acceleration/simple_false-unreach-call1.c
  /home/matthias/ultimate/trunk/examples/svcomp/list-properties/list_true-unreach-call.i
  /home/matthias/ultimate/trunk/examples/svcomp/eca-rers2012/Problem18_label03_false-unreach-call.c
  /home/matthias/ultimate/trunk/examples/svcomp/list-properties/alternating_list_true-unreach-call.i
  /home/matthias/ultimate/trunk/examples/svcomp/seq-pthread/cs_szymanski_true-unreach-call.i
  /home/matthias/ultimate/trunk/examples/svcomp/seq-pthread/cs_dekker_true-unreach-call.i
  /home/matthias/ultimate/trunk/examples/svcomp/eca-rers2012/Problem16_label30_false-unreach-call.c
  /home/matthias/ultimate/trunk/examples/svcomp/eca-rers2012/Problem17_label18_true-unreach-call.c
  /home/matthias/ultimate/trunk/examples/svcomp/systemc/transmitter.09_false-unreach-call_false-termination.cil.c
  /home/matthias/ultimate/trunk/examples/svcomp/loop-acceleration/diamond_false-unreach-call1.c
  /home/matthias/ultimate/trunk/examples/svcomp/heap-manipulation/merge_sort_true-unreach-call.i
  /home/matthias/ultimate/trunk/examples/svcomp/product-lines/minepump_spec4_product64_true-unreach-call.cil.c
  /home/matthias/ultimate/trunk/examples/svcomp/product-lines/minepump_spec5_product45_true-unreach-call.cil.c
  /home/matthias/ultimate/trunk/examples/svcomp/recursive/Fibonacci01_true-unreach-call.c
  /home/matthias/ultimate/trunk/examples/svcomp/seq-mthreaded/pals_floodmax.5_false-unreach-call.2.ufo.BOUNDED-10.pals.c
  /home/matthias/ultimate/trunk/examples/svcomp/loop-acceleration/array_false-unreach-call3.c
  /home/matthias/ultimate/trunk/examples/svcomp/loops/sum_array_true-unreach-call.i
  /home/matthias/ultimate/trunk/examples/svcomp/loop-invgen/down_true-unreach-call.i
  /home/matthias/ultimate/trunk/examples/svcomp/loop-acceleration/simple_false-unreach-call4.c
  /home/matthias/ultimate/trunk/examples/svcomp/eca-rers2012/Problem13_label50_true-unreach-call.c
  /home/matthias/ultimate/trunk/examples/svcomp/loop-lit/jm2006_variant_true-unreach-call.c.i
  /home/matthias/ultimate/trunk/examples/svcomp/loops/insertion_sort_true-unreach-call.i
  /home/matthias/ultimate/trunk/examples/svcomp/loop-invgen/nested9_true-unreach-call.i
  /home/matthias/ultimate/trunk/examples/svcomp/eca-rers2012/Problem13_label29_false-unreach-call.c
  /home/matthias/ultimate/trunk/examples/svcomp/list-properties/simple_built_from_end_true-unreach-call.i
  /home/matthias/ultimate/trunk/examples/svcomp/loops/sum01_true-unreach-call_true-termination.i
  /home/matthias/ultimate/trunk/examples/svcomp/product-lines/minepump_spec4_product58_true-unreach-call.cil.c
  /home/matthias/ultimate/trunk/examples/svcomp/product-lines/elevator_spec3_product18_true-unreach-call.cil.c
  /home/matthias/ultimate/trunk/examples/svcomp/loops/insertion_sort_false-unreach-call.i
  /home/matthias/ultimate/trunk/examples/svcomp/loop-new/count_by_2_true-unreach-call.i
  /home/matthias/ultimate/trunk/examples/svcomp/loop-new/gauss_sum_true-unreach-call.i
  /home/matthias/ultimate/trunk/examples/svcomp/loop-lit/cggmp2005b_true-unreach-call.c.i
  /home/matthias/ultimate/trunk/examples/svcomp/seq-mthreaded/pals_lcr.4_false-unreach-call.1.ufo.BOUNDED-8.pals.c
  /home/matthias/ultimate/trunk/examples/svcomp/loop-acceleration/array_false-unreach-call2.c
  /home/matthias/ultimate/trunk/examples/svcomp/product-lines/elevator_spec1_product17_true-unreach-call.cil.c
  /home/matthias/ultimate/trunk/examples/svcomp/eca-rers2012/Problem13_label58_false-unreach-call.c
  /home/matthias/ultimate/trunk/examples/svcomp/product-lines/minepump_spec5_product64_true-unreach-call.cil.c
  /home/matthias/ultimate/trunk/examples/svcomp/loops/sum03_false-unreach-call_true-termination.i
  /home/matthias/ultimate/trunk/examples/svcomp/eca-rers2012/Problem09_label57_false-unreach-call.c
  /home/matthias/ultimate/trunk/examples/svcomp/loop-acceleration/const_false-unreach-call1.c
  /home/matthias/ultimate/trunk/examples/svcomp/seq-mthreaded/pals_lcr.6_true-unreach-call.ufo.BOUNDED-12.pals.c
  /home/matthias/ultimate/trunk/examples/svcomp/loops/sum03_true-unreach-call_false-termination.i
  /home/matthias/ultimate/trunk/examples/svcomp/loop-invgen/sendmail-close-angle_true-unreach-call.i
  /home/matthias/ultimate/trunk/examples/svcomp/seq-mthreaded/pals_lcr-var-start-time.4_false-unreach-call.1.ufo.BOUNDED-8.pals.c
  /home/matthias/ultimate/trunk/examples/svcomp/loop-lit/gr2006_true-unreach-call.c.i





======= King of the Hill for UNKNOWN =======
The 1 toolchain/settings pairs
    Toolchain/home/matthias/ultimate/trunk/examples/toolchains/AutomizerCInline.xml, Setting/home/matthias/ultimate/trunk/examples/settings/automizer/2TracAutomatonEvaluation/ForwardPredicates_CanonicalAutomaton_SvcompReachPreciseMM.epf
are exactly the pairs were the result was UNKNOWN on the following 6 files
  /home/matthias/ultimate/trunk/examples/svcomp/loop-new/count_by_1_variant_true-unreach-call.i
  /home/matthias/ultimate/trunk/examples/svcomp/loop-acceleration/const_true-unreach-call1.c
  /home/matthias/ultimate/trunk/examples/svcomp/recursive/gcd02_true-unreach-call.c
  /home/matthias/ultimate/trunk/examples/svcomp/recursive/Primes_true-unreach-call.c
  /home/matthias/ultimate/trunk/examples/svcomp/recursive/recHanoi03_true-unreach-call_true-termination.c
  /home/matthias/ultimate/trunk/examples/svcomp/loop-acceleration/simple_true-unreach-call3.c

The 1 toolchain/settings pairs
    Toolchain/home/matthias/ultimate/trunk/examples/toolchains/AutomizerCInline.xml, Setting/home/matthias/ultimate/trunk/examples/settings/automizer/2TracAutomatonEvaluation/BackwardPredicates_CanonicalAutomaton_SvcompReachPreciseMM.epf
are exactly the pairs were the result was UNKNOWN on the following 5 files
  /home/matthias/ultimate/trunk/examples/svcomp/recursive/Fibonacci04_false-unreach-call_true-termination.c
  /home/matthias/ultimate/trunk/examples/svcomp/recursive/Fibonacci03_true-unreach-call_true-termination.c
  /home/matthias/ultimate/trunk/examples/svcomp/loop-lit/afnp2014_true-unreach-call.c.i
  /home/matthias/ultimate/trunk/examples/svcomp/recursive/Fibonacci05_false-unreach-call_true-termination.c
  /home/matthias/ultimate/trunk/examples/svcomp/ssh-simplified/s3_srvr_6_true-unreach-call.cil.c

The 1 toolchain/settings pairs
    Toolchain/home/matthias/ultimate/trunk/examples/toolchains/AutomizerCInline.xml, Setting/home/matthias/ultimate/trunk/examples/settings/automizer/2TracAutomatonEvaluation/FPandBP_2TrackAutomaton_SvcompReachPreciseMM.epf
are exactly the pairs were the result was UNKNOWN on the following 17 files
  /home/matthias/ultimate/trunk/examples/svcomp/ssh-simplified/s3_srvr_2_true-unreach-call.cil.c
  /home/matthias/ultimate/trunk/examples/svcomp/ssh-simplified/s3_srvr_8_true-unreach-call.cil.c
  /home/matthias/ultimate/trunk/examples/svcomp/ssh-simplified/s3_srvr_7_true-unreach-call.cil.c
  /home/matthias/ultimate/trunk/examples/svcomp/ssh-simplified/s3_clnt_2_true-unreach-call_true-termination.cil.c
  /home/matthias/ultimate/trunk/examples/svcomp/ssh-simplified/s3_clnt_4_true-unreach-call.cil.c
  /home/matthias/ultimate/trunk/examples/svcomp/product-lines/minepump_spec5_product33_true-unreach-call.cil.c
  /home/matthias/ultimate/trunk/examples/svcomp/ssh-simplified/s3_clnt_1_true-unreach-call.cil.c
  /home/matthias/ultimate/trunk/examples/svcomp/eca-rers2012/Problem03_label37_false-unreach-call.c
  /home/matthias/ultimate/trunk/examples/svcomp/systemc/token_ring.03_false-unreach-call_false-termination.cil.c
  /home/matthias/ultimate/trunk/examples/svcomp/ntdrivers-simplified/floppy_simpl4_true-unreach-call_true-termination.cil.c
  /home/matthias/ultimate/trunk/examples/svcomp/ssh-simplified/s3_clnt_3_true-unreach-call.cil.c
  /home/matthias/ultimate/trunk/examples/svcomp/loop-new/nested_true-unreach-call.i
  /home/matthias/ultimate/trunk/examples/svcomp/ssh-simplified/s3_srvr_11_false-unreach-call.cil.c
  /home/matthias/ultimate/trunk/examples/svcomp/systemc/transmitter.04_false-unreach-call_false-termination.cil.c
  /home/matthias/ultimate/trunk/examples/svcomp/loops/eureka_05_true-unreach-call.i
  /home/matthias/ultimate/trunk/examples/svcomp/systemc/token_ring.02_true-unreach-call_false-termination.cil.c
  /home/matthias/ultimate/trunk/examples/svcomp/loop-invgen/heapsort_true-unreach-call.i

The 2 toolchain/settings pairs
    Toolchain/home/matthias/ultimate/trunk/examples/toolchains/AutomizerCInline.xml, Setting/home/matthias/ultimate/trunk/examples/settings/automizer/2TracAutomatonEvaluation/ForwardPredicates_CanonicalAutomaton_SvcompReachPreciseMM.epf
    Toolchain/home/matthias/ultimate/trunk/examples/toolchains/AutomizerCInline.xml, Setting/home/matthias/ultimate/trunk/examples/settings/automizer/2TracAutomatonEvaluation/BackwardPredicates_CanonicalAutomaton_SvcompReachPreciseMM.epf
are exactly the pairs were the result was UNKNOWN on the following 9 files
  /home/matthias/ultimate/trunk/examples/svcomp/systemc/token_ring.10_false-unreach-call_false-termination.cil.c
  /home/matthias/ultimate/trunk/examples/svcomp/eca-rers2012/Problem04_label40_false-unreach-call.c
  /home/matthias/ultimate/trunk/examples/svcomp/eca-rers2012/Problem06_label25_true-unreach-call.c
  /home/matthias/ultimate/trunk/examples/svcomp/eca-rers2012/Problem05_label35_true-unreach-call.c
  /home/matthias/ultimate/trunk/examples/svcomp/loops/linear_sea.ch_true-unreach-call.i
  /home/matthias/ultimate/trunk/examples/svcomp/loops/eureka_01_true-unreach-call.i
  /home/matthias/ultimate/trunk/examples/svcomp/eca-rers2012/Problem05_label30_false-unreach-call.c
  /home/matthias/ultimate/trunk/examples/svcomp/eca-rers2012/Problem05_label59_true-unreach-call.c
  /home/matthias/ultimate/trunk/examples/svcomp/recursive/Addition01_true-unreach-call_true-termination.c

The 2 toolchain/settings pairs
    Toolchain/home/matthias/ultimate/trunk/examples/toolchains/AutomizerCInline.xml, Setting/home/matthias/ultimate/trunk/examples/settings/automizer/2TracAutomatonEvaluation/ForwardPredicates_CanonicalAutomaton_SvcompReachPreciseMM.epf
    Toolchain/home/matthias/ultimate/trunk/examples/toolchains/AutomizerCInline.xml, Setting/home/matthias/ultimate/trunk/examples/settings/automizer/2TracAutomatonEvaluation/FPandBP_2TrackAutomaton_SvcompReachPreciseMM.epf
are exactly the pairs were the result was UNKNOWN on the following 8 files
  /home/matthias/ultimate/trunk/examples/svcomp/heap-manipulation/dll_of_dll_false-unreach-call.i
  /home/matthias/ultimate/trunk/examples/svcomp/heap-manipulation/dll_of_dll_true-unreach-call.i
  /home/matthias/ultimate/trunk/examples/svcomp/loops/sum01_false-unreach-call_true-termination.i
  /home/matthias/ultimate/trunk/examples/svcomp/loops/eureka_01_false-unreach-call.i
  /home/matthias/ultimate/trunk/examples/svcomp/loops/n.c40_true-unreach-call.i
  /home/matthias/ultimate/trunk/examples/svcomp/loops/nec40_true-unreach-call.i
  /home/matthias/ultimate/trunk/examples/svcomp/list-properties/list_search_true-unreach-call.i
  /home/matthias/ultimate/trunk/examples/svcomp/loop-acceleration/overflow_true-unreach-call1.c

The 2 toolchain/settings pairs
    Toolchain/home/matthias/ultimate/trunk/examples/toolchains/AutomizerCInline.xml, Setting/home/matthias/ultimate/trunk/examples/settings/automizer/2TracAutomatonEvaluation/BackwardPredicates_CanonicalAutomaton_SvcompReachPreciseMM.epf
    Toolchain/home/matthias/ultimate/trunk/examples/toolchains/AutomizerCInline.xml, Setting/home/matthias/ultimate/trunk/examples/settings/automizer/2TracAutomatonEvaluation/FPandBP_2TrackAutomaton_SvcompReachPreciseMM.epf
are exactly the pairs were the result was UNKNOWN on the following 4 files
  /home/matthias/ultimate/trunk/examples/svcomp/loops/invert_string_true-unreach-call.i
  /home/matthias/ultimate/trunk/examples/svcomp/recursive/Ackermann03_true-unreach-call.c
  /home/matthias/ultimate/trunk/examples/svcomp/loops/vogal_false-unreach-call.i
  /home/matthias/ultimate/trunk/examples/svcomp/list-properties/list_false-unreach-call.i

The 3 toolchain/settings pairs
    Toolchain/home/matthias/ultimate/trunk/examples/toolchains/AutomizerCInline.xml, Setting/home/matthias/ultimate/trunk/examples/settings/automizer/2TracAutomatonEvaluation/ForwardPredicates_CanonicalAutomaton_SvcompReachPreciseMM.epf
    Toolchain/home/matthias/ultimate/trunk/examples/toolchains/AutomizerCInline.xml, Setting/home/matthias/ultimate/trunk/examples/settings/automizer/2TracAutomatonEvaluation/BackwardPredicates_CanonicalAutomaton_SvcompReachPreciseMM.epf
    Toolchain/home/matthias/ultimate/trunk/examples/toolchains/AutomizerCInline.xml, Setting/home/matthias/ultimate/trunk/examples/settings/automizer/2TracAutomatonEvaluation/FPandBP_2TrackAutomaton_SvcompReachPreciseMM.epf
are exactly the pairs were the result was UNKNOWN on the following 121 files
  /home/matthias/ultimate/trunk/examples/svcomp/loop-invgen/MADWiFi-encode_ie_ok_true-unreach-call.i
  /home/matthias/ultimate/trunk/examples/svcomp/loop-invgen/fragtest_simple_true-unreach-call.i
  /home/matthias/ultimate/trunk/examples/svcomp/loops/s3_false-unreach-call.i
  /home/matthias/ultimate/trunk/examples/svcomp/loops/array_asf-unreach-call.i
  /home/matthias/ultimate/trunk/examples/svcomp/seq-pthread/cs_stateful_false-unreach-call.i
  /home/matthias/ultimate/trunk/examples/svcomp/loops/bubble_sort_false-unreach-call.i
  /home/matthias/ultimate/trunk/examples/svcomp/loop-new/half_true-unreach-call.i
  /home/matthias/ultimate/trunk/examples/svcomp/product-lines/email_spec3_product23_false-unreach-call.cil.c
  /home/matthias/ultimate/trunk/examples/svcomp/recursive/Addition03_false-unreach-call.c
  /home/matthias/ultimate/trunk/examples/svcomp/loop-new/count_by_1_true-unreach-call.i
  /home/matthias/ultimate/trunk/examples/svcomp/seq-mthreaded/pals_floodmax.5_true-unreach-call.ufo.BOUNDED-10.pals.c
  /home/matthias/ultimate/trunk/examples/svcomp/list-properties/splice_true-unreach-call.i
  /home/matthias/ultimate/trunk/examples/svcomp/eca-rers2012/Problem11_label28_true-unreach-call.c
  /home/matthias/ultimate/trunk/examples/svcomp/seq-pthread/cs_stateful_true-unreach-call.i
  /home/matthias/ultimate/trunk/examples/svcomp/loop-invgen/up_true-unreach-call.i
  /home/matthias/ultimate/trunk/examples/svcomp/product-lines/minepump_spec2_product53_true-unreach-call.cil.c
  /home/matthias/ultimate/trunk/examples/svcomp/loops/count_up_down_true-unreach-call_true-termination.i
  /home/matthias/ultimate/trunk/examples/svcomp/loop-acceleration/simple_true-unreach-call1.c
  /home/matthias/ultimate/trunk/examples/svcomp/systemc/transmitter.15_false-unreach-call_false-termination.cil.c
  /home/matthias/ultimate/trunk/examples/svcomp/eca-rers2012/Problem18_label02_true-unreach-call.c
  /home/matthias/ultimate/trunk/examples/svcomp/seq-pthread/cs_peterson_true-unreach-call.i
  /home/matthias/ultimate/trunk/examples/svcomp/loops/string_false-unreach-call.i
  /home/matthias/ultimate/trunk/examples/svcomp/systemc/token_ring.05_true-unreach-call_false-termination.cil.c
  /home/matthias/ultimate/trunk/examples/svcomp/seq-mthreaded/pals_opt-floodmax.5_false-unreach-call.4.ufo.BOUNDED-10.pals.c
  /home/matthias/ultimate/trunk/examples/svcomp/seq-mthreaded/pals_lcr-var-start-time.6_false-unreach-call.2.ufo.BOUNDED-12.pals.c
  /home/matthias/ultimate/trunk/examples/svcomp/seq-mthreaded/pals_opt-floodmax.5_false-unreach-call.1.ufo.UNBOUNDED.pals.c
  /home/matthias/ultimate/trunk/examples/svcomp/eca-rers2012/Problem08_label04_false-unreach-call.c
  /home/matthias/ultimate/trunk/examples/svcomp/loop-acceleration/array_true-unreach-call2.c
  /home/matthias/ultimate/trunk/examples/svcomp/loops/verisec_sendmail__tTflag_arr_one_loop_false-unreach-call.i
  /home/matthias/ultimate/trunk/examples/svcomp/loop-invgen/half_2_true-unreach-call.i
  /home/matthias/ultimate/trunk/examples/svcomp/loop-invgen/string_concat-noarr_true-unreach-call.i
  /home/matthias/ultimate/trunk/examples/svcomp/list-properties/simple_true-unreach-call.i
  /home/matthias/ultimate/trunk/examples/svcomp/list-properties/list_flag_true-unreach-call.i
  /home/matthias/ultimate/trunk/examples/svcomp/recursive/recHanoi01_true-unreach-call_true-termination.c
  /home/matthias/ultimate/trunk/examples/svcomp/seq-pthread/cs_lamport_true-unreach-call.i
  /home/matthias/ultimate/trunk/examples/svcomp/systemc/token_ring.08_false-unreach-call_false-termination.cil.c
  /home/matthias/ultimate/trunk/examples/svcomp/seq-mthreaded/pals_floodmax.4_false-unreach-call.3.ufo.UNBOUNDED.pals.c
  /home/matthias/ultimate/trunk/examples/svcomp/seq-mthreaded/pals_floodmax.5_false-unreach-call.2.ufo.UNBOUNDED.pals.c
  /home/matthias/ultimate/trunk/examples/svcomp/eca-rers2012/Problem09_label17_true-unreach-call.c
  /home/matthias/ultimate/trunk/examples/svcomp/seq-pthread/cs_read_write_lock_true-unreach-call.i
  /home/matthias/ultimate/trunk/examples/svcomp/systemc/toy2_false-unreach-call_false-termination.cil.c
  /home/matthias/ultimate/trunk/examples/svcomp/systemc/bist_cell_true-unreach-call_false-termination.cil.c
  /home/matthias/ultimate/trunk/examples/svcomp/systemc/kundu_true-unreach-call_false-termination.cil.c
  /home/matthias/ultimate/trunk/examples/svcomp/heap-manipulation/bubble_sort_linux_false-unreach-call.i
  /home/matthias/ultimate/trunk/examples/svcomp/eca-rers2012/Problem18_label19_false-unreach-call.c
  /home/matthias/ultimate/trunk/examples/svcomp/seq-pthread/cs_time_var_mutex_true-unreach-call.i
  /home/matthias/ultimate/trunk/examples/svcomp/product-lines/minepump_spec5_product39_true-unreach-call.cil.c
  /home/matthias/ultimate/trunk/examples/svcomp/product-lines/elevator_spec2_product19_true-unreach-call.cil.c
  /home/matthias/ultimate/trunk/examples/svcomp/loop-invgen/seq_true-unreach-call.i
  /home/matthias/ultimate/trunk/examples/svcomp/heap-manipulation/sll_to_dll_rev_true-unreach-call.i
  /home/matthias/ultimate/trunk/examples/svcomp/loops/vogal_true-unreach-call.i
  /home/matthias/ultimate/trunk/examples/svcomp/systemc/mem_slave_tlm.2_true-unreach-call_false-termination.cil.c
  /home/matthias/ultimate/trunk/examples/svcomp/loop-new/count_by_nondet_true-unreach-call.i
  /home/matthias/ultimate/trunk/examples/svcomp/seq-mthreaded/pals_lcr-var-start-time.3_false-unreach-call.2.ufo.BOUNDED-6.pals.c
  /home/matthias/ultimate/trunk/examples/svcomp/loop-lit/gj2007_true-unreach-call.c.i
  /home/matthias/ultimate/trunk/examples/svcomp/seq-mthreaded/pals_STARTPALS_Triplicated_true-unreach-call.ufo.BOUNDED-10.pals.c
  /home/matthias/ultimate/trunk/examples/svcomp/loop-acceleration/array_true-unreach-call1.c
  /home/matthias/ultimate/trunk/examples/svcomp/product-lines/elevator_spec14_product23_true-unreach-call.cil.c
  /home/matthias/ultimate/trunk/examples/svcomp/loops/linear_search_false-unreach-call.i
  /home/matthias/ultimate/trunk/examples/svcomp/systemc/token_ring.08_true-unreach-call_false-termination.cil.c
  /home/matthias/ultimate/trunk/examples/svcomp/seq-mthreaded/pals_opt-floodmax.4_false-unreach-call.3.ufo.BOUNDED-8.pals.c
  /home/matthias/ultimate/trunk/examples/svcomp/product-lines/email_spec27_product33_false-unreach-call.cil.c
  /home/matthias/ultimate/trunk/examples/svcomp/heap-manipulation/sll_to_dll_rev_false-unreach-call.i
  /home/matthias/ultimate/trunk/examples/svcomp/recursive/EvenOdd01_true-unreach-call_true-termination.c
  /home/matthias/ultimate/trunk/examples/svcomp/seq-mthreaded/pals_lcr.7_true-unreach-call.ufo.BOUNDED-14.pals.c
  /home/matthias/ultimate/trunk/examples/svcomp/loops/n.c24_false-unreach-call.i
  /home/matthias/ultimate/trunk/examples/svcomp/loop-new/count_by_k_true-unreach-call.i
  /home/matthias/ultimate/trunk/examples/svcomp/loop-lit/mcmillan2006_true-unreach-call.c.i
  /home/matthias/ultimate/trunk/examples/svcomp/seq-mthreaded/pals_opt-floodmax.5_false-unreach-call.3.ufo.UNBOUNDED.pals.c
  /home/matthias/ultimate/trunk/examples/svcomp/seq-mthreaded/pals_opt-floodmax.3_false-unreach-call.3.ufo.UNBOUNDED.pals.c
  /home/matthias/ultimate/trunk/examples/svcomp/systemc/mem_slave_tlm.1_true-unreach-call_false-termination.cil.c
  /home/matthias/ultimate/trunk/examples/svcomp/seq-pthread/cs_lazy_false-unreach-call.i
  /home/matthias/ultimate/trunk/examples/svcomp/eca-rers2012/Problem11_label04_true-unreach-call.c
  /home/matthias/ultimate/trunk/examples/svcomp/heap-manipulation/bubble_sort_linux_true-unreach-call.i
  /home/matthias/ultimate/trunk/examples/svcomp/seq-pthread/cs_read_write_lock_false-unreach-call.i
  /home/matthias/ultimate/trunk/examples/svcomp/product-lines/elevator_spec2_product21_true-unreach-call.cil.c
  /home/matthias/ultimate/trunk/examples/svcomp/loop-acceleration/simple_false-unreach-call1.c
  /home/matthias/ultimate/trunk/examples/svcomp/list-properties/list_true-unreach-call.i
  /home/matthias/ultimate/trunk/examples/svcomp/eca-rers2012/Problem18_label03_false-unreach-call.c
  /home/matthias/ultimate/trunk/examples/svcomp/list-properties/alternating_list_true-unreach-call.i
  /home/matthias/ultimate/trunk/examples/svcomp/seq-pthread/cs_szymanski_true-unreach-call.i
  /home/matthias/ultimate/trunk/examples/svcomp/seq-pthread/cs_dekker_true-unreach-call.i
  /home/matthias/ultimate/trunk/examples/svcomp/eca-rers2012/Problem16_label30_false-unreach-call.c
  /home/matthias/ultimate/trunk/examples/svcomp/eca-rers2012/Problem17_label18_true-unreach-call.c
  /home/matthias/ultimate/trunk/examples/svcomp/systemc/transmitter.09_false-unreach-call_false-termination.cil.c
  /home/matthias/ultimate/trunk/examples/svcomp/loop-acceleration/diamond_false-unreach-call1.c
  /home/matthias/ultimate/trunk/examples/svcomp/heap-manipulation/merge_sort_true-unreach-call.i
  /home/matthias/ultimate/trunk/examples/svcomp/product-lines/minepump_spec4_product64_true-unreach-call.cil.c
  /home/matthias/ultimate/trunk/examples/svcomp/product-lines/minepump_spec5_product45_true-unreach-call.cil.c
  /home/matthias/ultimate/trunk/examples/svcomp/recursive/Fibonacci01_true-unreach-call.c
  /home/matthias/ultimate/trunk/examples/svcomp/seq-mthreaded/pals_floodmax.5_false-unreach-call.2.ufo.BOUNDED-10.pals.c
  /home/matthias/ultimate/trunk/examples/svcomp/loop-acceleration/array_false-unreach-call3.c
  /home/matthias/ultimate/trunk/examples/svcomp/loops/sum_array_true-unreach-call.i
  /home/matthias/ultimate/trunk/examples/svcomp/loop-invgen/down_true-unreach-call.i
  /home/matthias/ultimate/trunk/examples/svcomp/loop-acceleration/simple_false-unreach-call4.c
  /home/matthias/ultimate/trunk/examples/svcomp/loops/insertion_sort_true-unreach-call.i
  /home/matthias/ultimate/trunk/examples/svcomp/loop-lit/jm2006_variant_true-unreach-call.c.i
  /home/matthias/ultimate/trunk/examples/svcomp/eca-rers2012/Problem13_label50_true-unreach-call.c
  /home/matthias/ultimate/trunk/examples/svcomp/loop-invgen/nested9_true-unreach-call.i
  /home/matthias/ultimate/trunk/examples/svcomp/eca-rers2012/Problem13_label29_false-unreach-call.c
  /home/matthias/ultimate/trunk/examples/svcomp/list-properties/simple_built_from_end_true-unreach-call.i
  /home/matthias/ultimate/trunk/examples/svcomp/loops/sum01_true-unreach-call_true-termination.i
  /home/matthias/ultimate/trunk/examples/svcomp/product-lines/minepump_spec4_product58_true-unreach-call.cil.c
  /home/matthias/ultimate/trunk/examples/svcomp/product-lines/elevator_spec3_product18_true-unreach-call.cil.c
  /home/matthias/ultimate/trunk/examples/svcomp/loops/insertion_sort_false-unreach-call.i
  /home/matthias/ultimate/trunk/examples/svcomp/loop-new/count_by_2_true-unreach-call.i
  /home/matthias/ultimate/trunk/examples/svcomp/loop-new/gauss_sum_true-unreach-call.i
  /home/matthias/ultimate/trunk/examples/svcomp/loop-lit/cggmp2005b_true-unreach-call.c.i
  /home/matthias/ultimate/trunk/examples/svcomp/seq-mthreaded/pals_lcr.4_false-unreach-call.1.ufo.BOUNDED-8.pals.c
  /home/matthias/ultimate/trunk/examples/svcomp/loop-acceleration/array_false-unreach-call2.c
  /home/matthias/ultimate/trunk/examples/svcomp/product-lines/elevator_spec1_product17_true-unreach-call.cil.c
  /home/matthias/ultimate/trunk/examples/svcomp/eca-rers2012/Problem13_label58_false-unreach-call.c
  /home/matthias/ultimate/trunk/examples/svcomp/product-lines/minepump_spec5_product64_true-unreach-call.cil.c
  /home/matthias/ultimate/trunk/examples/svcomp/loops/sum03_false-unreach-call_true-termination.i
  /home/matthias/ultimate/trunk/examples/svcomp/eca-rers2012/Problem09_label57_false-unreach-call.c
  /home/matthias/ultimate/trunk/examples/svcomp/loop-acceleration/const_false-unreach-call1.c
  /home/matthias/ultimate/trunk/examples/svcomp/seq-mthreaded/pals_lcr.6_true-unreach-call.ufo.BOUNDED-12.pals.c
  /home/matthias/ultimate/trunk/examples/svcomp/loops/sum03_true-unreach-call_false-termination.i
  /home/matthias/ultimate/trunk/examples/svcomp/loop-invgen/sendmail-close-angle_true-unreach-call.i
  /home/matthias/ultimate/trunk/examples/svcomp/seq-mthreaded/pals_lcr-var-start-time.4_false-unreach-call.1.ufo.BOUNDED-8.pals.c
  /home/matthias/ultimate/trunk/examples/svcomp/loop-lit/gr2006_true-unreach-call.c.i





======= King of the Hill for FAILURE =======
The 1 toolchain/settings pairs
    Toolchain/home/matthias/ultimate/trunk/examples/toolchains/AutomizerCInline.xml, Setting/home/matthias/ultimate/trunk/examples/settings/automizer/2TracAutomatonEvaluation/BackwardPredicates_CanonicalAutomaton_SvcompReachPreciseMM.epf
are exactly the pairs were the result was FAILURE on the following 3 files
  /home/matthias/ultimate/trunk/examples/svcomp/heap-manipulation/dll_of_dll_false-unreach-call.i
  /home/matthias/ultimate/trunk/examples/svcomp/heap-manipulation/dll_of_dll_true-unreach-call.i
  /home/matthias/ultimate/trunk/examples/svcomp/loops/eureka_01_false-unreach-call.i

The 1 toolchain/settings pairs
    Toolchain/home/matthias/ultimate/trunk/examples/toolchains/AutomizerCInline.xml, Setting/home/matthias/ultimate/trunk/examples/settings/automizer/2TracAutomatonEvaluation/FPandBP_2TrackAutomaton_SvcompReachPreciseMM.epf
are exactly the pairs were the result was FAILURE on the following 10 files
  /home/matthias/ultimate/trunk/examples/svcomp/systemc/token_ring.10_false-unreach-call_false-termination.cil.c
  /home/matthias/ultimate/trunk/examples/svcomp/eca-rers2012/Problem04_label40_false-unreach-call.c
  /home/matthias/ultimate/trunk/examples/svcomp/eca-rers2012/Problem06_label25_true-unreach-call.c
  /home/matthias/ultimate/trunk/examples/svcomp/recursive/Fibonacci03_true-unreach-call_true-termination.c
  /home/matthias/ultimate/trunk/examples/svcomp/eca-rers2012/Problem05_label35_true-unreach-call.c
  /home/matthias/ultimate/trunk/examples/svcomp/loops/eureka_01_true-unreach-call.i
  /home/matthias/ultimate/trunk/examples/svcomp/eca-rers2012/Problem05_label30_false-unreach-call.c
  /home/matthias/ultimate/trunk/examples/svcomp/eca-rers2012/Problem05_label59_true-unreach-call.c
  /home/matthias/ultimate/trunk/examples/svcomp/recursive/Fibonacci05_false-unreach-call_true-termination.c
  /home/matthias/ultimate/trunk/examples/svcomp/ssh-simplified/s3_srvr_6_true-unreach-call.cil.c

The 2 toolchain/settings pairs
    Toolchain/home/matthias/ultimate/trunk/examples/toolchains/AutomizerCInline.xml, Setting/home/matthias/ultimate/trunk/examples/settings/automizer/2TracAutomatonEvaluation/BackwardPredicates_CanonicalAutomaton_SvcompReachPreciseMM.epf
    Toolchain/home/matthias/ultimate/trunk/examples/toolchains/AutomizerCInline.xml, Setting/home/matthias/ultimate/trunk/examples/settings/automizer/2TracAutomatonEvaluation/FPandBP_2TrackAutomaton_SvcompReachPreciseMM.epf
are exactly the pairs were the result was FAILURE on the following 3 files
  /home/matthias/ultimate/trunk/examples/svcomp/recursive/gcd02_true-unreach-call.c
  /home/matthias/ultimate/trunk/examples/svcomp/recursive/Primes_true-unreach-call.c
  /home/matthias/ultimate/trunk/examples/svcomp/recursive/recHanoi03_true-unreach-call_true-termination.c

The 3 toolchain/settings pairs
    Toolchain/home/matthias/ultimate/trunk/examples/toolchains/AutomizerCInline.xml, Setting/home/matthias/ultimate/trunk/examples/settings/automizer/2TracAutomatonEvaluation/ForwardPredicates_CanonicalAutomaton_SvcompReachPreciseMM.epf
    Toolchain/home/matthias/ultimate/trunk/examples/toolchains/AutomizerCInline.xml, Setting/home/matthias/ultimate/trunk/examples/settings/automizer/2TracAutomatonEvaluation/BackwardPredicates_CanonicalAutomaton_SvcompReachPreciseMM.epf
    Toolchain/home/matthias/ultimate/trunk/examples/toolchains/AutomizerCInline.xml, Setting/home/matthias/ultimate/trunk/examples/settings/automizer/2TracAutomatonEvaluation/FPandBP_2TrackAutomaton_SvcompReachPreciseMM.epf
are exactly the pairs were the result was FAILURE on the following 41 files
  /home/matthias/ultimate/trunk/examples/svcomp/loop-lit/css2003_true-unreach-call.c
  /home/matthias/ultimate/trunk/examples/svcomp/ddv-machzwd/ddv_machzwd_inl_true-unreach-call.i
  /home/matthias/ultimate/trunk/examples/svcomp/seq-pthread/cs_queue_false-unreach-call.i
  /home/matthias/ultimate/trunk/examples/svcomp/seq-pthread/cs_queue_true-unreach-call.i
  /home/matthias/ultimate/trunk/examples/svcomp/loop-lit/afnp2014_true-unreach-call.c
  /home/matthias/ultimate/trunk/examples/svcomp/ddv-machzwd/ddv_machzwd_inl_p_true-unreach-call.i
  /home/matthias/ultimate/trunk/examples/svcomp/loop-lit/cggmp2005_variant_true-unreach-call.c
  /home/matthias/ultimate/trunk/examples/svcomp/seq-mthreaded/rekcba_aso_true-unreach-call.1.M4.c
  /home/matthias/ultimate/trunk/examples/svcomp/loop-lit/hhk2008_true-unreach-call.c.i
  /home/matthias/ultimate/trunk/examples/svcomp/ldv-regression/fo_test.c_false-unreach-call.i
  /home/matthias/ultimate/trunk/examples/svcomp/ddv-machzwd/ddv_machzwd_outl_true-unreach-call.i
  /home/matthias/ultimate/trunk/examples/svcomp/seq-pthread/cs_fib_longer_false-unreach-call.i
  /home/matthias/ultimate/trunk/examples/svcomp/loop-lit/hhk2008_true-unreach-call.c
  /home/matthias/ultimate/trunk/examples/svcomp/seq-mthreaded/rekh_nxt_true-unreach-call.2.M1.c
  /home/matthias/ultimate/trunk/examples/svcomp/loops/array_true-unreach-call.i
  /home/matthias/ultimate/trunk/examples/svcomp/ddv-machzwd/ddv_machzwd_inw_false-unreach-call.i
  /home/matthias/ultimate/trunk/examples/svcomp/loop-lit/jm2006_true-unreach-call.c
  /home/matthias/ultimate/trunk/examples/svcomp/ddv-machzwd/ddv_machzwd_inw_p_true-unreach-call.i
  /home/matthias/ultimate/trunk/examples/svcomp/loop-lit/gj2007_true-unreach-call.c
  /home/matthias/ultimate/trunk/examples/svcomp/ddv-machzwd/ddv_machzwd_inb_p_true-unreach-call.i
  /home/matthias/ultimate/trunk/examples/svcomp/seq-mthreaded/rekcba_aso_true-unreach-call.2.M1.c
  /home/matthias/ultimate/trunk/examples/svcomp/ddv-machzwd/ddv_machzwd_all_false-unreach-call.i
  /home/matthias/ultimate/trunk/examples/svcomp/seq-pthread/cs_stack_false-unreach-call.i
  /home/matthias/ultimate/trunk/examples/svcomp/loop-lit/gcnr2008_false-unreach-call.c
  /home/matthias/ultimate/trunk/examples/svcomp/loop-lit/ddlm2013_true-unreach-call.c
  /home/matthias/ultimate/trunk/examples/svcomp/loops/ludcmp_false-unreach-call.i
  /home/matthias/ultimate/trunk/examples/svcomp/seq-pthread/cs_sync_true-unreach-call.i
  /home/matthias/ultimate/trunk/examples/svcomp/seq-mthreaded/rekcba_aso_true-unreach-call.1.M1.c
  /home/matthias/ultimate/trunk/examples/svcomp/seq-pthread/cs_fib_false-unreach-call.i
  /home/matthias/ultimate/trunk/examples/svcomp/ddv-machzwd/ddv_machzwd_pthread_mutex_unlock_true-unreach-call.i
  /home/matthias/ultimate/trunk/examples/svcomp/seq-pthread/cs_stack_true-unreach-call.i
  /home/matthias/ultimate/trunk/examples/svcomp/ddv-machzwd/ddv_machzwd_outb_false-unreach-call.i
  /home/matthias/ultimate/trunk/examples/svcomp/ddv-machzwd/ddv_machzwd_outw_p_true-unreach-call.i
  /home/matthias/ultimate/trunk/examples/svcomp/seq-pthread/cs_fib_true-unreach-call.i
  /home/matthias/ultimate/trunk/examples/svcomp/seq-pthread/cs_fib_longer_true-unreach-call.i
  /home/matthias/ultimate/trunk/examples/svcomp/ddv-machzwd/ddv_machzwd_outl_p_true-unreach-call.i
  /home/matthias/ultimate/trunk/examples/svcomp/ddv-machzwd/ddv_machzwd_inb_true-unreach-call.i
  /home/matthias/ultimate/trunk/examples/svcomp/loop-lit/gsv2008_true-unreach-call.c
  /home/matthias/ultimate/trunk/examples/svcomp/loop-lit/bhmr2007_true-unreach-call.c.i
  /home/matthias/ultimate/trunk/examples/svcomp/loops/lu.cmp_true-unreach-call.i
  /home/matthias/ultimate/trunk/examples/svcomp/ddv-machzwd/ddv_machzwd_outb_p_true-unreach-call.i