======= King of the Hill for SUCCESS =======
The 1 toolchain/settings pairs
    Toolchain/storage/ultimate/trunk/examples/toolchains/LTLAutomizerCInline.xml, Setting/storage/ultimate/trunk/examples/settings/ltlAutomizer/None-StagedBlast.epf
are exactly the pairs were the result was SUCCESS on the following 1 files
  /storage/ultimate/trunk/examples/LTL/coolant/coolant_basis_2_unsafe_liveness.c

The 2 toolchain/settings pairs
    Toolchain/storage/ultimate/trunk/examples/toolchains/LTLAutomizerCInline.xml, Setting/storage/ultimate/trunk/examples/settings/ltlAutomizer/None-StagedBlast.epf
    Toolchain/storage/ultimate/trunk/examples/toolchains/LTLAutomizerCInline.xml, Setting/storage/ultimate/trunk/examples/settings/ltlAutomizer/None.epf
are exactly the pairs were the result was SUCCESS on the following 156 files
  /storage/ultimate/trunk/examples/LTL/rers2012correctencoding/P17/Problem17_prop_044.c
  /storage/ultimate/trunk/examples/LTL/koskinen/ltlcmodelchecker-benchmarks/10-postgreSQL_dropbuf_prop2.c
  /storage/ultimate/trunk/examples/LTL/koskinen/ltlcmodelchecker-benchmarks/14-windows_os_frag2.c
  /storage/ultimate/trunk/examples/LTL/rers2012correctencoding/P15/Problem15_prop_033.c
  /storage/ultimate/trunk/examples/LTL/rers2012correctencoding/P14/Problem14_prop_038.c
  /storage/ultimate/trunk/examples/LTL/rers2012correctencoding/P16/Problem16_prop_025.c
  /storage/ultimate/trunk/examples/LTL/simple/someNonterminating.c
  /storage/ultimate/trunk/examples/LTL/bugs/Bug_LtlExtractorUnaryMinus.c
  /storage/ultimate/trunk/examples/LTL/koskinen/ltlcmodelchecker-benchmarks/07-postgreSQL_strmsrv_wbug.c
  /storage/ultimate/trunk/examples/LTL/rers2012correctencoding/P18/Problem18_prop_035.c
  /storage/ultimate/trunk/examples/LTL/rers2012correctencoding/P15/Problem15_prop_034.c
  /storage/ultimate/trunk/examples/LTL/coolant/coolant_basis_4_neg.c
  /storage/ultimate/trunk/examples/LTL/rers2012correctencoding/P18/Problem18_prop_048.c
  /storage/ultimate/trunk/examples/LTL/rers2012correctencoding/P18/Problem18_prop_027.c
  /storage/ultimate/trunk/examples/LTL/rers2012correctencoding/P15/Problem15_prop_024.c
  /storage/ultimate/trunk/examples/LTL/rers2012correctencoding/P17/Problem17_prop_045.c
  /storage/ultimate/trunk/examples/LTL/coolant/coolant_basis_1_safe_sfty.c
  /storage/ultimate/trunk/examples/LTL/rers2012correctencoding/P16/Problem16_prop_033.c
  /storage/ultimate/trunk/examples/LTL/bugs/Bug_AssumeFalse.c
  /storage/ultimate/trunk/examples/LTL/koskinen/ltlcmodelchecker-benchmarks/02-fig8-2007.c
  /storage/ultimate/trunk/examples/LTL/coolant/coolant_basis_4_safe_sftyliveness.c
  /storage/ultimate/trunk/examples/LTL/rers2012correctencoding/P16/Problem16_prop_008.c
  /storage/ultimate/trunk/examples/LTL/rers2012correctencoding/P17/Problem17_prop_010.c
  /storage/ultimate/trunk/examples/LTL/bugs/Bug_NoLoopAtEndForTerminatingPrograms_safe.c
  /storage/ultimate/trunk/examples/LTL/rers2012correctencoding/P18/Problem18_prop_001.c
  /storage/ultimate/trunk/examples/LTL/rers2012correctencoding/P17/Problem17_prop_038.c
  /storage/ultimate/trunk/examples/LTL/rers2012correctencoding/P16/Problem16_prop_000.c
  /storage/ultimate/trunk/examples/LTL/coolant/coolant_basis_3_unsafe_sftyliveness.c
  /storage/ultimate/trunk/examples/LTL/rers2012correctencoding/P17/Problem17_prop_003.c
  /storage/ultimate/trunk/examples/LTL/koskinen/ltlcmodelchecker-benchmarks/06-postgreSQL_strmsrv.c
  /storage/ultimate/trunk/examples/LTL/coolant/coolant_basis_3_safe_sftyliveness.c
  /storage/ultimate/trunk/examples/LTL/koskinen/ltlcmodelchecker-benchmarks/01-exsec2.c
  /storage/ultimate/trunk/examples/LTL/bugs/Bug_GloballyNegatedAp.c
  /storage/ultimate/trunk/examples/LTL/rers2012correctencoding/P14/Problem14_prop_032.c
  /storage/ultimate/trunk/examples/LTL/rers2012correctencoding/P14/Problem14_prop_000.c
  /storage/ultimate/trunk/examples/LTL/rers2012correctencoding/P18/Problem18_prop_040.c
  /storage/ultimate/trunk/examples/LTL/rers2012correctencoding/P14/Problem14_prop_031.c
  /storage/ultimate/trunk/examples/LTL/rers2012correctencoding/P17/Problem17_prop_046.c
  /storage/ultimate/trunk/examples/LTL/rers2012correctencoding/P15/Problem15_prop_002.c
  /storage/ultimate/trunk/examples/LTL/rers2012correctencoding/P14/Problem14_prop_011.c
  /storage/ultimate/trunk/examples/LTL/rers2012correctencoding/P17/Problem17_prop_026.c
  /storage/ultimate/trunk/examples/LTL/koskinen/ltlcmodelchecker-benchmarks/12-apache_progress.c
  /storage/ultimate/trunk/examples/LTL/rers2012correctencoding/P15/Problem15_prop_014.c
  /storage/ultimate/trunk/examples/LTL/bugs/Bug_DNF.c
  /storage/ultimate/trunk/examples/LTL/rers2012correctencoding/P17/Problem17_prop_027.c
  /storage/ultimate/trunk/examples/LTL/simple/trivial-2.c
  /storage/ultimate/trunk/examples/LTL/coolant/coolant_basis_1_neg.c
  /storage/ultimate/trunk/examples/LTL/rers2012correctencoding/P17/Problem17_prop_037.c
  /storage/ultimate/trunk/examples/LTL/rers2012correctencoding/P17/Problem17_prop_028.c
  /storage/ultimate/trunk/examples/LTL/rers2012correctencoding/P14/Problem14_prop_013.c
  /storage/ultimate/trunk/examples/LTL/koskinen/ltlcmodelchecker-benchmarks/21-windows_os_frag6_wbug.c
  /storage/ultimate/trunk/examples/LTL/bugs/Bug_NoLoopAtEndForTerminatingPrograms_unsafe.c
  /storage/ultimate/trunk/examples/LTL/rers2012correctencoding/P18/Problem18_prop_003.c
  /storage/ultimate/trunk/examples/LTL/rers2012correctencoding/P17/Problem17_prop_001.c
  /storage/ultimate/trunk/examples/LTL/rers2012correctencoding/P14/Problem14_prop_026.c
  /storage/ultimate/trunk/examples/LTL/rers2012correctencoding/P17/Problem17_prop_007.c
  /storage/ultimate/trunk/examples/LTL/rers2012correctencoding/P14/Problem14_prop_025.c
  /storage/ultimate/trunk/examples/LTL/bugs/Bug_LtlExtractorGreater.c
  /storage/ultimate/trunk/examples/LTL/rers2012correctencoding/P14/Problem14_prop_023.c
  /storage/ultimate/trunk/examples/LTL/simple/simple-1.c
  /storage/ultimate/trunk/examples/LTL/rers2012correctencoding/P17/Problem17_prop_000.c
  /storage/ultimate/trunk/examples/LTL/koskinen/ltlcmodelchecker-benchmarks/16-windows_os_frag3.c
  /storage/ultimate/trunk/examples/LTL/rers2012correctencoding/P15/Problem15_prop_016.c
  /storage/ultimate/trunk/examples/LTL/rers2012correctencoding/P16/Problem16_prop_035.c
  /storage/ultimate/trunk/examples/LTL/bugs/Bug_ProcedureAssumeFalse.c
  /storage/ultimate/trunk/examples/LTL/simple/PotentialMinimizeSEVPABug.c
  /storage/ultimate/trunk/examples/LTL/rers2012correctencoding/P17/Problem17_prop_032.c
  /storage/ultimate/trunk/examples/LTL/rers2012correctencoding/P17/Problem17_prop_022.c
  /storage/ultimate/trunk/examples/LTL/koskinen/ltlcmodelchecker-benchmarks/13-windows_os_frag1.c
  /storage/ultimate/trunk/examples/LTL/rers2012correctencoding/P15/Problem15_prop_018.c
  /storage/ultimate/trunk/examples/LTL/rers2012correctencoding/P17/Problem17_prop_041.c
  /storage/ultimate/trunk/examples/LTL/koskinen/ltlcmodelchecker-benchmarks/03-toyacquirerelease.c
  /storage/ultimate/trunk/examples/LTL/rers2012correctencoding/P15/Problem15_prop_019.c
  /storage/ultimate/trunk/examples/LTL/rers2012correctencoding/P17/Problem17_prop_020.c
  /storage/ultimate/trunk/examples/LTL/bugs/Bug_ProcedureDNF.c
  /storage/ultimate/trunk/examples/LTL/simple/cav2015-inverted.c
  /storage/ultimate/trunk/examples/LTL/rers2012correctencoding/P17/Problem17_prop_030.c
  /storage/ultimate/trunk/examples/LTL/rers2012correctencoding/P15/Problem15_prop_008.c
  /storage/ultimate/trunk/examples/LTL/rers2012correctencoding/P15/Problem15_prop_003.c
  /storage/ultimate/trunk/examples/LTL/rers2012correctencoding/P14/Problem14_prop_007.c
  /storage/ultimate/trunk/examples/LTL/rers2012correctencoding/P18/Problem18_prop_038.c
  /storage/ultimate/trunk/examples/LTL/rers2012correctencoding/P16/Problem16_prop_016.c
  /storage/ultimate/trunk/examples/LTL/rers2012correctencoding/P16/Problem16_prop_019.c
  /storage/ultimate/trunk/examples/LTL/rers2012correctencoding/P16/Problem16_prop_018.c
  /storage/ultimate/trunk/examples/LTL/rers2012correctencoding/P14/Problem14_prop_039.c
  /storage/ultimate/trunk/examples/LTL/rers2012correctencoding/P18/Problem18_prop_022.c
  /storage/ultimate/trunk/examples/LTL/rers2012correctencoding/P14/Problem14_prop_024.c
  /storage/ultimate/trunk/examples/LTL/bugs/Simple_ex1.c
  /storage/ultimate/trunk/examples/LTL/coolant/coolant_basis_6_safe_sftyliveness.c
  /storage/ultimate/trunk/examples/LTL/bugs/Bug_LtlExtractorTerm.c
  /storage/ultimate/trunk/examples/LTL/rers2012correctencoding/P17/Problem17_prop_002.c
  /storage/ultimate/trunk/examples/LTL/rers2012correctencoding/P14/Problem14_prop_018.c
  /storage/ultimate/trunk/examples/LTL/coolant/coolant_basis_2_neg.c
  /storage/ultimate/trunk/examples/LTL/simple/cav2015.c
  /storage/ultimate/trunk/examples/LTL/rers2012correctencoding/P18/Problem18_prop_034.c
  /storage/ultimate/trunk/examples/LTL/rers2012correctencoding/P14/Problem14_prop_043.c
  /storage/ultimate/trunk/examples/LTL/rers2012correctencoding/P15/Problem15_prop_005.c
  /storage/ultimate/trunk/examples/LTL/rers2012correctencoding/P14/Problem14_prop_016.c
  /storage/ultimate/trunk/examples/LTL/coolant/coolant_basis_2_safe_liveness.c
  /storage/ultimate/trunk/examples/LTL/coolant/coolant_basis_4_1_unsafe_sftyliveness.c
  /storage/ultimate/trunk/examples/LTL/rers2012correctencoding/P16/Problem16_prop_011.c
  /storage/ultimate/trunk/examples/LTL/rers2012correctencoding/P15/Problem15_prop_011.c
  /storage/ultimate/trunk/examples/LTL/rers2012correctencoding/P15/Problem15_prop_010.c
  /storage/ultimate/trunk/examples/LTL/koskinen/ltlcmodelchecker-benchmarks/05-toylinarith2.c
  /storage/ultimate/trunk/examples/LTL/rers2012correctencoding/P16/Problem16_prop_014.c
  /storage/ultimate/trunk/examples/LTL/rers2012correctencoding/P15/Problem15_prop_049.c
  /storage/ultimate/trunk/examples/LTL/koskinen/ltlcmodelchecker-benchmarks/15-windows_os_frag2_wbug.c
  /storage/ultimate/trunk/examples/LTL/rers2012correctencoding/P18/Problem18_prop_043.c
  /storage/ultimate/trunk/examples/LTL/koskinen/ltlcmodelchecker-benchmarks/22-windows_os_frag7.c
  /storage/ultimate/trunk/examples/LTL/rers2012correctencoding/P15/Problem15_prop_001.c
  /storage/ultimate/trunk/examples/LTL/rers2012correctencoding/P14/Problem14_prop_012.c
  /storage/ultimate/trunk/examples/LTL/rers2012correctencoding/P16/Problem16_prop_047.c
  /storage/ultimate/trunk/examples/LTL/rers2012correctencoding/P18/Problem18_prop_044.c
  /storage/ultimate/trunk/examples/LTL/rers2012correctencoding/P15/Problem15_prop_000.c
  /storage/ultimate/trunk/examples/LTL/rers2012correctencoding/P17/Problem17_prop_015.c
  /storage/ultimate/trunk/examples/LTL/coolant/coolant_basis_5_neg.c
  /storage/ultimate/trunk/examples/LTL/simple/trivial-3.c
  /storage/ultimate/trunk/examples/LTL/rers2012correctencoding/P14/Problem14_prop_049.c
  /storage/ultimate/trunk/examples/LTL/koskinen/ltlcmodelchecker-benchmarks/17-windows_os_frag4_prop1.c
  /storage/ultimate/trunk/examples/LTL/rers2012correctencoding/P16/Problem16_prop_044.c
  /storage/ultimate/trunk/examples/LTL/simple/trivial-1.c
  /storage/ultimate/trunk/examples/LTL/coolant/coolant_basis_5_safe_sftyliveness.c
  /storage/ultimate/trunk/examples/LTL/simple/simple-2.c
  /storage/ultimate/trunk/examples/LTL/rers2012correctencoding/P15/Problem15_prop_046.c
  /storage/ultimate/trunk/examples/LTL/rers2012correctencoding/P18/Problem18_prop_016.c
  /storage/ultimate/trunk/examples/LTL/rers2012correctencoding/P15/Problem15_prop_043.c
  /storage/ultimate/trunk/examples/LTL/rers2012correctencoding/P16/Problem16_prop_004.c
  /storage/ultimate/trunk/examples/LTL/rers2012correctencoding/P17/Problem17_prop_011.c
  /storage/ultimate/trunk/examples/LTL/rers2012correctencoding/P17/Problem17_prop_035.c
  /storage/ultimate/trunk/examples/LTL/rers2012correctencoding/P16/Problem16_prop_010.c
  /storage/ultimate/trunk/examples/LTL/koskinen/ltlcmodelchecker-benchmarks/19-windows_os_frag5.c
  /storage/ultimate/trunk/examples/LTL/rers2012correctencoding/P14/Problem14_prop_030.c
  /storage/ultimate/trunk/examples/LTL/rers2012correctencoding/P15/Problem15_prop_042.c
  /storage/ultimate/trunk/examples/LTL/rers2012correctencoding/P18/Problem18_prop_002.c
  /storage/ultimate/trunk/examples/LTL/rers2012correctencoding/P15/Problem15_prop_047.c
  /storage/ultimate/trunk/examples/LTL/coolant/coolant_basis_1_unsafe_sfty.c
  /storage/ultimate/trunk/examples/LTL/rers2012correctencoding/P17/Problem17_prop_031.c
  /storage/ultimate/trunk/examples/LTL/rers2012correctencoding/P15/Problem15_prop_009.c
  /storage/ultimate/trunk/examples/LTL/coolant/coolant_basis_5_unsafe_sftyliveness.c
  /storage/ultimate/trunk/examples/LTL/rers2012correctencoding/P18/Problem18_prop_004.c
  /storage/ultimate/trunk/examples/LTL/rers2012correctencoding/P15/Problem15_prop_044.c
  /storage/ultimate/trunk/examples/LTL/rers2012correctencoding/P17/Problem17_prop_008.c
  /storage/ultimate/trunk/examples/LTL/rers2012correctencoding/P15/Problem15_prop_038.c
  /storage/ultimate/trunk/examples/LTL/rers2012correctencoding/P15/Problem15_prop_027.c
  /storage/ultimate/trunk/examples/LTL/rers2012correctencoding/P18/Problem18_prop_024.c
  /storage/ultimate/trunk/examples/LTL/rers2012correctencoding/P16/Problem16_prop_002.c
  /storage/ultimate/trunk/examples/LTL/rers2012correctencoding/P18/Problem18_prop_039.c
  /storage/ultimate/trunk/examples/LTL/rers2012correctencoding/P18/Problem18_prop_010.c
  /storage/ultimate/trunk/examples/LTL/rers2012correctencoding/P17/Problem17_prop_023.c
  /storage/ultimate/trunk/examples/LTL/rers2012correctencoding/P17/Problem17_prop_017.c
  /storage/ultimate/trunk/examples/LTL/rers2012correctencoding/P17/Problem17_prop_018.c
  /storage/ultimate/trunk/examples/LTL/rers2012correctencoding/P18/Problem18_prop_047.c
  /storage/ultimate/trunk/examples/LTL/koskinen/ltlcmodelchecker-benchmarks/08-postgreSQL_pgarch.c
  /storage/ultimate/trunk/examples/LTL/rers2012correctencoding/P18/Problem18_prop_036.c
  /storage/ultimate/trunk/examples/LTL/koskinen/ltlcmodelchecker-benchmarks/04-toylinarith1.c
  /storage/ultimate/trunk/examples/LTL/koskinen/ltlcmodelchecker-benchmarks/23-windows_os_frag8.c





======= King of the Hill for TIMEOUT =======
The 1 toolchain/settings pairs
    Toolchain/storage/ultimate/trunk/examples/toolchains/LTLAutomizerCInline.xml, Setting/storage/ultimate/trunk/examples/settings/ltlAutomizer/None-StagedBlast.epf
are exactly the pairs were the result was TIMEOUT on the following 11 files
  /storage/ultimate/trunk/examples/LTL/rers2012correctencoding/P19/Problem19_prop_020.c
  /storage/ultimate/trunk/examples/LTL/rers2012correctencoding/P19/Problem19_prop_023.c
  /storage/ultimate/trunk/examples/LTL/rers2012correctencoding/P18/Problem18_prop_011.c
  /storage/ultimate/trunk/examples/LTL/rers2012correctencoding/P19/Problem19_prop_037.c
  /storage/ultimate/trunk/examples/LTL/rers2012correctencoding/P19/Problem19_prop_042.c
  /storage/ultimate/trunk/examples/LTL/rers2012correctencoding/P17/Problem17_prop_006.c
  /storage/ultimate/trunk/examples/LTL/rers2012correctencoding/P19/Problem19_prop_028.c
  /storage/ultimate/trunk/examples/LTL/rers2012correctencoding/P14/Problem14_prop_040.c
  /storage/ultimate/trunk/examples/LTL/rers2012correctencoding/P15/Problem15_prop_021.c
  /storage/ultimate/trunk/examples/LTL/rers2012correctencoding/P19/Problem19_prop_036.c
  /storage/ultimate/trunk/examples/LTL/rers2012correctencoding/P19/Problem19_prop_029.c

The 1 toolchain/settings pairs
    Toolchain/storage/ultimate/trunk/examples/toolchains/LTLAutomizerCInline.xml, Setting/storage/ultimate/trunk/examples/settings/ltlAutomizer/None.epf
are exactly the pairs were the result was TIMEOUT on the following 8 files
  /storage/ultimate/trunk/examples/LTL/simple/rers-test-inlined.c
  /storage/ultimate/trunk/examples/LTL/simple/rers-test.c
  /storage/ultimate/trunk/examples/LTL/simple/rers-test-inlined_withtmp.c
  /storage/ultimate/trunk/examples/LTL/rers2012correctencoding/P16/Problem16_prop_038.c
  /storage/ultimate/trunk/examples/LTL/rers2012correctencoding/P18/Problem18_prop_033.c
  /storage/ultimate/trunk/examples/LTL/rers2012correctencoding/P17/Problem17_prop_021.c
  /storage/ultimate/trunk/examples/LTL/koskinen/ltlcmodelchecker-benchmarks/20-windows_os_frag6.c
  /storage/ultimate/trunk/examples/LTL/rers2012correctencoding/P18/Problem18_prop_028.c

The 2 toolchain/settings pairs
    Toolchain/storage/ultimate/trunk/examples/toolchains/LTLAutomizerCInline.xml, Setting/storage/ultimate/trunk/examples/settings/ltlAutomizer/None-StagedBlast.epf
    Toolchain/storage/ultimate/trunk/examples/toolchains/LTLAutomizerCInline.xml, Setting/storage/ultimate/trunk/examples/settings/ltlAutomizer/None.epf
are exactly the pairs were the result was TIMEOUT on the following 61 files
  /storage/ultimate/trunk/examples/LTL/rers2012correctencoding/P19/Problem19_prop_039.c
  /storage/ultimate/trunk/examples/LTL/rers2012correctencoding/P17/Problem17_prop_005.c
  /storage/ultimate/trunk/examples/LTL/rers2012correctencoding/P17/Problem17_prop_043.c
  /storage/ultimate/trunk/examples/LTL/rers2012correctencoding/P16/Problem16_prop_037.c
  /storage/ultimate/trunk/examples/LTL/rers2012correctencoding/P18/Problem18_prop_012.c
  /storage/ultimate/trunk/examples/LTL/rers2012correctencoding/P15/Problem15_prop_006.c
  /storage/ultimate/trunk/examples/LTL/rers2012correctencoding/P19/Problem19_prop_038.c
  /storage/ultimate/trunk/examples/LTL/rers2012correctencoding/P14/Problem14_prop_035.c
  /storage/ultimate/trunk/examples/LTL/rers2012correctencoding/P17/Problem17_prop_042.c
  /storage/ultimate/trunk/examples/LTL/rers2012correctencoding/P18/Problem18_prop_021.c
  /storage/ultimate/trunk/examples/LTL/rers2012correctencoding/P14/Problem14_prop_042.c
  /storage/ultimate/trunk/examples/LTL/rers2012correctencoding/P19/Problem19_prop_000.c
  /storage/ultimate/trunk/examples/LTL/rers2012correctencoding/P14/Problem14_prop_045.c
  /storage/ultimate/trunk/examples/LTL/rers2012correctencoding/P18/Problem18_prop_020.c
  /storage/ultimate/trunk/examples/LTL/rers2012correctencoding/P18/Problem18_prop_026.c
  /storage/ultimate/trunk/examples/LTL/rers2012correctencoding/P18/Problem18_prop_029.c
  /storage/ultimate/trunk/examples/LTL/rers2012correctencoding/P14/Problem14_prop_017.c
  /storage/ultimate/trunk/examples/LTL/rers2012correctencoding/P19/Problem19_prop_033.c
  /storage/ultimate/trunk/examples/LTL/rers2012correctencoding/P18/Problem18_prop_030.c
  /storage/ultimate/trunk/examples/LTL/rers2012correctencoding/P18/Problem18_prop_017.c
  /storage/ultimate/trunk/examples/LTL/coolant/coolant_basis_4_unsafe_sftyliveness.c
  /storage/ultimate/trunk/examples/LTL/rers2012correctencoding/P18/Problem18_prop_032.c
  /storage/ultimate/trunk/examples/LTL/rers2012correctencoding/P19/Problem19_prop_025.c
  /storage/ultimate/trunk/examples/LTL/rers2012correctencoding/P17/Problem17_prop_036.c
  /storage/ultimate/trunk/examples/LTL/rers2012correctencoding/P19/Problem19_prop_032.c
  /storage/ultimate/trunk/examples/LTL/rers2012correctencoding/P18/Problem18_prop_008.c
  /storage/ultimate/trunk/examples/LTL/rers2012correctencoding/P19/Problem19_prop_011.c
  /storage/ultimate/trunk/examples/LTL/rers2012correctencoding/P18/Problem18_prop_000.c
  /storage/ultimate/trunk/examples/LTL/rers2012correctencoding/P18/Problem18_prop_019.c
  /storage/ultimate/trunk/examples/LTL/rers2012correctencoding/P18/Problem18_prop_031.c
  /storage/ultimate/trunk/examples/LTL/rers2012correctencoding/P19/Problem19_prop_041.c
  /storage/ultimate/trunk/examples/LTL/rers2012correctencoding/P17/Problem17_prop_047.c
  /storage/ultimate/trunk/examples/LTL/rers2012correctencoding/P18/Problem18_prop_041.c
  /storage/ultimate/trunk/examples/LTL/rers2012correctencoding/P19/Problem19_prop_040.c
  /storage/ultimate/trunk/examples/LTL/rers2012correctencoding/P15/Problem15_prop_032.c
  /storage/ultimate/trunk/examples/LTL/rers2012correctencoding/P16/Problem16_prop_042.c
  /storage/ultimate/trunk/examples/LTL/rers2012correctencoding/P15/Problem15_prop_015.c
  /storage/ultimate/trunk/examples/LTL/rers2012correctencoding/P15/Problem15_prop_030.c
  /storage/ultimate/trunk/examples/LTL/rers2012correctencoding/P16/Problem16_prop_046.c
  /storage/ultimate/trunk/examples/LTL/rers2012correctencoding/P15/Problem15_prop_031.c
  /storage/ultimate/trunk/examples/LTL/rers2012correctencoding/P16/Problem16_prop_006.c
  /storage/ultimate/trunk/examples/LTL/rers2012correctencoding/P19/Problem19_prop_013.c
  /storage/ultimate/trunk/examples/LTL/rers2012correctencoding/P19/Problem19_prop_003.c
  /storage/ultimate/trunk/examples/LTL/rers2012correctencoding/P19/Problem19_prop_002.c
  /storage/ultimate/trunk/examples/LTL/rers2012correctencoding/P14/Problem14_prop_005.c
  /storage/ultimate/trunk/examples/LTL/rers2012correctencoding/P15/Problem15_prop_028.c
  /storage/ultimate/trunk/examples/LTL/rers2012correctencoding/P14/Problem14_prop_020.c
  /storage/ultimate/trunk/examples/LTL/rers2012correctencoding/P15/Problem15_prop_039.c
  /storage/ultimate/trunk/examples/LTL/rers2012correctencoding/P18/Problem18_prop_015.c
  /storage/ultimate/trunk/examples/LTL/rers2012correctencoding/P17/Problem17_prop_049.c
  /storage/ultimate/trunk/examples/LTL/rers2012correctencoding/P17/Problem17_prop_025.c
  /storage/ultimate/trunk/examples/LTL/rers2012correctencoding/P17/Problem17_prop_048.c
  /storage/ultimate/trunk/examples/LTL/koskinen/ltlcmodelchecker-benchmarks/11-apache_accept_liveness.c
  /storage/ultimate/trunk/examples/LTL/rers2012correctencoding/P18/Problem18_prop_037.c
  /storage/ultimate/trunk/examples/LTL/rers2012correctencoding/P18/Problem18_prop_013.c
  /storage/ultimate/trunk/examples/LTL/rers2012correctencoding/P18/Problem18_prop_046.c
  /storage/ultimate/trunk/examples/LTL/rers2012correctencoding/P18/Problem18_prop_005.c
  /storage/ultimate/trunk/examples/LTL/rers2012correctencoding/P14/Problem14_prop_037.c
  /storage/ultimate/trunk/examples/LTL/koskinen/ltlcmodelchecker-benchmarks/18-windows_os_frag4_prop2.c
  /storage/ultimate/trunk/examples/LTL/rers2012correctencoding/P15/Problem15_prop_026.c
  /storage/ultimate/trunk/examples/LTL/rers2012correctencoding/P16/Problem16_prop_036.c





======= King of the Hill for UNKNOWN =======
The 1 toolchain/settings pairs
    Toolchain/storage/ultimate/trunk/examples/toolchains/LTLAutomizerCInline.xml, Setting/storage/ultimate/trunk/examples/settings/ltlAutomizer/None-StagedBlast.epf
are exactly the pairs were the result was UNKNOWN on the following 11 files
  /storage/ultimate/trunk/examples/LTL/rers2012correctencoding/P19/Problem19_prop_020.c
  /storage/ultimate/trunk/examples/LTL/rers2012correctencoding/P19/Problem19_prop_023.c
  /storage/ultimate/trunk/examples/LTL/rers2012correctencoding/P18/Problem18_prop_011.c
  /storage/ultimate/trunk/examples/LTL/rers2012correctencoding/P19/Problem19_prop_037.c
  /storage/ultimate/trunk/examples/LTL/rers2012correctencoding/P19/Problem19_prop_042.c
  /storage/ultimate/trunk/examples/LTL/rers2012correctencoding/P17/Problem17_prop_006.c
  /storage/ultimate/trunk/examples/LTL/rers2012correctencoding/P19/Problem19_prop_028.c
  /storage/ultimate/trunk/examples/LTL/rers2012correctencoding/P14/Problem14_prop_040.c
  /storage/ultimate/trunk/examples/LTL/rers2012correctencoding/P15/Problem15_prop_021.c
  /storage/ultimate/trunk/examples/LTL/rers2012correctencoding/P19/Problem19_prop_036.c
  /storage/ultimate/trunk/examples/LTL/rers2012correctencoding/P19/Problem19_prop_029.c

The 1 toolchain/settings pairs
    Toolchain/storage/ultimate/trunk/examples/toolchains/LTLAutomizerCInline.xml, Setting/storage/ultimate/trunk/examples/settings/ltlAutomizer/None.epf
are exactly the pairs were the result was UNKNOWN on the following 8 files
  /storage/ultimate/trunk/examples/LTL/simple/rers-test-inlined.c
  /storage/ultimate/trunk/examples/LTL/simple/rers-test.c
  /storage/ultimate/trunk/examples/LTL/simple/rers-test-inlined_withtmp.c
  /storage/ultimate/trunk/examples/LTL/rers2012correctencoding/P16/Problem16_prop_038.c
  /storage/ultimate/trunk/examples/LTL/rers2012correctencoding/P18/Problem18_prop_033.c
  /storage/ultimate/trunk/examples/LTL/rers2012correctencoding/P17/Problem17_prop_021.c
  /storage/ultimate/trunk/examples/LTL/koskinen/ltlcmodelchecker-benchmarks/20-windows_os_frag6.c
  /storage/ultimate/trunk/examples/LTL/rers2012correctencoding/P18/Problem18_prop_028.c

The 2 toolchain/settings pairs
    Toolchain/storage/ultimate/trunk/examples/toolchains/LTLAutomizerCInline.xml, Setting/storage/ultimate/trunk/examples/settings/ltlAutomizer/None-StagedBlast.epf
    Toolchain/storage/ultimate/trunk/examples/toolchains/LTLAutomizerCInline.xml, Setting/storage/ultimate/trunk/examples/settings/ltlAutomizer/None.epf
are exactly the pairs were the result was UNKNOWN on the following 61 files
  /storage/ultimate/trunk/examples/LTL/rers2012correctencoding/P19/Problem19_prop_039.c
  /storage/ultimate/trunk/examples/LTL/rers2012correctencoding/P17/Problem17_prop_005.c
  /storage/ultimate/trunk/examples/LTL/rers2012correctencoding/P17/Problem17_prop_043.c
  /storage/ultimate/trunk/examples/LTL/rers2012correctencoding/P16/Problem16_prop_037.c
  /storage/ultimate/trunk/examples/LTL/rers2012correctencoding/P18/Problem18_prop_012.c
  /storage/ultimate/trunk/examples/LTL/rers2012correctencoding/P15/Problem15_prop_006.c
  /storage/ultimate/trunk/examples/LTL/rers2012correctencoding/P19/Problem19_prop_038.c
  /storage/ultimate/trunk/examples/LTL/rers2012correctencoding/P14/Problem14_prop_035.c
  /storage/ultimate/trunk/examples/LTL/rers2012correctencoding/P17/Problem17_prop_042.c
  /storage/ultimate/trunk/examples/LTL/rers2012correctencoding/P18/Problem18_prop_021.c
  /storage/ultimate/trunk/examples/LTL/rers2012correctencoding/P14/Problem14_prop_042.c
  /storage/ultimate/trunk/examples/LTL/rers2012correctencoding/P19/Problem19_prop_000.c
  /storage/ultimate/trunk/examples/LTL/rers2012correctencoding/P14/Problem14_prop_045.c
  /storage/ultimate/trunk/examples/LTL/rers2012correctencoding/P18/Problem18_prop_020.c
  /storage/ultimate/trunk/examples/LTL/rers2012correctencoding/P18/Problem18_prop_026.c
  /storage/ultimate/trunk/examples/LTL/rers2012correctencoding/P18/Problem18_prop_029.c
  /storage/ultimate/trunk/examples/LTL/rers2012correctencoding/P14/Problem14_prop_017.c
  /storage/ultimate/trunk/examples/LTL/rers2012correctencoding/P19/Problem19_prop_033.c
  /storage/ultimate/trunk/examples/LTL/rers2012correctencoding/P18/Problem18_prop_030.c
  /storage/ultimate/trunk/examples/LTL/rers2012correctencoding/P18/Problem18_prop_017.c
  /storage/ultimate/trunk/examples/LTL/coolant/coolant_basis_4_unsafe_sftyliveness.c
  /storage/ultimate/trunk/examples/LTL/rers2012correctencoding/P18/Problem18_prop_032.c
  /storage/ultimate/trunk/examples/LTL/rers2012correctencoding/P19/Problem19_prop_025.c
  /storage/ultimate/trunk/examples/LTL/rers2012correctencoding/P17/Problem17_prop_036.c
  /storage/ultimate/trunk/examples/LTL/rers2012correctencoding/P19/Problem19_prop_032.c
  /storage/ultimate/trunk/examples/LTL/rers2012correctencoding/P18/Problem18_prop_008.c
  /storage/ultimate/trunk/examples/LTL/rers2012correctencoding/P19/Problem19_prop_011.c
  /storage/ultimate/trunk/examples/LTL/rers2012correctencoding/P18/Problem18_prop_000.c
  /storage/ultimate/trunk/examples/LTL/rers2012correctencoding/P18/Problem18_prop_019.c
  /storage/ultimate/trunk/examples/LTL/rers2012correctencoding/P18/Problem18_prop_031.c
  /storage/ultimate/trunk/examples/LTL/rers2012correctencoding/P19/Problem19_prop_041.c
  /storage/ultimate/trunk/examples/LTL/rers2012correctencoding/P17/Problem17_prop_047.c
  /storage/ultimate/trunk/examples/LTL/rers2012correctencoding/P18/Problem18_prop_041.c
  /storage/ultimate/trunk/examples/LTL/rers2012correctencoding/P19/Problem19_prop_040.c
  /storage/ultimate/trunk/examples/LTL/rers2012correctencoding/P15/Problem15_prop_032.c
  /storage/ultimate/trunk/examples/LTL/rers2012correctencoding/P16/Problem16_prop_042.c
  /storage/ultimate/trunk/examples/LTL/rers2012correctencoding/P15/Problem15_prop_015.c
  /storage/ultimate/trunk/examples/LTL/rers2012correctencoding/P15/Problem15_prop_030.c
  /storage/ultimate/trunk/examples/LTL/rers2012correctencoding/P16/Problem16_prop_046.c
  /storage/ultimate/trunk/examples/LTL/rers2012correctencoding/P15/Problem15_prop_031.c
  /storage/ultimate/trunk/examples/LTL/rers2012correctencoding/P16/Problem16_prop_006.c
  /storage/ultimate/trunk/examples/LTL/rers2012correctencoding/P19/Problem19_prop_013.c
  /storage/ultimate/trunk/examples/LTL/rers2012correctencoding/P19/Problem19_prop_003.c
  /storage/ultimate/trunk/examples/LTL/rers2012correctencoding/P19/Problem19_prop_002.c
  /storage/ultimate/trunk/examples/LTL/rers2012correctencoding/P14/Problem14_prop_005.c
  /storage/ultimate/trunk/examples/LTL/rers2012correctencoding/P15/Problem15_prop_028.c
  /storage/ultimate/trunk/examples/LTL/rers2012correctencoding/P14/Problem14_prop_020.c
  /storage/ultimate/trunk/examples/LTL/rers2012correctencoding/P15/Problem15_prop_039.c
  /storage/ultimate/trunk/examples/LTL/rers2012correctencoding/P18/Problem18_prop_015.c
  /storage/ultimate/trunk/examples/LTL/rers2012correctencoding/P17/Problem17_prop_049.c
  /storage/ultimate/trunk/examples/LTL/rers2012correctencoding/P17/Problem17_prop_025.c
  /storage/ultimate/trunk/examples/LTL/rers2012correctencoding/P17/Problem17_prop_048.c
  /storage/ultimate/trunk/examples/LTL/koskinen/ltlcmodelchecker-benchmarks/11-apache_accept_liveness.c
  /storage/ultimate/trunk/examples/LTL/rers2012correctencoding/P18/Problem18_prop_037.c
  /storage/ultimate/trunk/examples/LTL/rers2012correctencoding/P18/Problem18_prop_013.c
  /storage/ultimate/trunk/examples/LTL/rers2012correctencoding/P18/Problem18_prop_046.c
  /storage/ultimate/trunk/examples/LTL/rers2012correctencoding/P18/Problem18_prop_005.c
  /storage/ultimate/trunk/examples/LTL/rers2012correctencoding/P14/Problem14_prop_037.c
  /storage/ultimate/trunk/examples/LTL/koskinen/ltlcmodelchecker-benchmarks/18-windows_os_frag4_prop2.c
  /storage/ultimate/trunk/examples/LTL/rers2012correctencoding/P15/Problem15_prop_026.c
  /storage/ultimate/trunk/examples/LTL/rers2012correctencoding/P16/Problem16_prop_036.c





======= King of the Hill for FAILURE =======
The 1 toolchain/settings pairs
    Toolchain/storage/ultimate/trunk/examples/toolchains/LTLAutomizerCInline.xml, Setting/storage/ultimate/trunk/examples/settings/ltlAutomizer/None-StagedBlast.epf
are exactly the pairs were the result was FAILURE on the following 8 files
  /storage/ultimate/trunk/examples/LTL/simple/rers-test-inlined.c
  /storage/ultimate/trunk/examples/LTL/simple/rers-test.c
  /storage/ultimate/trunk/examples/LTL/simple/rers-test-inlined_withtmp.c
  /storage/ultimate/trunk/examples/LTL/rers2012correctencoding/P16/Problem16_prop_038.c
  /storage/ultimate/trunk/examples/LTL/rers2012correctencoding/P18/Problem18_prop_033.c
  /storage/ultimate/trunk/examples/LTL/rers2012correctencoding/P17/Problem17_prop_021.c
  /storage/ultimate/trunk/examples/LTL/koskinen/ltlcmodelchecker-benchmarks/20-windows_os_frag6.c
  /storage/ultimate/trunk/examples/LTL/rers2012correctencoding/P18/Problem18_prop_028.c

The 1 toolchain/settings pairs
    Toolchain/storage/ultimate/trunk/examples/toolchains/LTLAutomizerCInline.xml, Setting/storage/ultimate/trunk/examples/settings/ltlAutomizer/None.epf
are exactly the pairs were the result was FAILURE on the following 12 files
  /storage/ultimate/trunk/examples/LTL/rers2012correctencoding/P19/Problem19_prop_020.c
  /storage/ultimate/trunk/examples/LTL/rers2012correctencoding/P19/Problem19_prop_023.c
  /storage/ultimate/trunk/examples/LTL/rers2012correctencoding/P18/Problem18_prop_011.c
  /storage/ultimate/trunk/examples/LTL/coolant/coolant_basis_2_unsafe_liveness.c
  /storage/ultimate/trunk/examples/LTL/rers2012correctencoding/P19/Problem19_prop_037.c
  /storage/ultimate/trunk/examples/LTL/rers2012correctencoding/P19/Problem19_prop_042.c
  /storage/ultimate/trunk/examples/LTL/rers2012correctencoding/P17/Problem17_prop_006.c
  /storage/ultimate/trunk/examples/LTL/rers2012correctencoding/P19/Problem19_prop_028.c
  /storage/ultimate/trunk/examples/LTL/rers2012correctencoding/P14/Problem14_prop_040.c
  /storage/ultimate/trunk/examples/LTL/rers2012correctencoding/P15/Problem15_prop_021.c
  /storage/ultimate/trunk/examples/LTL/rers2012correctencoding/P19/Problem19_prop_036.c
  /storage/ultimate/trunk/examples/LTL/rers2012correctencoding/P19/Problem19_prop_029.c

The 2 toolchain/settings pairs
    Toolchain/storage/ultimate/trunk/examples/toolchains/LTLAutomizerCInline.xml, Setting/storage/ultimate/trunk/examples/settings/ltlAutomizer/None-StagedBlast.epf
    Toolchain/storage/ultimate/trunk/examples/toolchains/LTLAutomizerCInline.xml, Setting/storage/ultimate/trunk/examples/settings/ltlAutomizer/None.epf
are exactly the pairs were the result was FAILURE on the following 128 files
  /storage/ultimate/trunk/examples/LTL/rers2012correctencoding/P14/Problem14_prop_036.c
  /storage/ultimate/trunk/examples/LTL/rers2012correctencoding/P15/Problem15_prop_004.c
  /storage/ultimate/trunk/examples/LTL/rers2012correctencoding/P19/Problem19_prop_019.c
  /storage/ultimate/trunk/examples/LTL/rers2012correctencoding/P14/Problem14_prop_008.c
  /storage/ultimate/trunk/examples/LTL/rers2012correctencoding/P19/Problem19_prop_035.c
  /storage/ultimate/trunk/examples/LTL/rers2012correctencoding/P19/Problem19_prop_048.c
  /storage/ultimate/trunk/examples/LTL/rers2012correctencoding/P16/Problem16_prop_026.c
  /storage/ultimate/trunk/examples/LTL/rers2012correctencoding/P14/Problem14_prop_033.c
  /storage/ultimate/trunk/examples/LTL/rers2012correctencoding/P19/Problem19_prop_008.c
  /storage/ultimate/trunk/examples/LTL/rers2012correctencoding/P15/Problem15_prop_036.c
  /storage/ultimate/trunk/examples/LTL/rers2012correctencoding/P16/Problem16_prop_028.c
  /storage/ultimate/trunk/examples/LTL/rers2012correctencoding/P18/Problem18_prop_023.c
  /storage/ultimate/trunk/examples/LTL/rers2012correctencoding/P18/Problem18_prop_025.c
  /storage/ultimate/trunk/examples/LTL/rers2012correctencoding/P14/Problem14_prop_034.c
  /storage/ultimate/trunk/examples/LTL/rers2012correctencoding/P15/Problem15_prop_035.c
  /storage/ultimate/trunk/examples/LTL/rers2012correctencoding/P16/Problem16_prop_027.c
  /storage/ultimate/trunk/examples/LTL/rers2012correctencoding/P17/Problem17_prop_013.c
  /storage/ultimate/trunk/examples/LTL/rers2012correctencoding/P19/Problem19_prop_012.c
  /storage/ultimate/trunk/examples/LTL/rers2012correctencoding/P15/Problem15_prop_048.c
  /storage/ultimate/trunk/examples/LTL/rers2012correctencoding/P19/Problem19_prop_021.c
  /storage/ultimate/trunk/examples/LTL/rers2012correctencoding/P16/Problem16_prop_021.c
  /storage/ultimate/trunk/examples/LTL/rers2012correctencoding/P16/Problem16_prop_001.c
  /storage/ultimate/trunk/examples/LTL/rers2012correctencoding/P15/Problem15_prop_012.c
  /storage/ultimate/trunk/examples/LTL/bugs/Bug_ProcedureHandling.c
  /storage/ultimate/trunk/examples/LTL/rers2012correctencoding/P16/Problem16_prop_041.c
  /storage/ultimate/trunk/examples/LTL/rers2012correctencoding/P16/Problem16_prop_029.c
  /storage/ultimate/trunk/examples/LTL/rers2012correctencoding/P19/Problem19_prop_031.c
  /storage/ultimate/trunk/examples/LTL/rers2012correctencoding/P16/Problem16_prop_031.c
  /storage/ultimate/trunk/examples/LTL/rers2012correctencoding/P14/Problem14_prop_001.c
  /storage/ultimate/trunk/examples/LTL/rers2012correctencoding/P16/Problem16_prop_040.c
  /storage/ultimate/trunk/examples/LTL/rers2012correctencoding/P16/Problem16_prop_048.c
  /storage/ultimate/trunk/examples/LTL/rers2012correctencoding/P16/Problem16_prop_023.c
  /storage/ultimate/trunk/examples/LTL/rers2012correctencoding/P16/Problem16_prop_013.c
  /storage/ultimate/trunk/examples/LTL/rers2012correctencoding/P14/Problem14_prop_041.c
  /storage/ultimate/trunk/examples/LTL/rers2012correctencoding/P19/Problem19_prop_014.c
  /storage/ultimate/trunk/examples/LTL/rers2012correctencoding/P17/Problem17_prop_034.c
  /storage/ultimate/trunk/examples/LTL/rers2012correctencoding/P16/Problem16_prop_005.c
  /storage/ultimate/trunk/examples/LTL/rers2012correctencoding/P14/Problem14_prop_048.c
  /storage/ultimate/trunk/examples/LTL/rers2012correctencoding/P16/Problem16_prop_003.c
  /storage/ultimate/trunk/examples/LTL/rers2012correctencoding/P19/Problem19_prop_024.c
  /storage/ultimate/trunk/examples/LTL/rers2012correctencoding/P14/Problem14_prop_029.c
  /storage/ultimate/trunk/examples/LTL/rers2012correctencoding/P19/Problem19_prop_006.c
  /storage/ultimate/trunk/examples/LTL/rers2012correctencoding/P19/Problem19_prop_004.c
  /storage/ultimate/trunk/examples/LTL/rers2012correctencoding/P14/Problem14_prop_028.c
  /storage/ultimate/trunk/examples/LTL/rers2012correctencoding/P19/Problem19_prop_018.c
  /storage/ultimate/trunk/examples/LTL/rers2012correctencoding/P14/Problem14_prop_021.c
  /storage/ultimate/trunk/examples/LTL/rers2012correctencoding/P14/Problem14_prop_027.c
  /storage/ultimate/trunk/examples/LTL/rers2012correctencoding/P17/Problem17_prop_009.c
  /storage/ultimate/trunk/examples/LTL/rers2012correctencoding/P17/Problem17_prop_040.c
  /storage/ultimate/trunk/examples/LTL/rers2012correctencoding/P19/Problem19_prop_016.c
  /storage/ultimate/trunk/examples/LTL/rers2012correctencoding/P14/Problem14_prop_003.c
  /storage/ultimate/trunk/examples/LTL/rers2012correctencoding/P17/Problem17_prop_029.c
  /storage/ultimate/trunk/examples/LTL/rers2012correctencoding/P15/Problem15_prop_023.c
  /storage/ultimate/trunk/examples/LTL/rers2012correctencoding/P15/Problem15_prop_017.c
  /storage/ultimate/trunk/examples/LTL/rers2012correctencoding/P16/Problem16_prop_009.c
  /storage/ultimate/trunk/examples/LTL/rers2012correctencoding/P17/Problem17_prop_024.c
  /storage/ultimate/trunk/examples/LTL/rers2012correctencoding/P19/Problem19_prop_009.c
  /storage/ultimate/trunk/examples/LTL/rers2012correctencoding/P16/Problem16_prop_017.c
  /storage/ultimate/trunk/examples/LTL/rers2012correctencoding/P18/Problem18_prop_049.c
  /storage/ultimate/trunk/examples/LTL/rers2012correctencoding/P19/Problem19_prop_049.c
  /storage/ultimate/trunk/examples/LTL/rers2012correctencoding/P14/Problem14_prop_019.c
  /storage/ultimate/trunk/examples/LTL/rers2012correctencoding/P16/Problem16_prop_034.c
  /storage/ultimate/trunk/examples/LTL/rers2012correctencoding/P19/Problem19_prop_034.c
  /storage/ultimate/trunk/examples/LTL/rers2012correctencoding/P19/Problem19_prop_001.c
  /storage/ultimate/trunk/examples/LTL/rers2012correctencoding/P14/Problem14_prop_009.c
  /storage/ultimate/trunk/examples/LTL/rers2012correctencoding/P16/Problem16_prop_007.c
  /storage/ultimate/trunk/examples/LTL/rers2012correctencoding/P14/Problem14_prop_044.c
  /storage/ultimate/trunk/examples/LTL/coolant/coolant_basis_6_unsafe_sftyliveness.c
  /storage/ultimate/trunk/examples/LTL/rers2012correctencoding/P17/Problem17_prop_004.c
  /storage/ultimate/trunk/examples/LTL/rers2012correctencoding/P18/Problem18_prop_018.c
  /storage/ultimate/trunk/examples/LTL/rers2012correctencoding/P16/Problem16_prop_012.c
  /storage/ultimate/trunk/examples/LTL/rers2012correctencoding/P16/Problem16_prop_049.c
  /storage/ultimate/trunk/examples/LTL/rers2012correctencoding/P16/Problem16_prop_030.c
  /storage/ultimate/trunk/examples/LTL/rers2012correctencoding/P19/Problem19_prop_026.c
  /storage/ultimate/trunk/examples/LTL/rers2012correctencoding/P14/Problem14_prop_046.c
  /storage/ultimate/trunk/examples/LTL/rers2012correctencoding/P14/Problem14_prop_014.c
  /storage/ultimate/trunk/examples/LTL/rers2012correctencoding/P17/Problem17_prop_039.c
  /storage/ultimate/trunk/examples/LTL/rers2012correctencoding/P15/Problem15_prop_040.c
  /storage/ultimate/trunk/examples/LTL/rers2012correctencoding/P19/Problem19_prop_030.c
  /storage/ultimate/trunk/examples/LTL/coolant/coolant_basis_4_2_unsafe_sftyliveness.c
  /storage/ultimate/trunk/examples/LTL/rers2012correctencoding/P18/Problem18_prop_007.c
  /storage/ultimate/trunk/examples/LTL/rers2012correctencoding/P19/Problem19_prop_007.c
  /storage/ultimate/trunk/examples/LTL/rers2012correctencoding/P14/Problem14_prop_047.c
  /storage/ultimate/trunk/examples/LTL/rers2012correctencoding/P14/Problem14_prop_015.c
  /storage/ultimate/trunk/examples/LTL/rers2012correctencoding/P15/Problem15_prop_041.c
  /storage/ultimate/trunk/examples/LTL/rers2012correctencoding/P16/Problem16_prop_032.c
  /storage/ultimate/trunk/examples/LTL/rers2012correctencoding/P16/Problem16_prop_020.c
  /storage/ultimate/trunk/examples/LTL/rers2012correctencoding/P16/Problem16_prop_015.c
  /storage/ultimate/trunk/examples/LTL/rers2012correctencoding/P18/Problem18_prop_009.c
  /storage/ultimate/trunk/examples/LTL/rers2012correctencoding/P15/Problem15_prop_013.c
  /storage/ultimate/trunk/examples/LTL/rers2012correctencoding/P19/Problem19_prop_027.c
  /storage/ultimate/trunk/examples/LTL/rers2012correctencoding/P19/Problem19_prop_022.c
  /storage/ultimate/trunk/examples/LTL/rers2012correctencoding/P16/Problem16_prop_022.c
  /storage/ultimate/trunk/examples/LTL/rers2012correctencoding/P14/Problem14_prop_010.c
  /storage/ultimate/trunk/examples/LTL/rers2012correctencoding/P17/Problem17_prop_014.c
  /storage/ultimate/trunk/examples/LTL/rers2012correctencoding/P16/Problem16_prop_045.c
  /storage/ultimate/trunk/examples/LTL/rers2012correctencoding/P15/Problem15_prop_029.c
  /storage/ultimate/trunk/examples/LTL/rers2012correctencoding/P19/Problem19_prop_005.c
  /storage/ultimate/trunk/examples/LTL/rers2012correctencoding/P19/Problem19_prop_044.c
  /storage/ultimate/trunk/examples/LTL/rers2012correctencoding/P19/Problem19_prop_015.c
  /storage/ultimate/trunk/examples/LTL/rers2012correctencoding/P14/Problem14_prop_002.c
  /storage/ultimate/trunk/examples/LTL/rers2012correctencoding/P16/Problem16_prop_043.c
  /storage/ultimate/trunk/examples/LTL/rers2012correctencoding/P18/Problem18_prop_045.c
  /storage/ultimate/trunk/examples/LTL/rers2012correctencoding/P19/Problem19_prop_043.c
  /storage/ultimate/trunk/examples/LTL/rers2012correctencoding/P17/Problem17_prop_033.c
  /storage/ultimate/trunk/examples/LTL/rers2012correctencoding/P15/Problem15_prop_020.c
  /storage/ultimate/trunk/examples/LTL/rers2012correctencoding/P19/Problem19_prop_045.c
  /storage/ultimate/trunk/examples/LTL/koskinen/ltlcmodelchecker-benchmarks/09-postgreSQL_dropbuf_prop1.c
  /storage/ultimate/trunk/examples/LTL/rers2012correctencoding/P18/Problem18_prop_042.c
  /storage/ultimate/trunk/examples/LTL/rers2012correctencoding/P18/Problem18_prop_006.c
  /storage/ultimate/trunk/examples/LTL/rers2012correctencoding/P17/Problem17_prop_012.c
  /storage/ultimate/trunk/examples/LTL/rers2012correctencoding/P19/Problem19_prop_010.c
  /storage/ultimate/trunk/examples/LTL/rers2012correctencoding/P15/Problem15_prop_045.c
  /storage/ultimate/trunk/examples/LTL/rers2012correctencoding/P18/Problem18_prop_014.c
  /storage/ultimate/trunk/examples/LTL/rers2012correctencoding/P19/Problem19_prop_017.c
  /storage/ultimate/trunk/examples/LTL/rers2012correctencoding/P14/Problem14_prop_022.c
  /storage/ultimate/trunk/examples/LTL/rers2012correctencoding/P15/Problem15_prop_037.c
  /storage/ultimate/trunk/examples/LTL/rers2012correctencoding/P15/Problem15_prop_025.c
  /storage/ultimate/trunk/examples/LTL/rers2012correctencoding/P19/Problem19_prop_047.c
  /storage/ultimate/trunk/examples/LTL/rers2012correctencoding/P15/Problem15_prop_007.c
  /storage/ultimate/trunk/examples/LTL/rers2012correctencoding/P14/Problem14_prop_006.c
  /storage/ultimate/trunk/examples/LTL/rers2012correctencoding/P19/Problem19_prop_046.c
  /storage/ultimate/trunk/examples/LTL/rers2012correctencoding/P15/Problem15_prop_022.c
  /storage/ultimate/trunk/examples/LTL/rers2012correctencoding/P16/Problem16_prop_039.c
  /storage/ultimate/trunk/examples/LTL/rers2012correctencoding/P17/Problem17_prop_016.c
  /storage/ultimate/trunk/examples/LTL/rers2012correctencoding/P14/Problem14_prop_004.c
  /storage/ultimate/trunk/examples/LTL/rers2012correctencoding/P17/Problem17_prop_019.c
  /storage/ultimate/trunk/examples/LTL/rers2012correctencoding/P16/Problem16_prop_024.c