################################# CSV #######################
,Folder,File,Settings,Toolchain,Message,Runtime (ns),Allocated memory end (bytes),Overall iterations,NumberOfCodeBlocks,SizeOfPredicatesFP,SizeOfPredicatesBP,Conjuncts in SSA,Conjuncts in UnsatCore,ICC %
,systemc,mem_slave_tlm.4_true-unreach-call_false-termination.cil.c,ForwardPredicates.epf,AutomizerC.xml,ExpectedResult: SAFE UltimateResult: SAFE   [ShortDescription: All specifications hold LongDescription: 1 specifications checked. All of them hold],20567481063.0,3999268864,39,0,39636,0,55080,540,0.7368990266443811
,systemc,toy1_false-unreach-call_false-termination.cil.c,ForwardPredicates.epf,AutomizerC.xml,ExpectedResult: UNSAFE UltimateResult: UNSAFE   a call of __VERIFIER_error() is reachable ,56783647007.0,5726797824,38,0,16980,0,61053,606,0.7346698113207547
,recursive,Addition01_true-unreach-call_true-termination.c,ForwardPredicates.epf,AutomizerC.xml,ExpectedResult: SAFE UltimateResult: TIMEOUT   [ShortDescription: Timeout LongDescription: Unable to prove that call of __VERIFIER_error() unreachable (line 39)],59999307970.0,2563244032,51,0,73293,0,14853,7854,0.5689655172413793
,systemc,pc_sfifo_1_true-unreach-call_false-termination.cil.c,ForwardPredicates.epf,AutomizerC.xml,ExpectedResult: SAFE UltimateResult: TIMEOUT   [ShortDescription: Timeout LongDescription: Unable to prove that call of __VERIFIER_error() unreachable (line 9)],60012782568.0,4.23100416E+9,34,0,82789,0,44378,1584,0.007447168277221738
,recursive,Fibonacci05_false-unreach-call_true-termination.c,TreeInterpolation.epf,AutomizerC.xml,ExpectedResult: UNSAFE UltimateResult: UNSAFE   a call of __VERIFIER_error() is reachable ,730193901.0,2619867136,17,0,-,-,-,-,0.8360339887362909
,ntdrivers-simplified,floppy_simpl4_false-unreach-call_true-termination.cil.c,ForwardPredicates.epf,AutomizerC.xml,ExpectedResult: UNSAFE UltimateResult: UNSAFE   a call of __VERIFIER_error() is reachable ,1211763124.0,2371878912,24,0,2201,0,7789,102,1.0
,ntdrivers-simplified,kbfiltr_simpl2_false-unreach-call_true-termination.cil.c,ForwardPredicates.epf,AutomizerC.xml,ExpectedResult: UNSAFE UltimateResult: UNSAFE   a call of __VERIFIER_error() is reachable ,528447854.0,2340421632,16,0,1174,0,4483,81,1.0
,recursive,recHanoi03_true-unreach-call_true-termination.c,ForwardPredicates.epf,AutomizerC.xml,ExpectedResult: SAFE UltimateResult: TIMEOUT   [ShortDescription: Timeout LongDescription: Unable to prove that call of __VERIFIER_error() unreachable (line 33)],60003723339.0,2834300928,86,0,81929,0,31218,8517,0.5
,systemc,token_ring.07_false-unreach-call_false-termination.cil.c,TreeInterpolation.epf,AutomizerC.xml,ExpectedResult: UNSAFE UltimateResult: TIMEOUT   [ShortDescription: Timeout LongDescription: Unable to prove that call of __VERIFIER_error() unreachable (line 10)],59997175659.0,5.76192512E+9,13,0,-,-,-,-,0.935042735042735
,systemc,transmitter.08_false-unreach-call_false-termination.cil.c,ForwardPredicates.epf,AutomizerC.xml,ExpectedResult: UNSAFE UltimateResult: TIMEOUT   [ShortDescription: Timeout LongDescription: Unable to prove that call of __VERIFIER_error() unreachable (line 11)],61363081418.0,5726797824,12,0,2542,0,37681,60,1.0
,ssh-simplified,s3_clnt_4_true-unreach-call.cil.c,TreeInterpolation.epf,AutomizerC.xml,ExpectedResult: SAFE UltimateResult: SAFE   [ShortDescription: All specifications hold LongDescription: 2 specifications checked. All of them hold],993164483.0,2759852032,26,0,-,-,-,-,0.9427824771336222
,ssh-simplified,s3_srvr_10_false-unreach-call.cil.c,TreeInterpolation.epf,AutomizerC.xml,ExpectedResult: UNSAFE UltimateResult: UNSAFE   a call of __VERIFIER_error() is reachable ,164043931.0,2774007808,8,0,-,-,-,-,1.0
,ntdrivers-simplified,cdaudio_simpl1_false-unreach-call_true-termination.cil.c,TreeInterpolation.epf,AutomizerC.xml,ExpectedResult: UNSAFE UltimateResult: UNSAFE   a call of __VERIFIER_error() is reachable ,4949685616,1.86908672E+9,56,0,-,-,-,-,1.0
,recursive,Addition01_true-unreach-call_true-termination.c,TreeInterpolation.epf,AutomizerC.xml,ExpectedResult: SAFE UltimateResult: SAFE   [ShortDescription: All specifications hold LongDescription: 1 specifications checked. All of them hold],91683889.0,2563244032,3,0,-,-,-,-,0.25
,systemc,transmitter.04_false-unreach-call_false-termination.cil.c,TreeInterpolation.epf,AutomizerC.xml,ExpectedResult: UNSAFE UltimateResult: TIMEOUT   [ShortDescription: Timeout LongDescription: Unable to prove that call of __VERIFIER_error() unreachable (line 11)],60126723772.0,6132072448,13,0,-,-,-,-,0.9488372093023256
,systemc,pc_sfifo_2_false-unreach-call_false-termination.cil.c,ForwardPredicates.epf,AutomizerC.xml,ExpectedResult: UNSAFE UltimateResult: UNSAFE   a call of __VERIFIER_error() is reachable ,83117881.0,4240965632,2,0,104,0,294,4,1.0
,locks,test_locks_11_true-unreach-call_false-termination.c,ForwardPredicates.epf,AutomizerC.xml,ExpectedResult: SAFE UltimateResult: SAFE   [ShortDescription: All specifications hold LongDescription: 1 specifications checked. All of them hold],444223954.0,477626368,11,0,583,0,847,33,1.0
,locks,test_locks_7_true-unreach-call_false-termination.c,ForwardPredicates.epf,AutomizerC.xml,ExpectedResult: SAFE UltimateResult: SAFE   [ShortDescription: All specifications hold LongDescription: 1 specifications checked. All of them hold],95927461.0,1075314688,7,0,273,0,385,21,1.0
,ntdrivers-simplified,floppy_simpl3_true-unreach-call_true-termination.cil.c,TreeInterpolation.epf,AutomizerC.xml,ExpectedResult: SAFE UltimateResult: UNSAFE   a call of __VERIFIER_error() is reachable ,592019114.0,2370830336,15,0,-,-,-,-,1.0
,systemc,token_ring.11_false-unreach-call_false-termination.cil.c,ForwardPredicates.epf,AutomizerC.xml,ExpectedResult: UNSAFE UltimateResult: TIMEOUT   [ShortDescription: Timeout LongDescription: Unable to prove that call of __VERIFIER_error() unreachable (line 10)],59997134186.0,5726797824,11,0,6674,0,274668,77,0.6607046070460705
,recursive,McCarthy91_true-unreach-call.c,TreeInterpolation.epf,AutomizerC.xml,ExpectedResult: SAFE UltimateResult: SAFE   [ShortDescription: All specifications hold LongDescription: 1 specifications checked. All of them hold],72379552.0,2.59784704E+9,2,0,-,-,-,-,0.6666666666666666
,systemc,transmitter.11_false-unreach-call_false-termination.cil.c,ForwardPredicates.epf,AutomizerC.xml,ExpectedResult: UNSAFE UltimateResult: TIMEOUT   [ShortDescription: Timeout LongDescription: Unable to prove that call of __VERIFIER_error() unreachable (line 11)],59998591150.0,5826412544,11,0,3161,0,159466,77,1.0
,systemc,transmitter.06_false-unreach-call_false-termination.cil.c,TreeInterpolation.epf,AutomizerC.xml,ExpectedResult: UNSAFE UltimateResult: TIMEOUT   [ShortDescription: Timeout LongDescription: Unable to prove that call of __VERIFIER_error() unreachable (line 11)],60067993594.0,6201802752,12,0,-,-,-,-,0.9288256227758007
,ntdrivers-simplified,kbfiltr_simpl1_true-unreach-call_true-termination.cil.c,ForwardPredicates.epf,AutomizerC.xml,ExpectedResult: SAFE UltimateResult: SAFE   [ShortDescription: All specifications hold LongDescription: 2 specifications checked. All of them hold],323476369.0,2340421632,12,0,1064,0,3760,53,1.0
,systemc,token_ring.13_true-unreach-call_false-termination.cil.c,ForwardPredicates.epf,AutomizerC.xml,ExpectedResult: SAFE UltimateResult: TIMEOUT   [ShortDescription: Timeout LongDescription: Timout or Toolchain cancelled by user],60094309207.0,5741477888,-,-,-,-,-,-,-
,ssh-simplified,s3_srvr_2_true-unreach-call.cil.c,TreeInterpolation.epf,AutomizerC.xml,ExpectedResult: SAFE UltimateResult: SAFE   [ShortDescription: All specifications hold LongDescription: 2 specifications checked. All of them hold],1398479659.0,2955935744,31,0,-,-,-,-,0.9534671532846716
,recursive,recHanoi02_true-unreach-call_true-termination.c,ForwardPredicates.epf,AutomizerC.xml,ExpectedResult: SAFE UltimateResult: TIMEOUT   [ShortDescription: Timeout LongDescription: Unable to prove that call of __VERIFIER_error() unreachable (line 33)],60003334303.0,2834300928,82,0,41588,0,28454,6974,0.5
,recursive,Ackermann02_false-unreach-call_false-termination.c,ForwardPredicates.epf,AutomizerC.xml,ExpectedResult: UNSAFE UltimateResult: UNSAFE   a call of __VERIFIER_error() is reachable ,72678158.0,2515009536,4,0,107,0,108,13,0.8421052631578947
,ssh-simplified,s3_srvr_1a_true-unreach-call.cil.c,ForwardPredicates.epf,AutomizerC.xml,ExpectedResult: SAFE UltimateResult: SAFE   [ShortDescription: All specifications hold LongDescription: 2 specifications checked. All of them hold],176917651.0,2.9097984E+9,8,0,396,0,455,21,0.7609756097560976
,recursive,Fibonacci02_true-unreach-call_true-termination.c,ForwardPredicates.epf,AutomizerC.xml,ExpectedResult: SAFE UltimateResult: SAFE   [ShortDescription: All specifications hold LongDescription: 1 specifications checked. All of them hold],927932446.0,2359820288,22,0,7210,0,6535,422,0.8474842288117514
,ssh-simplified,s3_srvr_3_true-unreach-call.cil.c,ForwardPredicates.epf,AutomizerC.xml,ExpectedResult: SAFE UltimateResult: SAFE   [ShortDescription: All specifications hold LongDescription: 2 specifications checked. All of them hold],630844505.0,2955935744,17,0,6413,0,5445,43,0.9743406418811567
,ssh-simplified,s3_srvr_2_true-unreach-call.cil.c,ForwardPredicates.epf,AutomizerC.xml,ExpectedResult: SAFE UltimateResult: SAFE   [ShortDescription: All specifications hold LongDescription: 2 specifications checked. All of them hold],714000900.0,2.9097984E+9,18,0,7360,0,6310,48,0.985389504029352
,systemc,transmitter.12_false-unreach-call_false-termination.cil.c,ForwardPredicates.epf,AutomizerC.xml,ExpectedResult: UNSAFE UltimateResult: TIMEOUT   [ShortDescription: Timeout LongDescription: Timout or Toolchain cancelled by user],60180286314.0,5726797824,-,-,-,-,-,-,-
,recursive,gcd02_true-unreach-call.c,TreeInterpolation.epf,AutomizerC.xml,ExpectedResult: SAFE UltimateResult: TIMEOUT   [ShortDescription: Timeout LongDescription: Unable to prove that call of __VERIFIER_error() unreachable (line 52) ShortDescription: Timeout LongDescription: Unable to prove that call of __VERIFIER_error() unreachable (line 18)],60351233555.0,2.75513344E+9,74,0,-,-,-,-,0.23773498395231546
,ntdrivers-simplified,floppy_simpl4_false-unreach-call_true-termination.cil.c,TreeInterpolation.epf,AutomizerC.xml,ExpectedResult: UNSAFE UltimateResult: UNSAFE   a call of __VERIFIER_error() is reachable ,1321424397.0,2371878912,25,0,-,-,-,-,1.0
,systemc,token_ring.08_true-unreach-call_false-termination.cil.c,TreeInterpolation.epf,AutomizerC.xml,ExpectedResult: SAFE UltimateResult: TIMEOUT   [ShortDescription: Timeout LongDescription: Unable to prove that call of __VERIFIER_error() unreachable (line 10)],63542970682.0,5726797824,11,0,-,-,-,-,0.9473684210526315
,systemc,token_ring.04_true-unreach-call_false-termination.cil.c,ForwardPredicates.epf,AutomizerC.xml,ExpectedResult: SAFE UltimateResult: TIMEOUT   [ShortDescription: Timeout LongDescription: Unable to prove that call of __VERIFIER_error() unreachable (line 10)],59999095095.0,4436000768,18,0,5197,0,18610,126,0.9712516585581601
,ntdrivers-simplified,kbfiltr_simpl2_false-unreach-call_true-termination.cil.c,TreeInterpolation.epf,AutomizerC.xml,ExpectedResult: UNSAFE UltimateResult: UNSAFE   a call of __VERIFIER_error() is reachable ,458903123.0,2340421632,14,0,-,-,-,-,1.0
,systemc,transmitter.08_false-unreach-call_false-termination.cil.c,TreeInterpolation.epf,AutomizerC.xml,ExpectedResult: UNSAFE UltimateResult: TIMEOUT   [ShortDescription: Timeout LongDescription: Unable to prove that call of __VERIFIER_error() unreachable (line 11)],59997444740.0,5726797824,12,0,-,-,-,-,0.9651612903225807
,ntdrivers-simplified,floppy_simpl4_true-unreach-call_true-termination.cil.c,ForwardPredicates.epf,AutomizerC.xml,ExpectedResult: SAFE UltimateResult: UNSAFE   a call of __VERIFIER_error() is reachable ,1073807164.0,2371878912,24,0,2199,0,8296,102,1.0
,recursive,Ackermann01_true-unreach-call.c,ForwardPredicates.epf,AutomizerC.xml,ExpectedResult: SAFE UltimateResult: TIMEOUT   [ShortDescription: Timeout LongDescription: Unable to prove that call of __VERIFIER_error() unreachable (line 38)],60020185659.0,2518679552,30,0,6394,0,5422,631,0.9022352108495628
,ssh-simplified,s3_clnt_3.cil_true-unreach-call_true-termination.c,TreeInterpolation.epf,AutomizerC.xml,ExpectedResult: SAFE UltimateResult: SAFE   [ShortDescription: All specifications hold LongDescription: 1 specifications checked. All of them hold],1074511120.0,2725249024,24,0,-,-,-,-,0.9440186148371201
,locks,test_locks_5_true-unreach-call_false-termination.c,ForwardPredicates.epf,AutomizerC.xml,ExpectedResult: SAFE UltimateResult: SAFE   [ShortDescription: All specifications hold LongDescription: 1 specifications checked. All of them hold],101264589.0,675807232,5,0,160,0,220,15,1.0
,ntdrivers-simplified,kbfiltr_simpl2_true-unreach-call_true-termination.cil.c,ForwardPredicates.epf,AutomizerC.xml,ExpectedResult: SAFE UltimateResult: EXCEPTION_OR_ERROR   [ShortDescription: SMTLIBException LongDescription: de.uni_freiburg.informatik.ultimate.logic.SMTLIBException: Cannot create quantifier in quantifier-free logic],380393426.0,2340421632,-,-,-,-,-,-,-
,recursive,MultCommutative_true-unreach-call_true-termination.c,TreeInterpolation.epf,AutomizerC.xml,ExpectedResult: SAFE UltimateResult: TIMEOUT   [ShortDescription: Timeout LongDescription: Unable to prove that call of __VERIFIER_error() unreachable (line 37)],60015598010.0,2.72891904E+9,79,0,-,-,-,-,0.48268922269213943
,ntdrivers-simplified,kbfiltr_simpl1_true-unreach-call_true-termination.cil.c,TreeInterpolation.epf,AutomizerC.xml,ExpectedResult: SAFE UltimateResult: SAFE   [ShortDescription: All specifications hold LongDescription: 2 specifications checked. All of them hold],319235332.0,2340421632,12,0,-,-,-,-,1.0
,systemc,token_ring.09_true-unreach-call_false-termination.cil.c,TreeInterpolation.epf,AutomizerC.xml,ExpectedResult: SAFE UltimateResult: TIMEOUT   [ShortDescription: Timeout LongDescription: Unable to prove that call of __VERIFIER_error() unreachable (line 10)],68803972218.0,5726797824,10,0,-,-,-,-,0.8954773869346734
,recursive,Addition02_false-unreach-call_false-termination.c,TreeInterpolation.epf,AutomizerC.xml,ExpectedResult: UNSAFE UltimateResult: UNSAFE   a call of __VERIFIER_error() is reachable ,47899786.0,2563244032,3,0,-,-,-,-,1.0
,systemc,token_ring.02_false-unreach-call_false-termination.cil.c,ForwardPredicates.epf,AutomizerC.xml,ExpectedResult: UNSAFE UltimateResult: UNSAFE   a call of __VERIFIER_error() is reachable ,2650513220.0,4061134848,20,0,5657,0,13085,198,0.9348409352242238
,recursive,Ackermann04_true-unreach-call.c,TreeInterpolation.epf,AutomizerC.xml,ExpectedResult: SAFE UltimateResult: SAFE   [ShortDescription: All specifications hold LongDescription: 1 specifications checked. All of them hold],1499960432.0,2459959296,13,0,-,-,-,-,0.7939411260360103
,systemc,transmitter.04_false-unreach-call_false-termination.cil.c,ForwardPredicates.epf,AutomizerC.xml,ExpectedResult: UNSAFE UltimateResult: TIMEOUT   [ShortDescription: Timeout LongDescription: Unable to prove that call of __VERIFIER_error() unreachable (line 11)],60000598700.0,5846859776,14,0,3188,0,10378,70,0.8836206896551724
,ssh-simplified,s3_clnt_1_false-unreach-call.cil.c,ForwardPredicates.epf,AutomizerC.xml,ExpectedResult: UNSAFE UltimateResult: UNSAFE   a call of __VERIFIER_error() is reachable ,206603431.0,2695888896,8,0,711,0,879,19,0.7888198757763976
,recursive,Primes_true-unreach-call.c,ForwardPredicates.epf,AutomizerC.xml,ExpectedResult: SAFE UltimateResult: TIMEOUT   [ShortDescription: Timeout LongDescription: Unable to prove that call of __VERIFIER_error() unreachable (line 90)],60014322524.0,2746220544,70,0,62180,0,21078,5956,0.6112637362637363
,ssh-simplified,s3_srvr_7_true-unreach-call.cil.c,TreeInterpolation.epf,AutomizerC.xml,ExpectedResult: SAFE UltimateResult: SAFE   [ShortDescription: All specifications hold LongDescription: 2 specifications checked. All of them hold],2204845796.0,2.86785536E+9,39,0,-,-,-,-,0.8785862488373757
,ntdrivers-simplified,cdaudio_simpl1_true-unreach-call_true-termination.cil.c,TreeInterpolation.epf,AutomizerC.xml,ExpectedResult: SAFE UltimateResult: UNSAFE   a call of __VERIFIER_error() is reachable ,3396672143,2.3724032E+9,53,0,-,-,-,-,1.0
,systemc,token_ring.02_true-unreach-call_false-termination.cil.c,TreeInterpolation.epf,AutomizerC.xml,ExpectedResult: SAFE UltimateResult: SAFE   [ShortDescription: All specifications hold LongDescription: 1 specifications checked. All of them hold],9523307755.0,4.194304E+9,21,0,-,-,-,-,0.937460716530484
,ntdrivers-simplified,kbfiltr_simpl2_true-unreach-call_true-termination.cil.c,TreeInterpolation.epf,AutomizerC.xml,ExpectedResult: SAFE UltimateResult: SAFE   [ShortDescription: All specifications hold LongDescription: 2 specifications checked. All of them hold],330762340.0,2340421632,13,0,-,-,-,-,1.0
,ssh-simplified,s3_srvr_12_false-unreach-call.cil.c,ForwardPredicates.epf,AutomizerC.xml,ExpectedResult: UNSAFE UltimateResult: UNSAFE   a call of __VERIFIER_error() is reachable ,720837735.0,2813853696,31,0,3344,0,3881,84,0.9938587512794268
,recursive,Fibonacci05_false-unreach-call_true-termination.c,ForwardPredicates.epf,AutomizerC.xml,ExpectedResult: UNSAFE UltimateResult: UNSAFE   a call of __VERIFIER_error() is reachable ,711529489.0,2619867136,21,0,4967,0,4657,196,0.9023991124670642
,systemc,mem_slave_tlm.1_true-unreach-call_false-termination.cil.c,ForwardPredicates.epf,AutomizerC.xml,ExpectedResult: SAFE UltimateResult: SAFE   [ShortDescription: All specifications hold LongDescription: 1 specifications checked. All of them hold],10471197560.0,2845835264,27,0,9310,0,22803,183,0.8537477148080439
,recursive,gcd01_true-unreach-call_true-termination.c,TreeInterpolation.epf,AutomizerC.xml,ExpectedResult: SAFE UltimateResult: SAFE   [ShortDescription: All specifications hold LongDescription: 1 specifications checked. All of them hold],170726589.0,2750414848,9,0,-,-,-,-,1.0
,systemc,pc_sfifo_2_false-unreach-call_false-termination.cil.c,TreeInterpolation.epf,AutomizerC.xml,ExpectedResult: UNSAFE UltimateResult: UNSAFE   a call of __VERIFIER_error() is reachable ,93074698.0,4240965632,2,0,-,-,-,-,1.0
,systemc,token_ring.14_false-unreach-call_false-termination.cil.c,TreeInterpolation.epf,AutomizerC.xml,ExpectedResult: UNSAFE UltimateResult: TIMEOUT   [ShortDescription: Timeout LongDescription: Unable to prove that call of __VERIFIER_error() unreachable (line 10)],60334078693.0,5726797824,11,0,-,-,-,-,0.964735516372796
,locks,test_locks_13_true-unreach-call.c,ForwardPredicates.epf,AutomizerC.xml,ExpectedResult: SAFE UltimateResult: SAFE   [ShortDescription: All specifications hold LongDescription: 1 specifications checked. All of them hold],332578696.0,675807232,13,0,780,0,1144,39,1.0
,systemc,token_ring.15_false-unreach-call_false-termination.cil.c,TreeInterpolation.epf,AutomizerC.xml,ExpectedResult: UNSAFE UltimateResult: TIMEOUT   [ShortDescription: Timeout LongDescription: Unable to prove that call of __VERIFIER_error() unreachable (line 10)],60364735577.0,5726797824,10,0,-,-,-,-,0.9530791788856305
,recursive,Fibonacci01_true-unreach-call.c,TreeInterpolation.epf,AutomizerC.xml,ExpectedResult: SAFE UltimateResult: SAFE   [ShortDescription: All specifications hold LongDescription: 1 specifications checked. All of them hold],267121505.0,2265972736,8,0,-,-,-,-,0.5758241758241758
,systemc,kundu_true-unreach-call_false-termination.cil.c,TreeInterpolation.epf,AutomizerC.xml,ExpectedResult: SAFE UltimateResult: TIMEOUT   [ShortDescription: Timeout LongDescription: Unable to prove that call of __VERIFIER_error() unreachable (line 9)],59998625651.0,3642753024,21,0,-,-,-,-,0.9415481832543444
,recursive,recHanoi01_true-unreach-call_true-termination.c,ForwardPredicates.epf,AutomizerC.xml,ExpectedResult: SAFE UltimateResult: TIMEOUT   [ShortDescription: Timeout LongDescription: Unable to prove that call of __VERIFIER_error() unreachable (line 51)],60014970983.0,2.75513344E+9,89,0,139603,0,245437,7696,0.9643249497704492
,recursive,Primes_true-unreach-call.c,TreeInterpolation.epf,AutomizerC.xml,ExpectedResult: SAFE UltimateResult: TIMEOUT   [ShortDescription: Timeout LongDescription: Unable to prove that call of __VERIFIER_error() unreachable (line 90)],60743684482.0,2750414848,60,0,-,-,-,-,0.6107605599289369
,recursive,Fibonacci04_false-unreach-call_true-termination.c,TreeInterpolation.epf,AutomizerC.xml,ExpectedResult: UNSAFE UltimateResult: UNSAFE   a call of __VERIFIER_error() is reachable ,434842701.0,2619867136,12,0,-,-,-,-,0.7280795172168975
,ssh-simplified,s3_clnt_1_true-unreach-call.cil.c,TreeInterpolation.epf,AutomizerC.xml,ExpectedResult: SAFE UltimateResult: SAFE   [ShortDescription: All specifications hold LongDescription: 2 specifications checked. All of them hold],1445868583.0,2703753216,24,0,-,-,-,-,0.936505587212314
,systemc,token_ring.07_true-unreach-call_false-termination.cil.c,ForwardPredicates.epf,AutomizerC.xml,ExpectedResult: SAFE UltimateResult: TIMEOUT   [ShortDescription: Timeout LongDescription: Unable to prove that call of __VERIFIER_error() unreachable (line 10)],59999044936.0,5803343872,12,0,4485,0,32768,73,0.8369070825211176
,ssh-simplified,s3_clnt_2_true-unreach-call_true-termination.cil.c,TreeInterpolation.epf,AutomizerC.xml,ExpectedResult: SAFE UltimateResult: SAFE   [ShortDescription: All specifications hold LongDescription: 2 specifications checked. All of them hold],1108063430.0,2701656064,28,0,-,-,-,-,0.9460536805740101
,systemc,transmitter.12_false-unreach-call_false-termination.cil.c,TreeInterpolation.epf,AutomizerC.xml,ExpectedResult: UNSAFE UltimateResult: TIMEOUT   [ShortDescription: Timeout LongDescription: Unable to prove that call of __VERIFIER_error() unreachable (line 11)],60000948350.0,5.60463872E+9,10,0,-,-,-,-,1.0
,systemc,token_ring.15_false-unreach-call_false-termination.cil.c,ForwardPredicates.epf,AutomizerC.xml,ExpectedResult: UNSAFE UltimateResult: TIMEOUT   [ShortDescription: Timeout LongDescription: Timout or Toolchain cancelled by user],59999326388.0,5726797824,-,-,-,-,-,-,-
,systemc,token_ring.10_true-unreach-call_false-termination.cil.c,TreeInterpolation.epf,AutomizerC.xml,ExpectedResult: SAFE UltimateResult: TIMEOUT   [ShortDescription: Timeout LongDescription: Unable to prove that call of __VERIFIER_error() unreachable (line 10)],61024448983.0,5726797824,11,0,-,-,-,-,0.9705014749262537
,ssh-simplified,s3_clnt_3_false-unreach-call.cil.c,TreeInterpolation.epf,AutomizerC.xml,ExpectedResult: UNSAFE UltimateResult: UNSAFE   a call of __VERIFIER_error() is reachable ,403213867.0,2725249024,17,0,-,-,-,-,0.9032967032967033
,systemc,pc_sfifo_1_true-unreach-call_false-termination.cil.c,TreeInterpolation.epf,AutomizerC.xml,ExpectedResult: SAFE UltimateResult: SAFE   [ShortDescription: All specifications hold LongDescription: 1 specifications checked. All of them hold],2774824997.0,4240965632,14,0,-,-,-,-,0.8285198555956679
,ntdrivers-simplified,diskperf_simpl1_true-unreach-call_true-termination.cil.c,TreeInterpolation.epf,AutomizerC.xml,ExpectedResult: SAFE UltimateResult: UNSAFE   a call of __VERIFIER_error() is reachable ,1505516830.0,2.3724032E+9,27,0,-,-,-,-,1.0
,recursive,EvenOdd03_false-unreach-call_false-termination.c,ForwardPredicates.epf,AutomizerC.xml,ExpectedResult: UNSAFE UltimateResult: UNSAFE   a call of __VERIFIER_error() is reachable ,15417333.0,2649751552,1,0,0,0,0,0,1.0
,ssh-simplified,s3_srvr_7_true-unreach-call.cil.c,ForwardPredicates.epf,AutomizerC.xml,ExpectedResult: SAFE UltimateResult: SAFE   [ShortDescription: All specifications hold LongDescription: 2 specifications checked. All of them hold],1250599805.0,2.86785536E+9,21,0,7860,0,6277,64,0.8904609361096281
,ssh-simplified,s3_clnt_3.cil_true-unreach-call_true-termination.c,ForwardPredicates.epf,AutomizerC.xml,ExpectedResult: SAFE UltimateResult: SAFE   [ShortDescription: All specifications hold LongDescription: 1 specifications checked. All of them hold],892785938.0,2701656064,17,0,7117,0,5822,54,0.9807436918990704
,recursive,gcd02_true-unreach-call.c,ForwardPredicates.epf,AutomizerC.xml,ExpectedResult: SAFE UltimateResult: EXCEPTION_OR_ERROR   [ShortDescription: SMTLIBException LongDescription: de.uni_freiburg.informatik.ultimate.logic.SMTLIBException: Cannot create quantifier in quantifier-free logic],440946769.0,2750414848,-,-,-,-,-,-,-
,systemc,transmitter.05_false-unreach-call_false-termination.cil.c,ForwardPredicates.epf,AutomizerC.xml,ExpectedResult: UNSAFE UltimateResult: TIMEOUT   [ShortDescription: Timeout LongDescription: Unable to prove that call of __VERIFIER_error() unreachable (line 11)],59997465110.0,6132072448,13,0,2347,0,11674,59,1.0
,systemc,token_ring.05_false-unreach-call_false-termination.cil.c,TreeInterpolation.epf,AutomizerC.xml,ExpectedResult: UNSAFE UltimateResult: TIMEOUT   [ShortDescription: Timeout LongDescription: Unable to prove that call of __VERIFIER_error() unreachable (line 10)],60977909522.0,5823266816,14,0,-,-,-,-,0.9279148524431543
,ssh-simplified,s3_clnt_4_false-unreach-call.cil.c,TreeInterpolation.epf,AutomizerC.xml,ExpectedResult: UNSAFE UltimateResult: UNSAFE   a call of __VERIFIER_error() is reachable ,482031836.0,2759852032,17,0,-,-,-,-,0.9032967032967033
,ssh-simplified,s3_srvr_1_false-unreach-call.cil.c,ForwardPredicates.epf,AutomizerC.xml,ExpectedResult: UNSAFE UltimateResult: UNSAFE   a call of __VERIFIER_error() is reachable ,157678850.0,2834825216,6,0,571,0,618,10,1.0
,ssh-simplified,s3_srvr_8_true-unreach-call.cil.c,ForwardPredicates.epf,AutomizerC.xml,ExpectedResult: SAFE UltimateResult: SAFE   [ShortDescription: All specifications hold LongDescription: 2 specifications checked. All of them hold],642202620.0,2780823552,17,0,6060,0,5179,44,0.9537369914853359
,ntdrivers-simplified,cdaudio_simpl1_false-unreach-call_true-termination.cil.c,ForwardPredicates.epf,AutomizerC.xml,ExpectedResult: UNSAFE UltimateResult: UNSAFE   a call of __VERIFIER_error() is reachable ,8678397478,1.86908672E+9,67,0,8332,0,25921,550,1.0
,ssh-simplified,s3_srvr_2_false-unreach-call.cil.c,ForwardPredicates.epf,AutomizerC.xml,ExpectedResult: UNSAFE UltimateResult: UNSAFE   a call of __VERIFIER_error() is reachable ,154266388.0,2.9097984E+9,6,0,565,0,651,10,1.0
,locks,test_locks_14_true-unreach-call.c,ForwardPredicates.epf,AutomizerC.xml,ExpectedResult: SAFE UltimateResult: SAFE   [ShortDescription: All specifications hold LongDescription: 1 specifications checked. All of them hold],377780304.0,675807232,14,0,889,0,1309,42,1.0
,systemc,token_ring.01_false-unreach-call_false-termination.cil.c,ForwardPredicates.epf,AutomizerC.xml,ExpectedResult: UNSAFE UltimateResult: UNSAFE   a call of __VERIFIER_error() is reachable ,383703439.0,3.9714816E+9,8,0,1306,0,2977,41,0.9625
,systemc,kundu1_false-unreach-call_false-termination.cil.c,TreeInterpolation.epf,AutomizerC.xml,ExpectedResult: UNSAFE UltimateResult: UNSAFE   a call of __VERIFIER_error() is reachable ,10312188403.0,2990538752,22,0,-,-,-,-,0.9049295774647887
,systemc,token_ring.07_false-unreach-call_false-termination.cil.c,ForwardPredicates.epf,AutomizerC.xml,ExpectedResult: UNSAFE UltimateResult: TIMEOUT   [ShortDescription: Timeout LongDescription: Unable to prove that call of __VERIFIER_error() unreachable (line 10)],59997665133.0,5866258432,12,0,3860,0,27780,73,0.8411819021237303
,ssh-simplified,s3_srvr_1a_true-unreach-call.cil.c,TreeInterpolation.epf,AutomizerC.xml,ExpectedResult: SAFE UltimateResult: SAFE   [ShortDescription: All specifications hold LongDescription: 2 specifications checked. All of them hold],86035001.0,2.9097984E+9,8,0,-,-,-,-,0.7983539094650206
,systemc,mem_slave_tlm.5_true-unreach-call_false-termination.cil.c,TreeInterpolation.epf,AutomizerC.xml,ExpectedResult: SAFE UltimateResult: TIMEOUT   [ShortDescription: Timeout LongDescription: Unable to prove that call of __VERIFIER_error() unreachable (line 10)],60008420805.0,3973054464,23,0,-,-,-,-,0.5945945945945946
,ssh-simplified,s3_srvr_12_false-unreach-call.cil.c,TreeInterpolation.epf,AutomizerC.xml,ExpectedResult: UNSAFE UltimateResult: UNSAFE   a call of __VERIFIER_error() is reachable ,866039594.0,2813853696,35,0,-,-,-,-,1.0
,systemc,token_ring.01_false-unreach-call_false-termination.cil.c,TreeInterpolation.epf,AutomizerC.xml,ExpectedResult: UNSAFE UltimateResult: UNSAFE   a call of __VERIFIER_error() is reachable ,2602578161.0,4060086272,8,0,-,-,-,-,0.9047619047619048
,ntdrivers-simplified,floppy_simpl3_false-unreach-call_true-termination.cil.c,ForwardPredicates.epf,AutomizerC.xml,ExpectedResult: UNSAFE UltimateResult: UNSAFE   a call of __VERIFIER_error() is reachable ,562003775.0,2370830336,13,0,1093,0,3853,52,1.0
,locks,test_locks_15_true-unreach-call_false-termination.c,ForwardPredicates.epf,AutomizerC.xml,ExpectedResult: SAFE UltimateResult: SAFE   [ShortDescription: All specifications hold LongDescription: 1 specifications checked. All of them hold],377140724.0,675807232,15,0,1005,0,1485,45,1.0
,systemc,token_ring.03_false-unreach-call_false-termination.cil.c,TreeInterpolation.epf,AutomizerC.xml,ExpectedResult: UNSAFE UltimateResult: UNSAFE   a call of __VERIFIER_error() is reachable ,12941398852.0,4.39877632E+9,25,0,-,-,-,-,0.9224103977944073
,systemc,transmitter.11_false-unreach-call_false-termination.cil.c,TreeInterpolation.epf,AutomizerC.xml,ExpectedResult: UNSAFE UltimateResult: TIMEOUT   [ShortDescription: Timeout LongDescription: Unable to prove that call of __VERIFIER_error() unreachable (line 11)],59998091643.0,5826412544,10,0,-,-,-,-,0.9875222816399287
,locks,test_locks_15_false-unreach-call.c,TreeInterpolation.epf,AutomizerC.xml,ExpectedResult: UNSAFE UltimateResult: UNSAFE   a call of __VERIFIER_error() is reachable ,109930487.0,675807232,1,0,-,-,-,-,1.0
,locks,test_locks_5_true-unreach-call_false-termination.c,TreeInterpolation.epf,AutomizerC.xml,ExpectedResult: SAFE UltimateResult: SAFE   [ShortDescription: All specifications hold LongDescription: 1 specifications checked. All of them hold],64603694.0,675807232,5,0,-,-,-,-,1.0
,systemc,pipeline_true-unreach-call_false-termination.cil.c,TreeInterpolation.epf,AutomizerC.xml,ExpectedResult: SAFE UltimateResult: TIMEOUT   [ShortDescription: Timeout LongDescription: Unable to prove that call of __VERIFIER_error() unreachable (line 9)],66855846933.0,3.9714816E+9,18,0,-,-,-,-,0.7874275171323142
,recursive,EvenOdd01_true-unreach-call_true-termination.c,TreeInterpolation.epf,AutomizerC.xml,ExpectedResult: SAFE UltimateResult: TIMEOUT   [ShortDescription: Timeout LongDescription: Unable to prove that call of __VERIFIER_error() unreachable (line 47)],60003453100.0,2650800128,51,0,-,-,-,-,0.5727414939382088
,ssh-simplified,s3_srvr_2_false-unreach-call.cil.c,TreeInterpolation.epf,AutomizerC.xml,ExpectedResult: UNSAFE UltimateResult: UNSAFE   a call of __VERIFIER_error() is reachable ,435718554.0,2.9097984E+9,17,0,-,-,-,-,1.0
,systemc,token_ring.05_true-unreach-call_false-termination.cil.c,ForwardPredicates.epf,AutomizerC.xml,ExpectedResult: SAFE UltimateResult: TIMEOUT   [ShortDescription: Timeout LongDescription: Unable to prove that call of __VERIFIER_error() unreachable (line 10)],60035669283.0,5726797824,12,0,4413,0,15974,67,0.7988861386138614
,systemc,token_ring.06_true-unreach-call_false-termination.cil.c,ForwardPredicates.epf,AutomizerC.xml,ExpectedResult: SAFE UltimateResult: TIMEOUT   [ShortDescription: Timeout LongDescription: Unable to prove that call of __VERIFIER_error() unreachable (line 10)],60003240248.0,5967446016,12,0,4089,0,20266,72,0.8254931714719271
,systemc,transmitter.16_false-unreach-call_false-termination.cil.c,ForwardPredicates.epf,AutomizerC.xml,ExpectedResult: UNSAFE UltimateResult: TIMEOUT   [ShortDescription: Timeout LongDescription: Timout or Toolchain cancelled by user],59997671592.0,6.17086976E+9,-,-,-,-,-,-,-
,locks,test_locks_13_true-unreach-call.c,TreeInterpolation.epf,AutomizerC.xml,ExpectedResult: SAFE UltimateResult: SAFE   [ShortDescription: All specifications hold LongDescription: 1 specifications checked. All of them hold],239396596.0,675807232,13,0,-,-,-,-,1.0
,systemc,mem_slave_tlm.3_true-unreach-call_false-termination.cil.c,TreeInterpolation.epf,AutomizerC.xml,ExpectedResult: SAFE UltimateResult: TIMEOUT   [ShortDescription: Timeout LongDescription: Unable to prove that call of __VERIFIER_error() unreachable (line 10)],60120767491.0,3.95051008E+9,23,0,-,-,-,-,0.5945945945945946
,systemc,token_ring.11_false-unreach-call_false-termination.cil.c,TreeInterpolation.epf,AutomizerC.xml,ExpectedResult: UNSAFE UltimateResult: TIMEOUT   [ShortDescription: Timeout LongDescription: Unable to prove that call of __VERIFIER_error() unreachable (line 10)],59997530170.0,5781323776,10,0,-,-,-,-,0.9538968166849616
,locks,test_locks_15_false-unreach-call.c,ForwardPredicates.epf,AutomizerC.xml,ExpectedResult: UNSAFE UltimateResult: UNSAFE   a call of __VERIFIER_error() is reachable ,126655753.0,675807232,1,0,0,0,0,0,1.0
,systemc,token_ring.06_false-unreach-call_false-termination.cil.c,ForwardPredicates.epf,AutomizerC.xml,ExpectedResult: UNSAFE UltimateResult: TIMEOUT   [ShortDescription: Timeout LongDescription: Unable to prove that call of __VERIFIER_error() unreachable (line 10)],59997771009.0,5.67017472E+9,17,0,5544,0,33073,117,0.9666103127641589
,systemc,transmitter.13_false-unreach-call_false-termination.cil.c,ForwardPredicates.epf,AutomizerC.xml,ExpectedResult: UNSAFE UltimateResult: TIMEOUT   [ShortDescription: Timeout LongDescription: Timout or Toolchain cancelled by user],60003633183.0,6025641984,-,-,-,-,-,-,-
,systemc,mem_slave_tlm.2_true-unreach-call_false-termination.cil.c,ForwardPredicates.epf,AutomizerC.xml,ExpectedResult: SAFE UltimateResult: SAFE   [ShortDescription: All specifications hold LongDescription: 1 specifications checked. All of them hold],21707565374.0,3861905408,33,0,18546,0,33402,309,0.7163825757575758
,systemc,token_ring.14_false-unreach-call_false-termination.cil.c,ForwardPredicates.epf,AutomizerC.xml,ExpectedResult: UNSAFE UltimateResult: TIMEOUT   [ShortDescription: Timeout LongDescription: Timout or Toolchain cancelled by user],60215197953.0,5535432704,-,-,-,-,-,-,-
,recursive,BallRajamani-SPIN2000-Fig1_false-unreach-call.c,ForwardPredicates.epf,AutomizerC.xml,ExpectedResult: UNSAFE UltimateResult: UNSAFE   a call of __VERIFIER_error() is reachable ,36901978.0,2634022912,2,0,32,0,36,4,0.25
,recursive,Fibonacci01_true-unreach-call.c,ForwardPredicates.epf,AutomizerC.xml,ExpectedResult: SAFE UltimateResult: TIMEOUT   [ShortDescription: Timeout LongDescription: Unable to prove that call of __VERIFIER_error() unreachable (line 34)],60393149678.0,2649751552,37,0,222306,0,205470,17487,0.8894380074884991
,systemc,kundu_true-unreach-call_false-termination.cil.c,ForwardPredicates.epf,AutomizerC.xml,ExpectedResult: SAFE UltimateResult: TIMEOUT   [ShortDescription: Timeout LongDescription: Unable to prove that call of __VERIFIER_error() unreachable (line 9)],60188452953.0,3642753024,18,0,3863,0,7358,145,0.7346153846153847
,ssh-simplified,s3_srvr_4_true-unreach-call.cil.c,ForwardPredicates.epf,AutomizerC.xml,ExpectedResult: SAFE UltimateResult: SAFE   [ShortDescription: All specifications hold LongDescription: 2 specifications checked. All of them hold],676359477.0,2.93339136E+9,17,0,6413,0,5425,46,0.9115604395604395
,ntdrivers-simplified,floppy_simpl4_true-unreach-call_true-termination.cil.c,TreeInterpolation.epf,AutomizerC.xml,ExpectedResult: SAFE UltimateResult: UNSAFE   a call of __VERIFIER_error() is reachable ,1373224492.0,2371878912,28,0,-,-,-,-,1.0
,ssh-simplified,s3_clnt_2_true-unreach-call_true-termination.cil.c,ForwardPredicates.epf,AutomizerC.xml,ExpectedResult: SAFE UltimateResult: SAFE   [ShortDescription: All specifications hold LongDescription: 2 specifications checked. All of them hold],961760004.0,2703753216,18,0,7278,0,7874,57,0.9794443339301108
,systemc,transmitter.13_false-unreach-call_false-termination.cil.c,TreeInterpolation.epf,AutomizerC.xml,ExpectedResult: UNSAFE UltimateResult: TIMEOUT   [ShortDescription: Timeout LongDescription: Unable to prove that call of __VERIFIER_error() unreachable (line 11)],60096146579.0,6058672128,10,0,-,-,-,-,1.0
,locks,test_locks_10_true-unreach-call.c,TreeInterpolation.epf,AutomizerC.xml,ExpectedResult: SAFE UltimateResult: SAFE   [ShortDescription: All specifications hold LongDescription: 1 specifications checked. All of them hold],696984362.0,477626368,10,0,-,-,-,-,1.0
,ssh-simplified,s3_srvr_14_false-unreach-call.cil.c,TreeInterpolation.epf,AutomizerC.xml,ExpectedResult: UNSAFE UltimateResult: UNSAFE   a call of __VERIFIER_error() is reachable ,379286397.0,2834825216,18,0,-,-,-,-,0.9024390243902439
,systemc,mem_slave_tlm.2_true-unreach-call_false-termination.cil.c,TreeInterpolation.epf,AutomizerC.xml,ExpectedResult: SAFE UltimateResult: TIMEOUT   [ShortDescription: Timeout LongDescription: Unable to prove that call of __VERIFIER_error() unreachable (line 10)],60161415499.0,3861905408,23,0,-,-,-,-,0.5945945945945946
,systemc,pc_sfifo_2_true-unreach-call_false-termination.cil.c,ForwardPredicates.epf,AutomizerC.xml,ExpectedResult: SAFE UltimateResult: SAFE   [ShortDescription: All specifications hold LongDescription: 1 specifications checked. All of them hold],2587585980.0,4242014208,24,0,9277,0,12907,295,0.7355057130765975
,ssh-simplified,s3_srvr_1_true-unreach-call.cil.c,TreeInterpolation.epf,AutomizerC.xml,ExpectedResult: SAFE UltimateResult: SAFE   [ShortDescription: All specifications hold LongDescription: 2 specifications checked. All of them hold],1088043016.0,2884632576,28,0,-,-,-,-,0.9507963946166194
,locks,test_locks_14_false-unreach-call.c,TreeInterpolation.epf,AutomizerC.xml,ExpectedResult: UNSAFE UltimateResult: UNSAFE   a call of __VERIFIER_error() is reachable ,121506177.0,675807232,2,0,-,-,-,-,1.0
,ssh-simplified,s3_srvr_13_false-unreach-call.cil.c,ForwardPredicates.epf,AutomizerC.xml,ExpectedResult: UNSAFE UltimateResult: UNSAFE   a call of __VERIFIER_error() is reachable ,610480403.0,2834825216,25,0,1978,0,2489,68,0.9888268156424581
,ssh-simplified,s3_srvr_1b_true-unreach-call_false-termination.cil.c,ForwardPredicates.epf,AutomizerC.xml,ExpectedResult: SAFE UltimateResult: SAFE   [ShortDescription: All specifications hold LongDescription: 2 specifications checked. All of them hold],42205398.0,2.9097984E+9,6,0,162,0,223,14,0.825
,ntdrivers-simplified,floppy_simpl3_true-unreach-call_true-termination.cil.c,ForwardPredicates.epf,AutomizerC.xml,ExpectedResult: SAFE UltimateResult: UNSAFE   a call of __VERIFIER_error() is reachable ,542388188.0,2370830336,13,0,1093,0,3853,52,1.0
,locks,test_locks_12_true-unreach-call_false-termination.c,TreeInterpolation.epf,AutomizerC.xml,ExpectedResult: SAFE UltimateResult: SAFE   [ShortDescription: All specifications hold LongDescription: 1 specifications checked. All of them hold],314955769.0,477626368,12,0,-,-,-,-,1.0
,ssh-simplified,s3_clnt_1_false-unreach-call.cil.c,TreeInterpolation.epf,AutomizerC.xml,ExpectedResult: UNSAFE UltimateResult: UNSAFE   a call of __VERIFIER_error() is reachable ,302991219.0,2695888896,14,0,-,-,-,-,0.8627145085803433
,ssh-simplified,s3_clnt_1_true-unreach-call.cil.c,ForwardPredicates.epf,AutomizerC.xml,ExpectedResult: SAFE UltimateResult: SAFE   [ShortDescription: All specifications hold LongDescription: 2 specifications checked. All of them hold],932264491.0,2695888896,18,0,6761,0,6898,60,0.9035164835164835
,systemc,token_ring.02_false-unreach-call_false-termination.cil.c,TreeInterpolation.epf,AutomizerC.xml,ExpectedResult: UNSAFE UltimateResult: UNSAFE   a call of __VERIFIER_error() is reachable ,2856255592.0,4064804864,16,0,-,-,-,-,0.9287343215507412
,systemc,pc_sfifo_2_true-unreach-call_false-termination.cil.c,TreeInterpolation.epf,AutomizerC.xml,ExpectedResult: SAFE UltimateResult: SAFE   [ShortDescription: All specifications hold LongDescription: 1 specifications checked. All of them hold],16461442421.0,4242538496,18,0,-,-,-,-,0.7693430656934307
,locks,test_locks_8_true-unreach-call_false-termination.c,TreeInterpolation.epf,AutomizerC.xml,ExpectedResult: SAFE UltimateResult: SAFE   [ShortDescription: All specifications hold LongDescription: 1 specifications checked. All of them hold],138219336.0,1075314688,8,0,-,-,-,-,1.0
,systemc,kundu2_false-unreach-call_false-termination.cil.c,TreeInterpolation.epf,AutomizerC.xml,ExpectedResult: UNSAFE UltimateResult: TIMEOUT   [ShortDescription: Timeout LongDescription: Unable to prove that call of __VERIFIER_error() unreachable (line 9)],59998779784.0,3565682688,20,0,-,-,-,-,0.9467592592592593
,recursive,BallRajamani-SPIN2000-Fig1_false-unreach-call.c,TreeInterpolation.epf,AutomizerC.xml,ExpectedResult: UNSAFE UltimateResult: UNSAFE   a call of __VERIFIER_error() is reachable ,30198059.0,2634022912,2,0,-,-,-,-,0.25
,ssh-simplified,s3_srvr_1b_true-unreach-call_false-termination.cil.c,TreeInterpolation.epf,AutomizerC.xml,ExpectedResult: SAFE UltimateResult: SAFE   [ShortDescription: All specifications hold LongDescription: 2 specifications checked. All of them hold],42888410.0,2.9097984E+9,6,0,-,-,-,-,0.86
,recursive,EvenOdd03_false-unreach-call_false-termination.c,TreeInterpolation.epf,AutomizerC.xml,ExpectedResult: UNSAFE UltimateResult: UNSAFE   a call of __VERIFIER_error() is reachable ,12068958.0,2649751552,1,0,-,-,-,-,1.0
,recursive,Fibonacci03_true-unreach-call_true-termination.c,TreeInterpolation.epf,AutomizerC.xml,ExpectedResult: SAFE UltimateResult: SAFE   [ShortDescription: All specifications hold LongDescription: 1 specifications checked. All of them hold],32709814615.0,2.68173312E+9,26,0,-,-,-,-,0.9246913209160346
,systemc,toy_true-unreach-call_false-termination.cil.c,ForwardPredicates.epf,AutomizerC.xml,ExpectedResult: SAFE UltimateResult: TIMEOUT   [ShortDescription: Timeout LongDescription: Unable to prove that call of __VERIFIER_error() unreachable (line 13)],60103316285.0,6112149504,49,0,27599,0,72767,1029,0.7041102884860863
,systemc,token_ring.06_true-unreach-call_false-termination.cil.c,TreeInterpolation.epf,AutomizerC.xml,ExpectedResult: SAFE UltimateResult: TIMEOUT   [ShortDescription: Timeout LongDescription: Unable to prove that call of __VERIFIER_error() unreachable (line 10)],59997346495.0,5967446016,15,0,-,-,-,-,0.9240905184760814
,recursive,Addition02_false-unreach-call_false-termination.c,ForwardPredicates.epf,AutomizerC.xml,ExpectedResult: UNSAFE UltimateResult: UNSAFE   a call of __VERIFIER_error() is reachable ,42104545.0,2563244032,3,0,62,0,51,12,1.0
,systemc,pipeline_false-unreach-call_false-termination.cil.c,TreeInterpolation.epf,AutomizerC.xml,ExpectedResult: UNSAFE UltimateResult: UNSAFE   a call of __VERIFIER_error() is reachable ,44163812020.0,4233101312,22,0,-,-,-,-,0.7669678272366681
,systemc,transmitter.07_false-unreach-call_false-termination.cil.c,ForwardPredicates.epf,AutomizerC.xml,ExpectedResult: UNSAFE UltimateResult: TIMEOUT   [ShortDescription: Timeout LongDescription: Unable to prove that call of __VERIFIER_error() unreachable (line 11)],59999044174.0,5726797824,13,0,2653,0,23519,69,1.0
,recursive,EvenOdd01_true-unreach-call_true-termination.c,ForwardPredicates.epf,AutomizerC.xml,ExpectedResult: SAFE UltimateResult: TIMEOUT   [ShortDescription: Timeout LongDescription: Timout or Toolchain cancelled by user],60009326606.0,2650800128,-,-,-,-,-,-,-
,recursive,Ackermann01_true-unreach-call.c,TreeInterpolation.epf,AutomizerC.xml,ExpectedResult: SAFE UltimateResult: SAFE   [ShortDescription: All specifications hold LongDescription: 1 specifications checked. All of them hold],299716175.0,2518679552,9,0,-,-,-,-,0.6722129783693843
,locks,test_locks_6_true-unreach-call_false-termination.c,ForwardPredicates.epf,AutomizerC.xml,ExpectedResult: SAFE UltimateResult: SAFE   [ShortDescription: All specifications hold LongDescription: 1 specifications checked. All of them hold],135403611.0,1075314688,6,0,213,0,297,18,1.0
,recursive,gcd01_true-unreach-call_true-termination.c,ForwardPredicates.epf,AutomizerC.xml,ExpectedResult: SAFE UltimateResult: EXCEPTION_OR_ERROR   [ShortDescription: SMTLIBException LongDescription: de.uni_freiburg.informatik.ultimate.logic.SMTLIBException: Cannot create quantifier in quantifier-free logic],42272871.0,2750414848,-,-,-,-,-,-,-
,systemc,kundu1_false-unreach-call_false-termination.cil.c,ForwardPredicates.epf,AutomizerC.xml,ExpectedResult: UNSAFE UltimateResult: UNSAFE   a call of __VERIFIER_error() is reachable ,11771516414.0,2971664384,26,0,8501,0,11704,279,0.9008327024981075
,ssh-simplified,s3_clnt_4_true-unreach-call.cil.c,ForwardPredicates.epf,AutomizerC.xml,ExpectedResult: SAFE UltimateResult: SAFE   [ShortDescription: All specifications hold LongDescription: 2 specifications checked. All of them hold],834687058.0,2759852032,18,0,6671,0,6768,57,0.9269689289402047
,systemc,bist_cell_true-unreach-call_false-termination.cil.c,TreeInterpolation.epf,AutomizerC.xml,ExpectedResult: SAFE UltimateResult: TIMEOUT   [ShortDescription: Timeout LongDescription: Unable to prove that call of __VERIFIER_error() unreachable (line 9)],60299441684.0,2952265728,9,0,-,-,-,-,0.6941747572815534
,systemc,token_ring.01_true-unreach-call_false-termination.cil.c,TreeInterpolation.epf,AutomizerC.xml,ExpectedResult: SAFE UltimateResult: SAFE   [ShortDescription: All specifications hold LongDescription: 1 specifications checked. All of them hold],2964895352.0,3491233792,10,0,-,-,-,-,0.9178378378378378
,recursive,recHanoi03_true-unreach-call_true-termination.c,TreeInterpolation.epf,AutomizerC.xml,ExpectedResult: SAFE UltimateResult: SAFE   [ShortDescription: All specifications hold LongDescription: 1 specifications checked. All of them hold],16255011072.0,2696413184,28,0,-,-,-,-,0.5165816326530612
,ssh-simplified,s3_srvr_11_false-unreach-call.cil.c,TreeInterpolation.epf,AutomizerC.xml,ExpectedResult: UNSAFE UltimateResult: UNSAFE   a call of __VERIFIER_error() is reachable ,1234503738.0,2813853696,33,0,-,-,-,-,0.901932712956335
,recursive,Fibonacci03_true-unreach-call_true-termination.c,ForwardPredicates.epf,AutomizerC.xml,ExpectedResult: SAFE UltimateResult: TIMEOUT   [ShortDescription: Timeout LongDescription: Timout or Toolchain cancelled by user],62727327560.0,2.68173312E+9,-,-,-,-,-,-,-
,systemc,transmitter.09_false-unreach-call_false-termination.cil.c,ForwardPredicates.epf,AutomizerC.xml,ExpectedResult: UNSAFE UltimateResult: TIMEOUT   [ShortDescription: Timeout LongDescription: Unable to prove that call of __VERIFIER_error() unreachable (line 11)],61931292571.0,5726797824,12,0,2643,0,66391,61,1.0
,systemc,mem_slave_tlm.5_true-unreach-call_false-termination.cil.c,ForwardPredicates.epf,AutomizerC.xml,ExpectedResult: SAFE UltimateResult: SAFE   [ShortDescription: All specifications hold LongDescription: 1 specifications checked. All of them hold],54218807359.0,3897032704,43,0,46548,0,66907,597,0.822662554132785
,locks,test_locks_8_true-unreach-call_false-termination.c,ForwardPredicates.epf,AutomizerC.xml,ExpectedResult: SAFE UltimateResult: SAFE   [ShortDescription: All specifications hold LongDescription: 1 specifications checked. All of them hold],154179409.0,1075314688,8,0,340,0,484,24,1.0
,systemc,token_ring.08_true-unreach-call_false-termination.cil.c,ForwardPredicates.epf,AutomizerC.xml,ExpectedResult: SAFE UltimateResult: TIMEOUT   [ShortDescription: Timeout LongDescription: Unable to prove that call of __VERIFIER_error() unreachable (line 10)],59999391315.0,5724700672,12,0,5413,0,50613,86,0.7568069306930693
,recursive,McCarthy91_true-unreach-call.c,ForwardPredicates.epf,AutomizerC.xml,ExpectedResult: SAFE UltimateResult: SAFE   [ShortDescription: All specifications hold LongDescription: 1 specifications checked. All of them hold],65449345.0,2.59784704E+9,2,0,126,0,60,21,0.5
,ssh-simplified,s3_srvr_8_true-unreach-call.cil.c,TreeInterpolation.epf,AutomizerC.xml,ExpectedResult: SAFE UltimateResult: SAFE   [ShortDescription: All specifications hold LongDescription: 2 specifications checked. All of them hold],1171904585.0,2871525376,33,0,-,-,-,-,0.9657899382171227
,systemc,token_ring.10_true-unreach-call_false-termination.cil.c,ForwardPredicates.epf,AutomizerC.xml,ExpectedResult: SAFE UltimateResult: TIMEOUT   [ShortDescription: Timeout LongDescription: Unable to prove that call of __VERIFIER_error() unreachable (line 10)],60156748462.0,5726797824,11,0,6193,0,144349,76,0.6513274336283186
,locks,test_locks_9_true-unreach-call.c,TreeInterpolation.epf,AutomizerC.xml,ExpectedResult: SAFE UltimateResult: SAFE   [ShortDescription: All specifications hold LongDescription: 1 specifications checked. All of them hold],159573961.0,1075314688,9,0,-,-,-,-,1.0
,ssh-simplified,s3_srvr_6_true-unreach-call.cil.c,TreeInterpolation.epf,AutomizerC.xml,ExpectedResult: SAFE UltimateResult: SAFE   [ShortDescription: All specifications hold LongDescription: 2 specifications checked. All of them hold],1998705703.0,2911371264,40,0,-,-,-,-,0.9440399593633593
,recursive,Addition03_false-unreach-call.c,ForwardPredicates.epf,AutomizerC.xml,ExpectedResult: UNSAFE UltimateResult: TIMEOUT   [ShortDescription: Timeout LongDescription: Unable to prove that call of __VERIFIER_error() unreachable (line 33)],60002765470.0,2611478528,88,0,101702,0,41506,7492,0.5699926879867591
,systemc,token_ring.05_false-unreach-call_false-termination.cil.c,ForwardPredicates.epf,AutomizerC.xml,ExpectedResult: UNSAFE UltimateResult: TIMEOUT   [ShortDescription: Timeout LongDescription: Unable to prove that call of __VERIFIER_error() unreachable (line 10)],59997363534.0,5823266816,12,0,4504,0,15992,69,0.8002458512599877
,locks,test_locks_12_true-unreach-call_false-termination.c,ForwardPredicates.epf,AutomizerC.xml,ExpectedResult: SAFE UltimateResult: SAFE   [ShortDescription: All specifications hold LongDescription: 1 specifications checked. All of them hold],665841159.0,477626368,12,0,678,0,990,36,1.0
,ssh-simplified,s3_srvr_3_true-unreach-call.cil.c,TreeInterpolation.epf,AutomizerC.xml,ExpectedResult: SAFE UltimateResult: SAFE   [ShortDescription: All specifications hold LongDescription: 2 specifications checked. All of them hold],1093291246.0,2955935744,27,0,-,-,-,-,0.9467850704413434
,systemc,token_ring.07_true-unreach-call_false-termination.cil.c,TreeInterpolation.epf,AutomizerC.xml,ExpectedResult: SAFE UltimateResult: TIMEOUT   [ShortDescription: Timeout LongDescription: Unable to prove that call of __VERIFIER_error() unreachable (line 10)],60027289205.0,5803343872,12,0,-,-,-,-,0.9198664440734557
,ntdrivers-simplified,diskperf_simpl1_true-unreach-call_true-termination.cil.c,ForwardPredicates.epf,AutomizerC.xml,ExpectedResult: SAFE UltimateResult: UNSAFE   a call of __VERIFIER_error() is reachable ,1486505821.0,2.3724032E+9,26,0,2890,0,7459,117,1.0
,ssh-simplified,s3_srvr_14_false-unreach-call.cil.c,ForwardPredicates.epf,AutomizerC.xml,ExpectedResult: UNSAFE UltimateResult: UNSAFE   a call of __VERIFIER_error() is reachable ,379725246.0,2834825216,20,0,1309,0,2003,51,1.0
,ssh-simplified,s3_clnt_3_true-unreach-call.cil.c,ForwardPredicates.epf,AutomizerC.xml,ExpectedResult: SAFE UltimateResult: SAFE   [ShortDescription: All specifications hold LongDescription: 2 specifications checked. All of them hold],952382231.0,2729967616,19,0,7575,0,8179,62,0.9737889392068066
,systemc,token_ring.11_true-unreach-call_false-termination.cil.c,TreeInterpolation.epf,AutomizerC.xml,ExpectedResult: SAFE UltimateResult: TIMEOUT   [ShortDescription: Timeout LongDescription: Unable to prove that call of __VERIFIER_error() unreachable (line 10)],67632408622.0,5726797824,10,0,-,-,-,-,0.9252336448598131
,systemc,bist_cell_true-unreach-call_false-termination.cil.c,ForwardPredicates.epf,AutomizerC.xml,ExpectedResult: SAFE UltimateResult: SAFE   [ShortDescription: All specifications hold LongDescription: 1 specifications checked. All of them hold],5471486783.0,2871525376,9,0,4958,0,6450,152,0.6335403726708074
,systemc,token_ring.06_false-unreach-call_false-termination.cil.c,TreeInterpolation.epf,AutomizerC.xml,ExpectedResult: UNSAFE UltimateResult: TIMEOUT   [ShortDescription: Timeout LongDescription: Unable to prove that call of __VERIFIER_error() unreachable (line 10)],59997402829.0,5901385728,13,0,-,-,-,-,0.9211923233973051
,systemc,token_ring.09_false-unreach-call_false-termination.cil.c,TreeInterpolation.epf,AutomizerC.xml,ExpectedResult: UNSAFE UltimateResult: TIMEOUT   [ShortDescription: Timeout LongDescription: Unable to prove that call of __VERIFIER_error() unreachable (line 10)],59997532364.0,5726797824,9,0,-,-,-,-,0.9072416598860863
,ssh-simplified,s3_srvr_6_false-unreach-call.cil.c,ForwardPredicates.epf,AutomizerC.xml,ExpectedResult: UNSAFE UltimateResult: UNSAFE   a call of __VERIFIER_error() is reachable ,63584504.0,2911371264,1,0,0,0,0,0,1.0
,systemc,token_ring.13_true-unreach-call_false-termination.cil.c,TreeInterpolation.epf,AutomizerC.xml,ExpectedResult: SAFE UltimateResult: TIMEOUT   [ShortDescription: Timeout LongDescription: Unable to prove that call of __VERIFIER_error() unreachable (line 10)],59997880843.0,5741477888,10,0,-,-,-,-,0.9212423738214087
,ssh-simplified,s3_clnt_2_false-unreach-call_true-termination.cil.c,TreeInterpolation.epf,AutomizerC.xml,ExpectedResult: UNSAFE UltimateResult: UNSAFE   a call of __VERIFIER_error() is reachable ,432303438.0,2703753216,17,0,-,-,-,-,0.9032967032967033
,recursive,recHanoi01_true-unreach-call_true-termination.c,TreeInterpolation.epf,AutomizerC.xml,ExpectedResult: SAFE UltimateResult: TIMEOUT   [ShortDescription: Timeout LongDescription: Unable to prove that call of __VERIFIER_error() unreachable (line 51)],90700905769.0,2665480192,35,0,-,-,-,-,0.821161695061031
,recursive,MultCommutative_true-unreach-call_true-termination.c,ForwardPredicates.epf,AutomizerC.xml,ExpectedResult: SAFE UltimateResult: TIMEOUT   [ShortDescription: Timeout LongDescription: Timout or Toolchain cancelled by user],59997487038.0,2.66600448E+9,-,-,-,-,-,-,-
,ntdrivers-simplified,floppy_simpl3_false-unreach-call_true-termination.cil.c,TreeInterpolation.epf,AutomizerC.xml,ExpectedResult: UNSAFE UltimateResult: UNSAFE   a call of __VERIFIER_error() is reachable ,592547643.0,2370830336,15,0,-,-,-,-,1.0
,systemc,token_ring.05_true-unreach-call_false-termination.cil.c,TreeInterpolation.epf,AutomizerC.xml,ExpectedResult: SAFE UltimateResult: TIMEOUT   [ShortDescription: Timeout LongDescription: Unable to prove that call of __VERIFIER_error() unreachable (line 10)],59996915958.0,5726797824,11,0,-,-,-,-,0.9243986254295533
,systemc,toy1_false-unreach-call_false-termination.cil.c,TreeInterpolation.epf,AutomizerC.xml,ExpectedResult: UNSAFE UltimateResult: TIMEOUT   [ShortDescription: Timeout LongDescription: Unable to prove that call of __VERIFIER_error() unreachable (line 13)],60001520124.0,5853151232,27,0,-,-,-,-,0.6934189406099518
,systemc,toy_true-unreach-call_false-termination.cil.c,TreeInterpolation.epf,AutomizerC.xml,ExpectedResult: SAFE UltimateResult: TIMEOUT   [ShortDescription: Timeout LongDescription: Unable to prove that call of __VERIFIER_error() unreachable (line 13)],62076017095.0,6.12630528E+9,17,0,-,-,-,-,0.7810578105781057
,ssh-simplified,s3_srvr_6_false-unreach-call.cil.c,TreeInterpolation.epf,AutomizerC.xml,ExpectedResult: UNSAFE UltimateResult: UNSAFE   a call of __VERIFIER_error() is reachable ,57323606.0,2911371264,1,0,-,-,-,-,1.0
,systemc,token_ring.03_false-unreach-call_false-termination.cil.c,ForwardPredicates.epf,AutomizerC.xml,ExpectedResult: UNSAFE UltimateResult: UNSAFE   a call of __VERIFIER_error() is reachable ,12342464180.0,4378853376,23,0,7814,0,20142,254,0.9184004323155904
,recursive,Fibonacci02_true-unreach-call_true-termination.c,TreeInterpolation.epf,AutomizerC.xml,ExpectedResult: SAFE UltimateResult: SAFE   [ShortDescription: All specifications hold LongDescription: 1 specifications checked. All of them hold],2295725533.0,2359820288,23,0,-,-,-,-,0.9022001531381881
,recursive,Ackermann02_false-unreach-call_false-termination.c,TreeInterpolation.epf,AutomizerC.xml,ExpectedResult: UNSAFE UltimateResult: UNSAFE   a call of __VERIFIER_error() is reachable ,58137072.0,2515009536,4,0,-,-,-,-,0.7894736842105263
,systemc,token_ring.09_true-unreach-call_false-termination.cil.c,ForwardPredicates.epf,AutomizerC.xml,ExpectedResult: SAFE UltimateResult: TIMEOUT   [ShortDescription: Timeout LongDescription: Unable to prove that call of __VERIFIER_error() unreachable (line 10)],62136516126.0,5700059136,12,0,4541,0,98156,88,0.9424364123159303
,ssh-simplified,s3_srvr_1_false-unreach-call.cil.c,TreeInterpolation.epf,AutomizerC.xml,ExpectedResult: UNSAFE UltimateResult: UNSAFE   a call of __VERIFIER_error() is reachable ,548902375.0,2884632576,17,0,-,-,-,-,1.0
,locks,test_locks_11_true-unreach-call_false-termination.c,TreeInterpolation.epf,AutomizerC.xml,ExpectedResult: SAFE UltimateResult: SAFE   [ShortDescription: All specifications hold LongDescription: 1 specifications checked. All of them hold],386131678.0,477626368,11,0,-,-,-,-,1.0
,ssh-simplified,s3_srvr_6_true-unreach-call.cil.c,ForwardPredicates.epf,AutomizerC.xml,ExpectedResult: SAFE UltimateResult: SAFE   [ShortDescription: All specifications hold LongDescription: 2 specifications checked. All of them hold],1115288233.0,2911371264,19,0,8587,0,6059,70,0.8284906826812682
,systemc,token_ring.01_true-unreach-call_false-termination.cil.c,ForwardPredicates.epf,AutomizerC.xml,ExpectedResult: SAFE UltimateResult: SAFE   [ShortDescription: All specifications hold LongDescription: 1 specifications checked. All of them hold],1255175100.0,4060086272,9,0,2141,0,3981,104,0.8969404186795491
,systemc,transmitter.15_false-unreach-call_false-termination.cil.c,ForwardPredicates.epf,AutomizerC.xml,ExpectedResult: UNSAFE UltimateResult: TIMEOUT   [ShortDescription: Timeout LongDescription: Timout or Toolchain cancelled by user],60004844421.0,6.17086976E+9,-,-,-,-,-,-,-
,locks,test_locks_7_true-unreach-call_false-termination.c,TreeInterpolation.epf,AutomizerC.xml,ExpectedResult: SAFE UltimateResult: SAFE   [ShortDescription: All specifications hold LongDescription: 1 specifications checked. All of them hold],123612555.0,1075314688,7,0,-,-,-,-,1.0
,locks,test_locks_10_true-unreach-call.c,ForwardPredicates.epf,AutomizerC.xml,ExpectedResult: SAFE UltimateResult: SAFE   [ShortDescription: All specifications hold LongDescription: 1 specifications checked. All of them hold],1309233285,378535936,10,0,495,0,715,30,1.0
,ssh-simplified,s3_clnt_2_false-unreach-call_true-termination.cil.c,ForwardPredicates.epf,AutomizerC.xml,ExpectedResult: UNSAFE UltimateResult: UNSAFE   a call of __VERIFIER_error() is reachable ,305570124.0,2703753216,9,0,1049,0,1086,24,0.7783505154639175
,ssh-simplified,s3_srvr_13_false-unreach-call.cil.c,TreeInterpolation.epf,AutomizerC.xml,ExpectedResult: UNSAFE UltimateResult: UNSAFE   a call of __VERIFIER_error() is reachable ,590087707.0,2834825216,25,0,-,-,-,-,1.0
,systemc,pipeline_false-unreach-call_false-termination.cil.c,ForwardPredicates.epf,AutomizerC.xml,ExpectedResult: UNSAFE UltimateResult: UNSAFE   a call of __VERIFIER_error() is reachable ,8466729090.0,4242538496,16,0,9053,0,190527,248,0.9653846153846154
,systemc,mem_slave_tlm.3_true-unreach-call_false-termination.cil.c,ForwardPredicates.epf,AutomizerC.xml,ExpectedResult: SAFE UltimateResult: SAFE   [ShortDescription: All specifications hold LongDescription: 1 specifications checked. All of them hold],23124668740.0,3786932224,37,0,27996,0,43166,420,0.7136942345512887
,recursive,Addition03_false-unreach-call.c,TreeInterpolation.epf,AutomizerC.xml,ExpectedResult: UNSAFE UltimateResult: TIMEOUT   [ShortDescription: Timeout LongDescription: Unable to prove that call of __VERIFIER_error() unreachable (line 33)],60047786493.0,2634022912,63,0,-,-,-,-,0.5490591397849462
,systemc,transmitter.07_false-unreach-call_false-termination.cil.c,TreeInterpolation.epf,AutomizerC.xml,ExpectedResult: UNSAFE UltimateResult: TIMEOUT   [ShortDescription: Timeout LongDescription: Unable to prove that call of __VERIFIER_error() unreachable (line 11)],64401781849.0,5726797824,11,0,-,-,-,-,0.9510869565217391
,recursive,Ackermann04_true-unreach-call.c,ForwardPredicates.epf,AutomizerC.xml,ExpectedResult: SAFE UltimateResult: TIMEOUT   [ShortDescription: Timeout LongDescription: Unable to prove that call of __VERIFIER_error() unreachable (line 38)],59999598243.0,2533359616,24,0,6639,0,5955,638,0.8421250832826396
,recursive,recHanoi02_true-unreach-call_true-termination.c,TreeInterpolation.epf,AutomizerC.xml,ExpectedResult: SAFE UltimateResult: SAFE   [ShortDescription: All specifications hold LongDescription: 1 specifications checked. All of them hold],39393839.0,2834300928,3,0,-,-,-,-,0.6111111111111112
,ssh-simplified,s3_srvr_11_false-unreach-call.cil.c,ForwardPredicates.epf,AutomizerC.xml,ExpectedResult: UNSAFE UltimateResult: UNSAFE   a call of __VERIFIER_error() is reachable ,890075812.0,2774007808,40,0,4221,0,4858,110,0.9080756013745704
,systemc,transmitter.06_false-unreach-call_false-termination.cil.c,ForwardPredicates.epf,AutomizerC.xml,ExpectedResult: UNSAFE UltimateResult: TIMEOUT   [ShortDescription: Timeout LongDescription: Unable to prove that call of __VERIFIER_error() unreachable (line 11)],59997152860.0,6201802752,13,0,2738,0,17797,56,0.8937728937728938
,ssh-simplified,s3_clnt_4_false-unreach-call.cil.c,ForwardPredicates.epf,AutomizerC.xml,ExpectedResult: UNSAFE UltimateResult: UNSAFE   a call of __VERIFIER_error() is reachable ,313820051.0,2729967616,9,0,1081,0,1066,24,0.7420924574209246
,ssh-simplified,s3_srvr_10_false-unreach-call.cil.c,ForwardPredicates.epf,AutomizerC.xml,ExpectedResult: UNSAFE UltimateResult: UNSAFE   a call of __VERIFIER_error() is reachable ,272497746.0,2774007808,9,0,394,0,712,21,1.0
,systemc,mem_slave_tlm.4_true-unreach-call_false-termination.cil.c,TreeInterpolation.epf,AutomizerC.xml,ExpectedResult: SAFE UltimateResult: TIMEOUT   [ShortDescription: Timeout LongDescription: Unable to prove that call of __VERIFIER_error() unreachable (line 10)],60067924998.0,3999268864,23,0,-,-,-,-,0.5945945945945946
,systemc,token_ring.09_false-unreach-call_false-termination.cil.c,ForwardPredicates.epf,AutomizerC.xml,ExpectedResult: UNSAFE UltimateResult: TIMEOUT   [ShortDescription: Timeout LongDescription: Unable to prove that call of __VERIFIER_error() unreachable (line 10)],59997450249.0,5726797824,11,0,7097,0,75899,75,0.5422755741127349
,systemc,pipeline_true-unreach-call_false-termination.cil.c,ForwardPredicates.epf,AutomizerC.xml,ExpectedResult: SAFE UltimateResult: EXCEPTION_OR_ERROR   [ShortDescription: SMTLIBException LongDescription: de.uni_freiburg.informatik.ultimate.logic.SMTLIBException: Cannot create quantifier in quantifier-free logic],13152068464.0,3775922176,-,-,-,-,-,-,-
,ssh-simplified,s3_clnt_3_true-unreach-call.cil.c,TreeInterpolation.epf,AutomizerC.xml,ExpectedResult: SAFE UltimateResult: SAFE   [ShortDescription: All specifications hold LongDescription: 2 specifications checked. All of them hold],1114371599.0,2729967616,26,0,-,-,-,-,0.9443082788671024
,systemc,token_ring.04_true-unreach-call_false-termination.cil.c,TreeInterpolation.epf,AutomizerC.xml,ExpectedResult: SAFE UltimateResult: TIMEOUT   [ShortDescription: Timeout LongDescription: Unable to prove that call of __VERIFIER_error() unreachable (line 10)],59997553619.0,4302831616,21,0,-,-,-,-,0.9332907756144271
,recursive,Fibonacci04_false-unreach-call_true-termination.c,ForwardPredicates.epf,AutomizerC.xml,ExpectedResult: UNSAFE UltimateResult: UNSAFE   a call of __VERIFIER_error() is reachable ,305111237.0,2619867136,15,0,1489,0,1168,98,0.8412371134020619
,systemc,toy2_false-unreach-call_false-termination.cil.c,TreeInterpolation.epf,AutomizerC.xml,ExpectedResult: UNSAFE UltimateResult: TIMEOUT   [ShortDescription: Timeout LongDescription: Unable to prove that call of __VERIFIER_error() unreachable (line 13)],60816775278.0,5958008832,18,0,-,-,-,-,0.774230330672748
,recursive,Ackermann03_true-unreach-call.c,ForwardPredicates.epf,AutomizerC.xml,ExpectedResult: SAFE UltimateResult: TIMEOUT   [ShortDescription: Timeout LongDescription: Unable to prove that call of __VERIFIER_error() unreachable (line 38)],60001409019.0,2515009536,24,0,8244,0,8961,527,0.9326849807929488
,ssh-simplified,s3_srvr_1_true-unreach-call.cil.c,ForwardPredicates.epf,AutomizerC.xml,ExpectedResult: SAFE UltimateResult: SAFE   [ShortDescription: All specifications hold LongDescription: 2 specifications checked. All of them hold],680281774.0,2884632576,18,0,6736,0,5850,45,0.9757489300998573
,systemc,token_ring.02_true-unreach-call_false-termination.cil.c,ForwardPredicates.epf,AutomizerC.xml,ExpectedResult: SAFE UltimateResult: SAFE   [ShortDescription: All specifications hold LongDescription: 1 specifications checked. All of them hold],3944835247.0,4104126464,19,0,5508,0,12585,204,0.9580696202531646
,recursive,Ackermann03_true-unreach-call.c,TreeInterpolation.epf,AutomizerC.xml,ExpectedResult: SAFE UltimateResult: SAFE   [ShortDescription: All specifications hold LongDescription: 1 specifications checked. All of them hold],2087849573.0,2533359616,17,0,-,-,-,-,0.8157804122189974
,locks,test_locks_15_true-unreach-call_false-termination.c,TreeInterpolation.epf,AutomizerC.xml,ExpectedResult: SAFE UltimateResult: SAFE   [ShortDescription: All specifications hold LongDescription: 1 specifications checked. All of them hold],271007179.0,675807232,15,0,-,-,-,-,1.0
,locks,test_locks_6_true-unreach-call_false-termination.c,TreeInterpolation.epf,AutomizerC.xml,ExpectedResult: SAFE UltimateResult: SAFE   [ShortDescription: All specifications hold LongDescription: 1 specifications checked. All of them hold],103580448.0,1075314688,6,0,-,-,-,-,1.0
,ssh-simplified,s3_srvr_4_true-unreach-call.cil.c,TreeInterpolation.epf,AutomizerC.xml,ExpectedResult: SAFE UltimateResult: SAFE   [ShortDescription: All specifications hold LongDescription: 2 specifications checked. All of them hold],1399117821.0,2.93339136E+9,31,0,-,-,-,-,0.9508767855069098
,recursive,McCarthy91_false-unreach-call_false-termination.c,TreeInterpolation.epf,AutomizerC.xml,ExpectedResult: UNSAFE UltimateResult: UNSAFE   a call of __VERIFIER_error() is reachable ,11184582.0,2.59784704E+9,1,0,-,-,-,-,1.0
,locks,test_locks_9_true-unreach-call.c,ForwardPredicates.epf,AutomizerC.xml,ExpectedResult: SAFE UltimateResult: SAFE   [ShortDescription: All specifications hold LongDescription: 1 specifications checked. All of them hold],127627040.0,1075314688,9,0,414,0,594,27,1.0
,systemc,token_ring.12_true-unreach-call_false-termination.cil.c,TreeInterpolation.epf,AutomizerC.xml,ExpectedResult: SAFE UltimateResult: TIMEOUT   [ShortDescription: Timeout LongDescription: Unable to prove that call of __VERIFIER_error() unreachable (line 10)],59998862829.0,5592055808,9,0,-,-,-,-,0.943217665615142
,recursive,McCarthy91_false-unreach-call_false-termination.c,ForwardPredicates.epf,AutomizerC.xml,ExpectedResult: UNSAFE UltimateResult: UNSAFE   a call of __VERIFIER_error() is reachable ,13824825.0,2.59784704E+9,1,0,0,0,0,0,1.0
,systemc,transmitter.09_false-unreach-call_false-termination.cil.c,TreeInterpolation.epf,AutomizerC.xml,ExpectedResult: UNSAFE UltimateResult: TIMEOUT   [ShortDescription: Timeout LongDescription: Unable to prove that call of __VERIFIER_error() unreachable (line 11)],59997684643.0,5726797824,12,0,-,-,-,-,0.9810874704491725
,systemc,token_ring.11_true-unreach-call_false-termination.cil.c,ForwardPredicates.epf,AutomizerC.xml,ExpectedResult: SAFE UltimateResult: TIMEOUT   [ShortDescription: Timeout LongDescription: Unable to prove that call of __VERIFIER_error() unreachable (line 10)],63342233298.0,5873598464,11,0,4914,0,198757,77,0.6229327453142227
,systemc,mem_slave_tlm.1_true-unreach-call_false-termination.cil.c,TreeInterpolation.epf,AutomizerC.xml,ExpectedResult: SAFE UltimateResult: TIMEOUT   [ShortDescription: Timeout LongDescription: Unable to prove that call of __VERIFIER_error() unreachable (line 10)],60048819131.0,3797942272,22,0,-,-,-,-,0.5945945945945946
,ssh-simplified,s3_clnt_3_false-unreach-call.cil.c,ForwardPredicates.epf,AutomizerC.xml,ExpectedResult: UNSAFE UltimateResult: UNSAFE   a call of __VERIFIER_error() is reachable ,253003161.0,2725249024,8,0,718,0,916,20,0.7888198757763976
,systemc,toy2_false-unreach-call_false-termination.cil.c,ForwardPredicates.epf,AutomizerC.xml,ExpectedResult: UNSAFE UltimateResult: UNSAFE   a call of __VERIFIER_error() is reachable ,25282929893.0,5958008832,37,0,14185,0,58094,496,0.8015206082432973
,systemc,kundu2_false-unreach-call_false-termination.cil.c,ForwardPredicates.epf,AutomizerC.xml,ExpectedResult: UNSAFE UltimateResult: TIMEOUT   [ShortDescription: Timeout LongDescription: Unable to prove that call of __VERIFIER_error() unreachable (line 9)],60158600742.0,3437756416,18,0,4089,0,7460,152,0.7874251497005988
,systemc,transmitter.16_false-unreach-call_false-termination.cil.c,TreeInterpolation.epf,AutomizerC.xml,ExpectedResult: UNSAFE UltimateResult: UNSAFE   a call of __VERIFIER_error() is reachable ,11513774564.0,6157238272,10,0,-,-,-,-,1.0
,locks,test_locks_14_true-unreach-call.c,TreeInterpolation.epf,AutomizerC.xml,ExpectedResult: SAFE UltimateResult: SAFE   [ShortDescription: All specifications hold LongDescription: 1 specifications checked. All of them hold],309485137.0,675807232,14,0,-,-,-,-,1.0
,systemc,token_ring.12_true-unreach-call_false-termination.cil.c,ForwardPredicates.epf,AutomizerC.xml,ExpectedResult: SAFE UltimateResult: TIMEOUT   [ShortDescription: Timeout LongDescription: Timout or Toolchain cancelled by user],59999295272.0,5726797824,-,-,-,-,-,-,-
,ntdrivers-simplified,cdaudio_simpl1_true-unreach-call_true-termination.cil.c,ForwardPredicates.epf,AutomizerC.xml,ExpectedResult: SAFE UltimateResult: UNSAFE   a call of __VERIFIER_error() is reachable ,3908849154,2368733184,68,0,8407,0,26454,566,1.0
,systemc,transmitter.15_false-unreach-call_false-termination.cil.c,TreeInterpolation.epf,AutomizerC.xml,ExpectedResult: UNSAFE UltimateResult: UNSAFE   a call of __VERIFIER_error() is reachable ,1004933663.0,6.17086976E+9,5,0,-,-,-,-,1.0
,systemc,transmitter.05_false-unreach-call_false-termination.cil.c,TreeInterpolation.epf,AutomizerC.xml,ExpectedResult: UNSAFE UltimateResult: TIMEOUT   [ShortDescription: Timeout LongDescription: Unable to prove that call of __VERIFIER_error() unreachable (line 11)],64762740247.0,6167724032,16,0,-,-,-,-,0.9545454545454546
,locks,test_locks_14_false-unreach-call.c,ForwardPredicates.epf,AutomizerC.xml,ExpectedResult: UNSAFE UltimateResult: UNSAFE   a call of __VERIFIER_error() is reachable ,109389675.0,675807232,1,0,0,0,0,0,1.0


################################# Summary #######################
Safe: 79
Unsafe: 66
Timeout: 89
Error: 12
Expected Safe: 140
Expected Unsafe: 106
Total: 246
CSV conversion gone wrong: 0

################################# Latex #######################
\newcommand{\headcolor}{}
\newcommand{\header}[1]{\parbox{2.8em}{\centering #1}\headcolor}
\newcommand{\folder}[1]{\parbox{5em}{#1}}
\begin{table}
\centering
\resizebox{\linewidth}{!}{%
\begin{tabu} to \linewidth {lcllcccccccccc}
\toprule
  \header{}& 
  \header{\#}&
  \header{Result}&
  \header{Variant}& 
  \header{Count}&
  \header{Avg. runtime}&
  \header{Mem{-}ory}&
  \header{Iter{-}ations}&
  \header{Loc{-}ations}&
  \header{Pred. size FP}&
  \header{Pred. size BP}&
  \header{Conj. SSA}&
  \header{Conj. IC}&
  \header{ICC %}\\
  \cmidrule(r){2-14}
\multirow{8}{*}{\folder{ntdrivers-simplified}} &
\multirow{2}{*}{4} &
\multirow{2}{*}{\folder{Unsafe}} 
 & TreeInterpolation.epf & 4 & 1.83 s & 2134.38 MB & 27 & 0 & - & - & - & - & 100.00\%\\
 &  &  & ForwardPredicates.epf & 4 & 2.75 s & 2134.38 MB & 30 & 0 & 3.2 K & 0 & 10.5 K & 196 & 100.00\%\\
  \cmidrule[0.01em](l){2-14}
& \multirow{2}{*}{6} &
\multirow{2}{*}{\folder{Safe}} 
 & TreeInterpolation.epf & 2 & 0.32 s & 2232.00 MB & 12 & 0 & - & - & - & - & 100.00\%\\
 &  &  & ForwardPredicates.epf & 1 & 0.32 s & 2232.00 MB & 12 & 0 & 1.1 K & 0 & 3.8 K & 53 & 100.00\%\\
  \cmidrule[0.01em](l){2-14}
& & \multirow{2}{*}{\folder{Timeout}} 
 & TreeInterpolation.epf & 0 & - & - & - & - & - & - & - & - & -\\
 &  &  & ForwardPredicates.epf & 0 & - & - & - & - & - & - & - & - & -\\
  \cmidrule[0.01em](l){2-14}
& \multirow{2}{*}{10} &
\multirow{2}{*}{\folder{Completed}} 
 & TreeInterpolation.epf & 6 & 1.33 s & 2166.92 MB & 22 & 0 & - & - & - & - & 100.00\%\\
 &  &  & ForwardPredicates.epf & 5 & 2.26 s & 2153.90 MB & 26 & 0 & 2.8 K & 0 & 9.2 K & 167 & 100.00\%\\
\midrule
\multirow{8}{*}{\folder{systemc}} &
\multirow{2}{*}{27} &
\multirow{2}{*}{\folder{Unsafe}} 
 & TreeInterpolation.epf & 8 & 10.69 s & 4329.25 MB & 13 & 0 & - & - & - & - & 92.85\%\\
 &  &  & ForwardPredicates.epf & 8 & 14.72 s & 4238.06 MB & 21 & 0 & 8.0 K & 0 & 44.7 K & 265 & 90.23\%\\
  \cmidrule[0.01em](l){2-14}
& \multirow{2}{*}{23} &
\multirow{2}{*}{\folder{Safe}} 
 & TreeInterpolation.epf & 4 & 7.93 s & 3855.00 MB & 15 & 0 & - & - & - & - & 86.33\%\\
 &  &  & ForwardPredicates.epf & 9 & 15.93 s & 3567.67 MB & 26 & 0 & 18.2 K & 0 & 28.6 K & 311 & 78.53\%\\
  \cmidrule[0.01em](l){2-14}
& & \multirow{2}{*}{\folder{Timeout}} 
 & TreeInterpolation.epf & 38 & 61.12 s & 5052.30 MB & 14 & 0 & - & - & - & - & 87.31\%\\
 &  &  & ForwardPredicates.epf & 32 & 60.31 s & 5340.81 MB & - & - & - & - & - & - & -\\
  \cmidrule[0.01em](l){2-14}
& \multirow{2}{*}{50} &
\multirow{2}{*}{\folder{Completed}} 
 & TreeInterpolation.epf & 12 & 9.77 s & 4171.17 MB & 14 & 0 & - & - & - & - & 90.68\%\\
 &  &  & ForwardPredicates.epf & 17 & 15.36 s & 3883.15 MB & 24 & 0 & 13.4 K & 0 & 36.2 K & 290 & 84.03\%\\
\midrule
\multirow{8}{*}{\folder{recursive}} &
\multirow{2}{*}{8} &
\multirow{2}{*}{\folder{Unsafe}} 
 & TreeInterpolation.epf & 7 & 0.19 s & 2479.50 MB & 5 & 0 & - & - & - & - & 80.05\%\\
 &  &  & ForwardPredicates.epf & 7 & 0.17 s & 2479.50 MB & 6 & 0 & 951 & 0 & 860 & 46 & 83.37\%\\
  \cmidrule[0.01em](l){2-14}
& \multirow{2}{*}{16} &
\multirow{2}{*}{\folder{Safe}} 
 & TreeInterpolation.epf & 11 & 5.07 s & 2450.23 MB & 12 & 0 & - & - & - & - & 70.26\%\\
 &  &  & ForwardPredicates.epf & 2 & 0.50 s & 2364.00 MB & 12 & 0 & 3.7 K & 0 & 3.3 K & 221 & 67.37\%\\
  \cmidrule[0.01em](l){2-14}
& & \multirow{2}{*}{\folder{Timeout}} 
 & TreeInterpolation.epf & 6 & 65.31 s & 2572.50 MB & 60 & 0 & - & - & - & - & 54.57\%\\
 &  &  & ForwardPredicates.epf & 13 & 60.25 s & 2535.31 MB & 44 & 0 & 57.2 K & 0 & 46.8 K & 4.9 K & 56.01\%\\
  \cmidrule[0.01em](l){2-14}
& \multirow{2}{*}{24} &
\multirow{2}{*}{\folder{Completed}} 
 & TreeInterpolation.epf & 18 & 3.17 s & 2461.61 MB & 10 & 0 & - & - & - & - & 74.07\%\\
 &  &  & ForwardPredicates.epf & 9 & 0.24 s & 2453.83 MB & 7 & 0 & 1.6 K & 0 & 1.4 K & 85 & 79.81\%\\
\midrule
\multirow{8}{*}{\folder{locks}} &
\multirow{2}{*}{2} &
\multirow{2}{*}{\folder{Unsafe}} 
 & TreeInterpolation.epf & 2 & 0.12 s & 644.50 MB & 1 & 0 & - & - & - & - & 100.00\%\\
 &  &  & ForwardPredicates.epf & 2 & 0.12 s & 644.50 MB & 1 & 0 & 0 & 0 & 0 & 0 & 100.00\%\\
  \cmidrule[0.01em](l){2-14}
& \multirow{2}{*}{11} &
\multirow{2}{*}{\folder{Safe}} 
 & TreeInterpolation.epf & 11 & 0.26 s & 731.50 MB & 10 & 0 & - & - & - & - & 100.00\%\\
 &  &  & ForwardPredicates.epf & 11 & 0.37 s & 722.91 MB & 10 & 0 & 530 & 0 & 770 & 30 & 100.00\%\\
  \cmidrule[0.01em](l){2-14}
& & \multirow{2}{*}{\folder{Timeout}} 
 & TreeInterpolation.epf & 0 & - & - & - & - & - & - & - & - & -\\
 &  &  & ForwardPredicates.epf & 0 & - & - & - & - & - & - & - & - & -\\
  \cmidrule[0.01em](l){2-14}
& \multirow{2}{*}{13} &
\multirow{2}{*}{\folder{Completed}} 
 & TreeInterpolation.epf & 13 & 0.23 s & 718.12 MB & 8 & 0 & - & - & - & - & 100.00\%\\
 &  &  & ForwardPredicates.epf & 13 & 0.34 s & 710.85 MB & 8 & 0 & 448 & 0 & 651 & 25 & 100.00\%\\
\midrule
\multirow{8}{*}{\folder{ssh-simplified}} &
\multirow{2}{*}{12} &
\multirow{2}{*}{\folder{Unsafe}} 
 & TreeInterpolation.epf & 12 & 0.49 s & 2675.21 MB & 18 & 0 & - & - & - & - & 94.81\%\\
 &  &  & ForwardPredicates.epf & 12 & 0.36 s & 2665.71 MB & 14 & 0 & 1.3 K & 0 & 1.6 K & 36 & 91.57\%\\
  \cmidrule[0.01em](l){2-14}
& \multirow{2}{*}{14} &
\multirow{2}{*}{\folder{Safe}} 
 & TreeInterpolation.epf & 14 & 1.16 s & 2712.57 MB & 26 & 0 & - & - & - & - & 92.59\%\\
 &  &  & ForwardPredicates.epf & 14 & 0.75 s & 2701.25 MB & 16 & 0 & 6.1 K & 0 & 5.5 K & 48 & 91.93\%\\
  \cmidrule[0.01em](l){2-14}
& & \multirow{2}{*}{\folder{Timeout}} 
 & TreeInterpolation.epf & 0 & - & - & - & - & - & - & - & - & -\\
 &  &  & ForwardPredicates.epf & 0 & - & - & - & - & - & - & - & - & -\\
  \cmidrule[0.01em](l){2-14}
& \multirow{2}{*}{26} &
\multirow{2}{*}{\folder{Completed}} 
 & TreeInterpolation.epf & 26 & 0.85 s & 2695.33 MB & 22 & 0 & - & - & - & - & 93.61\%\\
 &  &  & ForwardPredicates.epf & 26 & 0.57 s & 2684.85 MB & 15 & 0 & 3.9 K & 0 & 3.7 K & 43 & 91.77\%\\
\bottomrule
& & & & & & & & & & & & & \\
\end{tabu}}
\caption{Results for AutomizerC.xml.}
\end{table}