################################# CSV #######################
,Folder,File,Settings,Toolchain,Message,Runtime (ns),Allocated memory end (bytes),Max. memory available (bytes),Overall iterations,NumberOfCodeBlocks,SizeOfPredicates,Conjuncts in SSA,Conjuncts in UnsatCore,ICC
,loop-new,count_by_1_variant_true-unreach-call.c,TreeInterpolation.epf,AutomizerC.xml,ExpectedResult: SAFE UltimateResult: SAFE   [ShortDescription: All specifications hold LongDescription: 1 specifications checked. All of them hold],6.6485039E7,7.53926144E8,1.908932608E9,3,0,null,null,null,0.6956521739130435
,systemc,bist_cell_true-unreach-call_false-termination.cil.c,TreeInterpolation.epf,AutomizerC.xml,ExpectedResult: SAFE UltimateResult: TIMEOUT   [ShortDescription: Timeout LongDescription: Unable to prove that call of __VERIFIER_error() unreachable (line 9)],6.1651282509E10,8.22083584E8,1.908932608E9,9,0,null,null,null,0.6941747572815534
,recursive,Ackermann02_false-unreach-call_false-termination.c,Kojak-FP.epf,CodeCheckWithBE_C.xml,ExpectedResult: UNSAFE UltimateResult: NO_RESULT   NO_RESULT,6.000037888E10,7.85383424E8,1.908932608E9,5965,0,[J@1a4da9e,274310,17899,0.9999695042922708
,loop-invgen,apache-get-tag_true-unreach-call.c,ForwardPredicates.epf,AutomizerC.xml,ExpectedResult: SAFE UltimateResult: SYNTAX_ERROR   [ShortDescription: Incorrect Syntax LongDescription: Error: unexpected dispatch result],7253473.0,2.33832448E8,1.908932608E9,null,null,null,null,null,null
,systemc,kundu1_false-unreach-call_false-termination.cil.c,Kojak-TreeInterpolation.epf,CodeCheckWithBE_C.xml,ExpectedResult: UNSAFE UltimateResult: NO_RESULT   NO_RESULT,6.0161495612E10,7.7856768E8,1.908932608E9,208,0,-1,-1,-1,0.9243243243243243
,loop-new,count_by_1_true-unreach-call.c,Kojak-TreeInterpolation.epf,CodeCheckWithBE_C.xml,ExpectedResult: SAFE UltimateResult: NO_RESULT   NO_RESULT,6.0900581405E10,7.54450432E8,1.908932608E9,133,0,-1,-1,-1,0.0
,ssh-simplified,s3_clnt_1_true-unreach-call.cil.c,TreeInterpolation.epf,AutomizerC.xml,ExpectedResult: SAFE UltimateResult: SAFE   [ShortDescription: All specifications hold LongDescription: 2 specifications checked. All of them hold],1.141290915E9,8.1788928E8,1.908932608E9,24,0,null,null,null,0.936505587212314
,systemc,bist_cell_true-unreach-call_false-termination.cil.c,Kojak-FP.epf,CodeCheckWithBE_C.xml,ExpectedResult: SAFE UltimateResult: NO_RESULT   NO_RESULT,6.4998635857E10,8.19986432E8,1.908932608E9,18,0,[J@17007f94,7487,348,0.23841059602649006
,locks,test_locks_11_true-unreach-call_false-termination.c,ForwardPredicates.epf,AutomizerC.xml,ExpectedResult: SAFE UltimateResult: SAFE   [ShortDescription: All specifications hold LongDescription: 1 specifications checked. All of them hold],3.62628748E8,2.10763776E8,1.908932608E9,11,0,[J@726e5805,847,33,NaN
,loop-new,count_by_1_variant_true-unreach-call.c,Kojak-FP.epf,CodeCheckWithBE_C.xml,ExpectedResult: SAFE UltimateResult: NO_RESULT   NO_RESULT,6.2096575706E10,7.61266176E8,1.908932608E9,68,0,[J@38792ba2,21038,2479,0.39820359281437123
,loop-invgen,apache-escape-absolute_true-unreach-call.c,TreeInterpolation.epf,AutomizerC.xml,ExpectedResult: SAFE UltimateResult: SYNTAX_ERROR   [ShortDescription: Incorrect Syntax LongDescription: Error: unexpected dispatch result],6080910.0,2.33832448E8,1.908932608E9,null,null,null,null,null,null
,ssh-simplified,s3_clnt_1_false-unreach-call.cil.c,Kojak-FP.epf,CodeCheckWithBE_C.xml,ExpectedResult: UNSAFE UltimateResult: UNSAFE   unknown kind of specification may be violated ,2.119211912E9,7.85383424E8,1.908932608E9,26,0,[J@38ce8230,2872,93,0.5380434782608695
,locks,test_locks_10_true-unreach-call.c,ForwardPredicates.epf,AutomizerC.xml,ExpectedResult: SAFE UltimateResult: SAFE   [ShortDescription: All specifications hold LongDescription: 1 specifications checked. All of them hold],1.069550722E9,1.77733632E8,1.908932608E9,10,0,[J@40c80397,715,30,NaN
,ssh-simplified,s3_clnt_1_true-unreach-call.cil.c,Kojak-FP.epf,CodeCheckWithBE_C.xml,ExpectedResult: SAFE UltimateResult: SAFE   [ShortDescription: All specifications hold LongDescription: 1 specifications checked. All of them hold],4.3836816956E10,8.19462144E8,1.908932608E9,88,0,[J@2f3f23,26469,367,0.9662952263034805
,loop-new,count_by_1_true-unreach-call.c,ForwardPredicates.epf,AutomizerC.xml,ExpectedResult: SAFE UltimateResult: TIMEOUT   [ShortDescription: Timeout LongDescription: Timout or Toolchain cancelled by user],5.9998491319E10,7.46061824E8,1.908932608E9,null,null,null,null,null,null
,locks,test_locks_10_true-unreach-call.c,Kojak-TreeInterpolation.epf,CodeCheckWithBE_C.xml,ExpectedResult: SAFE UltimateResult: SAFE   [ShortDescription: All specifications hold LongDescription: 1 specifications checked. All of them hold],4.40528534E8,1.95035136E8,1.908932608E9,2,0,-1,-1,-1,NaN
,systemc,kundu1_false-unreach-call_false-termination.cil.c,ForwardPredicates.epf,AutomizerC.xml,ExpectedResult: UNSAFE UltimateResult: UNSAFE   a call of __VERIFIER_error() is reachable ,1.1532309215E10,8.13170688E8,1.908932608E9,26,0,[J@4b672daa,11526,279,0.9133980582524271
,loop-invgen,apache-get-tag_true-unreach-call.c,Kojak-TreeInterpolation.epf,CodeCheckWithBE_C.xml,ExpectedResult: SAFE UltimateResult: SYNTAX_ERROR   [ShortDescription: Incorrect Syntax LongDescription: Error: unexpected dispatch result],4998575.0,2.33832448E8,1.908932608E9,null,null,null,null,null,null
,ntdrivers-simplified,cdaudio_simpl1_false-unreach-call_true-termination.cil.c,TreeInterpolation.epf,AutomizerC.xml,ExpectedResult: UNSAFE UltimateResult: UNSAFE   a call of __VERIFIER_error() is reachable ,4.302507713E9,7.97442048E8,1.908932608E9,57,0,null,null,null,1.0
,recursive,Ackermann01_true-unreach-call.c,Kojak-TreeInterpolation.epf,CodeCheckWithBE_C.xml,ExpectedResult: SAFE UltimateResult: SAFE   [ShortDescription: All specifications hold LongDescription: 1 specifications checked. All of them hold],1.636513E8,7.84859136E8,1.908932608E9,7,0,-1,-1,-1,0.7
,ssh-simplified,s3_clnt_1_false-unreach-call.cil.c,ForwardPredicates.epf,AutomizerC.xml,ExpectedResult: UNSAFE UltimateResult: UNSAFE   a call of __VERIFIER_error() is reachable ,2.935125E8,7.85383424E8,1.908932608E9,8,0,[J@ea9b7c6,879,19,0.7888198757763976
,ntdrivers-simplified,cdaudio_simpl1_false-unreach-call_true-termination.cil.c,Kojak-FP.epf,CodeCheckWithBE_C.xml,ExpectedResult: UNSAFE UltimateResult: NO_RESULT   NO_RESULT,6.0223720594E10,8.08452096E8,1.908932608E9,118,0,[J@43ff0b93,40653,1003,1.0
,ssh-simplified,s3_clnt_1_true-unreach-call.cil.c,Kojak-TreeInterpolation.epf,CodeCheckWithBE_C.xml,ExpectedResult: SAFE UltimateResult: SAFE   [ShortDescription: All specifications hold LongDescription: 1 specifications checked. All of them hold],5.7614197513E10,8.19462144E8,1.908932608E9,112,0,-1,-1,-1,0.975942441729746
,ntdrivers-simplified,cdaudio_simpl1_false-unreach-call_true-termination.cil.c,Kojak-TreeInterpolation.epf,CodeCheckWithBE_C.xml,ExpectedResult: UNSAFE UltimateResult: NO_RESULT   NO_RESULT,6.0909433363E10,8.08452096E8,1.908932608E9,143,0,-1,-1,-1,0.6666666666666666
,recursive,Ackermann02_false-unreach-call_false-termination.c,TreeInterpolation.epf,AutomizerC.xml,ExpectedResult: UNSAFE UltimateResult: UNSAFE   a call of __VERIFIER_error() is reachable ,6.1126396E7,7.85383424E8,1.908932608E9,4,0,null,null,null,0.7894736842105263
,ssh-simplified,s3_clnt_1_false-unreach-call.cil.c,TreeInterpolation.epf,AutomizerC.xml,ExpectedResult: UNSAFE UltimateResult: UNSAFE   a call of __VERIFIER_error() is reachable ,4.50691178E8,7.94820608E8,1.908932608E9,14,0,null,null,null,0.8627145085803433
,loop-new,count_by_1_true-unreach-call.c,Kojak-FP.epf,CodeCheckWithBE_C.xml,ExpectedResult: SAFE UltimateResult: NO_RESULT   NO_RESULT,6.0437801534E10,7.5235328E8,1.908932608E9,88,0,[J@4f89bfc8,12702,3915,0.0
,locks,test_locks_11_true-unreach-call_false-termination.c,Kojak-FP.epf,CodeCheckWithBE_C.xml,ExpectedResult: SAFE UltimateResult: SAFE   [ShortDescription: All specifications hold LongDescription: 1 specifications checked. All of them hold],4.17912855E8,2.10763776E8,1.908932608E9,2,0,[J@4c0797ac,23,1,NaN
,loop-invgen,apache-get-tag_true-unreach-call.c,TreeInterpolation.epf,AutomizerC.xml,ExpectedResult: SAFE UltimateResult: SYNTAX_ERROR   [ShortDescription: Incorrect Syntax LongDescription: Error: unexpected dispatch result],5645581.0,2.33832448E8,1.908932608E9,null,null,null,null,null,null
,loop-invgen,apache-escape-absolute_true-unreach-call.c,Kojak-TreeInterpolation.epf,CodeCheckWithBE_C.xml,ExpectedResult: SAFE UltimateResult: SYNTAX_ERROR   [ShortDescription: Incorrect Syntax LongDescription: Error: unexpected dispatch result],8126695.0,2.33832448E8,1.908932608E9,null,null,null,null,null,null
,loop-new,count_by_1_variant_true-unreach-call.c,ForwardPredicates.epf,AutomizerC.xml,ExpectedResult: SAFE UltimateResult: EXCEPTION_OR_ERROR   [ShortDescription: SMTLIBException LongDescription: de.uni_freiburg.informatik.ultimate.logic.SMTLIBException: Cannot create quantifier in quantifier-free logic],8.6379704E7,7.61266176E8,1.908932608E9,null,null,null,null,null,null
,systemc,bist_cell_true-unreach-call_false-termination.cil.c,ForwardPredicates.epf,AutomizerC.xml,ExpectedResult: SAFE UltimateResult: SAFE   [ShortDescription: All specifications hold LongDescription: 1 specifications checked. All of them hold],5.410411783E9,8.16316416E8,1.908932608E9,10,0,[J@e077866,7073,158,0.6480938416422287
,loop-invgen,apache-get-tag_true-unreach-call.c,Kojak-FP.epf,CodeCheckWithBE_C.xml,ExpectedResult: SAFE UltimateResult: SYNTAX_ERROR   [ShortDescription: Incorrect Syntax LongDescription: Error: unexpected dispatch result],4389630.0,2.33832448E8,1.908932608E9,null,null,null,null,null,null
,ntdrivers-simplified,cdaudio_simpl1_true-unreach-call_true-termination.cil.c,Kojak-TreeInterpolation.epf,CodeCheckWithBE_C.xml,ExpectedResult: SAFE UltimateResult: NO_RESULT   NO_RESULT,6.0297353479E10,8.42530816E8,1.908932608E9,150,0,-1,-1,-1,0.8
,loop-new,count_by_1_true-unreach-call.c,TreeInterpolation.epf,AutomizerC.xml,ExpectedResult: SAFE UltimateResult: TIMEOUT   [ShortDescription: Timeout LongDescription: Unable to prove that call of __VERIFIER_error() unreachable (line 5)],6.0014674149E10,7.61266176E8,1.908932608E9,86,0,null,null,null,0.0
,recursive,Ackermann02_false-unreach-call_false-termination.c,ForwardPredicates.epf,AutomizerC.xml,ExpectedResult: UNSAFE UltimateResult: UNSAFE   a call of __VERIFIER_error() is reachable ,7.4783213E7,7.85383424E8,1.908932608E9,4,0,[J@ed3068a,108,13,0.8421052631578947
,systemc,kundu1_false-unreach-call_false-termination.cil.c,TreeInterpolation.epf,AutomizerC.xml,ExpectedResult: UNSAFE UltimateResult: UNSAFE   a call of __VERIFIER_error() is reachable ,1.0495399976E10,7.93247744E8,1.908932608E9,22,0,null,null,null,0.9028901734104047
,recursive,Ackermann01_true-unreach-call.c,Kojak-FP.epf,CodeCheckWithBE_C.xml,ExpectedResult: SAFE UltimateResult: SAFE   [ShortDescription: All specifications hold LongDescription: 1 specifications checked. All of them hold],5.9999852469E10,8.29423616E8,1.908932608E9,342,0,[J@13215aee,30411,2437,0.7922874671340929
,recursive,Ackermann02_false-unreach-call_false-termination.c,Kojak-TreeInterpolation.epf,CodeCheckWithBE_C.xml,ExpectedResult: UNSAFE UltimateResult: NO_RESULT   NO_RESULT,6.0004951537E10,7.85383424E8,1.908932608E9,7223,0,-1,-1,-1,0.999949635486836
,ntdrivers-simplified,cdaudio_simpl1_true-unreach-call_true-termination.cil.c,ForwardPredicates.epf,AutomizerC.xml,ExpectedResult: SAFE UltimateResult: UNSAFE   a call of __VERIFIER_error() is reachable ,4.434929138E9,7.97966336E8,1.908932608E9,67,0,[J@7c2b6087,25823,564,1.0
,loop-invgen,apache-escape-absolute_true-unreach-call.c,ForwardPredicates.epf,AutomizerC.xml,ExpectedResult: SAFE UltimateResult: SYNTAX_ERROR   [ShortDescription: Incorrect Syntax LongDescription: Error: unexpected dispatch result],1.9402035E7,2.33832448E8,1.908932608E9,null,null,null,null,null,null
,locks,test_locks_11_true-unreach-call_false-termination.c,TreeInterpolation.epf,AutomizerC.xml,ExpectedResult: SAFE UltimateResult: SAFE   [ShortDescription: All specifications hold LongDescription: 1 specifications checked. All of them hold],2.23984442E8,2.1757952E8,1.908932608E9,11,0,null,null,null,NaN
,ntdrivers-simplified,cdaudio_simpl1_true-unreach-call_true-termination.cil.c,Kojak-FP.epf,CodeCheckWithBE_C.xml,ExpectedResult: SAFE UltimateResult: NO_RESULT   NO_RESULT,6.018685369E10,8.14743552E8,1.908932608E9,121,0,[J@c9989fa,41493,939,1.0
,locks,test_locks_10_true-unreach-call.c,Kojak-FP.epf,CodeCheckWithBE_C.xml,ExpectedResult: SAFE UltimateResult: SAFE   [ShortDescription: All specifications hold LongDescription: 1 specifications checked. All of them hold],5.37134601E8,1.89267968E8,1.908932608E9,2,0,[J@1d2d35bd,22,1,NaN
,recursive,Ackermann01_true-unreach-call.c,ForwardPredicates.epf,AutomizerC.xml,ExpectedResult: SAFE UltimateResult: EXCEPTION_OR_ERROR   [ShortDescription: ArrayIndexOutOfBoundsException LongDescription: java.lang.ArrayIndexOutOfBoundsException: -1],3.02074948E8,8.29423616E8,1.908932608E9,null,null,null,null,null,null
,ntdrivers-simplified,cdaudio_simpl1_false-unreach-call_true-termination.cil.c,ForwardPredicates.epf,AutomizerC.xml,ExpectedResult: UNSAFE UltimateResult: UNSAFE   a call of __VERIFIER_error() is reachable ,7.133046622E9,7.61266176E8,1.908932608E9,68,0,[J@3fffff43,26211,552,1.0
,ssh-simplified,s3_clnt_1_false-unreach-call.cil.c,Kojak-TreeInterpolation.epf,CodeCheckWithBE_C.xml,ExpectedResult: UNSAFE UltimateResult: UNSAFE   unknown kind of specification may be violated ,1.464932139E9,7.94820608E8,1.908932608E9,22,0,-1,-1,-1,0.4957983193277311
,locks,test_locks_10_true-unreach-call.c,TreeInterpolation.epf,AutomizerC.xml,ExpectedResult: SAFE UltimateResult: SAFE   [ShortDescription: All specifications hold LongDescription: 1 specifications checked. All of them hold],2.55352441E8,1.95035136E8,1.908932608E9,10,0,null,null,null,NaN
,ntdrivers-simplified,cdaudio_simpl1_true-unreach-call_true-termination.cil.c,TreeInterpolation.epf,AutomizerC.xml,ExpectedResult: SAFE UltimateResult: UNSAFE   a call of __VERIFIER_error() is reachable ,3.717818861E9,8.4148224E8,1.908932608E9,55,0,null,null,null,1.0
,ssh-simplified,s3_clnt_1_true-unreach-call.cil.c,ForwardPredicates.epf,AutomizerC.xml,ExpectedResult: SAFE UltimateResult: SAFE   [ShortDescription: All specifications hold LongDescription: 2 specifications checked. All of them hold],9.33852365E8,7.84334848E8,1.908932608E9,17,0,[J@a8e6492,6476,55,0.89730241362991
,locks,test_locks_11_true-unreach-call_false-termination.c,Kojak-TreeInterpolation.epf,CodeCheckWithBE_C.xml,ExpectedResult: SAFE UltimateResult: SAFE   [ShortDescription: All specifications hold LongDescription: 1 specifications checked. All of them hold],6.94119992E8,2.1757952E8,1.908932608E9,2,0,-1,-1,-1,NaN
,recursive,Ackermann01_true-unreach-call.c,TreeInterpolation.epf,AutomizerC.xml,ExpectedResult: SAFE UltimateResult: EXCEPTION_OR_ERROR   [ShortDescription: ArrayIndexOutOfBoundsException LongDescription: java.lang.ArrayIndexOutOfBoundsException],2.43518615E8,7.85383424E8,1.908932608E9,null,null,null,null,null,null
,systemc,kundu1_false-unreach-call_false-termination.cil.c,Kojak-FP.epf,CodeCheckWithBE_C.xml,ExpectedResult: UNSAFE UltimateResult: NO_RESULT   NO_RESULT,6.0077981891E10,8.16840704E8,1.908932608E9,106,0,[J@47a5fe21,33157,1990,0.9941002949852508
,loop-new,count_by_1_variant_true-unreach-call.c,Kojak-TreeInterpolation.epf,CodeCheckWithBE_C.xml,ExpectedResult: SAFE UltimateResult: NO_RESULT   NO_RESULT,6.0339023532E10,7.56023296E8,1.908932608E9,92,0,-1,-1,-1,0.3986784140969163
,systemc,bist_cell_true-unreach-call_false-termination.cil.c,Kojak-TreeInterpolation.epf,CodeCheckWithBE_C.xml,ExpectedResult: SAFE UltimateResult: NO_RESULT   NO_RESULT,6.0090133019E10,8.22083584E8,1.908932608E9,82,0,-1,-1,-1,0.33992094861660077
,loop-invgen,apache-escape-absolute_true-unreach-call.c,Kojak-FP.epf,CodeCheckWithBE_C.xml,ExpectedResult: SAFE UltimateResult: SYNTAX_ERROR   [ShortDescription: Incorrect Syntax LongDescription: Error: unexpected dispatch result],7252190.0,2.33832448E8,1.908932608E9,null,null,null,null,null,null


################################# Summary #######################
Safe: 16
Unsafe: 10
Timeout: 3
Error: 27
Expected Safe: 40
Expected Unsafe: 16
Total: 56
CSV conversion gone wrong: 0

################################# Latex #######################
\newcommand{\headcolor}{}
\newcommand{\header}[1]{\parbox{2.8em}{\centering #1}\headcolor}
\newcommand{\folder}[1]{\parbox{5em}{#1}}
\begin{table}
\centering
\resizebox{\linewidth}{!}{%
\begin{tabu} to \linewidth {lcllcccccccccc}
\toprule
  \header{}& 
  \header{Count}&
  \header{Result}&
  \header{Variant}& 
  \header{Count}&
  \header{Avg. runtime}&
  \header{Mem{-}ory}&
  \header{Iter{-}ations}&
  \header{Loc{-}ations}&
  \header{Pred. size}&
  \header{Conj. SSA}&
  \header{Conj. IC}&
  \header{ICC}\\
  \cmidrule(r){2-14}
\multirow{10}{*}{\folder{systemc}} &
\multirow{2}{*}{1} &
\multirow{2}{*}{\folder{Unsafe}} 
 & Kojak-FP.epf & 0 & - & - & - & - & - & - & - & -\\
 &  &  & Kojak-TreeInterpolation.epf & 0 & - & - & - & - & - & - & - & -\\
& \multirow{2}{*}{1} &
\multirow{2}{*}{\folder{Safe}} 
 & Kojak-FP.epf & 0 & - & - & - & - & - & - & - & -\\
 &  &  & Kojak-TreeInterpolation.epf & 0 & - & - & - & - & - & - & - & -\\
& & \multirow{2}{*}{\folder{Timeout}} 
 & Kojak-FP.epf & 0 & - & - & - & - & - & - & - & -\\
 &  &  & Kojak-TreeInterpolation.epf & 0 & - & - & - & - & - & - & - & -\\
& & \multirow{2}{*}{\folder{Error}} 
 & Kojak-FP.epf & 2 & 62.54 s & 780.50 MB & 62 & 0 & - & 20.3 K & 1.2 K & 61.63\%\\
 &  &  & Kojak-TreeInterpolation.epf & 2 & 60.13 s & 763.25 MB & 145 & 0 & -1 & -1 & -1 & 63.21\%\\
& \multirow{2}{*}{2} &
\multirow{2}{*}{\folder{Total}} 
 & Kojak-FP.epf & 2 & 62.54 s & 780.50 MB & 62 & 0 & - & 20.3 K & 1.2 K & 61.63\%\\
 &  &  & Kojak-TreeInterpolation.epf & 2 & 60.13 s & 763.25 MB & 145 & 0 & -1 & -1 & -1 & 63.21\%\\
\midrule
\multirow{10}{*}{\folder{ssh-simplified}} &
\multirow{2}{*}{1} &
\multirow{2}{*}{\folder{Unsafe}} 
 & Kojak-FP.epf & 1 & 2.12 s & 749.00 MB & 26 & 0 & - & 2.9 K & 93 & 53.80\%\\
 &  &  & Kojak-TreeInterpolation.epf & 1 & 1.46 s & 758.00 MB & 22 & 0 & -1 & -1 & -1 & 49.58\%\\
& \multirow{2}{*}{1} &
\multirow{2}{*}{\folder{Safe}} 
 & Kojak-FP.epf & 1 & 43.84 s & 781.50 MB & 88 & 0 & - & 26.5 K & 367 & 96.63\%\\
 &  &  & Kojak-TreeInterpolation.epf & 1 & 57.61 s & 781.50 MB & 112 & 0 & -1 & -1 & -1 & 97.59\%\\
& & \multirow{2}{*}{\folder{Timeout}} 
 & Kojak-FP.epf & 0 & - & - & - & - & - & - & - & -\\
 &  &  & Kojak-TreeInterpolation.epf & 0 & - & - & - & - & - & - & - & -\\
& & \multirow{2}{*}{\folder{Error}} 
 & Kojak-FP.epf & 0 & - & - & - & - & - & - & - & -\\
 &  &  & Kojak-TreeInterpolation.epf & 0 & - & - & - & - & - & - & - & -\\
& \multirow{2}{*}{2} &
\multirow{2}{*}{\folder{Total}} 
 & Kojak-FP.epf & 2 & 22.98 s & 765.25 MB & 57 & 0 & - & 14.7 K & 230 & 75.22\%\\
 &  &  & Kojak-TreeInterpolation.epf & 2 & 29.54 s & 769.75 MB & 67 & 0 & -1 & -1 & -1 & 73.59\%\\
\midrule
\multirow{10}{*}{\folder{loop-invgen}} &
\multirow{2}{*}{0} &
\multirow{2}{*}{\folder{Unsafe}} 
 & Kojak-FP.epf & 0 & - & - & - & - & - & - & - & -\\
 &  &  & Kojak-TreeInterpolation.epf & 0 & - & - & - & - & - & - & - & -\\
& \multirow{2}{*}{2} &
\multirow{2}{*}{\folder{Safe}} 
 & Kojak-FP.epf & 0 & - & - & - & - & - & - & - & -\\
 &  &  & Kojak-TreeInterpolation.epf & 0 & - & - & - & - & - & - & - & -\\
& & \multirow{2}{*}{\folder{Timeout}} 
 & Kojak-FP.epf & 0 & - & - & - & - & - & - & - & -\\
 &  &  & Kojak-TreeInterpolation.epf & 0 & - & - & - & - & - & - & - & -\\
& & \multirow{2}{*}{\folder{Error}} 
 & Kojak-FP.epf & 2 & 0.01 s & 223.00 MB & - & - & - & - & - & -\\
 &  &  & Kojak-TreeInterpolation.epf & 2 & 0.01 s & 223.00 MB & - & - & - & - & - & -\\
& \multirow{2}{*}{2} &
\multirow{2}{*}{\folder{Total}} 
 & Kojak-FP.epf & 2 & 0.01 s & 223.00 MB & - & - & - & - & - & -\\
 &  &  & Kojak-TreeInterpolation.epf & 2 & 0.01 s & 223.00 MB & - & - & - & - & - & -\\
\midrule
\multirow{10}{*}{\folder{loop-new}} &
\multirow{2}{*}{0} &
\multirow{2}{*}{\folder{Unsafe}} 
 & Kojak-FP.epf & 0 & - & - & - & - & - & - & - & -\\
 &  &  & Kojak-TreeInterpolation.epf & 0 & - & - & - & - & - & - & - & -\\
& \multirow{2}{*}{2} &
\multirow{2}{*}{\folder{Safe}} 
 & Kojak-FP.epf & 0 & - & - & - & - & - & - & - & -\\
 &  &  & Kojak-TreeInterpolation.epf & 0 & - & - & - & - & - & - & - & -\\
& & \multirow{2}{*}{\folder{Timeout}} 
 & Kojak-FP.epf & 0 & - & - & - & - & - & - & - & -\\
 &  &  & Kojak-TreeInterpolation.epf & 0 & - & - & - & - & - & - & - & -\\
& & \multirow{2}{*}{\folder{Error}} 
 & Kojak-FP.epf & 2 & 61.27 s & 721.75 MB & 78 & 0 & - & 16.9 K & 3.2 K & 19.91\%\\
 &  &  & Kojak-TreeInterpolation.epf & 2 & 60.62 s & 720.25 MB & 112 & 0 & -1 & -1 & -1 & 19.93\%\\
& \multirow{2}{*}{2} &
\multirow{2}{*}{\folder{Total}} 
 & Kojak-FP.epf & 2 & 61.27 s & 721.75 MB & 78 & 0 & - & 16.9 K & 3.2 K & 19.91\%\\
 &  &  & Kojak-TreeInterpolation.epf & 2 & 60.62 s & 720.25 MB & 112 & 0 & -1 & -1 & -1 & 19.93\%\\
\midrule
\multirow{10}{*}{\folder{locks}} &
\multirow{2}{*}{0} &
\multirow{2}{*}{\folder{Unsafe}} 
 & Kojak-FP.epf & 0 & - & - & - & - & - & - & - & -\\
 &  &  & Kojak-TreeInterpolation.epf & 0 & - & - & - & - & - & - & - & -\\
& \multirow{2}{*}{2} &
\multirow{2}{*}{\folder{Safe}} 
 & Kojak-FP.epf & 2 & 0.48 s & 190.75 MB & 2 & 0 & - & 22 & 1 & -\\
 &  &  & Kojak-TreeInterpolation.epf & 2 & 0.57 s & 196.75 MB & 2 & 0 & -1 & -1 & -1 & -\\
& & \multirow{2}{*}{\folder{Timeout}} 
 & Kojak-FP.epf & 0 & - & - & - & - & - & - & - & -\\
 &  &  & Kojak-TreeInterpolation.epf & 0 & - & - & - & - & - & - & - & -\\
& & \multirow{2}{*}{\folder{Error}} 
 & Kojak-FP.epf & 0 & - & - & - & - & - & - & - & -\\
 &  &  & Kojak-TreeInterpolation.epf & 0 & - & - & - & - & - & - & - & -\\
& \multirow{2}{*}{2} &
\multirow{2}{*}{\folder{Total}} 
 & Kojak-FP.epf & 2 & 0.48 s & 190.75 MB & 2 & 0 & - & 22 & 1 & -\\
 &  &  & Kojak-TreeInterpolation.epf & 2 & 0.57 s & 196.75 MB & 2 & 0 & -1 & -1 & -1 & -\\
\midrule
\multirow{10}{*}{\folder{ntdrivers-simplified}} &
\multirow{2}{*}{1} &
\multirow{2}{*}{\folder{Unsafe}} 
 & Kojak-FP.epf & 0 & - & - & - & - & - & - & - & -\\
 &  &  & Kojak-TreeInterpolation.epf & 0 & - & - & - & - & - & - & - & -\\
& \multirow{2}{*}{1} &
\multirow{2}{*}{\folder{Safe}} 
 & Kojak-FP.epf & 0 & - & - & - & - & - & - & - & -\\
 &  &  & Kojak-TreeInterpolation.epf & 0 & - & - & - & - & - & - & - & -\\
& & \multirow{2}{*}{\folder{Timeout}} 
 & Kojak-FP.epf & 0 & - & - & - & - & - & - & - & -\\
 &  &  & Kojak-TreeInterpolation.epf & 0 & - & - & - & - & - & - & - & -\\
& & \multirow{2}{*}{\folder{Error}} 
 & Kojak-FP.epf & 2 & 60.21 s & 774.00 MB & 119 & 0 & - & 41.1 K & 971 & 100.00\%\\
 &  &  & Kojak-TreeInterpolation.epf & 2 & 60.60 s & 787.25 MB & 146 & 0 & -1 & -1 & -1 & 73.33\%\\
& \multirow{2}{*}{2} &
\multirow{2}{*}{\folder{Total}} 
 & Kojak-FP.epf & 2 & 60.21 s & 774.00 MB & 119 & 0 & - & 41.1 K & 971 & 100.00\%\\
 &  &  & Kojak-TreeInterpolation.epf & 2 & 60.60 s & 787.25 MB & 146 & 0 & -1 & -1 & -1 & 73.33\%\\
\midrule
\multirow{10}{*}{\folder{recursive}} &
\multirow{2}{*}{1} &
\multirow{2}{*}{\folder{Unsafe}} 
 & Kojak-FP.epf & 0 & - & - & - & - & - & - & - & -\\
 &  &  & Kojak-TreeInterpolation.epf & 0 & - & - & - & - & - & - & - & -\\
& \multirow{2}{*}{1} &
\multirow{2}{*}{\folder{Safe}} 
 & Kojak-FP.epf & 1 & 60.00 s & 791.00 MB & 342 & 0 & - & 30.4 K & 2.4 K & 79.23\%\\
 &  &  & Kojak-TreeInterpolation.epf & 1 & 0.16 s & 748.50 MB & 7 & 0 & -1 & -1 & -1 & 70.00\%\\
& & \multirow{2}{*}{\folder{Timeout}} 
 & Kojak-FP.epf & 0 & - & - & - & - & - & - & - & -\\
 &  &  & Kojak-TreeInterpolation.epf & 0 & - & - & - & - & - & - & - & -\\
& & \multirow{2}{*}{\folder{Error}} 
 & Kojak-FP.epf & 1 & 60.00 s & 749.00 MB & 6.0 K & 0 & - & 274.3 K & 17.9 K & 100.00\%\\
 &  &  & Kojak-TreeInterpolation.epf & 1 & 60.00 s & 749.00 MB & 7.2 K & 0 & -1 & -1 & -1 & 99.99\%\\
& \multirow{2}{*}{2} &
\multirow{2}{*}{\folder{Total}} 
 & Kojak-FP.epf & 2 & 60.00 s & 770.00 MB & 3.2 K & 0 & - & 152.4 K & 10.2 K & 89.61\%\\
 &  &  & Kojak-TreeInterpolation.epf & 2 & 30.08 s & 748.75 MB & 3.6 K & 0 & -1 & -1 & -1 & 85.00\%\\
\bottomrule
& & & & & & & & & & & & & \\
\end{tabu}}
\caption{Results for CodeCheckWithBE_C.xml.}
\end{table}
\begin{table}
\centering
\resizebox{\linewidth}{!}{%
\begin{tabu} to \linewidth {lcllcccccccccc}
\toprule
  \header{}& 
  \header{Count}&
  \header{Result}&
  \header{Variant}& 
  \header{Count}&
  \header{Avg. runtime}&
  \header{Mem{-}ory}&
  \header{Iter{-}ations}&
  \header{Loc{-}ations}&
  \header{Pred. size}&
  \header{Conj. SSA}&
  \header{Conj. IC}&
  \header{ICC}\\
  \cmidrule(r){2-14}
\multirow{10}{*}{\folder{systemc}} &
\multirow{2}{*}{1} &
\multirow{2}{*}{\folder{Unsafe}} 
 & ForwardPredicates.epf & 1 & 11.53 s & 775.50 MB & 26 & 0 & - & 11.5 K & 279 & 91.34\%\\
 &  &  & TreeInterpolation.epf & 1 & 10.50 s & 756.50 MB & 22 & 0 & - & - & - & 90.29\%\\
& \multirow{2}{*}{1} &
\multirow{2}{*}{\folder{Safe}} 
 & ForwardPredicates.epf & 1 & 5.41 s & 778.50 MB & 10 & 0 & - & 7.1 K & 158 & 64.81\%\\
 &  &  & TreeInterpolation.epf & 0 & - & - & - & - & - & - & - & -\\
& & \multirow{2}{*}{\folder{Timeout}} 
 & ForwardPredicates.epf & 0 & - & - & - & - & - & - & - & -\\
 &  &  & TreeInterpolation.epf & 1 & 61.65 s & 784.00 MB & 9 & 0 & - & - & - & 69.42\%\\
& & \multirow{2}{*}{\folder{Error}} 
 & ForwardPredicates.epf & 0 & - & - & - & - & - & - & - & -\\
 &  &  & TreeInterpolation.epf & 0 & - & - & - & - & - & - & - & -\\
& \multirow{2}{*}{2} &
\multirow{2}{*}{\folder{Total}} 
 & ForwardPredicates.epf & 2 & 8.47 s & 777.00 MB & 18 & 0 & - & 9.3 K & 218 & 78.07\%\\
 &  &  & TreeInterpolation.epf & 2 & 36.07 s & 770.25 MB & 15 & 0 & - & - & - & 79.85\%\\
\midrule
\multirow{10}{*}{\folder{loop-invgen}} &
\multirow{2}{*}{0} &
\multirow{2}{*}{\folder{Unsafe}} 
 & ForwardPredicates.epf & 0 & - & - & - & - & - & - & - & -\\
 &  &  & TreeInterpolation.epf & 0 & - & - & - & - & - & - & - & -\\
& \multirow{2}{*}{2} &
\multirow{2}{*}{\folder{Safe}} 
 & ForwardPredicates.epf & 0 & - & - & - & - & - & - & - & -\\
 &  &  & TreeInterpolation.epf & 0 & - & - & - & - & - & - & - & -\\
& & \multirow{2}{*}{\folder{Timeout}} 
 & ForwardPredicates.epf & 0 & - & - & - & - & - & - & - & -\\
 &  &  & TreeInterpolation.epf & 0 & - & - & - & - & - & - & - & -\\
& & \multirow{2}{*}{\folder{Error}} 
 & ForwardPredicates.epf & 2 & 0.01 s & 223.00 MB & - & - & - & - & - & -\\
 &  &  & TreeInterpolation.epf & 2 & 0.01 s & 223.00 MB & - & - & - & - & - & -\\
& \multirow{2}{*}{2} &
\multirow{2}{*}{\folder{Total}} 
 & ForwardPredicates.epf & 2 & 0.01 s & 223.00 MB & - & - & - & - & - & -\\
 &  &  & TreeInterpolation.epf & 2 & 0.01 s & 223.00 MB & - & - & - & - & - & -\\
\midrule
\multirow{10}{*}{\folder{ssh-simplified}} &
\multirow{2}{*}{1} &
\multirow{2}{*}{\folder{Unsafe}} 
 & ForwardPredicates.epf & 1 & 0.29 s & 749.00 MB & 8 & 0 & - & 879 & 19 & 78.88\%\\
 &  &  & TreeInterpolation.epf & 1 & 0.45 s & 758.00 MB & 14 & 0 & - & - & - & 86.27\%\\
& \multirow{2}{*}{1} &
\multirow{2}{*}{\folder{Safe}} 
 & ForwardPredicates.epf & 1 & 0.93 s & 748.00 MB & 17 & 0 & - & 6.5 K & 55 & 89.73\%\\
 &  &  & TreeInterpolation.epf & 1 & 1.14 s & 780.00 MB & 24 & 0 & - & - & - & 93.65\%\\
& & \multirow{2}{*}{\folder{Timeout}} 
 & ForwardPredicates.epf & 0 & - & - & - & - & - & - & - & -\\
 &  &  & TreeInterpolation.epf & 0 & - & - & - & - & - & - & - & -\\
& & \multirow{2}{*}{\folder{Error}} 
 & ForwardPredicates.epf & 0 & - & - & - & - & - & - & - & -\\
 &  &  & TreeInterpolation.epf & 0 & - & - & - & - & - & - & - & -\\
& \multirow{2}{*}{2} &
\multirow{2}{*}{\folder{Total}} 
 & ForwardPredicates.epf & 2 & 0.61 s & 748.50 MB & 12 & 0 & - & 3.7 K & 37 & 84.31\%\\
 &  &  & TreeInterpolation.epf & 2 & 0.80 s & 769.00 MB & 19 & 0 & - & - & - & 89.96\%\\
\midrule
\multirow{10}{*}{\folder{loop-new}} &
\multirow{2}{*}{0} &
\multirow{2}{*}{\folder{Unsafe}} 
 & ForwardPredicates.epf & 0 & - & - & - & - & - & - & - & -\\
 &  &  & TreeInterpolation.epf & 0 & - & - & - & - & - & - & - & -\\
& \multirow{2}{*}{2} &
\multirow{2}{*}{\folder{Safe}} 
 & ForwardPredicates.epf & 0 & - & - & - & - & - & - & - & -\\
 &  &  & TreeInterpolation.epf & 1 & 0.07 s & 719.00 MB & 3 & 0 & - & - & - & 69.57\%\\
& & \multirow{2}{*}{\folder{Timeout}} 
 & ForwardPredicates.epf & 1 & 60.00 s & 711.50 MB & - & - & - & - & - & -\\
 &  &  & TreeInterpolation.epf & 1 & 60.01 s & 726.00 MB & 86 & 0 & - & - & - & 0.00\%\\
& & \multirow{2}{*}{\folder{Error}} 
 & ForwardPredicates.epf & 1 & 0.09 s & 726.00 MB & - & - & - & - & - & -\\
 &  &  & TreeInterpolation.epf & 0 & - & - & - & - & - & - & - & -\\
& \multirow{2}{*}{2} &
\multirow{2}{*}{\folder{Total}} 
 & ForwardPredicates.epf & 2 & 30.04 s & 718.75 MB & - & - & - & - & - & -\\
 &  &  & TreeInterpolation.epf & 2 & 30.04 s & 722.50 MB & 44 & 0 & - & - & - & 34.78\%\\
\midrule
\multirow{10}{*}{\folder{locks}} &
\multirow{2}{*}{0} &
\multirow{2}{*}{\folder{Unsafe}} 
 & ForwardPredicates.epf & 0 & - & - & - & - & - & - & - & -\\
 &  &  & TreeInterpolation.epf & 0 & - & - & - & - & - & - & - & -\\
& \multirow{2}{*}{2} &
\multirow{2}{*}{\folder{Safe}} 
 & ForwardPredicates.epf & 2 & 0.72 s & 185.25 MB & 10 & 0 & - & 781 & 31 & -\\
 &  &  & TreeInterpolation.epf & 2 & 0.24 s & 196.75 MB & 10 & 0 & - & - & - & -\\
& & \multirow{2}{*}{\folder{Timeout}} 
 & ForwardPredicates.epf & 0 & - & - & - & - & - & - & - & -\\
 &  &  & TreeInterpolation.epf & 0 & - & - & - & - & - & - & - & -\\
& & \multirow{2}{*}{\folder{Error}} 
 & ForwardPredicates.epf & 0 & - & - & - & - & - & - & - & -\\
 &  &  & TreeInterpolation.epf & 0 & - & - & - & - & - & - & - & -\\
& \multirow{2}{*}{2} &
\multirow{2}{*}{\folder{Total}} 
 & ForwardPredicates.epf & 2 & 0.72 s & 185.25 MB & 10 & 0 & - & 781 & 31 & -\\
 &  &  & TreeInterpolation.epf & 2 & 0.24 s & 196.75 MB & 10 & 0 & - & - & - & -\\
\midrule
\multirow{10}{*}{\folder{ntdrivers-simplified}} &
\multirow{2}{*}{1} &
\multirow{2}{*}{\folder{Unsafe}} 
 & ForwardPredicates.epf & 1 & 7.13 s & 726.00 MB & 68 & 0 & - & 26.2 K & 552 & 100.00\%\\
 &  &  & TreeInterpolation.epf & 1 & 4.30 s & 760.50 MB & 57 & 0 & - & - & - & 100.00\%\\
& \multirow{2}{*}{1} &
\multirow{2}{*}{\folder{Safe}} 
 & ForwardPredicates.epf & 0 & - & - & - & - & - & - & - & -\\
 &  &  & TreeInterpolation.epf & 0 & - & - & - & - & - & - & - & -\\
& & \multirow{2}{*}{\folder{Timeout}} 
 & ForwardPredicates.epf & 0 & - & - & - & - & - & - & - & -\\
 &  &  & TreeInterpolation.epf & 0 & - & - & - & - & - & - & - & -\\
& & \multirow{2}{*}{\folder{Error}} 
 & ForwardPredicates.epf & 1 & 4.43 s & 761.00 MB & 67 & 0 & - & 25.8 K & 564 & 100.00\%\\
 &  &  & TreeInterpolation.epf & 1 & 3.72 s & 802.50 MB & 55 & 0 & - & - & - & 100.00\%\\
& \multirow{2}{*}{2} &
\multirow{2}{*}{\folder{Total}} 
 & ForwardPredicates.epf & 2 & 5.78 s & 743.50 MB & 67 & 0 & - & 26.0 K & 558 & 100.00\%\\
 &  &  & TreeInterpolation.epf & 2 & 4.01 s & 781.50 MB & 56 & 0 & - & - & - & 100.00\%\\
\midrule
\multirow{10}{*}{\folder{recursive}} &
\multirow{2}{*}{1} &
\multirow{2}{*}{\folder{Unsafe}} 
 & ForwardPredicates.epf & 1 & 0.07 s & 749.00 MB & 4 & 0 & - & 108 & 13 & 84.21\%\\
 &  &  & TreeInterpolation.epf & 1 & 0.06 s & 749.00 MB & 4 & 0 & - & - & - & 78.95\%\\
& \multirow{2}{*}{1} &
\multirow{2}{*}{\folder{Safe}} 
 & ForwardPredicates.epf & 0 & - & - & - & - & - & - & - & -\\
 &  &  & TreeInterpolation.epf & 0 & - & - & - & - & - & - & - & -\\
& & \multirow{2}{*}{\folder{Timeout}} 
 & ForwardPredicates.epf & 0 & - & - & - & - & - & - & - & -\\
 &  &  & TreeInterpolation.epf & 0 & - & - & - & - & - & - & - & -\\
& & \multirow{2}{*}{\folder{Error}} 
 & ForwardPredicates.epf & 1 & 0.30 s & 791.00 MB & - & - & - & - & - & -\\
 &  &  & TreeInterpolation.epf & 1 & 0.24 s & 749.00 MB & - & - & - & - & - & -\\
& \multirow{2}{*}{2} &
\multirow{2}{*}{\folder{Total}} 
 & ForwardPredicates.epf & 2 & 0.19 s & 770.00 MB & 2 & 0 & - & 54 & 6 & 42.11\%\\
 &  &  & TreeInterpolation.epf & 2 & 0.15 s & 749.00 MB & 2 & 0 & - & - & - & 39.47\%\\
\bottomrule
& & & & & & & & & & & & & \\
\end{tabu}}
\caption{Results for AutomizerC.xml.}
\end{table}