################################# CSV #######################
,Folder,File,Settings,Toolchain,Message,Runtime (ns),Allocated memory end (bytes)
,rers,Problem19_prop_041.c,LtlSoftwareModelCheckingC.epf,LtlSoftwareModelCheckingC.xml,ExpectedResult: UNSAFE UltimateResult: TIMEOUT   [ShortDescription: Timeout LongDescription: Timeout while trying to prove G((A || F(B)))],1199994907998.0,7819231232
,rers,Problem15_prop_045.c,LtlSoftwareModelCheckingC.epf,LtlSoftwareModelCheckingC.xml,ExpectedResult: SAFE UltimateResult: EXCEPTION_OR_ERROR   [de.uni_freiburg.informatik.ultimate.plugins.generator.buchiautomizer: OutOfMemoryError: GC overhead limit exceeded],584696256483.0,7891058688
,rers,Problem16_prop_039.c,LtlSoftwareModelCheckingC.epf,LtlSoftwareModelCheckingC.xml,ExpectedResult: UNSAFE UltimateResult: TIMEOUT   [ShortDescription: Timeout LongDescription: Timout or Toolchain cancelled by user],1200660621225.0,7635730432
,rers,Problem14_prop_014.c,LtlSoftwareModelCheckingC.epf,LtlSoftwareModelCheckingC.xml,ExpectedResult: UNSAFE UltimateResult: UNSAFE   Violation of LTL property (!(F(A)) || (B U C)) ,44686890847.0,8466202624
,rers,Problem18_prop_005.c,LtlSoftwareModelCheckingC.epf,LtlSoftwareModelCheckingC.xml,ExpectedResult: UNSAFE UltimateResult: TIMEOUT   [ShortDescription: Timeout LongDescription: Timeout while trying to prove (!(F(A)) || (B U (A || (C U (A || (B U (A || (C U (A || (D U A))))))))))],1432715210855.0,7785152512
,rers,Problem19_prop_039.c,LtlSoftwareModelCheckingC.epf,LtlSoftwareModelCheckingC.xml,ExpectedResult: UNSAFE UltimateResult: TIMEOUT   [ShortDescription: Timeout LongDescription: Timeout while trying to prove G((A || ((B U C) || G(B))))],1330307603115,7635730432
,rers,Problem14_prop_047.c,LtlSoftwareModelCheckingC.epf,LtlSoftwareModelCheckingC.xml,ExpectedResult: UNSAFE UltimateResult: UNSAFE   Violation of LTL property G((A || ((B U C) || G(B)))) ,212811285556.0,8418492416
,rers,Problem17_prop_006.c,LtlSoftwareModelCheckingC.epf,LtlSoftwareModelCheckingC.xml,ExpectedResult: UNSAFE UltimateResult: TIMEOUT   [ShortDescription: Timeout LongDescription: Timeout while trying to prove (G(A) || F((B && F(C))))],1507004571203.0,7635730432
,rers,Problem14_prop_048.c,LtlSoftwareModelCheckingC.epf,LtlSoftwareModelCheckingC.xml,ExpectedResult: SAFE UltimateResult: SAFE   [ShortDescription: All specifications hold LongDescription: We were not able to verify any specifiation because the program does not contain any specification.],164327498026.0,8415870976
,rers,Problem19_prop_001.c,LtlSoftwareModelCheckingC.epf,LtlSoftwareModelCheckingC.xml,ExpectedResult: SAFE UltimateResult: TIMEOUT   [ShortDescription: Timeout LongDescription: Timeout while trying to prove G((A || F(B)))],1298754372327.0,7863271424
,rers,Problem16_prop_016.c,LtlSoftwareModelCheckingC.epf,LtlSoftwareModelCheckingC.xml,ExpectedResult: SAFE UltimateResult: SAFE   [ShortDescription: All specifications hold LongDescription: We were not able to verify any specifiation because the program does not contain any specification.],51156749485.0,7610564608
,rers,Problem18_prop_043.c,LtlSoftwareModelCheckingC.epf,LtlSoftwareModelCheckingC.xml,ExpectedResult: SAFE UltimateResult: SAFE   [ShortDescription: All specifications hold LongDescription: We were not able to verify any specifiation because the program does not contain any specification.],285853213337.0,7588020224
,rers,Problem17_prop_020.c,LtlSoftwareModelCheckingC.epf,LtlSoftwareModelCheckingC.xml,ExpectedResult: SAFE UltimateResult: SAFE   [ShortDescription: All specifications hold LongDescription: We were not able to verify any specifiation because the program does not contain any specification.],203506434281.0,7635730432
,rers,Problem15_prop_001.c,LtlSoftwareModelCheckingC.epf,LtlSoftwareModelCheckingC.xml,ExpectedResult: SAFE UltimateResult: SAFE   [ShortDescription: All specifications hold LongDescription: We were not able to verify any specifiation because the program does not contain any specification.],61646603985.0,8159494144
,rers,Problem17_prop_044.c,LtlSoftwareModelCheckingC.epf,LtlSoftwareModelCheckingC.xml,ExpectedResult: SAFE UltimateResult: SAFE   [ShortDescription: All specifications hold LongDescription: We were not able to verify any specifiation because the program does not contain any specification.],64247411013.0,7635730432
,rers,Problem15_prop_049.c,LtlSoftwareModelCheckingC.epf,LtlSoftwareModelCheckingC.xml,ExpectedResult: SAFE UltimateResult: SAFE   [ShortDescription: All specifications hold LongDescription: We were not able to verify any specifiation because the program does not contain any specification.],84293064973.0,7635730432
,rers,Problem18_prop_044.c,LtlSoftwareModelCheckingC.epf,LtlSoftwareModelCheckingC.xml,ExpectedResult: SAFE UltimateResult: TIMEOUT   [ShortDescription: Timeout LongDescription: Timeout while trying to prove G((!((A && F(B))) || (C U B)))],1223935230450.0,7635730432
,rers,Problem15_prop_031.c,LtlSoftwareModelCheckingC.epf,LtlSoftwareModelCheckingC.xml,ExpectedResult: UNSAFE UltimateResult: TIMEOUT   [ShortDescription: Timeout LongDescription: Timeout while trying to prove ((A U ((B U ((A U ((B U G(A)) || G(B))) || G(A))) || G(B))) || G(A))],1199993723020.0,7635730432
,rers,Problem19_prop_007.c,LtlSoftwareModelCheckingC.epf,LtlSoftwareModelCheckingC.xml,ExpectedResult: UNSAFE UltimateResult: TIMEOUT   [ShortDescription: Timeout LongDescription: Timeout while trying to prove ((A U B) || G(A))],1199995184095.0,7919894528
,rers,Problem14_prop_049.c,LtlSoftwareModelCheckingC.epf,LtlSoftwareModelCheckingC.xml,ExpectedResult: SAFE UltimateResult: SAFE   [ShortDescription: All specifications hold LongDescription: We were not able to verify any specifiation because the program does not contain any specification.],83716819009.0,8331460608
,rers,Problem18_prop_023.c,LtlSoftwareModelCheckingC.epf,LtlSoftwareModelCheckingC.xml,ExpectedResult: UNSAFE UltimateResult: NO_RESULT   NO_RESULT,1192565542282.0,7818182656
,rers,Problem14_prop_041.c,LtlSoftwareModelCheckingC.epf,LtlSoftwareModelCheckingC.xml,ExpectedResult: UNSAFE UltimateResult: UNSAFE   Violation of LTL property G((A || (B U C))) ,133681461695.0,8369209344
,rers,Problem17_prop_010.c,LtlSoftwareModelCheckingC.epf,LtlSoftwareModelCheckingC.xml,ExpectedResult: SAFE UltimateResult: SAFE   [ShortDescription: All specifications hold LongDescription: We were not able to verify any specifiation because the program does not contain any specification.],24743224437.0,7508852736
,rers,Problem17_prop_023.c,LtlSoftwareModelCheckingC.epf,LtlSoftwareModelCheckingC.xml,ExpectedResult: SAFE UltimateResult: SAFE   [ShortDescription: All specifications hold LongDescription: We were not able to verify any specifiation because the program does not contain any specification.],23381307384.0,7480016896
,rers,Problem16_prop_015.c,LtlSoftwareModelCheckingC.epf,LtlSoftwareModelCheckingC.xml,ExpectedResult: UNSAFE UltimateResult: EXCEPTION_OR_ERROR   [de.uni_freiburg.informatik.ultimate.plugins.generator.buchiautomizer: OutOfMemoryError: GC overhead limit exceeded],1453947760694.0,7610564608
,rers,Problem19_prop_016.c,LtlSoftwareModelCheckingC.epf,LtlSoftwareModelCheckingC.xml,ExpectedResult: UNSAFE UltimateResult: TIMEOUT   [ShortDescription: Timeout LongDescription: Timeout while trying to prove (G(A) || F((B && F(C))))],1323377924358,7635730432
,rers,Problem18_prop_011.c,LtlSoftwareModelCheckingC.epf,LtlSoftwareModelCheckingC.xml,ExpectedResult: UNSAFE UltimateResult: TIMEOUT   [ShortDescription: Timeout LongDescription: Timeout while trying to prove G(A)],1245660009331.0,8.1526784E+9
,rers,Problem15_prop_002.c,LtlSoftwareModelCheckingC.epf,LtlSoftwareModelCheckingC.xml,ExpectedResult: SAFE UltimateResult: SAFE   [ShortDescription: All specifications hold LongDescription: We were not able to verify any specifiation because the program does not contain any specification.],37091491828.0,8100773888
,rers,Problem15_prop_020.c,LtlSoftwareModelCheckingC.epf,LtlSoftwareModelCheckingC.xml,ExpectedResult: UNSAFE UltimateResult: EXCEPTION_OR_ERROR   [de.uni_freiburg.informatik.ultimate.plugins.generator.buchiautomizer: OutOfMemoryError: GC overhead limit exceeded],1097366588604.0,7635730432
,rers,Problem16_prop_021.c,LtlSoftwareModelCheckingC.epf,LtlSoftwareModelCheckingC.xml,ExpectedResult: UNSAFE UltimateResult: EXCEPTION_OR_ERROR   [de.uni_freiburg.informatik.ultimate.plugins.generator.buchiautomizer: OutOfMemoryError: Java heap space],788579017830.0,7627866112
,rers,Problem17_prop_033.c,LtlSoftwareModelCheckingC.epf,LtlSoftwareModelCheckingC.xml,ExpectedResult: UNSAFE UltimateResult: EXCEPTION_OR_ERROR   [de.uni_freiburg.informatik.ultimate.plugins.generator.buchiautomizer: OutOfMemoryError: GC overhead limit exceeded],657922048467.0,7462191104
,rers,Problem15_prop_016.c,LtlSoftwareModelCheckingC.epf,LtlSoftwareModelCheckingC.xml,ExpectedResult: SAFE UltimateResult: SAFE   [ShortDescription: All specifications hold LongDescription: We were not able to verify any specifiation because the program does not contain any specification.],37143653676.0,6696206336
,rers,Problem19_prop_028.c,LtlSoftwareModelCheckingC.epf,LtlSoftwareModelCheckingC.xml,ExpectedResult: UNSAFE UltimateResult: TIMEOUT   [ShortDescription: Timeout LongDescription: Timeout while trying to prove F(A)],1236082765900,7635730432
,rers,Problem17_prop_015.c,LtlSoftwareModelCheckingC.epf,LtlSoftwareModelCheckingC.xml,ExpectedResult: SAFE UltimateResult: SAFE   [ShortDescription: All specifications hold LongDescription: We were not able to verify any specifiation because the program does not contain any specification.],166992451188.0,7424966656
,rers,Problem18_prop_020.c,LtlSoftwareModelCheckingC.epf,LtlSoftwareModelCheckingC.xml,ExpectedResult: UNSAFE UltimateResult: TIMEOUT   [ShortDescription: Timeout LongDescription: Timeout while trying to prove G((A || (B U C)))],1353831861543.0,7653556224
,rers,Problem18_prop_002.c,LtlSoftwareModelCheckingC.epf,LtlSoftwareModelCheckingC.xml,ExpectedResult: SAFE UltimateResult: SAFE   [ShortDescription: All specifications hold LongDescription: We were not able to verify any specifiation because the program does not contain any specification.],327803276709.0,8009023488
,rers,Problem15_prop_048.c,LtlSoftwareModelCheckingC.epf,LtlSoftwareModelCheckingC.xml,ExpectedResult: UNSAFE UltimateResult: EXCEPTION_OR_ERROR   [de.uni_freiburg.informatik.ultimate.plugins.generator.buchiautomizer: OutOfMemoryError: Java heap space],333824430198.0,7635730432
,rers,Problem14_prop_044.c,LtlSoftwareModelCheckingC.epf,LtlSoftwareModelCheckingC.xml,ExpectedResult: UNSAFE UltimateResult: UNSAFE   Violation of LTL property (!(F(A)) || (B U C)) ,119399530189.0,8432123904
,rers,Problem14_prop_001.c,LtlSoftwareModelCheckingC.epf,LtlSoftwareModelCheckingC.xml,ExpectedResult: SAFE UltimateResult: TIMEOUT   [ShortDescription: Timeout LongDescription: Timout or Toolchain cancelled by user],1248474746575.0,8.28112896E+9
,rers,Problem16_prop_038.c,LtlSoftwareModelCheckingC.epf,LtlSoftwareModelCheckingC.xml,ExpectedResult: UNSAFE UltimateResult: EXCEPTION_OR_ERROR   [de.uni_freiburg.informatik.ultimate.plugins.generator.buchiautomizer: OutOfMemoryError: GC overhead limit exceeded],728337034252.0,7635730432
,rers,Problem16_prop_034.c,LtlSoftwareModelCheckingC.epf,LtlSoftwareModelCheckingC.xml,ExpectedResult: SAFE UltimateResult: SAFE   [ShortDescription: All specifications hold LongDescription: We were not able to verify any specifiation because the program does not contain any specification.],325271694559.0,7304904704
,rers,Problem19_prop_027.c,LtlSoftwareModelCheckingC.epf,LtlSoftwareModelCheckingC.xml,ExpectedResult: SAFE UltimateResult: EXCEPTION_OR_ERROR   [de.uni_freiburg.informatik.ultimate.plugins.generator.buchiautomizer: OutOfMemoryError: GC overhead limit exceeded],890797328841.0,7635730432
,rers,Problem15_prop_025.c,LtlSoftwareModelCheckingC.epf,LtlSoftwareModelCheckingC.xml,ExpectedResult: SAFE UltimateResult: TIMEOUT   [ShortDescription: Timeout LongDescription: Timeout while trying to prove G((A || ((B U C) || G(B))))],1206799767556.0,7635730432
,rers,Problem18_prop_025.c,LtlSoftwareModelCheckingC.epf,LtlSoftwareModelCheckingC.xml,ExpectedResult: UNSAFE UltimateResult: TIMEOUT   [ShortDescription: Timeout LongDescription: Timeout while trying to prove G((A || ((B U C) || G(B))))],1201545186903.0,7635730432
,rers,Problem15_prop_017.c,LtlSoftwareModelCheckingC.epf,LtlSoftwareModelCheckingC.xml,ExpectedResult: UNSAFE UltimateResult: EXCEPTION_OR_ERROR   [de.uni_freiburg.informatik.ultimate.plugins.generator.buchiautomizer: OutOfMemoryError: GC overhead limit exceeded],461561761019.0,7635730432
,rers,Problem17_prop_047.c,LtlSoftwareModelCheckingC.epf,LtlSoftwareModelCheckingC.xml,ExpectedResult: UNSAFE UltimateResult: EXCEPTION_OR_ERROR   [de.uni_freiburg.informatik.ultimate.plugins.generator.buchiautomizer: OutOfMemoryError: GC overhead limit exceeded],552770508497.0,7.62052608E+9
,rers,Problem15_prop_024.c,LtlSoftwareModelCheckingC.epf,LtlSoftwareModelCheckingC.xml,ExpectedResult: SAFE UltimateResult: SAFE   [ShortDescription: All specifications hold LongDescription: We were not able to verify any specifiation because the program does not contain any specification.],286695708074.0,6840909824
,rers,Problem17_prop_026.c,LtlSoftwareModelCheckingC.epf,LtlSoftwareModelCheckingC.xml,ExpectedResult: SAFE UltimateResult: SAFE   [ShortDescription: All specifications hold LongDescription: We were not able to verify any specifiation because the program does not contain any specification.],168555495732.0,7635730432
,rers,Problem14_prop_035.c,LtlSoftwareModelCheckingC.epf,LtlSoftwareModelCheckingC.xml,ExpectedResult: UNSAFE UltimateResult: UNSAFE   Violation of LTL property G(A) ,230964100628.0,8313634816
,rers,Problem19_prop_010.c,LtlSoftwareModelCheckingC.epf,LtlSoftwareModelCheckingC.xml,ExpectedResult: UNSAFE UltimateResult: TIMEOUT   [ShortDescription: Timeout LongDescription: Timeout while trying to prove G((A || (B U C)))],1831480018692.0,7938768896
,rers,Problem14_prop_036.c,LtlSoftwareModelCheckingC.epf,LtlSoftwareModelCheckingC.xml,ExpectedResult: UNSAFE UltimateResult: TIMEOUT   [ShortDescription: Timeout LongDescription: Timout or Toolchain cancelled by user],1240535224933.0,8.35452928E+9
,rers,Problem16_prop_007.c,LtlSoftwareModelCheckingC.epf,LtlSoftwareModelCheckingC.xml,ExpectedResult: SAFE UltimateResult: SAFE   [ShortDescription: All specifications hold LongDescription: We were not able to verify any specifiation because the program does not contain any specification.],1047691014773.0,7553417216
,rers,Problem16_prop_037.c,LtlSoftwareModelCheckingC.epf,LtlSoftwareModelCheckingC.xml,ExpectedResult: UNSAFE UltimateResult: UNSAFE   Violation of LTL property G((A || (B U C))) ,362328619307.0,7116685312
,rers,Problem19_prop_005.c,LtlSoftwareModelCheckingC.epf,LtlSoftwareModelCheckingC.xml,ExpectedResult: SAFE UltimateResult: TIMEOUT   [ShortDescription: Timeout LongDescription: Timeout while trying to prove G((!((A && F(B))) || (C U B)))],1212398478160.0,7991721984
,rers,Problem16_prop_044.c,LtlSoftwareModelCheckingC.epf,LtlSoftwareModelCheckingC.xml,ExpectedResult: SAFE UltimateResult: SAFE   [ShortDescription: All specifications hold LongDescription: We were not able to verify any specifiation because the program does not contain any specification.],55362408830.0,7585398784
,rers,Problem18_prop_026.c,LtlSoftwareModelCheckingC.epf,LtlSoftwareModelCheckingC.xml,ExpectedResult: UNSAFE UltimateResult: TIMEOUT   [ShortDescription: Timeout LongDescription: Timeout while trying to prove G((A || ((B U C) || G(B))))],1369875616189.0,7635730432
,rers,Problem18_prop_049.c,LtlSoftwareModelCheckingC.epf,LtlSoftwareModelCheckingC.xml,ExpectedResult: UNSAFE UltimateResult: TIMEOUT   [ShortDescription: Timeout LongDescription: Timeout while trying to prove G((A || ((B U C) || G(B))))],1296863583068.0,7.76994816E+9
,rers,Problem14_prop_027.c,LtlSoftwareModelCheckingC.epf,LtlSoftwareModelCheckingC.xml,ExpectedResult: UNSAFE UltimateResult: UNSAFE   Violation of LTL property ((A U B) || G(A)) ,46165108867.0,8033665024
,rers,Problem17_prop_041.c,LtlSoftwareModelCheckingC.epf,LtlSoftwareModelCheckingC.xml,ExpectedResult: SAFE UltimateResult: SAFE   [ShortDescription: All specifications hold LongDescription: We were not able to verify any specifiation because the program does not contain any specification.],25877676049.0,7635730432
,rers,Problem18_prop_027.c,LtlSoftwareModelCheckingC.epf,LtlSoftwareModelCheckingC.xml,ExpectedResult: SAFE UltimateResult: TIMEOUT   [ShortDescription: Timeout LongDescription: Timeout while trying to prove (!(F(A)) || (B U C))],1235620085397.0,7737442304
,rers,Problem17_prop_016.c,LtlSoftwareModelCheckingC.epf,LtlSoftwareModelCheckingC.xml,ExpectedResult: UNSAFE UltimateResult: EXCEPTION_OR_ERROR   [de.uni_freiburg.informatik.ultimate.plugins.generator.buchiautomizer: OutOfMemoryError: GC overhead limit exceeded],416082031748.0,7542931456
,rers,Problem16_prop_043.c,LtlSoftwareModelCheckingC.epf,LtlSoftwareModelCheckingC.xml,ExpectedResult: UNSAFE UltimateResult: EXCEPTION_OR_ERROR   [de.uni_freiburg.informatik.ultimate.plugins.generator.buchiautomizer: OutOfMemoryError: GC overhead limit exceeded],787542084807.0,7585398784
,rers,Problem18_prop_032.c,LtlSoftwareModelCheckingC.epf,LtlSoftwareModelCheckingC.xml,ExpectedResult: UNSAFE UltimateResult: TIMEOUT   [ShortDescription: Timeout LongDescription: Timeout while trying to prove G((!((A && F(B))) || (C U B)))],1199994707098.0,7900495872
,rers,Problem15_prop_015.c,LtlSoftwareModelCheckingC.epf,LtlSoftwareModelCheckingC.xml,ExpectedResult: UNSAFE UltimateResult: TIMEOUT   [ShortDescription: Timeout LongDescription: Timout or Toolchain cancelled by user],1200309481465.0,6842482688
,rers,Problem14_prop_013.c,LtlSoftwareModelCheckingC.epf,LtlSoftwareModelCheckingC.xml,ExpectedResult: SAFE UltimateResult: SAFE   [ShortDescription: All specifications hold LongDescription: We were not able to verify any specifiation because the program does not contain any specification.],6950188268.0,8469348352
,rers,Problem16_prop_002.c,LtlSoftwareModelCheckingC.epf,LtlSoftwareModelCheckingC.xml,ExpectedResult: SAFE UltimateResult: SAFE   [ShortDescription: All specifications hold LongDescription: We were not able to verify any specifiation because the program does not contain any specification.],264241259871.0,7323254784
,rers,Problem14_prop_002.c,LtlSoftwareModelCheckingC.epf,LtlSoftwareModelCheckingC.xml,ExpectedResult: SAFE UltimateResult: UNSAFE   Violation of LTL property G((A || F(B))) ,17364583295.0,8346140672
,rers,Problem14_prop_006.c,LtlSoftwareModelCheckingC.epf,LtlSoftwareModelCheckingC.xml,ExpectedResult: UNSAFE UltimateResult: UNSAFE   Violation of LTL property G((A || G(B))) ,838471901004.0,8438939648
,rers,Problem19_prop_014.c,LtlSoftwareModelCheckingC.epf,LtlSoftwareModelCheckingC.xml,ExpectedResult: UNSAFE UltimateResult: TIMEOUT   [ShortDescription: Timeout LongDescription: Timeout while trying to prove ((A U ((B U ((A U ((B U G(A)) || G(B))) || G(A))) || G(B))) || G(A))],1210936805538.0,7635730432
,rers,Problem15_prop_005.c,LtlSoftwareModelCheckingC.epf,LtlSoftwareModelCheckingC.xml,ExpectedResult: SAFE UltimateResult: SAFE   [ShortDescription: All specifications hold LongDescription: We were not able to verify any specifiation because the program does not contain any specification.],37626216454.0,6.88652288E+9
,rers,Problem16_prop_004.c,LtlSoftwareModelCheckingC.epf,LtlSoftwareModelCheckingC.xml,ExpectedResult: SAFE UltimateResult: SAFE   [ShortDescription: All specifications hold LongDescription: We were not able to verify any specifiation because the program does not contain any specification.],148335728289.0,7461666816
,rers,Problem17_prop_000.c,LtlSoftwareModelCheckingC.epf,LtlSoftwareModelCheckingC.xml,ExpectedResult: SAFE UltimateResult: SAFE   [ShortDescription: All specifications hold LongDescription: We were not able to verify any specifiation because the program does not contain any specification.],225814732082.0,7635730432
,rers,Problem16_prop_046.c,LtlSoftwareModelCheckingC.epf,LtlSoftwareModelCheckingC.xml,ExpectedResult: UNSAFE UltimateResult: TIMEOUT   [ShortDescription: Timeout LongDescription: Timout or Toolchain cancelled by user],1200104008726.0,8051490816
,rers,Problem17_prop_025.c,LtlSoftwareModelCheckingC.epf,LtlSoftwareModelCheckingC.xml,ExpectedResult: UNSAFE UltimateResult: EXCEPTION_OR_ERROR   [de.uni_freiburg.informatik.ultimate.plugins.generator.buchiautomizer: OutOfMemoryError: GC overhead limit exceeded],693558770450.0,7635730432
,rers,Problem17_prop_049.c,LtlSoftwareModelCheckingC.epf,LtlSoftwareModelCheckingC.xml,ExpectedResult: UNSAFE UltimateResult: EXCEPTION_OR_ERROR   [de.uni_freiburg.informatik.ultimate.plugins.generator.buchiautomizer: OutOfMemoryError: GC overhead limit exceeded],545715951291.0,7635730432
,rers,Problem17_prop_036.c,LtlSoftwareModelCheckingC.epf,LtlSoftwareModelCheckingC.xml,ExpectedResult: UNSAFE UltimateResult: EXCEPTION_OR_ERROR   [de.uni_freiburg.informatik.ultimate.plugins.generator.buchiautomizer: OutOfMemoryError: GC overhead limit exceeded],577687677123.0,7630487552
,rers,Problem19_prop_012.c,LtlSoftwareModelCheckingC.epf,LtlSoftwareModelCheckingC.xml,ExpectedResult: SAFE UltimateResult: TIMEOUT   [ShortDescription: Timeout LongDescription: Timeout while trying to prove (!(F(A)) || (B U (A || (C U (A || (B U (A || (C U (A || (D U A))))))))))],1206632301867.0,7737966592
,rers,Problem18_prop_000.c,LtlSoftwareModelCheckingC.epf,LtlSoftwareModelCheckingC.xml,ExpectedResult: SAFE UltimateResult: TIMEOUT   [ShortDescription: Timeout LongDescription: Timeout while trying to prove G((A || ((B U C) || G(B))))],1687678537753.0,7635730432
,rers,Problem18_prop_013.c,LtlSoftwareModelCheckingC.epf,LtlSoftwareModelCheckingC.xml,ExpectedResult: UNSAFE UltimateResult: EXCEPTION_OR_ERROR   [de.uni_freiburg.informatik.ultimate.plugins.generator.buchiautomizer: OutOfMemoryError: GC overhead limit exceeded],733536552876.0,7635730432
,rers,Problem17_prop_037.c,LtlSoftwareModelCheckingC.epf,LtlSoftwareModelCheckingC.xml,ExpectedResult: SAFE UltimateResult: SAFE   [ShortDescription: All specifications hold LongDescription: We were not able to verify any specifiation because the program does not contain any specification.],39075393557.0,7502036992
,rers,Problem17_prop_009.c,LtlSoftwareModelCheckingC.epf,LtlSoftwareModelCheckingC.xml,ExpectedResult: UNSAFE UltimateResult: EXCEPTION_OR_ERROR   [de.uni_freiburg.informatik.ultimate.plugins.generator.buchiautomizer: OutOfMemoryError: GC overhead limit exceeded],819699976363.0,7713849344
,rers,Problem18_prop_036.c,LtlSoftwareModelCheckingC.epf,LtlSoftwareModelCheckingC.xml,ExpectedResult: SAFE UltimateResult: TIMEOUT   [ShortDescription: Timeout LongDescription: Timeout while trying to prove G((!((A && F(B))) || (C U B)))],1379499166832.0,8250195968
,rers,Problem18_prop_022.c,LtlSoftwareModelCheckingC.epf,LtlSoftwareModelCheckingC.xml,ExpectedResult: SAFE UltimateResult: SAFE   [ShortDescription: All specifications hold LongDescription: We were not able to verify any specifiation because the program does not contain any specification.],285017098579.0,7635730432
,rers,Problem15_prop_034.c,LtlSoftwareModelCheckingC.epf,LtlSoftwareModelCheckingC.xml,ExpectedResult: SAFE UltimateResult: SAFE   [ShortDescription: All specifications hold LongDescription: We were not able to verify any specifiation because the program does not contain any specification.],238401769123.0,7081558016
,rers,Problem19_prop_030.c,LtlSoftwareModelCheckingC.epf,LtlSoftwareModelCheckingC.xml,ExpectedResult: SAFE UltimateResult: TIMEOUT   [ShortDescription: Timeout LongDescription: Timeout while trying to prove G((A || (B U C)))],1425029884214,7635730432
,rers,Problem15_prop_026.c,LtlSoftwareModelCheckingC.epf,LtlSoftwareModelCheckingC.xml,ExpectedResult: UNSAFE UltimateResult: TIMEOUT   [ShortDescription: Timeout LongDescription: Timout or Toolchain cancelled by user],1206178663223.0,7635730432
,rers,Problem17_prop_045.c,LtlSoftwareModelCheckingC.epf,LtlSoftwareModelCheckingC.xml,ExpectedResult: UNSAFE UltimateResult: UNSAFE   Violation of LTL property G((A || F(B))) ,1127056982487.0,7154434048
,rers,Problem17_prop_028.c,LtlSoftwareModelCheckingC.epf,LtlSoftwareModelCheckingC.xml,ExpectedResult: SAFE UltimateResult: SAFE   [ShortDescription: All specifications hold LongDescription: We were not able to verify any specifiation because the program does not contain any specification.],32923991643.0,7603748864
,rers,Problem16_prop_031.c,LtlSoftwareModelCheckingC.epf,LtlSoftwareModelCheckingC.xml,ExpectedResult: SAFE UltimateResult: SAFE   [ShortDescription: All specifications hold LongDescription: We were not able to verify any specifiation because the program does not contain any specification.],300920472502.0,7832338432
,rers,Problem18_prop_034.c,LtlSoftwareModelCheckingC.epf,LtlSoftwareModelCheckingC.xml,ExpectedResult: SAFE UltimateResult: TIMEOUT   [ShortDescription: Timeout LongDescription: Timeout while trying to prove G((A || G(B)))],1199992911386.0,7820279808
,rers,Problem18_prop_009.c,LtlSoftwareModelCheckingC.epf,LtlSoftwareModelCheckingC.xml,ExpectedResult: SAFE UltimateResult: SAFE   [ShortDescription: All specifications hold LongDescription: We were not able to verify any specifiation because the program does not contain any specification.],528608008568.0,7953973248
,rers,Problem16_prop_008.c,LtlSoftwareModelCheckingC.epf,LtlSoftwareModelCheckingC.xml,ExpectedResult: UNSAFE UltimateResult: UNSAFE   Violation of LTL property G((!((A && F(B))) || (C U B))) ,342297695774.0,7120355328
,rers,Problem17_prop_005.c,LtlSoftwareModelCheckingC.epf,LtlSoftwareModelCheckingC.xml,ExpectedResult: SAFE UltimateResult: EXCEPTION_OR_ERROR   [de.uni_freiburg.informatik.ultimate.plugins.generator.buchiautomizer: OutOfMemoryError: GC overhead limit exceeded],628158199657.0,7635730432
,rers,Problem19_prop_029.c,LtlSoftwareModelCheckingC.epf,LtlSoftwareModelCheckingC.xml,ExpectedResult: UNSAFE UltimateResult: EXCEPTION_OR_ERROR   [de.uni_freiburg.informatik.ultimate.plugins.generator.buchiautomizer: OutOfMemoryError: GC overhead limit exceeded],642436721215.0,7647789056
,rers,Problem16_prop_025.c,LtlSoftwareModelCheckingC.epf,LtlSoftwareModelCheckingC.xml,ExpectedResult: SAFE UltimateResult: TIMEOUT   [ShortDescription: Timeout LongDescription: Timeout while trying to prove G((!((A && F(B))) || (C U B)))],1225702590079.0,7626817536
,rers,Problem15_prop_018.c,LtlSoftwareModelCheckingC.epf,LtlSoftwareModelCheckingC.xml,ExpectedResult: SAFE UltimateResult: SAFE   [ShortDescription: All specifications hold LongDescription: We were not able to verify any specifiation because the program does not contain any specification.],41735793739.0,6.77904384E+9
,rers,Problem14_prop_021.c,LtlSoftwareModelCheckingC.epf,LtlSoftwareModelCheckingC.xml,ExpectedResult: UNSAFE UltimateResult: UNSAFE   Violation of LTL property G((A || ((B U C) || G(B)))) ,202860693108.0,8.42006528E+9
,rers,Problem14_prop_034.c,LtlSoftwareModelCheckingC.epf,LtlSoftwareModelCheckingC.xml,ExpectedResult: UNSAFE UltimateResult: UNSAFE   Violation of LTL property ((A U B) || G(A)) ,84460435847.0,8297381888
,rers,Problem19_prop_004.c,LtlSoftwareModelCheckingC.epf,LtlSoftwareModelCheckingC.xml,ExpectedResult: SAFE UltimateResult: TIMEOUT   [ShortDescription: Timeout LongDescription: Timeout while trying to prove G((A || ((B U C) || G(B))))],1278018805752.0,7863795712
,rers,Problem19_prop_036.c,LtlSoftwareModelCheckingC.epf,LtlSoftwareModelCheckingC.xml,ExpectedResult: SAFE UltimateResult: EXCEPTION_OR_ERROR   [de.uni_freiburg.informatik.ultimate.plugins.generator.buchiautomizer: OutOfMemoryError: Java heap space],253911141158.0,7880572928
,rers,Problem19_prop_013.c,LtlSoftwareModelCheckingC.epf,LtlSoftwareModelCheckingC.xml,ExpectedResult: SAFE UltimateResult: TIMEOUT   [ShortDescription: Timeout LongDescription: Timeout while trying to prove G((A || F(B)))],1275125815708,7629438976
,rers,Problem16_prop_047.c,LtlSoftwareModelCheckingC.epf,LtlSoftwareModelCheckingC.xml,ExpectedResult: SAFE UltimateResult: SAFE   [ShortDescription: All specifications hold LongDescription: We were not able to verify any specifiation because the program does not contain any specification.],276269051821.0,8174698496
,rers,Problem15_prop_012.c,LtlSoftwareModelCheckingC.epf,LtlSoftwareModelCheckingC.xml,ExpectedResult: UNSAFE UltimateResult: EXCEPTION_OR_ERROR   [de.uni_freiburg.informatik.ultimate.plugins.generator.buchiautomizer: OutOfMemoryError: Java heap space: java.util.HashMap.createEntry(HashMap.java:901)],2960982681505.0,6784811008
,rers,Problem19_prop_047.c,LtlSoftwareModelCheckingC.epf,LtlSoftwareModelCheckingC.xml,ExpectedResult: SAFE UltimateResult: EXCEPTION_OR_ERROR   [de.uni_freiburg.informatik.ultimate.plugins.generator.buchiautomizer: OutOfMemoryError: GC overhead limit exceeded],1431923248325.0,7750549504
,rers,Problem16_prop_010.c,LtlSoftwareModelCheckingC.epf,LtlSoftwareModelCheckingC.xml,ExpectedResult: SAFE UltimateResult: SAFE   [ShortDescription: All specifications hold LongDescription: We were not able to verify any specifiation because the program does not contain any specification.],349455015101.0,7003963392
,rers,Problem17_prop_001.c,LtlSoftwareModelCheckingC.epf,LtlSoftwareModelCheckingC.xml,ExpectedResult: SAFE UltimateResult: SAFE   [ShortDescription: All specifications hold LongDescription: We were not able to verify any specifiation because the program does not contain any specification.],17726257199.0,7184842752
,rers,Problem16_prop_024.c,LtlSoftwareModelCheckingC.epf,LtlSoftwareModelCheckingC.xml,ExpectedResult: UNSAFE UltimateResult: EXCEPTION_OR_ERROR   [de.uni_freiburg.informatik.ultimate.plugins.generator.buchiautomizer: OutOfMemoryError: GC overhead limit exceeded],757998696622.0,7545028608
,rers,Problem18_prop_017.c,LtlSoftwareModelCheckingC.epf,LtlSoftwareModelCheckingC.xml,ExpectedResult: UNSAFE UltimateResult: TIMEOUT   [ShortDescription: Timeout LongDescription: Timeout while trying to prove (!(F(A)) || (B U C))],1224850858834.0,7925137408
,rers,Problem14_prop_046.c,LtlSoftwareModelCheckingC.epf,LtlSoftwareModelCheckingC.xml,ExpectedResult: UNSAFE UltimateResult: UNSAFE   Violation of LTL property G((A || G(B))) ,121219477198.0,8426356736
,rers,Problem14_prop_037.c,LtlSoftwareModelCheckingC.epf,LtlSoftwareModelCheckingC.xml,ExpectedResult: UNSAFE UltimateResult: UNSAFE   Violation of LTL property G((A || F(B))) ,84167004474.0,8358723584
,rers,Problem18_prop_047.c,LtlSoftwareModelCheckingC.epf,LtlSoftwareModelCheckingC.xml,ExpectedResult: SAFE UltimateResult: SAFE   [ShortDescription: All specifications hold LongDescription: We were not able to verify any specifiation because the program does not contain any specification.],1137784474158.0,8.02684928E+9
,rers,Problem14_prop_038.c,LtlSoftwareModelCheckingC.epf,LtlSoftwareModelCheckingC.xml,ExpectedResult: SAFE UltimateResult: SAFE   [ShortDescription: All specifications hold LongDescription: We were not able to verify any specifiation because the program does not contain any specification.],154358224987.0,8442085376
,rers,Problem14_prop_020.c,LtlSoftwareModelCheckingC.epf,LtlSoftwareModelCheckingC.xml,ExpectedResult: UNSAFE UltimateResult: UNSAFE   Violation of LTL property G(A) ,121009996645.0,8381792256
,rers,Problem16_prop_006.c,LtlSoftwareModelCheckingC.epf,LtlSoftwareModelCheckingC.xml,ExpectedResult: UNSAFE UltimateResult: EXCEPTION_OR_ERROR   [de.uni_freiburg.informatik.ultimate.plugins.generator.buchiautomizer: OutOfMemoryError: GC overhead limit exceeded],1203137337867.0,7553417216
,rers,Problem14_prop_045.c,LtlSoftwareModelCheckingC.epf,LtlSoftwareModelCheckingC.xml,ExpectedResult: UNSAFE UltimateResult: UNSAFE   Violation of LTL property G((!((A && F(B))) || (C U B))) ,332138502922.0,8431599616
,rers,Problem17_prop_027.c,LtlSoftwareModelCheckingC.epf,LtlSoftwareModelCheckingC.xml,ExpectedResult: SAFE UltimateResult: SAFE   [ShortDescription: All specifications hold LongDescription: We were not able to verify any specifiation because the program does not contain any specification.],171818514547.0,7580680192
,rers,Problem16_prop_012.c,LtlSoftwareModelCheckingC.epf,LtlSoftwareModelCheckingC.xml,ExpectedResult: UNSAFE UltimateResult: TIMEOUT   [ShortDescription: Timeout LongDescription: Timout or Toolchain cancelled by user],1200330528610.0,7.38197504E+9
,rers,Problem14_prop_029.c,LtlSoftwareModelCheckingC.epf,LtlSoftwareModelCheckingC.xml,ExpectedResult: UNSAFE UltimateResult: UNSAFE   Violation of LTL property G((A || (B U C))) ,679791122601.0,8372355072
,rers,Problem14_prop_016.c,LtlSoftwareModelCheckingC.epf,LtlSoftwareModelCheckingC.xml,ExpectedResult: SAFE UltimateResult: SAFE   [ShortDescription: All specifications hold LongDescription: We were not able to verify any specifiation because the program does not contain any specification.],13383686288.0,8360820736
,rers,Problem15_prop_033.c,LtlSoftwareModelCheckingC.epf,LtlSoftwareModelCheckingC.xml,ExpectedResult: SAFE UltimateResult: SAFE   [ShortDescription: All specifications hold LongDescription: We were not able to verify any specifiation because the program does not contain any specification.],37104990225.0,7057965056
,rers,Problem15_prop_047.c,LtlSoftwareModelCheckingC.epf,LtlSoftwareModelCheckingC.xml,ExpectedResult: SAFE UltimateResult: SAFE   [ShortDescription: All specifications hold LongDescription: We were not able to verify any specifiation because the program does not contain any specification.],316377239222.0,7196377088
,rers,Problem15_prop_039.c,LtlSoftwareModelCheckingC.epf,LtlSoftwareModelCheckingC.xml,ExpectedResult: UNSAFE UltimateResult: TIMEOUT   [ShortDescription: Timeout LongDescription: Timout or Toolchain cancelled by user],1200257427885.0,7936147456
,rers,Problem15_prop_006.c,LtlSoftwareModelCheckingC.epf,LtlSoftwareModelCheckingC.xml,ExpectedResult: UNSAFE UltimateResult: TIMEOUT   [ShortDescription: Timeout LongDescription: Timout or Toolchain cancelled by user],1200401179138.0,7635730432
,rers,Problem15_prop_037.c,LtlSoftwareModelCheckingC.epf,LtlSoftwareModelCheckingC.xml,ExpectedResult: UNSAFE UltimateResult: EXCEPTION_OR_ERROR   [de.uni_freiburg.informatik.ultimate.plugins.generator.buchiautomizer: OutOfMemoryError: GC overhead limit exceeded],532498081018.0,7635730432
,rers,Problem17_prop_013.c,LtlSoftwareModelCheckingC.epf,LtlSoftwareModelCheckingC.xml,ExpectedResult: UNSAFE UltimateResult: EXCEPTION_OR_ERROR   [de.uni_freiburg.informatik.ultimate.plugins.generator.buchiautomizer: OutOfMemoryError: GC overhead limit exceeded],773974091003.0,7626293248
,rers,Problem19_prop_046.c,LtlSoftwareModelCheckingC.epf,LtlSoftwareModelCheckingC.xml,ExpectedResult: UNSAFE UltimateResult: TIMEOUT   [ShortDescription: Timeout LongDescription: Timeout while trying to prove G(A)],1199993771017,7678722048
,rers,Problem19_prop_035.c,LtlSoftwareModelCheckingC.epf,LtlSoftwareModelCheckingC.xml,ExpectedResult: UNSAFE UltimateResult: TIMEOUT   [ShortDescription: Timeout LongDescription: Timeout while trying to prove (G(A) || F((B && F(C))))],1199993448275.0,7786201088
,rers,Problem18_prop_039.c,LtlSoftwareModelCheckingC.epf,LtlSoftwareModelCheckingC.xml,ExpectedResult: SAFE UltimateResult: SAFE   [ShortDescription: All specifications hold LongDescription: We were not able to verify any specifiation because the program does not contain any specification.],283301971326.0,8154251264
,rers,Problem17_prop_022.c,LtlSoftwareModelCheckingC.epf,LtlSoftwareModelCheckingC.xml,ExpectedResult: SAFE UltimateResult: SAFE   [ShortDescription: All specifications hold LongDescription: We were not able to verify any specifiation because the program does not contain any specification.],17635017041.0,7635730432
,rers,Problem19_prop_017.c,LtlSoftwareModelCheckingC.epf,LtlSoftwareModelCheckingC.xml,ExpectedResult: UNSAFE UltimateResult: TIMEOUT   [ShortDescription: Timeout LongDescription: Timeout while trying to prove ((A U ((B U ((A U ((B U G(A)) || G(B))) || G(A))) || G(B))) || G(A))],1213238116953.0,7635730432
,rers,Problem19_prop_022.c,LtlSoftwareModelCheckingC.epf,LtlSoftwareModelCheckingC.xml,ExpectedResult: SAFE UltimateResult: EXCEPTION_OR_ERROR   [de.uni_freiburg.informatik.ultimate.plugins.generator.buchiautomizer: OutOfMemoryError: GC overhead limit exceeded],862059781225.0,7635730432
,rers,Problem18_prop_016.c,LtlSoftwareModelCheckingC.epf,LtlSoftwareModelCheckingC.xml,ExpectedResult: SAFE UltimateResult: SAFE   [ShortDescription: All specifications hold LongDescription: We were not able to verify any specifiation because the program does not contain any specification.],926269490247.0,7867465728
,rers,Problem19_prop_000.c,LtlSoftwareModelCheckingC.epf,LtlSoftwareModelCheckingC.xml,ExpectedResult: SAFE UltimateResult: TIMEOUT   [ShortDescription: Timeout LongDescription: Timeout while trying to prove G((A || ((B U C) || G(B))))],1356647339070.0,7.84859136E+9
,rers,Problem16_prop_011.c,LtlSoftwareModelCheckingC.epf,LtlSoftwareModelCheckingC.xml,ExpectedResult: SAFE UltimateResult: TIMEOUT   [ShortDescription: Timeout LongDescription: Timeout while trying to prove G((!((A && F(B))) || (C U B)))],1199995415268.0,7272398848
,rers,Problem17_prop_048.c,LtlSoftwareModelCheckingC.epf,LtlSoftwareModelCheckingC.xml,ExpectedResult: SAFE UltimateResult: EXCEPTION_OR_ERROR   [de.uni_freiburg.informatik.ultimate.plugins.generator.buchiautomizer: OutOfMemoryError: GC overhead limit exceeded],535435091864.0,7635730432
,rers,Problem15_prop_044.c,LtlSoftwareModelCheckingC.epf,LtlSoftwareModelCheckingC.xml,ExpectedResult: SAFE UltimateResult: SAFE   [ShortDescription: All specifications hold LongDescription: We were not able to verify any specifiation because the program does not contain any specification.],43644271174.0,7834959872
,rers,Problem15_prop_035.c,LtlSoftwareModelCheckingC.epf,LtlSoftwareModelCheckingC.xml,ExpectedResult: UNSAFE UltimateResult: EXCEPTION_OR_ERROR   [de.uni_freiburg.informatik.ultimate.plugins.generator.buchiautomizer: OutOfMemoryError: GC overhead limit exceeded],930576174300.0,7.29546752E+9
,rers,Problem14_prop_007.c,LtlSoftwareModelCheckingC.epf,LtlSoftwareModelCheckingC.xml,ExpectedResult: SAFE UltimateResult: SAFE   [ShortDescription: All specifications hold LongDescription: We were not able to verify any specifiation because the program does not contain any specification.],23951721990.0,8398045184
,rers,Problem14_prop_025.c,LtlSoftwareModelCheckingC.epf,LtlSoftwareModelCheckingC.xml,ExpectedResult: SAFE UltimateResult: SAFE   [ShortDescription: All specifications hold LongDescription: We were not able to verify any specifiation because the program does not contain any specification.],44237677946.0,8391753728
,rers,Problem18_prop_006.c,LtlSoftwareModelCheckingC.epf,LtlSoftwareModelCheckingC.xml,ExpectedResult: UNSAFE UltimateResult: EXCEPTION_OR_ERROR   [de.uni_freiburg.informatik.ultimate.plugins.generator.buchiautomizer: OutOfMemoryError: GC overhead limit exceeded],637633426989.0,7756316672
,rers,Problem15_prop_027.c,LtlSoftwareModelCheckingC.epf,LtlSoftwareModelCheckingC.xml,ExpectedResult: SAFE UltimateResult: SAFE   [ShortDescription: All specifications hold LongDescription: We were not able to verify any specifiation because the program does not contain any specification.],391326439906.0,7635730432
,rers,Problem16_prop_030.c,LtlSoftwareModelCheckingC.epf,LtlSoftwareModelCheckingC.xml,ExpectedResult: UNSAFE UltimateResult: TIMEOUT   [ShortDescription: Timeout LongDescription: Timout or Toolchain cancelled by user],1200005054313.0,7610564608
,rers,Problem19_prop_040.c,LtlSoftwareModelCheckingC.epf,LtlSoftwareModelCheckingC.xml,ExpectedResult: UNSAFE UltimateResult: TIMEOUT   [ShortDescription: Timeout LongDescription: Timeout while trying to prove (G(A) || F((B && F(C))))],1305010187882.0,7718567936
,rers,Problem18_prop_037.c,LtlSoftwareModelCheckingC.epf,LtlSoftwareModelCheckingC.xml,ExpectedResult: UNSAFE UltimateResult: TIMEOUT   [ShortDescription: Timeout LongDescription: Timeout while trying to prove (G(A) || F((B && F(C))))],1199992346453.0,7910457344
,rers,Problem16_prop_036.c,LtlSoftwareModelCheckingC.epf,LtlSoftwareModelCheckingC.xml,ExpectedResult: UNSAFE UltimateResult: TIMEOUT   [ShortDescription: Timeout LongDescription: Timout or Toolchain cancelled by user],1200086629236.0,7416578048
,rers,Problem18_prop_035.c,LtlSoftwareModelCheckingC.epf,LtlSoftwareModelCheckingC.xml,ExpectedResult: SAFE UltimateResult: SAFE   [ShortDescription: All specifications hold LongDescription: We were not able to verify any specifiation because the program does not contain any specification.],300034739186.0,8236040192
,rers,Problem15_prop_040.c,LtlSoftwareModelCheckingC.epf,LtlSoftwareModelCheckingC.xml,ExpectedResult: UNSAFE UltimateResult: EXCEPTION_OR_ERROR   [de.uni_freiburg.informatik.ultimate.plugins.generator.buchiautomizer: OutOfMemoryError: GC overhead limit exceeded],598960068789.0,7863795712
,rers,Problem14_prop_039.c,LtlSoftwareModelCheckingC.epf,LtlSoftwareModelCheckingC.xml,ExpectedResult: SAFE UltimateResult: SAFE   [ShortDescription: All specifications hold LongDescription: We were not able to verify any specifiation because the program does not contain any specification.],216524154498.0,8346140672
,rers,Problem17_prop_046.c,LtlSoftwareModelCheckingC.epf,LtlSoftwareModelCheckingC.xml,ExpectedResult: SAFE UltimateResult: SAFE   [ShortDescription: All specifications hold LongDescription: We were not able to verify any specifiation because the program does not contain any specification.],18017840812.0,7103578112
,rers,Problem14_prop_015.c,LtlSoftwareModelCheckingC.epf,LtlSoftwareModelCheckingC.xml,ExpectedResult: UNSAFE UltimateResult: TIMEOUT   [ShortDescription: Timeout LongDescription: Timout or Toolchain cancelled by user],1237276699687.0,8465678336
,rers,Problem15_prop_036.c,LtlSoftwareModelCheckingC.epf,LtlSoftwareModelCheckingC.xml,ExpectedResult: UNSAFE UltimateResult: EXCEPTION_OR_ERROR   [de.uni_freiburg.informatik.ultimate.plugins.generator.buchiautomizer: OutOfMemoryError: Java heap space],303413432358.0,7635730432
,rers,Problem19_prop_025.c,LtlSoftwareModelCheckingC.epf,LtlSoftwareModelCheckingC.xml,ExpectedResult: UNSAFE UltimateResult: TIMEOUT   [ShortDescription: Timeout LongDescription: Timeout while trying to prove G((A || F(B)))],1200027179430.0,7635730432
,rers,Problem16_prop_018.c,LtlSoftwareModelCheckingC.epf,LtlSoftwareModelCheckingC.xml,ExpectedResult: SAFE UltimateResult: SAFE   [ShortDescription: All specifications hold LongDescription: We were not able to verify any specifiation because the program does not contain any specification.],284867710709.0,7.38197504E+9
,rers,Problem18_prop_018.c,LtlSoftwareModelCheckingC.epf,LtlSoftwareModelCheckingC.xml,ExpectedResult: UNSAFE UltimateResult: TIMEOUT   [ShortDescription: Timeout LongDescription: Timeout while trying to prove G((A || ((B U C) || G(B))))],1350622710201.0,7902068736
,rers,Problem19_prop_049.c,LtlSoftwareModelCheckingC.epf,LtlSoftwareModelCheckingC.xml,ExpectedResult: SAFE UltimateResult: TIMEOUT   [ShortDescription: Timeout LongDescription: Timeout while trying to prove G((!((A && F(B))) || (C U B)))],1235199752960.0,7635730432
,rers,Problem15_prop_011.c,LtlSoftwareModelCheckingC.epf,LtlSoftwareModelCheckingC.xml,ExpectedResult: SAFE UltimateResult: SAFE   [ShortDescription: All specifications hold LongDescription: We were not able to verify any specifiation because the program does not contain any specification.],139509603978.0,6.24164864E+9
,rers,Problem19_prop_003.c,LtlSoftwareModelCheckingC.epf,LtlSoftwareModelCheckingC.xml,ExpectedResult: SAFE UltimateResult: TIMEOUT   [ShortDescription: Timeout LongDescription: Timeout while trying to prove ((A U B) || G(A))],1271989847232.0,7726956544
,rers,Problem17_prop_008.c,LtlSoftwareModelCheckingC.epf,LtlSoftwareModelCheckingC.xml,ExpectedResult: SAFE UltimateResult: SAFE   [ShortDescription: All specifications hold LongDescription: We were not able to verify any specifiation because the program does not contain any specification.],132681848546.0,7785152512
,rers,Problem14_prop_030.c,LtlSoftwareModelCheckingC.epf,LtlSoftwareModelCheckingC.xml,ExpectedResult: SAFE UltimateResult: SAFE   [ShortDescription: All specifications hold LongDescription: We were not able to verify any specifiation because the program does not contain any specification.],6931327897.0,8369209344
,rers,Problem16_prop_049.c,LtlSoftwareModelCheckingC.epf,LtlSoftwareModelCheckingC.xml,ExpectedResult: UNSAFE UltimateResult: EXCEPTION_OR_ERROR   [de.uni_freiburg.informatik.ultimate.plugins.generator.buchiautomizer: OutOfMemoryError: GC overhead limit exceeded],968021213447.0,7635730432
,rers,Problem19_prop_037.c,LtlSoftwareModelCheckingC.epf,LtlSoftwareModelCheckingC.xml,ExpectedResult: UNSAFE UltimateResult: EXCEPTION_OR_ERROR   [de.uni_freiburg.informatik.ultimate.plugins.generator.buchiautomizer: OutOfMemoryError: GC overhead limit exceeded],783154152026.0,7.84596992E+9
,rers,Problem19_prop_011.c,LtlSoftwareModelCheckingC.epf,LtlSoftwareModelCheckingC.xml,ExpectedResult: SAFE UltimateResult: EXCEPTION_OR_ERROR   [de.uni_freiburg.informatik.ultimate.plugins.generator.buchiautomizer: OutOfMemoryError: Java heap space],2317265719219.0,7981236224
,rers,Problem19_prop_048.c,LtlSoftwareModelCheckingC.epf,LtlSoftwareModelCheckingC.xml,ExpectedResult: UNSAFE UltimateResult: TIMEOUT   [ShortDescription: Timeout LongDescription: Timeout while trying to prove (!(F(A)) || (B U C))],1204278259773.0,7632060416
,rers,Problem16_prop_042.c,LtlSoftwareModelCheckingC.epf,LtlSoftwareModelCheckingC.xml,ExpectedResult: UNSAFE UltimateResult: TIMEOUT   [ShortDescription: Timeout LongDescription: Timout or Toolchain cancelled by user],1200000495004.0,7085228032
,rers,Problem17_prop_030.c,LtlSoftwareModelCheckingC.epf,LtlSoftwareModelCheckingC.xml,ExpectedResult: SAFE UltimateResult: SAFE   [ShortDescription: All specifications hold LongDescription: We were not able to verify any specifiation because the program does not contain any specification.],71756405216.0,7362052096
,rers,Problem16_prop_009.c,LtlSoftwareModelCheckingC.epf,LtlSoftwareModelCheckingC.xml,ExpectedResult: UNSAFE UltimateResult: TIMEOUT   [ShortDescription: Timeout LongDescription: Timeout while trying to prove ((A U ((B U ((A U ((B U G(A)) || G(B))) || G(A))) || G(B))) || G(A))],1199994041939.0,7349469184
,rers,Problem19_prop_032.c,LtlSoftwareModelCheckingC.epf,LtlSoftwareModelCheckingC.xml,ExpectedResult: SAFE UltimateResult: TIMEOUT   [ShortDescription: Timeout LongDescription: Timeout while trying to prove G((A || ((B U C) || G(B))))],1296469981070.0,7635730432
,rers,Problem16_prop_032.c,LtlSoftwareModelCheckingC.epf,LtlSoftwareModelCheckingC.xml,ExpectedResult: UNSAFE UltimateResult: EXCEPTION_OR_ERROR   [de.uni_freiburg.informatik.ultimate.plugins.generator.buchiautomizer: OutOfMemoryError: GC overhead limit exceeded],758927152059.0,7.84596992E+9
,rers,Problem18_prop_008.c,LtlSoftwareModelCheckingC.epf,LtlSoftwareModelCheckingC.xml,ExpectedResult: UNSAFE UltimateResult: TIMEOUT   [ShortDescription: Timeout LongDescription: Timeout while trying to prove G((A || ((B U C) || G(B))))],1200839613089.0,7732723712
,rers,Problem16_prop_013.c,LtlSoftwareModelCheckingC.epf,LtlSoftwareModelCheckingC.xml,ExpectedResult: SAFE UltimateResult: EXCEPTION_OR_ERROR   [de.uni_freiburg.informatik.ultimate.plugins.generator.buchiautomizer: OutOfMemoryError: GC overhead limit exceeded],579720821345.0,7545028608
,rers,Problem17_prop_032.c,LtlSoftwareModelCheckingC.epf,LtlSoftwareModelCheckingC.xml,ExpectedResult: SAFE UltimateResult: SAFE   [ShortDescription: All specifications hold LongDescription: We were not able to verify any specifiation because the program does not contain any specification.],26173522220.0,6770130944
,rers,Problem18_prop_030.c,LtlSoftwareModelCheckingC.epf,LtlSoftwareModelCheckingC.xml,ExpectedResult: SAFE UltimateResult: TIMEOUT   [ShortDescription: Timeout LongDescription: Timeout while trying to prove G((!((A && F(B))) || (C U B)))],1231393891887.0,7.93772032E+9
,rers,Problem15_prop_022.c,LtlSoftwareModelCheckingC.epf,LtlSoftwareModelCheckingC.xml,ExpectedResult: UNSAFE UltimateResult: EXCEPTION_OR_ERROR   [de.uni_freiburg.informatik.ultimate.plugins.generator.buchiautomizer: OutOfMemoryError: GC overhead limit exceeded],432614528103.0,7635730432
,rers,Problem18_prop_046.c,LtlSoftwareModelCheckingC.epf,LtlSoftwareModelCheckingC.xml,ExpectedResult: UNSAFE UltimateResult: TIMEOUT   [ShortDescription: Timeout LongDescription: Timeout while trying to prove G((A || ((B U C) || G(B))))],1402012846054.0,7981236224
,rers,Problem18_prop_029.c,LtlSoftwareModelCheckingC.epf,LtlSoftwareModelCheckingC.xml,ExpectedResult: SAFE UltimateResult: TIMEOUT   [ShortDescription: Timeout LongDescription: Timeout while trying to prove G((!((A && F(B))) || (C U B)))],1199995374268.0,7928283136
,rers,Problem16_prop_048.c,LtlSoftwareModelCheckingC.epf,LtlSoftwareModelCheckingC.xml,ExpectedResult: UNSAFE UltimateResult: EXCEPTION_OR_ERROR   [de.uni_freiburg.informatik.ultimate.plugins.generator.buchiautomizer: OutOfMemoryError: GC overhead limit exceeded],760463191438.0,7635730432
,rers,Problem17_prop_031.c,LtlSoftwareModelCheckingC.epf,LtlSoftwareModelCheckingC.xml,ExpectedResult: SAFE UltimateResult: SAFE   [ShortDescription: All specifications hold LongDescription: We were not able to verify any specifiation because the program does not contain any specification.],18010645166.0,6870269952
,rers,Problem16_prop_000.c,LtlSoftwareModelCheckingC.epf,LtlSoftwareModelCheckingC.xml,ExpectedResult: SAFE UltimateResult: SAFE   [ShortDescription: All specifications hold LongDescription: We were not able to verify any specifiation because the program does not contain any specification.],110829056734.0,7244087296
,rers,Problem17_prop_019.c,LtlSoftwareModelCheckingC.epf,LtlSoftwareModelCheckingC.xml,ExpectedResult: UNSAFE UltimateResult: EXCEPTION_OR_ERROR   [de.uni_freiburg.informatik.ultimate.plugins.generator.buchiautomizer: OutOfMemoryError: GC overhead limit exceeded],1116791402438.0,7635730432
,rers,Problem18_prop_038.c,LtlSoftwareModelCheckingC.epf,LtlSoftwareModelCheckingC.xml,ExpectedResult: SAFE UltimateResult: SAFE   [ShortDescription: All specifications hold LongDescription: We were not able to verify any specifiation because the program does not contain any specification.],305021011066.0,8.15005696E+9
,rers,Problem14_prop_004.c,LtlSoftwareModelCheckingC.epf,LtlSoftwareModelCheckingC.xml,ExpectedResult: UNSAFE UltimateResult: UNSAFE   Violation of LTL property G((A || G(B))) ,131570711116.0,8286896128
,rers,Problem14_prop_042.c,LtlSoftwareModelCheckingC.epf,LtlSoftwareModelCheckingC.xml,ExpectedResult: UNSAFE UltimateResult: UNSAFE   Violation of LTL property G(A) ,246664811352.0,8377597952
,rers,Problem16_prop_041.c,LtlSoftwareModelCheckingC.epf,LtlSoftwareModelCheckingC.xml,ExpectedResult: UNSAFE UltimateResult: TIMEOUT   [ShortDescription: Timeout LongDescription: Timout or Toolchain cancelled by user],1200205633168.0,7626293248
,rers,Problem17_prop_029.c,LtlSoftwareModelCheckingC.epf,LtlSoftwareModelCheckingC.xml,ExpectedResult: UNSAFE UltimateResult: EXCEPTION_OR_ERROR   [de.uni_freiburg.informatik.ultimate.plugins.generator.buchiautomizer: OutOfMemoryError: GC overhead limit exceeded],769721285534.0,7362052096
,rers,Problem18_prop_015.c,LtlSoftwareModelCheckingC.epf,LtlSoftwareModelCheckingC.xml,ExpectedResult: SAFE UltimateResult: TIMEOUT   [ShortDescription: Timeout LongDescription: Timeout while trying to prove G((!((A && F(B))) || (C U B)))],1201809252651.0,7635730432
,rers,Problem15_prop_032.c,LtlSoftwareModelCheckingC.epf,LtlSoftwareModelCheckingC.xml,ExpectedResult: UNSAFE UltimateResult: TIMEOUT   [ShortDescription: Timeout LongDescription: Timout or Toolchain cancelled by user],1202720173136.0,7635730432
,rers,Problem16_prop_005.c,LtlSoftwareModelCheckingC.epf,LtlSoftwareModelCheckingC.xml,ExpectedResult: UNSAFE UltimateResult: EXCEPTION_OR_ERROR   [de.uni_freiburg.informatik.ultimate.plugins.generator.buchiautomizer: OutOfMemoryError: Java heap space],1003804679767.0,7445413888
,rers,Problem14_prop_010.c,LtlSoftwareModelCheckingC.epf,LtlSoftwareModelCheckingC.xml,ExpectedResult: SAFE UltimateResult: UNSAFE   Violation of LTL property (G(A) || F((B && F(C)))) ,25573661210.0,8326742016
,rers,Problem15_prop_000.c,LtlSoftwareModelCheckingC.epf,LtlSoftwareModelCheckingC.xml,ExpectedResult: SAFE UltimateResult: SAFE   [ShortDescription: All specifications hold LongDescription: We were not able to verify any specifiation because the program does not contain any specification.],199247349763.0,8246001664
,rers,Problem14_prop_033.c,LtlSoftwareModelCheckingC.epf,LtlSoftwareModelCheckingC.xml,ExpectedResult: UNSAFE UltimateResult: TIMEOUT   [ShortDescription: Timeout LongDescription: Timout or Toolchain cancelled by user],1238106110915.0,8330412032
,rers,Problem18_prop_007.c,LtlSoftwareModelCheckingC.epf,LtlSoftwareModelCheckingC.xml,ExpectedResult: UNSAFE UltimateResult: TIMEOUT   [ShortDescription: Timeout LongDescription: Timeout while trying to prove G((!((A && F(B))) || (C U B)))],1201357126316.0,7635730432
,rers,Problem15_prop_019.c,LtlSoftwareModelCheckingC.epf,LtlSoftwareModelCheckingC.xml,ExpectedResult: SAFE UltimateResult: SAFE   [ShortDescription: All specifications hold LongDescription: We were not able to verify any specifiation because the program does not contain any specification.],340049627680.0,6743392256
,rers,Problem14_prop_003.c,LtlSoftwareModelCheckingC.epf,LtlSoftwareModelCheckingC.xml,ExpectedResult: SAFE UltimateResult: TIMEOUT   [ShortDescription: Timeout LongDescription: Timout or Toolchain cancelled by user],1248670063886.0,8360296448
,rers,Problem19_prop_045.c,LtlSoftwareModelCheckingC.epf,LtlSoftwareModelCheckingC.xml,ExpectedResult: SAFE UltimateResult: EXCEPTION_OR_ERROR   [de.uni_freiburg.informatik.ultimate.plugins.generator.buchiautomizer: OutOfMemoryError: GC overhead limit exceeded],871531169330.0,7642546176
,rers,Problem18_prop_010.c,LtlSoftwareModelCheckingC.epf,LtlSoftwareModelCheckingC.xml,ExpectedResult: SAFE UltimateResult: SAFE   [ShortDescription: All specifications hold LongDescription: We were not able to verify any specifiation because the program does not contain any specification.],302493463496.0,8121745408
,rers,Problem17_prop_003.c,LtlSoftwareModelCheckingC.epf,LtlSoftwareModelCheckingC.xml,ExpectedResult: SAFE UltimateResult: SAFE   [ShortDescription: All specifications hold LongDescription: We were not able to verify any specifiation because the program does not contain any specification.],17561867210.0,7635730432
,rers,Problem18_prop_028.c,LtlSoftwareModelCheckingC.epf,LtlSoftwareModelCheckingC.xml,ExpectedResult: UNSAFE UltimateResult: EXCEPTION_OR_ERROR   [de.uni_freiburg.informatik.ultimate.plugins.generator.buchiautomizer: OutOfMemoryError: GC overhead limit exceeded],992684132065.0,7823949824
,rers,Problem19_prop_034.c,LtlSoftwareModelCheckingC.epf,LtlSoftwareModelCheckingC.xml,ExpectedResult: UNSAFE UltimateResult: TIMEOUT   [ShortDescription: Timeout LongDescription: Timeout while trying to prove G(A)],1226440307219.0,7635730432
,rers,Problem17_prop_021.c,LtlSoftwareModelCheckingC.epf,LtlSoftwareModelCheckingC.xml,ExpectedResult: UNSAFE UltimateResult: TIMEOUT   [ShortDescription: Timeout LongDescription: Timeout while trying to prove ((A U B) || G(A))],1206379480819.0,7635730432
,rers,Problem15_prop_043.c,LtlSoftwareModelCheckingC.epf,LtlSoftwareModelCheckingC.xml,ExpectedResult: SAFE UltimateResult: SAFE   [ShortDescription: All specifications hold LongDescription: We were not able to verify any specifiation because the program does not contain any specification.],243936081678.0,7.75159808E+9
,rers,Problem18_prop_033.c,LtlSoftwareModelCheckingC.epf,LtlSoftwareModelCheckingC.xml,ExpectedResult: UNSAFE UltimateResult: TIMEOUT   [ShortDescription: Timeout LongDescription: Timeout while trying to prove G(A)],1279154570838.0,7933526016
,rers,Problem14_prop_043.c,LtlSoftwareModelCheckingC.epf,LtlSoftwareModelCheckingC.xml,ExpectedResult: SAFE UltimateResult: SAFE   [ShortDescription: All specifications hold LongDescription: We were not able to verify any specifiation because the program does not contain any specification.],7740906996.0,8429502464
,rers,Problem16_prop_035.c,LtlSoftwareModelCheckingC.epf,LtlSoftwareModelCheckingC.xml,ExpectedResult: SAFE UltimateResult: SAFE   [ShortDescription: All specifications hold LongDescription: We were not able to verify any specifiation because the program does not contain any specification.],382258980906.0,7.40032512E+9
,rers,Problem17_prop_038.c,LtlSoftwareModelCheckingC.epf,LtlSoftwareModelCheckingC.xml,ExpectedResult: SAFE UltimateResult: SAFE   [ShortDescription: All specifications hold LongDescription: We were not able to verify any specifiation because the program does not contain any specification.],96779781069.0,7223640064
,rers,Problem19_prop_019.c,LtlSoftwareModelCheckingC.epf,LtlSoftwareModelCheckingC.xml,ExpectedResult: SAFE UltimateResult: TIMEOUT   [ShortDescription: Timeout LongDescription: Timeout while trying to prove (!(F(A)) || (B U C))],1409559609456,7.81713408E+9
,rers,Problem17_prop_012.c,LtlSoftwareModelCheckingC.epf,LtlSoftwareModelCheckingC.xml,ExpectedResult: UNSAFE UltimateResult: EXCEPTION_OR_ERROR   [de.uni_freiburg.informatik.ultimate.plugins.generator.buchiautomizer: OutOfMemoryError: GC overhead limit exceeded],495563925247.0,7567048704
,rers,Problem16_prop_040.c,LtlSoftwareModelCheckingC.epf,LtlSoftwareModelCheckingC.xml,ExpectedResult: UNSAFE UltimateResult: EXCEPTION_OR_ERROR   [de.uni_freiburg.informatik.ultimate.plugins.generator.buchiautomizer: OutOfMemoryError: GC overhead limit exceeded],914890363873.0,7626293248
,rers,Problem15_prop_023.c,LtlSoftwareModelCheckingC.epf,LtlSoftwareModelCheckingC.xml,ExpectedResult: UNSAFE UltimateResult: EXCEPTION_OR_ERROR   [de.uni_freiburg.informatik.ultimate.plugins.generator.buchiautomizer: OutOfMemoryError: GC overhead limit exceeded],527547160306.0,7635730432
,rers,Problem14_prop_008.c,LtlSoftwareModelCheckingC.epf,LtlSoftwareModelCheckingC.xml,ExpectedResult: UNSAFE UltimateResult: UNSAFE   Violation of LTL property G((!((A && F(B))) || (C U B))) ,84443080105.0,8.40957952E+9
,rers,Problem15_prop_038.c,LtlSoftwareModelCheckingC.epf,LtlSoftwareModelCheckingC.xml,ExpectedResult: SAFE UltimateResult: SAFE   [ShortDescription: All specifications hold LongDescription: We were not able to verify any specifiation because the program does not contain any specification.],307443316252.0,7.35576064E+9
,rers,Problem18_prop_021.c,LtlSoftwareModelCheckingC.epf,LtlSoftwareModelCheckingC.xml,ExpectedResult: UNSAFE UltimateResult: EXCEPTION_OR_ERROR   [de.uni_freiburg.informatik.ultimate.plugins.generator.buchiautomizer: OutOfMemoryError: GC overhead limit exceeded],1092962223789.0,7781482496
,rers,Problem14_prop_011.c,LtlSoftwareModelCheckingC.epf,LtlSoftwareModelCheckingC.xml,ExpectedResult: SAFE UltimateResult: SAFE   [ShortDescription: All specifications hold LongDescription: We were not able to verify any specifiation because the program does not contain any specification.],47514242679.0,8.4410368E+9
,rers,Problem19_prop_009.c,LtlSoftwareModelCheckingC.epf,LtlSoftwareModelCheckingC.xml,ExpectedResult: UNSAFE UltimateResult: TIMEOUT   [ShortDescription: Timeout LongDescription: Timeout while trying to prove G(A)],1224641393126.0,7551844352
,rers,Problem18_prop_019.c,LtlSoftwareModelCheckingC.epf,LtlSoftwareModelCheckingC.xml,ExpectedResult: SAFE UltimateResult: TIMEOUT   [ShortDescription: Timeout LongDescription: Timeout while trying to prove ((A U ((B U ((A U ((B U G(A)) || G(B))) || G(A))) || G(B))) || G(A))],1200200775528.0,7684489216
,rers,Problem17_prop_035.c,LtlSoftwareModelCheckingC.epf,LtlSoftwareModelCheckingC.xml,ExpectedResult: SAFE UltimateResult: SAFE   [ShortDescription: All specifications hold LongDescription: We were not able to verify any specifiation because the program does not contain any specification.],64552906370.0,7635730432
,rers,Problem16_prop_019.c,LtlSoftwareModelCheckingC.epf,LtlSoftwareModelCheckingC.xml,ExpectedResult: UNSAFE UltimateResult: EXCEPTION_OR_ERROR   [de.uni_freiburg.informatik.ultimate.plugins.generator.buchiautomizer: OutOfMemoryError: GC overhead limit exceeded],663279546798.0,7585398784
,rers,Problem19_prop_026.c,LtlSoftwareModelCheckingC.epf,LtlSoftwareModelCheckingC.xml,ExpectedResult: SAFE UltimateResult: EXCEPTION_OR_ERROR   [de.uni_freiburg.informatik.ultimate.plugins.generator.buchiautomizer: OutOfMemoryError: GC overhead limit exceeded],1344353796948.0,7635730432
,rers,Problem17_prop_007.c,LtlSoftwareModelCheckingC.epf,LtlSoftwareModelCheckingC.xml,ExpectedResult: SAFE UltimateResult: SAFE   [ShortDescription: All specifications hold LongDescription: We were not able to verify any specifiation because the program does not contain any specification.],163754345585.0,7.7594624E+9
,rers,Problem14_prop_024.c,LtlSoftwareModelCheckingC.epf,LtlSoftwareModelCheckingC.xml,ExpectedResult: SAFE UltimateResult: SAFE   [ShortDescription: All specifications hold LongDescription: We were not able to verify any specifiation because the program does not contain any specification.],90274541976.0,8363966464
,rers,Problem14_prop_018.c,LtlSoftwareModelCheckingC.epf,LtlSoftwareModelCheckingC.xml,ExpectedResult: SAFE UltimateResult: SAFE   [ShortDescription: All specifications hold LongDescription: We were not able to verify any specifiation because the program does not contain any specification.],12887863478.0,8421638144
,rers,Problem15_prop_029.c,LtlSoftwareModelCheckingC.epf,LtlSoftwareModelCheckingC.xml,ExpectedResult: UNSAFE UltimateResult: TIMEOUT   [ShortDescription: Timeout LongDescription: Timeout while trying to prove (!(F(A)) || (B U (A || (C U (A || (B U (A || (C U (A || (D U A))))))))))],1199995881418.0,7960264704
,rers,Problem18_prop_024.c,LtlSoftwareModelCheckingC.epf,LtlSoftwareModelCheckingC.xml,ExpectedResult: SAFE UltimateResult: SAFE   [ShortDescription: All specifications hold LongDescription: We were not able to verify any specifiation because the program does not contain any specification.],324032195512.0,7906787328
,rers,Problem15_prop_004.c,LtlSoftwareModelCheckingC.epf,LtlSoftwareModelCheckingC.xml,ExpectedResult: UNSAFE UltimateResult: EXCEPTION_OR_ERROR   [de.uni_freiburg.informatik.ultimate.plugins.generator.buchiautomizer: OutOfMemoryError: GC overhead limit exceeded: java.util.HashMap.createEntry(HashMap.java:901)],662193072971.0,7963410432
,rers,Problem17_prop_034.c,LtlSoftwareModelCheckingC.epf,LtlSoftwareModelCheckingC.xml,ExpectedResult: UNSAFE UltimateResult: EXCEPTION_OR_ERROR   [de.uni_freiburg.informatik.ultimate.plugins.generator.buchiautomizer: OutOfMemoryError: GC overhead limit exceeded],1188072443256.0,7635730432
,rers,Problem19_prop_015.c,LtlSoftwareModelCheckingC.epf,LtlSoftwareModelCheckingC.xml,ExpectedResult: SAFE UltimateResult: TIMEOUT   [ShortDescription: Timeout LongDescription: Timeout while trying to prove G((!((A && F(B))) || (C U B)))],1279931830825,7635730432
,rers,Problem15_prop_021.c,LtlSoftwareModelCheckingC.epf,LtlSoftwareModelCheckingC.xml,ExpectedResult: UNSAFE UltimateResult: EXCEPTION_OR_ERROR   [de.uni_freiburg.informatik.ultimate.plugins.generator.buchiautomizer: OutOfMemoryError: GC overhead limit exceeded],1120711959667.0,6962020352
,rers,Problem16_prop_023.c,LtlSoftwareModelCheckingC.epf,LtlSoftwareModelCheckingC.xml,ExpectedResult: SAFE UltimateResult: SAFE   [ShortDescription: All specifications hold LongDescription: We were not able to verify any specifiation because the program does not contain any specification.],285276962586.0,7416578048
,rers,Problem16_prop_026.c,LtlSoftwareModelCheckingC.epf,LtlSoftwareModelCheckingC.xml,ExpectedResult: UNSAFE UltimateResult: EXCEPTION_OR_ERROR   [de.uni_freiburg.informatik.ultimate.plugins.generator.buchiautomizer: OutOfMemoryError: GC overhead limit exceeded],775494983552.0,7.70179072E+9
,rers,Problem15_prop_028.c,LtlSoftwareModelCheckingC.epf,LtlSoftwareModelCheckingC.xml,ExpectedResult: UNSAFE UltimateResult: TIMEOUT   [ShortDescription: Timeout LongDescription: Timeout while trying to prove ((A U ((B U ((A U ((B U G(A)) || G(B))) || G(A))) || G(B))) || G(A))],1199996111541.0,7953973248
,rers,Problem19_prop_038.c,LtlSoftwareModelCheckingC.epf,LtlSoftwareModelCheckingC.xml,ExpectedResult: UNSAFE UltimateResult: TIMEOUT   [ShortDescription: Timeout LongDescription: Timeout while trying to prove G((A || ((B U C) || G(B))))],1202967507072.0,7635730432
,rers,Problem17_prop_024.c,LtlSoftwareModelCheckingC.epf,LtlSoftwareModelCheckingC.xml,ExpectedResult: UNSAFE UltimateResult: TIMEOUT   [ShortDescription: Timeout LongDescription: Timeout while trying to prove (!(F(A)) || (B U (A || (C U (A || (B U (A || (C U (A || (D U A))))))))))],1642392127170.0,7635730432
,rers,Problem19_prop_002.c,LtlSoftwareModelCheckingC.epf,LtlSoftwareModelCheckingC.xml,ExpectedResult: SAFE UltimateResult: TIMEOUT   [ShortDescription: Timeout LongDescription: Timeout while trying to prove G((A || F(B)))],1390703449033.0,7742160896
,rers,Problem14_prop_019.c,LtlSoftwareModelCheckingC.epf,LtlSoftwareModelCheckingC.xml,ExpectedResult: UNSAFE UltimateResult: UNSAFE   Violation of LTL property G((A || F(B))) ,27544287745.0,8475639808
,rers,Problem18_prop_041.c,LtlSoftwareModelCheckingC.epf,LtlSoftwareModelCheckingC.xml,ExpectedResult: UNSAFE UltimateResult: EXCEPTION_OR_ERROR   [de.uni_freiburg.informatik.ultimate.plugins.generator.buchiautomizer: OutOfMemoryError: GC overhead limit exceeded],983309642060.0,7948730368
,rers,Problem14_prop_032.c,LtlSoftwareModelCheckingC.epf,LtlSoftwareModelCheckingC.xml,ExpectedResult: SAFE UltimateResult: SAFE   [ShortDescription: All specifications hold LongDescription: We were not able to verify any specifiation because the program does not contain any specification.],9792878631.0,8.43055104E+9
,rers,Problem14_prop_026.c,LtlSoftwareModelCheckingC.epf,LtlSoftwareModelCheckingC.xml,ExpectedResult: SAFE UltimateResult: SAFE   [ShortDescription: All specifications hold LongDescription: We were not able to verify any specifiation because the program does not contain any specification.],232398870163.0,8394375168
,rers,Problem18_prop_042.c,LtlSoftwareModelCheckingC.epf,LtlSoftwareModelCheckingC.xml,ExpectedResult: UNSAFE UltimateResult: TIMEOUT   [ShortDescription: Timeout LongDescription: Timeout while trying to prove G((A || (B U C)))],1199992450196.0,7635730432
,rers,Problem15_prop_009.c,LtlSoftwareModelCheckingC.epf,LtlSoftwareModelCheckingC.xml,ExpectedResult: SAFE UltimateResult: SAFE   [ShortDescription: All specifications hold LongDescription: We were not able to verify any specifiation because the program does not contain any specification.],66507374901.0,6.45398528E+9
,rers,Problem15_prop_030.c,LtlSoftwareModelCheckingC.epf,LtlSoftwareModelCheckingC.xml,ExpectedResult: UNSAFE UltimateResult: EXCEPTION_OR_ERROR   [de.uni_freiburg.informatik.ultimate.plugins.generator.buchiautomizer: OutOfMemoryError: GC overhead limit exceeded],952331643182.0,7710703616
,rers,Problem18_prop_003.c,LtlSoftwareModelCheckingC.epf,LtlSoftwareModelCheckingC.xml,ExpectedResult: SAFE UltimateResult: SAFE   [ShortDescription: All specifications hold LongDescription: We were not able to verify any specifiation because the program does not contain any specification.],285050341105.0,8.0216064E+9
,rers,Problem16_prop_014.c,LtlSoftwareModelCheckingC.epf,LtlSoftwareModelCheckingC.xml,ExpectedResult: SAFE UltimateResult: SAFE   [ShortDescription: All specifications hold LongDescription: We were not able to verify any specifiation because the program does not contain any specification.],51262094141.0,7545028608
,rers,Problem15_prop_014.c,LtlSoftwareModelCheckingC.epf,LtlSoftwareModelCheckingC.xml,ExpectedResult: SAFE UltimateResult: SAFE   [ShortDescription: All specifications hold LongDescription: We were not able to verify any specifiation because the program does not contain any specification.],221305129624.0,6866599936
,rers,Problem14_prop_012.c,LtlSoftwareModelCheckingC.epf,LtlSoftwareModelCheckingC.xml,ExpectedResult: SAFE UltimateResult: SAFE   [ShortDescription: All specifications hold LongDescription: We were not able to verify any specifiation because the program does not contain any specification.],13715361804.0,8450473984
,rers,Problem14_prop_040.c,LtlSoftwareModelCheckingC.epf,LtlSoftwareModelCheckingC.xml,ExpectedResult: UNSAFE UltimateResult: UNSAFE   Violation of LTL property ((A U B) || G(A)) ,98915417740.0,8342470656
,rers,Problem18_prop_045.c,LtlSoftwareModelCheckingC.epf,LtlSoftwareModelCheckingC.xml,ExpectedResult: UNSAFE UltimateResult: TIMEOUT   [ShortDescription: Timeout LongDescription: Timeout while trying to prove G((A || ((B U C) || G(B))))],1352414228032.0,7687634944
,rers,Problem16_prop_029.c,LtlSoftwareModelCheckingC.epf,LtlSoftwareModelCheckingC.xml,ExpectedResult: UNSAFE UltimateResult: EXCEPTION_OR_ERROR   [de.uni_freiburg.informatik.ultimate.plugins.generator.buchiautomizer: OutOfMemoryError: Java heap space],825334010049.0,7635730432
,rers,Problem17_prop_018.c,LtlSoftwareModelCheckingC.epf,LtlSoftwareModelCheckingC.xml,ExpectedResult: SAFE UltimateResult: SAFE   [ShortDescription: All specifications hold LongDescription: We were not able to verify any specifiation because the program does not contain any specification.],116973394971.0,7.3531392E+9
,rers,Problem15_prop_013.c,LtlSoftwareModelCheckingC.epf,LtlSoftwareModelCheckingC.xml,ExpectedResult: UNSAFE UltimateResult: EXCEPTION_OR_ERROR   [de.uni_freiburg.informatik.ultimate.plugins.generator.buchiautomizer: OutOfMemoryError: GC overhead limit exceeded],626278863110.0,7635730432
,rers,Problem17_prop_040.c,LtlSoftwareModelCheckingC.epf,LtlSoftwareModelCheckingC.xml,ExpectedResult: UNSAFE UltimateResult: TIMEOUT   [ShortDescription: Timeout LongDescription: Timeout while trying to prove (G(A) || F((B && F(C))))],1287115710261.0,7635730432
,rers,Problem19_prop_023.c,LtlSoftwareModelCheckingC.epf,LtlSoftwareModelCheckingC.xml,ExpectedResult: UNSAFE UltimateResult: EXCEPTION_OR_ERROR   [de.uni_freiburg.informatik.ultimate.plugins.generator.buchiautomizer: OutOfMemoryError: GC overhead limit exceeded],647428890016.0,7648313344
,rers,Problem16_prop_017.c,LtlSoftwareModelCheckingC.epf,LtlSoftwareModelCheckingC.xml,ExpectedResult: UNSAFE UltimateResult: EXCEPTION_OR_ERROR   [de.uni_freiburg.informatik.ultimate.plugins.generator.buchiautomizer: OutOfMemoryError: GC overhead limit exceeded],762079044793.0,7.38197504E+9
,rers,Problem19_prop_018.c,LtlSoftwareModelCheckingC.epf,LtlSoftwareModelCheckingC.xml,ExpectedResult: UNSAFE UltimateResult: TIMEOUT   [ShortDescription: Timeout LongDescription: Timeout while trying to prove G((A || F(B)))],1250737887629.0,7635730432
,rers,Problem18_prop_012.c,LtlSoftwareModelCheckingC.epf,LtlSoftwareModelCheckingC.xml,ExpectedResult: UNSAFE UltimateResult: TIMEOUT   [ShortDescription: Timeout LongDescription: Timeout while trying to prove (!(F(A)) || (B U (A || (C U (A || (B U (A || (C U (A || (D U A))))))))))],1240176425008.0,7.84596992E+9
,rers,Problem14_prop_000.c,LtlSoftwareModelCheckingC.epf,LtlSoftwareModelCheckingC.xml,ExpectedResult: SAFE UltimateResult: SAFE   [ShortDescription: All specifications hold LongDescription: We were not able to verify any specifiation because the program does not contain any specification.],15738337367,1557659648
,rers,Problem14_prop_017.c,LtlSoftwareModelCheckingC.epf,LtlSoftwareModelCheckingC.xml,ExpectedResult: UNSAFE UltimateResult: UNSAFE   Violation of LTL property ((A U B) || G(A)) ,18844172071.0,8374452224
,rers,Problem14_prop_005.c,LtlSoftwareModelCheckingC.epf,LtlSoftwareModelCheckingC.xml,ExpectedResult: UNSAFE UltimateResult: NO_RESULT   NO_RESULT,122999129224.0,8439988224
,rers,Problem16_prop_001.c,LtlSoftwareModelCheckingC.epf,LtlSoftwareModelCheckingC.xml,ExpectedResult: SAFE UltimateResult: EXCEPTION_OR_ERROR   [de.uni_freiburg.informatik.ultimate.plugins.generator.buchiautomizer: OutOfMemoryError: GC overhead limit exceeded],650991795726.0,7323254784
,rers,Problem16_prop_020.c,LtlSoftwareModelCheckingC.epf,LtlSoftwareModelCheckingC.xml,ExpectedResult: SAFE UltimateResult: EXCEPTION_OR_ERROR   [de.uni_freiburg.informatik.ultimate.plugins.generator.buchiautomizer: OutOfMemoryError: GC overhead limit exceeded],879157384887.0,7585398784
,rers,Problem18_prop_048.c,LtlSoftwareModelCheckingC.epf,LtlSoftwareModelCheckingC.xml,ExpectedResult: SAFE UltimateResult: SAFE   [ShortDescription: All specifications hold LongDescription: We were not able to verify any specifiation because the program does not contain any specification.],1196627079808.0,7751073792
,rers,Problem15_prop_042.c,LtlSoftwareModelCheckingC.epf,LtlSoftwareModelCheckingC.xml,ExpectedResult: SAFE UltimateResult: SAFE   [ShortDescription: All specifications hold LongDescription: We were not able to verify any specifiation because the program does not contain any specification.],707185428152.0,7755792384
,rers,Problem14_prop_022.c,LtlSoftwareModelCheckingC.epf,LtlSoftwareModelCheckingC.xml,ExpectedResult: UNSAFE UltimateResult: TIMEOUT   [ShortDescription: Timeout LongDescription: Timout or Toolchain cancelled by user],1235015959427.0,8422162432
,rers,Problem17_prop_014.c,LtlSoftwareModelCheckingC.epf,LtlSoftwareModelCheckingC.xml,ExpectedResult: UNSAFE UltimateResult: EXCEPTION_OR_ERROR   [de.uni_freiburg.informatik.ultimate.plugins.generator.buchiautomizer: OutOfMemoryError: Java heap space],659848288887.0,7635730432
,rers,Problem18_prop_031.c,LtlSoftwareModelCheckingC.epf,LtlSoftwareModelCheckingC.xml,ExpectedResult: SAFE UltimateResult: TIMEOUT   [ShortDescription: Timeout LongDescription: Timeout while trying to prove G((A || ((B U C) || G(B))))],1240701949478.0,7886864384
,rers,Problem17_prop_043.c,LtlSoftwareModelCheckingC.epf,LtlSoftwareModelCheckingC.xml,ExpectedResult: UNSAFE UltimateResult: EXCEPTION_OR_ERROR   [de.uni_freiburg.informatik.ultimate.plugins.generator.buchiautomizer: OutOfMemoryError: GC overhead limit exceeded],546760477254.0,7635730432
,rers,Problem19_prop_020.c,LtlSoftwareModelCheckingC.epf,LtlSoftwareModelCheckingC.xml,ExpectedResult: SAFE UltimateResult: EXCEPTION_OR_ERROR   [de.uni_freiburg.informatik.ultimate.plugins.generator.buchiautomizer: OutOfMemoryError: GC overhead limit exceeded],891823613583.0,7.90626304E+9
,rers,Problem18_prop_040.c,LtlSoftwareModelCheckingC.epf,LtlSoftwareModelCheckingC.xml,ExpectedResult: SAFE UltimateResult: SAFE   [ShortDescription: All specifications hold LongDescription: We were not able to verify any specifiation because the program does not contain any specification.],867272155877.0,8173125632
,rers,Problem19_prop_033.c,LtlSoftwareModelCheckingC.epf,LtlSoftwareModelCheckingC.xml,ExpectedResult: UNSAFE UltimateResult: TIMEOUT   [ShortDescription: Timeout LongDescription: Timeout while trying to prove G((!((A && F(B))) || (C U B)))],1243178480833,7635730432
,rers,Problem19_prop_008.c,LtlSoftwareModelCheckingC.epf,LtlSoftwareModelCheckingC.xml,ExpectedResult: SAFE UltimateResult: TIMEOUT   [ShortDescription: Timeout LongDescription: Timeout while trying to prove G(A)],1268893034489.0,8041529344
,rers,Problem16_prop_028.c,LtlSoftwareModelCheckingC.epf,LtlSoftwareModelCheckingC.xml,ExpectedResult: UNSAFE UltimateResult: UNSAFE   Violation of LTL property ((A U B) || G(A)) ,141809814462.0,7.57858304E+9
,rers,Problem17_prop_011.c,LtlSoftwareModelCheckingC.epf,LtlSoftwareModelCheckingC.xml,ExpectedResult: SAFE UltimateResult: SAFE   [ShortDescription: All specifications hold LongDescription: We were not able to verify any specifiation because the program does not contain any specification.],24383130752.0,7421820928
,rers,Problem15_prop_008.c,LtlSoftwareModelCheckingC.epf,LtlSoftwareModelCheckingC.xml,ExpectedResult: SAFE UltimateResult: SAFE   [ShortDescription: All specifications hold LongDescription: We were not able to verify any specifiation because the program does not contain any specification.],109421051049.0,6858735616
,rers,Problem16_prop_027.c,LtlSoftwareModelCheckingC.epf,LtlSoftwareModelCheckingC.xml,ExpectedResult: UNSAFE UltimateResult: EXCEPTION_OR_ERROR   [de.uni_freiburg.informatik.ultimate.plugins.generator.buchiautomizer: OutOfMemoryError: GC overhead limit exceeded],710201104706.0,7.57858304E+9
,rers,Problem17_prop_004.c,LtlSoftwareModelCheckingC.epf,LtlSoftwareModelCheckingC.xml,ExpectedResult: UNSAFE UltimateResult: EXCEPTION_OR_ERROR   [de.uni_freiburg.informatik.ultimate.plugins.generator.buchiautomizer: OutOfMemoryError: GC overhead limit exceeded],820807489107.0,7500464128
,rers,Problem17_prop_017.c,LtlSoftwareModelCheckingC.epf,LtlSoftwareModelCheckingC.xml,ExpectedResult: SAFE UltimateResult: SAFE   [ShortDescription: All specifications hold LongDescription: We were not able to verify any specifiation because the program does not contain any specification.],54977224131.0,7542931456
,rers,Problem15_prop_041.c,LtlSoftwareModelCheckingC.epf,LtlSoftwareModelCheckingC.xml,ExpectedResult: UNSAFE UltimateResult: TIMEOUT   [ShortDescription: Timeout LongDescription: Timout or Toolchain cancelled by user],1200094778959.0,7.25352448E+9
,rers,Problem19_prop_021.c,LtlSoftwareModelCheckingC.epf,LtlSoftwareModelCheckingC.xml,ExpectedResult: SAFE UltimateResult: TIMEOUT   [ShortDescription: Timeout LongDescription: Timeout while trying to prove G(A)],1240298065517.0,7635730432
,rers,Problem17_prop_039.c,LtlSoftwareModelCheckingC.epf,LtlSoftwareModelCheckingC.xml,ExpectedResult: UNSAFE UltimateResult: TIMEOUT   [ShortDescription: Timeout LongDescription: Timeout while trying to prove G((A || (B U C)))],1607608837590.0,7635730432
,rers,Problem18_prop_014.c,LtlSoftwareModelCheckingC.epf,LtlSoftwareModelCheckingC.xml,ExpectedResult: UNSAFE UltimateResult: TIMEOUT   [ShortDescription: Timeout LongDescription: Timeout while trying to prove (!(F(A)) || (B U C))],1221640625489.0,7635730432
,rers,Problem15_prop_003.c,LtlSoftwareModelCheckingC.epf,LtlSoftwareModelCheckingC.xml,ExpectedResult: SAFE UltimateResult: SAFE   [ShortDescription: All specifications hold LongDescription: We were not able to verify any specifiation because the program does not contain any specification.],90717686315.0,8183087104
,rers,Problem16_prop_003.c,LtlSoftwareModelCheckingC.epf,LtlSoftwareModelCheckingC.xml,ExpectedResult: SAFE UltimateResult: EXCEPTION_OR_ERROR   [de.uni_freiburg.informatik.ultimate.plugins.generator.buchiautomizer: OutOfMemoryError: GC overhead limit exceeded],697648309791.0,7461666816
,rers,Problem19_prop_006.c,LtlSoftwareModelCheckingC.epf,LtlSoftwareModelCheckingC.xml,ExpectedResult: SAFE UltimateResult: TIMEOUT   [ShortDescription: Timeout LongDescription: Timeout while trying to prove (!(F(A)) || (B U C))],1199993691706.0,7635730432
,rers,Problem16_prop_022.c,LtlSoftwareModelCheckingC.epf,LtlSoftwareModelCheckingC.xml,ExpectedResult: UNSAFE UltimateResult: EXCEPTION_OR_ERROR   [de.uni_freiburg.informatik.ultimate.plugins.generator.buchiautomizer: OutOfMemoryError: GC overhead limit exceeded],816514109354.0,7627866112
,rers,Problem15_prop_046.c,LtlSoftwareModelCheckingC.epf,LtlSoftwareModelCheckingC.xml,ExpectedResult: SAFE UltimateResult: SAFE   [ShortDescription: All specifications hold LongDescription: We were not able to verify any specifiation because the program does not contain any specification.],41915705367.0,7273447424
,rers,Problem19_prop_031.c,LtlSoftwareModelCheckingC.epf,LtlSoftwareModelCheckingC.xml,ExpectedResult: SAFE UltimateResult: TIMEOUT   [ShortDescription: Timeout LongDescription: Timeout while trying to prove G((A || ((B U C) || G(B))))],1200197287328,7635730432
,rers,Problem17_prop_042.c,LtlSoftwareModelCheckingC.epf,LtlSoftwareModelCheckingC.xml,ExpectedResult: UNSAFE UltimateResult: EXCEPTION_OR_ERROR   [de.uni_freiburg.informatik.ultimate.plugins.generator.buchiautomizer: OutOfMemoryError: GC overhead limit exceeded],617547020311.0,7635730432
,rers,Problem15_prop_010.c,LtlSoftwareModelCheckingC.epf,LtlSoftwareModelCheckingC.xml,ExpectedResult: SAFE UltimateResult: SAFE   [ShortDescription: All specifications hold LongDescription: We were not able to verify any specifiation because the program does not contain any specification.],79402475727.0,6.20756992E+9
,rers,Problem17_prop_002.c,LtlSoftwareModelCheckingC.epf,LtlSoftwareModelCheckingC.xml,ExpectedResult: SAFE UltimateResult: SAFE   [ShortDescription: All specifications hold LongDescription: We were not able to verify any specifiation because the program does not contain any specification.],901480307223.0,7635730432
,rers,Problem19_prop_024.c,LtlSoftwareModelCheckingC.epf,LtlSoftwareModelCheckingC.xml,ExpectedResult: UNSAFE UltimateResult: EXCEPTION_OR_ERROR   [de.uni_freiburg.informatik.ultimate.plugins.generator.buchiautomizer: OutOfMemoryError: GC overhead limit exceeded],891015265178.0,7635730432
,rers,Problem19_prop_043.c,LtlSoftwareModelCheckingC.epf,LtlSoftwareModelCheckingC.xml,ExpectedResult: UNSAFE UltimateResult: TIMEOUT   [ShortDescription: Timeout LongDescription: Timeout while trying to prove ((A U B) || G(A))],1199988660949.0,7933526016
,rers,Problem14_prop_028.c,LtlSoftwareModelCheckingC.epf,LtlSoftwareModelCheckingC.xml,ExpectedResult: UNSAFE UltimateResult: UNSAFE   Violation of LTL property ((A U ((B U ((A U ((B U G(A)) || G(B))) || G(A))) || G(B))) || G(A)) ,190555131069.0,8253341696
,rers,Problem14_prop_031.c,LtlSoftwareModelCheckingC.epf,LtlSoftwareModelCheckingC.xml,ExpectedResult: SAFE UltimateResult: SAFE   [ShortDescription: All specifications hold LongDescription: We were not able to verify any specifiation because the program does not contain any specification.],76008984126.0,8426881024
,rers,Problem18_prop_004.c,LtlSoftwareModelCheckingC.epf,LtlSoftwareModelCheckingC.xml,ExpectedResult: SAFE UltimateResult: SAFE   [ShortDescription: All specifications hold LongDescription: We were not able to verify any specifiation because the program does not contain any specification.],379286131710.0,8059355136
,rers,Problem19_prop_042.c,LtlSoftwareModelCheckingC.epf,LtlSoftwareModelCheckingC.xml,ExpectedResult: SAFE UltimateResult: TIMEOUT   [ShortDescription: Timeout LongDescription: Timeout while trying to prove G((!((A && F(B))) || (C U B)))],1215874080406.0,7934050304
,rers,Problem19_prop_044.c,LtlSoftwareModelCheckingC.epf,LtlSoftwareModelCheckingC.xml,ExpectedResult: SAFE UltimateResult: EXCEPTION_OR_ERROR   [de.uni_freiburg.informatik.ultimate.plugins.generator.buchiautomizer: OutOfMemoryError: GC overhead limit exceeded],1198597304029.0,8.04257792E+9
,rers,Problem15_prop_007.c,LtlSoftwareModelCheckingC.epf,LtlSoftwareModelCheckingC.xml,ExpectedResult: UNSAFE UltimateResult: EXCEPTION_OR_ERROR   [de.uni_freiburg.informatik.ultimate.plugins.generator.buchiautomizer: OutOfMemoryError: GC overhead limit exceeded: java.util.HashMap.newKeyIterator(HashMap.java:972)],1111922508304.0,7635730432
,rers,Problem14_prop_009.c,LtlSoftwareModelCheckingC.epf,LtlSoftwareModelCheckingC.xml,ExpectedResult: UNSAFE UltimateResult: UNSAFE   Violation of LTL property G((!((A && F(B))) || (C U B))) ,207058402696.0,8.2968576E+9
,rers,Problem14_prop_023.c,LtlSoftwareModelCheckingC.epf,LtlSoftwareModelCheckingC.xml,ExpectedResult: SAFE UltimateResult: SAFE   [ShortDescription: All specifications hold LongDescription: We were not able to verify any specifiation because the program does not contain any specification.],72757520519.0,8.3623936E+9
,rers,Problem18_prop_001.c,LtlSoftwareModelCheckingC.epf,LtlSoftwareModelCheckingC.xml,ExpectedResult: SAFE UltimateResult: TIMEOUT   [ShortDescription: Timeout LongDescription: Timeout while trying to prove G((A || G(B)))],1200485151497.0,7726432256
,rers,Problem16_prop_033.c,LtlSoftwareModelCheckingC.epf,LtlSoftwareModelCheckingC.xml,ExpectedResult: SAFE UltimateResult: SAFE   [ShortDescription: All specifications hold LongDescription: We were not able to verify any specifiation because the program does not contain any specification.],305132219338.0,7579107328
,rers,Problem16_prop_045.c,LtlSoftwareModelCheckingC.epf,LtlSoftwareModelCheckingC.xml,ExpectedResult: SAFE UltimateResult: EXCEPTION_OR_ERROR   [de.uni_freiburg.informatik.ultimate.plugins.generator.buchiautomizer: OutOfMemoryError: GC overhead limit exceeded],780903301023.0,7635730432


################################# Summary #######################
Safe: 99
Unsafe: 26
Timeout: 97
Error: 78
Expected Safe: 152
Expected Unsafe: 148
Total: 300
CSV conversion gone wrong: 0

################################# Latex #######################
\newcommand{\headcolor}{}
\newcommand{\header}[1]{\parbox{2.8em}{\centering #1}\headcolor}
\newcommand{\folder}[1]{\parbox{5em}{#1}}
\begin{table}
\centering
\resizebox{\linewidth}{!}{%
\begin{tabu} to \linewidth {lcllcrr}
\toprule
  \header{}& 
  \header{\#}&
  \header{Result}&
  \header{Variant}& 
  \header{Count}&
  \header{Avg. runtime}&
  \header{Mem{-}ory}\\
  \cmidrule(r){2-7}
\multirow{4}{*}{\folder{rers}} &
\multirow{1}{*}{148} &
\multirow{1}{*}{\folder{Unsafe}} 
 & LtlSoftwareModelCheckingC.epf & 26 & 239.65 s & 7810.87 MB\\
  \cmidrule[0.01em](l){2-7}
& \multirow{1}{*}{152} &
\multirow{1}{*}{\folder{Safe}} 
 & LtlSoftwareModelCheckingC.epf & 99 & 205.20 s & 7252.91 MB\\
  \cmidrule[0.01em](l){2-7}
& \multirow{1}{*}{300} &
\multirow{1}{*}{\folder{Completed}} 
 & LtlSoftwareModelCheckingC.epf & 125 & 212.37 s & 7368.96 MB\\
  \cmidrule[0.01em](l){2-7}
& & \multirow{1}{*}{\folder{Timeout}} 
 & LtlSoftwareModelCheckingC.epf & 97 & 1265.79 s & 7391.42 MB\\
\bottomrule
& & & & & & \\
\end{tabu}}
\caption{Results for LtlSoftwareModelCheckingC.xml.}
\end{table}