2014-10-18_14-59-55-278 First run of IncrementalLogWithVMParameters
	Parameters: heapMaxSize=5.7 GB
2014-10-18_14-59-55-280 ### 1/52 ### Starting test for Input:svcomp/ssh-simplified/s3_clnt_1_false-unreach-call.cil.c Settings:settings/TACASInterpolation2015/ForwardPredicates.epf Toolchain:toolchains/AutomizerC.xml
2014-10-18_14-59-58-297 Finishing test with SUCCESS for Input:svcomp/ssh-simplified/s3_clnt_1_false-unreach-call.cil.c Settings:settings/TACASInterpolation2015/ForwardPredicates.epf Toolchain:toolchains/AutomizerC.xml: UNSAFE(Expected:UNSAFE): ExpectedResult: UNSAFE UltimateResult: UNSAFE   a call of __VERIFIER_error() is reachable 
2014-10-18_14-59-58-300 ### 2/52 ### Starting test for Input:svcomp/ssh-simplified/s3_clnt_1_false-unreach-call.cil.c Settings:settings/TACASInterpolation2015/TreeInterpolation.epf Toolchain:toolchains/AutomizerC.xml
2014-10-18_15-00-00-122 Finishing test with SUCCESS for Input:svcomp/ssh-simplified/s3_clnt_1_false-unreach-call.cil.c Settings:settings/TACASInterpolation2015/TreeInterpolation.epf Toolchain:toolchains/AutomizerC.xml: UNSAFE(Expected:UNSAFE): ExpectedResult: UNSAFE UltimateResult: UNSAFE   a call of __VERIFIER_error() is reachable 
2014-10-18_15-00-00-122 ### 3/52 ### Starting test for Input:svcomp/ssh-simplified/s3_clnt_1_true-unreach-call.cil.c Settings:settings/TACASInterpolation2015/ForwardPredicates.epf Toolchain:toolchains/AutomizerC.xml
2014-10-18_15-00-02-105 Finishing test with SUCCESS for Input:svcomp/ssh-simplified/s3_clnt_1_true-unreach-call.cil.c Settings:settings/TACASInterpolation2015/ForwardPredicates.epf Toolchain:toolchains/AutomizerC.xml: SAFE(Expected:SAFE): ExpectedResult: SAFE UltimateResult: SAFE   [ShortDescription: All specifications hold LongDescription: 2 specifications checked. All of them hold]
2014-10-18_15-00-02-106 ### 4/52 ### Starting test for Input:svcomp/ssh-simplified/s3_clnt_1_true-unreach-call.cil.c Settings:settings/TACASInterpolation2015/TreeInterpolation.epf Toolchain:toolchains/AutomizerC.xml
2014-10-18_15-00-03-575 Finishing test with SUCCESS for Input:svcomp/ssh-simplified/s3_clnt_1_true-unreach-call.cil.c Settings:settings/TACASInterpolation2015/TreeInterpolation.epf Toolchain:toolchains/AutomizerC.xml: SAFE(Expected:SAFE): ExpectedResult: SAFE UltimateResult: SAFE   [ShortDescription: All specifications hold LongDescription: 2 specifications checked. All of them hold]
2014-10-18_15-00-03-576 ### 5/52 ### Starting test for Input:svcomp/ssh-simplified/s3_clnt_2_false-unreach-call_true-termination.cil.c Settings:settings/TACASInterpolation2015/ForwardPredicates.epf Toolchain:toolchains/AutomizerC.xml
2014-10-18_15-00-04-139 Finishing test with SUCCESS for Input:svcomp/ssh-simplified/s3_clnt_2_false-unreach-call_true-termination.cil.c Settings:settings/TACASInterpolation2015/ForwardPredicates.epf Toolchain:toolchains/AutomizerC.xml: UNSAFE(Expected:UNSAFE): ExpectedResult: UNSAFE UltimateResult: UNSAFE   a call of __VERIFIER_error() is reachable 
2014-10-18_15-00-04-140 ### 6/52 ### Starting test for Input:svcomp/ssh-simplified/s3_clnt_2_false-unreach-call_true-termination.cil.c Settings:settings/TACASInterpolation2015/TreeInterpolation.epf Toolchain:toolchains/AutomizerC.xml
2014-10-18_15-00-04-784 Finishing test with SUCCESS for Input:svcomp/ssh-simplified/s3_clnt_2_false-unreach-call_true-termination.cil.c Settings:settings/TACASInterpolation2015/TreeInterpolation.epf Toolchain:toolchains/AutomizerC.xml: UNSAFE(Expected:UNSAFE): ExpectedResult: UNSAFE UltimateResult: UNSAFE   a call of __VERIFIER_error() is reachable 
2014-10-18_15-00-04-784 ### 7/52 ### Starting test for Input:svcomp/ssh-simplified/s3_clnt_2_true-unreach-call_true-termination.cil.c Settings:settings/TACASInterpolation2015/ForwardPredicates.epf Toolchain:toolchains/AutomizerC.xml
2014-10-18_15-00-05-840 Finishing test with SUCCESS for Input:svcomp/ssh-simplified/s3_clnt_2_true-unreach-call_true-termination.cil.c Settings:settings/TACASInterpolation2015/ForwardPredicates.epf Toolchain:toolchains/AutomizerC.xml: SAFE(Expected:SAFE): ExpectedResult: SAFE UltimateResult: SAFE   [ShortDescription: All specifications hold LongDescription: 2 specifications checked. All of them hold]
2014-10-18_15-00-05-841 ### 8/52 ### Starting test for Input:svcomp/ssh-simplified/s3_clnt_2_true-unreach-call_true-termination.cil.c Settings:settings/TACASInterpolation2015/TreeInterpolation.epf Toolchain:toolchains/AutomizerC.xml
2014-10-18_15-00-07-189 Finishing test with SUCCESS for Input:svcomp/ssh-simplified/s3_clnt_2_true-unreach-call_true-termination.cil.c Settings:settings/TACASInterpolation2015/TreeInterpolation.epf Toolchain:toolchains/AutomizerC.xml: SAFE(Expected:SAFE): ExpectedResult: SAFE UltimateResult: SAFE   [ShortDescription: All specifications hold LongDescription: 2 specifications checked. All of them hold]
2014-10-18_15-00-07-189 ### 9/52 ### Starting test for Input:svcomp/ssh-simplified/s3_clnt_3.cil_true-unreach-call_true-termination.c Settings:settings/TACASInterpolation2015/ForwardPredicates.epf Toolchain:toolchains/AutomizerC.xml
2014-10-18_15-00-08-162 Finishing test with SUCCESS for Input:svcomp/ssh-simplified/s3_clnt_3.cil_true-unreach-call_true-termination.c Settings:settings/TACASInterpolation2015/ForwardPredicates.epf Toolchain:toolchains/AutomizerC.xml: SAFE(Expected:SAFE): ExpectedResult: SAFE UltimateResult: SAFE   [ShortDescription: All specifications hold LongDescription: 1 specifications checked. All of them hold]
2014-10-18_15-00-08-163 ### 10/52 ### Starting test for Input:svcomp/ssh-simplified/s3_clnt_3.cil_true-unreach-call_true-termination.c Settings:settings/TACASInterpolation2015/TreeInterpolation.epf Toolchain:toolchains/AutomizerC.xml
2014-10-18_15-00-09-290 Finishing test with SUCCESS for Input:svcomp/ssh-simplified/s3_clnt_3.cil_true-unreach-call_true-termination.c Settings:settings/TACASInterpolation2015/TreeInterpolation.epf Toolchain:toolchains/AutomizerC.xml: SAFE(Expected:SAFE): ExpectedResult: SAFE UltimateResult: SAFE   [ShortDescription: All specifications hold LongDescription: 1 specifications checked. All of them hold]
2014-10-18_15-00-09-291 ### 11/52 ### Starting test for Input:svcomp/ssh-simplified/s3_clnt_3_false-unreach-call.cil.c Settings:settings/TACASInterpolation2015/ForwardPredicates.epf Toolchain:toolchains/AutomizerC.xml
2014-10-18_15-00-09-992 Finishing test with SUCCESS for Input:svcomp/ssh-simplified/s3_clnt_3_false-unreach-call.cil.c Settings:settings/TACASInterpolation2015/ForwardPredicates.epf Toolchain:toolchains/AutomizerC.xml: UNSAFE(Expected:UNSAFE): ExpectedResult: UNSAFE UltimateResult: UNSAFE   a call of __VERIFIER_error() is reachable 
2014-10-18_15-00-09-992 ### 12/52 ### Starting test for Input:svcomp/ssh-simplified/s3_clnt_3_false-unreach-call.cil.c Settings:settings/TACASInterpolation2015/TreeInterpolation.epf Toolchain:toolchains/AutomizerC.xml
2014-10-18_15-00-10-533 Finishing test with SUCCESS for Input:svcomp/ssh-simplified/s3_clnt_3_false-unreach-call.cil.c Settings:settings/TACASInterpolation2015/TreeInterpolation.epf Toolchain:toolchains/AutomizerC.xml: UNSAFE(Expected:UNSAFE): ExpectedResult: UNSAFE UltimateResult: UNSAFE   a call of __VERIFIER_error() is reachable 
2014-10-18_15-00-10-533 ### 13/52 ### Starting test for Input:svcomp/ssh-simplified/s3_clnt_3_true-unreach-call.cil.c Settings:settings/TACASInterpolation2015/ForwardPredicates.epf Toolchain:toolchains/AutomizerC.xml
2014-10-18_15-00-11-458 Finishing test with SUCCESS for Input:svcomp/ssh-simplified/s3_clnt_3_true-unreach-call.cil.c Settings:settings/TACASInterpolation2015/ForwardPredicates.epf Toolchain:toolchains/AutomizerC.xml: SAFE(Expected:SAFE): ExpectedResult: SAFE UltimateResult: SAFE   [ShortDescription: All specifications hold LongDescription: 2 specifications checked. All of them hold]
2014-10-18_15-00-11-459 ### 14/52 ### Starting test for Input:svcomp/ssh-simplified/s3_clnt_3_true-unreach-call.cil.c Settings:settings/TACASInterpolation2015/TreeInterpolation.epf Toolchain:toolchains/AutomizerC.xml
2014-10-18_15-00-12-520 Finishing test with SUCCESS for Input:svcomp/ssh-simplified/s3_clnt_3_true-unreach-call.cil.c Settings:settings/TACASInterpolation2015/TreeInterpolation.epf Toolchain:toolchains/AutomizerC.xml: SAFE(Expected:SAFE): ExpectedResult: SAFE UltimateResult: SAFE   [ShortDescription: All specifications hold LongDescription: 2 specifications checked. All of them hold]
2014-10-18_15-00-12-521 ### 15/52 ### Starting test for Input:svcomp/ssh-simplified/s3_clnt_4_false-unreach-call.cil.c Settings:settings/TACASInterpolation2015/ForwardPredicates.epf Toolchain:toolchains/AutomizerC.xml
2014-10-18_15-00-12-908 Finishing test with SUCCESS for Input:svcomp/ssh-simplified/s3_clnt_4_false-unreach-call.cil.c Settings:settings/TACASInterpolation2015/ForwardPredicates.epf Toolchain:toolchains/AutomizerC.xml: UNSAFE(Expected:UNSAFE): ExpectedResult: UNSAFE UltimateResult: UNSAFE   a call of __VERIFIER_error() is reachable 
2014-10-18_15-00-12-909 ### 16/52 ### Starting test for Input:svcomp/ssh-simplified/s3_clnt_4_false-unreach-call.cil.c Settings:settings/TACASInterpolation2015/TreeInterpolation.epf Toolchain:toolchains/AutomizerC.xml
2014-10-18_15-00-13-470 Finishing test with SUCCESS for Input:svcomp/ssh-simplified/s3_clnt_4_false-unreach-call.cil.c Settings:settings/TACASInterpolation2015/TreeInterpolation.epf Toolchain:toolchains/AutomizerC.xml: UNSAFE(Expected:UNSAFE): ExpectedResult: UNSAFE UltimateResult: UNSAFE   a call of __VERIFIER_error() is reachable 
2014-10-18_15-00-13-471 ### 17/52 ### Starting test for Input:svcomp/ssh-simplified/s3_clnt_4_true-unreach-call.cil.c Settings:settings/TACASInterpolation2015/ForwardPredicates.epf Toolchain:toolchains/AutomizerC.xml
2014-10-18_15-00-14-443 Finishing test with SUCCESS for Input:svcomp/ssh-simplified/s3_clnt_4_true-unreach-call.cil.c Settings:settings/TACASInterpolation2015/ForwardPredicates.epf Toolchain:toolchains/AutomizerC.xml: SAFE(Expected:SAFE): ExpectedResult: SAFE UltimateResult: SAFE   [ShortDescription: All specifications hold LongDescription: 2 specifications checked. All of them hold]
2014-10-18_15-00-14-444 ### 18/52 ### Starting test for Input:svcomp/ssh-simplified/s3_clnt_4_true-unreach-call.cil.c Settings:settings/TACASInterpolation2015/TreeInterpolation.epf Toolchain:toolchains/AutomizerC.xml
2014-10-18_15-00-15-518 Finishing test with SUCCESS for Input:svcomp/ssh-simplified/s3_clnt_4_true-unreach-call.cil.c Settings:settings/TACASInterpolation2015/TreeInterpolation.epf Toolchain:toolchains/AutomizerC.xml: SAFE(Expected:SAFE): ExpectedResult: SAFE UltimateResult: SAFE   [ShortDescription: All specifications hold LongDescription: 2 specifications checked. All of them hold]
2014-10-18_15-00-15-518 ### 19/52 ### Starting test for Input:svcomp/ssh-simplified/s3_srvr_10_false-unreach-call.cil.c Settings:settings/TACASInterpolation2015/ForwardPredicates.epf Toolchain:toolchains/AutomizerC.xml
2014-10-18_15-00-15-801 Finishing test with SUCCESS for Input:svcomp/ssh-simplified/s3_srvr_10_false-unreach-call.cil.c Settings:settings/TACASInterpolation2015/ForwardPredicates.epf Toolchain:toolchains/AutomizerC.xml: UNSAFE(Expected:UNSAFE): ExpectedResult: UNSAFE UltimateResult: UNSAFE   a call of __VERIFIER_error() is reachable 
2014-10-18_15-00-15-802 ### 20/52 ### Starting test for Input:svcomp/ssh-simplified/s3_srvr_10_false-unreach-call.cil.c Settings:settings/TACASInterpolation2015/TreeInterpolation.epf Toolchain:toolchains/AutomizerC.xml
2014-10-18_15-00-16-090 Finishing test with SUCCESS for Input:svcomp/ssh-simplified/s3_srvr_10_false-unreach-call.cil.c Settings:settings/TACASInterpolation2015/TreeInterpolation.epf Toolchain:toolchains/AutomizerC.xml: UNSAFE(Expected:UNSAFE): ExpectedResult: UNSAFE UltimateResult: UNSAFE   a call of __VERIFIER_error() is reachable 
2014-10-18_15-00-16-091 ### 21/52 ### Starting test for Input:svcomp/ssh-simplified/s3_srvr_11_false-unreach-call.cil.c Settings:settings/TACASInterpolation2015/ForwardPredicates.epf Toolchain:toolchains/AutomizerC.xml
2014-10-18_15-00-17-257 Finishing test with SUCCESS for Input:svcomp/ssh-simplified/s3_srvr_11_false-unreach-call.cil.c Settings:settings/TACASInterpolation2015/ForwardPredicates.epf Toolchain:toolchains/AutomizerC.xml: UNSAFE(Expected:UNSAFE): ExpectedResult: UNSAFE UltimateResult: UNSAFE   a call of __VERIFIER_error() is reachable 
2014-10-18_15-00-17-257 ### 22/52 ### Starting test for Input:svcomp/ssh-simplified/s3_srvr_11_false-unreach-call.cil.c Settings:settings/TACASInterpolation2015/TreeInterpolation.epf Toolchain:toolchains/AutomizerC.xml
2014-10-18_15-00-18-523 Finishing test with SUCCESS for Input:svcomp/ssh-simplified/s3_srvr_11_false-unreach-call.cil.c Settings:settings/TACASInterpolation2015/TreeInterpolation.epf Toolchain:toolchains/AutomizerC.xml: UNSAFE(Expected:UNSAFE): ExpectedResult: UNSAFE UltimateResult: UNSAFE   a call of __VERIFIER_error() is reachable 
2014-10-18_15-00-18-523 ### 23/52 ### Starting test for Input:svcomp/ssh-simplified/s3_srvr_12_false-unreach-call.cil.c Settings:settings/TACASInterpolation2015/ForwardPredicates.epf Toolchain:toolchains/AutomizerC.xml
2014-10-18_15-00-19-349 Finishing test with SUCCESS for Input:svcomp/ssh-simplified/s3_srvr_12_false-unreach-call.cil.c Settings:settings/TACASInterpolation2015/ForwardPredicates.epf Toolchain:toolchains/AutomizerC.xml: UNSAFE(Expected:UNSAFE): ExpectedResult: UNSAFE UltimateResult: UNSAFE   a call of __VERIFIER_error() is reachable 
2014-10-18_15-00-19-349 ### 24/52 ### Starting test for Input:svcomp/ssh-simplified/s3_srvr_12_false-unreach-call.cil.c Settings:settings/TACASInterpolation2015/TreeInterpolation.epf Toolchain:toolchains/AutomizerC.xml
2014-10-18_15-00-20-402 Finishing test with SUCCESS for Input:svcomp/ssh-simplified/s3_srvr_12_false-unreach-call.cil.c Settings:settings/TACASInterpolation2015/TreeInterpolation.epf Toolchain:toolchains/AutomizerC.xml: UNSAFE(Expected:UNSAFE): ExpectedResult: UNSAFE UltimateResult: UNSAFE   a call of __VERIFIER_error() is reachable 
2014-10-18_15-00-20-403 ### 25/52 ### Starting test for Input:svcomp/ssh-simplified/s3_srvr_13_false-unreach-call.cil.c Settings:settings/TACASInterpolation2015/ForwardPredicates.epf Toolchain:toolchains/AutomizerC.xml
2014-10-18_15-00-21-028 Finishing test with SUCCESS for Input:svcomp/ssh-simplified/s3_srvr_13_false-unreach-call.cil.c Settings:settings/TACASInterpolation2015/ForwardPredicates.epf Toolchain:toolchains/AutomizerC.xml: UNSAFE(Expected:UNSAFE): ExpectedResult: UNSAFE UltimateResult: UNSAFE   a call of __VERIFIER_error() is reachable 
2014-10-18_15-00-21-028 ### 26/52 ### Starting test for Input:svcomp/ssh-simplified/s3_srvr_13_false-unreach-call.cil.c Settings:settings/TACASInterpolation2015/TreeInterpolation.epf Toolchain:toolchains/AutomizerC.xml
2014-10-18_15-00-21-734 Finishing test with SUCCESS for Input:svcomp/ssh-simplified/s3_srvr_13_false-unreach-call.cil.c Settings:settings/TACASInterpolation2015/TreeInterpolation.epf Toolchain:toolchains/AutomizerC.xml: UNSAFE(Expected:UNSAFE): ExpectedResult: UNSAFE UltimateResult: UNSAFE   a call of __VERIFIER_error() is reachable 
2014-10-18_15-00-21-735 ### 27/52 ### Starting test for Input:svcomp/ssh-simplified/s3_srvr_14_false-unreach-call.cil.c Settings:settings/TACASInterpolation2015/ForwardPredicates.epf Toolchain:toolchains/AutomizerC.xml
2014-10-18_15-00-22-208 Finishing test with SUCCESS for Input:svcomp/ssh-simplified/s3_srvr_14_false-unreach-call.cil.c Settings:settings/TACASInterpolation2015/ForwardPredicates.epf Toolchain:toolchains/AutomizerC.xml: UNSAFE(Expected:UNSAFE): ExpectedResult: UNSAFE UltimateResult: UNSAFE   a call of __VERIFIER_error() is reachable 
2014-10-18_15-00-22-209 ### 28/52 ### Starting test for Input:svcomp/ssh-simplified/s3_srvr_14_false-unreach-call.cil.c Settings:settings/TACASInterpolation2015/TreeInterpolation.epf Toolchain:toolchains/AutomizerC.xml
2014-10-18_15-00-22-625 Finishing test with SUCCESS for Input:svcomp/ssh-simplified/s3_srvr_14_false-unreach-call.cil.c Settings:settings/TACASInterpolation2015/TreeInterpolation.epf Toolchain:toolchains/AutomizerC.xml: UNSAFE(Expected:UNSAFE): ExpectedResult: UNSAFE UltimateResult: UNSAFE   a call of __VERIFIER_error() is reachable 
2014-10-18_15-00-22-626 ### 29/52 ### Starting test for Input:svcomp/ssh-simplified/s3_srvr_1_false-unreach-call.cil.c Settings:settings/TACASInterpolation2015/ForwardPredicates.epf Toolchain:toolchains/AutomizerC.xml
2014-10-18_15-00-22-934 Finishing test with SUCCESS for Input:svcomp/ssh-simplified/s3_srvr_1_false-unreach-call.cil.c Settings:settings/TACASInterpolation2015/ForwardPredicates.epf Toolchain:toolchains/AutomizerC.xml: UNSAFE(Expected:UNSAFE): ExpectedResult: UNSAFE UltimateResult: UNSAFE   a call of __VERIFIER_error() is reachable 
2014-10-18_15-00-22-935 ### 30/52 ### Starting test for Input:svcomp/ssh-simplified/s3_srvr_1_false-unreach-call.cil.c Settings:settings/TACASInterpolation2015/TreeInterpolation.epf Toolchain:toolchains/AutomizerC.xml
2014-10-18_15-00-23-493 Finishing test with SUCCESS for Input:svcomp/ssh-simplified/s3_srvr_1_false-unreach-call.cil.c Settings:settings/TACASInterpolation2015/TreeInterpolation.epf Toolchain:toolchains/AutomizerC.xml: UNSAFE(Expected:UNSAFE): ExpectedResult: UNSAFE UltimateResult: UNSAFE   a call of __VERIFIER_error() is reachable 
2014-10-18_15-00-23-494 ### 31/52 ### Starting test for Input:svcomp/ssh-simplified/s3_srvr_1_true-unreach-call.cil.c Settings:settings/TACASInterpolation2015/ForwardPredicates.epf Toolchain:toolchains/AutomizerC.xml
2014-10-18_15-00-24-282 Finishing test with SUCCESS for Input:svcomp/ssh-simplified/s3_srvr_1_true-unreach-call.cil.c Settings:settings/TACASInterpolation2015/ForwardPredicates.epf Toolchain:toolchains/AutomizerC.xml: SAFE(Expected:SAFE): ExpectedResult: SAFE UltimateResult: SAFE   [ShortDescription: All specifications hold LongDescription: 2 specifications checked. All of them hold]
2014-10-18_15-00-24-282 ### 32/52 ### Starting test for Input:svcomp/ssh-simplified/s3_srvr_1_true-unreach-call.cil.c Settings:settings/TACASInterpolation2015/TreeInterpolation.epf Toolchain:toolchains/AutomizerC.xml
2014-10-18_15-00-25-357 Finishing test with SUCCESS for Input:svcomp/ssh-simplified/s3_srvr_1_true-unreach-call.cil.c Settings:settings/TACASInterpolation2015/TreeInterpolation.epf Toolchain:toolchains/AutomizerC.xml: SAFE(Expected:SAFE): ExpectedResult: SAFE UltimateResult: SAFE   [ShortDescription: All specifications hold LongDescription: 2 specifications checked. All of them hold]
2014-10-18_15-00-25-357 ### 33/52 ### Starting test for Input:svcomp/ssh-simplified/s3_srvr_1a_true-unreach-call.cil.c Settings:settings/TACASInterpolation2015/ForwardPredicates.epf Toolchain:toolchains/AutomizerC.xml
2014-10-18_15-00-25-519 Finishing test with SUCCESS for Input:svcomp/ssh-simplified/s3_srvr_1a_true-unreach-call.cil.c Settings:settings/TACASInterpolation2015/ForwardPredicates.epf Toolchain:toolchains/AutomizerC.xml: SAFE(Expected:SAFE): ExpectedResult: SAFE UltimateResult: SAFE   [ShortDescription: All specifications hold LongDescription: 2 specifications checked. All of them hold]
2014-10-18_15-00-25-520 ### 34/52 ### Starting test for Input:svcomp/ssh-simplified/s3_srvr_1a_true-unreach-call.cil.c Settings:settings/TACASInterpolation2015/TreeInterpolation.epf Toolchain:toolchains/AutomizerC.xml
2014-10-18_15-00-25-637 Finishing test with SUCCESS for Input:svcomp/ssh-simplified/s3_srvr_1a_true-unreach-call.cil.c Settings:settings/TACASInterpolation2015/TreeInterpolation.epf Toolchain:toolchains/AutomizerC.xml: SAFE(Expected:SAFE): ExpectedResult: SAFE UltimateResult: SAFE   [ShortDescription: All specifications hold LongDescription: 2 specifications checked. All of them hold]
2014-10-18_15-00-25-637 ### 35/52 ### Starting test for Input:svcomp/ssh-simplified/s3_srvr_1b_true-unreach-call_false-termination.cil.c Settings:settings/TACASInterpolation2015/ForwardPredicates.epf Toolchain:toolchains/AutomizerC.xml
2014-10-18_15-00-25-702 Finishing test with SUCCESS for Input:svcomp/ssh-simplified/s3_srvr_1b_true-unreach-call_false-termination.cil.c Settings:settings/TACASInterpolation2015/ForwardPredicates.epf Toolchain:toolchains/AutomizerC.xml: SAFE(Expected:SAFE): ExpectedResult: SAFE UltimateResult: SAFE   [ShortDescription: All specifications hold LongDescription: 2 specifications checked. All of them hold]
2014-10-18_15-00-25-702 ### 36/52 ### Starting test for Input:svcomp/ssh-simplified/s3_srvr_1b_true-unreach-call_false-termination.cil.c Settings:settings/TACASInterpolation2015/TreeInterpolation.epf Toolchain:toolchains/AutomizerC.xml
2014-10-18_15-00-25-766 Finishing test with SUCCESS for Input:svcomp/ssh-simplified/s3_srvr_1b_true-unreach-call_false-termination.cil.c Settings:settings/TACASInterpolation2015/TreeInterpolation.epf Toolchain:toolchains/AutomizerC.xml: SAFE(Expected:SAFE): ExpectedResult: SAFE UltimateResult: SAFE   [ShortDescription: All specifications hold LongDescription: 2 specifications checked. All of them hold]
2014-10-18_15-00-25-767 ### 37/52 ### Starting test for Input:svcomp/ssh-simplified/s3_srvr_2_false-unreach-call.cil.c Settings:settings/TACASInterpolation2015/ForwardPredicates.epf Toolchain:toolchains/AutomizerC.xml
2014-10-18_15-00-26-054 Finishing test with SUCCESS for Input:svcomp/ssh-simplified/s3_srvr_2_false-unreach-call.cil.c Settings:settings/TACASInterpolation2015/ForwardPredicates.epf Toolchain:toolchains/AutomizerC.xml: UNSAFE(Expected:UNSAFE): ExpectedResult: UNSAFE UltimateResult: UNSAFE   a call of __VERIFIER_error() is reachable 
2014-10-18_15-00-26-055 ### 38/52 ### Starting test for Input:svcomp/ssh-simplified/s3_srvr_2_false-unreach-call.cil.c Settings:settings/TACASInterpolation2015/TreeInterpolation.epf Toolchain:toolchains/AutomizerC.xml
2014-10-18_15-00-26-581 Finishing test with SUCCESS for Input:svcomp/ssh-simplified/s3_srvr_2_false-unreach-call.cil.c Settings:settings/TACASInterpolation2015/TreeInterpolation.epf Toolchain:toolchains/AutomizerC.xml: UNSAFE(Expected:UNSAFE): ExpectedResult: UNSAFE UltimateResult: UNSAFE   a call of __VERIFIER_error() is reachable 
2014-10-18_15-00-26-582 ### 39/52 ### Starting test for Input:svcomp/ssh-simplified/s3_srvr_2_true-unreach-call.cil.c Settings:settings/TACASInterpolation2015/ForwardPredicates.epf Toolchain:toolchains/AutomizerC.xml
2014-10-18_15-00-27-270 Finishing test with SUCCESS for Input:svcomp/ssh-simplified/s3_srvr_2_true-unreach-call.cil.c Settings:settings/TACASInterpolation2015/ForwardPredicates.epf Toolchain:toolchains/AutomizerC.xml: SAFE(Expected:SAFE): ExpectedResult: SAFE UltimateResult: SAFE   [ShortDescription: All specifications hold LongDescription: 2 specifications checked. All of them hold]
2014-10-18_15-00-27-270 ### 40/52 ### Starting test for Input:svcomp/ssh-simplified/s3_srvr_2_true-unreach-call.cil.c Settings:settings/TACASInterpolation2015/TreeInterpolation.epf Toolchain:toolchains/AutomizerC.xml
2014-10-18_15-00-28-533 Finishing test with SUCCESS for Input:svcomp/ssh-simplified/s3_srvr_2_true-unreach-call.cil.c Settings:settings/TACASInterpolation2015/TreeInterpolation.epf Toolchain:toolchains/AutomizerC.xml: SAFE(Expected:SAFE): ExpectedResult: SAFE UltimateResult: SAFE   [ShortDescription: All specifications hold LongDescription: 2 specifications checked. All of them hold]
2014-10-18_15-00-28-533 ### 41/52 ### Starting test for Input:svcomp/ssh-simplified/s3_srvr_3_true-unreach-call.cil.c Settings:settings/TACASInterpolation2015/ForwardPredicates.epf Toolchain:toolchains/AutomizerC.xml
2014-10-18_15-00-29-191 Finishing test with SUCCESS for Input:svcomp/ssh-simplified/s3_srvr_3_true-unreach-call.cil.c Settings:settings/TACASInterpolation2015/ForwardPredicates.epf Toolchain:toolchains/AutomizerC.xml: SAFE(Expected:SAFE): ExpectedResult: SAFE UltimateResult: SAFE   [ShortDescription: All specifications hold LongDescription: 2 specifications checked. All of them hold]
2014-10-18_15-00-29-192 ### 42/52 ### Starting test for Input:svcomp/ssh-simplified/s3_srvr_3_true-unreach-call.cil.c Settings:settings/TACASInterpolation2015/TreeInterpolation.epf Toolchain:toolchains/AutomizerC.xml
2014-10-18_15-00-30-179 Finishing test with SUCCESS for Input:svcomp/ssh-simplified/s3_srvr_3_true-unreach-call.cil.c Settings:settings/TACASInterpolation2015/TreeInterpolation.epf Toolchain:toolchains/AutomizerC.xml: SAFE(Expected:SAFE): ExpectedResult: SAFE UltimateResult: SAFE   [ShortDescription: All specifications hold LongDescription: 2 specifications checked. All of them hold]
2014-10-18_15-00-30-179 ### 43/52 ### Starting test for Input:svcomp/ssh-simplified/s3_srvr_4_true-unreach-call.cil.c Settings:settings/TACASInterpolation2015/ForwardPredicates.epf Toolchain:toolchains/AutomizerC.xml
2014-10-18_15-00-30-924 Finishing test with SUCCESS for Input:svcomp/ssh-simplified/s3_srvr_4_true-unreach-call.cil.c Settings:settings/TACASInterpolation2015/ForwardPredicates.epf Toolchain:toolchains/AutomizerC.xml: SAFE(Expected:SAFE): ExpectedResult: SAFE UltimateResult: SAFE   [ShortDescription: All specifications hold LongDescription: 2 specifications checked. All of them hold]
2014-10-18_15-00-30-924 ### 44/52 ### Starting test for Input:svcomp/ssh-simplified/s3_srvr_4_true-unreach-call.cil.c Settings:settings/TACASInterpolation2015/TreeInterpolation.epf Toolchain:toolchains/AutomizerC.xml
2014-10-18_15-00-32-156 Finishing test with SUCCESS for Input:svcomp/ssh-simplified/s3_srvr_4_true-unreach-call.cil.c Settings:settings/TACASInterpolation2015/TreeInterpolation.epf Toolchain:toolchains/AutomizerC.xml: SAFE(Expected:SAFE): ExpectedResult: SAFE UltimateResult: SAFE   [ShortDescription: All specifications hold LongDescription: 2 specifications checked. All of them hold]
2014-10-18_15-00-32-157 ### 45/52 ### Starting test for Input:svcomp/ssh-simplified/s3_srvr_6_false-unreach-call.cil.c Settings:settings/TACASInterpolation2015/ForwardPredicates.epf Toolchain:toolchains/AutomizerC.xml
2014-10-18_15-00-32-244 Finishing test with SUCCESS for Input:svcomp/ssh-simplified/s3_srvr_6_false-unreach-call.cil.c Settings:settings/TACASInterpolation2015/ForwardPredicates.epf Toolchain:toolchains/AutomizerC.xml: UNSAFE(Expected:UNSAFE): ExpectedResult: UNSAFE UltimateResult: UNSAFE   a call of __VERIFIER_error() is reachable 
2014-10-18_15-00-32-244 ### 46/52 ### Starting test for Input:svcomp/ssh-simplified/s3_srvr_6_false-unreach-call.cil.c Settings:settings/TACASInterpolation2015/TreeInterpolation.epf Toolchain:toolchains/AutomizerC.xml
2014-10-18_15-00-32-321 Finishing test with SUCCESS for Input:svcomp/ssh-simplified/s3_srvr_6_false-unreach-call.cil.c Settings:settings/TACASInterpolation2015/TreeInterpolation.epf Toolchain:toolchains/AutomizerC.xml: UNSAFE(Expected:UNSAFE): ExpectedResult: UNSAFE UltimateResult: UNSAFE   a call of __VERIFIER_error() is reachable 
2014-10-18_15-00-32-321 ### 47/52 ### Starting test for Input:svcomp/ssh-simplified/s3_srvr_6_true-unreach-call.cil.c Settings:settings/TACASInterpolation2015/ForwardPredicates.epf Toolchain:toolchains/AutomizerC.xml
2014-10-18_15-00-33-418 Finishing test with SUCCESS for Input:svcomp/ssh-simplified/s3_srvr_6_true-unreach-call.cil.c Settings:settings/TACASInterpolation2015/ForwardPredicates.epf Toolchain:toolchains/AutomizerC.xml: SAFE(Expected:SAFE): ExpectedResult: SAFE UltimateResult: SAFE   [ShortDescription: All specifications hold LongDescription: 2 specifications checked. All of them hold]
2014-10-18_15-00-33-418 ### 48/52 ### Starting test for Input:svcomp/ssh-simplified/s3_srvr_6_true-unreach-call.cil.c Settings:settings/TACASInterpolation2015/TreeInterpolation.epf Toolchain:toolchains/AutomizerC.xml
2014-10-18_15-00-35-194 Finishing test with SUCCESS for Input:svcomp/ssh-simplified/s3_srvr_6_true-unreach-call.cil.c Settings:settings/TACASInterpolation2015/TreeInterpolation.epf Toolchain:toolchains/AutomizerC.xml: SAFE(Expected:SAFE): ExpectedResult: SAFE UltimateResult: SAFE   [ShortDescription: All specifications hold LongDescription: 2 specifications checked. All of them hold]
2014-10-18_15-00-35-195 ### 49/52 ### Starting test for Input:svcomp/ssh-simplified/s3_srvr_7_true-unreach-call.cil.c Settings:settings/TACASInterpolation2015/ForwardPredicates.epf Toolchain:toolchains/AutomizerC.xml
2014-10-18_15-00-36-252 Finishing test with SUCCESS for Input:svcomp/ssh-simplified/s3_srvr_7_true-unreach-call.cil.c Settings:settings/TACASInterpolation2015/ForwardPredicates.epf Toolchain:toolchains/AutomizerC.xml: SAFE(Expected:SAFE): ExpectedResult: SAFE UltimateResult: SAFE   [ShortDescription: All specifications hold LongDescription: 2 specifications checked. All of them hold]
2014-10-18_15-00-36-252 ### 50/52 ### Starting test for Input:svcomp/ssh-simplified/s3_srvr_7_true-unreach-call.cil.c Settings:settings/TACASInterpolation2015/TreeInterpolation.epf Toolchain:toolchains/AutomizerC.xml
2014-10-18_15-00-38-278 Finishing test with SUCCESS for Input:svcomp/ssh-simplified/s3_srvr_7_true-unreach-call.cil.c Settings:settings/TACASInterpolation2015/TreeInterpolation.epf Toolchain:toolchains/AutomizerC.xml: SAFE(Expected:SAFE): ExpectedResult: SAFE UltimateResult: SAFE   [ShortDescription: All specifications hold LongDescription: 2 specifications checked. All of them hold]
2014-10-18_15-00-38-279 ### 51/52 ### Starting test for Input:svcomp/ssh-simplified/s3_srvr_8_true-unreach-call.cil.c Settings:settings/TACASInterpolation2015/ForwardPredicates.epf Toolchain:toolchains/AutomizerC.xml
2014-10-18_15-00-38-940 Finishing test with SUCCESS for Input:svcomp/ssh-simplified/s3_srvr_8_true-unreach-call.cil.c Settings:settings/TACASInterpolation2015/ForwardPredicates.epf Toolchain:toolchains/AutomizerC.xml: SAFE(Expected:SAFE): ExpectedResult: SAFE UltimateResult: SAFE   [ShortDescription: All specifications hold LongDescription: 2 specifications checked. All of them hold]
2014-10-18_15-00-38-941 ### 52/52 ### Starting test for Input:svcomp/ssh-simplified/s3_srvr_8_true-unreach-call.cil.c Settings:settings/TACASInterpolation2015/TreeInterpolation.epf Toolchain:toolchains/AutomizerC.xml
2014-10-18_15-00-39-968 Finishing test with SUCCESS for Input:svcomp/ssh-simplified/s3_srvr_8_true-unreach-call.cil.c Settings:settings/TACASInterpolation2015/TreeInterpolation.epf Toolchain:toolchains/AutomizerC.xml: SAFE(Expected:SAFE): ExpectedResult: SAFE UltimateResult: SAFE   [ShortDescription: All specifications hold LongDescription: 2 specifications checked. All of them hold]
