2014-10-18_15-03-46-118 First run of IncrementalLogWithVMParameters
	Parameters: heapMaxSize=5.7 GB
2014-10-18_15-03-46-120 ### 1/26 ### Starting test for Input:svcomp/locks/test_locks_10_true-unreach-call.c Settings:settings/TACASInterpolation2015/ForwardPredicates.epf Toolchain:toolchains/AutomizerC.xml
2014-10-18_15-03-47-956 Finishing test with SUCCESS for Input:svcomp/locks/test_locks_10_true-unreach-call.c Settings:settings/TACASInterpolation2015/ForwardPredicates.epf Toolchain:toolchains/AutomizerC.xml: SAFE(Expected:SAFE): ExpectedResult: SAFE UltimateResult: SAFE   [ShortDescription: All specifications hold LongDescription: 1 specifications checked. All of them hold]
2014-10-18_15-03-47-958 ### 2/26 ### Starting test for Input:svcomp/locks/test_locks_10_true-unreach-call.c Settings:settings/TACASInterpolation2015/TreeInterpolation.epf Toolchain:toolchains/AutomizerC.xml
2014-10-18_15-03-48-620 Finishing test with SUCCESS for Input:svcomp/locks/test_locks_10_true-unreach-call.c Settings:settings/TACASInterpolation2015/TreeInterpolation.epf Toolchain:toolchains/AutomizerC.xml: SAFE(Expected:SAFE): ExpectedResult: SAFE UltimateResult: SAFE   [ShortDescription: All specifications hold LongDescription: 1 specifications checked. All of them hold]
2014-10-18_15-03-48-621 ### 3/26 ### Starting test for Input:svcomp/locks/test_locks_11_true-unreach-call_false-termination.c Settings:settings/TACASInterpolation2015/ForwardPredicates.epf Toolchain:toolchains/AutomizerC.xml
2014-10-18_15-03-49-245 Finishing test with SUCCESS for Input:svcomp/locks/test_locks_11_true-unreach-call_false-termination.c Settings:settings/TACASInterpolation2015/ForwardPredicates.epf Toolchain:toolchains/AutomizerC.xml: SAFE(Expected:SAFE): ExpectedResult: SAFE UltimateResult: SAFE   [ShortDescription: All specifications hold LongDescription: 1 specifications checked. All of them hold]
2014-10-18_15-03-49-245 ### 4/26 ### Starting test for Input:svcomp/locks/test_locks_11_true-unreach-call_false-termination.c Settings:settings/TACASInterpolation2015/TreeInterpolation.epf Toolchain:toolchains/AutomizerC.xml
2014-10-18_15-03-49-630 Finishing test with SUCCESS for Input:svcomp/locks/test_locks_11_true-unreach-call_false-termination.c Settings:settings/TACASInterpolation2015/TreeInterpolation.epf Toolchain:toolchains/AutomizerC.xml: SAFE(Expected:SAFE): ExpectedResult: SAFE UltimateResult: SAFE   [ShortDescription: All specifications hold LongDescription: 1 specifications checked. All of them hold]
2014-10-18_15-03-49-631 ### 5/26 ### Starting test for Input:svcomp/locks/test_locks_12_true-unreach-call_false-termination.c Settings:settings/TACASInterpolation2015/ForwardPredicates.epf Toolchain:toolchains/AutomizerC.xml
2014-10-18_15-03-50-037 Finishing test with SUCCESS for Input:svcomp/locks/test_locks_12_true-unreach-call_false-termination.c Settings:settings/TACASInterpolation2015/ForwardPredicates.epf Toolchain:toolchains/AutomizerC.xml: SAFE(Expected:SAFE): ExpectedResult: SAFE UltimateResult: SAFE   [ShortDescription: All specifications hold LongDescription: 1 specifications checked. All of them hold]
2014-10-18_15-03-50-038 ### 6/26 ### Starting test for Input:svcomp/locks/test_locks_12_true-unreach-call_false-termination.c Settings:settings/TACASInterpolation2015/TreeInterpolation.epf Toolchain:toolchains/AutomizerC.xml
2014-10-18_15-03-50-532 Finishing test with SUCCESS for Input:svcomp/locks/test_locks_12_true-unreach-call_false-termination.c Settings:settings/TACASInterpolation2015/TreeInterpolation.epf Toolchain:toolchains/AutomizerC.xml: SAFE(Expected:SAFE): ExpectedResult: SAFE UltimateResult: SAFE   [ShortDescription: All specifications hold LongDescription: 1 specifications checked. All of them hold]
2014-10-18_15-03-50-533 ### 7/26 ### Starting test for Input:svcomp/locks/test_locks_13_true-unreach-call.c Settings:settings/TACASInterpolation2015/ForwardPredicates.epf Toolchain:toolchains/AutomizerC.xml
2014-10-18_15-03-50-947 Finishing test with SUCCESS for Input:svcomp/locks/test_locks_13_true-unreach-call.c Settings:settings/TACASInterpolation2015/ForwardPredicates.epf Toolchain:toolchains/AutomizerC.xml: SAFE(Expected:SAFE): ExpectedResult: SAFE UltimateResult: SAFE   [ShortDescription: All specifications hold LongDescription: 1 specifications checked. All of them hold]
2014-10-18_15-03-50-947 ### 8/26 ### Starting test for Input:svcomp/locks/test_locks_13_true-unreach-call.c Settings:settings/TACASInterpolation2015/TreeInterpolation.epf Toolchain:toolchains/AutomizerC.xml
2014-10-18_15-03-51-317 Finishing test with SUCCESS for Input:svcomp/locks/test_locks_13_true-unreach-call.c Settings:settings/TACASInterpolation2015/TreeInterpolation.epf Toolchain:toolchains/AutomizerC.xml: SAFE(Expected:SAFE): ExpectedResult: SAFE UltimateResult: SAFE   [ShortDescription: All specifications hold LongDescription: 1 specifications checked. All of them hold]
2014-10-18_15-03-51-320 ### 9/26 ### Starting test for Input:svcomp/locks/test_locks_14_false-unreach-call.c Settings:settings/TACASInterpolation2015/ForwardPredicates.epf Toolchain:toolchains/AutomizerC.xml
2014-10-18_15-03-51-482 Finishing test with SUCCESS for Input:svcomp/locks/test_locks_14_false-unreach-call.c Settings:settings/TACASInterpolation2015/ForwardPredicates.epf Toolchain:toolchains/AutomizerC.xml: UNSAFE(Expected:UNSAFE): ExpectedResult: UNSAFE UltimateResult: UNSAFE   a call of __VERIFIER_error() is reachable 
2014-10-18_15-03-51-482 ### 10/26 ### Starting test for Input:svcomp/locks/test_locks_14_false-unreach-call.c Settings:settings/TACASInterpolation2015/TreeInterpolation.epf Toolchain:toolchains/AutomizerC.xml
2014-10-18_15-03-51-649 Finishing test with SUCCESS for Input:svcomp/locks/test_locks_14_false-unreach-call.c Settings:settings/TACASInterpolation2015/TreeInterpolation.epf Toolchain:toolchains/AutomizerC.xml: UNSAFE(Expected:UNSAFE): ExpectedResult: UNSAFE UltimateResult: UNSAFE   a call of __VERIFIER_error() is reachable 
2014-10-18_15-03-51-649 ### 11/26 ### Starting test for Input:svcomp/locks/test_locks_14_true-unreach-call.c Settings:settings/TACASInterpolation2015/ForwardPredicates.epf Toolchain:toolchains/AutomizerC.xml
2014-10-18_15-03-52-118 Finishing test with SUCCESS for Input:svcomp/locks/test_locks_14_true-unreach-call.c Settings:settings/TACASInterpolation2015/ForwardPredicates.epf Toolchain:toolchains/AutomizerC.xml: SAFE(Expected:SAFE): ExpectedResult: SAFE UltimateResult: SAFE   [ShortDescription: All specifications hold LongDescription: 1 specifications checked. All of them hold]
2014-10-18_15-03-52-119 ### 12/26 ### Starting test for Input:svcomp/locks/test_locks_14_true-unreach-call.c Settings:settings/TACASInterpolation2015/TreeInterpolation.epf Toolchain:toolchains/AutomizerC.xml
2014-10-18_15-03-52-497 Finishing test with SUCCESS for Input:svcomp/locks/test_locks_14_true-unreach-call.c Settings:settings/TACASInterpolation2015/TreeInterpolation.epf Toolchain:toolchains/AutomizerC.xml: SAFE(Expected:SAFE): ExpectedResult: SAFE UltimateResult: SAFE   [ShortDescription: All specifications hold LongDescription: 1 specifications checked. All of them hold]
2014-10-18_15-03-52-498 ### 13/26 ### Starting test for Input:svcomp/locks/test_locks_15_false-unreach-call.c Settings:settings/TACASInterpolation2015/ForwardPredicates.epf Toolchain:toolchains/AutomizerC.xml
2014-10-18_15-03-52-614 Finishing test with SUCCESS for Input:svcomp/locks/test_locks_15_false-unreach-call.c Settings:settings/TACASInterpolation2015/ForwardPredicates.epf Toolchain:toolchains/AutomizerC.xml: UNSAFE(Expected:UNSAFE): ExpectedResult: UNSAFE UltimateResult: UNSAFE   a call of __VERIFIER_error() is reachable 
2014-10-18_15-03-52-615 ### 14/26 ### Starting test for Input:svcomp/locks/test_locks_15_false-unreach-call.c Settings:settings/TACASInterpolation2015/TreeInterpolation.epf Toolchain:toolchains/AutomizerC.xml
2014-10-18_15-03-52-736 Finishing test with SUCCESS for Input:svcomp/locks/test_locks_15_false-unreach-call.c Settings:settings/TACASInterpolation2015/TreeInterpolation.epf Toolchain:toolchains/AutomizerC.xml: UNSAFE(Expected:UNSAFE): ExpectedResult: UNSAFE UltimateResult: UNSAFE   a call of __VERIFIER_error() is reachable 
2014-10-18_15-03-52-737 ### 15/26 ### Starting test for Input:svcomp/locks/test_locks_15_true-unreach-call_false-termination.c Settings:settings/TACASInterpolation2015/ForwardPredicates.epf Toolchain:toolchains/AutomizerC.xml
2014-10-18_15-03-53-143 Finishing test with SUCCESS for Input:svcomp/locks/test_locks_15_true-unreach-call_false-termination.c Settings:settings/TACASInterpolation2015/ForwardPredicates.epf Toolchain:toolchains/AutomizerC.xml: SAFE(Expected:SAFE): ExpectedResult: SAFE UltimateResult: SAFE   [ShortDescription: All specifications hold LongDescription: 1 specifications checked. All of them hold]
2014-10-18_15-03-53-144 ### 16/26 ### Starting test for Input:svcomp/locks/test_locks_15_true-unreach-call_false-termination.c Settings:settings/TACASInterpolation2015/TreeInterpolation.epf Toolchain:toolchains/AutomizerC.xml
2014-10-18_15-03-53-502 Finishing test with SUCCESS for Input:svcomp/locks/test_locks_15_true-unreach-call_false-termination.c Settings:settings/TACASInterpolation2015/TreeInterpolation.epf Toolchain:toolchains/AutomizerC.xml: SAFE(Expected:SAFE): ExpectedResult: SAFE UltimateResult: SAFE   [ShortDescription: All specifications hold LongDescription: 1 specifications checked. All of them hold]
2014-10-18_15-03-53-502 ### 17/26 ### Starting test for Input:svcomp/locks/test_locks_5_true-unreach-call_false-termination.c Settings:settings/TACASInterpolation2015/ForwardPredicates.epf Toolchain:toolchains/AutomizerC.xml
2014-10-18_15-03-53-597 Finishing test with SUCCESS for Input:svcomp/locks/test_locks_5_true-unreach-call_false-termination.c Settings:settings/TACASInterpolation2015/ForwardPredicates.epf Toolchain:toolchains/AutomizerC.xml: SAFE(Expected:SAFE): ExpectedResult: SAFE UltimateResult: SAFE   [ShortDescription: All specifications hold LongDescription: 1 specifications checked. All of them hold]
2014-10-18_15-03-53-597 ### 18/26 ### Starting test for Input:svcomp/locks/test_locks_5_true-unreach-call_false-termination.c Settings:settings/TACASInterpolation2015/TreeInterpolation.epf Toolchain:toolchains/AutomizerC.xml
2014-10-18_15-03-53-688 Finishing test with SUCCESS for Input:svcomp/locks/test_locks_5_true-unreach-call_false-termination.c Settings:settings/TACASInterpolation2015/TreeInterpolation.epf Toolchain:toolchains/AutomizerC.xml: SAFE(Expected:SAFE): ExpectedResult: SAFE UltimateResult: SAFE   [ShortDescription: All specifications hold LongDescription: 1 specifications checked. All of them hold]
2014-10-18_15-03-53-689 ### 19/26 ### Starting test for Input:svcomp/locks/test_locks_6_true-unreach-call_false-termination.c Settings:settings/TACASInterpolation2015/ForwardPredicates.epf Toolchain:toolchains/AutomizerC.xml
2014-10-18_15-03-53-822 Finishing test with SUCCESS for Input:svcomp/locks/test_locks_6_true-unreach-call_false-termination.c Settings:settings/TACASInterpolation2015/ForwardPredicates.epf Toolchain:toolchains/AutomizerC.xml: SAFE(Expected:SAFE): ExpectedResult: SAFE UltimateResult: SAFE   [ShortDescription: All specifications hold LongDescription: 1 specifications checked. All of them hold]
2014-10-18_15-03-53-822 ### 20/26 ### Starting test for Input:svcomp/locks/test_locks_6_true-unreach-call_false-termination.c Settings:settings/TACASInterpolation2015/TreeInterpolation.epf Toolchain:toolchains/AutomizerC.xml
2014-10-18_15-03-53-921 Finishing test with SUCCESS for Input:svcomp/locks/test_locks_6_true-unreach-call_false-termination.c Settings:settings/TACASInterpolation2015/TreeInterpolation.epf Toolchain:toolchains/AutomizerC.xml: SAFE(Expected:SAFE): ExpectedResult: SAFE UltimateResult: SAFE   [ShortDescription: All specifications hold LongDescription: 1 specifications checked. All of them hold]
2014-10-18_15-03-53-922 ### 21/26 ### Starting test for Input:svcomp/locks/test_locks_7_true-unreach-call_false-termination.c Settings:settings/TACASInterpolation2015/ForwardPredicates.epf Toolchain:toolchains/AutomizerC.xml
2014-10-18_15-03-54-053 Finishing test with SUCCESS for Input:svcomp/locks/test_locks_7_true-unreach-call_false-termination.c Settings:settings/TACASInterpolation2015/ForwardPredicates.epf Toolchain:toolchains/AutomizerC.xml: SAFE(Expected:SAFE): ExpectedResult: SAFE UltimateResult: SAFE   [ShortDescription: All specifications hold LongDescription: 1 specifications checked. All of them hold]
2014-10-18_15-03-54-054 ### 22/26 ### Starting test for Input:svcomp/locks/test_locks_7_true-unreach-call_false-termination.c Settings:settings/TACASInterpolation2015/TreeInterpolation.epf Toolchain:toolchains/AutomizerC.xml
2014-10-18_15-03-54-166 Finishing test with SUCCESS for Input:svcomp/locks/test_locks_7_true-unreach-call_false-termination.c Settings:settings/TACASInterpolation2015/TreeInterpolation.epf Toolchain:toolchains/AutomizerC.xml: SAFE(Expected:SAFE): ExpectedResult: SAFE UltimateResult: SAFE   [ShortDescription: All specifications hold LongDescription: 1 specifications checked. All of them hold]
2014-10-18_15-03-54-166 ### 23/26 ### Starting test for Input:svcomp/locks/test_locks_8_true-unreach-call_false-termination.c Settings:settings/TACASInterpolation2015/ForwardPredicates.epf Toolchain:toolchains/AutomizerC.xml
2014-10-18_15-03-54-328 Finishing test with SUCCESS for Input:svcomp/locks/test_locks_8_true-unreach-call_false-termination.c Settings:settings/TACASInterpolation2015/ForwardPredicates.epf Toolchain:toolchains/AutomizerC.xml: SAFE(Expected:SAFE): ExpectedResult: SAFE UltimateResult: SAFE   [ShortDescription: All specifications hold LongDescription: 1 specifications checked. All of them hold]
2014-10-18_15-03-54-328 ### 24/26 ### Starting test for Input:svcomp/locks/test_locks_8_true-unreach-call_false-termination.c Settings:settings/TACASInterpolation2015/TreeInterpolation.epf Toolchain:toolchains/AutomizerC.xml
2014-10-18_15-03-54-450 Finishing test with SUCCESS for Input:svcomp/locks/test_locks_8_true-unreach-call_false-termination.c Settings:settings/TACASInterpolation2015/TreeInterpolation.epf Toolchain:toolchains/AutomizerC.xml: SAFE(Expected:SAFE): ExpectedResult: SAFE UltimateResult: SAFE   [ShortDescription: All specifications hold LongDescription: 1 specifications checked. All of them hold]
2014-10-18_15-03-54-450 ### 25/26 ### Starting test for Input:svcomp/locks/test_locks_9_true-unreach-call.c Settings:settings/TACASInterpolation2015/ForwardPredicates.epf Toolchain:toolchains/AutomizerC.xml
2014-10-18_15-03-54-642 Finishing test with SUCCESS for Input:svcomp/locks/test_locks_9_true-unreach-call.c Settings:settings/TACASInterpolation2015/ForwardPredicates.epf Toolchain:toolchains/AutomizerC.xml: SAFE(Expected:SAFE): ExpectedResult: SAFE UltimateResult: SAFE   [ShortDescription: All specifications hold LongDescription: 1 specifications checked. All of them hold]
2014-10-18_15-03-54-643 ### 26/26 ### Starting test for Input:svcomp/locks/test_locks_9_true-unreach-call.c Settings:settings/TACASInterpolation2015/TreeInterpolation.epf Toolchain:toolchains/AutomizerC.xml
2014-10-18_15-03-54-844 Finishing test with SUCCESS for Input:svcomp/locks/test_locks_9_true-unreach-call.c Settings:settings/TACASInterpolation2015/TreeInterpolation.epf Toolchain:toolchains/AutomizerC.xml: SAFE(Expected:SAFE): ExpectedResult: SAFE UltimateResult: SAFE   [ShortDescription: All specifications hold LongDescription: 1 specifications checked. All of them hold]
