################################# CSV #######################
,Folder,File,Settings,Toolchain,Message,Runtime (ns),Allocated memory end (bytes),Max. memory available (bytes),Overall iterations,NumberOfCodeBlocks,SizeOfPredicates,Conjuncts in SSA,Conjuncts in UnsatCore,ICC
,ssh-simplified,s3_clnt_1_false-unreach-call.cil.c,ForwardPredicates.epf,AutomizerC.xml,ExpectedResult: UNSAFE UltimateResult: UNSAFE   a call of __VERIFIER_error() is reachable ,4.41348279E8,8.86571008E8,3.81779968E9,8,0,[J@51bdc8f,879,19,0.7888198757763976
,recursive,Ackermann04_true-unreach-call.c,Kojak-TreeInterpolation.epf,CodeCheckWithBE_C.xml,ExpectedResult: SAFE UltimateResult: NO_RESULT   NO_RESULT,6.0018823256E10,8.70580224E8,3.81779968E9,790,0,-1,-1,-1,0.9071282121377802
,locks,test_locks_14_false-unreach-call.c,TreeInterpolation.epf,AutomizerC.xml,ExpectedResult: UNSAFE UltimateResult: UNSAFE   a call of __VERIFIER_error() is reachable ,8.5845584E7,4.20478976E8,3.81779968E9,2,0,null,null,null,NaN
,ntdrivers-simplified,diskperf_simpl1_true-unreach-call_true-termination.cil.c,Kojak-TreeInterpolation.epf,CodeCheckWithBE_C.xml,ExpectedResult: SAFE UltimateResult: UNSAFE   unknown kind of specification may be violated ,5.5841526845E10,9.10557184E8,3.81779968E9,81,0,-1,-1,-1,NaN
,systemc,mem_slave_tlm.1_true-unreach-call_false-termination.cil.c,Kojak-FP.epf,CodeCheckWithBE_C.xml,ExpectedResult: SAFE UltimateResult: NO_RESULT   NO_RESULT,6.172728816E10,2.347237376E9,3.81779968E9,92,0,[J@2edc5225,48638,641,1.0
,locks,test_locks_11_true-unreach-call_false-termination.c,ForwardPredicates.epf,AutomizerC.xml,ExpectedResult: SAFE UltimateResult: SAFE   [ShortDescription: All specifications hold LongDescription: 1 specifications checked. All of them hold],5.4491278E8,2.58998272E8,3.81779968E9,11,0,[J@682d32e7,847,33,NaN
,locks,test_locks_11_true-unreach-call_false-termination.c,Kojak-FP.epf,CodeCheckWithBE_C.xml,ExpectedResult: SAFE UltimateResult: SAFE   [ShortDescription: All specifications hold LongDescription: 1 specifications checked. All of them hold],5.86297346E8,2.63913472E8,3.81779968E9,2,0,[J@18e713e0,23,1,NaN
,recursive,Addition01_true-unreach-call_true-termination.c,TreeInterpolation.epf,AutomizerC.xml,ExpectedResult: SAFE UltimateResult: SAFE   [ShortDescription: All specifications hold LongDescription: 1 specifications checked. All of them hold],8.4585534E7,7.93772032E8,3.81779968E9,3,0,null,null,null,0.25
,ssh-simplified,s3_clnt_1_false-unreach-call.cil.c,TreeInterpolation.epf,AutomizerC.xml,ExpectedResult: UNSAFE UltimateResult: UNSAFE   a call of __VERIFIER_error() is reachable ,4.6488562E8,1.170931712E9,3.81779968E9,16,0,null,null,null,0.8958579881656805
,systemc,kundu2_false-unreach-call_false-termination.cil.c,TreeInterpolation.epf,AutomizerC.xml,ExpectedResult: UNSAFE UltimateResult: UNSAFE   a call of __VERIFIER_error() is reachable ,5.8454151957E10,1.704722432E9,3.81779968E9,36,0,null,null,null,0.9374104156712852
,recursive,Ackermann01_true-unreach-call.c,Kojak-FP.epf,CodeCheckWithBE_C.xml,ExpectedResult: SAFE UltimateResult: NO_RESULT   NO_RESULT,6.0001259384E10,1.50306816E9,3.81779968E9,787,0,[J@103afe0f,70441,5546,0.793362247784273
,ssh-simplified,s3_clnt_3.cil_true-unreach-call_true-termination.c,TreeInterpolation.epf,AutomizerC.xml,ExpectedResult: SAFE UltimateResult: SAFE   [ShortDescription: All specifications hold LongDescription: 1 specifications checked. All of them hold],1.223213957E9,6.25147904E8,3.81779968E9,26,0,null,null,null,0.9443020903573837
,ssh-simplified,s3_clnt_3.cil_true-unreach-call_true-termination.c,ForwardPredicates.epf,AutomizerC.xml,ExpectedResult: SAFE UltimateResult: SAFE   [ShortDescription: All specifications hold LongDescription: 1 specifications checked. All of them hold],9.09677239E8,1.608187904E9,3.81779968E9,17,0,[J@6f69111f,5822,57,0.9804780876494024
,loop-invgen,fragtest_simple_true-unreach-call.c,TreeInterpolation.epf,AutomizerC.xml,ExpectedResult: SAFE UltimateResult: TIMEOUT   [ShortDescription: Timeout LongDescription: Unable to prove that call of __VERIFIER_error() unreachable (line 5)],6.0093139584E10,1.527382016E9,3.81779968E9,63,0,null,null,null,0.7273125190778145
,locks,test_locks_10_true-unreach-call.c,ForwardPredicates.epf,AutomizerC.xml,ExpectedResult: SAFE UltimateResult: SAFE   [ShortDescription: All specifications hold LongDescription: 1 specifications checked. All of them hold],1.38292812E9,2.05717504E8,3.81779968E9,10,0,[J@5ae3435d,715,30,NaN
,ntdrivers-simplified,cdaudio_simpl1_true-unreach-call_true-termination.cil.c,Kojak-FP.epf,CodeCheckWithBE_C.xml,ExpectedResult: SAFE UltimateResult: NO_RESULT   NO_RESULT,6.0991680182E10,1.592000512E9,3.81779968E9,124,0,[J@466c0ce8,42513,971,1.0
,ssh-simplified,s3_clnt_2_false-unreach-call_true-termination.cil.c,Kojak-TreeInterpolation.epf,CodeCheckWithBE_C.xml,ExpectedResult: UNSAFE UltimateResult: UNSAFE   unknown kind of specification may be violated ,2.442400495E9,1.574961152E9,3.81779968E9,21,0,-1,-1,-1,0.5142857142857142
,loop-invgen,apache-get-tag_true-unreach-call.c,Kojak-FP.epf,CodeCheckWithBE_C.xml,ExpectedResult: SAFE UltimateResult: SYNTAX_ERROR   [ShortDescription: Incorrect Syntax LongDescription: Error: unexpected dispatch result],7228841.0,4.20478976E8,3.81779968E9,null,null,null,null,null,null
,ntdrivers-simplified,cdaudio_simpl1_false-unreach-call_true-termination.cil.c,ForwardPredicates.epf,AutomizerC.xml,ExpectedResult: UNSAFE UltimateResult: UNSAFE   a call of __VERIFIER_error() is reachable ,6.462057437E9,1.33398528E9,3.81779968E9,68,0,[J@7e5bbd48,26195,556,1.0
,loop-new,count_by_2_true-unreach-call.c,Kojak-FP.epf,CodeCheckWithBE_C.xml,ExpectedResult: SAFE UltimateResult: NO_RESULT   NO_RESULT,6.2125286778E10,1.540030464E9,3.81779968E9,108,0,[J@73e5348a,13161,5885,0.0
,recursive,Ackermann04_true-unreach-call.c,Kojak-FP.epf,CodeCheckWithBE_C.xml,ExpectedResult: SAFE UltimateResult: NO_RESULT   NO_RESULT,6.0058577878E10,8.70580224E8,3.81779968E9,524,0,[J@26498d2b,69248,5727,0.9069963936115405
,recursive,Addition01_true-unreach-call_true-termination.c,ForwardPredicates.epf,AutomizerC.xml,ExpectedResult: SAFE UltimateResult: TIMEOUT   [ShortDescription: Timeout LongDescription: Unable to prove that call of __VERIFIER_error() unreachable (line 39)],5.9993198861E10,1.127153664E9,3.81779968E9,47,0,[J@38e802c7,12655,6674,0.56875
,loop-new,count_by_1_variant_true-unreach-call.c,ForwardPredicates.epf,AutomizerC.xml,ExpectedResult: SAFE UltimateResult: EXCEPTION_OR_ERROR   [ShortDescription: SMTLIBException LongDescription: de.uni_freiburg.informatik.ultimate.logic.SMTLIBException: Cannot create quantifier in quantifier-free logic],4.890879E7,1.529806848E9,3.81779968E9,null,null,null,null,null,null
,locks,test_locks_12_true-unreach-call_false-termination.c,Kojak-TreeInterpolation.epf,CodeCheckWithBE_C.xml,ExpectedResult: SAFE UltimateResult: SAFE   [ShortDescription: All specifications hold LongDescription: 1 specifications checked. All of them hold],4.64509375E8,3.47078656E8,3.81779968E9,2,0,-1,-1,-1,NaN
,ntdrivers-simplified,floppy_simpl3_true-unreach-call_true-termination.cil.c,Kojak-FP.epf,CodeCheckWithBE_C.xml,ExpectedResult: SAFE UltimateResult: NO_RESULT   NO_RESULT,6.0113310438E10,1.60104448E9,3.81779968E9,68,0,[J@1e5730cb,22708,408,NaN
,ssh-simplified,s3_clnt_1_true-unreach-call.cil.c,Kojak-FP.epf,CodeCheckWithBE_C.xml,ExpectedResult: SAFE UltimateResult: SAFE   [ShortDescription: All specifications hold LongDescription: 1 specifications checked. All of them hold],4.595980331E10,1.170931712E9,3.81779968E9,84,0,[J@72cfc9cf,24996,351,0.9645675043834016
,loop-invgen,apache-get-tag_true-unreach-call.c,Kojak-TreeInterpolation.epf,CodeCheckWithBE_C.xml,ExpectedResult: SAFE UltimateResult: SYNTAX_ERROR   [ShortDescription: Incorrect Syntax LongDescription: Error: unexpected dispatch result],8228596.0,4.20478976E8,3.81779968E9,null,null,null,null,null,null
,locks,test_locks_10_true-unreach-call.c,Kojak-TreeInterpolation.epf,CodeCheckWithBE_C.xml,ExpectedResult: SAFE UltimateResult: SAFE   [ShortDescription: All specifications hold LongDescription: 1 specifications checked. All of them hold],5.55254494E8,2.58998272E8,3.81779968E9,2,0,-1,-1,-1,NaN
,loop-new,count_by_nondet_true-unreach-call.c,TreeInterpolation.epf,AutomizerC.xml,ExpectedResult: SAFE UltimateResult: TIMEOUT   [ShortDescription: Timeout LongDescription: Unable to prove that call of __VERIFIER_error() unreachable (line 5)],6.0053167438E10,1.548156928E9,3.81779968E9,84,0,null,null,null,0.0
,systemc,mem_slave_tlm.1_true-unreach-call_false-termination.cil.c,Kojak-TreeInterpolation.epf,CodeCheckWithBE_C.xml,ExpectedResult: SAFE UltimateResult: NO_RESULT   NO_RESULT,6.0369148411E10,2.536308736E9,3.81779968E9,160,0,-1,-1,-1,0.9706601466992665
,locks,test_locks_12_true-unreach-call_false-termination.c,TreeInterpolation.epf,AutomizerC.xml,ExpectedResult: SAFE UltimateResult: SAFE   [ShortDescription: All specifications hold LongDescription: 1 specifications checked. All of them hold],2.57249726E8,3.47078656E8,3.81779968E9,12,0,null,null,null,NaN
,ntdrivers-simplified,cdaudio_simpl1_true-unreach-call_true-termination.cil.c,TreeInterpolation.epf,AutomizerC.xml,ExpectedResult: SAFE UltimateResult: UNSAFE   a call of __VERIFIER_error() is reachable ,4.479935405E9,1.372848128E9,3.81779968E9,57,0,null,null,null,1.0
,recursive,Ackermann03_true-unreach-call.c,ForwardPredicates.epf,AutomizerC.xml,ExpectedResult: SAFE UltimateResult: EXCEPTION_OR_ERROR   [ShortDescription: ArrayIndexOutOfBoundsException LongDescription: java.lang.ArrayIndexOutOfBoundsException],3.298442161E9,1.137770496E9,3.81779968E9,null,null,null,null,null,null
,locks,test_locks_14_false-unreach-call.c,Kojak-FP.epf,CodeCheckWithBE_C.xml,ExpectedResult: UNSAFE UltimateResult: UNSAFE   unknown kind of specification may be violated ,3.53112238E8,4.2237952E8,3.81779968E9,2,0,[J@34bb2520,26,1,NaN
,ntdrivers-simplified,cdaudio_simpl1_false-unreach-call_true-termination.cil.c,Kojak-FP.epf,CodeCheckWithBE_C.xml,ExpectedResult: UNSAFE UltimateResult: NO_RESULT   NO_RESULT,6.1437232643E10,1.483538432E9,3.81779968E9,116,0,[J@3954e2,40170,957,1.0
,ssh-simplified,s3_clnt_3.cil_true-unreach-call_true-termination.c,Kojak-FP.epf,CodeCheckWithBE_C.xml,ExpectedResult: SAFE UltimateResult: EXCEPTION_OR_ERROR   [ShortDescription: SMTLIBException LongDescription: de.uni_freiburg.informatik.ultimate.logic.SMTLIBException: Cannot create quantifier in quantifier-free logic],7.514768103E9,1.61185792E9,3.81779968E9,null,null,null,null,null,null
,systemc,bist_cell_true-unreach-call_false-termination.cil.c,TreeInterpolation.epf,AutomizerC.xml,ExpectedResult: SAFE UltimateResult: TIMEOUT   [ShortDescription: Timeout LongDescription: Unable to prove that call of __VERIFIER_error() unreachable (line 9)],6.008445388E10,6.30259712E8,3.81779968E9,9,0,null,null,null,0.6941747572815534
,ssh-simplified,s3_clnt_1_false-unreach-call.cil.c,Kojak-TreeInterpolation.epf,CodeCheckWithBE_C.xml,ExpectedResult: UNSAFE UltimateResult: UNSAFE   unknown kind of specification may be violated ,3.571962294E9,1.170931712E9,3.81779968E9,30,0,-1,-1,-1,0.7655367231638418
,recursive,Ackermann01_true-unreach-call.c,ForwardPredicates.epf,AutomizerC.xml,ExpectedResult: SAFE UltimateResult: EXCEPTION_OR_ERROR   [ShortDescription: ArrayIndexOutOfBoundsException LongDescription: java.lang.ArrayIndexOutOfBoundsException: -1],2.873898716E10,1.50306816E9,3.81779968E9,null,null,null,null,null,null
,systemc,kundu_true-unreach-call_false-termination.cil.c,Kojak-TreeInterpolation.epf,CodeCheckWithBE_C.xml,ExpectedResult: SAFE UltimateResult: NO_RESULT   NO_RESULT,6.1071580033E10,2.216296448E9,3.81779968E9,129,0,-1,-1,-1,0.9752066115702479
,recursive,Ackermann04_true-unreach-call.c,TreeInterpolation.epf,AutomizerC.xml,ExpectedResult: SAFE UltimateResult: SAFE   [ShortDescription: All specifications hold LongDescription: 1 specifications checked. All of them hold],1.926062923E9,6.6650112E8,3.81779968E9,13,0,null,null,null,0.7944203944203945
,ssh-simplified,s3_clnt_1_false-unreach-call.cil.c,Kojak-FP.epf,CodeCheckWithBE_C.xml,ExpectedResult: UNSAFE UltimateResult: UNSAFE   unknown kind of specification may be violated ,2.230895564E9,1.006567424E9,3.81779968E9,25,0,[J@1e7c94d6,2731,88,0.5535714285714286
,systemc,kundu_true-unreach-call_false-termination.cil.c,ForwardPredicates.epf,AutomizerC.xml,ExpectedResult: SAFE UltimateResult: TIMEOUT   [ShortDescription: Timeout LongDescription: Unable to prove that call of __VERIFIER_error() unreachable (line 9)],5.999363759E10,2.439053312E9,3.81779968E9,18,0,[J@80e7401,7533,148,0.7687296416938111
,loop-invgen,half_2_true-unreach-call.c,ForwardPredicates.epf,AutomizerC.xml,ExpectedResult: SAFE UltimateResult: SYNTAX_ERROR   [ShortDescription: Incorrect Syntax LongDescription: Following method was called but never declared! assume],4710742.0,1.527382016E9,3.81779968E9,null,null,null,null,null,null
,ssh-simplified,s3_clnt_2_true-unreach-call_true-termination.cil.c,Kojak-FP.epf,CodeCheckWithBE_C.xml,ExpectedResult: SAFE UltimateResult: SAFE   [ShortDescription: All specifications hold LongDescription: 1 specifications checked. All of them hold],1.8527767584E10,1.605173248E9,3.81779968E9,42,0,[J@341b8c16,7741,157,0.9375309866137829
,ssh-simplified,s3_clnt_2_false-unreach-call_true-termination.cil.c,ForwardPredicates.epf,AutomizerC.xml,ExpectedResult: UNSAFE UltimateResult: UNSAFE   a call of __VERIFIER_error() is reachable ,2.84056318E8,1.23961344E9,3.81779968E9,8,0,[J@6ce1f1c8,912,20,0.7888198757763976
,loop-invgen,down_true-unreach-call.c,Kojak-TreeInterpolation.epf,CodeCheckWithBE_C.xml,ExpectedResult: SAFE UltimateResult: NO_RESULT   NO_RESULT,6.1430584209E10,1.501495296E9,3.81779968E9,68,0,-1,-1,-1,0.6741438612232691
,loop-new,count_by_1_true-unreach-call.c,Kojak-TreeInterpolation.epf,CodeCheckWithBE_C.xml,ExpectedResult: SAFE UltimateResult: NO_RESULT   NO_RESULT,6.0666850779E10,1.530134528E9,3.81779968E9,144,0,-1,-1,-1,0.0
,locks,test_locks_14_false-unreach-call.c,Kojak-TreeInterpolation.epf,CodeCheckWithBE_C.xml,ExpectedResult: UNSAFE UltimateResult: UNSAFE   unknown kind of specification may be violated ,4.15716197E8,4.2237952E8,3.81779968E9,2,0,-1,-1,-1,NaN
,loop-invgen,fragtest_simple_true-unreach-call.c,Kojak-FP.epf,CodeCheckWithBE_C.xml,ExpectedResult: SAFE UltimateResult: NO_RESULT   NO_RESULT,6.4934088696E10,1.514995712E9,3.81779968E9,97,0,[J@47905b58,11106,2410,0.014132125228210156
,loop-new,count_by_1_true-unreach-call.c,Kojak-FP.epf,CodeCheckWithBE_C.xml,ExpectedResult: SAFE UltimateResult: NO_RESULT   NO_RESULT,6.1632080566E10,1.530134528E9,3.81779968E9,108,0,[J@634012a8,18832,5885,0.0
,ntdrivers-simplified,floppy_simpl3_false-unreach-call_true-termination.cil.c,Kojak-TreeInterpolation.epf,CodeCheckWithBE_C.xml,ExpectedResult: UNSAFE UltimateResult: UNSAFE   unknown kind of specification may be violated ,2.8265947791E10,1.600126976E9,3.81779968E9,65,0,-1,-1,-1,NaN
,ssh-simplified,s3_clnt_1_true-unreach-call.cil.c,ForwardPredicates.epf,AutomizerC.xml,ExpectedResult: SAFE UltimateResult: SAFE   [ShortDescription: All specifications hold LongDescription: 2 specifications checked. All of them hold],1.151576787E9,1.170931712E9,3.81779968E9,18,0,[J@65c8b950,6898,59,0.9035164835164835
,loop-invgen,down_true-unreach-call.c,Kojak-FP.epf,CodeCheckWithBE_C.xml,ExpectedResult: SAFE UltimateResult: NO_RESULT   NO_RESULT,6.0933448479E10,1.501495296E9,3.81779968E9,97,0,[J@710b6715,11070,2124,0.01861626920539165
,ntdrivers-simplified,cdaudio_simpl1_true-unreach-call_true-termination.cil.c,ForwardPredicates.epf,AutomizerC.xml,ExpectedResult: SAFE UltimateResult: UNSAFE   a call of __VERIFIER_error() is reachable ,4.952070582E9,1.585577984E9,3.81779968E9,69,0,[J@5cfe6764,26798,581,1.0
,recursive,Ackermann02_false-unreach-call_false-termination.c,TreeInterpolation.epf,AutomizerC.xml,ExpectedResult: UNSAFE UltimateResult: UNSAFE   a call of __VERIFIER_error() is reachable ,6.8803307E7,9.8762752E8,3.81779968E9,4,0,null,null,null,0.7894736842105263
,locks,test_locks_10_true-unreach-call.c,TreeInterpolation.epf,AutomizerC.xml,ExpectedResult: SAFE UltimateResult: SAFE   [ShortDescription: All specifications hold LongDescription: 1 specifications checked. All of them hold],3.86699253E8,2.58998272E8,3.81779968E9,10,0,null,null,null,NaN
,recursive,Ackermann02_false-unreach-call_false-termination.c,Kojak-FP.epf,CodeCheckWithBE_C.xml,ExpectedResult: UNSAFE UltimateResult: NO_RESULT   NO_RESULT,6.0000805618E10,1.17047296E9,3.81779968E9,6393,0,[J@7e8614df,293998,19183,0.9999715468552162
,ssh-simplified,s3_clnt_2_false-unreach-call_true-termination.cil.c,Kojak-FP.epf,CodeCheckWithBE_C.xml,ExpectedResult: UNSAFE UltimateResult: UNSAFE   unknown kind of specification may be violated ,1.962776512E9,1.430257664E9,3.81779968E9,15,0,[J@14fa4349,1528,42,0.711864406779661
,recursive,Ackermann02_false-unreach-call_false-termination.c,ForwardPredicates.epf,AutomizerC.xml,ExpectedResult: UNSAFE UltimateResult: EXCEPTION_OR_ERROR   [ShortDescription: ArrayIndexOutOfBoundsException LongDescription: java.lang.ArrayIndexOutOfBoundsException],4.7638382E7,8.20445184E8,3.81779968E9,null,null,null,null,null,null
,loop-new,count_by_1_variant_true-unreach-call.c,Kojak-TreeInterpolation.epf,CodeCheckWithBE_C.xml,ExpectedResult: SAFE UltimateResult: NO_RESULT   NO_RESULT,6.042999545E10,1.53780224E9,3.81779968E9,119,0,-1,-1,-1,0.398981324278438
,ssh-simplified,s3_clnt_2_true-unreach-call_true-termination.cil.c,TreeInterpolation.epf,AutomizerC.xml,ExpectedResult: SAFE UltimateResult: SAFE   [ShortDescription: All specifications hold LongDescription: 2 specifications checked. All of them hold],1.344791753E9,1.609367552E9,3.81779968E9,28,0,null,null,null,0.9460536805740101
,ssh-simplified,s3_clnt_2_true-unreach-call_true-termination.cil.c,ForwardPredicates.epf,AutomizerC.xml,ExpectedResult: SAFE UltimateResult: SAFE   [ShortDescription: All specifications hold LongDescription: 2 specifications checked. All of them hold],1.097947229E9,1.605173248E9,3.81779968E9,18,0,[J@423605ee,8437,58,0.9823019576944058
,systemc,bist_cell_true-unreach-call_false-termination.cil.c,Kojak-FP.epf,CodeCheckWithBE_C.xml,ExpectedResult: SAFE UltimateResult: NO_RESULT   NO_RESULT,6.7184526589E10,1.242365952E9,3.81779968E9,16,0,[J@467e70b2,6587,359,0.13636363636363635
,ntdrivers-simplified,cdaudio_simpl1_true-unreach-call_true-termination.cil.c,Kojak-TreeInterpolation.epf,CodeCheckWithBE_C.xml,ExpectedResult: SAFE UltimateResult: NO_RESULT   NO_RESULT,6.0072541361E10,1.34610944E9,3.81779968E9,145,0,-1,-1,-1,0.7142857142857143
,ntdrivers-simplified,floppy_simpl3_false-unreach-call_true-termination.cil.c,ForwardPredicates.epf,AutomizerC.xml,ExpectedResult: UNSAFE UltimateResult: UNSAFE   a call of __VERIFIER_error() is reachable ,8.62448851E8,1.093271552E9,3.81779968E9,13,0,[J@68bf6e37,3853,52,NaN
,loop-new,count_by_k_true-unreach-call.c,Kojak-FP.epf,CodeCheckWithBE_C.xml,ExpectedResult: SAFE UltimateResult: EXCEPTION_OR_ERROR   [ShortDescription: SMTLIBException LongDescription: de.uni_freiburg.informatik.ultimate.logic.SMTLIBException: Cannot create quantifier in quantifier-free logic],2.2436006E7,1.540358144E9,3.81779968E9,null,null,null,null,null,null
,loop-invgen,apache-escape-absolute_true-unreach-call.c,Kojak-FP.epf,CodeCheckWithBE_C.xml,ExpectedResult: SAFE UltimateResult: SYNTAX_ERROR   [ShortDescription: Incorrect Syntax LongDescription: Error: unexpected dispatch result],1.0198367E7,4.20478976E8,3.81779968E9,null,null,null,null,null,null
,loop-invgen,apache-get-tag_true-unreach-call.c,ForwardPredicates.epf,AutomizerC.xml,ExpectedResult: SAFE UltimateResult: SYNTAX_ERROR   [ShortDescription: Incorrect Syntax LongDescription: Error: unexpected dispatch result],5612260.0,4.20478976E8,3.81779968E9,null,null,null,null,null,null
,recursive,Ackermann03_true-unreach-call.c,Kojak-FP.epf,CodeCheckWithBE_C.xml,ExpectedResult: SAFE UltimateResult: TIMEOUT   [ShortDescription: Timeout LongDescription: Timout or Toolchain cancelled by user],5.9998893986E10,1.137770496E9,3.81779968E9,null,null,null,null,null,null
,loop-invgen,apache-escape-absolute_true-unreach-call.c,Kojak-TreeInterpolation.epf,CodeCheckWithBE_C.xml,ExpectedResult: SAFE UltimateResult: SYNTAX_ERROR   [ShortDescription: Incorrect Syntax LongDescription: Error: unexpected dispatch result],7969302.0,4.20478976E8,3.81779968E9,null,null,null,null,null,null
,systemc,bist_cell_true-unreach-call_false-termination.cil.c,Kojak-TreeInterpolation.epf,CodeCheckWithBE_C.xml,ExpectedResult: SAFE UltimateResult: NO_RESULT   NO_RESULT,6.0086266605E10,8.61601792E8,3.81779968E9,444,0,-1,-1,-1,0.3187232015245355
,loop-invgen,half_2_true-unreach-call.c,Kojak-TreeInterpolation.epf,CodeCheckWithBE_C.xml,ExpectedResult: SAFE UltimateResult: SYNTAX_ERROR   [ShortDescription: Incorrect Syntax LongDescription: Following method was called but never declared! assume],4406004.0,1.527382016E9,3.81779968E9,null,null,null,null,null,null
,ntdrivers-simplified,diskperf_simpl1_true-unreach-call_true-termination.cil.c,Kojak-FP.epf,CodeCheckWithBE_C.xml,ExpectedResult: SAFE UltimateResult: NO_RESULT   NO_RESULT,6.1873662009E10,1.509425152E9,3.81779968E9,71,0,[J@12aae3e3,20302,464,NaN
,locks,test_locks_11_true-unreach-call_false-termination.c,TreeInterpolation.epf,AutomizerC.xml,ExpectedResult: SAFE UltimateResult: SAFE   [ShortDescription: All specifications hold LongDescription: 1 specifications checked. All of them hold],3.39327519E8,3.05856512E8,3.81779968E9,11,0,null,null,null,NaN
,systemc,kundu2_false-unreach-call_false-termination.cil.c,Kojak-TreeInterpolation.epf,CodeCheckWithBE_C.xml,ExpectedResult: UNSAFE UltimateResult: NO_RESULT   NO_RESULT,6.0342641211E10,7.6742656E8,3.81779968E9,128,0,-1,-1,-1,0.9751434034416826
,ssh-simplified,s3_clnt_1_true-unreach-call.cil.c,TreeInterpolation.epf,AutomizerC.xml,ExpectedResult: SAFE UltimateResult: SAFE   [ShortDescription: All specifications hold LongDescription: 2 specifications checked. All of them hold],1.23634142E9,1.280835584E9,3.81779968E9,24,0,null,null,null,0.936505587212314
,loop-new,count_by_k_true-unreach-call.c,ForwardPredicates.epf,AutomizerC.xml,ExpectedResult: SAFE UltimateResult: EXCEPTION_OR_ERROR   [ShortDescription: SMTLIBException LongDescription: de.uni_freiburg.informatik.ultimate.logic.SMTLIBException: Cannot create quantifier in quantifier-free logic],2.5569929E7,1.540358144E9,3.81779968E9,null,null,null,null,null,null
,systemc,kundu_true-unreach-call_false-termination.cil.c,TreeInterpolation.epf,AutomizerC.xml,ExpectedResult: SAFE UltimateResult: TIMEOUT   [ShortDescription: Timeout LongDescription: Unable to prove that call of __VERIFIER_error() unreachable (line 9)],5.9987261145E10,2.321022976E9,3.81779968E9,16,0,null,null,null,0.9349112426035503
,loop-new,count_by_nondet_true-unreach-call.c,Kojak-FP.epf,CodeCheckWithBE_C.xml,ExpectedResult: SAFE UltimateResult: NO_RESULT   NO_RESULT,6.1565215952E10,1.537081344E9,3.81779968E9,53,0,[J@58614b26,10218,1531,0.0
,locks,test_locks_13_true-unreach-call.c,Kojak-FP.epf,CodeCheckWithBE_C.xml,ExpectedResult: SAFE UltimateResult: SAFE   [ShortDescription: All specifications hold LongDescription: 1 specifications checked. All of them hold],5.11331778E8,3.61562112E8,3.81779968E9,2,0,[J@48b2f1f,25,1,NaN
,recursive,Ackermann01_true-unreach-call.c,Kojak-TreeInterpolation.epf,CodeCheckWithBE_C.xml,ExpectedResult: SAFE UltimateResult: SAFE   [ShortDescription: All specifications hold LongDescription: 1 specifications checked. All of them hold],1.90469318E8,8.20445184E8,3.81779968E9,7,0,-1,-1,-1,0.7
,locks,test_locks_13_true-unreach-call.c,TreeInterpolation.epf,AutomizerC.xml,ExpectedResult: SAFE UltimateResult: SAFE   [ShortDescription: All specifications hold LongDescription: 1 specifications checked. All of them hold],2.25391232E8,4.2237952E8,3.81779968E9,13,0,null,null,null,NaN
,loop-new,count_by_nondet_true-unreach-call.c,Kojak-TreeInterpolation.epf,CodeCheckWithBE_C.xml,ExpectedResult: SAFE UltimateResult: NO_RESULT   NO_RESULT,6.0945979496E10,1.548156928E9,3.81779968E9,122,0,-1,-1,-1,0.0
,systemc,kundu_true-unreach-call_false-termination.cil.c,Kojak-FP.epf,CodeCheckWithBE_C.xml,ExpectedResult: SAFE UltimateResult: NO_RESULT   NO_RESULT,6.1156267814E10,2.439053312E9,3.81779968E9,98,0,[J@7d1a4ade,31168,603,0.9739263803680982
,ntdrivers-simplified,floppy_simpl3_true-unreach-call_true-termination.cil.c,Kojak-TreeInterpolation.epf,CodeCheckWithBE_C.xml,ExpectedResult: SAFE UltimateResult: UNSAFE   unknown kind of specification may be violated ,2.673751192E10,1.153499136E9,3.81779968E9,75,0,-1,-1,-1,NaN
,loop-new,count_by_k_true-unreach-call.c,TreeInterpolation.epf,AutomizerC.xml,ExpectedResult: SAFE UltimateResult: TIMEOUT   [ShortDescription: Timeout LongDescription: Unable to prove that call of __VERIFIER_error() unreachable (line 5)],6.0033284282E10,1.541537792E9,3.81779968E9,50,0,null,null,null,0.0
,ssh-simplified,s3_clnt_1_true-unreach-call.cil.c,Kojak-TreeInterpolation.epf,CodeCheckWithBE_C.xml,ExpectedResult: SAFE UltimateResult: SAFE   [ShortDescription: All specifications hold LongDescription: 1 specifications checked. All of them hold],4.0362051557E10,1.280835584E9,3.81779968E9,111,0,-1,-1,-1,0.9741837509491268
,loop-new,count_by_1_variant_true-unreach-call.c,TreeInterpolation.epf,AutomizerC.xml,ExpectedResult: SAFE UltimateResult: SAFE   [ShortDescription: All specifications hold LongDescription: 1 specifications checked. All of them hold],4.3571196E7,1.53780224E9,3.81779968E9,3,0,null,null,null,0.6956521739130435
,ntdrivers-simplified,diskperf_simpl1_true-unreach-call_true-termination.cil.c,TreeInterpolation.epf,AutomizerC.xml,ExpectedResult: SAFE UltimateResult: UNSAFE   a call of __VERIFIER_error() is reachable ,1.65362107E9,9.97392384E8,3.81779968E9,26,0,null,null,null,NaN
,loop-new,count_by_1_variant_true-unreach-call.c,Kojak-FP.epf,CodeCheckWithBE_C.xml,ExpectedResult: SAFE UltimateResult: NO_RESULT   NO_RESULT,6.1065304166E10,1.529806848E9,3.81779968E9,93,0,[J@48bbd048,39238,4554,0.39869281045751637
,loop-invgen,apache-escape-absolute_true-unreach-call.c,TreeInterpolation.epf,AutomizerC.xml,ExpectedResult: SAFE UltimateResult: SYNTAX_ERROR   [ShortDescription: Incorrect Syntax LongDescription: Error: unexpected dispatch result],6196006.0,4.20478976E8,3.81779968E9,null,null,null,null,null,null
,systemc,bist_cell_true-unreach-call_false-termination.cil.c,ForwardPredicates.epf,AutomizerC.xml,ExpectedResult: SAFE UltimateResult: SAFE   [ShortDescription: All specifications hold LongDescription: 1 specifications checked. All of them hold],5.600764051E9,1.242365952E9,3.81779968E9,9,0,[J@1af075d6,6450,148,0.593167701863354
,ntdrivers-simplified,floppy_simpl3_false-unreach-call_true-termination.cil.c,TreeInterpolation.epf,AutomizerC.xml,ExpectedResult: UNSAFE UltimateResult: UNSAFE   a call of __VERIFIER_error() is reachable ,8.13772625E8,1.60104448E9,3.81779968E9,15,0,null,null,null,NaN
,loop-new,count_by_nondet_true-unreach-call.c,ForwardPredicates.epf,AutomizerC.xml,ExpectedResult: SAFE UltimateResult: TIMEOUT   [ShortDescription: Timeout LongDescription: Unable to prove that call of __VERIFIER_error() unreachable (line 5)],6.0015828671E10,1.541537792E9,3.81779968E9,115,0,[J@20c8426b,53827,6895,0.0
,systemc,kundu2_false-unreach-call_false-termination.cil.c,ForwardPredicates.epf,AutomizerC.xml,ExpectedResult: UNSAFE UltimateResult: EXCEPTION_OR_ERROR   [ShortDescription: ArrayIndexOutOfBoundsException LongDescription: java.lang.ArrayIndexOutOfBoundsException],5.372664593E9,1.523843072E9,3.81779968E9,null,null,null,null,null,null
,loop-new,count_by_1_true-unreach-call.c,TreeInterpolation.epf,AutomizerC.xml,ExpectedResult: SAFE UltimateResult: TIMEOUT   [ShortDescription: Timeout LongDescription: Unable to prove that call of __VERIFIER_error() unreachable (line 5)],6.0068999784E10,1.529806848E9,3.81779968E9,86,0,null,null,null,0.0
,systemc,kundu1_false-unreach-call_false-termination.cil.c,ForwardPredicates.epf,AutomizerC.xml,ExpectedResult: UNSAFE UltimateResult: UNSAFE   a call of __VERIFIER_error() is reachable ,1.3576515654E10,1.445527552E9,3.81779968E9,26,0,[J@3b808f9d,11526,287,0.8912621359223301
,loop-new,count_by_k_true-unreach-call.c,Kojak-TreeInterpolation.epf,CodeCheckWithBE_C.xml,ExpectedResult: SAFE UltimateResult: NO_RESULT   NO_RESULT,6.1950874351E10,1.540358144E9,3.81779968E9,98,0,-1,-1,-1,0.0
,systemc,kundu1_false-unreach-call_false-termination.cil.c,TreeInterpolation.epf,AutomizerC.xml,ExpectedResult: UNSAFE UltimateResult: UNSAFE   a call of __VERIFIER_error() is reachable ,1.386825224E10,1.343488E9,3.81779968E9,22,0,null,null,null,0.9076327433628318
,locks,test_locks_12_true-unreach-call_false-termination.c,ForwardPredicates.epf,AutomizerC.xml,ExpectedResult: SAFE UltimateResult: SAFE   [ShortDescription: All specifications hold LongDescription: 1 specifications checked. All of them hold],3.70525412E8,3.05856512E8,3.81779968E9,12,0,[J@7554aaef,990,36,NaN
,ntdrivers-simplified,floppy_simpl3_true-unreach-call_true-termination.cil.c,ForwardPredicates.epf,AutomizerC.xml,ExpectedResult: SAFE UltimateResult: UNSAFE   a call of __VERIFIER_error() is reachable ,6.09178431E8,1.60104448E9,3.81779968E9,13,0,[J@9a26d17,3886,52,NaN
,loop-invgen,apache-escape-absolute_true-unreach-call.c,ForwardPredicates.epf,AutomizerC.xml,ExpectedResult: SAFE UltimateResult: SYNTAX_ERROR   [ShortDescription: Incorrect Syntax LongDescription: Error: unexpected dispatch result],1.2900912E7,4.20478976E8,3.81779968E9,null,null,null,null,null,null
,systemc,kundu1_false-unreach-call_false-termination.cil.c,Kojak-FP.epf,CodeCheckWithBE_C.xml,ExpectedResult: UNSAFE UltimateResult: NO_RESULT   NO_RESULT,6.0141814809E10,1.445527552E9,3.81779968E9,96,0,[J@76391fe,28631,1435,0.9902610050642774
,recursive,Ackermann03_true-unreach-call.c,Kojak-TreeInterpolation.epf,CodeCheckWithBE_C.xml,ExpectedResult: SAFE UltimateResult: NO_RESULT   NO_RESULT,6.0073793729E10,4.92306432E8,3.81779968E9,631,0,-1,-1,-1,0.9084898946158925
,recursive,Ackermann03_true-unreach-call.c,TreeInterpolation.epf,AutomizerC.xml,ExpectedResult: SAFE UltimateResult: EXCEPTION_OR_ERROR   [ShortDescription: ArrayIndexOutOfBoundsException LongDescription: java.lang.ArrayIndexOutOfBoundsException],2.069071961E9,5.1183616E8,3.81779968E9,null,null,null,null,null,null
,loop-new,count_by_2_true-unreach-call.c,Kojak-TreeInterpolation.epf,CodeCheckWithBE_C.xml,ExpectedResult: SAFE UltimateResult: NO_RESULT   NO_RESULT,6.1389734269E10,1.540030464E9,3.81779968E9,145,0,-1,-1,-1,0.0
,loop-invgen,down_true-unreach-call.c,TreeInterpolation.epf,AutomizerC.xml,ExpectedResult: SAFE UltimateResult: TIMEOUT   [ShortDescription: Timeout LongDescription: Unable to prove that call of __VERIFIER_error() unreachable (line 5)],6.0008398676E10,9.10426112E8,3.81779968E9,90,0,null,null,null,0.6932232157641993
,systemc,kundu2_false-unreach-call_false-termination.cil.c,Kojak-FP.epf,CodeCheckWithBE_C.xml,ExpectedResult: UNSAFE UltimateResult: NO_RESULT   NO_RESULT,6.0239465986E10,1.601437696E9,3.81779968E9,101,0,[J@28f44b17,31356,611,0.9745508982035929
,recursive,Addition01_true-unreach-call_true-termination.c,Kojak-FP.epf,CodeCheckWithBE_C.xml,ExpectedResult: SAFE UltimateResult: NO_RESULT   NO_RESULT,6.7163670409E10,1.127153664E9,3.81779968E9,29,0,[J@3b2177cc,4601,2358,0.39563803328869335
,locks,test_locks_11_true-unreach-call_false-termination.c,Kojak-TreeInterpolation.epf,CodeCheckWithBE_C.xml,ExpectedResult: SAFE UltimateResult: SAFE   [ShortDescription: All specifications hold LongDescription: 1 specifications checked. All of them hold],5.5173998E8,3.05856512E8,3.81779968E9,2,0,-1,-1,-1,NaN
,ntdrivers-simplified,floppy_simpl3_true-unreach-call_true-termination.cil.c,TreeInterpolation.epf,AutomizerC.xml,ExpectedResult: SAFE UltimateResult: UNSAFE   a call of __VERIFIER_error() is reachable ,9.05923813E8,1.153499136E9,3.81779968E9,15,0,null,null,null,NaN
,systemc,kundu1_false-unreach-call_false-termination.cil.c,Kojak-TreeInterpolation.epf,CodeCheckWithBE_C.xml,ExpectedResult: UNSAFE UltimateResult: NO_RESULT   NO_RESULT,6.0402675279E10,7.08837376E8,3.81779968E9,183,0,-1,-1,-1,0.9514890428919274
,ssh-simplified,s3_clnt_2_false-unreach-call_true-termination.cil.c,TreeInterpolation.epf,AutomizerC.xml,ExpectedResult: UNSAFE UltimateResult: UNSAFE   a call of __VERIFIER_error() is reachable ,5.44752723E8,1.574961152E9,3.81779968E9,17,0,null,null,null,0.9032967032967033
,recursive,Ackermann04_true-unreach-call.c,ForwardPredicates.epf,AutomizerC.xml,ExpectedResult: SAFE UltimateResult: EXCEPTION_OR_ERROR   [ShortDescription: ArrayIndexOutOfBoundsException LongDescription: java.lang.ArrayIndexOutOfBoundsException],2.842518E7,5.1183616E8,3.81779968E9,null,null,null,null,null,null
,ssh-simplified,s3_clnt_3.cil_true-unreach-call_true-termination.c,Kojak-TreeInterpolation.epf,CodeCheckWithBE_C.xml,ExpectedResult: SAFE UltimateResult: NO_RESULT   NO_RESULT,6.0344488016E10,1.61185792E9,3.81779968E9,132,0,-1,-1,-1,0.9586985991866245
,loop-invgen,apache-get-tag_true-unreach-call.c,TreeInterpolation.epf,AutomizerC.xml,ExpectedResult: SAFE UltimateResult: SYNTAX_ERROR   [ShortDescription: Incorrect Syntax LongDescription: Error: unexpected dispatch result],5570158.0,4.20478976E8,3.81779968E9,null,null,null,null,null,null
,recursive,Ackermann02_false-unreach-call_false-termination.c,Kojak-TreeInterpolation.epf,CodeCheckWithBE_C.xml,ExpectedResult: UNSAFE UltimateResult: NO_RESULT   NO_RESULT,5.9996002986E10,1.17047296E9,3.81779968E9,6144,0,-1,-1,-1,0.9999407863571766
,systemc,mem_slave_tlm.1_true-unreach-call_false-termination.cil.c,TreeInterpolation.epf,AutomizerC.xml,ExpectedResult: SAFE UltimateResult: TIMEOUT   [ShortDescription: Timeout LongDescription: Unable to prove that call of __VERIFIER_error() unreachable (line 10)],6.0005118732E10,2.536308736E9,3.81779968E9,23,0,null,null,null,0.5945945945945946
,ntdrivers-simplified,cdaudio_simpl1_false-unreach-call_true-termination.cil.c,TreeInterpolation.epf,AutomizerC.xml,ExpectedResult: UNSAFE UltimateResult: UNSAFE   a call of __VERIFIER_error() is reachable ,4.331922582E9,1.590624256E9,3.81779968E9,55,0,null,null,null,1.0
,loop-new,count_by_2_true-unreach-call.c,ForwardPredicates.epf,AutomizerC.xml,ExpectedResult: SAFE UltimateResult: TIMEOUT   [ShortDescription: Timeout LongDescription: Timout or Toolchain cancelled by user],6.0002460625E10,1.53780224E9,3.81779968E9,null,null,null,null,null,null
,ntdrivers-simplified,diskperf_simpl1_true-unreach-call_true-termination.cil.c,ForwardPredicates.epf,AutomizerC.xml,ExpectedResult: SAFE UltimateResult: UNSAFE   a call of __VERIFIER_error() is reachable ,1.733180096E9,1.509425152E9,3.81779968E9,27,0,[J@6a805f2,7852,123,NaN
,loop-invgen,half_2_true-unreach-call.c,TreeInterpolation.epf,AutomizerC.xml,ExpectedResult: SAFE UltimateResult: SYNTAX_ERROR   [ShortDescription: Incorrect Syntax LongDescription: Following method was called but never declared! assume],4355883.0,1.527382016E9,3.81779968E9,null,null,null,null,null,null
,loop-new,count_by_2_true-unreach-call.c,TreeInterpolation.epf,AutomizerC.xml,ExpectedResult: SAFE UltimateResult: TIMEOUT   [ShortDescription: Timeout LongDescription: Unable to prove that call of __VERIFIER_error() unreachable (line 5)],6.0072087929E10,1.540358144E9,3.81779968E9,86,0,null,null,null,0.0
,loop-invgen,down_true-unreach-call.c,ForwardPredicates.epf,AutomizerC.xml,ExpectedResult: SAFE UltimateResult: TIMEOUT   [ShortDescription: Timeout LongDescription: Unable to prove that call of __VERIFIER_error() unreachable (line 5)],5.9998197969E10,1.486422016E9,3.81779968E9,92,0,[J@11e5648,21441,3412,0.04125323554788611
,ntdrivers-simplified,cdaudio_simpl1_false-unreach-call_true-termination.cil.c,Kojak-TreeInterpolation.epf,CodeCheckWithBE_C.xml,ExpectedResult: UNSAFE UltimateResult: NO_RESULT   NO_RESULT,6.112107257E10,1.590624256E9,3.81779968E9,140,0,-1,-1,-1,0.6666666666666666
,recursive,Ackermann01_true-unreach-call.c,TreeInterpolation.epf,AutomizerC.xml,ExpectedResult: SAFE UltimateResult: EXCEPTION_OR_ERROR   [ShortDescription: ArrayIndexOutOfBoundsException LongDescription: java.lang.ArrayIndexOutOfBoundsException],2.68622605E8,8.20445184E8,3.81779968E9,null,null,null,null,null,null
,loop-invgen,half_2_true-unreach-call.c,Kojak-FP.epf,CodeCheckWithBE_C.xml,ExpectedResult: SAFE UltimateResult: SYNTAX_ERROR   [ShortDescription: Incorrect Syntax LongDescription: Following method was called but never declared! assume],4458130.0,1.527382016E9,3.81779968E9,null,null,null,null,null,null
,locks,test_locks_10_true-unreach-call.c,Kojak-FP.epf,CodeCheckWithBE_C.xml,ExpectedResult: SAFE UltimateResult: SAFE   [ShortDescription: All specifications hold LongDescription: 1 specifications checked. All of them hold],1.114045218E9,2.28589568E8,3.81779968E9,2,0,[J@28f58f69,22,1,NaN
,ntdrivers-simplified,floppy_simpl3_false-unreach-call_true-termination.cil.c,Kojak-FP.epf,CodeCheckWithBE_C.xml,ExpectedResult: UNSAFE UltimateResult: UNSAFE   unknown kind of specification may be violated ,4.9255979315E10,1.093271552E9,3.81779968E9,62,0,[J@66775c6d,20440,372,NaN
,locks,test_locks_12_true-unreach-call_false-termination.c,Kojak-FP.epf,CodeCheckWithBE_C.xml,ExpectedResult: SAFE UltimateResult: SAFE   [ShortDescription: All specifications hold LongDescription: 1 specifications checked. All of them hold],4.52228966E8,3.10771712E8,3.81779968E9,2,0,[J@588db749,24,1,NaN
,loop-new,count_by_1_true-unreach-call.c,ForwardPredicates.epf,AutomizerC.xml,ExpectedResult: SAFE UltimateResult: TIMEOUT   [ShortDescription: Timeout LongDescription: Timout or Toolchain cancelled by user],6.0043038239E10,1.527382016E9,3.81779968E9,null,null,null,null,null,null
,ssh-simplified,s3_clnt_2_true-unreach-call_true-termination.cil.c,Kojak-TreeInterpolation.epf,CodeCheckWithBE_C.xml,ExpectedResult: SAFE UltimateResult: SAFE   [ShortDescription: All specifications hold LongDescription: 1 specifications checked. All of them hold],1.6115954175E10,1.609367552E9,3.81779968E9,50,0,-1,-1,-1,0.9180929095354523
,loop-invgen,fragtest_simple_true-unreach-call.c,ForwardPredicates.epf,AutomizerC.xml,ExpectedResult: SAFE UltimateResult: TIMEOUT   [ShortDescription: Timeout LongDescription: Unable to prove that call of __VERIFIER_error() unreachable (line 5)],5.9992172377E10,1.474035712E9,3.81779968E9,90,0,[J@6eb2918a,18468,3283,0.02002679641774205
,recursive,Addition01_true-unreach-call_true-termination.c,Kojak-TreeInterpolation.epf,CodeCheckWithBE_C.xml,ExpectedResult: SAFE UltimateResult: SAFE   [ShortDescription: All specifications hold LongDescription: 1 specifications checked. All of them hold],1.07405805E8,7.93772032E8,3.81779968E9,4,0,-1,-1,-1,0.6666666666666666
,loop-invgen,fragtest_simple_true-unreach-call.c,Kojak-TreeInterpolation.epf,CodeCheckWithBE_C.xml,ExpectedResult: SAFE UltimateResult: NO_RESULT   NO_RESULT,6.1335066532E10,1.525415936E9,3.81779968E9,62,0,-1,-1,-1,0.6748921421737639
,locks,test_locks_13_true-unreach-call.c,Kojak-TreeInterpolation.epf,CodeCheckWithBE_C.xml,ExpectedResult: SAFE UltimateResult: SAFE   [ShortDescription: All specifications hold LongDescription: 1 specifications checked. All of them hold],3.72779206E8,4.2237952E8,3.81779968E9,2,0,-1,-1,-1,NaN
,locks,test_locks_14_false-unreach-call.c,ForwardPredicates.epf,AutomizerC.xml,ExpectedResult: UNSAFE UltimateResult: UNSAFE   a call of __VERIFIER_error() is reachable ,8.7693061E7,4.2237952E8,3.81779968E9,1,0,[J@d7133cd,0,0,NaN
,locks,test_locks_13_true-unreach-call.c,ForwardPredicates.epf,AutomizerC.xml,ExpectedResult: SAFE UltimateResult: SAFE   [ShortDescription: All specifications hold LongDescription: 1 specifications checked. All of them hold],3.234103E8,3.47078656E8,3.81779968E9,13,0,[J@2ffdea0,1144,39,NaN
,systemc,mem_slave_tlm.1_true-unreach-call_false-termination.cil.c,ForwardPredicates.epf,AutomizerC.xml,ExpectedResult: SAFE UltimateResult: SAFE   [ShortDescription: All specifications hold LongDescription: 1 specifications checked. All of them hold],1.4347012465E10,2.321022976E9,3.81779968E9,27,0,[J@6c70dbe9,22065,201,0.8546409807355516


################################# Summary #######################
Safe: 33
Unsafe: 22
Timeout: 17
Error: 68
Expected Safe: 108
Expected Unsafe: 32
Total: 140
CSV conversion gone wrong: 0

################################# Latex #######################
\newcommand{\headcolor}{}
\newcommand{\header}[1]{\parbox{2.8em}{\centering #1}\headcolor}
\newcommand{\folder}[1]{\parbox{5em}{#1}}
\begin{table}
\centering
\resizebox{\linewidth}{!}{%
\begin{tabu} to \linewidth {lcllcccccccccc}
\toprule
  \header{}& 
  \header{Count}&
  \header{Result}&
  \header{Variant}& 
  \header{Count}&
  \header{Avg. runtime}&
  \header{Mem{-}ory}&
  \header{Iter{-}ations}&
  \header{Loc{-}ations}&
  \header{Pred. size}&
  \header{Conj. SSA}&
  \header{Conj. IC}&
  \header{ICC}\\
  \cmidrule(r){2-14}
\multirow{10}{*}{\folder{loop-new}} &
\multirow{2}{*}{0} &
\multirow{2}{*}{\folder{Unsafe}} 
 & TreeInterpolation.epf & 0 & - & - & - & - & - & - & - & -\\
 &  &  & ForwardPredicates.epf & 0 & - & - & - & - & - & - & - & -\\
& \multirow{2}{*}{5} &
\multirow{2}{*}{\folder{Safe}} 
 & TreeInterpolation.epf & 1 & 0.04 s & 1466.56 MB & 3 & 0 & - & - & - & 69.57\%\\
 &  &  & ForwardPredicates.epf & 0 & - & - & - & - & - & - & - & -\\
& & \multirow{2}{*}{\folder{Timeout}} 
 & TreeInterpolation.epf & 4 & 60.06 s & 1468.63 MB & 76 & 0 & - & - & - & 0.00\%\\
 &  &  & ForwardPredicates.epf & 3 & 60.02 s & 1464.44 MB & 38 & 0 & - & 17.9 K & 2.3 K & 0.00\%\\
& & \multirow{2}{*}{\folder{Error}} 
 & TreeInterpolation.epf & 0 & - & - & - & - & - & - & - & -\\
 &  &  & ForwardPredicates.epf & 2 & 0.04 s & 1463.97 MB & - & - & - & - & - & -\\
& \multirow{2}{*}{5} &
\multirow{2}{*}{\folder{Total}} 
 & TreeInterpolation.epf & 5 & 48.05 s & 1468.21 MB & 61 & 0 & - & - & - & 13.91\%\\
 &  &  & ForwardPredicates.epf & 5 & 36.03 s & 1464.25 MB & 23 & 0 & - & 10.8 K & 1.4 K & 0.00\%\\
\midrule
\multirow{10}{*}{\folder{ntdrivers-simplified}} &
\multirow{2}{*}{2} &
\multirow{2}{*}{\folder{Unsafe}} 
 & TreeInterpolation.epf & 2 & 2.57 s & 1521.91 MB & 35 & 0 & - & - & - & 50.00\%\\
 &  &  & ForwardPredicates.epf & 2 & 3.66 s & 1157.41 MB & 40 & 0 & - & 15.0 K & 304 & -\\
& \multirow{2}{*}{3} &
\multirow{2}{*}{\folder{Safe}} 
 & TreeInterpolation.epf & 0 & - & - & - & - & - & - & - & -\\
 &  &  & ForwardPredicates.epf & 0 & - & - & - & - & - & - & - & -\\
& & \multirow{2}{*}{\folder{Timeout}} 
 & TreeInterpolation.epf & 0 & - & - & - & - & - & - & - & -\\
 &  &  & ForwardPredicates.epf & 0 & - & - & - & - & - & - & - & -\\
& & \multirow{2}{*}{\folder{Error}} 
 & TreeInterpolation.epf & 3 & 2.35 s & 1120.17 MB & 32 & 0 & - & - & - & -\\
 &  &  & ForwardPredicates.epf & 3 & 2.43 s & 1492.83 MB & 36 & 0 & - & 12.8 K & 252 & -\\
& \multirow{2}{*}{5} &
\multirow{2}{*}{\folder{Total}} 
 & TreeInterpolation.epf & 5 & 2.44 s & 1280.86 MB & 33 & 0 & - & - & - & 40.00\%\\
 &  &  & ForwardPredicates.epf & 5 & 2.92 s & 1358.66 MB & 38 & 0 & - & 13.7 K & 272 & -\\
\midrule
\multirow{10}{*}{\folder{loop-invgen}} &
\multirow{2}{*}{0} &
\multirow{2}{*}{\folder{Unsafe}} 
 & TreeInterpolation.epf & 0 & - & - & - & - & - & - & - & -\\
 &  &  & ForwardPredicates.epf & 0 & - & - & - & - & - & - & - & -\\
& \multirow{2}{*}{5} &
\multirow{2}{*}{\folder{Safe}} 
 & TreeInterpolation.epf & 0 & - & - & - & - & - & - & - & -\\
 &  &  & ForwardPredicates.epf & 0 & - & - & - & - & - & - & - & -\\
& & \multirow{2}{*}{\folder{Timeout}} 
 & TreeInterpolation.epf & 2 & 60.05 s & 1162.44 MB & 76 & 0 & - & - & - & 71.03\%\\
 &  &  & ForwardPredicates.epf & 2 & 60.00 s & 1411.66 MB & 91 & 0 & - & 20.0 K & 3.3 K & 3.06\%\\
& & \multirow{2}{*}{\folder{Error}} 
 & TreeInterpolation.epf & 3 & 0.01 s & 752.88 MB & - & - & - & - & - & -\\
 &  &  & ForwardPredicates.epf & 3 & 0.01 s & 752.88 MB & - & - & - & - & - & -\\
& \multirow{2}{*}{5} &
\multirow{2}{*}{\folder{Total}} 
 & TreeInterpolation.epf & 5 & 24.02 s & 916.70 MB & 30 & 0 & - & - & - & 28.41\%\\
 &  &  & ForwardPredicates.epf & 5 & 24.00 s & 1016.39 MB & 36 & 0 & - & 8.0 K & 1.3 K & 1.23\%\\
\midrule
\multirow{10}{*}{\folder{systemc}} &
\multirow{2}{*}{2} &
\multirow{2}{*}{\folder{Unsafe}} 
 & TreeInterpolation.epf & 2 & 36.16 s & 1453.50 MB & 29 & 0 & - & - & - & 92.25\%\\
 &  &  & ForwardPredicates.epf & 1 & 13.58 s & 1378.56 MB & 26 & 0 & - & 11.5 K & 287 & 89.13\%\\
& \multirow{2}{*}{3} &
\multirow{2}{*}{\folder{Safe}} 
 & TreeInterpolation.epf & 0 & - & - & - & - & - & - & - & -\\
 &  &  & ForwardPredicates.epf & 2 & 9.97 s & 1699.16 MB & 18 & 0 & - & 14.3 K & 174 & 72.39\%\\
& & \multirow{2}{*}{\folder{Timeout}} 
 & TreeInterpolation.epf & 3 & 60.03 s & 1744.46 MB & 16 & 0 & - & - & - & 74.12\%\\
 &  &  & ForwardPredicates.epf & 1 & 59.99 s & 2326.06 MB & 18 & 0 & - & 7.5 K & 148 & 76.87\%\\
& & \multirow{2}{*}{\folder{Error}} 
 & TreeInterpolation.epf & 0 & - & - & - & - & - & - & - & -\\
 &  &  & ForwardPredicates.epf & 1 & 5.37 s & 1453.25 MB & - & - & - & - & - & -\\
& \multirow{2}{*}{5} &
\multirow{2}{*}{\folder{Total}} 
 & TreeInterpolation.epf & 5 & 50.48 s & 1628.08 MB & 21 & 0 & - & - & - & 81.37\%\\
 &  &  & ForwardPredicates.epf & 5 & 19.78 s & 1711.24 MB & 16 & 0 & - & 9.5 K & 156 & 62.16\%\\
\midrule
\multirow{10}{*}{\folder{recursive}} &
\multirow{2}{*}{1} &
\multirow{2}{*}{\folder{Unsafe}} 
 & TreeInterpolation.epf & 1 & 0.07 s & 941.88 MB & 4 & 0 & - & - & - & 78.95\%\\
 &  &  & ForwardPredicates.epf & 0 & - & - & - & - & - & - & - & -\\
& \multirow{2}{*}{4} &
\multirow{2}{*}{\folder{Safe}} 
 & TreeInterpolation.epf & 2 & 1.01 s & 696.31 MB & 8 & 0 & - & - & - & 52.22\%\\
 &  &  & ForwardPredicates.epf & 0 & - & - & - & - & - & - & - & -\\
& & \multirow{2}{*}{\folder{Timeout}} 
 & TreeInterpolation.epf & 0 & - & - & - & - & - & - & - & -\\
 &  &  & ForwardPredicates.epf & 1 & 59.99 s & 1074.94 MB & 47 & 0 & - & 12.7 K & 6.7 K & 56.88\%\\
& & \multirow{2}{*}{\folder{Error}} 
 & TreeInterpolation.epf & 2 & 1.17 s & 635.28 MB & - & - & - & - & - & -\\
 &  &  & ForwardPredicates.epf & 4 & 8.03 s & 947.27 MB & - & - & - & - & - & -\\
& \multirow{2}{*}{5} &
\multirow{2}{*}{\folder{Total}} 
 & TreeInterpolation.epf & 5 & 0.88 s & 721.01 MB & 4 & 0 & - & - & - & 36.68\%\\
 &  &  & ForwardPredicates.epf & 5 & 18.42 s & 972.80 MB & 9 & 0 & - & 2.5 K & 1.3 K & 11.38\%\\
\midrule
\multirow{10}{*}{\folder{locks}} &
\multirow{2}{*}{1} &
\multirow{2}{*}{\folder{Unsafe}} 
 & TreeInterpolation.epf & 1 & 0.09 s & 401.00 MB & 2 & 0 & - & - & - & -\\
 &  &  & ForwardPredicates.epf & 1 & 0.09 s & 402.81 MB & 1 & 0 & - & 0 & 0 & -\\
& \multirow{2}{*}{4} &
\multirow{2}{*}{\folder{Safe}} 
 & TreeInterpolation.epf & 4 & 0.30 s & 318.13 MB & 11 & 0 & - & - & - & -\\
 &  &  & ForwardPredicates.epf & 4 & 0.66 s & 266.47 MB & 11 & 0 & - & 924 & 34 & -\\
& & \multirow{2}{*}{\folder{Timeout}} 
 & TreeInterpolation.epf & 0 & - & - & - & - & - & - & - & -\\
 &  &  & ForwardPredicates.epf & 0 & - & - & - & - & - & - & - & -\\
& & \multirow{2}{*}{\folder{Error}} 
 & TreeInterpolation.epf & 0 & - & - & - & - & - & - & - & -\\
 &  &  & ForwardPredicates.epf & 0 & - & - & - & - & - & - & - & -\\
& \multirow{2}{*}{5} &
\multirow{2}{*}{\folder{Total}} 
 & TreeInterpolation.epf & 5 & 0.26 s & 334.70 MB & 9 & 0 & - & - & - & -\\
 &  &  & ForwardPredicates.epf & 5 & 0.54 s & 293.74 MB & 9 & 0 & - & 739 & 27 & -\\
\midrule
\multirow{10}{*}{\folder{ssh-simplified}} &
\multirow{2}{*}{2} &
\multirow{2}{*}{\folder{Unsafe}} 
 & TreeInterpolation.epf & 2 & 0.50 s & 1309.34 MB & 16 & 0 & - & - & - & 89.96\%\\
 &  &  & ForwardPredicates.epf & 2 & 0.36 s & 1013.84 MB & 8 & 0 & - & 895 & 19 & 78.88\%\\
& \multirow{2}{*}{3} &
\multirow{2}{*}{\folder{Safe}} 
 & TreeInterpolation.epf & 3 & 1.27 s & 1117.50 MB & 26 & 0 & - & - & - & 94.23\%\\
 &  &  & ForwardPredicates.epf & 3 & 1.05 s & 1393.73 MB & 17 & 0 & - & 7.1 K & 58 & 95.54\%\\
& & \multirow{2}{*}{\folder{Timeout}} 
 & TreeInterpolation.epf & 0 & - & - & - & - & - & - & - & -\\
 &  &  & ForwardPredicates.epf & 0 & - & - & - & - & - & - & - & -\\
& & \multirow{2}{*}{\folder{Error}} 
 & TreeInterpolation.epf & 0 & - & - & - & - & - & - & - & -\\
 &  &  & ForwardPredicates.epf & 0 & - & - & - & - & - & - & - & -\\
& \multirow{2}{*}{5} &
\multirow{2}{*}{\folder{Total}} 
 & TreeInterpolation.epf & 5 & 0.96 s & 1194.24 MB & 22 & 0 & - & - & - & 92.52\%\\
 &  &  & ForwardPredicates.epf & 5 & 0.78 s & 1241.78 MB & 13 & 0 & - & 4.6 K & 42 & 88.88\%\\
\bottomrule
& & & & & & & & & & & & & \\
\end{tabu}}
\caption{Results for AutomizerC.xml.}
\end{table}
\begin{table}
\centering
\resizebox{\linewidth}{!}{%
\begin{tabu} to \linewidth {lcllcccccccccc}
\toprule
  \header{}& 
  \header{Count}&
  \header{Result}&
  \header{Variant}& 
  \header{Count}&
  \header{Avg. runtime}&
  \header{Mem{-}ory}&
  \header{Iter{-}ations}&
  \header{Loc{-}ations}&
  \header{Pred. size}&
  \header{Conj. SSA}&
  \header{Conj. IC}&
  \header{ICC}\\
  \cmidrule(r){2-14}
\multirow{10}{*}{\folder{loop-new}} &
\multirow{2}{*}{0} &
\multirow{2}{*}{\folder{Unsafe}} 
 & Kojak-TreeInterpolation.epf & 0 & - & - & - & - & - & - & - & -\\
 &  &  & Kojak-FP.epf & 0 & - & - & - & - & - & - & - & -\\
& \multirow{2}{*}{5} &
\multirow{2}{*}{\folder{Safe}} 
 & Kojak-TreeInterpolation.epf & 0 & - & - & - & - & - & - & - & -\\
 &  &  & Kojak-FP.epf & 0 & - & - & - & - & - & - & - & -\\
& & \multirow{2}{*}{\folder{Timeout}} 
 & Kojak-TreeInterpolation.epf & 0 & - & - & - & - & - & - & - & -\\
 &  &  & Kojak-FP.epf & 0 & - & - & - & - & - & - & - & -\\
& & \multirow{2}{*}{\folder{Error}} 
 & Kojak-TreeInterpolation.epf & 5 & 61.08 s & 1467.99 MB & 125 & 0 & -1 & -1 & -1 & 7.98\%\\
 &  &  & Kojak-FP.epf & 5 & 49.28 s & 1464.35 MB & 72 & 0 & - & 16.3 K & 3.6 K & 7.97\%\\
& \multirow{2}{*}{5} &
\multirow{2}{*}{\folder{Total}} 
 & Kojak-TreeInterpolation.epf & 5 & 61.08 s & 1467.99 MB & 125 & 0 & -1 & -1 & -1 & 7.98\%\\
 &  &  & Kojak-FP.epf & 5 & 49.28 s & 1464.35 MB & 72 & 0 & - & 16.3 K & 3.6 K & 7.97\%\\
\midrule
\multirow{10}{*}{\folder{loop-invgen}} &
\multirow{2}{*}{0} &
\multirow{2}{*}{\folder{Unsafe}} 
 & Kojak-TreeInterpolation.epf & 0 & - & - & - & - & - & - & - & -\\
 &  &  & Kojak-FP.epf & 0 & - & - & - & - & - & - & - & -\\
& \multirow{2}{*}{5} &
\multirow{2}{*}{\folder{Safe}} 
 & Kojak-TreeInterpolation.epf & 0 & - & - & - & - & - & - & - & -\\
 &  &  & Kojak-FP.epf & 0 & - & - & - & - & - & - & - & -\\
& & \multirow{2}{*}{\folder{Timeout}} 
 & Kojak-TreeInterpolation.epf & 0 & - & - & - & - & - & - & - & -\\
 &  &  & Kojak-FP.epf & 0 & - & - & - & - & - & - & - & -\\
& & \multirow{2}{*}{\folder{Error}} 
 & Kojak-TreeInterpolation.epf & 5 & 24.56 s & 1029.06 MB & 26 & 0 & 0 & 0 & 0 & 26.98\%\\
 &  &  & Kojak-FP.epf & 5 & 25.18 s & 1027.08 MB & 38 & 0 & - & 4.4 K & 906 & 0.66\%\\
& \multirow{2}{*}{5} &
\multirow{2}{*}{\folder{Total}} 
 & Kojak-TreeInterpolation.epf & 5 & 24.56 s & 1029.06 MB & 26 & 0 & 0 & 0 & 0 & 26.98\%\\
 &  &  & Kojak-FP.epf & 5 & 25.18 s & 1027.08 MB & 38 & 0 & - & 4.4 K & 906 & 0.66\%\\
\midrule
\multirow{10}{*}{\folder{ntdrivers-simplified}} &
\multirow{2}{*}{2} &
\multirow{2}{*}{\folder{Unsafe}} 
 & Kojak-TreeInterpolation.epf & 1 & 28.27 s & 1526.00 MB & 65 & 0 & -1 & -1 & -1 & -\\
 &  &  & Kojak-FP.epf & 1 & 49.26 s & 1042.63 MB & 62 & 0 & - & 20.4 K & 372 & -\\
& \multirow{2}{*}{3} &
\multirow{2}{*}{\folder{Safe}} 
 & Kojak-TreeInterpolation.epf & 0 & - & - & - & - & - & - & - & -\\
 &  &  & Kojak-FP.epf & 0 & - & - & - & - & - & - & - & -\\
& & \multirow{2}{*}{\folder{Timeout}} 
 & Kojak-TreeInterpolation.epf & 0 & - & - & - & - & - & - & - & -\\
 &  &  & Kojak-FP.epf & 0 & - & - & - & - & - & - & - & -\\
& & \multirow{2}{*}{\folder{Error}} 
 & Kojak-TreeInterpolation.epf & 4 & 50.94 s & 1192.28 MB & 110 & 0 & -1 & -1 & -1 & 34.52\%\\
 &  &  & Kojak-FP.epf & 4 & 61.10 s & 1474.86 MB & 94 & 0 & - & 31.4 K & 700 & -\\
& \multirow{2}{*}{5} &
\multirow{2}{*}{\folder{Total}} 
 & Kojak-TreeInterpolation.epf & 5 & 46.41 s & 1259.03 MB & 101 & 0 & -1 & -1 & -1 & 27.62\%\\
 &  &  & Kojak-FP.epf & 5 & 58.73 s & 1388.41 MB & 88 & 0 & - & 29.2 K & 634 & -\\
\midrule
\multirow{10}{*}{\folder{systemc}} &
\multirow{2}{*}{2} &
\multirow{2}{*}{\folder{Unsafe}} 
 & Kojak-TreeInterpolation.epf & 0 & - & - & - & - & - & - & - & -\\
 &  &  & Kojak-FP.epf & 0 & - & - & - & - & - & - & - & -\\
& \multirow{2}{*}{3} &
\multirow{2}{*}{\folder{Safe}} 
 & Kojak-TreeInterpolation.epf & 0 & - & - & - & - & - & - & - & -\\
 &  &  & Kojak-FP.epf & 0 & - & - & - & - & - & - & - & -\\
& & \multirow{2}{*}{\folder{Timeout}} 
 & Kojak-TreeInterpolation.epf & 0 & - & - & - & - & - & - & - & -\\
 &  &  & Kojak-FP.epf & 0 & - & - & - & - & - & - & - & -\\
& & \multirow{2}{*}{\folder{Error}} 
 & Kojak-TreeInterpolation.epf & 5 & 60.45 s & 1352.40 MB & 208 & 0 & -1 & -1 & -1 & 83.82\%\\
 &  &  & Kojak-FP.epf & 5 & 62.09 s & 1731.04 MB & 80 & 0 & - & 29.3 K & 729 & 81.50\%\\
& \multirow{2}{*}{5} &
\multirow{2}{*}{\folder{Total}} 
 & Kojak-TreeInterpolation.epf & 5 & 60.45 s & 1352.40 MB & 208 & 0 & -1 & -1 & -1 & 83.82\%\\
 &  &  & Kojak-FP.epf & 5 & 62.09 s & 1731.04 MB & 80 & 0 & - & 29.3 K & 729 & 81.50\%\\
\midrule
\multirow{10}{*}{\folder{recursive}} &
\multirow{2}{*}{1} &
\multirow{2}{*}{\folder{Unsafe}} 
 & Kojak-TreeInterpolation.epf & 0 & - & - & - & - & - & - & - & -\\
 &  &  & Kojak-FP.epf & 0 & - & - & - & - & - & - & - & -\\
& \multirow{2}{*}{4} &
\multirow{2}{*}{\folder{Safe}} 
 & Kojak-TreeInterpolation.epf & 2 & 0.15 s & 769.72 MB & 5 & 0 & -1 & -1 & -1 & 68.33\%\\
 &  &  & Kojak-FP.epf & 0 & - & - & - & - & - & - & - & -\\
& & \multirow{2}{*}{\folder{Timeout}} 
 & Kojak-TreeInterpolation.epf & 0 & - & - & - & - & - & - & - & -\\
 &  &  & Kojak-FP.epf & 1 & 60.00 s & 1085.06 MB & - & - & - & - & - & -\\
& & \multirow{2}{*}{\folder{Error}} 
 & Kojak-TreeInterpolation.epf & 3 & 60.03 s & 805.33 MB & 2.5 K & 0 & -1 & -1 & -1 & 93.85\%\\
 &  &  & Kojak-FP.epf & 4 & 61.81 s & 1113.72 MB & 1.9 K & 0 & - & 109.6 K & 8.2 K & 77.40\%\\
& \multirow{2}{*}{5} &
\multirow{2}{*}{\folder{Total}} 
 & Kojak-TreeInterpolation.epf & 5 & 36.08 s & 791.09 MB & 1.5 K & 0 & -1 & -1 & -1 & 83.65\%\\
 &  &  & Kojak-FP.epf & 5 & 61.44 s & 1107.99 MB & 1.5 K & 0 & - & 87.7 K & 6.6 K & 61.92\%\\
\midrule
\multirow{10}{*}{\folder{locks}} &
\multirow{2}{*}{1} &
\multirow{2}{*}{\folder{Unsafe}} 
 & Kojak-TreeInterpolation.epf & 1 & 0.42 s & 402.81 MB & 2 & 0 & -1 & -1 & -1 & -\\
 &  &  & Kojak-FP.epf & 1 & 0.35 s & 402.81 MB & 2 & 0 & - & 26 & 1 & -\\
& \multirow{2}{*}{4} &
\multirow{2}{*}{\folder{Safe}} 
 & Kojak-TreeInterpolation.epf & 4 & 0.49 s & 318.13 MB & 2 & 0 & -1 & -1 & -1 & -\\
 &  &  & Kojak-FP.epf & 4 & 0.67 s & 277.72 MB & 2 & 0 & - & 23 & 1 & -\\
& & \multirow{2}{*}{\folder{Timeout}} 
 & Kojak-TreeInterpolation.epf & 0 & - & - & - & - & - & - & - & -\\
 &  &  & Kojak-FP.epf & 0 & - & - & - & - & - & - & - & -\\
& & \multirow{2}{*}{\folder{Error}} 
 & Kojak-TreeInterpolation.epf & 0 & - & - & - & - & - & - & - & -\\
 &  &  & Kojak-FP.epf & 0 & - & - & - & - & - & - & - & -\\
& \multirow{2}{*}{5} &
\multirow{2}{*}{\folder{Total}} 
 & Kojak-TreeInterpolation.epf & 5 & 0.47 s & 335.06 MB & 2 & 0 & -1 & -1 & -1 & -\\
 &  &  & Kojak-FP.epf & 5 & 0.60 s & 302.74 MB & 2 & 0 & - & 24 & 1 & -\\
\midrule
\multirow{10}{*}{\folder{ssh-simplified}} &
\multirow{2}{*}{2} &
\multirow{2}{*}{\folder{Unsafe}} 
 & Kojak-TreeInterpolation.epf & 2 & 3.01 s & 1309.34 MB & 25 & 0 & -1 & -1 & -1 & 63.99\%\\
 &  &  & Kojak-FP.epf & 2 & 2.10 s & 1161.97 MB & 20 & 0 & - & 2.1 K & 65 & 63.27\%\\
& \multirow{2}{*}{3} &
\multirow{2}{*}{\folder{Safe}} 
 & Kojak-TreeInterpolation.epf & 2 & 28.24 s & 1378.16 MB & 80 & 0 & -1 & -1 & -1 & 94.61\%\\
 &  &  & Kojak-FP.epf & 2 & 32.24 s & 1323.75 MB & 63 & 0 & - & 16.4 K & 254 & 95.11\%\\
& & \multirow{2}{*}{\folder{Timeout}} 
 & Kojak-TreeInterpolation.epf & 0 & - & - & - & - & - & - & - & -\\
 &  &  & Kojak-FP.epf & 0 & - & - & - & - & - & - & - & -\\
& & \multirow{2}{*}{\folder{Error}} 
 & Kojak-TreeInterpolation.epf & 1 & 60.34 s & 1537.19 MB & 132 & 0 & -1 & -1 & -1 & 95.87\%\\
 &  &  & Kojak-FP.epf & 1 & 7.51 s & 1537.19 MB & - & - & - & - & - & -\\
& \multirow{2}{*}{5} &
\multirow{2}{*}{\folder{Total}} 
 & Kojak-TreeInterpolation.epf & 5 & 24.57 s & 1382.44 MB & 68 & 0 & -1 & -1 & -1 & 82.62\%\\
 &  &  & Kojak-FP.epf & 5 & 15.24 s & 1301.73 MB & 33 & 0 & - & 7.4 K & 127 & 63.35\%\\
\bottomrule
& & & & & & & & & & & & & \\
\end{tabu}}
\caption{Results for CodeCheckWithBE_C.xml.}
\end{table}