################################# CSV #######################
,Folder,File,Settings,Toolchain,Message,Runtime (ns),Allocated memory end (bytes),Overall iterations,NumberOfCodeBlocks,SizeOfPredicatesFP,SizeOfPredicatesBP,Conjuncts in SSA,Conjuncts in UnsatCore,ICC %
,systemc,toy1_false-unreach-call_false-termination.cil.c,TreeInterpolation.epf,AutomizerC.xml,ExpectedResult: UNSAFE UltimateResult: UNSAFE   a call of __VERIFIER_error() is reachable ,73976442978.0,5272764416,28,0,-,-,-,-,0.6810436634717785
,systemc,pc_sfifo_2_true-unreach-call_false-termination.cil.c,ForwardPredicates.epf,AutomizerC.xml,ExpectedResult: SAFE UltimateResult: SAFE   [ShortDescription: All specifications hold LongDescription: 1 specifications checked. All of them hold],2698109013.0,6409945088,27,0,10264,0,15151,329,0.7686234122897356
,systemc,mem_slave_tlm.4_true-unreach-call_false-termination.cil.c,ForwardPredicates.epf,AutomizerC.xml,ExpectedResult: SAFE UltimateResult: SAFE   [ShortDescription: All specifications hold LongDescription: 1 specifications checked. All of them hold],49410269190,6083837952,40,0,40530,0,55616,554,0.7391050299459512
,systemc,toy_true-unreach-call_false-termination.cil.c,TreeInterpolation.epf,AutomizerC.xml,ExpectedResult: SAFE UltimateResult: TIMEOUT   [ShortDescription: Timeout LongDescription: Unable to prove that call of __VERIFIER_error() unreachable (line 13)],300041442197.0,5511839744,33,0,-,-,-,-,0.570785739010038
,systemc,token_ring.07_true-unreach-call_false-termination.cil.c,ForwardPredicates.epf,AutomizerC.xml,ExpectedResult: SAFE UltimateResult: TIMEOUT   [ShortDescription: Timeout LongDescription: Unable to prove that call of __VERIFIER_error() unreachable (line 10)],303454826053,5726797824,12,0,5595,0,32314,73,0.7127951674903898
,systemc,token_ring.03_false-unreach-call_false-termination.cil.c,ForwardPredicates.epf,AutomizerC.xml,ExpectedResult: UNSAFE UltimateResult: UNSAFE   a call of __VERIFIER_error() is reachable ,10615110823.0,5.93231872E+9,28,0,9886,0,27897,311,0.9609090909090909
,systemc,transmitter.12_false-unreach-call_false-termination.cil.c,TreeInterpolation.epf,AutomizerC.xml,ExpectedResult: UNSAFE UltimateResult: TIMEOUT   [ShortDescription: Timeout LongDescription: Unable to prove that call of __VERIFIER_error() unreachable (line 11)],305727353179.0,5726797824,12,0,-,-,-,-,1.0
,systemc,token_ring.15_false-unreach-call_false-termination.cil.c,ForwardPredicates.epf,AutomizerC.xml,ExpectedResult: UNSAFE UltimateResult: TIMEOUT   [ShortDescription: Timeout LongDescription: Unable to prove that call of __VERIFIER_error() unreachable (line 10)],299997422703.0,5349834752,9,0,4231,0,603251,67,0.6910569105691057
,systemc,toy1_false-unreach-call_false-termination.cil.c,ForwardPredicates.epf,AutomizerC.xml,ExpectedResult: UNSAFE UltimateResult: UNSAFE   a call of __VERIFIER_error() is reachable ,44880539939.0,5370806272,39,0,15570,0,52714,609,0.7813313499442172
,systemc,token_ring.10_true-unreach-call_false-termination.cil.c,TreeInterpolation.epf,AutomizerC.xml,ExpectedResult: SAFE UltimateResult: TIMEOUT   [ShortDescription: Timeout LongDescription: Unable to prove that call of __VERIFIER_error() unreachable (line 10)],307535484639.0,5726797824,10,0,-,-,-,-,0.8934993084370678
,systemc,pc_sfifo_1_true-unreach-call_false-termination.cil.c,ForwardPredicates.epf,AutomizerC.xml,ExpectedResult: SAFE UltimateResult: TIMEOUT   [ShortDescription: Timeout LongDescription: Unable to prove that call of __VERIFIER_error() unreachable (line 9)],300009452162.0,6416236544,48,0,255009,0,121988,4481,0.0010108519770340428
,systemc,pc_sfifo_1_true-unreach-call_false-termination.cil.c,TreeInterpolation.epf,AutomizerC.xml,ExpectedResult: SAFE UltimateResult: SAFE   [ShortDescription: All specifications hold LongDescription: 1 specifications checked. All of them hold],2352004136.0,6405750784,13,0,-,-,-,-,0.8169556840077071
,systemc,token_ring.09_true-unreach-call_false-termination.cil.c,ForwardPredicates.epf,AutomizerC.xml,ExpectedResult: SAFE UltimateResult: TIMEOUT   [ShortDescription: Timeout LongDescription: Unable to prove that call of __VERIFIER_error() unreachable (line 10)],307943648371.0,5726797824,11,0,7062,0,75881,75,0.540115364446775
,systemc,token_ring.07_false-unreach-call_false-termination.cil.c,TreeInterpolation.epf,AutomizerC.xml,ExpectedResult: UNSAFE UltimateResult: TIMEOUT   [ShortDescription: Timeout LongDescription: Unable to prove that call of __VERIFIER_error() unreachable (line 10)],301165243881.0,5726797824,15,0,-,-,-,-,0.9380234505862647
,systemc,token_ring.02_false-unreach-call_false-termination.cil.c,TreeInterpolation.epf,AutomizerC.xml,ExpectedResult: UNSAFE UltimateResult: UNSAFE   a call of __VERIFIER_error() is reachable ,1938143148.0,5.78813952E+9,15,0,-,-,-,-,0.934597776324395
,systemc,transmitter.08_false-unreach-call_false-termination.cil.c,ForwardPredicates.epf,AutomizerC.xml,ExpectedResult: UNSAFE UltimateResult: TIMEOUT   [ShortDescription: Timeout LongDescription: Unable to prove that call of __VERIFIER_error() unreachable (line 11)],303406535834.0,5726797824,12,0,2564,0,39242,56,1.0
,systemc,pc_sfifo_2_true-unreach-call_false-termination.cil.c,TreeInterpolation.epf,AutomizerC.xml,ExpectedResult: SAFE UltimateResult: SAFE   [ShortDescription: All specifications hold LongDescription: 1 specifications checked. All of them hold],16892119777.0,6411517952,18,0,-,-,-,-,0.7693430656934307
,systemc,token_ring.01_true-unreach-call_false-termination.cil.c,ForwardPredicates.epf,AutomizerC.xml,ExpectedResult: SAFE UltimateResult: SAFE   [ShortDescription: All specifications hold LongDescription: 1 specifications checked. All of them hold],1051664866.0,5.25860864E+9,11,0,2248,0,4905,101,0.9517601043024772
,systemc,transmitter.15_false-unreach-call_false-termination.cil.c,ForwardPredicates.epf,AutomizerC.xml,ExpectedResult: UNSAFE UltimateResult: UNSAFE   a call of __VERIFIER_error() is reachable ,295944495952,5471469568,11,0,3134,0,503965,67,1.0
,systemc,transmitter.05_false-unreach-call_false-termination.cil.c,ForwardPredicates.epf,AutomizerC.xml,ExpectedResult: UNSAFE UltimateResult: TIMEOUT   [ShortDescription: Timeout LongDescription: Unable to prove that call of __VERIFIER_error() unreachable (line 11)],302675493102.0,5726797824,13,0,2674,0,12029,59,0.8649789029535865
,systemc,kundu2_false-unreach-call_false-termination.cil.c,TreeInterpolation.epf,AutomizerC.xml,ExpectedResult: UNSAFE UltimateResult: UNSAFE   a call of __VERIFIER_error() is reachable ,40555548087.0,5323096064,36,0,-,-,-,-,0.940045766590389
,systemc,transmitter.04_false-unreach-call_false-termination.cil.c,TreeInterpolation.epf,AutomizerC.xml,ExpectedResult: UNSAFE UltimateResult: UNSAFE   a call of __VERIFIER_error() is reachable ,102664560899.0,5768740864,31,0,-,-,-,-,0.9248727925770728
,systemc,pc_sfifo_2_false-unreach-call_false-termination.cil.c,ForwardPredicates.epf,AutomizerC.xml,ExpectedResult: UNSAFE UltimateResult: UNSAFE   a call of __VERIFIER_error() is reachable ,66248615.0,6411517952,1,0,0,0,0,0,1.0
,systemc,token_ring.05_false-unreach-call_false-termination.cil.c,TreeInterpolation.epf,AutomizerC.xml,ExpectedResult: UNSAFE UltimateResult: TIMEOUT   [ShortDescription: Timeout LongDescription: Unable to prove that call of __VERIFIER_error() unreachable (line 10)],299998496615.0,5.7802752E+9,28,0,-,-,-,-,0.9313621964097148
,systemc,token_ring.11_false-unreach-call_false-termination.cil.c,ForwardPredicates.epf,AutomizerC.xml,ExpectedResult: UNSAFE UltimateResult: TIMEOUT   [ShortDescription: Timeout LongDescription: Unable to prove that call of __VERIFIER_error() unreachable (line 10)],304552559225.0,5728894976,11,0,6946,0,237210,77,0.5667053364269141
,systemc,transmitter.11_false-unreach-call_false-termination.cil.c,ForwardPredicates.epf,AutomizerC.xml,ExpectedResult: UNSAFE UltimateResult: TIMEOUT   [ShortDescription: Timeout LongDescription: Unable to prove that call of __VERIFIER_error() unreachable (line 11)],389131419297.0,5726797824,12,0,3192,0,246724,59,1.0
,systemc,token_ring.01_false-unreach-call_false-termination.cil.c,ForwardPredicates.epf,AutomizerC.xml,ExpectedResult: UNSAFE UltimateResult: UNSAFE   a call of __VERIFIER_error() is reachable ,375273927.0,5719457792,7,0,1206,0,2403,39,0.8783382789317508
,systemc,transmitter.06_false-unreach-call_false-termination.cil.c,TreeInterpolation.epf,AutomizerC.xml,ExpectedResult: UNSAFE UltimateResult: TIMEOUT   [ShortDescription: Timeout LongDescription: Unable to prove that call of __VERIFIER_error() unreachable (line 11)],308522514507.0,5726797824,14,0,-,-,-,-,0.9303882195448461
,systemc,toy_true-unreach-call_false-termination.cil.c,ForwardPredicates.epf,AutomizerC.xml,ExpectedResult: SAFE UltimateResult: TIMEOUT   [ShortDescription: Timeout LongDescription: Unable to prove that call of __VERIFIER_error() unreachable (line 13)],299999111600.0,5503451136,74,0,82970,0,167373,2582,0.4650297619047619
,systemc,kundu1_false-unreach-call_false-termination.cil.c,TreeInterpolation.epf,AutomizerC.xml,ExpectedResult: UNSAFE UltimateResult: UNSAFE   a call of __VERIFIER_error() is reachable ,4796949879.0,1565523968,21,0,-,-,-,-,0.9072512647554806
,systemc,token_ring.13_true-unreach-call_false-termination.cil.c,ForwardPredicates.epf,AutomizerC.xml,ExpectedResult: SAFE UltimateResult: TIMEOUT   [ShortDescription: Timeout LongDescription: Timout or Toolchain cancelled by user],303067624381.0,5372379136,-,-,-,-,-,-,-
,systemc,token_ring.07_false-unreach-call_false-termination.cil.c,ForwardPredicates.epf,AutomizerC.xml,ExpectedResult: UNSAFE UltimateResult: EXCEPTION_OR_ERROR   [ShortDescription: OutOfMemoryError LongDescription: java.lang.OutOfMemoryError: Java heap space],1969950396113.0,5726797824,-,-,-,-,-,-,-
,systemc,token_ring.06_true-unreach-call_false-termination.cil.c,TreeInterpolation.epf,AutomizerC.xml,ExpectedResult: SAFE UltimateResult: TIMEOUT   [ShortDescription: Timeout LongDescription: Unable to prove that call of __VERIFIER_error() unreachable (line 10)],315407830567.0,5726797824,24,0,-,-,-,-,0.9545349106935745
,systemc,pipeline_false-unreach-call_false-termination.cil.c,ForwardPredicates.epf,AutomizerC.xml,ExpectedResult: UNSAFE UltimateResult: UNSAFE   a call of __VERIFIER_error() is reachable ,9421988438.0,6413090816,16,0,9441,0,190903,272,0.9832807758671982
,systemc,mem_slave_tlm.3_true-unreach-call_false-termination.cil.c,ForwardPredicates.epf,AutomizerC.xml,ExpectedResult: SAFE UltimateResult: SAFE   [ShortDescription: All specifications hold LongDescription: 1 specifications checked. All of them hold],20842433039,5.21928704E+9,37,0,27797,0,42995,414,0.7137677405987776
,systemc,pipeline_false-unreach-call_false-termination.cil.c,TreeInterpolation.epf,AutomizerC.xml,ExpectedResult: UNSAFE UltimateResult: UNSAFE   a call of __VERIFIER_error() is reachable ,56318896157.0,6364332032,23,0,-,-,-,-,0.7908619237769267
,systemc,transmitter.07_false-unreach-call_false-termination.cil.c,ForwardPredicates.epf,AutomizerC.xml,ExpectedResult: UNSAFE UltimateResult: TIMEOUT   [ShortDescription: Timeout LongDescription: Unable to prove that call of __VERIFIER_error() unreachable (line 11)],301574453014.0,5726797824,13,0,2546,0,25884,57,1.0
,systemc,transmitter.07_false-unreach-call_false-termination.cil.c,TreeInterpolation.epf,AutomizerC.xml,ExpectedResult: UNSAFE UltimateResult: TIMEOUT   [ShortDescription: Timeout LongDescription: Unable to prove that call of __VERIFIER_error() unreachable (line 11)],302701087585.0,5726797824,11,0,-,-,-,-,0.9268680445151033
,systemc,mem_slave_tlm.5_true-unreach-call_false-termination.cil.c,TreeInterpolation.epf,AutomizerC.xml,ExpectedResult: SAFE UltimateResult: TIMEOUT   [ShortDescription: Timeout LongDescription: Unable to prove that call of __VERIFIER_error() unreachable (line 10)],300000551045,5.97164032E+9,31,0,-,-,-,-,0.708984375
,systemc,token_ring.01_false-unreach-call_false-termination.cil.c,TreeInterpolation.epf,AutomizerC.xml,ExpectedResult: UNSAFE UltimateResult: UNSAFE   a call of __VERIFIER_error() is reachable ,511817861.0,5771362304,7,0,-,-,-,-,0.9584569732937686
,systemc,transmitter.06_false-unreach-call_false-termination.cil.c,ForwardPredicates.epf,AutomizerC.xml,ExpectedResult: UNSAFE UltimateResult: TIMEOUT   [ShortDescription: Timeout LongDescription: Unable to prove that call of __VERIFIER_error() unreachable (line 11)],303011197240.0,6.17873408E+9,14,0,2810,0,18270,62,0.8780487804878049
,systemc,transmitter.12_false-unreach-call_false-termination.cil.c,ForwardPredicates.epf,AutomizerC.xml,ExpectedResult: UNSAFE UltimateResult: TIMEOUT   [ShortDescription: Timeout LongDescription: Unable to prove that call of __VERIFIER_error() unreachable (line 11)],308105757656,5726797824,13,0,3561,0,457808,74,1.0
,systemc,token_ring.03_false-unreach-call_false-termination.cil.c,TreeInterpolation.epf,AutomizerC.xml,ExpectedResult: UNSAFE UltimateResult: UNSAFE   a call of __VERIFIER_error() is reachable ,19544353934.0,6120538112,28,0,-,-,-,-,0.9440783615316117
,systemc,transmitter.11_false-unreach-call_false-termination.cil.c,TreeInterpolation.epf,AutomizerC.xml,ExpectedResult: UNSAFE UltimateResult: EXCEPTION_OR_ERROR   [ShortDescription: OutOfMemoryError LongDescription: java.lang.OutOfMemoryError: Java heap space],2361375417489.0,5726797824,-,-,-,-,-,-,-
,systemc,kundu1_false-unreach-call_false-termination.cil.c,ForwardPredicates.epf,AutomizerC.xml,ExpectedResult: UNSAFE UltimateResult: UNSAFE   a call of __VERIFIER_error() is reachable ,11635419218.0,1354760192,26,0,8362,0,11494,279,0.8981733385153517
,systemc,token_ring.08_true-unreach-call_false-termination.cil.c,TreeInterpolation.epf,AutomizerC.xml,ExpectedResult: SAFE UltimateResult: TIMEOUT   [ShortDescription: Timeout LongDescription: Unable to prove that call of __VERIFIER_error() unreachable (line 10)],305065257786.0,5702680576,11,0,-,-,-,-,0.8947368421052632
,systemc,mem_slave_tlm.4_true-unreach-call_false-termination.cil.c,TreeInterpolation.epf,AutomizerC.xml,ExpectedResult: SAFE UltimateResult: TIMEOUT   [ShortDescription: Timeout LongDescription: Unable to prove that call of __VERIFIER_error() unreachable (line 10)],299999864902,5795479552,30,0,-,-,-,-,0.7442396313364056
,systemc,token_ring.04_true-unreach-call_false-termination.cil.c,ForwardPredicates.epf,AutomizerC.xml,ExpectedResult: SAFE UltimateResult: SAFE   [ShortDescription: All specifications hold LongDescription: 1 specifications checked. All of them hold],100405290082.0,6124208128,35,0,13831,0,47896,361,0.9510283038077785
,systemc,token_ring.09_false-unreach-call_false-termination.cil.c,ForwardPredicates.epf,AutomizerC.xml,ExpectedResult: UNSAFE UltimateResult: EXCEPTION_OR_ERROR   [ShortDescription: OutOfMemoryError LongDescription: java.lang.OutOfMemoryError: Java heap space],2675946225375.0,5726797824,-,-,-,-,-,-,-
,systemc,bist_cell_true-unreach-call_false-termination.cil.c,TreeInterpolation.epf,AutomizerC.xml,ExpectedResult: SAFE UltimateResult: SAFE   [ShortDescription: All specifications hold LongDescription: 1 specifications checked. All of them hold],48441323115.0,1018167296,14,0,-,-,-,-,0.7380382775119617
,systemc,token_ring.01_true-unreach-call_false-termination.cil.c,TreeInterpolation.epf,AutomizerC.xml,ExpectedResult: SAFE UltimateResult: SAFE   [ShortDescription: All specifications hold LongDescription: 1 specifications checked. All of them hold],1846057091.0,5782372352,9,0,-,-,-,-,0.9393939393939394
,systemc,transmitter.08_false-unreach-call_false-termination.cil.c,TreeInterpolation.epf,AutomizerC.xml,ExpectedResult: UNSAFE UltimateResult: TIMEOUT   [ShortDescription: Timeout LongDescription: Unable to prove that call of __VERIFIER_error() unreachable (line 11)],305851280759.0,5726797824,12,0,-,-,-,-,0.9392446633825944
,systemc,pipeline_true-unreach-call_false-termination.cil.c,TreeInterpolation.epf,AutomizerC.xml,ExpectedResult: SAFE UltimateResult: SAFE   [ShortDescription: All specifications hold LongDescription: 1 specifications checked. All of them hold],165147752918.0,5.96901888E+9,24,0,-,-,-,-,0.7753344021440023
,systemc,transmitter.09_false-unreach-call_false-termination.cil.c,ForwardPredicates.epf,AutomizerC.xml,ExpectedResult: UNSAFE UltimateResult: TIMEOUT   [ShortDescription: Timeout LongDescription: Unable to prove that call of __VERIFIER_error() unreachable (line 11)],385782465803.0,5726797824,12,0,2679,0,72588,53,1.0
,systemc,token_ring.05_true-unreach-call_false-termination.cil.c,ForwardPredicates.epf,AutomizerC.xml,ExpectedResult: SAFE UltimateResult: TIMEOUT   [ShortDescription: Timeout LongDescription: Unable to prove that call of __VERIFIER_error() unreachable (line 10)],300003211369.0,5.7933824E+9,38,0,16187,0,71665,399,0.9642676676532159
,systemc,token_ring.06_true-unreach-call_false-termination.cil.c,ForwardPredicates.epf,AutomizerC.xml,ExpectedResult: SAFE UltimateResult: TIMEOUT   [ShortDescription: Timeout LongDescription: Unable to prove that call of __VERIFIER_error() unreachable (line 10)],318231840228.0,5726797824,12,0,4827,0,21697,70,0.7644201578627808
,systemc,token_ring.09_true-unreach-call_false-termination.cil.c,TreeInterpolation.epf,AutomizerC.xml,ExpectedResult: SAFE UltimateResult: TIMEOUT   [ShortDescription: Timeout LongDescription: Unable to prove that call of __VERIFIER_error() unreachable (line 10)],304659745543,5726797824,11,0,-,-,-,-,0.8767409470752089
,systemc,mem_slave_tlm.5_true-unreach-call_false-termination.cil.c,ForwardPredicates.epf,AutomizerC.xml,ExpectedResult: SAFE UltimateResult: SAFE   [ShortDescription: All specifications hold LongDescription: 1 specifications checked. All of them hold],22612632418,6051332096,38,0,46692,0,68179,559,0.8539207365686804
,systemc,token_ring.08_true-unreach-call_false-termination.cil.c,ForwardPredicates.epf,AutomizerC.xml,ExpectedResult: SAFE UltimateResult: TIMEOUT   [ShortDescription: Timeout LongDescription: Unable to prove that call of __VERIFIER_error() unreachable (line 10)],307270040630.0,5726797824,13,0,4823,0,58134,80,0.8828883495145631
,systemc,token_ring.02_false-unreach-call_false-termination.cil.c,ForwardPredicates.epf,AutomizerC.xml,ExpectedResult: UNSAFE UltimateResult: UNSAFE   a call of __VERIFIER_error() is reachable ,3762893879.0,5771886592,20,0,5335,0,12918,195,0.96625
,systemc,token_ring.10_true-unreach-call_false-termination.cil.c,ForwardPredicates.epf,AutomizerC.xml,ExpectedResult: SAFE UltimateResult: EXCEPTION_OR_ERROR   [ShortDescription: OutOfMemoryError LongDescription: java.lang.OutOfMemoryError: Java heap space],1204512077545.0,5726797824,-,-,-,-,-,-,-
,systemc,transmitter.04_false-unreach-call_false-termination.cil.c,ForwardPredicates.epf,AutomizerC.xml,ExpectedResult: UNSAFE UltimateResult: TIMEOUT   [ShortDescription: Timeout LongDescription: Unable to prove that call of __VERIFIER_error() unreachable (line 11)],299998519711.0,5726797824,28,0,8925,0,29992,254,0.9914667896678967
,systemc,pipeline_true-unreach-call_false-termination.cil.c,ForwardPredicates.epf,AutomizerC.xml,ExpectedResult: SAFE UltimateResult: EXCEPTION_OR_ERROR   [ShortDescription: SMTLIBException LongDescription: de.uni_freiburg.informatik.ultimate.logic.SMTLIBException: Cannot create quantifier in quantifier-free logic],12289310153.0,5948571648,-,-,-,-,-,-,-
,systemc,transmitter.16_false-unreach-call_false-termination.cil.c,ForwardPredicates.epf,AutomizerC.xml,ExpectedResult: UNSAFE UltimateResult: TIMEOUT   [ShortDescription: Timeout LongDescription: Timout or Toolchain cancelled by user],300002033065,5471469568,-,-,-,-,-,-,-
,systemc,token_ring.04_true-unreach-call_false-termination.cil.c,TreeInterpolation.epf,AutomizerC.xml,ExpectedResult: SAFE UltimateResult: SAFE   [ShortDescription: All specifications hold LongDescription: 1 specifications checked. All of them hold],57555698872.0,5747245056,33,0,-,-,-,-,0.9402522935779817
,systemc,mem_slave_tlm.3_true-unreach-call_false-termination.cil.c,TreeInterpolation.epf,AutomizerC.xml,ExpectedResult: SAFE UltimateResult: TIMEOUT   [ShortDescription: Timeout LongDescription: Unable to prove that call of __VERIFIER_error() unreachable (line 10)],300001003444,5.62823168E+9,31,0,-,-,-,-,0.6510903426791277
,systemc,token_ring.11_false-unreach-call_false-termination.cil.c,TreeInterpolation.epf,AutomizerC.xml,ExpectedResult: UNSAFE UltimateResult: TIMEOUT   [ShortDescription: Timeout LongDescription: Unable to prove that call of __VERIFIER_error() unreachable (line 10)],305451158653.0,5728894976,11,0,-,-,-,-,0.902511961722488
,systemc,token_ring.05_false-unreach-call_false-termination.cil.c,ForwardPredicates.epf,AutomizerC.xml,ExpectedResult: UNSAFE UltimateResult: TIMEOUT   [ShortDescription: Timeout LongDescription: Unable to prove that call of __VERIFIER_error() unreachable (line 10)],300034904262.0,5726797824,44,0,21596,0,93725,472,0.9802324028315748
,systemc,toy2_false-unreach-call_false-termination.cil.c,TreeInterpolation.epf,AutomizerC.xml,ExpectedResult: UNSAFE UltimateResult: UNSAFE   a call of __VERIFIER_error() is reachable ,95645531127.0,5217714176,27,0,-,-,-,-,0.7397025171624714
,systemc,token_ring.02_true-unreach-call_false-termination.cil.c,ForwardPredicates.epf,AutomizerC.xml,ExpectedResult: SAFE UltimateResult: SAFE   [ShortDescription: All specifications hold LongDescription: 1 specifications checked. All of them hold],3062888923.0,5.82483968E+9,17,0,4776,0,11113,198,0.9295380307979468
,systemc,token_ring.02_true-unreach-call_false-termination.cil.c,TreeInterpolation.epf,AutomizerC.xml,ExpectedResult: SAFE UltimateResult: SAFE   [ShortDescription: All specifications hold LongDescription: 1 specifications checked. All of them hold],10488371392.0,5862064128,19,0,-,-,-,-,0.9341517857142857
,systemc,token_ring.07_true-unreach-call_false-termination.cil.c,TreeInterpolation.epf,AutomizerC.xml,ExpectedResult: SAFE UltimateResult: TIMEOUT   [ShortDescription: Timeout LongDescription: Unable to prove that call of __VERIFIER_error() unreachable (line 10)],305438812219.0,5726797824,10,0,-,-,-,-,0.9199009083402147
,systemc,mem_slave_tlm.1_true-unreach-call_false-termination.cil.c,ForwardPredicates.epf,AutomizerC.xml,ExpectedResult: SAFE UltimateResult: SAFE   [ShortDescription: All specifications hold LongDescription: 1 specifications checked. All of them hold],15226545007,5919735808,30,0,10244,0,24302,211,0.8361904761904762
,systemc,token_ring.11_true-unreach-call_false-termination.cil.c,TreeInterpolation.epf,AutomizerC.xml,ExpectedResult: SAFE UltimateResult: TIMEOUT   [ShortDescription: Timeout LongDescription: Unable to prove that call of __VERIFIER_error() unreachable (line 10)],309436784662.0,5726797824,11,0,-,-,-,-,0.9150382327952421
,systemc,token_ring.06_false-unreach-call_false-termination.cil.c,ForwardPredicates.epf,AutomizerC.xml,ExpectedResult: UNSAFE UltimateResult: TIMEOUT   [ShortDescription: Timeout LongDescription: Unable to prove that call of __VERIFIER_error() unreachable (line 10)],301284313420.0,5766119424,12,0,4478,0,20999,70,0.7880617035546613
,systemc,token_ring.12_true-unreach-call_false-termination.cil.c,TreeInterpolation.epf,AutomizerC.xml,ExpectedResult: SAFE UltimateResult: TIMEOUT   [ShortDescription: Timeout LongDescription: Unable to prove that call of __VERIFIER_error() unreachable (line 10)],301896235212.0,5726797824,11,0,-,-,-,-,0.9032438478747203
,systemc,bist_cell_true-unreach-call_false-termination.cil.c,ForwardPredicates.epf,AutomizerC.xml,ExpectedResult: SAFE UltimateResult: SAFE   [ShortDescription: All specifications hold LongDescription: 1 specifications checked. All of them hold],9109871400,1018691584,9,0,4635,0,6450,143,0.6583850931677019
,systemc,token_ring.06_false-unreach-call_false-termination.cil.c,TreeInterpolation.epf,AutomizerC.xml,ExpectedResult: UNSAFE UltimateResult: TIMEOUT   [ShortDescription: Timeout LongDescription: Unable to prove that call of __VERIFIER_error() unreachable (line 10)],303497551621.0,5766119424,16,0,-,-,-,-,0.9334677419354839
,systemc,pc_sfifo_2_false-unreach-call_false-termination.cil.c,TreeInterpolation.epf,AutomizerC.xml,ExpectedResult: UNSAFE UltimateResult: UNSAFE   a call of __VERIFIER_error() is reachable ,84273194.0,6387400704,2,0,-,-,-,-,1.0
,systemc,token_ring.14_false-unreach-call_false-termination.cil.c,TreeInterpolation.epf,AutomizerC.xml,ExpectedResult: UNSAFE UltimateResult: TIMEOUT   [ShortDescription: Timeout LongDescription: Unable to prove that call of __VERIFIER_error() unreachable (line 10)],301992235577,5726797824,11,0,-,-,-,-,0.8911516853932584
,systemc,token_ring.09_false-unreach-call_false-termination.cil.c,TreeInterpolation.epf,AutomizerC.xml,ExpectedResult: UNSAFE UltimateResult: TIMEOUT   [ShortDescription: Timeout LongDescription: Unable to prove that call of __VERIFIER_error() unreachable (line 10)],308417703647.0,5726797824,13,0,-,-,-,-,0.9001135073779796
,systemc,transmitter.13_false-unreach-call_false-termination.cil.c,ForwardPredicates.epf,AutomizerC.xml,ExpectedResult: UNSAFE UltimateResult: TIMEOUT   [ShortDescription: Timeout LongDescription: Unable to prove that call of __VERIFIER_error() unreachable (line 11)],300369762987,5.37133056E+9,10,0,2827,0,799246,53,1.0
,systemc,mem_slave_tlm.2_true-unreach-call_false-termination.cil.c,ForwardPredicates.epf,AutomizerC.xml,ExpectedResult: SAFE UltimateResult: SAFE   [ShortDescription: All specifications hold LongDescription: 1 specifications checked. All of them hold],20172877948,5571608576,32,0,18065,0,32272,299,0.711143340584965
,systemc,transmitter.09_false-unreach-call_false-termination.cil.c,TreeInterpolation.epf,AutomizerC.xml,ExpectedResult: UNSAFE UltimateResult: TIMEOUT   [ShortDescription: Timeout LongDescription: Unable to prove that call of __VERIFIER_error() unreachable (line 11)],301197387422.0,5726797824,13,0,-,-,-,-,1.0
,systemc,token_ring.14_false-unreach-call_false-termination.cil.c,ForwardPredicates.epf,AutomizerC.xml,ExpectedResult: UNSAFE UltimateResult: TIMEOUT   [ShortDescription: Timeout LongDescription: Unable to prove that call of __VERIFIER_error() unreachable (line 10)],303620886998.0,5726797824,12,0,5320,0,583650,84,0.9098360655737705
,systemc,token_ring.11_true-unreach-call_false-termination.cil.c,ForwardPredicates.epf,AutomizerC.xml,ExpectedResult: SAFE UltimateResult: TIMEOUT   [ShortDescription: Timeout LongDescription: Unable to prove that call of __VERIFIER_error() unreachable (line 10)],304446558504.0,5726797824,12,0,6003,0,225004,83,0.5590484282073067
,systemc,kundu_true-unreach-call_false-termination.cil.c,ForwardPredicates.epf,AutomizerC.xml,ExpectedResult: SAFE UltimateResult: TIMEOUT   [ShortDescription: Timeout LongDescription: Unable to prove that call of __VERIFIER_error() unreachable (line 9)],299999689320.0,5.73571072E+9,26,0,7416,0,12230,296,0.8671625929861849
,systemc,token_ring.15_false-unreach-call_false-termination.cil.c,TreeInterpolation.epf,AutomizerC.xml,ExpectedResult: UNSAFE UltimateResult: TIMEOUT   [ShortDescription: Timeout LongDescription: Unable to prove that call of __VERIFIER_error() unreachable (line 10)],308209054369.0,5370806272,10,0,-,-,-,-,0.9333967649857279
,systemc,mem_slave_tlm.1_true-unreach-call_false-termination.cil.c,TreeInterpolation.epf,AutomizerC.xml,ExpectedResult: SAFE UltimateResult: TIMEOUT   [ShortDescription: Timeout LongDescription: Unable to prove that call of __VERIFIER_error() unreachable (line 10)],300001017503,5950144512,28,0,-,-,-,-,0.7307692307692307
,systemc,kundu_true-unreach-call_false-termination.cil.c,TreeInterpolation.epf,AutomizerC.xml,ExpectedResult: SAFE UltimateResult: TIMEOUT   [ShortDescription: Timeout LongDescription: Unable to prove that call of __VERIFIER_error() unreachable (line 9)],299997105637.0,5268045824,31,0,-,-,-,-,0.9351476548928779
,systemc,toy2_false-unreach-call_false-termination.cil.c,ForwardPredicates.epf,AutomizerC.xml,ExpectedResult: UNSAFE UltimateResult: UNSAFE   a call of __VERIFIER_error() is reachable ,20332224180.0,5.27433728E+9,36,0,12545,0,57611,471,0.8156895824546605
,systemc,kundu2_false-unreach-call_false-termination.cil.c,ForwardPredicates.epf,AutomizerC.xml,ExpectedResult: UNSAFE UltimateResult: TIMEOUT   [ShortDescription: Timeout LongDescription: Unable to prove that call of __VERIFIER_error() unreachable (line 9)],300001589558.0,5323096064,23,0,5633,0,10420,216,0.8856749311294766
,systemc,transmitter.16_false-unreach-call_false-termination.cil.c,TreeInterpolation.epf,AutomizerC.xml,ExpectedResult: UNSAFE UltimateResult: UNSAFE   a call of __VERIFIER_error() is reachable ,24818674738.0,5314707456,11,0,-,-,-,-,1.0
,systemc,token_ring.13_true-unreach-call_false-termination.cil.c,TreeInterpolation.epf,AutomizerC.xml,ExpectedResult: SAFE UltimateResult: TIMEOUT   [ShortDescription: Timeout LongDescription: Unable to prove that call of __VERIFIER_error() unreachable (line 10)],303562911092.0,5726797824,13,0,-,-,-,-,0.8521021021021021
,systemc,token_ring.12_true-unreach-call_false-termination.cil.c,ForwardPredicates.epf,AutomizerC.xml,ExpectedResult: SAFE UltimateResult: TIMEOUT   [ShortDescription: Timeout LongDescription: Unable to prove that call of __VERIFIER_error() unreachable (line 10)],307999900955.0,5726797824,12,0,4649,0,583374,84,1.0
,systemc,transmitter.13_false-unreach-call_false-termination.cil.c,TreeInterpolation.epf,AutomizerC.xml,ExpectedResult: UNSAFE UltimateResult: TIMEOUT   [ShortDescription: Timeout LongDescription: Unable to prove that call of __VERIFIER_error() unreachable (line 11)],306006386702,5726797824,12,0,-,-,-,-,0.9826589595375722
,systemc,transmitter.15_false-unreach-call_false-termination.cil.c,TreeInterpolation.epf,AutomizerC.xml,ExpectedResult: UNSAFE UltimateResult: UNSAFE   a call of __VERIFIER_error() is reachable ,1645103495.0,5471469568,7,0,-,-,-,-,1.0
,systemc,transmitter.05_false-unreach-call_false-termination.cil.c,TreeInterpolation.epf,AutomizerC.xml,ExpectedResult: UNSAFE UltimateResult: TIMEOUT   [ShortDescription: Timeout LongDescription: Unable to prove that call of __VERIFIER_error() unreachable (line 11)],341470500258.0,6169296896,21,0,-,-,-,-,0.957286432160804
,systemc,token_ring.05_true-unreach-call_false-termination.cil.c,TreeInterpolation.epf,AutomizerC.xml,ExpectedResult: SAFE UltimateResult: TIMEOUT   [ShortDescription: Timeout LongDescription: Unable to prove that call of __VERIFIER_error() unreachable (line 10)],300038191230.0,5726797824,23,0,-,-,-,-,0.9364501679731243
,systemc,mem_slave_tlm.2_true-unreach-call_false-termination.cil.c,TreeInterpolation.epf,AutomizerC.xml,ExpectedResult: SAFE UltimateResult: TIMEOUT   [ShortDescription: Timeout LongDescription: Unable to prove that call of __VERIFIER_error() unreachable (line 10)],300013146731,5574230016,30,0,-,-,-,-,0.7378964941569283


################################# Summary #######################
Safe: 17
Unsafe: 21
Timeout: 57
Error: 5
Expected Safe: 46
Expected Unsafe: 54
Total: 100
CSV conversion gone wrong: 0

################################# Latex #######################
\newcommand{\headcolor}{}
\newcommand{\header}[1]{\parbox{2.8em}{\centering #1}\headcolor}
\newcommand{\folder}[1]{\parbox{5em}{#1}}
\begin{table}
\centering
\resizebox{\linewidth}{!}{%
\begin{tabu} to \linewidth {lcllcrrrr}
\toprule
  \header{}& 
  \header{\#}&
  \header{Result}&
  \header{Variant}& 
  \header{Count}&
  \header{Avg. runtime}&
  \header{Mem{-}ory}&
  \header{Iter{-}ations}&
  \header{ICC}\\
  \cmidrule(r){2-9}
\multirow{8}{*}{\folder{systemc}} &
\multirow{2}{*}{27} &
\multirow{2}{*}{\folder{Unsafe}} 
 & TreeInterpolation.epf & 12 & 35.21 s & 5115.33 MB & 19 & 90.17\%\\
 &  &  & ForwardPredicates.epf & 9 & 44.11 s & 5056.56 MB & 20 & 92.04\%\\
  \cmidrule[0.01em](l){2-9}
& \multirow{2}{*}{23} &
\multirow{2}{*}{\folder{Safe}} 
 & TreeInterpolation.epf & 7 & 43.25 s & 5067.57 MB & 18 & 84.48\%\\
 &  &  & ForwardPredicates.epf & 10 & 24.46 s & 5100.45 MB & 27 & 81.14\%\\
  \cmidrule[0.01em](l){2-9}
& \multirow{2}{*}{50} &
\multirow{2}{*}{\folder{Completed}} 
 & TreeInterpolation.epf & 19 & 38.17 s & 5097.74 MB & 19 & 88.08\%\\
 &  &  & ForwardPredicates.epf & 19 & 33.77 s & 5079.66 MB & 24 & 86.30\%\\
  \cmidrule[0.01em](l){2-9}
& & \multirow{2}{*}{\folder{Timeout}} 
 & TreeInterpolation.epf & 30 & 305.11 s & 5454.17 MB & 17 & 87.97\%\\
 &  &  & ForwardPredicates.epf & 27 & 309.48 s & 5436.39 MB & 18 & 75.23\%\\
\bottomrule
& & & & & & & & \\
\end{tabu}}
\caption{Results for AutomizerC.xml.}
\end{table}