################################# CSV #######################
,Folder,File,Settings,Toolchain,Message,Runtime (ns),Allocated memory end (bytes),Overall iterations,NumberOfCodeBlocks,SizeOfPredicatesFP,SizeOfPredicatesBP,Conjuncts in SSA,Conjuncts in UnsatCore,ICC %
,ntdrivers-simplified,cdaudio_simpl1_false-unreach-call_true-termination.cil.c,ForwardPredicates.epf,AutomizerC.xml,ExpectedResult: UNSAFE UltimateResult: UNSAFE   a call of __VERIFIER_error() is reachable ,10209534290,1080557568,74,0,9177,0,28847,589,1.0
,ntdrivers-simplified,kbfiltr_simpl2_true-unreach-call_true-termination.cil.c,ForwardPredicates.epf,AutomizerC.xml,ExpectedResult: SAFE UltimateResult: EXCEPTION_OR_ERROR   [ShortDescription: SMTLIBException LongDescription: de.uni_freiburg.informatik.ultimate.logic.SMTLIBException: Cannot create quantifier in quantifier-free logic],316423908.0,2370830336,-,-,-,-,-,-,-
,ntdrivers-simplified,kbfiltr_simpl1_true-unreach-call_true-termination.cil.c,TreeInterpolation.epf,AutomizerC.xml,ExpectedResult: SAFE UltimateResult: SAFE   [ShortDescription: All specifications hold LongDescription: 2 specifications checked. All of them hold],279620480.0,2370306048,12,0,-,-,-,-,1.0
,ntdrivers-simplified,kbfiltr_simpl1_true-unreach-call_true-termination.cil.c,ForwardPredicates.epf,AutomizerC.xml,ExpectedResult: SAFE UltimateResult: SAFE   [ShortDescription: All specifications hold LongDescription: 2 specifications checked. All of them hold],332123795.0,2370306048,12,0,981,0,3760,54,1.0
,ntdrivers-simplified,floppy_simpl4_false-unreach-call_true-termination.cil.c,ForwardPredicates.epf,AutomizerC.xml,ExpectedResult: UNSAFE UltimateResult: UNSAFE   a call of __VERIFIER_error() is reachable ,2315481035.0,2367684608,50,0,5065,0,17794,270,1.0
,ntdrivers-simplified,kbfiltr_simpl2_false-unreach-call_true-termination.cil.c,ForwardPredicates.epf,AutomizerC.xml,ExpectedResult: UNSAFE UltimateResult: UNSAFE   a call of __VERIFIER_error() is reachable ,415467911.0,2370306048,15,0,1100,0,4109,73,1.0
,ntdrivers-simplified,floppy_simpl4_true-unreach-call_true-termination.cil.c,TreeInterpolation.epf,AutomizerC.xml,ExpectedResult: SAFE UltimateResult: SAFE   [ShortDescription: All specifications hold LongDescription: 2 specifications checked. All of them hold],2954139787.0,2370306048,60,0,-,-,-,-,1.0
,ntdrivers-simplified,floppy_simpl3_true-unreach-call_true-termination.cil.c,ForwardPredicates.epf,AutomizerC.xml,ExpectedResult: SAFE UltimateResult: SAFE   [ShortDescription: All specifications hold LongDescription: 2 specifications checked. All of them hold],2771411022.0,2.34094592E+9,54,0,7047,0,22722,359,1.0
,ntdrivers-simplified,diskperf_simpl1_true-unreach-call_true-termination.cil.c,TreeInterpolation.epf,AutomizerC.xml,ExpectedResult: SAFE UltimateResult: SAFE   [ShortDescription: All specifications hold LongDescription: 2 specifications checked. All of them hold],3707792927,2.38026752E+9,50,0,-,-,-,-,0.9950819672131147
,ntdrivers-simplified,cdaudio_simpl1_true-unreach-call_true-termination.cil.c,TreeInterpolation.epf,AutomizerC.xml,ExpectedResult: SAFE UltimateResult: SAFE   [ShortDescription: All specifications hold LongDescription: 2 specifications checked. All of them hold],4620823329,2.31473152E+9,71,0,-,-,-,-,1.0
,ntdrivers-simplified,floppy_simpl3_false-unreach-call_true-termination.cil.c,ForwardPredicates.epf,AutomizerC.xml,ExpectedResult: UNSAFE UltimateResult: UNSAFE   a call of __VERIFIER_error() is reachable ,1956334304.0,2268069888,36,0,3996,0,12458,194,1.0
,ntdrivers-simplified,cdaudio_simpl1_false-unreach-call_true-termination.cil.c,TreeInterpolation.epf,AutomizerC.xml,ExpectedResult: UNSAFE UltimateResult: UNSAFE   a call of __VERIFIER_error() is reachable ,5694987674,1556086784,66,0,-,-,-,-,1.0
,ntdrivers-simplified,floppy_simpl3_false-unreach-call_true-termination.cil.c,TreeInterpolation.epf,AutomizerC.xml,ExpectedResult: UNSAFE UltimateResult: UNSAFE   a call of __VERIFIER_error() is reachable ,1824799846.0,2.34094592E+9,36,0,-,-,-,-,1.0
,ntdrivers-simplified,kbfiltr_simpl2_true-unreach-call_true-termination.cil.c,TreeInterpolation.epf,AutomizerC.xml,ExpectedResult: SAFE UltimateResult: SAFE   [ShortDescription: All specifications hold LongDescription: 2 specifications checked. All of them hold],302886444.0,2370830336,13,0,-,-,-,-,1.0
,ntdrivers-simplified,cdaudio_simpl1_true-unreach-call_true-termination.cil.c,ForwardPredicates.epf,AutomizerC.xml,ExpectedResult: SAFE UltimateResult: EXCEPTION_OR_ERROR   [ShortDescription: SMTLIBException LongDescription: de.uni_freiburg.informatik.ultimate.logic.SMTLIBException: Cannot create quantifier in quantifier-free logic],4671202356,2314207232,-,-,-,-,-,-,-
,ntdrivers-simplified,diskperf_simpl1_true-unreach-call_true-termination.cil.c,ForwardPredicates.epf,AutomizerC.xml,ExpectedResult: SAFE UltimateResult: EXCEPTION_OR_ERROR   [ShortDescription: SMTLIBException LongDescription: de.uni_freiburg.informatik.ultimate.logic.SMTLIBException: Cannot create quantifier in quantifier-free logic],2014952826,2.38026752E+9,-,-,-,-,-,-,-
,ntdrivers-simplified,floppy_simpl4_false-unreach-call_true-termination.cil.c,TreeInterpolation.epf,AutomizerC.xml,ExpectedResult: UNSAFE UltimateResult: UNSAFE   a call of __VERIFIER_error() is reachable ,2380380516.0,2.36716032E+9,50,0,-,-,-,-,1.0
,ntdrivers-simplified,kbfiltr_simpl2_false-unreach-call_true-termination.cil.c,TreeInterpolation.epf,AutomizerC.xml,ExpectedResult: UNSAFE UltimateResult: UNSAFE   a call of __VERIFIER_error() is reachable ,523814121.0,2370830336,15,0,-,-,-,-,1.0
,ntdrivers-simplified,floppy_simpl3_true-unreach-call_true-termination.cil.c,TreeInterpolation.epf,AutomizerC.xml,ExpectedResult: SAFE UltimateResult: SAFE   [ShortDescription: All specifications hold LongDescription: 2 specifications checked. All of them hold],2449842375.0,2367684608,46,0,-,-,-,-,1.0
,ntdrivers-simplified,floppy_simpl4_true-unreach-call_true-termination.cil.c,ForwardPredicates.epf,AutomizerC.xml,ExpectedResult: SAFE UltimateResult: SAFE   [ShortDescription: All specifications hold LongDescription: 2 specifications checked. All of them hold],3425592527.0,2368733184,65,0,8008,0,26877,419,1.0


################################# Summary #######################
Safe: 9
Unsafe: 8
Timeout: 0
Error: 3
Expected Safe: 12
Expected Unsafe: 8
Total: 20
CSV conversion gone wrong: 0

################################# Latex #######################
\newcommand{\headcolor}{}
\newcommand{\header}[1]{\parbox{2.8em}{\centering #1}\headcolor}
\newcommand{\folder}[1]{\parbox{5em}{#1}}
\begin{table}
\centering
\resizebox{\linewidth}{!}{%
\begin{tabu} to \linewidth {lcllcrrrr}
\toprule
  \header{}& 
  \header{\#}&
  \header{Result}&
  \header{Variant}& 
  \header{Count}&
  \header{Avg. runtime}&
  \header{Mem{-}ory}&
  \header{Iter{-}ations}&
  \header{ICC}\\
  \cmidrule(r){2-9}
\multirow{8}{*}{\folder{ntdrivers-simplified}} &
\multirow{2}{*}{4} &
\multirow{2}{*}{\folder{Unsafe}} 
 & TreeInterpolation.epf & 4 & 2.61 s & 2058.75 MB & 41 & 100.00\%\\
 &  &  & ForwardPredicates.epf & 4 & 3.72 s & 1928.00 MB & 43 & 100.00\%\\
  \cmidrule[0.01em](l){2-9}
& \multirow{2}{*}{6} &
\multirow{2}{*}{\folder{Safe}} 
 & TreeInterpolation.epf & 6 & 2.39 s & 2252.92 MB & 42 & 99.92\%\\
 &  &  & ForwardPredicates.epf & 3 & 2.18 s & 2250.67 MB & 43 & 100.00\%\\
  \cmidrule[0.01em](l){2-9}
& \multirow{2}{*}{10} &
\multirow{2}{*}{\folder{Completed}} 
 & TreeInterpolation.epf & 10 & 2.47 s & 2175.25 MB & 41 & 99.95\%\\
 &  &  & ForwardPredicates.epf & 7 & 3.06 s & 2066.29 MB & 43 & 100.00\%\\
  \cmidrule[0.01em](l){2-9}
& & \multirow{2}{*}{\folder{Timeout}} 
 & TreeInterpolation.epf & 0 & - & - & - & -\\
 &  &  & ForwardPredicates.epf & 0 & - & - & - & -\\
\bottomrule
& & & & & & & & \\
\end{tabu}}
\caption{Results for AutomizerC.xml.}
\end{table}