################################# CSV #######################
,Folder,File,Settings,Toolchain,Message,Runtime (ns),Allocated memory end (bytes),Overall iterations,NumberOfCodeBlocks,SizeOfPredicatesFP,SizeOfPredicatesBP,Conjuncts in SSA,Conjuncts in UnsatCore,ICC %
,locks,test_locks_5_true-unreach-call_false-termination.c,ForwardPredicates.epf,AutomizerC.xml,ExpectedResult: SAFE UltimateResult: SAFE   [ShortDescription: All specifications hold LongDescription: 1 specifications checked. All of them hold],68556802.0,681050112,5,0,160,0,220,15,1.0
,locks,test_locks_13_true-unreach-call.c,ForwardPredicates.epf,AutomizerC.xml,ExpectedResult: SAFE UltimateResult: SAFE   [ShortDescription: All specifications hold LongDescription: 1 specifications checked. All of them hold],372982489.0,477626368,13,0,780,0,1144,39,1.0
,locks,test_locks_14_true-unreach-call.c,ForwardPredicates.epf,AutomizerC.xml,ExpectedResult: SAFE UltimateResult: SAFE   [ShortDescription: All specifications hold LongDescription: 1 specifications checked. All of them hold],440464078.0,679477248,14,0,889,0,1309,42,1.0
,locks,test_locks_14_false-unreach-call.c,TreeInterpolation.epf,AutomizerC.xml,ExpectedResult: UNSAFE UltimateResult: UNSAFE   a call of __VERIFIER_error() is reachable ,133510128.0,477626368,2,0,-,-,-,-,1.0
,locks,test_locks_10_true-unreach-call.c,ForwardPredicates.epf,AutomizerC.xml,ExpectedResult: SAFE UltimateResult: SAFE   [ShortDescription: All specifications hold LongDescription: 1 specifications checked. All of them hold],1243479909,378535936,10,0,495,0,715,30,1.0
,locks,test_locks_8_true-unreach-call_false-termination.c,ForwardPredicates.epf,AutomizerC.xml,ExpectedResult: SAFE UltimateResult: SAFE   [ShortDescription: All specifications hold LongDescription: 1 specifications checked. All of them hold],131010578.0,681050112,8,0,340,0,484,24,1.0
,locks,test_locks_12_true-unreach-call_false-termination.c,TreeInterpolation.epf,AutomizerC.xml,ExpectedResult: SAFE UltimateResult: SAFE   [ShortDescription: All specifications hold LongDescription: 1 specifications checked. All of them hold],453051896.0,477626368,12,0,-,-,-,-,1.0
,locks,test_locks_9_true-unreach-call.c,TreeInterpolation.epf,AutomizerC.xml,ExpectedResult: SAFE UltimateResult: SAFE   [ShortDescription: All specifications hold LongDescription: 1 specifications checked. All of them hold],164771431.0,1076363264,9,0,-,-,-,-,1.0
,locks,test_locks_13_true-unreach-call.c,TreeInterpolation.epf,AutomizerC.xml,ExpectedResult: SAFE UltimateResult: SAFE   [ShortDescription: All specifications hold LongDescription: 1 specifications checked. All of them hold],335233683.0,477626368,13,0,-,-,-,-,1.0
,locks,test_locks_14_true-unreach-call.c,TreeInterpolation.epf,AutomizerC.xml,ExpectedResult: SAFE UltimateResult: SAFE   [ShortDescription: All specifications hold LongDescription: 1 specifications checked. All of them hold],329535455.0,679477248,14,0,-,-,-,-,1.0
,locks,test_locks_12_true-unreach-call_false-termination.c,ForwardPredicates.epf,AutomizerC.xml,ExpectedResult: SAFE UltimateResult: SAFE   [ShortDescription: All specifications hold LongDescription: 1 specifications checked. All of them hold],371546720.0,477626368,12,0,678,0,990,36,1.0
,locks,test_locks_6_true-unreach-call_false-termination.c,ForwardPredicates.epf,AutomizerC.xml,ExpectedResult: SAFE UltimateResult: SAFE   [ShortDescription: All specifications hold LongDescription: 1 specifications checked. All of them hold],105353895.0,681050112,6,0,213,0,297,18,1.0
,locks,test_locks_11_true-unreach-call_false-termination.c,TreeInterpolation.epf,AutomizerC.xml,ExpectedResult: SAFE UltimateResult: SAFE   [ShortDescription: All specifications hold LongDescription: 1 specifications checked. All of them hold],342886901.0,378535936,11,0,-,-,-,-,1.0
,locks,test_locks_8_true-unreach-call_false-termination.c,TreeInterpolation.epf,AutomizerC.xml,ExpectedResult: SAFE UltimateResult: SAFE   [ShortDescription: All specifications hold LongDescription: 1 specifications checked. All of them hold],97482938.0,681050112,8,0,-,-,-,-,1.0
,locks,test_locks_15_true-unreach-call_false-termination.c,ForwardPredicates.epf,AutomizerC.xml,ExpectedResult: SAFE UltimateResult: SAFE   [ShortDescription: All specifications hold LongDescription: 1 specifications checked. All of them hold],377654950.0,679477248,15,0,1005,0,1485,45,1.0
,locks,test_locks_15_true-unreach-call_false-termination.c,TreeInterpolation.epf,AutomizerC.xml,ExpectedResult: SAFE UltimateResult: SAFE   [ShortDescription: All specifications hold LongDescription: 1 specifications checked. All of them hold],317755839.0,681050112,15,0,-,-,-,-,1.0
,locks,test_locks_6_true-unreach-call_false-termination.c,TreeInterpolation.epf,AutomizerC.xml,ExpectedResult: SAFE UltimateResult: SAFE   [ShortDescription: All specifications hold LongDescription: 1 specifications checked. All of them hold],73297953.0,681050112,6,0,-,-,-,-,1.0
,locks,test_locks_10_true-unreach-call.c,TreeInterpolation.epf,AutomizerC.xml,ExpectedResult: SAFE UltimateResult: SAFE   [ShortDescription: All specifications hold LongDescription: 1 specifications checked. All of them hold],609351231.0,378535936,10,0,-,-,-,-,1.0
,locks,test_locks_15_false-unreach-call.c,TreeInterpolation.epf,AutomizerC.xml,ExpectedResult: UNSAFE UltimateResult: UNSAFE   a call of __VERIFIER_error() is reachable ,91454507.0,679477248,1,0,-,-,-,-,1.0
,locks,test_locks_15_false-unreach-call.c,ForwardPredicates.epf,AutomizerC.xml,ExpectedResult: UNSAFE UltimateResult: UNSAFE   a call of __VERIFIER_error() is reachable ,87819192.0,679477248,1,0,0,0,0,0,1.0
,locks,test_locks_11_true-unreach-call_false-termination.c,ForwardPredicates.epf,AutomizerC.xml,ExpectedResult: SAFE UltimateResult: SAFE   [ShortDescription: All specifications hold LongDescription: 1 specifications checked. All of them hold],585020725.0,378535936,11,0,583,0,847,33,1.0
,locks,test_locks_7_true-unreach-call_false-termination.c,TreeInterpolation.epf,AutomizerC.xml,ExpectedResult: SAFE UltimateResult: SAFE   [ShortDescription: All specifications hold LongDescription: 1 specifications checked. All of them hold],85737127.0,681050112,7,0,-,-,-,-,1.0
,locks,test_locks_5_true-unreach-call_false-termination.c,TreeInterpolation.epf,AutomizerC.xml,ExpectedResult: SAFE UltimateResult: SAFE   [ShortDescription: All specifications hold LongDescription: 1 specifications checked. All of them hold],64071659.0,681050112,5,0,-,-,-,-,1.0
,locks,test_locks_9_true-unreach-call.c,ForwardPredicates.epf,AutomizerC.xml,ExpectedResult: SAFE UltimateResult: SAFE   [ShortDescription: All specifications hold LongDescription: 1 specifications checked. All of them hold],125347838.0,1076363264,9,0,414,0,594,27,1.0
,locks,test_locks_7_true-unreach-call_false-termination.c,ForwardPredicates.epf,AutomizerC.xml,ExpectedResult: SAFE UltimateResult: SAFE   [ShortDescription: All specifications hold LongDescription: 1 specifications checked. All of them hold],103295545.0,681050112,7,0,273,0,385,21,1.0
,locks,test_locks_14_false-unreach-call.c,ForwardPredicates.epf,AutomizerC.xml,ExpectedResult: UNSAFE UltimateResult: UNSAFE   a call of __VERIFIER_error() is reachable ,122994590.0,477626368,1,0,0,0,0,0,1.0


################################# Summary #######################
Safe: 22
Unsafe: 4
Timeout: 0
Error: 0
Expected Safe: 22
Expected Unsafe: 4
Total: 26
CSV conversion gone wrong: 0

################################# Latex #######################
\newcommand{\headcolor}{}
\newcommand{\header}[1]{\parbox{2.8em}{\centering #1}\headcolor}
\newcommand{\folder}[1]{\parbox{5em}{#1}}
\begin{table}
\centering
\resizebox{\linewidth}{!}{%
\begin{tabu} to \linewidth {lcllcrrrr}
\toprule
  \header{}& 
  \header{\#}&
  \header{Result}&
  \header{Variant}& 
  \header{Count}&
  \header{Avg. runtime}&
  \header{Mem{-}ory}&
  \header{Iter{-}ations}&
  \header{ICC}\\
  \cmidrule(r){2-9}
\multirow{8}{*}{\folder{locks}} &
\multirow{2}{*}{2} &
\multirow{2}{*}{\folder{Unsafe}} 
 & TreeInterpolation.epf & 2 & 0.11 s & 551.75 MB & 1 & 100.00\%\\
 &  &  & ForwardPredicates.epf & 2 & 0.11 s & 551.75 MB & 1 & 100.00\%\\
  \cmidrule[0.01em](l){2-9}
& \multirow{2}{*}{11} &
\multirow{2}{*}{\folder{Safe}} 
 & TreeInterpolation.epf & 11 & 0.26 s & 595.91 MB & 10 & 100.00\%\\
 &  &  & ForwardPredicates.epf & 11 & 0.36 s & 595.77 MB & 10 & 100.00\%\\
  \cmidrule[0.01em](l){2-9}
& \multirow{2}{*}{13} &
\multirow{2}{*}{\folder{Completed}} 
 & TreeInterpolation.epf & 13 & 0.24 s & 589.12 MB & 8 & 100.00\%\\
 &  &  & ForwardPredicates.epf & 13 & 0.32 s & 589.00 MB & 8 & 100.00\%\\
  \cmidrule[0.01em](l){2-9}
& & \multirow{2}{*}{\folder{Timeout}} 
 & TreeInterpolation.epf & 0 & - & - & - & -\\
 &  &  & ForwardPredicates.epf & 0 & - & - & - & -\\
\bottomrule
& & & & & & & & \\
\end{tabu}}
\caption{Results for AutomizerC.xml.}
\end{table}