################################# CSV #######################
,Folder,File,Settings,Toolchain,Message,Runtime (ns),Allocated memory end (bytes),Overall iterations,NumberOfCodeBlocks,SizeOfPredicatesFP,SizeOfPredicatesBP,Conjuncts in SSA,Conjuncts in UnsatCore,ICC %
,ssh-simplified,s3_clnt_1_true-unreach-call.cil.c,TreeInterpolation.epf,AutomizerC.xml,ExpectedResult: SAFE UltimateResult: SAFE   [ShortDescription: All specifications hold LongDescription: 2 specifications checked. All of them hold],1435030410.0,1.07741184E+9,24,0,-,-,-,-,0.936505587212314
,ssh-simplified,s3_srvr_1_true-unreach-call.cil.c,TreeInterpolation.epf,AutomizerC.xml,ExpectedResult: SAFE UltimateResult: SAFE   [ShortDescription: All specifications hold LongDescription: 2 specifications checked. All of them hold],1053587506.0,2347761664,29,0,-,-,-,-,0.9510081140890091
,ssh-simplified,s3_srvr_6_false-unreach-call.cil.c,TreeInterpolation.epf,AutomizerC.xml,ExpectedResult: UNSAFE UltimateResult: UNSAFE   a call of __VERIFIER_error() is reachable ,57023514.0,2358771712,1,0,-,-,-,-,1.0
,ssh-simplified,s3_clnt_2_true-unreach-call_true-termination.cil.c,TreeInterpolation.epf,AutomizerC.xml,ExpectedResult: SAFE UltimateResult: SAFE   [ShortDescription: All specifications hold LongDescription: 2 specifications checked. All of them hold],1310066537.0,1551368192,28,0,-,-,-,-,0.9460536805740101
,ssh-simplified,s3_srvr_13_false-unreach-call.cil.c,ForwardPredicates.epf,AutomizerC.xml,ExpectedResult: UNSAFE UltimateResult: UNSAFE   a call of __VERIFIER_error() is reachable ,558322775.0,2372927488,24,0,1940,0,2399,66,0.9888268156424581
,ssh-simplified,s3_srvr_1b_true-unreach-call_false-termination.cil.c,ForwardPredicates.epf,AutomizerC.xml,ExpectedResult: SAFE UltimateResult: SAFE   [ShortDescription: All specifications hold LongDescription: 2 specifications checked. All of them hold],44140829.0,2347761664,6,0,162,0,223,14,0.825
,ssh-simplified,s3_clnt_3_false-unreach-call.cil.c,TreeInterpolation.epf,AutomizerC.xml,ExpectedResult: UNSAFE UltimateResult: UNSAFE   a call of __VERIFIER_error() is reachable ,481136867.0,1553465344,15,0,-,-,-,-,0.875177304964539
,ssh-simplified,s3_clnt_1_false-unreach-call.cil.c,TreeInterpolation.epf,AutomizerC.xml,ExpectedResult: UNSAFE UltimateResult: UNSAFE   a call of __VERIFIER_error() is reachable ,1721878152.0,477626368,14,0,-,-,-,-,0.8627145085803433
,ssh-simplified,s3_clnt_1_true-unreach-call.cil.c,ForwardPredicates.epf,AutomizerC.xml,ExpectedResult: SAFE UltimateResult: SAFE   [ShortDescription: All specifications hold LongDescription: 2 specifications checked. All of them hold],1937768446.0,680001536,17,0,6062,0,6476,53,0.9048745858968291
,ssh-simplified,s3_clnt_4_true-unreach-call.cil.c,TreeInterpolation.epf,AutomizerC.xml,ExpectedResult: SAFE UltimateResult: SAFE   [ShortDescription: All specifications hold LongDescription: 2 specifications checked. All of them hold],1051757658.0,2313682944,28,0,-,-,-,-,0.9425405294479786
,ssh-simplified,s3_srvr_1_false-unreach-call.cil.c,TreeInterpolation.epf,AutomizerC.xml,ExpectedResult: UNSAFE UltimateResult: UNSAFE   a call of __VERIFIER_error() is reachable ,478693656.0,2372927488,17,0,-,-,-,-,1.0
,ssh-simplified,s3_srvr_7_true-unreach-call.cil.c,ForwardPredicates.epf,AutomizerC.xml,ExpectedResult: SAFE UltimateResult: SAFE   [ShortDescription: All specifications hold LongDescription: 2 specifications checked. All of them hold],1003753216.0,2.359296E+9,20,0,7743,0,6077,62,0.8889990982867448
,ssh-simplified,s3_clnt_3.cil_true-unreach-call_true-termination.c,ForwardPredicates.epf,AutomizerC.xml,ExpectedResult: SAFE UltimateResult: SAFE   [ShortDescription: All specifications hold LongDescription: 1 specifications checked. All of them hold],947053119.0,1553465344,17,0,7117,0,5822,54,0.9807436918990704
,ssh-simplified,s3_srvr_10_false-unreach-call.cil.c,TreeInterpolation.epf,AutomizerC.xml,ExpectedResult: UNSAFE UltimateResult: UNSAFE   a call of __VERIFIER_error() is reachable ,238503114.0,2313682944,9,0,-,-,-,-,1.0
,ssh-simplified,s3_srvr_6_true-unreach-call.cil.c,ForwardPredicates.epf,AutomizerC.xml,ExpectedResult: SAFE UltimateResult: SAFE   [ShortDescription: All specifications hold LongDescription: 2 specifications checked. All of them hold],1060002963.0,2358771712,19,0,8507,0,6059,70,0.8284906826812682
,ssh-simplified,s3_srvr_1b_true-unreach-call_false-termination.cil.c,TreeInterpolation.epf,AutomizerC.xml,ExpectedResult: SAFE UltimateResult: SAFE   [ShortDescription: All specifications hold LongDescription: 2 specifications checked. All of them hold],43649977.0,2347761664,6,0,-,-,-,-,0.86
,ssh-simplified,s3_clnt_4_false-unreach-call.cil.c,TreeInterpolation.epf,AutomizerC.xml,ExpectedResult: UNSAFE UltimateResult: UNSAFE   a call of __VERIFIER_error() is reachable ,487946197.0,2312634368,17,0,-,-,-,-,0.9032967032967033
,ssh-simplified,s3_srvr_1_false-unreach-call.cil.c,ForwardPredicates.epf,AutomizerC.xml,ExpectedResult: UNSAFE UltimateResult: UNSAFE   a call of __VERIFIER_error() is reachable ,224190709.0,2372927488,6,0,571,0,618,10,1.0
,ssh-simplified,s3_srvr_8_true-unreach-call.cil.c,ForwardPredicates.epf,AutomizerC.xml,ExpectedResult: SAFE UltimateResult: SAFE   [ShortDescription: All specifications hold LongDescription: 2 specifications checked. All of them hold],631353768.0,2297430016,17,0,6060,0,5179,44,0.9537369914853359
,ssh-simplified,s3_srvr_2_false-unreach-call.cil.c,ForwardPredicates.epf,AutomizerC.xml,ExpectedResult: UNSAFE UltimateResult: UNSAFE   a call of __VERIFIER_error() is reachable ,201557011.0,2347761664,6,0,565,0,651,10,1.0
,ssh-simplified,s3_clnt_2_false-unreach-call_true-termination.cil.c,ForwardPredicates.epf,AutomizerC.xml,ExpectedResult: UNSAFE UltimateResult: UNSAFE   a call of __VERIFIER_error() is reachable ,470149049.0,1.07741184E+9,9,0,1049,0,1086,24,0.7783505154639175
,ssh-simplified,s3_srvr_13_false-unreach-call.cil.c,TreeInterpolation.epf,AutomizerC.xml,ExpectedResult: UNSAFE UltimateResult: UNSAFE   a call of __VERIFIER_error() is reachable ,634872747.0,2372927488,26,0,-,-,-,-,1.0
,ssh-simplified,s3_srvr_2_true-unreach-call.cil.c,TreeInterpolation.epf,AutomizerC.xml,ExpectedResult: SAFE UltimateResult: SAFE   [ShortDescription: All specifications hold LongDescription: 2 specifications checked. All of them hold],1242871718.0,2360344576,31,0,-,-,-,-,0.9534671532846716
,ssh-simplified,s3_srvr_1a_true-unreach-call.cil.c,TreeInterpolation.epf,AutomizerC.xml,ExpectedResult: SAFE UltimateResult: SAFE   [ShortDescription: All specifications hold LongDescription: 2 specifications checked. All of them hold],92480537.0,2347761664,8,0,-,-,-,-,0.7983539094650206
,ssh-simplified,s3_srvr_12_false-unreach-call.cil.c,TreeInterpolation.epf,AutomizerC.xml,ExpectedResult: UNSAFE UltimateResult: UNSAFE   a call of __VERIFIER_error() is reachable ,953136008.0,2372927488,34,0,-,-,-,-,1.0
,ssh-simplified,s3_srvr_11_false-unreach-call.cil.c,ForwardPredicates.epf,AutomizerC.xml,ExpectedResult: UNSAFE UltimateResult: UNSAFE   a call of __VERIFIER_error() is reachable ,1062100838.0,2372927488,39,0,4117,0,4752,107,0.9080756013745704
,ssh-simplified,s3_srvr_1a_true-unreach-call.cil.c,ForwardPredicates.epf,AutomizerC.xml,ExpectedResult: SAFE UltimateResult: SAFE   [ShortDescription: All specifications hold LongDescription: 2 specifications checked. All of them hold],124064695.0,2347761664,8,0,396,0,455,21,0.7609756097560976
,ssh-simplified,s3_srvr_3_true-unreach-call.cil.c,ForwardPredicates.epf,AutomizerC.xml,ExpectedResult: SAFE UltimateResult: SAFE   [ShortDescription: All specifications hold LongDescription: 2 specifications checked. All of them hold],629573271.0,2360344576,17,0,6413,0,5445,43,0.9743406418811567
,ssh-simplified,s3_srvr_2_true-unreach-call.cil.c,ForwardPredicates.epf,AutomizerC.xml,ExpectedResult: SAFE UltimateResult: SAFE   [ShortDescription: All specifications hold LongDescription: 2 specifications checked. All of them hold],668429693.0,2360344576,18,0,7360,0,6310,48,0.985389504029352
,ssh-simplified,s3_clnt_4_false-unreach-call.cil.c,ForwardPredicates.epf,AutomizerC.xml,ExpectedResult: UNSAFE UltimateResult: UNSAFE   a call of __VERIFIER_error() is reachable ,308090059.0,2312634368,8,0,718,0,888,20,0.7888198757763976
,ssh-simplified,s3_srvr_10_false-unreach-call.cil.c,ForwardPredicates.epf,AutomizerC.xml,ExpectedResult: UNSAFE UltimateResult: UNSAFE   a call of __VERIFIER_error() is reachable ,247725860.0,2313682944,9,0,394,0,712,21,1.0
,ssh-simplified,s3_clnt_4_true-unreach-call.cil.c,ForwardPredicates.epf,AutomizerC.xml,ExpectedResult: SAFE UltimateResult: SAFE   [ShortDescription: All specifications hold LongDescription: 2 specifications checked. All of them hold],946704256.0,2313682944,18,0,6671,0,6768,57,0.9269689289402047
,ssh-simplified,s3_clnt_3.cil_true-unreach-call_true-termination.c,TreeInterpolation.epf,AutomizerC.xml,ExpectedResult: SAFE UltimateResult: SAFE   [ShortDescription: All specifications hold LongDescription: 1 specifications checked. All of them hold],1102771261.0,1553465344,24,0,-,-,-,-,0.9440186148371201
,ssh-simplified,s3_srvr_11_false-unreach-call.cil.c,TreeInterpolation.epf,AutomizerC.xml,ExpectedResult: UNSAFE UltimateResult: UNSAFE   a call of __VERIFIER_error() is reachable ,1183456570.0,2372927488,32,0,-,-,-,-,0.8905750798722045
,ssh-simplified,s3_srvr_2_false-unreach-call.cil.c,TreeInterpolation.epf,AutomizerC.xml,ExpectedResult: UNSAFE UltimateResult: UNSAFE   a call of __VERIFIER_error() is reachable ,424758948.0,2347761664,16,0,-,-,-,-,1.0
,ssh-simplified,s3_srvr_8_true-unreach-call.cil.c,TreeInterpolation.epf,AutomizerC.xml,ExpectedResult: SAFE UltimateResult: SAFE   [ShortDescription: All specifications hold LongDescription: 2 specifications checked. All of them hold],1006353783.0,2.29900288E+9,33,0,-,-,-,-,0.9657899382171227
,ssh-simplified,s3_clnt_3_true-unreach-call.cil.c,TreeInterpolation.epf,AutomizerC.xml,ExpectedResult: SAFE UltimateResult: SAFE   [ShortDescription: All specifications hold LongDescription: 2 specifications checked. All of them hold],1033055013.0,2312634368,26,0,-,-,-,-,0.9443082788671024
,ssh-simplified,s3_clnt_1_false-unreach-call.cil.c,ForwardPredicates.epf,AutomizerC.xml,ExpectedResult: UNSAFE UltimateResult: UNSAFE   a call of __VERIFIER_error() is reachable ,2322754619,378535936,8,0,711,0,879,19,0.7888198757763976
,ssh-simplified,s3_srvr_7_true-unreach-call.cil.c,TreeInterpolation.epf,AutomizerC.xml,ExpectedResult: SAFE UltimateResult: SAFE   [ShortDescription: All specifications hold LongDescription: 2 specifications checked. All of them hold],2004073662.0,2.359296E+9,38,0,-,-,-,-,0.8772868609443922
,ssh-simplified,s3_srvr_6_true-unreach-call.cil.c,TreeInterpolation.epf,AutomizerC.xml,ExpectedResult: SAFE UltimateResult: SAFE   [ShortDescription: All specifications hold LongDescription: 2 specifications checked. All of them hold],1754864005.0,2.359296E+9,40,0,-,-,-,-,0.9440399593633593
,ssh-simplified,s3_srvr_1_true-unreach-call.cil.c,ForwardPredicates.epf,AutomizerC.xml,ExpectedResult: SAFE UltimateResult: SAFE   [ShortDescription: All specifications hold LongDescription: 2 specifications checked. All of them hold],763346544.0,2372927488,18,0,6736,0,5850,45,0.9757489300998573
,ssh-simplified,s3_srvr_3_true-unreach-call.cil.c,TreeInterpolation.epf,AutomizerC.xml,ExpectedResult: SAFE UltimateResult: SAFE   [ShortDescription: All specifications hold LongDescription: 2 specifications checked. All of them hold],963331953.0,2355101696,28,0,-,-,-,-,0.9470326310892536
,ssh-simplified,s3_srvr_14_false-unreach-call.cil.c,ForwardPredicates.epf,AutomizerC.xml,ExpectedResult: UNSAFE UltimateResult: UNSAFE   a call of __VERIFIER_error() is reachable ,426142891.0,2372927488,20,0,1309,0,2012,51,1.0
,ssh-simplified,s3_srvr_12_false-unreach-call.cil.c,ForwardPredicates.epf,AutomizerC.xml,ExpectedResult: UNSAFE UltimateResult: UNSAFE   a call of __VERIFIER_error() is reachable ,724744392.0,2372927488,32,0,3546,0,4123,86,0.9950900163666121
,ssh-simplified,s3_clnt_3_true-unreach-call.cil.c,ForwardPredicates.epf,AutomizerC.xml,ExpectedResult: SAFE UltimateResult: SAFE   [ShortDescription: All specifications hold LongDescription: 2 specifications checked. All of them hold],898779005.0,2312634368,18,0,7162,0,8243,55,0.9807551927798792
,ssh-simplified,s3_srvr_4_true-unreach-call.cil.c,TreeInterpolation.epf,AutomizerC.xml,ExpectedResult: SAFE UltimateResult: SAFE   [ShortDescription: All specifications hold LongDescription: 2 specifications checked. All of them hold],1210787847.0,2358771712,31,0,-,-,-,-,0.9508767855069098
,ssh-simplified,s3_srvr_4_true-unreach-call.cil.c,ForwardPredicates.epf,AutomizerC.xml,ExpectedResult: SAFE UltimateResult: SAFE   [ShortDescription: All specifications hold LongDescription: 2 specifications checked. All of them hold],695763906.0,2355101696,18,0,6683,0,5813,48,0.9172242874845106
,ssh-simplified,s3_clnt_3_false-unreach-call.cil.c,ForwardPredicates.epf,AutomizerC.xml,ExpectedResult: UNSAFE UltimateResult: UNSAFE   a call of __VERIFIER_error() is reachable ,632113062,1553465344,9,0,1081,0,1112,24,0.7420924574209246
,ssh-simplified,s3_srvr_6_false-unreach-call.cil.c,ForwardPredicates.epf,AutomizerC.xml,ExpectedResult: UNSAFE UltimateResult: UNSAFE   a call of __VERIFIER_error() is reachable ,67306874.0,2358771712,1,0,0,0,0,0,1.0
,ssh-simplified,s3_clnt_2_true-unreach-call_true-termination.cil.c,ForwardPredicates.epf,AutomizerC.xml,ExpectedResult: SAFE UltimateResult: SAFE   [ShortDescription: All specifications hold LongDescription: 2 specifications checked. All of them hold],1028654998.0,1077936128,19,0,7157,0,8303,60,0.980143270076662
,ssh-simplified,s3_clnt_2_false-unreach-call_true-termination.cil.c,TreeInterpolation.epf,AutomizerC.xml,ExpectedResult: UNSAFE UltimateResult: UNSAFE   a call of __VERIFIER_error() is reachable ,551476983.0,1.07741184E+9,15,0,-,-,-,-,0.875177304964539
,ssh-simplified,s3_srvr_14_false-unreach-call.cil.c,TreeInterpolation.epf,AutomizerC.xml,ExpectedResult: UNSAFE UltimateResult: UNSAFE   a call of __VERIFIER_error() is reachable ,380162849.0,2372927488,18,0,-,-,-,-,0.9024390243902439


################################# Summary #######################
Safe: 28
Unsafe: 24
Timeout: 0
Error: 0
Expected Safe: 28
Expected Unsafe: 24
Total: 52
CSV conversion gone wrong: 0

################################# Latex #######################
\newcommand{\headcolor}{}
\newcommand{\header}[1]{\parbox{2.8em}{\centering #1}\headcolor}
\newcommand{\folder}[1]{\parbox{5em}{#1}}
\begin{table}
\centering
\resizebox{\linewidth}{!}{%
\begin{tabu} to \linewidth {lcllcrrrr}
\toprule
  \header{}& 
  \header{\#}&
  \header{Result}&
  \header{Variant}& 
  \header{Count}&
  \header{Avg. runtime}&
  \header{Mem{-}ory}&
  \header{Iter{-}ations}&
  \header{ICC}\\
  \cmidrule(r){2-9}
\multirow{8}{*}{\folder{ssh-simplified}} &
\multirow{2}{*}{12} &
\multirow{2}{*}{\folder{Unsafe}} 
 & TreeInterpolation.epf & 12 & 0.63 s & 1931.67 MB & 17 & 94.25\%\\
 &  &  & ForwardPredicates.epf & 12 & 0.60 s & 1923.79 MB & 14 & 91.58\%\\
  \cmidrule[0.01em](l){2-9}
& \multirow{2}{*}{14} &
\multirow{2}{*}{\folder{Safe}} 
 & TreeInterpolation.epf & 14 & 1.09 s & 2039.75 MB & 26 & 92.58\%\\
 &  &  & ForwardPredicates.epf & 14 & 0.81 s & 1982.11 MB & 16 & 92.02\%\\
  \cmidrule[0.01em](l){2-9}
& \multirow{2}{*}{26} &
\multirow{2}{*}{\folder{Completed}} 
 & TreeInterpolation.epf & 26 & 0.88 s & 1989.87 MB & 22 & 93.35\%\\
 &  &  & ForwardPredicates.epf & 26 & 0.72 s & 1955.19 MB & 15 & 91.82\%\\
  \cmidrule[0.01em](l){2-9}
& & \multirow{2}{*}{\folder{Timeout}} 
 & TreeInterpolation.epf & 0 & - & - & - & -\\
 &  &  & ForwardPredicates.epf & 0 & - & - & - & -\\
\bottomrule
& & & & & & & & \\
\end{tabu}}
\caption{Results for AutomizerC.xml.}
\end{table}