################################# CSV #######################
,Folder,File,Settings,Toolchain,Message,Runtime (ns),Allocated memory end (bytes),Overall iterations,NumberOfCodeBlocks,SizeOfPredicatesFP,SizeOfPredicatesBP,Conjuncts in SSA,Conjuncts in UnsatCore,ICC %
,systemc,mem_slave_tlm.4_true-unreach-call_false-termination.cil.c,ForwardPredicates.epf,AutomizerC.xml,ExpectedResult: SAFE UltimateResult: SAFE   [ShortDescription: All specifications hold LongDescription: 1 specifications checked. All of them hold],2.9073282488E10,3.666345984E9,40,0,39946,0,55671,536,0.7402250897448336
,ssh-simplified,s3_srvr_1_true-unreach-call.cil.c,TreeInterpolation.epf,AutomizerC.xml,ExpectedResult: SAFE UltimateResult: SAFE   [ShortDescription: All specifications hold LongDescription: 2 specifications checked. All of them hold],1.006633505E9,1.90316544E9,27,0,null,null,null,null,0.9468170292272788
,locks,test_locks_14_false-unreach-call.c,TreeInterpolation.epf,AutomizerC.xml,ExpectedResult: UNSAFE UltimateResult: UNSAFE   a call of __VERIFIER_error() is reachable ,1.22499359E8,4.77626368E8,2,0,null,null,null,null,NaN
,ssh-simplified,s3_srvr_13_false-unreach-call.cil.c,ForwardPredicates.epf,AutomizerC.xml,ExpectedResult: UNSAFE UltimateResult: UNSAFE   a call of __VERIFIER_error() is reachable ,5.82138992E8,1.874853888E9,24,0,1940,0,2399,66,0.9888268156424581
,recursive,Fibonacci05_false-unreach-call_true-termination.c,TreeInterpolation.epf,AutomizerC.xml,ExpectedResult: UNSAFE UltimateResult: UNSAFE   a call of __VERIFIER_error() is reachable ,6.9658291E8,2.328887296E9,17,0,null,null,null,null,0.8360339887362909
,ssh-simplified,s3_srvr_1b_true-unreach-call_false-termination.cil.c,ForwardPredicates.epf,AutomizerC.xml,ExpectedResult: SAFE UltimateResult: SAFE   [ShortDescription: All specifications hold LongDescription: 2 specifications checked. All of them hold],4.2482759E7,1.90316544E9,6,0,162,0,223,14,0.825
,locks,test_locks_12_true-unreach-call_false-termination.c,TreeInterpolation.epf,AutomizerC.xml,ExpectedResult: SAFE UltimateResult: SAFE   [ShortDescription: All specifications hold LongDescription: 1 specifications checked. All of them hold],3.46117622E8,4.77626368E8,12,0,null,null,null,null,NaN
,recursive,recHanoi03_true-unreach-call_true-termination.c,ForwardPredicates.epf,AutomizerC.xml,ExpectedResult: SAFE UltimateResult: TIMEOUT   [ShortDescription: Timeout LongDescription: Unable to prove that call of __VERIFIER_error() unreachable (line 33)],6.0003789582E10,3.940548608E9,88,0,84083,0,32648,8873,0.5
,ssh-simplified,s3_clnt_1_false-unreach-call.cil.c,TreeInterpolation.epf,AutomizerC.xml,ExpectedResult: UNSAFE UltimateResult: UNSAFE   a call of __VERIFIER_error() is reachable ,3.56144018E8,1.643118592E9,14,0,null,null,null,null,0.8627145085803433
,systemc,token_ring.07_false-unreach-call_false-termination.cil.c,TreeInterpolation.epf,AutomizerC.xml,ExpectedResult: UNSAFE UltimateResult: TIMEOUT   [ShortDescription: Timeout LongDescription: Unable to prove that call of __VERIFIER_error() unreachable (line 10)],6.610699139E10,5.726797824E9,11,0,null,null,null,null,0.9197278911564626
,systemc,token_ring.02_false-unreach-call_false-termination.cil.c,TreeInterpolation.epf,AutomizerC.xml,ExpectedResult: UNSAFE UltimateResult: UNSAFE   a call of __VERIFIER_error() is reachable ,3.144350468E9,2.754609152E9,16,0,null,null,null,null,0.9332281808622502
,ssh-simplified,s3_clnt_4_true-unreach-call.cil.c,TreeInterpolation.epf,AutomizerC.xml,ExpectedResult: SAFE UltimateResult: SAFE   [ShortDescription: All specifications hold LongDescription: 2 specifications checked. All of them hold],1.008277521E9,1.81403648E9,28,0,null,null,null,null,0.943089430894309
,ssh-simplified,s3_srvr_10_false-unreach-call.cil.c,TreeInterpolation.epf,AutomizerC.xml,ExpectedResult: UNSAFE UltimateResult: UNSAFE   a call of __VERIFIER_error() is reachable ,1.86260938E8,1.836580864E9,8,0,null,null,null,null,NaN
,locks,test_locks_8_true-unreach-call_false-termination.c,TreeInterpolation.epf,AutomizerC.xml,ExpectedResult: SAFE UltimateResult: SAFE   [ShortDescription: All specifications hold LongDescription: 1 specifications checked. All of them hold],1.0777543E8,1.075838976E9,8,0,null,null,null,null,NaN
,recursive,BallRajamani-SPIN2000-Fig1_false-unreach-call.c,TreeInterpolation.epf,AutomizerC.xml,ExpectedResult: UNSAFE UltimateResult: UNSAFE   a call of __VERIFIER_error() is reachable ,3.9513957E7,6.6060288E8,2,0,null,null,null,null,0.25
,ssh-simplified,s3_srvr_1b_true-unreach-call_false-termination.cil.c,TreeInterpolation.epf,AutomizerC.xml,ExpectedResult: SAFE UltimateResult: SAFE   [ShortDescription: All specifications hold LongDescription: 2 specifications checked. All of them hold],4.4600924E7,1.90316544E9,6,0,null,null,null,null,0.86
,locks,test_locks_11_true-unreach-call_false-termination.c,ForwardPredicates.epf,AutomizerC.xml,ExpectedResult: SAFE UltimateResult: SAFE   [ShortDescription: All specifications hold LongDescription: 1 specifications checked. All of them hold],4.20074616E8,3.78535936E8,11,0,583,0,847,33,NaN
,locks,test_locks_7_true-unreach-call_false-termination.c,ForwardPredicates.epf,AutomizerC.xml,ExpectedResult: SAFE UltimateResult: SAFE   [ShortDescription: All specifications hold LongDescription: 1 specifications checked. All of them hold],9.8751458E7,6.80001536E8,7,0,273,0,385,21,NaN
,systemc,token_ring.11_false-unreach-call_false-termination.cil.c,ForwardPredicates.epf,AutomizerC.xml,ExpectedResult: UNSAFE UltimateResult: TIMEOUT   [ShortDescription: Timeout LongDescription: Timout or Toolchain cancelled by user],6.0610557285E10,5.726797824E9,null,null,null,null,null,null,null
,recursive,McCarthy91_true-unreach-call.c,TreeInterpolation.epf,AutomizerC.xml,ExpectedResult: SAFE UltimateResult: SAFE   [ShortDescription: All specifications hold LongDescription: 1 specifications checked. All of them hold],5.3907416E7,2.311585792E9,2,0,null,null,null,null,0.6666666666666666
,recursive,EvenOdd03_false-unreach-call_false-termination.c,TreeInterpolation.epf,AutomizerC.xml,ExpectedResult: UNSAFE UltimateResult: UNSAFE   a call of __VERIFIER_error() is reachable ,1.2047098E7,4.88112128E8,1,0,null,null,null,null,NaN
,recursive,Fibonacci03_true-unreach-call_true-termination.c,TreeInterpolation.epf,AutomizerC.xml,ExpectedResult: SAFE UltimateResult: SAFE   [ShortDescription: All specifications hold LongDescription: 1 specifications checked. All of them hold],2.895180679E10,2.328887296E9,21,0,null,null,null,null,0.8719149620038111
,systemc,toy_true-unreach-call_false-termination.cil.c,ForwardPredicates.epf,AutomizerC.xml,ExpectedResult: SAFE UltimateResult: TIMEOUT   [ShortDescription: Timeout LongDescription: Unable to prove that call of __VERIFIER_error() unreachable (line 13)],6.0010525061E10,5.726797824E9,36,0,21078,0,65121,716,0.5989544436146378
,systemc,token_ring.13_true-unreach-call_false-termination.cil.c,ForwardPredicates.epf,AutomizerC.xml,ExpectedResult: SAFE UltimateResult: TIMEOUT   [ShortDescription: Timeout LongDescription: Timout or Toolchain cancelled by user],5.9775434281E10,5.604114432E9,null,null,null,null,null,null,null
,systemc,token_ring.06_true-unreach-call_false-termination.cil.c,TreeInterpolation.epf,AutomizerC.xml,ExpectedResult: SAFE UltimateResult: TIMEOUT   [ShortDescription: Timeout LongDescription: Unable to prove that call of __VERIFIER_error() unreachable (line 10)],6.1868348251E10,5.220335616E9,13,0,null,null,null,null,0.9291983616149795
,recursive,Addition02_false-unreach-call_false-termination.c,ForwardPredicates.epf,AutomizerC.xml,ExpectedResult: UNSAFE UltimateResult: UNSAFE   a call of __VERIFIER_error() is reachable ,6.1872564E7,1.553465344E9,3,0,62,0,51,12,NaN
,recursive,Ackermann02_false-unreach-call_false-termination.c,ForwardPredicates.epf,AutomizerC.xml,ExpectedResult: UNSAFE UltimateResult: EXCEPTION_OR_ERROR   [ShortDescription: ArrayIndexOutOfBoundsException LongDescription: java.lang.ArrayIndexOutOfBoundsException],5.6019716E7,1.075838976E9,null,null,null,null,null,null,null
,ssh-simplified,s3_srvr_1a_true-unreach-call.cil.c,ForwardPredicates.epf,AutomizerC.xml,ExpectedResult: SAFE UltimateResult: SAFE   [ShortDescription: All specifications hold LongDescription: 2 specifications checked. All of them hold],8.4990474E7,1.90316544E9,8,0,396,0,455,21,0.7609756097560976
,recursive,Fibonacci02_true-unreach-call_true-termination.c,ForwardPredicates.epf,AutomizerC.xml,ExpectedResult: SAFE UltimateResult: SAFE   [ShortDescription: All specifications hold LongDescription: 1 specifications checked. All of them hold],8.13402162E8,5.40540928E8,22,0,7229,0,6745,413,0.8756995930129408
,recursive,EvenOdd01_true-unreach-call_true-termination.c,ForwardPredicates.epf,AutomizerC.xml,ExpectedResult: SAFE UltimateResult: TIMEOUT   [ShortDescription: Timeout LongDescription: Timout or Toolchain cancelled by user],6.0001660781E10,7.6283904E8,null,null,null,null,null,null,null
,recursive,Ackermann01_true-unreach-call.c,TreeInterpolation.epf,AutomizerC.xml,ExpectedResult: SAFE UltimateResult: EXCEPTION_OR_ERROR   [ShortDescription: ArrayIndexOutOfBoundsException LongDescription: java.lang.ArrayIndexOutOfBoundsException],5.39497435E8,1.075838976E9,null,null,null,null,null,null,null
,locks,test_locks_6_true-unreach-call_false-termination.c,ForwardPredicates.epf,AutomizerC.xml,ExpectedResult: SAFE UltimateResult: SAFE   [ShortDescription: All specifications hold LongDescription: 1 specifications checked. All of them hold],9.8528542E7,6.80001536E8,6,0,213,0,297,18,NaN
,recursive,gcd01_true-unreach-call_true-termination.c,ForwardPredicates.epf,AutomizerC.xml,ExpectedResult: SAFE UltimateResult: SAFE   [ShortDescription: All specifications hold LongDescription: 1 specifications checked. All of them hold],4.5137214E8,2.392326144E9,9,0,603,0,385,75,0.8064516129032258
,systemc,bist_cell_true-unreach-call_false-termination.cil.c,TreeInterpolation.epf,AutomizerC.xml,ExpectedResult: SAFE UltimateResult: TIMEOUT   [ShortDescription: Timeout LongDescription: Unable to prove that call of __VERIFIER_error() unreachable (line 9)],6.0671157322E10,2.335178752E9,9,0,null,null,null,null,0.6941747572815534
,ssh-simplified,s3_clnt_4_true-unreach-call.cil.c,ForwardPredicates.epf,AutomizerC.xml,ExpectedResult: SAFE UltimateResult: SAFE   [ShortDescription: All specifications hold LongDescription: 2 specifications checked. All of them hold],8.83295919E8,1.814560768E9,18,0,6752,0,6768,59,0.9241528208016521
,recursive,Ackermann01_true-unreach-call.c,ForwardPredicates.epf,AutomizerC.xml,ExpectedResult: SAFE UltimateResult: EXCEPTION_OR_ERROR   [ShortDescription: ArrayIndexOutOfBoundsException LongDescription: java.lang.ArrayIndexOutOfBoundsException: -1],1.174813688E9,1.075838976E9,null,null,null,null,null,null,null
,ssh-simplified,s3_clnt_3.cil_true-unreach-call_true-termination.c,TreeInterpolation.epf,AutomizerC.xml,ExpectedResult: SAFE UltimateResult: SAFE   [ShortDescription: All specifications hold LongDescription: 1 specifications checked. All of them hold],1.027631414E9,1.799880704E9,26,0,null,null,null,null,0.9443020903573837
,locks,test_locks_5_true-unreach-call_false-termination.c,ForwardPredicates.epf,AutomizerC.xml,ExpectedResult: SAFE UltimateResult: SAFE   [ShortDescription: All specifications hold LongDescription: 1 specifications checked. All of them hold],7.0449258E7,6.80001536E8,5,0,160,0,220,15,NaN
,recursive,recHanoi03_true-unreach-call_true-termination.c,TreeInterpolation.epf,AutomizerC.xml,ExpectedResult: SAFE UltimateResult: SAFE   [ShortDescription: All specifications hold LongDescription: 1 specifications checked. All of them hold],1.5842206632E10,1.643118592E9,28,0,null,null,null,null,0.5165816326530612
,ssh-simplified,s3_srvr_11_false-unreach-call.cil.c,TreeInterpolation.epf,AutomizerC.xml,ExpectedResult: UNSAFE UltimateResult: UNSAFE   a call of __VERIFIER_error() is reachable ,1.192122909E9,1.84025088E9,32,0,null,null,null,null,0.8905750798722045
,recursive,Fibonacci03_true-unreach-call_true-termination.c,ForwardPredicates.epf,AutomizerC.xml,ExpectedResult: SAFE UltimateResult: TIMEOUT   [ShortDescription: Timeout LongDescription: Timout or Toolchain cancelled by user],6.0277184247E10,2.317877248E9,null,null,null,null,null,null,null
,systemc,transmitter.09_false-unreach-call_false-termination.cil.c,ForwardPredicates.epf,AutomizerC.xml,ExpectedResult: UNSAFE UltimateResult: EXCEPTION_OR_ERROR   [ShortDescription: OutOfMemoryError LongDescription: java.lang.OutOfMemoryError: Java heap space],1.423496763686E12,5.726797824E9,null,null,null,null,null,null,null
,recursive,MultCommutative_true-unreach-call_true-termination.c,TreeInterpolation.epf,AutomizerC.xml,ExpectedResult: SAFE UltimateResult: TIMEOUT   [ShortDescription: Timeout LongDescription: Unable to prove that call of __VERIFIER_error() unreachable (line 37)],6.0246102638E10,2.387607552E9,77,0,null,null,null,null,0.4830878587994338
,systemc,token_ring.09_true-unreach-call_false-termination.cil.c,TreeInterpolation.epf,AutomizerC.xml,ExpectedResult: SAFE UltimateResult: TIMEOUT   [ShortDescription: Timeout LongDescription: Unable to prove that call of __VERIFIER_error() unreachable (line 10)],5.9997672675E10,5.918687232E9,11,0,null,null,null,null,0.8954773869346734
,locks,test_locks_8_true-unreach-call_false-termination.c,ForwardPredicates.epf,AutomizerC.xml,ExpectedResult: SAFE UltimateResult: SAFE   [ShortDescription: All specifications hold LongDescription: 1 specifications checked. All of them hold],1.0479934E8,6.80001536E8,8,0,340,0,484,24,NaN
,systemc,token_ring.02_false-unreach-call_false-termination.cil.c,ForwardPredicates.epf,AutomizerC.xml,ExpectedResult: UNSAFE UltimateResult: UNSAFE   a call of __VERIFIER_error() is reachable ,2.197380697E9,2.74989056E9,18,0,4901,0,11313,173,0.935468895078923
,ssh-simplified,s3_srvr_8_true-unreach-call.cil.c,TreeInterpolation.epf,AutomizerC.xml,ExpectedResult: SAFE UltimateResult: SAFE   [ShortDescription: All specifications hold LongDescription: 2 specifications checked. All of them hold],1.138066624E9,2.129657856E9,34,0,null,null,null,null,0.9658598456822746
,recursive,Addition02_false-unreach-call_false-termination.c,TreeInterpolation.epf,AutomizerC.xml,ExpectedResult: UNSAFE UltimateResult: UNSAFE   a call of __VERIFIER_error() is reachable ,5.6456443E7,1.553465344E9,3,0,null,null,null,null,NaN
,recursive,McCarthy91_true-unreach-call.c,ForwardPredicates.epf,AutomizerC.xml,ExpectedResult: SAFE UltimateResult: SAFE   [ShortDescription: All specifications hold LongDescription: 1 specifications checked. All of them hold],4.9321211E7,2.311585792E9,2,0,126,0,60,21,0.5
,systemc,token_ring.10_true-unreach-call_false-termination.cil.c,ForwardPredicates.epf,AutomizerC.xml,ExpectedResult: SAFE UltimateResult: TIMEOUT   [ShortDescription: Timeout LongDescription: Unable to prove that call of __VERIFIER_error() unreachable (line 10)],6.364329368E10,5.918687232E9,11,0,6312,0,125369,76,0.5814393939393939
,recursive,Ackermann04_true-unreach-call.c,TreeInterpolation.epf,AutomizerC.xml,ExpectedResult: SAFE UltimateResult: EXCEPTION_OR_ERROR   [ShortDescription: ArrayIndexOutOfBoundsException LongDescription: java.lang.ArrayIndexOutOfBoundsException],4.3769232E7,1.553465344E9,null,null,null,null,null,null,null
,locks,test_locks_9_true-unreach-call.c,TreeInterpolation.epf,AutomizerC.xml,ExpectedResult: SAFE UltimateResult: SAFE   [ShortDescription: All specifications hold LongDescription: 1 specifications checked. All of them hold],1.34649393E8,1.075838976E9,9,0,null,null,null,null,NaN
,ssh-simplified,s3_clnt_1_false-unreach-call.cil.c,ForwardPredicates.epf,AutomizerC.xml,ExpectedResult: UNSAFE UltimateResult: UNSAFE   a call of __VERIFIER_error() is reachable ,3.65000108E8,1.643118592E9,8,0,711,0,879,19,0.7888198757763976
,recursive,Primes_true-unreach-call.c,ForwardPredicates.epf,AutomizerC.xml,ExpectedResult: SAFE UltimateResult: TIMEOUT   [ShortDescription: Timeout LongDescription: Unable to prove that call of __VERIFIER_error() unreachable (line 90)],6.0012645168E10,2.389180416E9,71,0,62338,0,21279,5960,0.6118500090368811
,ssh-simplified,s3_srvr_7_true-unreach-call.cil.c,TreeInterpolation.epf,AutomizerC.xml,ExpectedResult: SAFE UltimateResult: SAFE   [ShortDescription: All specifications hold LongDescription: 2 specifications checked. All of them hold],2.066054218E9,2.082471936E9,39,0,null,null,null,null,0.8780452748832196
,ssh-simplified,s3_srvr_6_true-unreach-call.cil.c,TreeInterpolation.epf,AutomizerC.xml,ExpectedResult: SAFE UltimateResult: SAFE   [ShortDescription: All specifications hold LongDescription: 2 specifications checked. All of them hold],1.941099964E9,2.01326592E9,41,0,null,null,null,null,0.9221067221067221
,recursive,Addition03_false-unreach-call.c,ForwardPredicates.epf,AutomizerC.xml,ExpectedResult: UNSAFE UltimateResult: TIMEOUT   [ShortDescription: Timeout LongDescription: Unable to prove that call of __VERIFIER_error() unreachable (line 33)],6.0013077399E10,1.553465344E9,96,0,121678,0,49494,8940,0.5701151387586278
,locks,test_locks_12_true-unreach-call_false-termination.c,ForwardPredicates.epf,AutomizerC.xml,ExpectedResult: SAFE UltimateResult: SAFE   [ShortDescription: All specifications hold LongDescription: 1 specifications checked. All of them hold],3.73954011E8,4.77626368E8,12,0,678,0,990,36,NaN
,systemc,token_ring.02_true-unreach-call_false-termination.cil.c,TreeInterpolation.epf,AutomizerC.xml,ExpectedResult: SAFE UltimateResult: SAFE   [ShortDescription: All specifications hold LongDescription: 1 specifications checked. All of them hold],4.24223397E9,2.730491904E9,19,0,null,null,null,null,0.9393709738537325
,ssh-simplified,s3_srvr_12_false-unreach-call.cil.c,ForwardPredicates.epf,AutomizerC.xml,ExpectedResult: UNSAFE UltimateResult: UNSAFE   a call of __VERIFIER_error() is reachable ,7.69156158E8,1.865940992E9,31,0,3506,0,4033,84,0.9950900163666121
,ssh-simplified,s3_clnt_3_true-unreach-call.cil.c,ForwardPredicates.epf,AutomizerC.xml,ExpectedResult: SAFE UltimateResult: SAFE   [ShortDescription: All specifications hold LongDescription: 2 specifications checked. All of them hold],9.09520877E8,1.797783552E9,18,0,7500,0,8243,57,0.9804897471630499
,recursive,Fibonacci05_false-unreach-call_true-termination.c,ForwardPredicates.epf,AutomizerC.xml,ExpectedResult: UNSAFE UltimateResult: UNSAFE   a call of __VERIFIER_error() is reachable ,6.65742875E8,2.328887296E9,20,0,4064,0,3717,173,0.8764602868479971
,systemc,token_ring.11_true-unreach-call_false-termination.cil.c,TreeInterpolation.epf,AutomizerC.xml,ExpectedResult: SAFE UltimateResult: EXCEPTION_OR_ERROR   [ShortDescription: OutOfMemoryError LongDescription: java.lang.OutOfMemoryError: Java heap space],2.393568840359E12,5.726797824E9,null,null,null,null,null,null,null
,systemc,token_ring.06_false-unreach-call_false-termination.cil.c,TreeInterpolation.epf,AutomizerC.xml,ExpectedResult: UNSAFE UltimateResult: TIMEOUT   [ShortDescription: Timeout LongDescription: Unable to prove that call of __VERIFIER_error() unreachable (line 10)],6.008194147E10,5.34511616E9,10,0,null,null,null,null,0.9182389937106918
,systemc,bist_cell_true-unreach-call_false-termination.cil.c,ForwardPredicates.epf,AutomizerC.xml,ExpectedResult: SAFE UltimateResult: SAFE   [ShortDescription: All specifications hold LongDescription: 1 specifications checked. All of them hold],5.090898392E9,2.17055232E9,9,0,4958,0,6450,152,0.6335403726708074
,recursive,gcd01_true-unreach-call_true-termination.c,TreeInterpolation.epf,AutomizerC.xml,ExpectedResult: SAFE UltimateResult: SAFE   [ShortDescription: All specifications hold LongDescription: 1 specifications checked. All of them hold],2.3460177E8,2.392326144E9,9,0,null,null,null,null,1.0
,systemc,token_ring.14_false-unreach-call_false-termination.cil.c,TreeInterpolation.epf,AutomizerC.xml,ExpectedResult: UNSAFE UltimateResult: TIMEOUT   [ShortDescription: Timeout LongDescription: Unable to prove that call of __VERIFIER_error() unreachable (line 10)],5.9997317825E10,5.538578432E9,12,0,null,null,null,null,0.8536796536796537
,locks,test_locks_13_true-unreach-call.c,ForwardPredicates.epf,AutomizerC.xml,ExpectedResult: SAFE UltimateResult: SAFE   [ShortDescription: All specifications hold LongDescription: 1 specifications checked. All of them hold],3.98016462E8,4.77626368E8,13,0,780,0,1144,39,NaN
,systemc,token_ring.15_false-unreach-call_false-termination.cil.c,TreeInterpolation.epf,AutomizerC.xml,ExpectedResult: UNSAFE UltimateResult: TIMEOUT   [ShortDescription: Timeout LongDescription: Unable to prove that call of __VERIFIER_error() unreachable (line 10)],6.0004667684E10,5.726797824E9,10,0,null,null,null,null,0.9149560117302052
,systemc,kundu_true-unreach-call_false-termination.cil.c,TreeInterpolation.epf,AutomizerC.xml,ExpectedResult: SAFE UltimateResult: TIMEOUT   [ShortDescription: Timeout LongDescription: Unable to prove that call of __VERIFIER_error() unreachable (line 9)],6.001905127E10,3.335520256E9,35,0,null,null,null,null,0.912332838038633
,ssh-simplified,s3_srvr_6_false-unreach-call.cil.c,ForwardPredicates.epf,AutomizerC.xml,ExpectedResult: UNSAFE UltimateResult: UNSAFE   a call of __VERIFIER_error() is reachable ,8.4635042E7,1.951924224E9,1,0,0,0,0,0,NaN
,systemc,token_ring.13_true-unreach-call_false-termination.cil.c,TreeInterpolation.epf,AutomizerC.xml,ExpectedResult: SAFE UltimateResult: TIMEOUT   [ShortDescription: Timeout LongDescription: Unable to prove that call of __VERIFIER_error() unreachable (line 10)],6.6916228332E10,5.726797824E9,11,0,null,null,null,null,0.9574468085106383
,recursive,recHanoi01_true-unreach-call_true-termination.c,ForwardPredicates.epf,AutomizerC.xml,ExpectedResult: SAFE UltimateResult: TIMEOUT   [ShortDescription: Timeout LongDescription: Timout or Toolchain cancelled by user],6.3553279369E10,2.470969344E9,null,null,null,null,null,null,null
,recursive,MultCommutative_true-unreach-call_true-termination.c,ForwardPredicates.epf,AutomizerC.xml,ExpectedResult: SAFE UltimateResult: TIMEOUT   [ShortDescription: Timeout LongDescription: Unable to prove that call of __VERIFIER_error() unreachable (line 37)],6.0032329492E10,2.359296E9,98,0,65847,0,15190,7474,0.5234135314064267
,recursive,recHanoi01_true-unreach-call_true-termination.c,TreeInterpolation.epf,AutomizerC.xml,ExpectedResult: SAFE UltimateResult: TIMEOUT   [ShortDescription: Timeout LongDescription: Unable to prove that call of __VERIFIER_error() unreachable (line 51)],9.7445008069E10,3.940548608E9,35,0,null,null,null,null,0.821161695061031
,recursive,Primes_true-unreach-call.c,TreeInterpolation.epf,AutomizerC.xml,ExpectedResult: SAFE UltimateResult: TIMEOUT   [ShortDescription: Timeout LongDescription: Unable to prove that call of __VERIFIER_error() unreachable (line 90)],6.0006280675E10,2.392326144E9,60,0,null,null,null,null,0.6104622647293237
,recursive,Fibonacci04_false-unreach-call_true-termination.c,TreeInterpolation.epf,AutomizerC.xml,ExpectedResult: UNSAFE UltimateResult: UNSAFE   a call of __VERIFIER_error() is reachable ,4.21845982E8,2.328887296E9,12,0,null,null,null,null,0.7295845272206304
,systemc,toy_true-unreach-call_false-termination.cil.c,TreeInterpolation.epf,AutomizerC.xml,ExpectedResult: SAFE UltimateResult: TIMEOUT   [ShortDescription: Timeout LongDescription: Unable to prove that call of __VERIFIER_error() unreachable (line 13)],5.999804829E10,5.726797824E9,17,0,null,null,null,null,0.8024691358024691
,ssh-simplified,s3_srvr_6_false-unreach-call.cil.c,TreeInterpolation.epf,AutomizerC.xml,ExpectedResult: UNSAFE UltimateResult: UNSAFE   a call of __VERIFIER_error() is reachable ,6.1345222E7,1.951924224E9,1,0,null,null,null,null,NaN
,ssh-simplified,s3_clnt_2_true-unreach-call_true-termination.cil.c,TreeInterpolation.epf,AutomizerC.xml,ExpectedResult: SAFE UltimateResult: SAFE   [ShortDescription: All specifications hold LongDescription: 2 specifications checked. All of them hold],1.038649116E9,1.789919232E9,26,0,null,null,null,null,0.9457965347535899
,systemc,token_ring.15_false-unreach-call_false-termination.cil.c,ForwardPredicates.epf,AutomizerC.xml,ExpectedResult: UNSAFE UltimateResult: TIMEOUT   [ShortDescription: Timeout LongDescription: Timout or Toolchain cancelled by user],5.9998313651E10,5.538578432E9,null,null,null,null,null,null,null
,systemc,token_ring.10_true-unreach-call_false-termination.cil.c,TreeInterpolation.epf,AutomizerC.xml,ExpectedResult: SAFE UltimateResult: TIMEOUT   [ShortDescription: Timeout LongDescription: Unable to prove that call of __VERIFIER_error() unreachable (line 10)],7.7291873117E10,5.770313728E9,11,0,null,null,null,null,0.8842364532019704
,recursive,Fibonacci02_true-unreach-call_true-termination.c,TreeInterpolation.epf,AutomizerC.xml,ExpectedResult: SAFE UltimateResult: SAFE   [ShortDescription: All specifications hold LongDescription: 1 specifications checked. All of them hold],2.229404718E9,7.08313088E8,26,0,null,null,null,null,0.8953827585699357
,recursive,Ackermann02_false-unreach-call_false-termination.c,TreeInterpolation.epf,AutomizerC.xml,ExpectedResult: UNSAFE UltimateResult: EXCEPTION_OR_ERROR   [ShortDescription: ArrayIndexOutOfBoundsException LongDescription: java.lang.ArrayIndexOutOfBoundsException],8.4022694E7,1.075838976E9,null,null,null,null,null,null,null
,ssh-simplified,s3_clnt_3_false-unreach-call.cil.c,TreeInterpolation.epf,AutomizerC.xml,ExpectedResult: UNSAFE UltimateResult: UNSAFE   a call of __VERIFIER_error() is reachable ,4.88013028E8,1.7956864E9,17,0,null,null,null,null,0.9032967032967033
,systemc,token_ring.09_true-unreach-call_false-termination.cil.c,ForwardPredicates.epf,AutomizerC.xml,ExpectedResult: SAFE UltimateResult: TIMEOUT   [ShortDescription: Timeout LongDescription: Unable to prove that call of __VERIFIER_error() unreachable (line 10)],6.1257016103E10,5.73046784E9,11,0,5917,0,68840,75,0.5623707787732598
,ssh-simplified,s3_srvr_7_true-unreach-call.cil.c,ForwardPredicates.epf,AutomizerC.xml,ExpectedResult: SAFE UltimateResult: SAFE   [ShortDescription: All specifications hold LongDescription: 2 specifications checked. All of them hold],1.12765483E9,2.027945984E9,21,0,7981,0,6279,66,0.8824523936643531
,recursive,EvenOdd03_false-unreach-call_false-termination.c,ForwardPredicates.epf,AutomizerC.xml,ExpectedResult: UNSAFE UltimateResult: UNSAFE   a call of __VERIFIER_error() is reachable ,1.209559E7,4.88112128E8,1,0,0,0,0,0,NaN
,ssh-simplified,s3_clnt_3.cil_true-unreach-call_true-termination.c,ForwardPredicates.epf,AutomizerC.xml,ExpectedResult: SAFE UltimateResult: SAFE   [ShortDescription: All specifications hold LongDescription: 1 specifications checked. All of them hold],7.5984048E8,1.799880704E9,17,0,7455,0,5822,56,0.9804780876494024
,ssh-simplified,s3_srvr_6_true-unreach-call.cil.c,ForwardPredicates.epf,AutomizerC.xml,ExpectedResult: SAFE UltimateResult: SAFE   [ShortDescription: All specifications hold LongDescription: 2 specifications checked. All of them hold],1.20508447E9,1.968177152E9,20,0,9543,0,6435,86,0.776847290640394
,locks,test_locks_11_true-unreach-call_false-termination.c,TreeInterpolation.epf,AutomizerC.xml,ExpectedResult: SAFE UltimateResult: SAFE   [ShortDescription: All specifications hold LongDescription: 1 specifications checked. All of them hold],3.42998178E8,3.78535936E8,11,0,null,null,null,null,NaN
,systemc,transmitter.15_false-unreach-call_false-termination.cil.c,ForwardPredicates.epf,AutomizerC.xml,ExpectedResult: UNSAFE UltimateResult: TIMEOUT   [ShortDescription: Timeout LongDescription: Timout or Toolchain cancelled by user],5.999781225E10,5.726797824E9,null,null,null,null,null,null,null
,ssh-simplified,s3_clnt_4_false-unreach-call.cil.c,TreeInterpolation.epf,AutomizerC.xml,ExpectedResult: UNSAFE UltimateResult: UNSAFE   a call of __VERIFIER_error() is reachable ,4.04165887E8,1.814560768E9,15,0,null,null,null,null,0.875177304964539
,locks,test_locks_7_true-unreach-call_false-termination.c,TreeInterpolation.epf,AutomizerC.xml,ExpectedResult: SAFE UltimateResult: SAFE   [ShortDescription: All specifications hold LongDescription: 1 specifications checked. All of them hold],8.7299848E7,6.80001536E8,7,0,null,null,null,null,NaN
,ssh-simplified,s3_srvr_8_true-unreach-call.cil.c,ForwardPredicates.epf,AutomizerC.xml,ExpectedResult: SAFE UltimateResult: SAFE   [ShortDescription: All specifications hold LongDescription: 2 specifications checked. All of them hold],6.4273891E8,2.082471936E9,17,0,6060,0,5188,44,0.9537369914853359
,ssh-simplified,s3_srvr_2_false-unreach-call.cil.c,ForwardPredicates.epf,AutomizerC.xml,ExpectedResult: UNSAFE UltimateResult: UNSAFE   a call of __VERIFIER_error() is reachable ,2.32783817E8,1.918369792E9,6,0,565,0,651,10,1.0
,locks,test_locks_14_true-unreach-call.c,ForwardPredicates.epf,AutomizerC.xml,ExpectedResult: SAFE UltimateResult: SAFE   [ShortDescription: All specifications hold LongDescription: 1 specifications checked. All of them hold],3.81548509E8,6.79477248E8,14,0,889,0,1309,42,NaN
,locks,test_locks_10_true-unreach-call.c,ForwardPredicates.epf,AutomizerC.xml,ExpectedResult: SAFE UltimateResult: SAFE   [ShortDescription: All specifications hold LongDescription: 1 specifications checked. All of them hold],1.274882443E9,3.78535936E8,10,0,495,0,715,30,NaN
,ssh-simplified,s3_srvr_13_false-unreach-call.cil.c,TreeInterpolation.epf,AutomizerC.xml,ExpectedResult: UNSAFE UltimateResult: UNSAFE   a call of __VERIFIER_error() is reachable ,6.59607276E8,1.874853888E9,25,0,null,null,null,null,1.0
,systemc,token_ring.07_false-unreach-call_false-termination.cil.c,ForwardPredicates.epf,AutomizerC.xml,ExpectedResult: UNSAFE UltimateResult: TIMEOUT   [ShortDescription: Timeout LongDescription: Unable to prove that call of __VERIFIER_error() unreachable (line 10)],5.9997564186E10,5.726797824E9,12,0,4297,0,28918,73,0.7968503937007874
,recursive,Addition03_false-unreach-call.c,TreeInterpolation.epf,AutomizerC.xml,ExpectedResult: UNSAFE UltimateResult: TIMEOUT   [ShortDescription: Timeout LongDescription: Unable to prove that call of __VERIFIER_error() unreachable (line 33)],6.0030670294E10,1.2582912E9,64,0,null,null,null,null,0.549408829591062
,ssh-simplified,s3_srvr_1a_true-unreach-call.cil.c,TreeInterpolation.epf,AutomizerC.xml,ExpectedResult: SAFE UltimateResult: SAFE   [ShortDescription: All specifications hold LongDescription: 2 specifications checked. All of them hold],8.7876288E7,1.90316544E9,8,0,null,null,null,null,0.7983539094650206
,recursive,Ackermann04_true-unreach-call.c,ForwardPredicates.epf,AutomizerC.xml,ExpectedResult: SAFE UltimateResult: EXCEPTION_OR_ERROR   [ShortDescription: ArrayIndexOutOfBoundsException LongDescription: java.lang.ArrayIndexOutOfBoundsException],4.4078715E7,1.553465344E9,null,null,null,null,null,null,null
,ssh-simplified,s3_srvr_12_false-unreach-call.cil.c,TreeInterpolation.epf,AutomizerC.xml,ExpectedResult: UNSAFE UltimateResult: UNSAFE   a call of __VERIFIER_error() is reachable ,9.06616485E8,1.865940992E9,34,0,null,null,null,null,1.0
,ssh-simplified,s3_srvr_11_false-unreach-call.cil.c,ForwardPredicates.epf,AutomizerC.xml,ExpectedResult: UNSAFE UltimateResult: UNSAFE   a call of __VERIFIER_error() is reachable ,8.89344881E8,1.836580864E9,38,0,4230,0,4847,105,0.9304743339831059
,locks,test_locks_15_true-unreach-call_false-termination.c,ForwardPredicates.epf,AutomizerC.xml,ExpectedResult: SAFE UltimateResult: SAFE   [ShortDescription: All specifications hold LongDescription: 1 specifications checked. All of them hold],3.16470344E8,6.79477248E8,15,0,1005,0,1485,45,NaN
,ssh-simplified,s3_clnt_4_false-unreach-call.cil.c,ForwardPredicates.epf,AutomizerC.xml,ExpectedResult: UNSAFE UltimateResult: UNSAFE   a call of __VERIFIER_error() is reachable ,2.81772098E8,1.814560768E9,8,0,718,0,888,20,0.7888198757763976
,ssh-simplified,s3_srvr_10_false-unreach-call.cil.c,ForwardPredicates.epf,AutomizerC.xml,ExpectedResult: UNSAFE UltimateResult: UNSAFE   a call of __VERIFIER_error() is reachable ,3.10744321E8,1.836580864E9,9,0,394,0,712,21,NaN
,systemc,mem_slave_tlm.4_true-unreach-call_false-termination.cil.c,TreeInterpolation.epf,AutomizerC.xml,ExpectedResult: SAFE UltimateResult: TIMEOUT   [ShortDescription: Timeout LongDescription: Unable to prove that call of __VERIFIER_error() unreachable (line 10)],6.0062794611E10,3.666345984E9,23,0,null,null,null,null,0.5945945945945946
,locks,test_locks_15_false-unreach-call.c,TreeInterpolation.epf,AutomizerC.xml,ExpectedResult: UNSAFE UltimateResult: UNSAFE   a call of __VERIFIER_error() is reachable ,1.12496036E8,6.79477248E8,1,0,null,null,null,null,NaN
,locks,test_locks_5_true-unreach-call_false-termination.c,TreeInterpolation.epf,AutomizerC.xml,ExpectedResult: SAFE UltimateResult: SAFE   [ShortDescription: All specifications hold LongDescription: 1 specifications checked. All of them hold],6.6112063E7,6.80001536E8,5,0,null,null,null,null,NaN
,systemc,pipeline_true-unreach-call_false-termination.cil.c,TreeInterpolation.epf,AutomizerC.xml,ExpectedResult: SAFE UltimateResult: TIMEOUT   [ShortDescription: Timeout LongDescription: Unable to prove that call of __VERIFIER_error() unreachable (line 9)],6.0029467621E10,3.024093184E9,19,0,null,null,null,null,0.7933126732996248
,recursive,EvenOdd01_true-unreach-call_true-termination.c,TreeInterpolation.epf,AutomizerC.xml,ExpectedResult: SAFE UltimateResult: TIMEOUT   [ShortDescription: Timeout LongDescription: Unable to prove that call of __VERIFIER_error() unreachable (line 47)],6.0016769557E10,7.6283904E8,51,0,null,null,null,null,0.5727414939382088
,ssh-simplified,s3_srvr_2_false-unreach-call.cil.c,TreeInterpolation.epf,AutomizerC.xml,ExpectedResult: UNSAFE UltimateResult: UNSAFE   a call of __VERIFIER_error() is reachable ,4.05120837E8,1.918369792E9,16,0,null,null,null,null,1.0
,systemc,token_ring.06_true-unreach-call_false-termination.cil.c,ForwardPredicates.epf,AutomizerC.xml,ExpectedResult: SAFE UltimateResult: TIMEOUT   [ShortDescription: Timeout LongDescription: Unable to prove that call of __VERIFIER_error() unreachable (line 10)],5.9998123488E10,5.177868288E9,11,0,4881,0,20185,66,0.7207151664611591
,systemc,pipeline_true-unreach-call_false-termination.cil.c,ForwardPredicates.epf,AutomizerC.xml,ExpectedResult: SAFE UltimateResult: EXCEPTION_OR_ERROR   [ShortDescription: SMTLIBException LongDescription: de.uni_freiburg.informatik.ultimate.logic.SMTLIBException: Cannot create quantifier in quantifier-free logic],1.4447539645E10,3.024093184E9,null,null,null,null,null,null,null
,ssh-simplified,s3_clnt_3_true-unreach-call.cil.c,TreeInterpolation.epf,AutomizerC.xml,ExpectedResult: SAFE UltimateResult: SAFE   [ShortDescription: All specifications hold LongDescription: 2 specifications checked. All of them hold],1.070372711E9,1.814560768E9,26,0,null,null,null,null,0.9443082788671024
,systemc,transmitter.16_false-unreach-call_false-termination.cil.c,ForwardPredicates.epf,AutomizerC.xml,ExpectedResult: UNSAFE UltimateResult: TIMEOUT   [ShortDescription: Timeout LongDescription: Timout or Toolchain cancelled by user],5.9997991421E10,5.150081024E9,null,null,null,null,null,null,null
,locks,test_locks_13_true-unreach-call.c,TreeInterpolation.epf,AutomizerC.xml,ExpectedResult: SAFE UltimateResult: SAFE   [ShortDescription: All specifications hold LongDescription: 1 specifications checked. All of them hold],3.09837513E8,4.77626368E8,13,0,null,null,null,null,NaN
,systemc,token_ring.11_false-unreach-call_false-termination.cil.c,TreeInterpolation.epf,AutomizerC.xml,ExpectedResult: UNSAFE UltimateResult: TIMEOUT   [ShortDescription: Timeout LongDescription: Unable to prove that call of __VERIFIER_error() unreachable (line 10)],5.9997278128E10,5.978456064E9,11,0,null,null,null,null,0.9143798024149287
,recursive,Fibonacci04_false-unreach-call_true-termination.c,ForwardPredicates.epf,AutomizerC.xml,ExpectedResult: UNSAFE UltimateResult: UNSAFE   a call of __VERIFIER_error() is reachable ,3.18994988E8,2.328887296E9,15,0,1489,0,1168,98,0.8416351769151494
,systemc,token_ring.02_true-unreach-call_false-termination.cil.c,ForwardPredicates.epf,AutomizerC.xml,ExpectedResult: SAFE UltimateResult: SAFE   [ShortDescription: All specifications hold LongDescription: 1 specifications checked. All of them hold],4.580908677E9,2.754609152E9,21,0,5965,0,14426,218,0.9553975436328378
,recursive,Ackermann03_true-unreach-call.c,ForwardPredicates.epf,AutomizerC.xml,ExpectedResult: SAFE UltimateResult: EXCEPTION_OR_ERROR   [ShortDescription: ArrayIndexOutOfBoundsException LongDescription: java.lang.ArrayIndexOutOfBoundsException],1.109093913E9,1.075838976E9,null,null,null,null,null,null,null
,ssh-simplified,s3_srvr_1_true-unreach-call.cil.c,ForwardPredicates.epf,AutomizerC.xml,ExpectedResult: SAFE UltimateResult: SAFE   [ShortDescription: All specifications hold LongDescription: 2 specifications checked. All of them hold],7.53849963E8,1.90316544E9,17,0,6463,0,5481,43,0.9743610096840768
,recursive,Ackermann03_true-unreach-call.c,TreeInterpolation.epf,AutomizerC.xml,ExpectedResult: SAFE UltimateResult: EXCEPTION_OR_ERROR   [ShortDescription: ArrayIndexOutOfBoundsException LongDescription: java.lang.ArrayIndexOutOfBoundsException],2.567516904E9,1.076363264E9,null,null,null,null,null,null,null
,locks,test_locks_15_true-unreach-call_false-termination.c,TreeInterpolation.epf,AutomizerC.xml,ExpectedResult: SAFE UltimateResult: SAFE   [ShortDescription: All specifications hold LongDescription: 1 specifications checked. All of them hold],2.62528717E8,6.80001536E8,15,0,null,null,null,null,NaN
,locks,test_locks_6_true-unreach-call_false-termination.c,TreeInterpolation.epf,AutomizerC.xml,ExpectedResult: SAFE UltimateResult: SAFE   [ShortDescription: All specifications hold LongDescription: 1 specifications checked. All of them hold],1.20077135E8,6.80001536E8,6,0,null,null,null,null,NaN
,ssh-simplified,s3_srvr_4_true-unreach-call.cil.c,TreeInterpolation.epf,AutomizerC.xml,ExpectedResult: SAFE UltimateResult: SAFE   [ShortDescription: All specifications hold LongDescription: 2 specifications checked. All of them hold],1.338736446E9,1.951924224E9,31,0,null,null,null,null,0.9477261492832427
,locks,test_locks_15_false-unreach-call.c,ForwardPredicates.epf,AutomizerC.xml,ExpectedResult: UNSAFE UltimateResult: UNSAFE   a call of __VERIFIER_error() is reachable ,1.19494653E8,6.79477248E8,1,0,0,0,0,0,NaN
,systemc,token_ring.06_false-unreach-call_false-termination.cil.c,ForwardPredicates.epf,AutomizerC.xml,ExpectedResult: UNSAFE UltimateResult: TIMEOUT   [ShortDescription: Timeout LongDescription: Timout or Toolchain cancelled by user],7.0158814416E10,5.34511616E9,null,null,null,null,null,null,null
,locks,test_locks_9_true-unreach-call.c,ForwardPredicates.epf,AutomizerC.xml,ExpectedResult: SAFE UltimateResult: SAFE   [ShortDescription: All specifications hold LongDescription: 1 specifications checked. All of them hold],1.45904505E8,1.075838976E9,9,0,414,0,594,27,NaN
,recursive,McCarthy91_false-unreach-call_false-termination.c,TreeInterpolation.epf,AutomizerC.xml,ExpectedResult: UNSAFE UltimateResult: UNSAFE   a call of __VERIFIER_error() is reachable ,1.0183313E7,2.311585792E9,1,0,null,null,null,null,NaN
,recursive,McCarthy91_false-unreach-call_false-termination.c,ForwardPredicates.epf,AutomizerC.xml,ExpectedResult: UNSAFE UltimateResult: UNSAFE   a call of __VERIFIER_error() is reachable ,1.0460983E7,2.311585792E9,1,0,0,0,0,0,NaN
,systemc,transmitter.09_false-unreach-call_false-termination.cil.c,TreeInterpolation.epf,AutomizerC.xml,ExpectedResult: UNSAFE UltimateResult: TIMEOUT   [ShortDescription: Timeout LongDescription: Unable to prove that call of __VERIFIER_error() unreachable (line 11)],5.9997960098E10,5.726797824E9,12,0,null,null,null,null,0.9819587628865979
,systemc,token_ring.14_false-unreach-call_false-termination.cil.c,ForwardPredicates.epf,AutomizerC.xml,ExpectedResult: UNSAFE UltimateResult: TIMEOUT   [ShortDescription: Timeout LongDescription: Timout or Toolchain cancelled by user],6.005205273E10,5.726797824E9,null,null,null,null,null,null,null
,systemc,token_ring.11_true-unreach-call_false-termination.cil.c,ForwardPredicates.epf,AutomizerC.xml,ExpectedResult: SAFE UltimateResult: TIMEOUT   [ShortDescription: Timeout LongDescription: Unable to prove that call of __VERIFIER_error() unreachable (line 10)],6.0047264107E10,5.978456064E9,11,0,6362,0,224382,77,0.5625431928127159
,recursive,BallRajamani-SPIN2000-Fig1_false-unreach-call.c,ForwardPredicates.epf,AutomizerC.xml,ExpectedResult: UNSAFE UltimateResult: UNSAFE   a call of __VERIFIER_error() is reachable ,5.6949733E7,6.6060288E8,2,0,32,0,36,4,0.25
,systemc,kundu_true-unreach-call_false-termination.cil.c,ForwardPredicates.epf,AutomizerC.xml,ExpectedResult: SAFE UltimateResult: TIMEOUT   [ShortDescription: Timeout LongDescription: Unable to prove that call of __VERIFIER_error() unreachable (line 9)],6.001559902E10,3.335520256E9,17,0,3514,0,6847,125,0.8309859154929577
,ssh-simplified,s3_srvr_4_true-unreach-call.cil.c,ForwardPredicates.epf,AutomizerC.xml,ExpectedResult: SAFE UltimateResult: SAFE   [ShortDescription: All specifications hold LongDescription: 2 specifications checked. All of them hold],7.04533053E8,1.918369792E9,17,0,6413,0,5432,46,0.9115604395604395
,ssh-simplified,s3_clnt_3_false-unreach-call.cil.c,ForwardPredicates.epf,AutomizerC.xml,ExpectedResult: UNSAFE UltimateResult: UNSAFE   a call of __VERIFIER_error() is reachable ,3.90140051E8,1.7956864E9,8,0,750,0,936,20,0.744927536231884
,systemc,transmitter.16_false-unreach-call_false-termination.cil.c,TreeInterpolation.epf,AutomizerC.xml,ExpectedResult: UNSAFE UltimateResult: TIMEOUT   [ShortDescription: Timeout LongDescription: Unable to prove that call of __VERIFIER_error() unreachable (line 11)],5.9997568678E10,5.726797824E9,12,0,null,null,null,null,NaN
,ssh-simplified,s3_clnt_2_true-unreach-call_true-termination.cil.c,ForwardPredicates.epf,AutomizerC.xml,ExpectedResult: SAFE UltimateResult: SAFE   [ShortDescription: All specifications hold LongDescription: 2 specifications checked. All of them hold],1.083322719E9,1.789919232E9,19,0,7924,0,8887,62,0.9792013789141052
,locks,test_locks_14_true-unreach-call.c,TreeInterpolation.epf,AutomizerC.xml,ExpectedResult: SAFE UltimateResult: SAFE   [ShortDescription: All specifications hold LongDescription: 1 specifications checked. All of them hold],3.31146722E8,6.79477248E8,14,0,null,null,null,null,NaN
,locks,test_locks_10_true-unreach-call.c,TreeInterpolation.epf,AutomizerC.xml,ExpectedResult: SAFE UltimateResult: SAFE   [ShortDescription: All specifications hold LongDescription: 1 specifications checked. All of them hold],6.39131746E8,3.78535936E8,10,0,null,null,null,null,NaN
,systemc,transmitter.15_false-unreach-call_false-termination.cil.c,TreeInterpolation.epf,AutomizerC.xml,ExpectedResult: UNSAFE UltimateResult: UNSAFE   a call of __VERIFIER_error() is reachable ,8.55952686E8,5.039980544E9,4,0,null,null,null,null,NaN
,locks,test_locks_14_false-unreach-call.c,ForwardPredicates.epf,AutomizerC.xml,ExpectedResult: UNSAFE UltimateResult: UNSAFE   a call of __VERIFIER_error() is reachable ,9.5824842E7,4.77626368E8,1,0,0,0,0,0,NaN


################################# Summary #######################
Safe: 56
Unsafe: 37
Timeout: 42
Error: 11
Expected Safe: 90
Expected Unsafe: 56
Total: 146
CSV conversion gone wrong: 0

################################# Latex #######################
\newcommand{\headcolor}{}
\newcommand{\header}[1]{\parbox{2.8em}{\centering #1}\headcolor}
\newcommand{\folder}[1]{\parbox{5em}{#1}}
\begin{table}
\centering
\resizebox{\linewidth}{!}{%
\begin{tabu} to \linewidth {lcllcccccccccc}
\toprule
  \header{}& 
  \header{\#}&
  \header{Result}&
  \header{Variant}& 
  \header{Count}&
  \header{Avg. runtime}&
  \header{Mem{-}ory}&
  \header{Iter{-}ations}&
  \header{Loc{-}ations}&
  \header{Pred. size FP}&
  \header{Pred. size BP}&
  \header{Conj. SSA}&
  \header{Conj. IC}&
  \header{ICC %}\\
  \cmidrule(r){2-14}
\multirow{8}{*}{\folder{systemc}} &
\multirow{2}{*}{9} &
\multirow{2}{*}{\folder{Unsafe}} 
 & TreeInterpolation.epf & 2 & 2.00 s & 3716.75 MB & 10 & 0 & - & - & - & - & -\\
 &  &  & ForwardPredicates.epf & 1 & 2.20 s & 2622.50 MB & 18 & 0 & 4.9 K & 0 & 11.3 K & 173 & 93.55\%\\
  \cmidrule[0.01em](l){2-14}
& \multirow{2}{*}{11} &
\multirow{2}{*}{\folder{Safe}} 
 & TreeInterpolation.epf & 1 & 4.24 s & 2604.00 MB & 19 & 0 & - & - & - & - & 93.94\%\\
 &  &  & ForwardPredicates.epf & 3 & 12.92 s & 2731.17 MB & 23 & 0 & 17.0 K & 0 & 25.5 K & 302 & 77.64\%\\
  \cmidrule[0.01em](l){2-14}
& & \multirow{2}{*}{\folder{Timeout}} 
 & TreeInterpolation.epf & 16 & 62.06 s & 4797.78 MB & 14 & 0 & - & - & - & - & -\\
 &  &  & ForwardPredicates.epf & 14 & 61.11 s & 5205.21 MB & 7 & 0 & 3.7 K & 0 & 38.5 K & 86 & 33.24\%\\
  \cmidrule[0.01em](l){2-14}
& \multirow{2}{*}{20} &
\multirow{2}{*}{\folder{Completed}} 
 & TreeInterpolation.epf & 3 & 2.75 s & 3345.83 MB & 13 & 0 & - & - & - & - & -\\
 &  &  & ForwardPredicates.epf & 4 & 10.24 s & 2704.00 MB & 22 & 0 & 13.9 K & 0 & 22.0 K & 269 & 81.62\%\\
\midrule
\multirow{8}{*}{\folder{recursive}} &
\multirow{2}{*}{8} &
\multirow{2}{*}{\folder{Unsafe}} 
 & TreeInterpolation.epf & 6 & 0.21 s & 1537.25 MB & 6 & 0 & - & - & - & - & -\\
 &  &  & ForwardPredicates.epf & 6 & 0.19 s & 1537.25 MB & 7 & 0 & 941 & 0 & 828 & 47 & 32.80\%\\
  \cmidrule[0.01em](l){2-14}
& \multirow{2}{*}{12} &
\multirow{2}{*}{\folder{Safe}} 
 & TreeInterpolation.epf & 5 & 9.46 s & 1789.90 MB & 17 & 0 & - & - & - & - & 79.01\%\\
 &  &  & ForwardPredicates.epf & 3 & 0.44 s & 1667.17 MB & 11 & 0 & 2.7 K & 0 & 2.4 K & 169 & 72.74\%\\
  \cmidrule[0.01em](l){2-14}
& & \multirow{2}{*}{\folder{Timeout}} 
 & TreeInterpolation.epf & 5 & 67.55 s & 2048.80 MB & 57 & 0 & - & - & - & - & 60.74\%\\
 &  &  & ForwardPredicates.epf & 7 & 60.56 s & 2151.79 MB & 50 & 0 & 47.7 K & 0 & 16.9 K & 4.5 K & 31.51\%\\
  \cmidrule[0.01em](l){2-14}
& \multirow{2}{*}{20} &
\multirow{2}{*}{\folder{Completed}} 
 & TreeInterpolation.epf & 11 & 4.41 s & 1652.09 MB & 11 & 0 & - & - & - & - & -\\
 &  &  & ForwardPredicates.epf & 9 & 0.27 s & 1580.56 MB & 8 & 0 & 1.5 K & 0 & 1.4 K & 88 & 46.11\%\\
\midrule
\multirow{8}{*}{\folder{locks}} &
\multirow{2}{*}{2} &
\multirow{2}{*}{\folder{Unsafe}} 
 & TreeInterpolation.epf & 2 & 0.12 s & 551.75 MB & 1 & 0 & - & - & - & - & -\\
 &  &  & ForwardPredicates.epf & 2 & 0.11 s & 551.75 MB & 1 & 0 & 0 & 0 & 0 & 0 & -\\
  \cmidrule[0.01em](l){2-14}
& \multirow{2}{*}{11} &
\multirow{2}{*}{\folder{Safe}} 
 & TreeInterpolation.epf & 11 & 0.25 s & 629.73 MB & 10 & 0 & - & - & - & - & -\\
 &  &  & ForwardPredicates.epf & 11 & 0.33 s & 595.36 MB & 10 & 0 & 530 & 0 & 770 & 30 & -\\
  \cmidrule[0.01em](l){2-14}
& & \multirow{2}{*}{\folder{Timeout}} 
 & TreeInterpolation.epf & 0 & - & - & - & - & - & - & - & - & -\\
 &  &  & ForwardPredicates.epf & 0 & - & - & - & - & - & - & - & - & -\\
  \cmidrule[0.01em](l){2-14}
& \multirow{2}{*}{13} &
\multirow{2}{*}{\folder{Completed}} 
 & TreeInterpolation.epf & 13 & 0.23 s & 617.73 MB & 8 & 0 & - & - & - & - & -\\
 &  &  & ForwardPredicates.epf & 13 & 0.30 s & 588.65 MB & 8 & 0 & 448 & 0 & 651 & 25 & -\\
\midrule
\multirow{8}{*}{\folder{ssh-simplified}} &
\multirow{2}{*}{9} &
\multirow{2}{*}{\folder{Unsafe}} 
 & TreeInterpolation.epf & 9 & 0.52 s & 1752.78 MB & 18 & 0 & - & - & - & - & 72.58\%\\
 &  &  & ForwardPredicates.epf & 9 & 0.43 s & 1752.39 MB & 14 & 0 & 1.4 K & 0 & 1.7 K & 38 & 69.30\%\\
  \cmidrule[0.01em](l){2-14}
& \multirow{2}{*}{11} &
\multirow{2}{*}{\folder{Safe}} 
 & TreeInterpolation.epf & 11 & 1.07 s & 1829.77 MB & 26 & 0 & - & - & - & - & 91.79\%\\
 &  &  & ForwardPredicates.epf & 11 & 0.75 s & 1812.73 MB & 16 & 0 & 6.1 K & 0 & 5.4 K & 50 & 90.45\%\\
  \cmidrule[0.01em](l){2-14}
& & \multirow{2}{*}{\folder{Timeout}} 
 & TreeInterpolation.epf & 0 & - & - & - & - & - & - & - & - & -\\
 &  &  & ForwardPredicates.epf & 0 & - & - & - & - & - & - & - & - & -\\
  \cmidrule[0.01em](l){2-14}
& \multirow{2}{*}{20} &
\multirow{2}{*}{\folder{Completed}} 
 & TreeInterpolation.epf & 20 & 0.82 s & 1795.13 MB & 22 & 0 & - & - & - & - & 83.14\%\\
 &  &  & ForwardPredicates.epf & 20 & 0.61 s & 1785.58 MB & 15 & 0 & 4.0 K & 0 & 3.7 K & 44 & 80.93\%\\
\bottomrule
& & & & & & & & & & & & & \\
\end{tabu}}
\caption{Results for AutomizerC.xml.}
\end{table}