################################# CSV #######################
,Folder,File,Settings,Toolchain,Message,Runtime (ns),Allocated memory end (bytes),Overall iterations,NumberOfCodeBlocks,SizeOfPredicatesFP,SizeOfPredicatesBP,Conjuncts in SSA,Conjuncts in UnsatCore,ICC %
,systemc,mem_slave_tlm.4_true-unreach-call_false-termination.cil.c,ForwardPredicates.epf,AutomizerC.xml,ExpectedResult: SAFE UltimateResult: SAFE   [ShortDescription: All specifications hold LongDescription: 1 specifications checked. All of them hold],24505070917.0,5.68590336E+9,37,0,27034,0,57534,528,0.8580660603159407
,systemc,toy1_false-unreach-call_false-termination.cil.c,ForwardPredicates.epf,AutomizerC.xml,ExpectedResult: UNSAFE UltimateResult: UNSAFE   a call of __VERIFIER_error() is reachable ,51474395509.0,5726797824,31,0,10926,0,50350,454,0.7577395577395577
,recursive,Addition01_true-unreach-call_true-termination.c,ForwardPredicates.epf,AutomizerC.xml,ExpectedResult: SAFE UltimateResult: TIMEOUT   [ShortDescription: Timeout LongDescription: Timout or Toolchain cancelled by user],300004463596.0,4433379328,-,-,-,-,-,-,-
,systemc,pc_sfifo_1_true-unreach-call_false-termination.cil.c,ForwardPredicates.epf,AutomizerC.xml,ExpectedResult: SAFE UltimateResult: TIMEOUT   [ShortDescription: Timeout LongDescription: Unable to prove that call of __VERIFIER_error() unreachable (line 9)],299998553228.0,6.38582784E+9,64,0,257778,0,217984,7999,0.8846501062497298
,recursive,Fibonacci05_false-unreach-call_true-termination.c,TreeInterpolation.epf,AutomizerC.xml,ExpectedResult: UNSAFE UltimateResult: UNSAFE   a call of __VERIFIER_error() is reachable ,566257213.0,4387241984,16,0,-,-,-,-,0.817258592001836
,ntdrivers-simplified,floppy_simpl4_false-unreach-call_true-termination.cil.c,ForwardPredicates.epf,AutomizerC.xml,ExpectedResult: UNSAFE UltimateResult: UNSAFE   a call of __VERIFIER_error() is reachable ,2351571348.0,2383937536,50,0,4638,0,17759,270,1.0
,ntdrivers-simplified,kbfiltr_simpl2_false-unreach-call_true-termination.cil.c,ForwardPredicates.epf,AutomizerC.xml,ExpectedResult: UNSAFE UltimateResult: UNSAFE   a call of __VERIFIER_error() is reachable ,495284180.0,2.38288896E+9,14,0,1005,0,3830,61,1.0
,recursive,recHanoi03_true-unreach-call_true-termination.c,ForwardPredicates.epf,AutomizerC.xml,ExpectedResult: SAFE UltimateResult: TIMEOUT   [ShortDescription: Timeout LongDescription: Timout or Toolchain cancelled by user],300003844725.0,4780982272,-,-,-,-,-,-,-
,systemc,token_ring.07_false-unreach-call_false-termination.cil.c,TreeInterpolation.epf,AutomizerC.xml,ExpectedResult: UNSAFE UltimateResult: TIMEOUT   [ShortDescription: Timeout LongDescription: Unable to prove that call of __VERIFIER_error() unreachable (line 10)],302586444506.0,5726797824,13,0,-,-,-,-,0.9477699530516432
,systemc,transmitter.08_false-unreach-call_false-termination.cil.c,ForwardPredicates.epf,AutomizerC.xml,ExpectedResult: UNSAFE UltimateResult: TIMEOUT   [ShortDescription: Timeout LongDescription: Unable to prove that call of __VERIFIER_error() unreachable (line 11)],301726091030.0,5726797824,13,0,2538,0,37602,78,1.0
,ssh-simplified,s3_clnt_4_true-unreach-call.cil.c,TreeInterpolation.epf,AutomizerC.xml,ExpectedResult: SAFE UltimateResult: SAFE   [ShortDescription: All specifications hold LongDescription: 2 specifications checked. All of them hold],1004777492.0,4756865024,26,0,-,-,-,-,0.9422222222222222
,systemc,token_ring.08_false-unreach-call_false-termination.cil.c,TreeInterpolation.epf,AutomizerC.xml,ExpectedResult: UNSAFE UltimateResult: TIMEOUT   [ShortDescription: Timeout LongDescription: Unable to prove that call of __VERIFIER_error() unreachable (line 10)],346774817989.0,5726797824,11,0,-,-,-,-,0.896551724137931
,ssh-simplified,s3_srvr_10_false-unreach-call.cil.c,TreeInterpolation.epf,AutomizerC.xml,ExpectedResult: UNSAFE UltimateResult: UNSAFE   a call of __VERIFIER_error() is reachable ,168070605.0,4756340736,8,0,-,-,-,-,1.0
,ntdrivers-simplified,cdaudio_simpl1_false-unreach-call_true-termination.cil.c,TreeInterpolation.epf,AutomizerC.xml,ExpectedResult: UNSAFE UltimateResult: UNSAFE   a call of __VERIFIER_error() is reachable ,4271005458,1268252672,64,0,-,-,-,-,1.0
,recursive,Addition01_true-unreach-call_true-termination.c,TreeInterpolation.epf,AutomizerC.xml,ExpectedResult: SAFE UltimateResult: SAFE   [ShortDescription: All specifications hold LongDescription: 1 specifications checked. All of them hold],68273543.0,4408213504,3,0,-,-,-,-,0.25
,systemc,token_ring.10_false-unreach-call_false-termination.cil.c,TreeInterpolation.epf,AutomizerC.xml,ExpectedResult: UNSAFE UltimateResult: TIMEOUT   [ShortDescription: Timeout LongDescription: Unable to prove that call of __VERIFIER_error() unreachable (line 10)],303056310757.0,5726797824,11,0,-,-,-,-,0.8816300129366106
,systemc,transmitter.04_false-unreach-call_false-termination.cil.c,TreeInterpolation.epf,AutomizerC.xml,ExpectedResult: UNSAFE UltimateResult: TIMEOUT   [ShortDescription: Timeout LongDescription: Unable to prove that call of __VERIFIER_error() unreachable (line 11)],299999257531.0,5726797824,28,0,-,-,-,-,0.9357080799304952
,systemc,pc_sfifo_2_false-unreach-call_false-termination.cil.c,ForwardPredicates.epf,AutomizerC.xml,ExpectedResult: UNSAFE UltimateResult: UNSAFE   a call of __VERIFIER_error() is reachable ,62425458.0,6.37796352E+9,2,0,80,0,294,4,1.0
,locks,test_locks_11_true-unreach-call_false-termination.c,ForwardPredicates.epf,AutomizerC.xml,ExpectedResult: SAFE UltimateResult: SAFE   [ShortDescription: All specifications hold LongDescription: 1 specifications checked. All of them hold],638420343.0,378535936,11,0,583,0,847,33,1.0
,locks,test_locks_7_true-unreach-call_false-termination.c,ForwardPredicates.epf,AutomizerC.xml,ExpectedResult: SAFE UltimateResult: SAFE   [ShortDescription: All specifications hold LongDescription: 1 specifications checked. All of them hold],110354906.0,477626368,7,0,273,0,385,21,1.0
,ntdrivers-simplified,floppy_simpl3_true-unreach-call_true-termination.cil.c,TreeInterpolation.epf,AutomizerC.xml,ExpectedResult: SAFE UltimateResult: SAFE   [ShortDescription: All specifications hold LongDescription: 2 specifications checked. All of them hold],2134429995.0,2383937536,46,0,-,-,-,-,1.0
,systemc,token_ring.11_false-unreach-call_false-termination.cil.c,ForwardPredicates.epf,AutomizerC.xml,ExpectedResult: UNSAFE UltimateResult: TIMEOUT   [ShortDescription: Timeout LongDescription: Unable to prove that call of __VERIFIER_error() unreachable (line 10)],322546890502.0,5726797824,11,0,3733,0,274182,77,0.9666444296197465
,recursive,McCarthy91_true-unreach-call.c,TreeInterpolation.epf,AutomizerC.xml,ExpectedResult: SAFE UltimateResult: SAFE   [ShortDescription: All specifications hold LongDescription: 1 specifications checked. All of them hold],46541863.0,4373086208,2,0,-,-,-,-,0.6666666666666666
,systemc,transmitter.11_false-unreach-call_false-termination.cil.c,ForwardPredicates.epf,AutomizerC.xml,ExpectedResult: UNSAFE UltimateResult: TIMEOUT   [ShortDescription: Timeout LongDescription: Unable to prove that call of __VERIFIER_error() unreachable (line 11)],350748326053.0,5726797824,12,0,3211,0,235667,67,0.9803921568627451
,systemc,transmitter.06_false-unreach-call_false-termination.cil.c,TreeInterpolation.epf,AutomizerC.xml,ExpectedResult: UNSAFE UltimateResult: TIMEOUT   [ShortDescription: Timeout LongDescription: Unable to prove that call of __VERIFIER_error() unreachable (line 11)],312250768842.0,5726797824,13,0,-,-,-,-,0.935546875
,ntdrivers-simplified,kbfiltr_simpl1_true-unreach-call_true-termination.cil.c,ForwardPredicates.epf,AutomizerC.xml,ExpectedResult: SAFE UltimateResult: EXCEPTION_OR_ERROR   [de.uni_freiburg.informatik.ultimate.plugins.generator.traceabstraction: SMTLIBException: Cannot create quantifier in quantifier-free logic: de.uni_freiburg.informatik.ultimate.logic.NoopScript.quantifier(NoopScript.java:305)],310901941.0,2379218944,-,-,-,-,-,-,-
,systemc,token_ring.13_true-unreach-call_false-termination.cil.c,ForwardPredicates.epf,AutomizerC.xml,ExpectedResult: SAFE UltimateResult: TIMEOUT   [ShortDescription: Timeout LongDescription: Unable to prove that call of __VERIFIER_error() unreachable (line 10)],299996567684.0,5.55220992E+9,8,0,2411,0,750131,48,1.0
,systemc,transmitter.10_false-unreach-call_false-termination.cil.c,TreeInterpolation.epf,AutomizerC.xml,ExpectedResult: UNSAFE UltimateResult: TIMEOUT   [ShortDescription: Timeout LongDescription: Unable to prove that call of __VERIFIER_error() unreachable (line 11)],460712699779.0,5726797824,12,0,-,-,-,-,0.9826923076923076
,ssh-simplified,s3_srvr_2_true-unreach-call.cil.c,TreeInterpolation.epf,AutomizerC.xml,ExpectedResult: SAFE UltimateResult: SAFE   [ShortDescription: All specifications hold LongDescription: 2 specifications checked. All of them hold],1361736262.0,4753195008,32,0,-,-,-,-,0.9564102564102565
,recursive,recHanoi02_true-unreach-call_true-termination.c,ForwardPredicates.epf,AutomizerC.xml,ExpectedResult: SAFE UltimateResult: TIMEOUT   [ShortDescription: Timeout LongDescription: Timout or Toolchain cancelled by user],299998487558.0,4848091136,-,-,-,-,-,-,-
,recursive,Ackermann02_false-unreach-call_false-termination.c,ForwardPredicates.epf,AutomizerC.xml,ExpectedResult: UNSAFE UltimateResult: UNSAFE   a call of __VERIFIER_error() is reachable ,44385843.0,3.8404096E+9,4,0,101,0,108,13,0.8421052631578947
,ssh-simplified,s3_srvr_1a_true-unreach-call.cil.c,ForwardPredicates.epf,AutomizerC.xml,ExpectedResult: SAFE UltimateResult: SAFE   [ShortDescription: All specifications hold LongDescription: 2 specifications checked. All of them hold],124857062.0,4754767872,8,0,396,0,455,21,0.7609756097560976
,recursive,Fibonacci02_true-unreach-call_true-termination.c,ForwardPredicates.epf,AutomizerC.xml,ExpectedResult: SAFE UltimateResult: SAFE   [ShortDescription: All specifications hold LongDescription: 1 specifications checked. All of them hold],1202362378.0,4421844992,18,0,5962,0,5847,384,0.86453902937019
,ssh-simplified,s3_srvr_3_true-unreach-call.cil.c,ForwardPredicates.epf,AutomizerC.xml,ExpectedResult: SAFE UltimateResult: SAFE   [ShortDescription: All specifications hold LongDescription: 2 specifications checked. All of them hold],892943148.0,4753195008,17,0,6101,0,5445,43,0.936526850969177
,ssh-simplified,s3_srvr_2_true-unreach-call.cil.c,ForwardPredicates.epf,AutomizerC.xml,ExpectedResult: SAFE UltimateResult: SAFE   [ShortDescription: All specifications hold LongDescription: 2 specifications checked. All of them hold],930369113.0,4752146432,17,0,6303,0,5734,46,0.9456771231828616
,systemc,transmitter.12_false-unreach-call_false-termination.cil.c,ForwardPredicates.epf,AutomizerC.xml,ExpectedResult: UNSAFE UltimateResult: TIMEOUT   [ShortDescription: Timeout LongDescription: Unable to prove that call of __VERIFIER_error() unreachable (line 11)],306293509450.0,5726797824,12,0,3264,0,433136,72,0.98559670781893
,recursive,gcd02_true-unreach-call.c,TreeInterpolation.epf,AutomizerC.xml,ExpectedResult: SAFE UltimateResult: TIMEOUT   [ShortDescription: Timeout LongDescription: Timout or Toolchain cancelled by user],300000884782.0,3624927232,-,-,-,-,-,-,-
,ntdrivers-simplified,floppy_simpl4_false-unreach-call_true-termination.cil.c,TreeInterpolation.epf,AutomizerC.xml,ExpectedResult: UNSAFE UltimateResult: UNSAFE   a call of __VERIFIER_error() is reachable ,2138055967.0,2.38288896E+9,50,0,-,-,-,-,1.0
,systemc,token_ring.08_true-unreach-call_false-termination.cil.c,TreeInterpolation.epf,AutomizerC.xml,ExpectedResult: SAFE UltimateResult: TIMEOUT   [ShortDescription: Timeout LongDescription: Unable to prove that call of __VERIFIER_error() unreachable (line 10)],305623454985.0,5726797824,11,0,-,-,-,-,0.9090909090909091
,systemc,token_ring.04_true-unreach-call_false-termination.cil.c,ForwardPredicates.epf,AutomizerC.xml,ExpectedResult: SAFE UltimateResult: SAFE   [ShortDescription: All specifications hold LongDescription: 1 specifications checked. All of them hold],108742729753.0,6087507968,35,0,13690,0,52452,450,0.9930535455861071
,ntdrivers-simplified,kbfiltr_simpl2_false-unreach-call_true-termination.cil.c,TreeInterpolation.epf,AutomizerC.xml,ExpectedResult: UNSAFE UltimateResult: UNSAFE   a call of __VERIFIER_error() is reachable ,467112740.0,2.3855104E+9,15,0,-,-,-,-,1.0
,systemc,transmitter.08_false-unreach-call_false-termination.cil.c,TreeInterpolation.epf,AutomizerC.xml,ExpectedResult: UNSAFE UltimateResult: TIMEOUT   [ShortDescription: Timeout LongDescription: Unable to prove that call of __VERIFIER_error() unreachable (line 11)],307803232543.0,5726797824,12,0,-,-,-,-,0.9689119170984456
,ntdrivers-simplified,floppy_simpl4_true-unreach-call_true-termination.cil.c,ForwardPredicates.epf,AutomizerC.xml,ExpectedResult: SAFE UltimateResult: SAFE   [ShortDescription: All specifications hold LongDescription: 2 specifications checked. All of them hold],3530301536.0,2382364672,65,0,7384,0,27454,419,1.0
,recursive,Ackermann01_true-unreach-call.c,ForwardPredicates.epf,AutomizerC.xml,ExpectedResult: SAFE UltimateResult: TIMEOUT   [ShortDescription: Timeout LongDescription: Unable to prove that call of __VERIFIER_error() unreachable (line 38)],383753494487.0,3818389504,41,0,20821,0,23707,2172,0.9640538664764775
,ssh-simplified,s3_clnt_3.cil_true-unreach-call_true-termination.c,TreeInterpolation.epf,AutomizerC.xml,ExpectedResult: SAFE UltimateResult: SAFE   [ShortDescription: All specifications hold LongDescription: 1 specifications checked. All of them hold],926371253.0,4764729344,24,0,-,-,-,-,0.9440186148371201
,locks,test_locks_5_true-unreach-call_false-termination.c,ForwardPredicates.epf,AutomizerC.xml,ExpectedResult: SAFE UltimateResult: SAFE   [ShortDescription: All specifications hold LongDescription: 1 specifications checked. All of them hold],77767610.0,477626368,5,0,160,0,220,15,1.0
,ntdrivers-simplified,kbfiltr_simpl2_true-unreach-call_true-termination.cil.c,ForwardPredicates.epf,AutomizerC.xml,ExpectedResult: SAFE UltimateResult: SAFE   [ShortDescription: All specifications hold LongDescription: 2 specifications checked. All of them hold],393651573.0,2387607552,13,0,981,0,4215,56,1.0
,recursive,MultCommutative_true-unreach-call_true-termination.c,TreeInterpolation.epf,AutomizerC.xml,ExpectedResult: SAFE UltimateResult: TIMEOUT   [ShortDescription: Timeout LongDescription: Unable to prove that call of __VERIFIER_error() unreachable (line 37)],300049238723.0,4.4433408E+9,155,0,-,-,-,-,0.5011170121357436
,ntdrivers-simplified,kbfiltr_simpl1_true-unreach-call_true-termination.cil.c,TreeInterpolation.epf,AutomizerC.xml,ExpectedResult: SAFE UltimateResult: SAFE   [ShortDescription: All specifications hold LongDescription: 2 specifications checked. All of them hold],268274860.0,2.38026752E+9,12,0,-,-,-,-,1.0
,systemc,token_ring.09_true-unreach-call_false-termination.cil.c,TreeInterpolation.epf,AutomizerC.xml,ExpectedResult: SAFE UltimateResult: EXCEPTION_OR_ERROR   [de.uni_freiburg.informatik.ultimate.plugins.generator.traceabstraction: OutOfMemoryError: GC overhead limit exceeded: java.util.HashMap.keySet(HashMap.java:1001)],610577922783.0,5726797824,-,-,-,-,-,-,-
,recursive,Addition02_false-unreach-call_false-termination.c,TreeInterpolation.epf,AutomizerC.xml,ExpectedResult: UNSAFE UltimateResult: UNSAFE   a call of __VERIFIER_error() is reachable ,27581732.0,4434952192,3,0,-,-,-,-,1.0
,systemc,token_ring.02_false-unreach-call_false-termination.cil.c,ForwardPredicates.epf,AutomizerC.xml,ExpectedResult: UNSAFE UltimateResult: UNSAFE   a call of __VERIFIER_error() is reachable ,3713863732.0,5917638656,23,0,5191,0,15410,186,0.9928682170542635
,recursive,Ackermann04_true-unreach-call.c,TreeInterpolation.epf,AutomizerC.xml,ExpectedResult: SAFE UltimateResult: SAFE   [ShortDescription: All specifications hold LongDescription: 1 specifications checked. All of them hold],1700723298.0,3801612288,15,0,-,-,-,-,0.8283008252063015
,systemc,transmitter.04_false-unreach-call_false-termination.cil.c,ForwardPredicates.epf,AutomizerC.xml,ExpectedResult: UNSAFE UltimateResult: UNSAFE   a call of __VERIFIER_error() is reachable ,168423818771.0,5686427648,38,0,12350,0,45301,417,0.9943187908671883
,ssh-simplified,s3_clnt_1_false-unreach-call.cil.c,ForwardPredicates.epf,AutomizerC.xml,ExpectedResult: UNSAFE UltimateResult: UNSAFE   a call of __VERIFIER_error() is reachable ,246626835.0,4.79199232E+9,8,0,711,0,879,19,0.7888198757763976
,recursive,Primes_true-unreach-call.c,ForwardPredicates.epf,AutomizerC.xml,ExpectedResult: SAFE UltimateResult: TIMEOUT   [ShortDescription: Timeout LongDescription: Unable to prove that call of __VERIFIER_error() unreachable (line 90)],300000250082.0,3238002688,97,0,120714,0,43305,13246,0.612887414337662
,ssh-simplified,s3_srvr_7_true-unreach-call.cil.c,TreeInterpolation.epf,AutomizerC.xml,ExpectedResult: SAFE UltimateResult: SAFE   [ShortDescription: All specifications hold LongDescription: 2 specifications checked. All of them hold],1983799149.0,4.75529216E+9,38,0,-,-,-,-,0.8772868609443922
,ntdrivers-simplified,cdaudio_simpl1_true-unreach-call_true-termination.cil.c,TreeInterpolation.epf,AutomizerC.xml,ExpectedResult: SAFE UltimateResult: SAFE   [ShortDescription: All specifications hold LongDescription: 2 specifications checked. All of them hold],4774602829,1863319552,71,0,-,-,-,-,0.96
,systemc,token_ring.02_true-unreach-call_false-termination.cil.c,TreeInterpolation.epf,AutomizerC.xml,ExpectedResult: SAFE UltimateResult: SAFE   [ShortDescription: All specifications hold LongDescription: 1 specifications checked. All of them hold],4982853390.0,6203375616,20,0,-,-,-,-,0.9365303244005642
,ntdrivers-simplified,kbfiltr_simpl2_true-unreach-call_true-termination.cil.c,TreeInterpolation.epf,AutomizerC.xml,ExpectedResult: SAFE UltimateResult: SAFE   [ShortDescription: All specifications hold LongDescription: 2 specifications checked. All of them hold],328109382.0,2389180416,13,0,-,-,-,-,1.0
,ssh-simplified,s3_srvr_12_false-unreach-call.cil.c,ForwardPredicates.epf,AutomizerC.xml,ExpectedResult: UNSAFE UltimateResult: UNSAFE   a call of __VERIFIER_error() is reachable ,768319916.0,4756865024,30,0,2967,0,3772,81,0.9938587512794268
,recursive,Fibonacci05_false-unreach-call_true-termination.c,ForwardPredicates.epf,AutomizerC.xml,ExpectedResult: UNSAFE UltimateResult: UNSAFE   a call of __VERIFIER_error() is reachable ,451674283.0,4.390912E+9,16,0,1964,0,1976,120,0.8323836305779619
,systemc,mem_slave_tlm.1_true-unreach-call_false-termination.cil.c,ForwardPredicates.epf,AutomizerC.xml,ExpectedResult: SAFE UltimateResult: SAFE   [ShortDescription: All specifications hold LongDescription: 1 specifications checked. All of them hold],6708086481.0,5264900096,25,0,6532,0,19214,179,0.7410562180579217
,recursive,gcd01_true-unreach-call_true-termination.c,TreeInterpolation.epf,AutomizerC.xml,ExpectedResult: SAFE UltimateResult: SAFE   [ShortDescription: All specifications hold LongDescription: 1 specifications checked. All of them hold],171565053.0,3.20077824E+9,9,0,-,-,-,-,1.0
,systemc,pc_sfifo_2_false-unreach-call_false-termination.cil.c,TreeInterpolation.epf,AutomizerC.xml,ExpectedResult: UNSAFE UltimateResult: UNSAFE   a call of __VERIFIER_error() is reachable ,83944379.0,6.37796352E+9,2,0,-,-,-,-,1.0
,systemc,token_ring.14_false-unreach-call_false-termination.cil.c,TreeInterpolation.epf,AutomizerC.xml,ExpectedResult: UNSAFE UltimateResult: TIMEOUT   [ShortDescription: Timeout LongDescription: Unable to prove that call of __VERIFIER_error() unreachable (line 10)],300801213531.0,5692194816,12,0,-,-,-,-,0.8800298062593145
,locks,test_locks_13_true-unreach-call.c,ForwardPredicates.epf,AutomizerC.xml,ExpectedResult: SAFE UltimateResult: SAFE   [ShortDescription: All specifications hold LongDescription: 1 specifications checked. All of them hold],337243067.0,378535936,13,0,780,0,1144,39,1.0
,systemc,token_ring.15_false-unreach-call_false-termination.cil.c,TreeInterpolation.epf,AutomizerC.xml,ExpectedResult: UNSAFE UltimateResult: TIMEOUT   [ShortDescription: Timeout LongDescription: Unable to prove that call of __VERIFIER_error() unreachable (line 10)],307641192750.0,5726797824,10,0,-,-,-,-,0.9257849666983825
,recursive,Fibonacci01_true-unreach-call.c,TreeInterpolation.epf,AutomizerC.xml,ExpectedResult: SAFE UltimateResult: SAFE   [ShortDescription: All specifications hold LongDescription: 1 specifications checked. All of them hold],254948459.0,4.4171264E+9,8,0,-,-,-,-,0.5758241758241758
,systemc,kundu_true-unreach-call_false-termination.cil.c,TreeInterpolation.epf,AutomizerC.xml,ExpectedResult: SAFE UltimateResult: SAFE   [ShortDescription: All specifications hold LongDescription: 1 specifications checked. All of them hold],125967935993.0,5.24288E+9,47,0,-,-,-,-,0.9089262613195342
,recursive,recHanoi01_true-unreach-call_true-termination.c,ForwardPredicates.epf,AutomizerC.xml,ExpectedResult: SAFE UltimateResult: TIMEOUT   [ShortDescription: Timeout LongDescription: Unable to prove that call of __VERIFIER_error() unreachable (line 51)],314226492649.0,3.62020864E+9,49,0,228717,0,464177,11357,0.9727825359767992
,systemc,transmitter.02_false-unreach-call_false-termination.cil.c,ForwardPredicates.epf,AutomizerC.xml,ExpectedResult: UNSAFE UltimateResult: UNSAFE   a call of __VERIFIER_error() is reachable ,693264679.0,5446303744,12,0,2055,0,5158,68,0.9867674858223062
,recursive,Primes_true-unreach-call.c,TreeInterpolation.epf,AutomizerC.xml,ExpectedResult: SAFE UltimateResult: EXCEPTION_OR_ERROR   [de.uni_freiburg.informatik.ultimate.plugins.generator.traceabstraction: SMTLIBException: generated interpolants did not pass sanity check: de.uni_freiburg.informatik.ultimate.smtinterpol.smtlib2.SMTInterpol.getInterpolants(SMTInterpol.java:1293)],300345072542.0,3243769856,-,-,-,-,-,-,-
,recursive,Fibonacci04_false-unreach-call_true-termination.c,TreeInterpolation.epf,AutomizerC.xml,ExpectedResult: UNSAFE UltimateResult: UNSAFE   a call of __VERIFIER_error() is reachable ,410849644.0,4.39615488E+9,12,0,-,-,-,-,0.7280795172168975
,ssh-simplified,s3_clnt_1_true-unreach-call.cil.c,TreeInterpolation.epf,AutomizerC.xml,ExpectedResult: SAFE UltimateResult: SAFE   [ShortDescription: All specifications hold LongDescription: 2 specifications checked. All of them hold],1008368029.0,4.784128E+9,26,0,-,-,-,-,0.9369310319714514
,systemc,token_ring.07_true-unreach-call_false-termination.cil.c,ForwardPredicates.epf,AutomizerC.xml,ExpectedResult: SAFE UltimateResult: EXCEPTION_OR_ERROR   [de.uni_freiburg.informatik.ultimate.plugins.generator.traceabstraction: OutOfMemoryError: Java heap space: java.util.HashMap.inflateTable(HashMap.java:320)],2755857383856.0,5459935232,-,-,-,-,-,-,-
,ssh-simplified,s3_clnt_2_true-unreach-call_true-termination.cil.c,TreeInterpolation.epf,AutomizerC.xml,ExpectedResult: SAFE UltimateResult: SAFE   [ShortDescription: All specifications hold LongDescription: 2 specifications checked. All of them hold],1075577605.0,4770496512,28,0,-,-,-,-,0.9460536805740101
,systemc,transmitter.12_false-unreach-call_false-termination.cil.c,TreeInterpolation.epf,AutomizerC.xml,ExpectedResult: UNSAFE UltimateResult: TIMEOUT   [ShortDescription: Timeout LongDescription: Unable to prove that call of __VERIFIER_error() unreachable (line 11)],304503571317.0,5726797824,12,0,-,-,-,-,1.0
,systemc,token_ring.15_false-unreach-call_false-termination.cil.c,ForwardPredicates.epf,AutomizerC.xml,ExpectedResult: UNSAFE UltimateResult: TIMEOUT   [ShortDescription: Timeout LongDescription: Timout or Toolchain cancelled by user],300404657623.0,5501878272,-,-,-,-,-,-,-
,systemc,token_ring.10_true-unreach-call_false-termination.cil.c,TreeInterpolation.epf,AutomizerC.xml,ExpectedResult: SAFE UltimateResult: TIMEOUT   [ShortDescription: Timeout LongDescription: Unable to prove that call of __VERIFIER_error() unreachable (line 10)],305367663886.0,5726797824,10,0,-,-,-,-,0.9251814628699051
,systemc,token_ring.03_true-unreach-call_false-termination.cil.c,ForwardPredicates.epf,AutomizerC.xml,ExpectedResult: SAFE UltimateResult: SAFE   [ShortDescription: All specifications hold LongDescription: 1 specifications checked. All of them hold],15137803821.0,6266814464,28,0,8979,0,27895,378,0.9906471564338513
,systemc,transmitter.03_false-unreach-call_false-termination.cil.c,ForwardPredicates.epf,AutomizerC.xml,ExpectedResult: UNSAFE UltimateResult: UNSAFE   a call of __VERIFIER_error() is reachable ,5817471376.0,5456789504,22,0,5314,0,16743,176,0.9966677774075309
,ssh-simplified,s3_clnt_3_false-unreach-call.cil.c,TreeInterpolation.epf,AutomizerC.xml,ExpectedResult: UNSAFE UltimateResult: UNSAFE   a call of __VERIFIER_error() is reachable ,407317160.0,4761583616,17,0,-,-,-,-,0.9032967032967033
,systemc,pc_sfifo_1_true-unreach-call_false-termination.cil.c,TreeInterpolation.epf,AutomizerC.xml,ExpectedResult: SAFE UltimateResult: SAFE   [ShortDescription: All specifications hold LongDescription: 1 specifications checked. All of them hold],453547422.0,6379536384,11,0,-,-,-,-,0.8595744680851064
,ntdrivers-simplified,diskperf_simpl1_true-unreach-call_true-termination.cil.c,TreeInterpolation.epf,AutomizerC.xml,ExpectedResult: SAFE UltimateResult: SAFE   [ShortDescription: All specifications hold LongDescription: 2 specifications checked. All of them hold],2772304139.0,2384986112,48,0,-,-,-,-,0.996607294317218
,recursive,EvenOdd03_false-unreach-call_false-termination.c,ForwardPredicates.epf,AutomizerC.xml,ExpectedResult: UNSAFE UltimateResult: UNSAFE   a call of __VERIFIER_error() is reachable ,8889686.0,4390387712,1,0,0,0,0,0,1.0
,ssh-simplified,s3_srvr_7_true-unreach-call.cil.c,ForwardPredicates.epf,AutomizerC.xml,ExpectedResult: SAFE UltimateResult: SAFE   [ShortDescription: All specifications hold LongDescription: 2 specifications checked. All of them hold],1297633803.0,4754767872,21,0,7512,0,6277,64,0.8732870617547607
,ssh-simplified,s3_clnt_3.cil_true-unreach-call_true-termination.c,ForwardPredicates.epf,AutomizerC.xml,ExpectedResult: SAFE UltimateResult: SAFE   [ShortDescription: All specifications hold LongDescription: 1 specifications checked. All of them hold],896081260.0,4767350784,17,0,6215,0,5475,54,0.9390602609548231
,recursive,gcd02_true-unreach-call.c,ForwardPredicates.epf,AutomizerC.xml,ExpectedResult: SAFE UltimateResult: EXCEPTION_OR_ERROR   [de.uni_freiburg.informatik.ultimate.plugins.generator.traceabstraction: SMTLIBException: Cannot create quantifier in quantifier-free logic: de.uni_freiburg.informatik.ultimate.logic.NoopScript.quantifier(NoopScript.java:305)],431020611.0,3.23485696E+9,-,-,-,-,-,-,-
,systemc,transmitter.05_false-unreach-call_false-termination.cil.c,ForwardPredicates.epf,AutomizerC.xml,ExpectedResult: UNSAFE UltimateResult: UNSAFE   a call of __VERIFIER_error() is reachable ,272936872232.0,5894045696,43,0,16186,0,75399,496,0.995359784801614
,systemc,pc_sfifo_3_true-unreach-call_false-termination.cil.c,ForwardPredicates.epf,AutomizerC.xml,ExpectedResult: SAFE UltimateResult: SAFE   [ShortDescription: All specifications hold LongDescription: 1 specifications checked. All of them hold],262690188.0,6.39369216E+9,3,0,354,0,1093,21,0.6153846153846154
,systemc,pc_sfifo_1_false-unreach-call_false-termination.cil.c,ForwardPredicates.epf,AutomizerC.xml,ExpectedResult: UNSAFE UltimateResult: UNSAFE   a call of __VERIFIER_error() is reachable ,32405367.0,5726797824,1,0,0,0,0,0,1.0
,systemc,token_ring.05_false-unreach-call_false-termination.cil.c,TreeInterpolation.epf,AutomizerC.xml,ExpectedResult: UNSAFE UltimateResult: TIMEOUT   [ShortDescription: Timeout LongDescription: Unable to prove that call of __VERIFIER_error() unreachable (line 10)],299997644569.0,5726797824,33,0,-,-,-,-,0.9347645324665508
,ssh-simplified,s3_clnt_4_false-unreach-call.cil.c,TreeInterpolation.epf,AutomizerC.xml,ExpectedResult: UNSAFE UltimateResult: UNSAFE   a call of __VERIFIER_error() is reachable ,342830978.0,4.7579136E+9,15,0,-,-,-,-,0.875177304964539
,ssh-simplified,s3_srvr_1_false-unreach-call.cil.c,ForwardPredicates.epf,AutomizerC.xml,ExpectedResult: UNSAFE UltimateResult: UNSAFE   a call of __VERIFIER_error() is reachable ,160328502.0,4755816448,6,0,571,0,618,10,1.0
,ssh-simplified,s3_srvr_8_true-unreach-call.cil.c,ForwardPredicates.epf,AutomizerC.xml,ExpectedResult: SAFE UltimateResult: SAFE   [ShortDescription: All specifications hold LongDescription: 2 specifications checked. All of them hold],871411740.0,4766826496,18,0,5874,0,5387,46,0.9099645456241836
,systemc,token_ring.12_false-unreach-call_false-termination.cil.c,TreeInterpolation.epf,AutomizerC.xml,ExpectedResult: UNSAFE UltimateResult: TIMEOUT   [ShortDescription: Timeout LongDescription: Unable to prove that call of __VERIFIER_error() unreachable (line 10)],307957903844.0,5726797824,11,0,-,-,-,-,0.8953651685393258
,ntdrivers-simplified,cdaudio_simpl1_false-unreach-call_true-termination.cil.c,ForwardPredicates.epf,AutomizerC.xml,ExpectedResult: UNSAFE UltimateResult: UNSAFE   a call of __VERIFIER_error() is reachable ,8773046752,897056768,74,0,8416,0,28659,604,1.0
,ssh-simplified,s3_srvr_2_false-unreach-call.cil.c,ForwardPredicates.epf,AutomizerC.xml,ExpectedResult: UNSAFE UltimateResult: UNSAFE   a call of __VERIFIER_error() is reachable ,195351988.0,4752146432,6,0,565,0,651,10,1.0
,locks,test_locks_14_true-unreach-call.c,ForwardPredicates.epf,AutomizerC.xml,ExpectedResult: SAFE UltimateResult: SAFE   [ShortDescription: All specifications hold LongDescription: 1 specifications checked. All of them hold],403293883.0,378535936,14,0,889,0,1309,42,1.0
,systemc,token_ring.01_false-unreach-call_false-termination.cil.c,ForwardPredicates.epf,AutomizerC.xml,ExpectedResult: UNSAFE UltimateResult: UNSAFE   a call of __VERIFIER_error() is reachable ,436581074.0,5883035648,7,0,999,0,2403,39,0.9703264094955489
,systemc,kundu1_false-unreach-call_false-termination.cil.c,TreeInterpolation.epf,AutomizerC.xml,ExpectedResult: UNSAFE UltimateResult: UNSAFE   a call of __VERIFIER_error() is reachable ,4256279884.0,4830265344,21,0,-,-,-,-,0.9070718877849211
,systemc,pc_sfifo_1_false-unreach-call_false-termination.cil.c,TreeInterpolation.epf,AutomizerC.xml,ExpectedResult: UNSAFE UltimateResult: UNSAFE   a call of __VERIFIER_error() is reachable ,30690750.0,5726797824,1,0,-,-,-,-,1.0
,systemc,token_ring.07_false-unreach-call_false-termination.cil.c,ForwardPredicates.epf,AutomizerC.xml,ExpectedResult: UNSAFE UltimateResult: EXCEPTION_OR_ERROR   [de.uni_freiburg.informatik.ultimate.plugins.generator.traceabstraction: OutOfMemoryError: Java heap space: java.util.HashMap.createEntry(HashMap.java:901)],2859375341943.0,5726797824,-,-,-,-,-,-,-
,ssh-simplified,s3_srvr_1a_true-unreach-call.cil.c,TreeInterpolation.epf,AutomizerC.xml,ExpectedResult: SAFE UltimateResult: SAFE   [ShortDescription: All specifications hold LongDescription: 2 specifications checked. All of them hold],85323376.0,4754767872,8,0,-,-,-,-,0.7983539094650206
,systemc,mem_slave_tlm.5_true-unreach-call_false-termination.cil.c,TreeInterpolation.epf,AutomizerC.xml,ExpectedResult: SAFE UltimateResult: TIMEOUT   [ShortDescription: Timeout LongDescription: Unable to prove that call of __VERIFIER_error() unreachable (line 10)],301335545061.0,6029836288,33,0,-,-,-,-,0.69593147751606
,ssh-simplified,s3_srvr_12_false-unreach-call.cil.c,TreeInterpolation.epf,AutomizerC.xml,ExpectedResult: UNSAFE UltimateResult: UNSAFE   a call of __VERIFIER_error() is reachable ,889580909.0,4756340736,35,0,-,-,-,-,1.0
,systemc,token_ring.01_false-unreach-call_false-termination.cil.c,TreeInterpolation.epf,AutomizerC.xml,ExpectedResult: UNSAFE UltimateResult: UNSAFE   a call of __VERIFIER_error() is reachable ,426989095.0,5.89824E+9,7,0,-,-,-,-,0.9703947368421053
,systemc,transmitter.01_false-unreach-call_false-termination.cil.c,ForwardPredicates.epf,AutomizerC.xml,ExpectedResult: UNSAFE UltimateResult: UNSAFE   a call of __VERIFIER_error() is reachable ,104186106.0,5427429376,3,0,214,0,465,13,1.0
,ntdrivers-simplified,floppy_simpl3_false-unreach-call_true-termination.cil.c,ForwardPredicates.epf,AutomizerC.xml,ExpectedResult: UNSAFE UltimateResult: UNSAFE   a call of __VERIFIER_error() is reachable ,1716236340.0,2384461824,36,0,3478,0,12400,192,1.0
,locks,test_locks_15_true-unreach-call_false-termination.c,ForwardPredicates.epf,AutomizerC.xml,ExpectedResult: SAFE UltimateResult: SAFE   [ShortDescription: All specifications hold LongDescription: 1 specifications checked. All of them hold],312026062.0,477626368,15,0,1005,0,1485,45,1.0
,systemc,token_ring.03_false-unreach-call_false-termination.cil.c,TreeInterpolation.epf,AutomizerC.xml,ExpectedResult: UNSAFE UltimateResult: UNSAFE   a call of __VERIFIER_error() is reachable ,16330045777.0,6264193024,26,0,-,-,-,-,0.9344101811062163
,systemc,transmitter.11_false-unreach-call_false-termination.cil.c,TreeInterpolation.epf,AutomizerC.xml,ExpectedResult: UNSAFE UltimateResult: TIMEOUT   [ShortDescription: Timeout LongDescription: Unable to prove that call of __VERIFIER_error() unreachable (line 11)],303095341083.0,5726797824,13,0,-,-,-,-,0.9895366218236173
,locks,test_locks_15_false-unreach-call.c,TreeInterpolation.epf,AutomizerC.xml,ExpectedResult: UNSAFE UltimateResult: UNSAFE   a call of __VERIFIER_error() is reachable ,80187563.0,477626368,2,0,-,-,-,-,1.0
,locks,test_locks_5_true-unreach-call_false-termination.c,TreeInterpolation.epf,AutomizerC.xml,ExpectedResult: SAFE UltimateResult: SAFE   [ShortDescription: All specifications hold LongDescription: 1 specifications checked. All of them hold],61107203.0,477626368,5,0,-,-,-,-,1.0
,systemc,transmitter.03_false-unreach-call_false-termination.cil.c,TreeInterpolation.epf,AutomizerC.xml,ExpectedResult: UNSAFE UltimateResult: UNSAFE   a call of __VERIFIER_error() is reachable ,44884716490.0,5.53385984E+9,23,0,-,-,-,-,0.9116279069767442
,systemc,pipeline_true-unreach-call_false-termination.cil.c,TreeInterpolation.epf,AutomizerC.xml,ExpectedResult: SAFE UltimateResult: SAFE   [ShortDescription: All specifications hold LongDescription: 1 specifications checked. All of them hold],160190236683.0,5887229952,25,0,-,-,-,-,0.7722912813454342
,systemc,token_ring.04_false-unreach-call_false-termination.cil.c,ForwardPredicates.epf,AutomizerC.xml,ExpectedResult: UNSAFE UltimateResult: UNSAFE   a call of __VERIFIER_error() is reachable ,110855001278.0,6319767552,36,0,12979,0,48062,459,0.9911753297129557
,recursive,EvenOdd01_true-unreach-call_true-termination.c,TreeInterpolation.epf,AutomizerC.xml,ExpectedResult: SAFE UltimateResult: TIMEOUT   [ShortDescription: Timeout LongDescription: Timout or Toolchain cancelled by user],300005208950.0,4422893568,-,-,-,-,-,-,-
,ssh-simplified,s3_srvr_2_false-unreach-call.cil.c,TreeInterpolation.epf,AutomizerC.xml,ExpectedResult: UNSAFE UltimateResult: UNSAFE   a call of __VERIFIER_error() is reachable ,399723113.0,4751622144,16,0,-,-,-,-,1.0
,systemc,token_ring.05_true-unreach-call_false-termination.cil.c,ForwardPredicates.epf,AutomizerC.xml,ExpectedResult: SAFE UltimateResult: UNKNOWN   Unable to prove that call of __VERIFIER_error() unreachable ,305738118829.0,5645533184,28,0,8180,0,41557,197,0.9779935275080907
,systemc,token_ring.06_true-unreach-call_false-termination.cil.c,ForwardPredicates.epf,AutomizerC.xml,ExpectedResult: SAFE UltimateResult: TIMEOUT   [ShortDescription: Timeout LongDescription: Unable to prove that call of __VERIFIER_error() unreachable (line 10)],304933340707.0,5726797824,19,0,5474,0,40455,114,0.9927774130006566
,systemc,transmitter.16_false-unreach-call_false-termination.cil.c,ForwardPredicates.epf,AutomizerC.xml,ExpectedResult: UNSAFE UltimateResult: TIMEOUT   [ShortDescription: Timeout LongDescription: Timout or Toolchain cancelled by user],299999982003.0,5208276992,-,-,-,-,-,-,-
,locks,test_locks_13_true-unreach-call.c,TreeInterpolation.epf,AutomizerC.xml,ExpectedResult: SAFE UltimateResult: SAFE   [ShortDescription: All specifications hold LongDescription: 1 specifications checked. All of them hold],247095526.0,378535936,13,0,-,-,-,-,1.0
,systemc,mem_slave_tlm.3_true-unreach-call_false-termination.cil.c,TreeInterpolation.epf,AutomizerC.xml,ExpectedResult: SAFE UltimateResult: TIMEOUT   [ShortDescription: Timeout LongDescription: Unable to prove that call of __VERIFIER_error() unreachable (line 10)],299998069572.0,5540151296,30,0,-,-,-,-,0.7378964941569283
,systemc,token_ring.11_false-unreach-call_false-termination.cil.c,TreeInterpolation.epf,AutomizerC.xml,ExpectedResult: UNSAFE UltimateResult: TIMEOUT   [ShortDescription: Timeout LongDescription: Unable to prove that call of __VERIFIER_error() unreachable (line 10)],303801427929.0,5726797824,11,0,-,-,-,-,0.9357021996615905
,locks,test_locks_15_false-unreach-call.c,ForwardPredicates.epf,AutomizerC.xml,ExpectedResult: UNSAFE UltimateResult: UNSAFE   a call of __VERIFIER_error() is reachable ,80811461.0,477626368,1,0,0,0,0,0,1.0
,systemc,token_ring.06_false-unreach-call_false-termination.cil.c,ForwardPredicates.epf,AutomizerC.xml,ExpectedResult: UNSAFE UltimateResult: TIMEOUT   [ShortDescription: Timeout LongDescription: Unable to prove that call of __VERIFIER_error() unreachable (line 10)],310507818578.0,5726797824,19,0,5234,0,39105,112,0.9898236092265943
,systemc,transmitter.13_false-unreach-call_false-termination.cil.c,ForwardPredicates.epf,AutomizerC.xml,ExpectedResult: UNSAFE UltimateResult: TIMEOUT   [ShortDescription: Timeout LongDescription: Timout or Toolchain cancelled by user],300013238471.0,5598871552,-,-,-,-,-,-,-
,systemc,mem_slave_tlm.2_true-unreach-call_false-termination.cil.c,ForwardPredicates.epf,AutomizerC.xml,ExpectedResult: SAFE UltimateResult: SAFE   [ShortDescription: All specifications hold LongDescription: 1 specifications checked. All of them hold],10228111492.0,5726797824,28,0,11248,0,27318,287,0.7252679938744258
,systemc,token_ring.14_false-unreach-call_false-termination.cil.c,ForwardPredicates.epf,AutomizerC.xml,ExpectedResult: UNSAFE UltimateResult: TIMEOUT   [ShortDescription: Timeout LongDescription: Unable to prove that call of __VERIFIER_error() unreachable (line 10)],307645694053.0,5726797824,11,0,3280,0,384208,78,0.944954128440367
,recursive,BallRajamani-SPIN2000-Fig1_false-unreach-call.c,ForwardPredicates.epf,AutomizerC.xml,ExpectedResult: UNSAFE UltimateResult: UNSAFE   a call of __VERIFIER_error() is reachable ,22845486.0,4439670784,2,0,32,0,36,4,0.25
,recursive,Fibonacci01_true-unreach-call.c,ForwardPredicates.epf,AutomizerC.xml,ExpectedResult: SAFE UltimateResult: UNKNOWN   Unable to prove that call of __VERIFIER_error() unreachable ,317977186174.0,4426563584,43,0,547436,0,512459,44771,0.8890029574311342
,systemc,kundu_true-unreach-call_false-termination.cil.c,ForwardPredicates.epf,AutomizerC.xml,ExpectedResult: SAFE UltimateResult: TIMEOUT   [ShortDescription: Timeout LongDescription: Timout or Toolchain cancelled by user],300012598991.0,5200412672,-,-,-,-,-,-,-
,ssh-simplified,s3_srvr_4_true-unreach-call.cil.c,ForwardPredicates.epf,AutomizerC.xml,ExpectedResult: SAFE UltimateResult: SAFE   [ShortDescription: All specifications hold LongDescription: 2 specifications checked. All of them hold],894872414.0,4753719296,17,0,6277,0,5425,46,0.9165714285714286
,ntdrivers-simplified,floppy_simpl4_true-unreach-call_true-termination.cil.c,TreeInterpolation.epf,AutomizerC.xml,ExpectedResult: SAFE UltimateResult: SAFE   [ShortDescription: All specifications hold LongDescription: 2 specifications checked. All of them hold],2708865788.0,2379743232,60,0,-,-,-,-,1.0
,ssh-simplified,s3_clnt_2_true-unreach-call_true-termination.cil.c,ForwardPredicates.epf,AutomizerC.xml,ExpectedResult: SAFE UltimateResult: SAFE   [ShortDescription: All specifications hold LongDescription: 2 specifications checked. All of them hold],1082405886.0,4.77364224E+9,18,0,6318,0,7176,57,0.9412918804708723
,systemc,transmitter.13_false-unreach-call_false-termination.cil.c,TreeInterpolation.epf,AutomizerC.xml,ExpectedResult: UNSAFE UltimateResult: EXCEPTION_OR_ERROR   [de.uni_freiburg.informatik.ultimate.plugins.generator.traceabstraction: OutOfMemoryError: GC overhead limit exceeded],560178750213.0,5640290304,-,-,-,-,-,-,-
,locks,test_locks_10_true-unreach-call.c,TreeInterpolation.epf,AutomizerC.xml,ExpectedResult: SAFE UltimateResult: SAFE   [ShortDescription: All specifications hold LongDescription: 1 specifications checked. All of them hold],547236494.0,378535936,10,0,-,-,-,-,1.0
,ssh-simplified,s3_srvr_14_false-unreach-call.cil.c,TreeInterpolation.epf,AutomizerC.xml,ExpectedResult: UNSAFE UltimateResult: UNSAFE   a call of __VERIFIER_error() is reachable ,367672713.0,4756340736,18,0,-,-,-,-,0.9024390243902439
,systemc,mem_slave_tlm.2_true-unreach-call_false-termination.cil.c,TreeInterpolation.epf,AutomizerC.xml,ExpectedResult: SAFE UltimateResult: TIMEOUT   [ShortDescription: Timeout LongDescription: Unable to prove that call of __VERIFIER_error() unreachable (line 10)],299998278610.0,5589958656,31,0,-,-,-,-,0.6647398843930635
,systemc,pc_sfifo_2_true-unreach-call_false-termination.cil.c,ForwardPredicates.epf,AutomizerC.xml,ExpectedResult: SAFE UltimateResult: SAFE   [ShortDescription: All specifications hold LongDescription: 1 specifications checked. All of them hold],3466289407.0,6.38058496E+9,25,0,6916,0,14171,333,0.8664040114613181
,ssh-simplified,s3_srvr_1_true-unreach-call.cil.c,TreeInterpolation.epf,AutomizerC.xml,ExpectedResult: SAFE UltimateResult: SAFE   [ShortDescription: All specifications hold LongDescription: 2 specifications checked. All of them hold],1001417534.0,4.75529216E+9,28,0,-,-,-,-,0.9470642933049946
,locks,test_locks_14_false-unreach-call.c,TreeInterpolation.epf,AutomizerC.xml,ExpectedResult: UNSAFE UltimateResult: UNSAFE   a call of __VERIFIER_error() is reachable ,80979066.0,378535936,1,0,-,-,-,-,1.0
,ssh-simplified,s3_srvr_13_false-unreach-call.cil.c,ForwardPredicates.epf,AutomizerC.xml,ExpectedResult: UNSAFE UltimateResult: UNSAFE   a call of __VERIFIER_error() is reachable ,550557167.0,4756865024,24,0,1811,0,2399,66,0.9888268156424581
,ssh-simplified,s3_srvr_1b_true-unreach-call_false-termination.cil.c,ForwardPredicates.epf,AutomizerC.xml,ExpectedResult: SAFE UltimateResult: SAFE   [ShortDescription: All specifications hold LongDescription: 2 specifications checked. All of them hold],48107742.0,4753195008,6,0,162,0,223,14,0.825
,ntdrivers-simplified,floppy_simpl3_true-unreach-call_true-termination.cil.c,ForwardPredicates.epf,AutomizerC.xml,ExpectedResult: SAFE UltimateResult: SAFE   [ShortDescription: All specifications hold LongDescription: 2 specifications checked. All of them hold],2821356092.0,2.3855104E+9,54,0,6444,0,22763,359,1.0
,locks,test_locks_12_true-unreach-call_false-termination.c,TreeInterpolation.epf,AutomizerC.xml,ExpectedResult: SAFE UltimateResult: SAFE   [ShortDescription: All specifications hold LongDescription: 1 specifications checked. All of them hold],257117450.0,378535936,12,0,-,-,-,-,1.0
,ssh-simplified,s3_clnt_1_false-unreach-call.cil.c,TreeInterpolation.epf,AutomizerC.xml,ExpectedResult: UNSAFE UltimateResult: UNSAFE   a call of __VERIFIER_error() is reachable ,338640429.0,4790419456,16,0,-,-,-,-,0.8958579881656805
,ssh-simplified,s3_clnt_1_true-unreach-call.cil.c,ForwardPredicates.epf,AutomizerC.xml,ExpectedResult: SAFE UltimateResult: SAFE   [ShortDescription: All specifications hold LongDescription: 2 specifications checked. All of them hold],1038712512.0,4787273728,18,0,5912,0,6897,57,0.8963696369636963
,systemc,token_ring.02_false-unreach-call_false-termination.cil.c,TreeInterpolation.epf,AutomizerC.xml,ExpectedResult: UNSAFE UltimateResult: UNSAFE   a call of __VERIFIER_error() is reachable ,5150789099.0,5960630272,15,0,-,-,-,-,0.9327505043712172
,systemc,pc_sfifo_2_true-unreach-call_false-termination.cil.c,TreeInterpolation.epf,AutomizerC.xml,ExpectedResult: SAFE UltimateResult: SAFE   [ShortDescription: All specifications hold LongDescription: 1 specifications checked. All of them hold],15944249613.0,6.39369216E+9,19,0,-,-,-,-,0.7901726427622842
,locks,test_locks_8_true-unreach-call_false-termination.c,TreeInterpolation.epf,AutomizerC.xml,ExpectedResult: SAFE UltimateResult: SAFE   [ShortDescription: All specifications hold LongDescription: 1 specifications checked. All of them hold],92676243.0,477626368,8,0,-,-,-,-,1.0
,systemc,kundu2_false-unreach-call_false-termination.cil.c,TreeInterpolation.epf,AutomizerC.xml,ExpectedResult: UNSAFE UltimateResult: UNSAFE   a call of __VERIFIER_error() is reachable ,117789555216.0,4520935424,37,0,-,-,-,-,0.9345186470078057
,recursive,BallRajamani-SPIN2000-Fig1_false-unreach-call.c,TreeInterpolation.epf,AutomizerC.xml,ExpectedResult: UNSAFE UltimateResult: UNSAFE   a call of __VERIFIER_error() is reachable ,18874426.0,4452253696,2,0,-,-,-,-,0.25
,systemc,pc_sfifo_3_true-unreach-call_false-termination.cil.c,TreeInterpolation.epf,AutomizerC.xml,ExpectedResult: SAFE UltimateResult: SAFE   [ShortDescription: All specifications hold LongDescription: 1 specifications checked. All of them hold],214839479.0,6391595008,5,0,-,-,-,-,1.0
,ssh-simplified,s3_srvr_1b_true-unreach-call_false-termination.cil.c,TreeInterpolation.epf,AutomizerC.xml,ExpectedResult: SAFE UltimateResult: SAFE   [ShortDescription: All specifications hold LongDescription: 2 specifications checked. All of them hold],42817948.0,4752146432,6,0,-,-,-,-,0.86
,recursive,EvenOdd03_false-unreach-call_false-termination.c,TreeInterpolation.epf,AutomizerC.xml,ExpectedResult: UNSAFE UltimateResult: UNSAFE   a call of __VERIFIER_error() is reachable ,8781020.0,4385144832,1,0,-,-,-,-,1.0
,recursive,Fibonacci03_true-unreach-call_true-termination.c,TreeInterpolation.epf,AutomizerC.xml,ExpectedResult: SAFE UltimateResult: SAFE   [ShortDescription: All specifications hold LongDescription: 1 specifications checked. All of them hold],24151290660.0,4409786368,19,0,-,-,-,-,0.8499332678233578
,systemc,toy_true-unreach-call_false-termination.cil.c,ForwardPredicates.epf,AutomizerC.xml,ExpectedResult: SAFE UltimateResult: TIMEOUT   [ShortDescription: Timeout LongDescription: Timout or Toolchain cancelled by user],300009978087.0,5738856448,-,-,-,-,-,-,-
,systemc,token_ring.06_true-unreach-call_false-termination.cil.c,TreeInterpolation.epf,AutomizerC.xml,ExpectedResult: SAFE UltimateResult: TIMEOUT   [ShortDescription: Timeout LongDescription: Unable to prove that call of __VERIFIER_error() unreachable (line 10)],306815517029.0,5726797824,12,0,-,-,-,-,0.9283874291602267
,recursive,Addition02_false-unreach-call_false-termination.c,ForwardPredicates.epf,AutomizerC.xml,ExpectedResult: UNSAFE UltimateResult: UNSAFE   a call of __VERIFIER_error() is reachable ,28845250.0,4402970624,3,0,62,0,51,12,1.0
,systemc,pipeline_false-unreach-call_false-termination.cil.c,TreeInterpolation.epf,AutomizerC.xml,ExpectedResult: UNSAFE UltimateResult: UNSAFE   a call of __VERIFIER_error() is reachable ,33503195289.0,6.03193344E+9,22,0,-,-,-,-,0.7666254717926451
,systemc,transmitter.07_false-unreach-call_false-termination.cil.c,ForwardPredicates.epf,AutomizerC.xml,ExpectedResult: UNSAFE UltimateResult: EXCEPTION_OR_ERROR   [de.uni_freiburg.informatik.ultimate.plugins.generator.traceabstraction: OutOfMemoryError: GC overhead limit exceeded],598518159493.0,5726797824,-,-,-,-,-,-,-
,recursive,EvenOdd01_true-unreach-call_true-termination.c,ForwardPredicates.epf,AutomizerC.xml,ExpectedResult: SAFE UltimateResult: TIMEOUT   [ShortDescription: Timeout LongDescription: Timout or Toolchain cancelled by user],300011904182.0,4451729408,-,-,-,-,-,-,-
,recursive,Ackermann01_true-unreach-call.c,TreeInterpolation.epf,AutomizerC.xml,ExpectedResult: SAFE UltimateResult: SAFE   [ShortDescription: All specifications hold LongDescription: 1 specifications checked. All of them hold],256918219.0,3832020992,9,0,-,-,-,-,0.6722129783693843
,locks,test_locks_6_true-unreach-call_false-termination.c,ForwardPredicates.epf,AutomizerC.xml,ExpectedResult: SAFE UltimateResult: SAFE   [ShortDescription: All specifications hold LongDescription: 1 specifications checked. All of them hold],90005233.0,477626368,6,0,213,0,297,18,1.0
,recursive,gcd01_true-unreach-call_true-termination.c,ForwardPredicates.epf,AutomizerC.xml,ExpectedResult: SAFE UltimateResult: EXCEPTION_OR_ERROR   [de.uni_freiburg.informatik.ultimate.plugins.generator.traceabstraction: SMTLIBException: Cannot create quantifier in quantifier-free logic: de.uni_freiburg.informatik.ultimate.logic.NoopScript.quantifier(NoopScript.java:305)],48587091.0,3207069696,-,-,-,-,-,-,-
,systemc,kundu1_false-unreach-call_false-termination.cil.c,ForwardPredicates.epf,AutomizerC.xml,ExpectedResult: UNSAFE UltimateResult: UNSAFE   a call of __VERIFIER_error() is reachable ,7890386187.0,4.82869248E+9,23,0,5478,0,10458,242,0.9534503879134341
,ssh-simplified,s3_clnt_4_true-unreach-call.cil.c,ForwardPredicates.epf,AutomizerC.xml,ExpectedResult: SAFE UltimateResult: SAFE   [ShortDescription: All specifications hold LongDescription: 2 specifications checked. All of them hold],1000175951.0,4756865024,18,0,5892,0,6766,56,0.922107243650047
,systemc,bist_cell_true-unreach-call_false-termination.cil.c,TreeInterpolation.epf,AutomizerC.xml,ExpectedResult: SAFE UltimateResult: SAFE   [ShortDescription: All specifications hold LongDescription: 1 specifications checked. All of them hold],77174234009.0,4823973888,14,0,-,-,-,-,0.7380382775119617
,systemc,token_ring.01_true-unreach-call_false-termination.cil.c,TreeInterpolation.epf,AutomizerC.xml,ExpectedResult: SAFE UltimateResult: SAFE   [ShortDescription: All specifications hold LongDescription: 1 specifications checked. All of them hold],3166668148.0,5.85367552E+9,10,0,-,-,-,-,0.9178378378378378
,recursive,recHanoi03_true-unreach-call_true-termination.c,TreeInterpolation.epf,AutomizerC.xml,ExpectedResult: SAFE UltimateResult: SAFE   [ShortDescription: All specifications hold LongDescription: 1 specifications checked. All of them hold],17065292862.0,4.79199232E+9,28,0,-,-,-,-,0.5165816326530612
,ssh-simplified,s3_srvr_11_false-unreach-call.cil.c,TreeInterpolation.epf,AutomizerC.xml,ExpectedResult: UNSAFE UltimateResult: UNSAFE   a call of __VERIFIER_error() is reachable ,1150181454.0,4.75529216E+9,33,0,-,-,-,-,0.8905750798722045
,recursive,Fibonacci03_true-unreach-call_true-termination.c,ForwardPredicates.epf,AutomizerC.xml,ExpectedResult: SAFE UltimateResult: TIMEOUT   [ShortDescription: Timeout LongDescription: Timout or Toolchain cancelled by user],314688442202.0,4.44596224E+9,-,-,-,-,-,-,-
,systemc,transmitter.09_false-unreach-call_false-termination.cil.c,ForwardPredicates.epf,AutomizerC.xml,ExpectedResult: UNSAFE UltimateResult: EXCEPTION_OR_ERROR   [de.uni_freiburg.informatik.ultimate.plugins.generator.traceabstraction: OutOfMemoryError: GC overhead limit exceeded],449230633802.0,5.53910272E+9,-,-,-,-,-,-,-
,systemc,mem_slave_tlm.5_true-unreach-call_false-termination.cil.c,ForwardPredicates.epf,AutomizerC.xml,ExpectedResult: SAFE UltimateResult: SAFE   [ShortDescription: All specifications hold LongDescription: 1 specifications checked. All of them hold],18677465024.0,6025641984,37,0,29796,0,60788,563,0.8761940438284322
,locks,test_locks_8_true-unreach-call_false-termination.c,ForwardPredicates.epf,AutomizerC.xml,ExpectedResult: SAFE UltimateResult: SAFE   [ShortDescription: All specifications hold LongDescription: 1 specifications checked. All of them hold],120396619.0,477626368,8,0,340,0,484,24,1.0
,systemc,token_ring.08_true-unreach-call_false-termination.cil.c,ForwardPredicates.epf,AutomizerC.xml,ExpectedResult: SAFE UltimateResult: TIMEOUT   [ShortDescription: Timeout LongDescription: Unable to prove that call of __VERIFIER_error() unreachable (line 10)],304329862900.0,5726797824,11,0,3448,0,46629,72,0.9025608994378513
,recursive,McCarthy91_true-unreach-call.c,ForwardPredicates.epf,AutomizerC.xml,ExpectedResult: SAFE UltimateResult: SAFE   [ShortDescription: All specifications hold LongDescription: 1 specifications checked. All of them hold],54531122.0,4376231936,2,0,120,0,60,21,0.6666666666666666
,ssh-simplified,s3_srvr_8_true-unreach-call.cil.c,TreeInterpolation.epf,AutomizerC.xml,ExpectedResult: SAFE UltimateResult: SAFE   [ShortDescription: All specifications hold LongDescription: 2 specifications checked. All of them hold],1062160991.0,4747952128,34,0,-,-,-,-,0.9658598456822746
,systemc,token_ring.10_true-unreach-call_false-termination.cil.c,ForwardPredicates.epf,AutomizerC.xml,ExpectedResult: SAFE UltimateResult: TIMEOUT   [ShortDescription: Timeout LongDescription: Unable to prove that call of __VERIFIER_error() unreachable (line 10)],307620248155.0,5726797824,11,0,2677,0,98853,76,0.9319727891156463
,locks,test_locks_9_true-unreach-call.c,TreeInterpolation.epf,AutomizerC.xml,ExpectedResult: SAFE UltimateResult: SAFE   [ShortDescription: All specifications hold LongDescription: 1 specifications checked. All of them hold],107011210.0,477626368,9,0,-,-,-,-,1.0
,systemc,transmitter.02_false-unreach-call_false-termination.cil.c,TreeInterpolation.epf,AutomizerC.xml,ExpectedResult: UNSAFE UltimateResult: UNSAFE   a call of __VERIFIER_error() is reachable ,5435238715.0,5443682304,14,0,-,-,-,-,0.9117291414752116
,ssh-simplified,s3_srvr_6_true-unreach-call.cil.c,TreeInterpolation.epf,AutomizerC.xml,ExpectedResult: SAFE UltimateResult: SAFE   [ShortDescription: All specifications hold LongDescription: 2 specifications checked. All of them hold],1829770375.0,4754243584,40,0,-,-,-,-,0.9440399593633593
,systemc,token_ring.05_false-unreach-call_false-termination.cil.c,ForwardPredicates.epf,AutomizerC.xml,ExpectedResult: UNSAFE UltimateResult: TIMEOUT   [ShortDescription: Timeout LongDescription: Unable to prove that call of __VERIFIER_error() unreachable (line 10)],303466440738.0,5726797824,33,0,11496,0,59874,275,0.9888720829732066
,recursive,Addition03_false-unreach-call.c,ForwardPredicates.epf,AutomizerC.xml,ExpectedResult: UNSAFE UltimateResult: TIMEOUT   [ShortDescription: Timeout LongDescription: Timout or Toolchain cancelled by user],300019808272.0,4.43547648E+9,-,-,-,-,-,-,-
,locks,test_locks_12_true-unreach-call_false-termination.c,ForwardPredicates.epf,AutomizerC.xml,ExpectedResult: SAFE UltimateResult: SAFE   [ShortDescription: All specifications hold LongDescription: 1 specifications checked. All of them hold],375828135.0,378535936,12,0,678,0,990,36,1.0
,ssh-simplified,s3_srvr_3_true-unreach-call.cil.c,TreeInterpolation.epf,AutomizerC.xml,ExpectedResult: SAFE UltimateResult: SAFE   [ShortDescription: All specifications hold LongDescription: 2 specifications checked. All of them hold],1051504430.0,4753195008,29,0,-,-,-,-,0.9509779800713495
,systemc,token_ring.07_true-unreach-call_false-termination.cil.c,TreeInterpolation.epf,AutomizerC.xml,ExpectedResult: SAFE UltimateResult: TIMEOUT   [ShortDescription: Timeout LongDescription: Unable to prove that call of __VERIFIER_error() unreachable (line 10)],385616620853.0,5726797824,13,0,-,-,-,-,0.9331536388140161
,ntdrivers-simplified,diskperf_simpl1_true-unreach-call_true-termination.cil.c,ForwardPredicates.epf,AutomizerC.xml,ExpectedResult: SAFE UltimateResult: EXCEPTION_OR_ERROR   [de.uni_freiburg.informatik.ultimate.plugins.generator.traceabstraction: SMTLIBException: Cannot create quantifier in quantifier-free logic: de.uni_freiburg.informatik.ultimate.logic.NoopScript.quantifier(NoopScript.java:305)],1767959837.0,2383413248,-,-,-,-,-,-,-
,ssh-simplified,s3_srvr_14_false-unreach-call.cil.c,ForwardPredicates.epf,AutomizerC.xml,ExpectedResult: UNSAFE UltimateResult: UNSAFE   a call of __VERIFIER_error() is reachable ,400907591.0,4756340736,20,0,1231,0,2009,51,1.0
,ssh-simplified,s3_clnt_3_true-unreach-call.cil.c,ForwardPredicates.epf,AutomizerC.xml,ExpectedResult: SAFE UltimateResult: SAFE   [ShortDescription: All specifications hold LongDescription: 2 specifications checked. All of them hold],1073193992.0,4760010752,18,0,6044,0,7002,56,0.9322881921280853
,systemc,token_ring.11_true-unreach-call_false-termination.cil.c,TreeInterpolation.epf,AutomizerC.xml,ExpectedResult: SAFE UltimateResult: TIMEOUT   [ShortDescription: Timeout LongDescription: Unable to prove that call of __VERIFIER_error() unreachable (line 10)],302885579501.0,5726797824,12,0,-,-,-,-,0.9434850863422292
,systemc,token_ring.06_false-unreach-call_false-termination.cil.c,TreeInterpolation.epf,AutomizerC.xml,ExpectedResult: UNSAFE UltimateResult: TIMEOUT   [ShortDescription: Timeout LongDescription: Unable to prove that call of __VERIFIER_error() unreachable (line 10)],309726521673.0,5726797824,10,0,-,-,-,-,0.912621359223301
,systemc,bist_cell_true-unreach-call_false-termination.cil.c,ForwardPredicates.epf,AutomizerC.xml,ExpectedResult: SAFE UltimateResult: SAFE   [ShortDescription: All specifications hold LongDescription: 1 specifications checked. All of them hold],63665097634.0,4797759488,13,0,4955,0,10170,227,0.7965616045845272
,systemc,token_ring.09_false-unreach-call_false-termination.cil.c,TreeInterpolation.epf,AutomizerC.xml,ExpectedResult: UNSAFE UltimateResult: TIMEOUT   [ShortDescription: Timeout LongDescription: Unable to prove that call of __VERIFIER_error() unreachable (line 10)],301471570045.0,5726797824,10,0,-,-,-,-,0.9231805929919138
,ssh-simplified,s3_srvr_6_false-unreach-call.cil.c,ForwardPredicates.epf,AutomizerC.xml,ExpectedResult: UNSAFE UltimateResult: UNSAFE   a call of __VERIFIER_error() is reachable ,67704131.0,4754767872,1,0,0,0,0,0,1.0
,systemc,token_ring.13_true-unreach-call_false-termination.cil.c,TreeInterpolation.epf,AutomizerC.xml,ExpectedResult: SAFE UltimateResult: EXCEPTION_OR_ERROR   [de.uni_freiburg.informatik.ultimate.plugins.generator.traceabstraction: OutOfMemoryError: GC overhead limit exceeded],636050152079.0,5726797824,-,-,-,-,-,-,-
,ssh-simplified,s3_clnt_2_false-unreach-call_true-termination.cil.c,TreeInterpolation.epf,AutomizerC.xml,ExpectedResult: UNSAFE UltimateResult: UNSAFE   a call of __VERIFIER_error() is reachable ,357268423.0,4777312256,15,0,-,-,-,-,0.875177304964539
,recursive,recHanoi01_true-unreach-call_true-termination.c,TreeInterpolation.epf,AutomizerC.xml,ExpectedResult: SAFE UltimateResult: EXCEPTION_OR_ERROR   [de.uni_freiburg.informatik.ultimate.plugins.generator.traceabstraction: OutOfMemoryError: GC overhead limit exceeded: java.util.TreeMap.put(TreeMap.java:569)],1276700490232.0,5876744192,-,-,-,-,-,-,-
,recursive,MultCommutative_true-unreach-call_true-termination.c,ForwardPredicates.epf,AutomizerC.xml,ExpectedResult: SAFE UltimateResult: TIMEOUT   [ShortDescription: Timeout LongDescription: Timout or Toolchain cancelled by user],300000091003.0,4445437952,-,-,-,-,-,-,-
,ntdrivers-simplified,floppy_simpl3_false-unreach-call_true-termination.cil.c,TreeInterpolation.epf,AutomizerC.xml,ExpectedResult: UNSAFE UltimateResult: UNSAFE   a call of __VERIFIER_error() is reachable ,1634358907.0,2384986112,36,0,-,-,-,-,1.0
,systemc,transmitter.01_false-unreach-call_false-termination.cil.c,TreeInterpolation.epf,AutomizerC.xml,ExpectedResult: UNSAFE UltimateResult: UNSAFE   a call of __VERIFIER_error() is reachable ,152946660.0,5440536576,4,0,-,-,-,-,1.0
,systemc,token_ring.13_false-unreach-call_false-termination.cil.c,TreeInterpolation.epf,AutomizerC.xml,ExpectedResult: UNSAFE UltimateResult: TIMEOUT   [ShortDescription: Timeout LongDescription: Unable to prove that call of __VERIFIER_error() unreachable (line 10)],305434700628.0,5.55220992E+9,11,0,-,-,-,-,0.956232159847764
,systemc,token_ring.05_true-unreach-call_false-termination.cil.c,TreeInterpolation.epf,AutomizerC.xml,ExpectedResult: SAFE UltimateResult: TIMEOUT   [ShortDescription: Timeout LongDescription: Unable to prove that call of __VERIFIER_error() unreachable (line 10)],304492260838.0,5726797824,23,0,-,-,-,-,0.9442591710338256
,systemc,toy1_false-unreach-call_false-termination.cil.c,TreeInterpolation.epf,AutomizerC.xml,ExpectedResult: UNSAFE UltimateResult: UNSAFE   a call of __VERIFIER_error() is reachable ,115467142143.0,5297405952,29,0,-,-,-,-,0.7034518828451883
,systemc,toy_true-unreach-call_false-termination.cil.c,TreeInterpolation.epf,AutomizerC.xml,ExpectedResult: SAFE UltimateResult: TIMEOUT   [ShortDescription: Timeout LongDescription: Unable to prove that call of __VERIFIER_error() unreachable (line 13)],299999216899.0,5750915072,33,0,-,-,-,-,0.5767634854771784
,ssh-simplified,s3_srvr_6_false-unreach-call.cil.c,TreeInterpolation.epf,AutomizerC.xml,ExpectedResult: UNSAFE UltimateResult: UNSAFE   a call of __VERIFIER_error() is reachable ,52685203.0,4754243584,1,0,-,-,-,-,1.0
,systemc,token_ring.03_false-unreach-call_false-termination.cil.c,ForwardPredicates.epf,AutomizerC.xml,ExpectedResult: UNSAFE UltimateResult: UNSAFE   a call of __VERIFIER_error() is reachable ,25534654241.0,6220152832,27,0,7647,0,24061,320,0.9899271324474925
,recursive,Fibonacci02_true-unreach-call_true-termination.c,TreeInterpolation.epf,AutomizerC.xml,ExpectedResult: SAFE UltimateResult: SAFE   [ShortDescription: All specifications hold LongDescription: 1 specifications checked. All of them hold],2335710051.0,4426563584,25,0,-,-,-,-,0.8850211494572688
,recursive,Ackermann02_false-unreach-call_false-termination.c,TreeInterpolation.epf,AutomizerC.xml,ExpectedResult: UNSAFE UltimateResult: UNSAFE   a call of __VERIFIER_error() is reachable ,45158256.0,3813670912,4,0,-,-,-,-,0.7894736842105263
,systemc,token_ring.09_true-unreach-call_false-termination.cil.c,ForwardPredicates.epf,AutomizerC.xml,ExpectedResult: SAFE UltimateResult: TIMEOUT   [ShortDescription: Timeout LongDescription: Unable to prove that call of __VERIFIER_error() unreachable (line 10)],318380788633.0,5726797824,10,0,3355,0,71424,69,0.9158936301793444
,ssh-simplified,s3_srvr_1_false-unreach-call.cil.c,TreeInterpolation.epf,AutomizerC.xml,ExpectedResult: UNSAFE UltimateResult: UNSAFE   a call of __VERIFIER_error() is reachable ,412185504.0,4.75529216E+9,17,0,-,-,-,-,1.0
,locks,test_locks_11_true-unreach-call_false-termination.c,TreeInterpolation.epf,AutomizerC.xml,ExpectedResult: SAFE UltimateResult: SAFE   [ShortDescription: All specifications hold LongDescription: 1 specifications checked. All of them hold],310600533.0,378535936,11,0,-,-,-,-,1.0
,ssh-simplified,s3_srvr_6_true-unreach-call.cil.c,ForwardPredicates.epf,AutomizerC.xml,ExpectedResult: SAFE UltimateResult: SAFE   [ShortDescription: All specifications hold LongDescription: 2 specifications checked. All of them hold],1301993573.0,4.75267072E+9,20,0,8104,0,6268,72,0.8222357971899816
,systemc,token_ring.01_true-unreach-call_false-termination.cil.c,ForwardPredicates.epf,AutomizerC.xml,ExpectedResult: SAFE UltimateResult: SAFE   [ShortDescription: All specifications hold LongDescription: 1 specifications checked. All of them hold],1605959805.0,5875695616,9,0,1794,0,3981,103,0.9726247987117552
,systemc,transmitter.15_false-unreach-call_false-termination.cil.c,ForwardPredicates.epf,AutomizerC.xml,ExpectedResult: UNSAFE UltimateResult: UNSAFE   a call of __VERIFIER_error() is reachable ,283215721741.0,5645533184,6,0,1046,0,251970,37,1.0
,locks,test_locks_7_true-unreach-call_false-termination.c,TreeInterpolation.epf,AutomizerC.xml,ExpectedResult: SAFE UltimateResult: SAFE   [ShortDescription: All specifications hold LongDescription: 1 specifications checked. All of them hold],83714774.0,477626368,7,0,-,-,-,-,1.0
,locks,test_locks_10_true-unreach-call.c,ForwardPredicates.epf,AutomizerC.xml,ExpectedResult: SAFE UltimateResult: SAFE   [ShortDescription: All specifications hold LongDescription: 1 specifications checked. All of them hold],1311881359,378535936,10,0,495,0,715,30,1.0
,ssh-simplified,s3_clnt_2_false-unreach-call_true-termination.cil.c,ForwardPredicates.epf,AutomizerC.xml,ExpectedResult: UNSAFE UltimateResult: UNSAFE   a call of __VERIFIER_error() is reachable ,291637195.0,4779933696,9,0,1001,0,1102,24,0.7420924574209246
,ssh-simplified,s3_srvr_13_false-unreach-call.cil.c,TreeInterpolation.epf,AutomizerC.xml,ExpectedResult: UNSAFE UltimateResult: UNSAFE   a call of __VERIFIER_error() is reachable ,607187943.0,4756340736,26,0,-,-,-,-,1.0
,systemc,pipeline_false-unreach-call_false-termination.cil.c,ForwardPredicates.epf,AutomizerC.xml,ExpectedResult: UNSAFE UltimateResult: UNSAFE   a call of __VERIFIER_error() is reachable ,51042659322.0,6389497856,24,0,13530,0,321186,365,0.9772765246449457
,systemc,mem_slave_tlm.3_true-unreach-call_false-termination.cil.c,ForwardPredicates.epf,AutomizerC.xml,ExpectedResult: SAFE UltimateResult: SAFE   [ShortDescription: All specifications hold LongDescription: 1 specifications checked. All of them hold],13995969961.0,5676466176,32,0,17441,0,37188,390,0.7734437010998979
,recursive,Addition03_false-unreach-call.c,TreeInterpolation.epf,AutomizerC.xml,ExpectedResult: UNSAFE UltimateResult: TIMEOUT   [ShortDescription: Timeout LongDescription: Timout or Toolchain cancelled by user],300003186555.0,4452253696,-,-,-,-,-,-,-
,systemc,transmitter.07_false-unreach-call_false-termination.cil.c,TreeInterpolation.epf,AutomizerC.xml,ExpectedResult: UNSAFE UltimateResult: TIMEOUT   [ShortDescription: Timeout LongDescription: Unable to prove that call of __VERIFIER_error() unreachable (line 11)],301052337114.0,5726797824,12,0,-,-,-,-,0.9367631296891747
,recursive,Ackermann04_true-unreach-call.c,ForwardPredicates.epf,AutomizerC.xml,ExpectedResult: SAFE UltimateResult: TIMEOUT   [ShortDescription: Timeout LongDescription: Unable to prove that call of __VERIFIER_error() unreachable (line 38)],304146823514.0,4.30964736E+9,38,0,14802,0,16178,1521,0.8837806767091791
,recursive,recHanoi02_true-unreach-call_true-termination.c,TreeInterpolation.epf,AutomizerC.xml,ExpectedResult: SAFE UltimateResult: SAFE   [ShortDescription: All specifications hold LongDescription: 1 specifications checked. All of them hold],24528890.0,4.56654848E+9,3,0,-,-,-,-,0.6111111111111112
,ssh-simplified,s3_srvr_11_false-unreach-call.cil.c,ForwardPredicates.epf,AutomizerC.xml,ExpectedResult: UNSAFE UltimateResult: UNSAFE   a call of __VERIFIER_error() is reachable ,965151513.0,4754767872,38,0,3851,0,4661,105,0.9080756013745704
,systemc,transmitter.06_false-unreach-call_false-termination.cil.c,ForwardPredicates.epf,AutomizerC.xml,ExpectedResult: UNSAFE UltimateResult: UNKNOWN   Unable to prove that call of __VERIFIER_error() unreachable ,308975582909.0,5726797824,21,0,5095,0,31695,151,0.9677980852915579
,systemc,token_ring.08_false-unreach-call_false-termination.cil.c,ForwardPredicates.epf,AutomizerC.xml,ExpectedResult: UNSAFE UltimateResult: TIMEOUT   [ShortDescription: Timeout LongDescription: Unable to prove that call of __VERIFIER_error() unreachable (line 10)],305627664899.0,5726797824,12,0,3275,0,52036,76,0.9922720247295209
,ssh-simplified,s3_clnt_4_false-unreach-call.cil.c,ForwardPredicates.epf,AutomizerC.xml,ExpectedResult: UNSAFE UltimateResult: UNSAFE   a call of __VERIFIER_error() is reachable ,255157922.0,4758437888,8,0,718,0,888,20,0.7888198757763976
,ssh-simplified,s3_srvr_10_false-unreach-call.cil.c,ForwardPredicates.epf,AutomizerC.xml,ExpectedResult: UNSAFE UltimateResult: UNSAFE   a call of __VERIFIER_error() is reachable ,202986559.0,4756340736,9,0,337,0,712,21,1.0
,systemc,mem_slave_tlm.4_true-unreach-call_false-termination.cil.c,TreeInterpolation.epf,AutomizerC.xml,ExpectedResult: SAFE UltimateResult: TIMEOUT   [ShortDescription: Timeout LongDescription: Unable to prove that call of __VERIFIER_error() unreachable (line 10)],300040825186.0,5877792768,30,0,-,-,-,-,0.6927835051546392
,systemc,token_ring.09_false-unreach-call_false-termination.cil.c,ForwardPredicates.epf,AutomizerC.xml,ExpectedResult: UNSAFE UltimateResult: TIMEOUT   [ShortDescription: Timeout LongDescription: Unable to prove that call of __VERIFIER_error() unreachable (line 10)],328523484374.0,5726797824,10,0,3251,0,64819,69,0.8930041152263375
,systemc,token_ring.12_false-unreach-call_false-termination.cil.c,ForwardPredicates.epf,AutomizerC.xml,ExpectedResult: UNSAFE UltimateResult: TIMEOUT   [ShortDescription: Timeout LongDescription: Unable to prove that call of __VERIFIER_error() unreachable (line 10)],305808555029.0,5726797824,12,0,4007,0,583650,84,0.9895678092399404
,systemc,pipeline_true-unreach-call_false-termination.cil.c,ForwardPredicates.epf,AutomizerC.xml,ExpectedResult: SAFE UltimateResult: EXCEPTION_OR_ERROR   [de.uni_freiburg.informatik.ultimate.plugins.generator.traceabstraction: SMTLIBException: Cannot create quantifier in quantifier-free logic: de.uni_freiburg.informatik.ultimate.logic.NoopScript.quantifier(NoopScript.java:305)],12045957668.0,6114246656,-,-,-,-,-,-,-
,ssh-simplified,s3_clnt_3_true-unreach-call.cil.c,TreeInterpolation.epf,AutomizerC.xml,ExpectedResult: SAFE UltimateResult: SAFE   [ShortDescription: All specifications hold LongDescription: 2 specifications checked. All of them hold],1062859912.0,4759486464,28,0,-,-,-,-,0.9445897900315288
,systemc,token_ring.04_true-unreach-call_false-termination.cil.c,TreeInterpolation.epf,AutomizerC.xml,ExpectedResult: SAFE UltimateResult: SAFE   [ShortDescription: All specifications hold LongDescription: 1 specifications checked. All of them hold],78194957871.0,6054477824,33,0,-,-,-,-,0.9265893037336024
,recursive,Fibonacci04_false-unreach-call_true-termination.c,ForwardPredicates.epf,AutomizerC.xml,ExpectedResult: UNSAFE UltimateResult: UNSAFE   a call of __VERIFIER_error() is reachable ,259482150.0,4400349184,13,0,1088,0,987,81,0.8629405482378071
,systemc,toy2_false-unreach-call_false-termination.cil.c,TreeInterpolation.epf,AutomizerC.xml,ExpectedResult: UNSAFE UltimateResult: UNSAFE   a call of __VERIFIER_error() is reachable ,95404191228.0,5247598592,27,0,-,-,-,-,0.7502844141069397
,recursive,Ackermann03_true-unreach-call.c,ForwardPredicates.epf,AutomizerC.xml,ExpectedResult: SAFE UltimateResult: TIMEOUT   [ShortDescription: Timeout LongDescription: Timout or Toolchain cancelled by user],300022574046.0,4.38829056E+9,-,-,-,-,-,-,-
,ssh-simplified,s3_srvr_1_true-unreach-call.cil.c,ForwardPredicates.epf,AutomizerC.xml,ExpectedResult: SAFE UltimateResult: SAFE   [ShortDescription: All specifications hold LongDescription: 2 specifications checked. All of them hold],872433175.0,4.75529216E+9,17,0,6151,0,5473,43,0.9365772344816637
,systemc,token_ring.02_true-unreach-call_false-termination.cil.c,ForwardPredicates.epf,AutomizerC.xml,ExpectedResult: SAFE UltimateResult: SAFE   [ShortDescription: All specifications hold LongDescription: 1 specifications checked. All of them hold],2507063839.0,6072827904,20,0,4799,0,13916,178,0.9964374777342359
,recursive,Ackermann03_true-unreach-call.c,TreeInterpolation.epf,AutomizerC.xml,ExpectedResult: SAFE UltimateResult: SAFE   [ShortDescription: All specifications hold LongDescription: 1 specifications checked. All of them hold],2075415903.0,4319084544,15,0,-,-,-,-,0.791275333662877
,locks,test_locks_15_true-unreach-call_false-termination.c,TreeInterpolation.epf,AutomizerC.xml,ExpectedResult: SAFE UltimateResult: SAFE   [ShortDescription: All specifications hold LongDescription: 1 specifications checked. All of them hold],215148545.0,477626368,15,0,-,-,-,-,1.0
,locks,test_locks_6_true-unreach-call_false-termination.c,TreeInterpolation.epf,AutomizerC.xml,ExpectedResult: SAFE UltimateResult: SAFE   [ShortDescription: All specifications hold LongDescription: 1 specifications checked. All of them hold],71311887.0,477626368,6,0,-,-,-,-,1.0
,ssh-simplified,s3_srvr_4_true-unreach-call.cil.c,TreeInterpolation.epf,AutomizerC.xml,ExpectedResult: SAFE UltimateResult: SAFE   [ShortDescription: All specifications hold LongDescription: 2 specifications checked. All of them hold],1211468725.0,4753719296,30,0,-,-,-,-,0.9474925521350546
,recursive,McCarthy91_false-unreach-call_false-termination.c,TreeInterpolation.epf,AutomizerC.xml,ExpectedResult: UNSAFE UltimateResult: UNSAFE   a call of __VERIFIER_error() is reachable ,7786337.0,4379377664,1,0,-,-,-,-,1.0
,locks,test_locks_9_true-unreach-call.c,ForwardPredicates.epf,AutomizerC.xml,ExpectedResult: SAFE UltimateResult: SAFE   [ShortDescription: All specifications hold LongDescription: 1 specifications checked. All of them hold],137574766.0,477626368,9,0,414,0,594,27,1.0
,systemc,token_ring.12_true-unreach-call_false-termination.cil.c,TreeInterpolation.epf,AutomizerC.xml,ExpectedResult: SAFE UltimateResult: TIMEOUT   [ShortDescription: Timeout LongDescription: Unable to prove that call of __VERIFIER_error() unreachable (line 10)],308263312261.0,5726797824,11,0,-,-,-,-,0.8946251768033946
,systemc,token_ring.04_false-unreach-call_false-termination.cil.c,TreeInterpolation.epf,AutomizerC.xml,ExpectedResult: UNSAFE UltimateResult: UNSAFE   a call of __VERIFIER_error() is reachable ,78755118386.0,6036652032,34,0,-,-,-,-,0.9416147800347044
,recursive,McCarthy91_false-unreach-call_false-termination.c,ForwardPredicates.epf,AutomizerC.xml,ExpectedResult: UNSAFE UltimateResult: UNSAFE   a call of __VERIFIER_error() is reachable ,8828504.0,4.38304768E+9,1,0,0,0,0,0,1.0
,systemc,transmitter.09_false-unreach-call_false-termination.cil.c,TreeInterpolation.epf,AutomizerC.xml,ExpectedResult: UNSAFE UltimateResult: TIMEOUT   [ShortDescription: Timeout LongDescription: Unable to prove that call of __VERIFIER_error() unreachable (line 11)],305779918170.0,5726797824,12,0,-,-,-,-,0.9845111326234269
,systemc,token_ring.11_true-unreach-call_false-termination.cil.c,ForwardPredicates.epf,AutomizerC.xml,ExpectedResult: SAFE UltimateResult: UNKNOWN   Unable to prove that call of __VERIFIER_error() unreachable ,302940984630.0,5726797824,12,0,2593,0,173136,77,0.9727520435967303
,systemc,mem_slave_tlm.1_true-unreach-call_false-termination.cil.c,TreeInterpolation.epf,AutomizerC.xml,ExpectedResult: SAFE UltimateResult: TIMEOUT   [ShortDescription: Timeout LongDescription: Unable to prove that call of __VERIFIER_error() unreachable (line 10)],302302305210.0,5726797824,29,0,-,-,-,-,0.7335640138408305
,ssh-simplified,s3_clnt_3_false-unreach-call.cil.c,ForwardPredicates.epf,AutomizerC.xml,ExpectedResult: UNSAFE UltimateResult: UNSAFE   a call of __VERIFIER_error() is reachable ,327379106.0,4.76315648E+9,9,0,1001,0,1112,24,0.7420924574209246
,systemc,toy2_false-unreach-call_false-termination.cil.c,ForwardPredicates.epf,AutomizerC.xml,ExpectedResult: UNSAFE UltimateResult: UNSAFE   a call of __VERIFIER_error() is reachable ,93341828229.0,5.29268736E+9,44,0,23474,0,71127,947,0.6571517219981384
,systemc,kundu2_false-unreach-call_false-termination.cil.c,ForwardPredicates.epf,AutomizerC.xml,ExpectedResult: UNSAFE UltimateResult: UNSAFE   a call of __VERIFIER_error() is reachable ,274410089072.0,4.83131392E+9,40,0,10512,0,22277,505,0.9555027173913043
,systemc,transmitter.16_false-unreach-call_false-termination.cil.c,TreeInterpolation.epf,AutomizerC.xml,ExpectedResult: UNSAFE UltimateResult: EXCEPTION_OR_ERROR   [de.uni_freiburg.informatik.ultimate.plugins.generator.traceabstraction: OutOfMemoryError: Java heap space],772269394219.0,5707923456,-,-,-,-,-,-,-
,locks,test_locks_14_true-unreach-call.c,TreeInterpolation.epf,AutomizerC.xml,ExpectedResult: SAFE UltimateResult: SAFE   [ShortDescription: All specifications hold LongDescription: 1 specifications checked. All of them hold],233294164.0,477626368,14,0,-,-,-,-,1.0
,systemc,token_ring.03_true-unreach-call_false-termination.cil.c,TreeInterpolation.epf,AutomizerC.xml,ExpectedResult: SAFE UltimateResult: SAFE   [ShortDescription: All specifications hold LongDescription: 1 specifications checked. All of them hold],32812996023.0,6305087488,25,0,-,-,-,-,0.9223663522012578
,systemc,token_ring.12_true-unreach-call_false-termination.cil.c,ForwardPredicates.epf,AutomizerC.xml,ExpectedResult: SAFE UltimateResult: TIMEOUT   [ShortDescription: Timeout LongDescription: Unable to prove that call of __VERIFIER_error() unreachable (line 10)],309200874363.0,5726797824,12,0,2947,0,359733,84,0.9645569620253165
,systemc,token_ring.13_false-unreach-call_false-termination.cil.c,ForwardPredicates.epf,AutomizerC.xml,ExpectedResult: UNSAFE UltimateResult: TIMEOUT   [ShortDescription: Timeout LongDescription: Unable to prove that call of __VERIFIER_error() unreachable (line 10)],299997071864.0,5471993856,9,0,3126,0,653009,67,0.9410085632730733
,ntdrivers-simplified,cdaudio_simpl1_true-unreach-call_true-termination.cil.c,ForwardPredicates.epf,AutomizerC.xml,ExpectedResult: SAFE UltimateResult: EXCEPTION_OR_ERROR   [de.uni_freiburg.informatik.ultimate.plugins.generator.traceabstraction: SMTLIBException: Cannot create quantifier in quantifier-free logic: de.uni_freiburg.informatik.ultimate.logic.NoopScript.quantifier(NoopScript.java:305)],5034667982,1.86384384E+9,-,-,-,-,-,-,-
,systemc,transmitter.10_false-unreach-call_false-termination.cil.c,ForwardPredicates.epf,AutomizerC.xml,ExpectedResult: UNSAFE UltimateResult: TIMEOUT   [ShortDescription: Timeout LongDescription: Unable to prove that call of __VERIFIER_error() unreachable (line 11)],426505617146.0,5726797824,13,0,3075,0,131066,68,1.0
,systemc,transmitter.15_false-unreach-call_false-termination.cil.c,TreeInterpolation.epf,AutomizerC.xml,ExpectedResult: UNSAFE UltimateResult: UNSAFE   a call of __VERIFIER_error() is reachable ,7331718303.0,5149556736,10,0,-,-,-,-,1.0
,systemc,transmitter.05_false-unreach-call_false-termination.cil.c,TreeInterpolation.epf,AutomizerC.xml,ExpectedResult: UNSAFE UltimateResult: TIMEOUT   [ShortDescription: Timeout LongDescription: Unable to prove that call of __VERIFIER_error() unreachable (line 11)],307917037398.0,5952241664,16,0,-,-,-,-,0.9464285714285714
,locks,test_locks_14_false-unreach-call.c,ForwardPredicates.epf,AutomizerC.xml,ExpectedResult: UNSAFE UltimateResult: UNSAFE   a call of __VERIFIER_error() is reachable ,114831983.0,378535936,2,0,18,0,87,3,1.0
,systemc,token_ring.10_false-unreach-call_false-termination.cil.c,ForwardPredicates.epf,AutomizerC.xml,ExpectedResult: UNSAFE UltimateResult: TIMEOUT   [ShortDescription: Timeout LongDescription: Unable to prove that call of __VERIFIER_error() unreachable (line 10)],301048628673.0,5726797824,10,0,3408,0,130535,70,0.9230240549828179


################################# Summary #######################
Safe: 94
Unsafe: 82
Timeout: 74
Error: 20
Expected Safe: 144
Expected Unsafe: 126
Total: 270
CSV conversion gone wrong: 0

################################# Latex #######################
\newcommand{\headcolor}{}
\newcommand{\header}[1]{\parbox{2.8em}{\centering #1}\headcolor}
\newcommand{\folder}[1]{\parbox{5em}{#1}}
\begin{table}
\centering
\resizebox{\linewidth}{!}{%
\begin{tabu} to \linewidth {lcllcrrrr}
\toprule
  \header{}& 
  \header{\#}&
  \header{Result}&
  \header{Variant}& 
  \header{Count}&
  \header{Avg. runtime}&
  \header{Mem{-}ory}&
  \header{Iter{-}ations}&
  \header{ICC}\\
  \cmidrule(r){2-9}
\multirow{8}{*}{\folder{ntdrivers-simplified}} &
\multirow{2}{*}{4} &
\multirow{2}{*}{\folder{Unsafe}} 
 & TreeInterpolation.epf & 4 & 2.13 s & 2007.88 MB & 41 & 100.00\%\\
 &  &  & ForwardPredicates.epf & 4 & 3.33 s & 1918.88 MB & 43 & 100.00\%\\
  \cmidrule[0.01em](l){2-9}
& \multirow{2}{*}{6} &
\multirow{2}{*}{\folder{Safe}} 
 & TreeInterpolation.epf & 6 & 2.16 s & 2190.50 MB & 41 & 99.28\%\\
 &  &  & ForwardPredicates.epf & 3 & 2.25 s & 2274.67 MB & 44 & 100.00\%\\
  \cmidrule[0.01em](l){2-9}
& \multirow{2}{*}{10} &
\multirow{2}{*}{\folder{Completed}} 
 & TreeInterpolation.epf & 10 & 2.15 s & 2117.45 MB & 41 & 99.57\%\\
 &  &  & ForwardPredicates.epf & 7 & 2.87 s & 2071.36 MB & 43 & 100.00\%\\
  \cmidrule[0.01em](l){2-9}
& & \multirow{2}{*}{\folder{Timeout}} 
 & TreeInterpolation.epf & 0 & - & - & - & -\\
 &  &  & ForwardPredicates.epf & 0 & - & - & - & -\\
\midrule
\multirow{8}{*}{\folder{systemc}} &
\multirow{2}{*}{37} &
\multirow{2}{*}{\folder{Unsafe}} 
 & TreeInterpolation.epf & 15 & 35.00 s & 5325.33 MB & 18 & 91.10\%\\
 &  &  & ForwardPredicates.epf & 17 & 79.41 s & 5445.53 MB & 22 & 95.40\%\\
  \cmidrule[0.01em](l){2-9}
& \multirow{2}{*}{25} &
\multirow{2}{*}{\folder{Safe}} 
 & TreeInterpolation.epf & 10 & 49.91 s & 5677.75 MB & 20 & 87.72\%\\
 &  &  & ForwardPredicates.epf & 12 & 22.46 s & 5583.33 MB & 24 & 85.04\%\\
  \cmidrule[0.01em](l){2-9}
& \multirow{2}{*}{62} &
\multirow{2}{*}{\folder{Completed}} 
 & TreeInterpolation.epf & 25 & 40.96 s & 5466.30 MB & 19 & 89.75\%\\
 &  &  & ForwardPredicates.epf & 29 & 55.84 s & 5502.55 MB & 23 & 91.12\%\\
  \cmidrule[0.01em](l){2-9}
& & \multirow{2}{*}{\folder{Timeout}} 
 & TreeInterpolation.epf & 33 & 312.58 s & 5466.44 MB & 16 & 88.94\%\\
 &  &  & ForwardPredicates.epf & 25 & 312.61 s & 5417.40 MB & 12 & 76.75\%\\
\midrule
\multirow{8}{*}{\folder{recursive}} &
\multirow{2}{*}{8} &
\multirow{2}{*}{\folder{Unsafe}} 
 & TreeInterpolation.epf & 7 & 0.16 s & 4121.07 MB & 5 & 79.78\%\\
 &  &  & ForwardPredicates.epf & 7 & 0.12 s & 4120.93 MB & 5 & 82.68\%\\
  \cmidrule[0.01em](l){2-9}
& \multirow{2}{*}{16} &
\multirow{2}{*}{\folder{Safe}} 
 & TreeInterpolation.epf & 11 & 4.38 s & 4035.50 MB & 12 & 69.52\%\\
 &  &  & ForwardPredicates.epf & 2 & 0.63 s & 4195.25 MB & 10 & 76.56\%\\
  \cmidrule[0.01em](l){2-9}
& \multirow{2}{*}{24} &
\multirow{2}{*}{\folder{Completed}} 
 & TreeInterpolation.epf & 18 & 2.74 s & 4068.78 MB & 9 & 73.51\%\\
 &  &  & ForwardPredicates.epf & 9 & 0.23 s & 4137.44 MB & 6 & 81.32\%\\
  \cmidrule[0.01em](l){2-9}
& & \multirow{2}{*}{\folder{Timeout}} 
 & TreeInterpolation.epf & 4 & 300.01 s & 4039.63 MB & - & -\\
 &  &  & ForwardPredicates.epf & 12 & 309.74 s & 4070.25 MB & - & -\\
\midrule
\multirow{8}{*}{\folder{locks}} &
\multirow{2}{*}{2} &
\multirow{2}{*}{\folder{Unsafe}} 
 & TreeInterpolation.epf & 2 & 0.08 s & 408.25 MB & 1 & 100.00\%\\
 &  &  & ForwardPredicates.epf & 2 & 0.10 s & 408.25 MB & 1 & 100.00\%\\
  \cmidrule[0.01em](l){2-9}
& \multirow{2}{*}{11} &
\multirow{2}{*}{\folder{Safe}} 
 & TreeInterpolation.epf & 11 & 0.20 s & 421.14 MB & 10 & 100.00\%\\
 &  &  & ForwardPredicates.epf & 11 & 0.36 s & 412.55 MB & 10 & 100.00\%\\
  \cmidrule[0.01em](l){2-9}
& \multirow{2}{*}{13} &
\multirow{2}{*}{\folder{Completed}} 
 & TreeInterpolation.epf & 13 & 0.18 s & 419.15 MB & 8 & 100.00\%\\
 &  &  & ForwardPredicates.epf & 13 & 0.32 s & 411.88 MB & 8 & 100.00\%\\
  \cmidrule[0.01em](l){2-9}
& & \multirow{2}{*}{\folder{Timeout}} 
 & TreeInterpolation.epf & 0 & - & - & - & -\\
 &  &  & ForwardPredicates.epf & 0 & - & - & - & -\\
\midrule
\multirow{8}{*}{\folder{ssh-simplified}} &
\multirow{2}{*}{12} &
\multirow{2}{*}{\folder{Unsafe}} 
 & TreeInterpolation.epf & 12 & 0.46 s & 4540.21 MB & 18 & 94.52\%\\
 &  &  & ForwardPredicates.epf & 12 & 0.37 s & 4540.88 MB & 14 & 91.27\%\\
  \cmidrule[0.01em](l){2-9}
& \multirow{2}{*}{14} &
\multirow{2}{*}{\folder{Safe}} 
 & TreeInterpolation.epf & 14 & 1.05 s & 4537.82 MB & 26 & 92.58\%\\
 &  &  & ForwardPredicates.epf & 14 & 0.88 s & 4539.61 MB & 16 & 89.70\%\\
  \cmidrule[0.01em](l){2-9}
& \multirow{2}{*}{26} &
\multirow{2}{*}{\folder{Completed}} 
 & TreeInterpolation.epf & 26 & 0.78 s & 4538.92 MB & 22 & 93.48\%\\
 &  &  & ForwardPredicates.epf & 26 & 0.64 s & 4540.19 MB & 15 & 90.43\%\\
  \cmidrule[0.01em](l){2-9}
& & \multirow{2}{*}{\folder{Timeout}} 
 & TreeInterpolation.epf & 0 & - & - & - & -\\
 &  &  & ForwardPredicates.epf & 0 & - & - & - & -\\
\bottomrule
& & & & & & & & \\
\end{tabu}}
\caption{Results for AutomizerC.xml.}
\end{table}