################################# CSV #######################
,Folder,File,Settings,Toolchain,Message,Runtime (ns),Allocated memory end (bytes)
,rers,Problem19_prop_041.c,LtlSoftwareModelCheckingC.epf,LtlSoftwareModelCheckingC.xml,ExpectedResult: UNSAFE UltimateResult: TIMEOUT   [ShortDescription: Timeout LongDescription: Timeout while trying to prove G((A || F(B)))],1199996633237,7758413824
,rers,Problem15_prop_045.c,LtlSoftwareModelCheckingC.epf,LtlSoftwareModelCheckingC.xml,ExpectedResult: SAFE UltimateResult: EXCEPTION_OR_ERROR   [de.uni_freiburg.informatik.ultimate.plugins.generator.buchiautomizer: OutOfMemoryError: GC overhead limit exceeded],502402980252.0,7635730432
,rers,Problem16_prop_039.c,LtlSoftwareModelCheckingC.epf,LtlSoftwareModelCheckingC.xml,ExpectedResult: UNSAFE UltimateResult: NO_RESULT   NO_RESULT,648532840929.0,7810318336
,rers,Problem14_prop_014.c,LtlSoftwareModelCheckingC.epf,LtlSoftwareModelCheckingC.xml,ExpectedResult: UNSAFE UltimateResult: UNSAFE   Violation of LTL property (!(F(A)) || (B U C)) ,140458443527.0,7694974976
,rers,Problem18_prop_005.c,LtlSoftwareModelCheckingC.epf,LtlSoftwareModelCheckingC.xml,ExpectedResult: UNSAFE UltimateResult: TIMEOUT   [ShortDescription: Timeout LongDescription: Timeout while trying to prove (!(F(A)) || (B U (A || (C U (A || (B U (A || (C U (A || (D U A))))))))))],1400351290870.0,7732723712
,rers,Problem19_prop_039.c,LtlSoftwareModelCheckingC.epf,LtlSoftwareModelCheckingC.xml,ExpectedResult: UNSAFE UltimateResult: TIMEOUT   [ShortDescription: Timeout LongDescription: Timeout while trying to prove G((A || ((B U C) || G(B))))],1215145386034,7635730432
,rers,Problem14_prop_047.c,LtlSoftwareModelCheckingC.epf,LtlSoftwareModelCheckingC.xml,ExpectedResult: UNSAFE UltimateResult: NO_RESULT   NO_RESULT,135519750973.0,7456423936
,rers,Problem17_prop_006.c,LtlSoftwareModelCheckingC.epf,LtlSoftwareModelCheckingC.xml,ExpectedResult: UNSAFE UltimateResult: TIMEOUT   [ShortDescription: Timeout LongDescription: Timeout while trying to prove (G(A) || F((B && F(C))))],1202417950523.0,7635730432
,rers,Problem14_prop_048.c,LtlSoftwareModelCheckingC.epf,LtlSoftwareModelCheckingC.xml,ExpectedResult: SAFE UltimateResult: SAFE   [ShortDescription: All specifications hold LongDescription: We were not able to verify any specifiation because the program does not contain any specification.],79809574646.0,7.32168192E+9
,rers,Problem19_prop_001.c,LtlSoftwareModelCheckingC.epf,LtlSoftwareModelCheckingC.xml,ExpectedResult: SAFE UltimateResult: TIMEOUT   [ShortDescription: Timeout LongDescription: Timeout while trying to prove G((A || F(B)))],1302817648447.0,7816085504
,rers,Problem16_prop_016.c,LtlSoftwareModelCheckingC.epf,LtlSoftwareModelCheckingC.xml,ExpectedResult: SAFE UltimateResult: SAFE   [ShortDescription: All specifications hold LongDescription: We were not able to verify any specifiation because the program does not contain any specification.],51409257703.0,8090812416
,rers,Problem18_prop_043.c,LtlSoftwareModelCheckingC.epf,LtlSoftwareModelCheckingC.xml,ExpectedResult: SAFE UltimateResult: SAFE   [ShortDescription: All specifications hold LongDescription: We were not able to verify any specifiation because the program does not contain any specification.],284907398512.0,7635730432
,rers,Problem17_prop_020.c,LtlSoftwareModelCheckingC.epf,LtlSoftwareModelCheckingC.xml,ExpectedResult: SAFE UltimateResult: SAFE   [ShortDescription: All specifications hold LongDescription: We were not able to verify any specifiation because the program does not contain any specification.],163995879877.0,7558660096
,rers,Problem15_prop_001.c,LtlSoftwareModelCheckingC.epf,LtlSoftwareModelCheckingC.xml,ExpectedResult: SAFE UltimateResult: SAFE   [ShortDescription: All specifications hold LongDescription: We were not able to verify any specifiation because the program does not contain any specification.],62852264476.0,7966031872
,rers,Problem17_prop_044.c,LtlSoftwareModelCheckingC.epf,LtlSoftwareModelCheckingC.xml,ExpectedResult: SAFE UltimateResult: SAFE   [ShortDescription: All specifications hold LongDescription: We were not able to verify any specifiation because the program does not contain any specification.],63563207434.0,7377256448
,rers,Problem15_prop_049.c,LtlSoftwareModelCheckingC.epf,LtlSoftwareModelCheckingC.xml,ExpectedResult: SAFE UltimateResult: SAFE   [ShortDescription: All specifications hold LongDescription: We were not able to verify any specifiation because the program does not contain any specification.],84756993476.0,6852968448
,rers,Problem18_prop_044.c,LtlSoftwareModelCheckingC.epf,LtlSoftwareModelCheckingC.xml,ExpectedResult: SAFE UltimateResult: TIMEOUT   [ShortDescription: Timeout LongDescription: Timout or Toolchain cancelled by user],1199999666685.0,7635730432
,rers,Problem15_prop_031.c,LtlSoftwareModelCheckingC.epf,LtlSoftwareModelCheckingC.xml,ExpectedResult: UNSAFE UltimateResult: TIMEOUT   [ShortDescription: Timeout LongDescription: Timeout while trying to prove ((A U ((B U ((A U ((B U G(A)) || G(B))) || G(A))) || G(B))) || G(A))],1201408064315.0,7635730432
,rers,Problem19_prop_007.c,LtlSoftwareModelCheckingC.epf,LtlSoftwareModelCheckingC.xml,ExpectedResult: UNSAFE UltimateResult: TIMEOUT   [ShortDescription: Timeout LongDescription: Timeout while trying to prove ((A U B) || G(A))],1199996933059.0,7882145792
,rers,Problem14_prop_049.c,LtlSoftwareModelCheckingC.epf,LtlSoftwareModelCheckingC.xml,ExpectedResult: SAFE UltimateResult: SAFE   [ShortDescription: All specifications hold LongDescription: We were not able to verify any specifiation because the program does not contain any specification.],33657764202.0,7369392128
,rers,Problem18_prop_023.c,LtlSoftwareModelCheckingC.epf,LtlSoftwareModelCheckingC.xml,ExpectedResult: UNSAFE UltimateResult: TIMEOUT   [ShortDescription: Timeout LongDescription: Timeout while trying to prove ((A U B) || G(A))],1240654041937.0,7022313472
,rers,Problem14_prop_041.c,LtlSoftwareModelCheckingC.epf,LtlSoftwareModelCheckingC.xml,ExpectedResult: UNSAFE UltimateResult: NO_RESULT   NO_RESULT,103128102920.0,8175747072
,rers,Problem17_prop_010.c,LtlSoftwareModelCheckingC.epf,LtlSoftwareModelCheckingC.xml,ExpectedResult: SAFE UltimateResult: SAFE   [ShortDescription: All specifications hold LongDescription: We were not able to verify any specifiation because the program does not contain any specification.],23305852838.0,7260340224
,rers,Problem17_prop_023.c,LtlSoftwareModelCheckingC.epf,LtlSoftwareModelCheckingC.xml,ExpectedResult: SAFE UltimateResult: SAFE   [ShortDescription: All specifications hold LongDescription: We were not able to verify any specifiation because the program does not contain any specification.],23886182990.0,7.4448896E+9
,rers,Problem16_prop_015.c,LtlSoftwareModelCheckingC.epf,LtlSoftwareModelCheckingC.xml,ExpectedResult: UNSAFE UltimateResult: TIMEOUT   [ShortDescription: Timeout LongDescription: Timout or Toolchain cancelled by user],1200195352246.0,8189902848
,rers,Problem19_prop_016.c,LtlSoftwareModelCheckingC.epf,LtlSoftwareModelCheckingC.xml,ExpectedResult: UNSAFE UltimateResult: TIMEOUT   [ShortDescription: Timeout LongDescription: Timeout while trying to prove (G(A) || F((B && F(C))))],1314257567878.0,7611088896
,rers,Problem18_prop_011.c,LtlSoftwareModelCheckingC.epf,LtlSoftwareModelCheckingC.xml,ExpectedResult: UNSAFE UltimateResult: TIMEOUT   [ShortDescription: Timeout LongDescription: Timeout while trying to prove G(A)],1238851127496.0,8137998336
,rers,Problem15_prop_002.c,LtlSoftwareModelCheckingC.epf,LtlSoftwareModelCheckingC.xml,ExpectedResult: SAFE UltimateResult: SAFE   [ShortDescription: All specifications hold LongDescription: We were not able to verify any specifiation because the program does not contain any specification.],37317062475.0,7992246272
,rers,Problem15_prop_020.c,LtlSoftwareModelCheckingC.epf,LtlSoftwareModelCheckingC.xml,ExpectedResult: UNSAFE UltimateResult: EXCEPTION_OR_ERROR   [de.uni_freiburg.informatik.ultimate.plugins.generator.buchiautomizer: OutOfMemoryError: GC overhead limit exceeded],1163660793475.0,7635730432
,rers,Problem16_prop_021.c,LtlSoftwareModelCheckingC.epf,LtlSoftwareModelCheckingC.xml,ExpectedResult: UNSAFE UltimateResult: EXCEPTION_OR_ERROR   [de.uni_freiburg.informatik.ultimate.plugins.generator.buchiautomizer: OutOfMemoryError: GC overhead limit exceeded],1090548876392.0,7333740544
,rers,Problem17_prop_033.c,LtlSoftwareModelCheckingC.epf,LtlSoftwareModelCheckingC.xml,ExpectedResult: UNSAFE UltimateResult: EXCEPTION_OR_ERROR   [de.uni_freiburg.informatik.ultimate.plugins.generator.buchiautomizer: OutOfMemoryError: GC overhead limit exceeded],589356676010.0,7362052096
,rers,Problem15_prop_016.c,LtlSoftwareModelCheckingC.epf,LtlSoftwareModelCheckingC.xml,ExpectedResult: SAFE UltimateResult: SAFE   [ShortDescription: All specifications hold LongDescription: We were not able to verify any specifiation because the program does not contain any specification.],37788438820.0,7334264832
,rers,Problem19_prop_028.c,LtlSoftwareModelCheckingC.epf,LtlSoftwareModelCheckingC.xml,ExpectedResult: UNSAFE UltimateResult: EXCEPTION_OR_ERROR   [de.uni_freiburg.informatik.ultimate.plugins.generator.buchiautomizer: OutOfMemoryError: GC overhead limit exceeded],694923018738,7635730432
,rers,Problem17_prop_015.c,LtlSoftwareModelCheckingC.epf,LtlSoftwareModelCheckingC.xml,ExpectedResult: SAFE UltimateResult: SAFE   [ShortDescription: All specifications hold LongDescription: We were not able to verify any specifiation because the program does not contain any specification.],155817733498.0,7.16177408E+9
,rers,Problem18_prop_020.c,LtlSoftwareModelCheckingC.epf,LtlSoftwareModelCheckingC.xml,ExpectedResult: UNSAFE UltimateResult: TIMEOUT   [ShortDescription: Timeout LongDescription: Timeout while trying to prove G((A || (B U C)))],1335727427491.0,7.65722624E+9
,rers,Problem18_prop_002.c,LtlSoftwareModelCheckingC.epf,LtlSoftwareModelCheckingC.xml,ExpectedResult: SAFE UltimateResult: SAFE   [ShortDescription: All specifications hold LongDescription: We were not able to verify any specifiation because the program does not contain any specification.],334542550367.0,8050966528
,rers,Problem15_prop_048.c,LtlSoftwareModelCheckingC.epf,LtlSoftwareModelCheckingC.xml,ExpectedResult: UNSAFE UltimateResult: EXCEPTION_OR_ERROR   [de.uni_freiburg.informatik.ultimate.plugins.generator.buchiautomizer: OutOfMemoryError: GC overhead limit exceeded],490014945778.0,7635730432
,rers,Problem14_prop_044.c,LtlSoftwareModelCheckingC.epf,LtlSoftwareModelCheckingC.xml,ExpectedResult: UNSAFE UltimateResult: NO_RESULT   NO_RESULT,138468790968.0,7.47372544E+9
,rers,Problem14_prop_001.c,LtlSoftwareModelCheckingC.epf,LtlSoftwareModelCheckingC.xml,ExpectedResult: SAFE UltimateResult: NO_RESULT   NO_RESULT,1259112810176.0,8.27850752E+9
,rers,Problem16_prop_038.c,LtlSoftwareModelCheckingC.epf,LtlSoftwareModelCheckingC.xml,ExpectedResult: UNSAFE UltimateResult: EXCEPTION_OR_ERROR   [de.uni_freiburg.informatik.ultimate.plugins.generator.buchiautomizer: OutOfMemoryError: GC overhead limit exceeded],704076199588.0,7438598144
,rers,Problem16_prop_034.c,LtlSoftwareModelCheckingC.epf,LtlSoftwareModelCheckingC.xml,ExpectedResult: SAFE UltimateResult: SAFE   [ShortDescription: All specifications hold LongDescription: We were not able to verify any specifiation because the program does not contain any specification.],323901704304.0,7.10148096E+9
,rers,Problem19_prop_027.c,LtlSoftwareModelCheckingC.epf,LtlSoftwareModelCheckingC.xml,ExpectedResult: SAFE UltimateResult: TIMEOUT   [ShortDescription: Timeout LongDescription: Timeout while trying to prove ((A U ((B U ((A U ((B U G(A)) || G(B))) || G(A))) || G(B))) || G(A))],1212394664148.0,7613186048
,rers,Problem15_prop_025.c,LtlSoftwareModelCheckingC.epf,LtlSoftwareModelCheckingC.xml,ExpectedResult: SAFE UltimateResult: TIMEOUT   [ShortDescription: Timeout LongDescription: Timeout while trying to prove G((A || ((B U C) || G(B))))],1281756356697.0,7628914688
,rers,Problem18_prop_025.c,LtlSoftwareModelCheckingC.epf,LtlSoftwareModelCheckingC.xml,ExpectedResult: UNSAFE UltimateResult: TIMEOUT   [ShortDescription: Timeout LongDescription: Timeout while trying to prove G((A || ((B U C) || G(B))))],1259699123472.0,7467958272
,rers,Problem15_prop_017.c,LtlSoftwareModelCheckingC.epf,LtlSoftwareModelCheckingC.xml,ExpectedResult: UNSAFE UltimateResult: EXCEPTION_OR_ERROR   [de.uni_freiburg.informatik.ultimate.plugins.generator.buchiautomizer: OutOfMemoryError: GC overhead limit exceeded],458025411683.0,7635730432
,rers,Problem17_prop_047.c,LtlSoftwareModelCheckingC.epf,LtlSoftwareModelCheckingC.xml,ExpectedResult: UNSAFE UltimateResult: EXCEPTION_OR_ERROR   [de.uni_freiburg.informatik.ultimate.plugins.generator.buchiautomizer: OutOfMemoryError: GC overhead limit exceeded],554545004968.0,7413956608
,rers,Problem15_prop_024.c,LtlSoftwareModelCheckingC.epf,LtlSoftwareModelCheckingC.xml,ExpectedResult: SAFE UltimateResult: SAFE   [ShortDescription: All specifications hold LongDescription: We were not able to verify any specifiation because the program does not contain any specification.],311416889410.0,6835666944
,rers,Problem17_prop_026.c,LtlSoftwareModelCheckingC.epf,LtlSoftwareModelCheckingC.xml,ExpectedResult: SAFE UltimateResult: SAFE   [ShortDescription: All specifications hold LongDescription: We were not able to verify any specifiation because the program does not contain any specification.],174926015992.0,7.47896832E+9
,rers,Problem14_prop_035.c,LtlSoftwareModelCheckingC.epf,LtlSoftwareModelCheckingC.xml,ExpectedResult: UNSAFE UltimateResult: NO_RESULT   NO_RESULT,144022930685.0,8.23918592E+9
,rers,Problem19_prop_010.c,LtlSoftwareModelCheckingC.epf,LtlSoftwareModelCheckingC.xml,ExpectedResult: UNSAFE UltimateResult: TIMEOUT   [ShortDescription: Timeout LongDescription: Timeout while trying to prove G((A || (B U C)))],1827982710024.0,7934574592
,rers,Problem14_prop_036.c,LtlSoftwareModelCheckingC.epf,LtlSoftwareModelCheckingC.xml,ExpectedResult: UNSAFE UltimateResult: NO_RESULT   NO_RESULT,1223019404933.0,8.257536E+9
,rers,Problem16_prop_007.c,LtlSoftwareModelCheckingC.epf,LtlSoftwareModelCheckingC.xml,ExpectedResult: SAFE UltimateResult: SAFE   [ShortDescription: All specifications hold LongDescription: We were not able to verify any specifiation because the program does not contain any specification.],576454794639.0,7349469184
,rers,Problem16_prop_037.c,LtlSoftwareModelCheckingC.epf,LtlSoftwareModelCheckingC.xml,ExpectedResult: UNSAFE UltimateResult: NO_RESULT   NO_RESULT,362017112408.0,6960971776
,rers,Problem19_prop_005.c,LtlSoftwareModelCheckingC.epf,LtlSoftwareModelCheckingC.xml,ExpectedResult: SAFE UltimateResult: TIMEOUT   [ShortDescription: Timeout LongDescription: Timeout while trying to prove G((!((A && F(B))) || (C U B)))],1214219776851.0,7.96131328E+9
,rers,Problem16_prop_044.c,LtlSoftwareModelCheckingC.epf,LtlSoftwareModelCheckingC.xml,ExpectedResult: SAFE UltimateResult: SAFE   [ShortDescription: All specifications hold LongDescription: We were not able to verify any specifiation because the program does not contain any specification.],55726639108.0,7.40032512E+9
,rers,Problem18_prop_026.c,LtlSoftwareModelCheckingC.epf,LtlSoftwareModelCheckingC.xml,ExpectedResult: UNSAFE UltimateResult: TIMEOUT   [ShortDescription: Timeout LongDescription: Timeout while trying to prove G((A || ((B U C) || G(B))))],1305580411399.0,7635730432
,rers,Problem18_prop_049.c,LtlSoftwareModelCheckingC.epf,LtlSoftwareModelCheckingC.xml,ExpectedResult: UNSAFE UltimateResult: TIMEOUT   [ShortDescription: Timeout LongDescription: Timeout while trying to prove G((A || ((B U C) || G(B))))],1216611804911.0,7635730432
,rers,Problem14_prop_027.c,LtlSoftwareModelCheckingC.epf,LtlSoftwareModelCheckingC.xml,ExpectedResult: UNSAFE UltimateResult: NO_RESULT   NO_RESULT,74111279058.0,8119648256
,rers,Problem17_prop_041.c,LtlSoftwareModelCheckingC.epf,LtlSoftwareModelCheckingC.xml,ExpectedResult: SAFE UltimateResult: SAFE   [ShortDescription: All specifications hold LongDescription: We were not able to verify any specifiation because the program does not contain any specification.],26516953380.0,7635730432
,rers,Problem18_prop_027.c,LtlSoftwareModelCheckingC.epf,LtlSoftwareModelCheckingC.xml,ExpectedResult: SAFE UltimateResult: TIMEOUT   [ShortDescription: Timeout LongDescription: Timeout while trying to prove (!(F(A)) || (B U C))],1233145093662.0,7860649984
,rers,Problem17_prop_016.c,LtlSoftwareModelCheckingC.epf,LtlSoftwareModelCheckingC.xml,ExpectedResult: UNSAFE UltimateResult: TIMEOUT   [ShortDescription: Timeout LongDescription: Timeout while trying to prove G((A || (B U C)))],1220396684632.0,7607943168
,rers,Problem16_prop_043.c,LtlSoftwareModelCheckingC.epf,LtlSoftwareModelCheckingC.xml,ExpectedResult: UNSAFE UltimateResult: EXCEPTION_OR_ERROR   [de.uni_freiburg.informatik.ultimate.plugins.generator.buchiautomizer: OutOfMemoryError: GC overhead limit exceeded],727922029821.0,8.34666496E+9
,rers,Problem18_prop_032.c,LtlSoftwareModelCheckingC.epf,LtlSoftwareModelCheckingC.xml,ExpectedResult: UNSAFE UltimateResult: TIMEOUT   [ShortDescription: Timeout LongDescription: Timeout while trying to prove G((!((A && F(B))) || (C U B)))],1201212790062.0,8076132352
,rers,Problem15_prop_015.c,LtlSoftwareModelCheckingC.epf,LtlSoftwareModelCheckingC.xml,ExpectedResult: UNSAFE UltimateResult: EXCEPTION_OR_ERROR   [de.uni_freiburg.informatik.ultimate.plugins.generator.buchiautomizer: AssertionError: TermException de.uni_freiburg.informatik.ultimate.lassoranker.exceptions.UnknownFunctionException: Unknown function symbol: ite @term: (ite (<= (+ |v_div_aux(- v_mod_auxv_~a29_883629_1 (- 14))5_1| 1) 0) (+ |v_div_aux(ite (< (- v_mod_auxv_~a29_883629_1 (- 14)) 0) (+ v_div_aux(- v_mod_auxv_~a29_883629_1 (- 14))5_1 1) v_div_aux(- v_mod_auxv_~a29_883629_1 (- 14))5_1)5_1| 1) |v_div_aux(ite (< (- v_mod_auxv_~a29_883629_1 (- 14)) 0) (+ v_div_aux(- v_mod_auxv_~a29_883629_1 (- 14))5_1 1) v_div_aux(- v_mod_auxv_~a29_883629_1 (- 14))5_1)5_1|): de.uni_freiburg.informatik.ultimate.plugins.generator.buchiautomizer.LassoChecker.synthesize(LassoChecker.java:608)],968240407891.0,7130841088
,rers,Problem14_prop_013.c,LtlSoftwareModelCheckingC.epf,LtlSoftwareModelCheckingC.xml,ExpectedResult: SAFE UltimateResult: SAFE   [ShortDescription: All specifications hold LongDescription: We were not able to verify any specifiation because the program does not contain any specification.],7041811012.0,7745830912
,rers,Problem16_prop_002.c,LtlSoftwareModelCheckingC.epf,LtlSoftwareModelCheckingC.xml,ExpectedResult: SAFE UltimateResult: SAFE   [ShortDescription: All specifications hold LongDescription: We were not able to verify any specifiation because the program does not contain any specification.],264654123715.0,7170686976
,rers,Problem14_prop_002.c,LtlSoftwareModelCheckingC.epf,LtlSoftwareModelCheckingC.xml,ExpectedResult: SAFE UltimateResult: UNSAFE   Violation of LTL property G((A || F(B))) ,17087116396.0,8313634816
,rers,Problem14_prop_006.c,LtlSoftwareModelCheckingC.epf,LtlSoftwareModelCheckingC.xml,ExpectedResult: UNSAFE UltimateResult: NO_RESULT   NO_RESULT,312908646610.0,8.4279296E+9
,rers,Problem19_prop_014.c,LtlSoftwareModelCheckingC.epf,LtlSoftwareModelCheckingC.xml,ExpectedResult: UNSAFE UltimateResult: TIMEOUT   [ShortDescription: Timeout LongDescription: Timeout while trying to prove ((A U ((B U ((A U ((B U G(A)) || G(B))) || G(A))) || G(B))) || G(A))],1220341939027.0,7635730432
,rers,Problem15_prop_005.c,LtlSoftwareModelCheckingC.epf,LtlSoftwareModelCheckingC.xml,ExpectedResult: SAFE UltimateResult: SAFE   [ShortDescription: All specifications hold LongDescription: We were not able to verify any specifiation because the program does not contain any specification.],37368161938.0,6854541312
,rers,Problem16_prop_004.c,LtlSoftwareModelCheckingC.epf,LtlSoftwareModelCheckingC.xml,ExpectedResult: SAFE UltimateResult: SAFE   [ShortDescription: All specifications hold LongDescription: We were not able to verify any specifiation because the program does not contain any specification.],149702847306.0,6971457536
,rers,Problem17_prop_000.c,LtlSoftwareModelCheckingC.epf,LtlSoftwareModelCheckingC.xml,ExpectedResult: SAFE UltimateResult: SAFE   [ShortDescription: All specifications hold LongDescription: We were not able to verify any specifiation because the program does not contain any specification.],271345409430.0,7297040384
,rers,Problem16_prop_046.c,LtlSoftwareModelCheckingC.epf,LtlSoftwareModelCheckingC.xml,ExpectedResult: UNSAFE UltimateResult: EXCEPTION_OR_ERROR   [de.uni_freiburg.informatik.ultimate.plugins.generator.buchiautomizer: OutOfMemoryError: Java heap space],746018549737.0,7.29022464E+9
,rers,Problem17_prop_025.c,LtlSoftwareModelCheckingC.epf,LtlSoftwareModelCheckingC.xml,ExpectedResult: UNSAFE UltimateResult: EXCEPTION_OR_ERROR   [de.uni_freiburg.informatik.ultimate.plugins.generator.buchiautomizer: OutOfMemoryError: GC overhead limit exceeded],554963597159.0,7635730432
,rers,Problem17_prop_049.c,LtlSoftwareModelCheckingC.epf,LtlSoftwareModelCheckingC.xml,ExpectedResult: UNSAFE UltimateResult: EXCEPTION_OR_ERROR   [de.uni_freiburg.informatik.ultimate.plugins.generator.buchiautomizer: OutOfMemoryError: GC overhead limit exceeded],546994069807.0,7635730432
,rers,Problem17_prop_036.c,LtlSoftwareModelCheckingC.epf,LtlSoftwareModelCheckingC.xml,ExpectedResult: UNSAFE UltimateResult: EXCEPTION_OR_ERROR   [de.uni_freiburg.informatik.ultimate.plugins.generator.buchiautomizer: OutOfMemoryError: GC overhead limit exceeded],548607017964.0,7635730432
,rers,Problem19_prop_012.c,LtlSoftwareModelCheckingC.epf,LtlSoftwareModelCheckingC.xml,ExpectedResult: SAFE UltimateResult: EXCEPTION_OR_ERROR   [de.uni_freiburg.informatik.ultimate.plugins.generator.buchiautomizer: OutOfMemoryError: GC overhead limit exceeded],859033949518.0,7635730432
,rers,Problem18_prop_000.c,LtlSoftwareModelCheckingC.epf,LtlSoftwareModelCheckingC.xml,ExpectedResult: SAFE UltimateResult: TIMEOUT   [ShortDescription: Timeout LongDescription: Timeout while trying to prove G((A || ((B U C) || G(B))))],1216195043327.0,7635730432
,rers,Problem18_prop_013.c,LtlSoftwareModelCheckingC.epf,LtlSoftwareModelCheckingC.xml,ExpectedResult: UNSAFE UltimateResult: EXCEPTION_OR_ERROR   [de.uni_freiburg.informatik.ultimate.plugins.generator.buchiautomizer: OutOfMemoryError: GC overhead limit exceeded],732275567355.0,7635730432
,rers,Problem17_prop_037.c,LtlSoftwareModelCheckingC.epf,LtlSoftwareModelCheckingC.xml,ExpectedResult: SAFE UltimateResult: SAFE   [ShortDescription: All specifications hold LongDescription: We were not able to verify any specifiation because the program does not contain any specification.],39453969255.0,7268204544
,rers,Problem17_prop_009.c,LtlSoftwareModelCheckingC.epf,LtlSoftwareModelCheckingC.xml,ExpectedResult: UNSAFE UltimateResult: EXCEPTION_OR_ERROR   [de.uni_freiburg.informatik.ultimate.plugins.generator.buchiautomizer: OutOfMemoryError: GC overhead limit exceeded],684432448389.0,7260340224
,rers,Problem18_prop_036.c,LtlSoftwareModelCheckingC.epf,LtlSoftwareModelCheckingC.xml,ExpectedResult: SAFE UltimateResult: TIMEOUT   [ShortDescription: Timeout LongDescription: Timeout while trying to prove G((!((A && F(B))) || (C U B)))],1199995740983.0,8157396992
,rers,Problem18_prop_022.c,LtlSoftwareModelCheckingC.epf,LtlSoftwareModelCheckingC.xml,ExpectedResult: SAFE UltimateResult: SAFE   [ShortDescription: All specifications hold LongDescription: We were not able to verify any specifiation because the program does not contain any specification.],286137980045.0,7403470848
,rers,Problem15_prop_034.c,LtlSoftwareModelCheckingC.epf,LtlSoftwareModelCheckingC.xml,ExpectedResult: SAFE UltimateResult: SAFE   [ShortDescription: All specifications hold LongDescription: We were not able to verify any specifiation because the program does not contain any specification.],239812913961.0,8225554432
,rers,Problem19_prop_030.c,LtlSoftwareModelCheckingC.epf,LtlSoftwareModelCheckingC.xml,ExpectedResult: SAFE UltimateResult: TIMEOUT   [ShortDescription: Timeout LongDescription: Timeout while trying to prove G((A || (B U C)))],1403229558941,7635730432
,rers,Problem15_prop_026.c,LtlSoftwareModelCheckingC.epf,LtlSoftwareModelCheckingC.xml,ExpectedResult: UNSAFE UltimateResult: NO_RESULT   NO_RESULT,204168528328.0,7635730432
,rers,Problem17_prop_045.c,LtlSoftwareModelCheckingC.epf,LtlSoftwareModelCheckingC.xml,ExpectedResult: UNSAFE UltimateResult: UNSAFE   Violation of LTL property G((A || F(B))) ,1110452927976.0,6.82098688E+9
,rers,Problem17_prop_028.c,LtlSoftwareModelCheckingC.epf,LtlSoftwareModelCheckingC.xml,ExpectedResult: SAFE UltimateResult: SAFE   [ShortDescription: All specifications hold LongDescription: We were not able to verify any specifiation because the program does not contain any specification.],33263951763.0,7419723776
,rers,Problem16_prop_031.c,LtlSoftwareModelCheckingC.epf,LtlSoftwareModelCheckingC.xml,ExpectedResult: SAFE UltimateResult: SAFE   [ShortDescription: All specifications hold LongDescription: We were not able to verify any specifiation because the program does not contain any specification.],253591884977.0,7.35576064E+9
,rers,Problem18_prop_034.c,LtlSoftwareModelCheckingC.epf,LtlSoftwareModelCheckingC.xml,ExpectedResult: SAFE UltimateResult: TIMEOUT   [ShortDescription: Timeout LongDescription: Timeout while trying to prove G((A || G(B)))],1204778683398.0,7855931392
,rers,Problem18_prop_009.c,LtlSoftwareModelCheckingC.epf,LtlSoftwareModelCheckingC.xml,ExpectedResult: SAFE UltimateResult: SAFE   [ShortDescription: All specifications hold LongDescription: We were not able to verify any specifiation because the program does not contain any specification.],537558503586.0,7895252992
,rers,Problem16_prop_008.c,LtlSoftwareModelCheckingC.epf,LtlSoftwareModelCheckingC.xml,ExpectedResult: UNSAFE UltimateResult: UNSAFE   Violation of LTL property G((!((A && F(B))) || (C U B))) ,331370767017.0,7297564672
,rers,Problem17_prop_005.c,LtlSoftwareModelCheckingC.epf,LtlSoftwareModelCheckingC.xml,ExpectedResult: SAFE UltimateResult: EXCEPTION_OR_ERROR   [de.uni_freiburg.informatik.ultimate.plugins.generator.buchiautomizer: OutOfMemoryError: GC overhead limit exceeded],644873942392.0,7.37148928E+9
,rers,Problem19_prop_029.c,LtlSoftwareModelCheckingC.epf,LtlSoftwareModelCheckingC.xml,ExpectedResult: UNSAFE UltimateResult: EXCEPTION_OR_ERROR   [de.uni_freiburg.informatik.ultimate.plugins.generator.buchiautomizer: OutOfMemoryError: GC overhead limit exceeded],743619179382.0,7561281536
,rers,Problem16_prop_025.c,LtlSoftwareModelCheckingC.epf,LtlSoftwareModelCheckingC.xml,ExpectedResult: SAFE UltimateResult: SAFE   [ShortDescription: All specifications hold LongDescription: We were not able to verify any specifiation because the program does not contain any specification.],953970490651.0,7248805888
,rers,Problem15_prop_018.c,LtlSoftwareModelCheckingC.epf,LtlSoftwareModelCheckingC.xml,ExpectedResult: SAFE UltimateResult: SAFE   [ShortDescription: All specifications hold LongDescription: We were not able to verify any specifiation because the program does not contain any specification.],40915709929.0,6748110848
,rers,Problem14_prop_021.c,LtlSoftwareModelCheckingC.epf,LtlSoftwareModelCheckingC.xml,ExpectedResult: UNSAFE UltimateResult: NO_RESULT   NO_RESULT,224894525816.0,8423211008
,rers,Problem14_prop_034.c,LtlSoftwareModelCheckingC.epf,LtlSoftwareModelCheckingC.xml,ExpectedResult: UNSAFE UltimateResult: NO_RESULT   NO_RESULT,76574778224.0,8221360128
,rers,Problem19_prop_004.c,LtlSoftwareModelCheckingC.epf,LtlSoftwareModelCheckingC.xml,ExpectedResult: SAFE UltimateResult: TIMEOUT   [ShortDescription: Timeout LongDescription: Timeout while trying to prove G((A || ((B U C) || G(B))))],1298765402927.0,7837581312
,rers,Problem19_prop_036.c,LtlSoftwareModelCheckingC.epf,LtlSoftwareModelCheckingC.xml,ExpectedResult: SAFE UltimateResult: TIMEOUT   [ShortDescription: Timeout LongDescription: Timeout while trying to prove F(A)],1230424539522.0,7842299904
,rers,Problem19_prop_013.c,LtlSoftwareModelCheckingC.epf,LtlSoftwareModelCheckingC.xml,ExpectedResult: SAFE UltimateResult: TIMEOUT   [ShortDescription: Timeout LongDescription: Timeout while trying to prove G((A || F(B)))],1265740705344,7677673472
,rers,Problem16_prop_047.c,LtlSoftwareModelCheckingC.epf,LtlSoftwareModelCheckingC.xml,ExpectedResult: SAFE UltimateResult: SAFE   [ShortDescription: All specifications hold LongDescription: We were not able to verify any specifiation because the program does not contain any specification.],278513697468.0,7167541248
,rers,Problem15_prop_012.c,LtlSoftwareModelCheckingC.epf,LtlSoftwareModelCheckingC.xml,ExpectedResult: UNSAFE UltimateResult: EXCEPTION_OR_ERROR   [de.uni_freiburg.informatik.ultimate.plugins.generator.buchiautomizer: OutOfMemoryError: Java heap space: java.util.HashMap.inflateTable(HashMap.java:320)],1701748730307.0,6731333632
,rers,Problem19_prop_047.c,LtlSoftwareModelCheckingC.epf,LtlSoftwareModelCheckingC.xml,ExpectedResult: SAFE UltimateResult: EXCEPTION_OR_ERROR   [de.uni_freiburg.informatik.ultimate.plugins.generator.buchiautomizer: OutOfMemoryError: GC overhead limit exceeded],1423748783010,7786725376
,rers,Problem16_prop_010.c,LtlSoftwareModelCheckingC.epf,LtlSoftwareModelCheckingC.xml,ExpectedResult: SAFE UltimateResult: SAFE   [ShortDescription: All specifications hold LongDescription: We were not able to verify any specifiation because the program does not contain any specification.],558624861679.0,6630146048
,rers,Problem17_prop_001.c,LtlSoftwareModelCheckingC.epf,LtlSoftwareModelCheckingC.xml,ExpectedResult: SAFE UltimateResult: SAFE   [ShortDescription: All specifications hold LongDescription: We were not able to verify any specifiation because the program does not contain any specification.],17917307595.0,6898057216
,rers,Problem16_prop_024.c,LtlSoftwareModelCheckingC.epf,LtlSoftwareModelCheckingC.xml,ExpectedResult: UNSAFE UltimateResult: EXCEPTION_OR_ERROR   [de.uni_freiburg.informatik.ultimate.plugins.generator.buchiautomizer: OutOfMemoryError: GC overhead limit exceeded],740627187274.0,8119648256
,rers,Problem18_prop_017.c,LtlSoftwareModelCheckingC.epf,LtlSoftwareModelCheckingC.xml,ExpectedResult: UNSAFE UltimateResult: TIMEOUT   [ShortDescription: Timeout LongDescription: Timeout while trying to prove (!(F(A)) || (B U C))],1268794888985.0,8056209408
,rers,Problem14_prop_046.c,LtlSoftwareModelCheckingC.epf,LtlSoftwareModelCheckingC.xml,ExpectedResult: UNSAFE UltimateResult: NO_RESULT   NO_RESULT,168960615524.0,7456948224
,rers,Problem14_prop_037.c,LtlSoftwareModelCheckingC.epf,LtlSoftwareModelCheckingC.xml,ExpectedResult: UNSAFE UltimateResult: UNSAFE   Violation of LTL property G((A || F(B))) ,95952558826.0,8416919552
,rers,Problem18_prop_047.c,LtlSoftwareModelCheckingC.epf,LtlSoftwareModelCheckingC.xml,ExpectedResult: SAFE UltimateResult: EXCEPTION_OR_ERROR   [de.uni_freiburg.informatik.ultimate.plugins.generator.buchiautomizer: OutOfMemoryError: GC overhead limit exceeded],1428504884492.0,8039432192
,rers,Problem14_prop_038.c,LtlSoftwareModelCheckingC.epf,LtlSoftwareModelCheckingC.xml,ExpectedResult: SAFE UltimateResult: SAFE   [ShortDescription: All specifications hold LongDescription: We were not able to verify any specifiation because the program does not contain any specification.],99384173216.0,8419540992
,rers,Problem14_prop_020.c,LtlSoftwareModelCheckingC.epf,LtlSoftwareModelCheckingC.xml,ExpectedResult: UNSAFE UltimateResult: NO_RESULT   NO_RESULT,67162037276.0,8467775488
,rers,Problem16_prop_006.c,LtlSoftwareModelCheckingC.epf,LtlSoftwareModelCheckingC.xml,ExpectedResult: UNSAFE UltimateResult: TIMEOUT   [ShortDescription: Timeout LongDescription: Timout or Toolchain cancelled by user],1210408374971.0,7635730432
,rers,Problem14_prop_045.c,LtlSoftwareModelCheckingC.epf,LtlSoftwareModelCheckingC.xml,ExpectedResult: UNSAFE UltimateResult: NO_RESULT   NO_RESULT,123893876623.0,7.47372544E+9
,rers,Problem17_prop_027.c,LtlSoftwareModelCheckingC.epf,LtlSoftwareModelCheckingC.xml,ExpectedResult: SAFE UltimateResult: SAFE   [ShortDescription: All specifications hold LongDescription: We were not able to verify any specifiation because the program does not contain any specification.],172449725315.0,7415529472
,rers,Problem16_prop_012.c,LtlSoftwareModelCheckingC.epf,LtlSoftwareModelCheckingC.xml,ExpectedResult: UNSAFE UltimateResult: NO_RESULT   NO_RESULT,117134298555.0,6818889728
,rers,Problem14_prop_029.c,LtlSoftwareModelCheckingC.epf,LtlSoftwareModelCheckingC.xml,ExpectedResult: UNSAFE UltimateResult: NO_RESULT   NO_RESULT,966167475369.0,8.42268672E+9
,rers,Problem14_prop_016.c,LtlSoftwareModelCheckingC.epf,LtlSoftwareModelCheckingC.xml,ExpectedResult: SAFE UltimateResult: SAFE   [ShortDescription: All specifications hold LongDescription: We were not able to verify any specifiation because the program does not contain any specification.],13298542709.0,8.31520768E+9
,rers,Problem15_prop_033.c,LtlSoftwareModelCheckingC.epf,LtlSoftwareModelCheckingC.xml,ExpectedResult: SAFE UltimateResult: SAFE   [ShortDescription: All specifications hold LongDescription: We were not able to verify any specifiation because the program does not contain any specification.],38088491808.0,8208777216
,rers,Problem15_prop_047.c,LtlSoftwareModelCheckingC.epf,LtlSoftwareModelCheckingC.xml,ExpectedResult: SAFE UltimateResult: SAFE   [ShortDescription: All specifications hold LongDescription: We were not able to verify any specifiation because the program does not contain any specification.],309689221689.0,6635388928
,rers,Problem15_prop_039.c,LtlSoftwareModelCheckingC.epf,LtlSoftwareModelCheckingC.xml,ExpectedResult: UNSAFE UltimateResult: NO_RESULT   NO_RESULT,914828553768.0,6861881344
,rers,Problem15_prop_006.c,LtlSoftwareModelCheckingC.epf,LtlSoftwareModelCheckingC.xml,ExpectedResult: UNSAFE UltimateResult: TIMEOUT   [ShortDescription: Timeout LongDescription: Timeout while trying to prove G((A || ((B U C) || G(B))))],1232364993723.0,7163346944
,rers,Problem15_prop_037.c,LtlSoftwareModelCheckingC.epf,LtlSoftwareModelCheckingC.xml,ExpectedResult: UNSAFE UltimateResult: EXCEPTION_OR_ERROR   [de.uni_freiburg.informatik.ultimate.plugins.generator.buchiautomizer: OutOfMemoryError: GC overhead limit exceeded],832964644219.0,7178551296
,rers,Problem17_prop_013.c,LtlSoftwareModelCheckingC.epf,LtlSoftwareModelCheckingC.xml,ExpectedResult: UNSAFE UltimateResult: EXCEPTION_OR_ERROR   [de.uni_freiburg.informatik.ultimate.plugins.generator.buchiautomizer: OutOfMemoryError: GC overhead limit exceeded],739597378687.0,7635730432
,rers,Problem19_prop_046.c,LtlSoftwareModelCheckingC.epf,LtlSoftwareModelCheckingC.xml,ExpectedResult: UNSAFE UltimateResult: TIMEOUT   [ShortDescription: Timeout LongDescription: Timeout while trying to prove G(A)],1200077440880,7635730432
,rers,Problem19_prop_035.c,LtlSoftwareModelCheckingC.epf,LtlSoftwareModelCheckingC.xml,ExpectedResult: UNSAFE UltimateResult: TIMEOUT   [ShortDescription: Timeout LongDescription: Timeout while trying to prove (G(A) || F((B && F(C))))],1201777762473.0,7839154176
,rers,Problem18_prop_039.c,LtlSoftwareModelCheckingC.epf,LtlSoftwareModelCheckingC.xml,ExpectedResult: SAFE UltimateResult: SAFE   [ShortDescription: All specifications hold LongDescription: We were not able to verify any specifiation because the program does not contain any specification.],285816218817.0,8112832512
,rers,Problem17_prop_022.c,LtlSoftwareModelCheckingC.epf,LtlSoftwareModelCheckingC.xml,ExpectedResult: SAFE UltimateResult: SAFE   [ShortDescription: All specifications hold LongDescription: We were not able to verify any specifiation because the program does not contain any specification.],17726171495.0,7635730432
,rers,Problem19_prop_017.c,LtlSoftwareModelCheckingC.epf,LtlSoftwareModelCheckingC.xml,ExpectedResult: UNSAFE UltimateResult: EXCEPTION_OR_ERROR   [de.uni_freiburg.informatik.ultimate.plugins.generator.buchiautomizer: OutOfMemoryError: Java heap space],1109064665675.0,7.66246912E+9
,rers,Problem19_prop_022.c,LtlSoftwareModelCheckingC.epf,LtlSoftwareModelCheckingC.xml,ExpectedResult: SAFE UltimateResult: EXCEPTION_OR_ERROR   [de.uni_freiburg.informatik.ultimate.plugins.generator.buchiautomizer: OutOfMemoryError: GC overhead limit exceeded],1151495998457,7635730432
,rers,Problem18_prop_016.c,LtlSoftwareModelCheckingC.epf,LtlSoftwareModelCheckingC.xml,ExpectedResult: SAFE UltimateResult: SAFE   [ShortDescription: All specifications hold LongDescription: We were not able to verify any specifiation because the program does not contain any specification.],544058267759.0,8017412096
,rers,Problem19_prop_000.c,LtlSoftwareModelCheckingC.epf,LtlSoftwareModelCheckingC.xml,ExpectedResult: SAFE UltimateResult: TIMEOUT   [ShortDescription: Timeout LongDescription: Timeout while trying to prove G((A || ((B U C) || G(B))))],1372504834262.0,7635730432
,rers,Problem16_prop_011.c,LtlSoftwareModelCheckingC.epf,LtlSoftwareModelCheckingC.xml,ExpectedResult: SAFE UltimateResult: TIMEOUT   [ShortDescription: Timeout LongDescription: Timout or Toolchain cancelled by user],1200000033698.0,6.83933696E+9
,rers,Problem17_prop_048.c,LtlSoftwareModelCheckingC.epf,LtlSoftwareModelCheckingC.xml,ExpectedResult: SAFE UltimateResult: EXCEPTION_OR_ERROR   [de.uni_freiburg.informatik.ultimate.plugins.generator.buchiautomizer: OutOfMemoryError: GC overhead limit exceeded],541723328517.0,7635730432
,rers,Problem15_prop_044.c,LtlSoftwareModelCheckingC.epf,LtlSoftwareModelCheckingC.xml,ExpectedResult: SAFE UltimateResult: SAFE   [ShortDescription: All specifications hold LongDescription: We were not able to verify any specifiation because the program does not contain any specification.],42934751975.0,7603224576
,rers,Problem15_prop_035.c,LtlSoftwareModelCheckingC.epf,LtlSoftwareModelCheckingC.xml,ExpectedResult: UNSAFE UltimateResult: EXCEPTION_OR_ERROR   [de.uni_freiburg.informatik.ultimate.plugins.generator.buchiautomizer: OutOfMemoryError: GC overhead limit exceeded],1393200506221.0,7.85383424E+9
,rers,Problem14_prop_007.c,LtlSoftwareModelCheckingC.epf,LtlSoftwareModelCheckingC.xml,ExpectedResult: SAFE UltimateResult: SAFE   [ShortDescription: All specifications hold LongDescription: We were not able to verify any specifiation because the program does not contain any specification.],23757098590.0,7.7070336E+9
,rers,Problem14_prop_025.c,LtlSoftwareModelCheckingC.epf,LtlSoftwareModelCheckingC.xml,ExpectedResult: SAFE UltimateResult: SAFE   [ShortDescription: All specifications hold LongDescription: We were not able to verify any specifiation because the program does not contain any specification.],44386021085.0,8392278016
,rers,Problem18_prop_006.c,LtlSoftwareModelCheckingC.epf,LtlSoftwareModelCheckingC.xml,ExpectedResult: UNSAFE UltimateResult: EXCEPTION_OR_ERROR   [de.uni_freiburg.informatik.ultimate.plugins.generator.buchiautomizer: OutOfMemoryError: GC overhead limit exceeded],977057100117.0,7758413824
,rers,Problem15_prop_027.c,LtlSoftwareModelCheckingC.epf,LtlSoftwareModelCheckingC.xml,ExpectedResult: SAFE UltimateResult: SAFE   [ShortDescription: All specifications hold LongDescription: We were not able to verify any specifiation because the program does not contain any specification.],392505777846.0,7635730432
,rers,Problem16_prop_030.c,LtlSoftwareModelCheckingC.epf,LtlSoftwareModelCheckingC.xml,ExpectedResult: UNSAFE UltimateResult: EXCEPTION_OR_ERROR   [de.uni_freiburg.informatik.ultimate.plugins.generator.buchiautomizer: OutOfMemoryError: GC overhead limit exceeded],965555050058.0,7380926464
,rers,Problem19_prop_040.c,LtlSoftwareModelCheckingC.epf,LtlSoftwareModelCheckingC.xml,ExpectedResult: UNSAFE UltimateResult: TIMEOUT   [ShortDescription: Timeout LongDescription: Timeout while trying to prove (G(A) || F((B && F(C))))],1308101817087.0,7635730432
,rers,Problem18_prop_037.c,LtlSoftwareModelCheckingC.epf,LtlSoftwareModelCheckingC.xml,ExpectedResult: UNSAFE UltimateResult: TIMEOUT   [ShortDescription: Timeout LongDescription: Timeout while trying to prove (G(A) || F((B && F(C))))],1199996477949.0,7920943104
,rers,Problem16_prop_036.c,LtlSoftwareModelCheckingC.epf,LtlSoftwareModelCheckingC.xml,ExpectedResult: UNSAFE UltimateResult: TIMEOUT   [ShortDescription: Timeout LongDescription: Timout or Toolchain cancelled by user],1201498182759.0,7095189504
,rers,Problem18_prop_035.c,LtlSoftwareModelCheckingC.epf,LtlSoftwareModelCheckingC.xml,ExpectedResult: SAFE UltimateResult: SAFE   [ShortDescription: All specifications hold LongDescription: We were not able to verify any specifiation because the program does not contain any specification.],301640689214.0,8148484096
,rers,Problem15_prop_040.c,LtlSoftwareModelCheckingC.epf,LtlSoftwareModelCheckingC.xml,ExpectedResult: UNSAFE UltimateResult: EXCEPTION_OR_ERROR   [de.uni_freiburg.informatik.ultimate.plugins.generator.buchiautomizer: OutOfMemoryError: GC overhead limit exceeded],614618793290.0,7635730432
,rers,Problem14_prop_039.c,LtlSoftwareModelCheckingC.epf,LtlSoftwareModelCheckingC.xml,ExpectedResult: SAFE UltimateResult: SAFE   [ShortDescription: All specifications hold LongDescription: We were not able to verify any specifiation because the program does not contain any specification.],185918449587.0,8382840832
,rers,Problem17_prop_046.c,LtlSoftwareModelCheckingC.epf,LtlSoftwareModelCheckingC.xml,ExpectedResult: SAFE UltimateResult: SAFE   [ShortDescription: All specifications hold LongDescription: We were not able to verify any specifiation because the program does not contain any specification.],18263640484.0,7390363648
,rers,Problem14_prop_015.c,LtlSoftwareModelCheckingC.epf,LtlSoftwareModelCheckingC.xml,ExpectedResult: UNSAFE UltimateResult: NO_RESULT   NO_RESULT,1226934271121.0,8163688448
,rers,Problem15_prop_036.c,LtlSoftwareModelCheckingC.epf,LtlSoftwareModelCheckingC.xml,ExpectedResult: UNSAFE UltimateResult: EXCEPTION_OR_ERROR   [de.uni_freiburg.informatik.ultimate.plugins.generator.buchiautomizer: OutOfMemoryError: GC overhead limit exceeded],473372920812.0,7157579776
,rers,Problem19_prop_025.c,LtlSoftwareModelCheckingC.epf,LtlSoftwareModelCheckingC.xml,ExpectedResult: UNSAFE UltimateResult: TIMEOUT   [ShortDescription: Timeout LongDescription: Timeout while trying to prove G((A || F(B)))],1573146968682,7635730432
,rers,Problem16_prop_018.c,LtlSoftwareModelCheckingC.epf,LtlSoftwareModelCheckingC.xml,ExpectedResult: SAFE UltimateResult: SAFE   [ShortDescription: All specifications hold LongDescription: We were not able to verify any specifiation because the program does not contain any specification.],250656750968.0,7323779072
,rers,Problem18_prop_018.c,LtlSoftwareModelCheckingC.epf,LtlSoftwareModelCheckingC.xml,ExpectedResult: UNSAFE UltimateResult: TIMEOUT   [ShortDescription: Timeout LongDescription: Timeout while trying to prove G((A || ((B U C) || G(B))))],1359578881302.0,7.88791296E+9
,rers,Problem19_prop_049.c,LtlSoftwareModelCheckingC.epf,LtlSoftwareModelCheckingC.xml,ExpectedResult: SAFE UltimateResult: EXCEPTION_OR_ERROR   [de.uni_freiburg.informatik.ultimate.plugins.generator.buchiautomizer: OutOfMemoryError: GC overhead limit exceeded],1176748853515.0,7635730432
,rers,Problem15_prop_011.c,LtlSoftwareModelCheckingC.epf,LtlSoftwareModelCheckingC.xml,ExpectedResult: SAFE UltimateResult: SAFE   [ShortDescription: All specifications hold LongDescription: We were not able to verify any specifiation because the program does not contain any specification.],140450260719.0,6.27572736E+9
,rers,Problem19_prop_003.c,LtlSoftwareModelCheckingC.epf,LtlSoftwareModelCheckingC.xml,ExpectedResult: SAFE UltimateResult: TIMEOUT   [ShortDescription: Timeout LongDescription: Timeout while trying to prove ((A U B) || G(A))],1262969070668.0,7.74373376E+9
,rers,Problem17_prop_008.c,LtlSoftwareModelCheckingC.epf,LtlSoftwareModelCheckingC.xml,ExpectedResult: SAFE UltimateResult: SAFE   [ShortDescription: All specifications hold LongDescription: We were not able to verify any specifiation because the program does not contain any specification.],85910041871.0,7639924736
,rers,Problem14_prop_030.c,LtlSoftwareModelCheckingC.epf,LtlSoftwareModelCheckingC.xml,ExpectedResult: SAFE UltimateResult: SAFE   [ShortDescription: All specifications hold LongDescription: We were not able to verify any specifiation because the program does not contain any specification.],6830097117.0,8389132288
,rers,Problem16_prop_049.c,LtlSoftwareModelCheckingC.epf,LtlSoftwareModelCheckingC.xml,ExpectedResult: UNSAFE UltimateResult: EXCEPTION_OR_ERROR   [de.uni_freiburg.informatik.ultimate.plugins.generator.buchiautomizer: OutOfMemoryError: GC overhead limit exceeded],912165460625.0,7.39508224E+9
,rers,Problem19_prop_037.c,LtlSoftwareModelCheckingC.epf,LtlSoftwareModelCheckingC.xml,ExpectedResult: UNSAFE UltimateResult: EXCEPTION_OR_ERROR   [de.uni_freiburg.informatik.ultimate.plugins.generator.buchiautomizer: OutOfMemoryError: GC overhead limit exceeded],675568298843.0,7870087168
,rers,Problem19_prop_011.c,LtlSoftwareModelCheckingC.epf,LtlSoftwareModelCheckingC.xml,ExpectedResult: SAFE UltimateResult: EXCEPTION_OR_ERROR   [de.uni_freiburg.informatik.ultimate.plugins.generator.buchiautomizer: OutOfMemoryError: Java heap space],3307208708962.0,7971274752
,rers,Problem19_prop_048.c,LtlSoftwareModelCheckingC.epf,LtlSoftwareModelCheckingC.xml,ExpectedResult: UNSAFE UltimateResult: TIMEOUT   [ShortDescription: Timeout LongDescription: Timeout while trying to prove (!(F(A)) || (B U C))],1548946887171.0,7635730432
,rers,Problem16_prop_042.c,LtlSoftwareModelCheckingC.epf,LtlSoftwareModelCheckingC.xml,ExpectedResult: UNSAFE UltimateResult: TIMEOUT   [ShortDescription: Timeout LongDescription: Timout or Toolchain cancelled by user],10353815152766.0,8.34666496E+9
,rers,Problem17_prop_030.c,LtlSoftwareModelCheckingC.epf,LtlSoftwareModelCheckingC.xml,ExpectedResult: SAFE UltimateResult: SAFE   [ShortDescription: All specifications hold LongDescription: We were not able to verify any specifiation because the program does not contain any specification.],79000120355.0,7345799168
,rers,Problem16_prop_009.c,LtlSoftwareModelCheckingC.epf,LtlSoftwareModelCheckingC.xml,ExpectedResult: UNSAFE UltimateResult: TIMEOUT   [ShortDescription: Timeout LongDescription: Timout or Toolchain cancelled by user],1200000325530.0,7258243072
,rers,Problem19_prop_032.c,LtlSoftwareModelCheckingC.epf,LtlSoftwareModelCheckingC.xml,ExpectedResult: SAFE UltimateResult: TIMEOUT   [ShortDescription: Timeout LongDescription: Timeout while trying to prove G((A || ((B U C) || G(B))))],1254002161483.0,7838629888
,rers,Problem16_prop_032.c,LtlSoftwareModelCheckingC.epf,LtlSoftwareModelCheckingC.xml,ExpectedResult: UNSAFE UltimateResult: EXCEPTION_OR_ERROR   [de.uni_freiburg.informatik.ultimate.plugins.generator.buchiautomizer: OutOfMemoryError: Java heap space],718140222822.0,7343702016
,rers,Problem18_prop_008.c,LtlSoftwareModelCheckingC.epf,LtlSoftwareModelCheckingC.xml,ExpectedResult: UNSAFE UltimateResult: TIMEOUT   [ShortDescription: Timeout LongDescription: Timeout while trying to prove G((A || ((B U C) || G(B))))],1201615399649.0,7755792384
,rers,Problem16_prop_013.c,LtlSoftwareModelCheckingC.epf,LtlSoftwareModelCheckingC.xml,ExpectedResult: SAFE UltimateResult: EXCEPTION_OR_ERROR   [de.uni_freiburg.informatik.ultimate.plugins.generator.buchiautomizer: OutOfMemoryError: Java heap space],431126961985.0,7.22468864E+9
,rers,Problem17_prop_032.c,LtlSoftwareModelCheckingC.epf,LtlSoftwareModelCheckingC.xml,ExpectedResult: SAFE UltimateResult: SAFE   [ShortDescription: All specifications hold LongDescription: We were not able to verify any specifiation because the program does not contain any specification.],26591636394.0,6715080704
,rers,Problem18_prop_030.c,LtlSoftwareModelCheckingC.epf,LtlSoftwareModelCheckingC.xml,ExpectedResult: SAFE UltimateResult: TIMEOUT   [ShortDescription: Timeout LongDescription: Timeout while trying to prove G((!((A && F(B))) || (C U B)))],1249739135003.0,7635730432
,rers,Problem15_prop_022.c,LtlSoftwareModelCheckingC.epf,LtlSoftwareModelCheckingC.xml,ExpectedResult: UNSAFE UltimateResult: EXCEPTION_OR_ERROR   [de.uni_freiburg.informatik.ultimate.plugins.generator.buchiautomizer: OutOfMemoryError: GC overhead limit exceeded],544806226232.0,7635730432
,rers,Problem18_prop_046.c,LtlSoftwareModelCheckingC.epf,LtlSoftwareModelCheckingC.xml,ExpectedResult: UNSAFE UltimateResult: TIMEOUT   [ShortDescription: Timeout LongDescription: Timeout while trying to prove G((A || ((B U C) || G(B))))],1435615940157.0,7964459008
,rers,Problem18_prop_029.c,LtlSoftwareModelCheckingC.epf,LtlSoftwareModelCheckingC.xml,ExpectedResult: SAFE UltimateResult: TIMEOUT   [ShortDescription: Timeout LongDescription: Timeout while trying to prove G((!((A && F(B))) || (C U B)))],1199995408357.0,7635730432
,rers,Problem16_prop_048.c,LtlSoftwareModelCheckingC.epf,LtlSoftwareModelCheckingC.xml,ExpectedResult: UNSAFE UltimateResult: EXCEPTION_OR_ERROR   [de.uni_freiburg.informatik.ultimate.plugins.generator.buchiautomizer: OutOfMemoryError: GC overhead limit exceeded],918134229544.0,7.39508224E+9
,rers,Problem17_prop_031.c,LtlSoftwareModelCheckingC.epf,LtlSoftwareModelCheckingC.xml,ExpectedResult: SAFE UltimateResult: SAFE   [ShortDescription: All specifications hold LongDescription: We were not able to verify any specifiation because the program does not contain any specification.],18145034482.0,6797918208
,rers,Problem16_prop_000.c,LtlSoftwareModelCheckingC.epf,LtlSoftwareModelCheckingC.xml,ExpectedResult: SAFE UltimateResult: SAFE   [ShortDescription: All specifications hold LongDescription: We were not able to verify any specifiation because the program does not contain any specification.],111758797711.0,6452412416
,rers,Problem17_prop_019.c,LtlSoftwareModelCheckingC.epf,LtlSoftwareModelCheckingC.xml,ExpectedResult: UNSAFE UltimateResult: EXCEPTION_OR_ERROR   [de.uni_freiburg.informatik.ultimate.plugins.generator.buchiautomizer: OutOfMemoryError: GC overhead limit exceeded],932820178933.0,7635730432
,rers,Problem18_prop_038.c,LtlSoftwareModelCheckingC.epf,LtlSoftwareModelCheckingC.xml,ExpectedResult: SAFE UltimateResult: SAFE   [ShortDescription: All specifications hold LongDescription: We were not able to verify any specifiation because the program does not contain any specification.],306274222731.0,8.06879232E+9
,rers,Problem14_prop_004.c,LtlSoftwareModelCheckingC.epf,LtlSoftwareModelCheckingC.xml,ExpectedResult: UNSAFE UltimateResult: NO_RESULT   NO_RESULT,171654915275.0,8.41744384E+9
,rers,Problem14_prop_042.c,LtlSoftwareModelCheckingC.epf,LtlSoftwareModelCheckingC.xml,ExpectedResult: UNSAFE UltimateResult: NO_RESULT   NO_RESULT,359980210436.0,8156872704
,rers,Problem16_prop_041.c,LtlSoftwareModelCheckingC.epf,LtlSoftwareModelCheckingC.xml,ExpectedResult: UNSAFE UltimateResult: NO_RESULT   NO_RESULT,695083581222.0,7478444032
,rers,Problem17_prop_029.c,LtlSoftwareModelCheckingC.epf,LtlSoftwareModelCheckingC.xml,ExpectedResult: UNSAFE UltimateResult: EXCEPTION_OR_ERROR   [de.uni_freiburg.informatik.ultimate.plugins.generator.buchiautomizer: OutOfMemoryError: GC overhead limit exceeded],707786560152.0,7345799168
,rers,Problem18_prop_015.c,LtlSoftwareModelCheckingC.epf,LtlSoftwareModelCheckingC.xml,ExpectedResult: SAFE UltimateResult: TIMEOUT   [ShortDescription: Timeout LongDescription: Timeout while trying to prove G((!((A && F(B))) || (C U B)))],1213615420465.0,7682916352
,rers,Problem15_prop_032.c,LtlSoftwareModelCheckingC.epf,LtlSoftwareModelCheckingC.xml,ExpectedResult: UNSAFE UltimateResult: NO_RESULT   NO_RESULT,199812975799.0,8131182592
,rers,Problem16_prop_005.c,LtlSoftwareModelCheckingC.epf,LtlSoftwareModelCheckingC.xml,ExpectedResult: UNSAFE UltimateResult: EXCEPTION_OR_ERROR   [de.uni_freiburg.informatik.ultimate.plugins.generator.buchiautomizer: OutOfMemoryError: GC overhead limit exceeded],1339323004607.0,7159676928
,rers,Problem14_prop_010.c,LtlSoftwareModelCheckingC.epf,LtlSoftwareModelCheckingC.xml,ExpectedResult: SAFE UltimateResult: UNSAFE   Violation of LTL property (G(A) || F((B && F(C)))) ,25893799078.0,7.72538368E+9
,rers,Problem15_prop_000.c,LtlSoftwareModelCheckingC.epf,LtlSoftwareModelCheckingC.xml,ExpectedResult: SAFE UltimateResult: SAFE   [ShortDescription: All specifications hold LongDescription: We were not able to verify any specifiation because the program does not contain any specification.],262292249413.0,7745830912
,rers,Problem14_prop_033.c,LtlSoftwareModelCheckingC.epf,LtlSoftwareModelCheckingC.xml,ExpectedResult: UNSAFE UltimateResult: NO_RESULT   NO_RESULT,1234646701241.0,8438939648
,rers,Problem18_prop_007.c,LtlSoftwareModelCheckingC.epf,LtlSoftwareModelCheckingC.xml,ExpectedResult: UNSAFE UltimateResult: TIMEOUT   [ShortDescription: Timeout LongDescription: Timeout while trying to prove G((!((A && F(B))) || (C U B)))],1271784261655.0,7635730432
,rers,Problem15_prop_019.c,LtlSoftwareModelCheckingC.epf,LtlSoftwareModelCheckingC.xml,ExpectedResult: SAFE UltimateResult: SAFE   [ShortDescription: All specifications hold LongDescription: We were not able to verify any specifiation because the program does not contain any specification.],725073505469.0,7112491008
,rers,Problem14_prop_003.c,LtlSoftwareModelCheckingC.epf,LtlSoftwareModelCheckingC.xml,ExpectedResult: SAFE UltimateResult: NO_RESULT   NO_RESULT,1241353259084.0,8281653248
,rers,Problem19_prop_045.c,LtlSoftwareModelCheckingC.epf,LtlSoftwareModelCheckingC.xml,ExpectedResult: SAFE UltimateResult: EXCEPTION_OR_ERROR   [de.uni_freiburg.informatik.ultimate.plugins.generator.buchiautomizer: OutOfMemoryError: GC overhead limit exceeded],831692522620.0,7.63887616E+9
,rers,Problem18_prop_010.c,LtlSoftwareModelCheckingC.epf,LtlSoftwareModelCheckingC.xml,ExpectedResult: SAFE UltimateResult: SAFE   [ShortDescription: All specifications hold LongDescription: We were not able to verify any specifiation because the program does not contain any specification.],303295682205.0,7933526016
,rers,Problem17_prop_003.c,LtlSoftwareModelCheckingC.epf,LtlSoftwareModelCheckingC.xml,ExpectedResult: SAFE UltimateResult: SAFE   [ShortDescription: All specifications hold LongDescription: We were not able to verify any specifiation because the program does not contain any specification.],17702137967.0,7634157568
,rers,Problem18_prop_028.c,LtlSoftwareModelCheckingC.epf,LtlSoftwareModelCheckingC.xml,ExpectedResult: UNSAFE UltimateResult: EXCEPTION_OR_ERROR   [de.uni_freiburg.informatik.ultimate.plugins.generator.buchiautomizer: OutOfMemoryError: Java heap space],1656684635434.0,7841775616
,rers,Problem19_prop_034.c,LtlSoftwareModelCheckingC.epf,LtlSoftwareModelCheckingC.xml,ExpectedResult: UNSAFE UltimateResult: TIMEOUT   [ShortDescription: Timeout LongDescription: Timeout while trying to prove G(A)],1230375920139.0,7.76994816E+9
,rers,Problem17_prop_021.c,LtlSoftwareModelCheckingC.epf,LtlSoftwareModelCheckingC.xml,ExpectedResult: UNSAFE UltimateResult: TIMEOUT   [ShortDescription: Timeout LongDescription: Timeout while trying to prove ((A U B) || G(A))],1201777611113.0,7635730432
,rers,Problem15_prop_043.c,LtlSoftwareModelCheckingC.epf,LtlSoftwareModelCheckingC.xml,ExpectedResult: SAFE UltimateResult: SAFE   [ShortDescription: All specifications hold LongDescription: We were not able to verify any specifiation because the program does not contain any specification.],151884271546.0,7.46848256E+9
,rers,Problem18_prop_033.c,LtlSoftwareModelCheckingC.epf,LtlSoftwareModelCheckingC.xml,ExpectedResult: UNSAFE UltimateResult: TIMEOUT   [ShortDescription: Timeout LongDescription: Timeout while trying to prove G(A)],1231048139556.0,7791443968
,rers,Problem14_prop_043.c,LtlSoftwareModelCheckingC.epf,LtlSoftwareModelCheckingC.xml,ExpectedResult: SAFE UltimateResult: SAFE   [ShortDescription: All specifications hold LongDescription: We were not able to verify any specifiation because the program does not contain any specification.],7711527540.0,7453802496
,rers,Problem16_prop_035.c,LtlSoftwareModelCheckingC.epf,LtlSoftwareModelCheckingC.xml,ExpectedResult: SAFE UltimateResult: SAFE   [ShortDescription: All specifications hold LongDescription: We were not able to verify any specifiation because the program does not contain any specification.],385798733681.0,7111442432
,rers,Problem17_prop_038.c,LtlSoftwareModelCheckingC.epf,LtlSoftwareModelCheckingC.xml,ExpectedResult: SAFE UltimateResult: SAFE   [ShortDescription: All specifications hold LongDescription: We were not able to verify any specifiation because the program does not contain any specification.],97455003895.0,6976176128
,rers,Problem19_prop_019.c,LtlSoftwareModelCheckingC.epf,LtlSoftwareModelCheckingC.xml,ExpectedResult: SAFE UltimateResult: TIMEOUT   [ShortDescription: Timeout LongDescription: Timeout while trying to prove (!(F(A)) || (B U C))],1429234914607,7635730432
,rers,Problem17_prop_012.c,LtlSoftwareModelCheckingC.epf,LtlSoftwareModelCheckingC.xml,ExpectedResult: UNSAFE UltimateResult: EXCEPTION_OR_ERROR   [de.uni_freiburg.informatik.ultimate.plugins.generator.buchiautomizer: OutOfMemoryError: Java heap space],209176694156.0,7635730432
,rers,Problem16_prop_040.c,LtlSoftwareModelCheckingC.epf,LtlSoftwareModelCheckingC.xml,ExpectedResult: UNSAFE UltimateResult: EXCEPTION_OR_ERROR   [de.uni_freiburg.informatik.ultimate.plugins.generator.buchiautomizer: OutOfMemoryError: GC overhead limit exceeded],858240490734.0,7478444032
,rers,Problem15_prop_023.c,LtlSoftwareModelCheckingC.epf,LtlSoftwareModelCheckingC.xml,ExpectedResult: UNSAFE UltimateResult: EXCEPTION_OR_ERROR   [de.uni_freiburg.informatik.ultimate.plugins.generator.buchiautomizer: OutOfMemoryError: GC overhead limit exceeded],524012062808.0,7635730432
,rers,Problem14_prop_008.c,LtlSoftwareModelCheckingC.epf,LtlSoftwareModelCheckingC.xml,ExpectedResult: UNSAFE UltimateResult: NO_RESULT   NO_RESULT,175942976630.0,7.72276224E+9
,rers,Problem15_prop_038.c,LtlSoftwareModelCheckingC.epf,LtlSoftwareModelCheckingC.xml,ExpectedResult: SAFE UltimateResult: SAFE   [ShortDescription: All specifications hold LongDescription: We were not able to verify any specifiation because the program does not contain any specification.],171325891208.0,7178551296
,rers,Problem18_prop_021.c,LtlSoftwareModelCheckingC.epf,LtlSoftwareModelCheckingC.xml,ExpectedResult: UNSAFE UltimateResult: EXCEPTION_OR_ERROR   [de.uni_freiburg.informatik.ultimate.plugins.generator.buchiautomizer: OutOfMemoryError: GC overhead limit exceeded],1039645497031.0,7411335168
,rers,Problem14_prop_011.c,LtlSoftwareModelCheckingC.epf,LtlSoftwareModelCheckingC.xml,ExpectedResult: SAFE UltimateResult: SAFE   [ShortDescription: All specifications hold LongDescription: We were not able to verify any specifiation because the program does not contain any specification.],48273321586.0,7750025216
,rers,Problem19_prop_009.c,LtlSoftwareModelCheckingC.epf,LtlSoftwareModelCheckingC.xml,ExpectedResult: UNSAFE UltimateResult: TIMEOUT   [ShortDescription: Timeout LongDescription: Timeout while trying to prove G(A)],1228736703674.0,7818182656
,rers,Problem18_prop_019.c,LtlSoftwareModelCheckingC.epf,LtlSoftwareModelCheckingC.xml,ExpectedResult: SAFE UltimateResult: TIMEOUT   [ShortDescription: Timeout LongDescription: Timeout while trying to prove ((A U ((B U ((A U ((B U G(A)) || G(B))) || G(A))) || G(B))) || G(A))],1223472093196.0,7643070464
,rers,Problem17_prop_035.c,LtlSoftwareModelCheckingC.epf,LtlSoftwareModelCheckingC.xml,ExpectedResult: SAFE UltimateResult: SAFE   [ShortDescription: All specifications hold LongDescription: We were not able to verify any specifiation because the program does not contain any specification.],114478408841.0,7632584704
,rers,Problem16_prop_019.c,LtlSoftwareModelCheckingC.epf,LtlSoftwareModelCheckingC.xml,ExpectedResult: UNSAFE UltimateResult: EXCEPTION_OR_ERROR   [de.uni_freiburg.informatik.ultimate.plugins.generator.buchiautomizer: OutOfMemoryError: GC overhead limit exceeded],644106134777.0,7220494336
,rers,Problem19_prop_026.c,LtlSoftwareModelCheckingC.epf,LtlSoftwareModelCheckingC.xml,ExpectedResult: SAFE UltimateResult: EXCEPTION_OR_ERROR   [de.uni_freiburg.informatik.ultimate.plugins.generator.buchiautomizer: OutOfMemoryError: GC overhead limit exceeded],1349687100622.0,7635730432
,rers,Problem17_prop_007.c,LtlSoftwareModelCheckingC.epf,LtlSoftwareModelCheckingC.xml,ExpectedResult: SAFE UltimateResult: SAFE   [ShortDescription: All specifications hold LongDescription: We were not able to verify any specifiation because the program does not contain any specification.],406785958853.0,7.6414976E+9
,rers,Problem14_prop_024.c,LtlSoftwareModelCheckingC.epf,LtlSoftwareModelCheckingC.xml,ExpectedResult: SAFE UltimateResult: SAFE   [ShortDescription: All specifications hold LongDescription: We were not able to verify any specifiation because the program does not contain any specification.],82077161644.0,8369209344
,rers,Problem14_prop_018.c,LtlSoftwareModelCheckingC.epf,LtlSoftwareModelCheckingC.xml,ExpectedResult: SAFE UltimateResult: SAFE   [ShortDescription: All specifications hold LongDescription: We were not able to verify any specifiation because the program does not contain any specification.],13030651840.0,8418492416
,rers,Problem15_prop_029.c,LtlSoftwareModelCheckingC.epf,LtlSoftwareModelCheckingC.xml,ExpectedResult: UNSAFE UltimateResult: TIMEOUT   [ShortDescription: Timeout LongDescription: Timout or Toolchain cancelled by user],1200546505834.0,7635730432
,rers,Problem18_prop_024.c,LtlSoftwareModelCheckingC.epf,LtlSoftwareModelCheckingC.xml,ExpectedResult: SAFE UltimateResult: SAFE   [ShortDescription: All specifications hold LongDescription: We were not able to verify any specifiation because the program does not contain any specification.],322963249025.0,7443316736
,rers,Problem15_prop_004.c,LtlSoftwareModelCheckingC.epf,LtlSoftwareModelCheckingC.xml,ExpectedResult: UNSAFE UltimateResult: EXCEPTION_OR_ERROR   [de.uni_freiburg.informatik.ultimate.plugins.generator.buchiautomizer: OutOfMemoryError: GC overhead limit exceeded: java.util.HashMap.createEntry(HashMap.java:901)],646492158134.0,7.88791296E+9
,rers,Problem17_prop_034.c,LtlSoftwareModelCheckingC.epf,LtlSoftwareModelCheckingC.xml,ExpectedResult: UNSAFE UltimateResult: EXCEPTION_OR_ERROR   [de.uni_freiburg.informatik.ultimate.plugins.generator.buchiautomizer: OutOfMemoryError: Java heap space],3292221382765.0,7.60741888E+9
,rers,Problem19_prop_015.c,LtlSoftwareModelCheckingC.epf,LtlSoftwareModelCheckingC.xml,ExpectedResult: SAFE UltimateResult: EXCEPTION_OR_ERROR   [de.uni_freiburg.informatik.ultimate.plugins.generator.buchiautomizer: OutOfMemoryError: Java heap space],2086995521654.0,7616856064
,rers,Problem15_prop_021.c,LtlSoftwareModelCheckingC.epf,LtlSoftwareModelCheckingC.xml,ExpectedResult: UNSAFE UltimateResult: EXCEPTION_OR_ERROR   [de.uni_freiburg.informatik.ultimate.plugins.generator.buchiautomizer: OutOfMemoryError: GC overhead limit exceeded],1152114143456.0,6934233088
,rers,Problem16_prop_023.c,LtlSoftwareModelCheckingC.epf,LtlSoftwareModelCheckingC.xml,ExpectedResult: SAFE UltimateResult: SAFE   [ShortDescription: All specifications hold LongDescription: We were not able to verify any specifiation because the program does not contain any specification.],323209064732.0,8146911232
,rers,Problem16_prop_026.c,LtlSoftwareModelCheckingC.epf,LtlSoftwareModelCheckingC.xml,ExpectedResult: UNSAFE UltimateResult: EXCEPTION_OR_ERROR   [de.uni_freiburg.informatik.ultimate.plugins.generator.buchiautomizer: OutOfMemoryError: GC overhead limit exceeded],759704034093.0,7301758976
,rers,Problem15_prop_028.c,LtlSoftwareModelCheckingC.epf,LtlSoftwareModelCheckingC.xml,ExpectedResult: UNSAFE UltimateResult: TIMEOUT   [ShortDescription: Timeout LongDescription: Timeout while trying to prove ((A U ((B U ((A U ((B U G(A)) || G(B))) || G(A))) || G(B))) || G(A))],1199995081189.0,7635730432
,rers,Problem19_prop_038.c,LtlSoftwareModelCheckingC.epf,LtlSoftwareModelCheckingC.xml,ExpectedResult: UNSAFE UltimateResult: TIMEOUT   [ShortDescription: Timeout LongDescription: Timeout while trying to prove G((A || ((B U C) || G(B))))],1401708353528.0,7635730432
,rers,Problem17_prop_024.c,LtlSoftwareModelCheckingC.epf,LtlSoftwareModelCheckingC.xml,ExpectedResult: UNSAFE UltimateResult: EXCEPTION_OR_ERROR   [de.uni_freiburg.informatik.ultimate.plugins.generator.buchiautomizer: OutOfMemoryError: GC overhead limit exceeded],1240591031272.0,7635730432
,rers,Problem19_prop_002.c,LtlSoftwareModelCheckingC.epf,LtlSoftwareModelCheckingC.xml,ExpectedResult: SAFE UltimateResult: TIMEOUT   [ShortDescription: Timeout LongDescription: Timeout while trying to prove G((A || F(B)))],1376816119772.0,7867990016
,rers,Problem14_prop_019.c,LtlSoftwareModelCheckingC.epf,LtlSoftwareModelCheckingC.xml,ExpectedResult: UNSAFE UltimateResult: UNSAFE   Violation of LTL property G((A || F(B))) ,27721962104.0,8469348352
,rers,Problem18_prop_041.c,LtlSoftwareModelCheckingC.epf,LtlSoftwareModelCheckingC.xml,ExpectedResult: UNSAFE UltimateResult: EXCEPTION_OR_ERROR   [de.uni_freiburg.informatik.ultimate.plugins.generator.buchiautomizer: OutOfMemoryError: Java heap space],1245116488287.0,8012169216
,rers,Problem14_prop_032.c,LtlSoftwareModelCheckingC.epf,LtlSoftwareModelCheckingC.xml,ExpectedResult: SAFE UltimateResult: SAFE   [ShortDescription: All specifications hold LongDescription: We were not able to verify any specifiation because the program does not contain any specification.],9869356613.0,8442609664
,rers,Problem14_prop_026.c,LtlSoftwareModelCheckingC.epf,LtlSoftwareModelCheckingC.xml,ExpectedResult: SAFE UltimateResult: SAFE   [ShortDescription: All specifications hold LongDescription: We were not able to verify any specifiation because the program does not contain any specification.],222122320656.0,8395423744
,rers,Problem18_prop_042.c,LtlSoftwareModelCheckingC.epf,LtlSoftwareModelCheckingC.xml,ExpectedResult: UNSAFE UltimateResult: TIMEOUT   [ShortDescription: Timeout LongDescription: Timout or Toolchain cancelled by user],9387205764716.0,7635730432
,rers,Problem15_prop_009.c,LtlSoftwareModelCheckingC.epf,LtlSoftwareModelCheckingC.xml,ExpectedResult: SAFE UltimateResult: SAFE   [ShortDescription: All specifications hold LongDescription: We were not able to verify any specifiation because the program does not contain any specification.],198517123703.0,6484393984
,rers,Problem15_prop_030.c,LtlSoftwareModelCheckingC.epf,LtlSoftwareModelCheckingC.xml,ExpectedResult: UNSAFE UltimateResult: TIMEOUT   [ShortDescription: Timeout LongDescription: Timeout while trying to prove G((A || (B U C)))],1206044819693.0,7635730432
,rers,Problem18_prop_003.c,LtlSoftwareModelCheckingC.epf,LtlSoftwareModelCheckingC.xml,ExpectedResult: SAFE UltimateResult: SAFE   [ShortDescription: All specifications hold LongDescription: We were not able to verify any specifiation because the program does not contain any specification.],282095432642.0,8173125632
,rers,Problem16_prop_014.c,LtlSoftwareModelCheckingC.epf,LtlSoftwareModelCheckingC.xml,ExpectedResult: SAFE UltimateResult: SAFE   [ShortDescription: All specifications hold LongDescription: We were not able to verify any specifiation because the program does not contain any specification.],51413278936.0,7.22468864E+9
,rers,Problem15_prop_014.c,LtlSoftwareModelCheckingC.epf,LtlSoftwareModelCheckingC.xml,ExpectedResult: SAFE UltimateResult: SAFE   [ShortDescription: All specifications hold LongDescription: We were not able to verify any specifiation because the program does not contain any specification.],219090140001.0,6766460928
,rers,Problem14_prop_012.c,LtlSoftwareModelCheckingC.epf,LtlSoftwareModelCheckingC.xml,ExpectedResult: SAFE UltimateResult: SAFE   [ShortDescription: All specifications hold LongDescription: We were not able to verify any specifiation because the program does not contain any specification.],13840511075.0,7719616512
,rers,Problem14_prop_040.c,LtlSoftwareModelCheckingC.epf,LtlSoftwareModelCheckingC.xml,ExpectedResult: UNSAFE UltimateResult: NO_RESULT   NO_RESULT,111221851504.0,8214544384
,rers,Problem18_prop_045.c,LtlSoftwareModelCheckingC.epf,LtlSoftwareModelCheckingC.xml,ExpectedResult: UNSAFE UltimateResult: TIMEOUT   [ShortDescription: Timeout LongDescription: Timeout while trying to prove G((A || ((B U C) || G(B))))],1334816665977.0,7849115648
,rers,Problem16_prop_029.c,LtlSoftwareModelCheckingC.epf,LtlSoftwareModelCheckingC.xml,ExpectedResult: UNSAFE UltimateResult: EXCEPTION_OR_ERROR   [de.uni_freiburg.informatik.ultimate.plugins.generator.buchiautomizer: OutOfMemoryError: GC overhead limit exceeded],1155355151807.0,7380926464
,rers,Problem17_prop_018.c,LtlSoftwareModelCheckingC.epf,LtlSoftwareModelCheckingC.xml,ExpectedResult: SAFE UltimateResult: SAFE   [ShortDescription: All specifications hold LongDescription: We were not able to verify any specifiation because the program does not contain any specification.],118268530787.0,6959398912
,rers,Problem15_prop_013.c,LtlSoftwareModelCheckingC.epf,LtlSoftwareModelCheckingC.xml,ExpectedResult: UNSAFE UltimateResult: EXCEPTION_OR_ERROR   [de.uni_freiburg.informatik.ultimate.plugins.generator.buchiautomizer: OutOfMemoryError: GC overhead limit exceeded: java.util.HashMap.createEntry(HashMap.java:901)],716595338389.0,6755975168
,rers,Problem17_prop_040.c,LtlSoftwareModelCheckingC.epf,LtlSoftwareModelCheckingC.xml,ExpectedResult: UNSAFE UltimateResult: TIMEOUT   [ShortDescription: Timeout LongDescription: Timeout while trying to prove (G(A) || F((B && F(C))))],1265748375107.0,7635730432
,rers,Problem19_prop_023.c,LtlSoftwareModelCheckingC.epf,LtlSoftwareModelCheckingC.xml,ExpectedResult: UNSAFE UltimateResult: EXCEPTION_OR_ERROR   [de.uni_freiburg.informatik.ultimate.plugins.generator.buchiautomizer: OutOfMemoryError: GC overhead limit exceeded],737329616208.0,7635730432
,rers,Problem16_prop_017.c,LtlSoftwareModelCheckingC.epf,LtlSoftwareModelCheckingC.xml,ExpectedResult: UNSAFE UltimateResult: EXCEPTION_OR_ERROR   [de.uni_freiburg.informatik.ultimate.plugins.generator.buchiautomizer: OutOfMemoryError: GC overhead limit exceeded],761118045145.0,8.09500672E+9
,rers,Problem19_prop_018.c,LtlSoftwareModelCheckingC.epf,LtlSoftwareModelCheckingC.xml,ExpectedResult: UNSAFE UltimateResult: TIMEOUT   [ShortDescription: Timeout LongDescription: Timeout while trying to prove G((A || F(B)))],1261401992657.0,7751073792
,rers,Problem18_prop_012.c,LtlSoftwareModelCheckingC.epf,LtlSoftwareModelCheckingC.xml,ExpectedResult: UNSAFE UltimateResult: TIMEOUT   [ShortDescription: Timeout LongDescription: Timeout while trying to prove (!(F(A)) || (B U (A || (C U (A || (B U (A || (C U (A || (D U A))))))))))],1239523924920.0,7.88529152E+9
,rers,Problem14_prop_000.c,LtlSoftwareModelCheckingC.epf,LtlSoftwareModelCheckingC.xml,ExpectedResult: SAFE UltimateResult: SAFE   [ShortDescription: All specifications hold LongDescription: We were not able to verify any specifiation because the program does not contain any specification.],17182103337,1.56237824E+9
,rers,Problem14_prop_017.c,LtlSoftwareModelCheckingC.epf,LtlSoftwareModelCheckingC.xml,ExpectedResult: UNSAFE UltimateResult: UNSAFE   Violation of LTL property ((A U B) || G(A)) ,18833368257.0,8164737024
,rers,Problem14_prop_005.c,LtlSoftwareModelCheckingC.epf,LtlSoftwareModelCheckingC.xml,ExpectedResult: UNSAFE UltimateResult: NO_RESULT   NO_RESULT,112127344042.0,8.43579392E+9
,rers,Problem16_prop_001.c,LtlSoftwareModelCheckingC.epf,LtlSoftwareModelCheckingC.xml,ExpectedResult: SAFE UltimateResult: EXCEPTION_OR_ERROR   [de.uni_freiburg.informatik.ultimate.plugins.generator.buchiautomizer: OutOfMemoryError: Java heap space],341685202104.0,7635730432
,rers,Problem16_prop_020.c,LtlSoftwareModelCheckingC.epf,LtlSoftwareModelCheckingC.xml,ExpectedResult: SAFE UltimateResult: EXCEPTION_OR_ERROR   [de.uni_freiburg.informatik.ultimate.plugins.generator.buchiautomizer: OutOfMemoryError: GC overhead limit exceeded],1052410968552.0,7333740544
,rers,Problem18_prop_048.c,LtlSoftwareModelCheckingC.epf,LtlSoftwareModelCheckingC.xml,ExpectedResult: SAFE UltimateResult: TIMEOUT   [ShortDescription: Timeout LongDescription: Timeout while trying to prove G((A || ((B U C) || G(B))))],1243548791446.0,7635730432
,rers,Problem15_prop_042.c,LtlSoftwareModelCheckingC.epf,LtlSoftwareModelCheckingC.xml,ExpectedResult: SAFE UltimateResult: SAFE   [ShortDescription: All specifications hold LongDescription: We were not able to verify any specifiation because the program does not contain any specification.],747032093884.0,7312244736
,rers,Problem14_prop_022.c,LtlSoftwareModelCheckingC.epf,LtlSoftwareModelCheckingC.xml,ExpectedResult: UNSAFE UltimateResult: NO_RESULT   NO_RESULT,1236656753108.0,8.27588608E+9
,rers,Problem17_prop_014.c,LtlSoftwareModelCheckingC.epf,LtlSoftwareModelCheckingC.xml,ExpectedResult: UNSAFE UltimateResult: EXCEPTION_OR_ERROR   [de.uni_freiburg.informatik.ultimate.plugins.generator.buchiautomizer: OutOfMemoryError: Java heap space],739923862966.0,7441219584
,rers,Problem18_prop_031.c,LtlSoftwareModelCheckingC.epf,LtlSoftwareModelCheckingC.xml,ExpectedResult: SAFE UltimateResult: TIMEOUT   [ShortDescription: Timeout LongDescription: Timeout while trying to prove G((A || ((B U C) || G(B))))],1199994841351.0,7973896192
,rers,Problem17_prop_043.c,LtlSoftwareModelCheckingC.epf,LtlSoftwareModelCheckingC.xml,ExpectedResult: UNSAFE UltimateResult: EXCEPTION_OR_ERROR   [de.uni_freiburg.informatik.ultimate.plugins.generator.buchiautomizer: OutOfMemoryError: GC overhead limit exceeded],577210065539.0,7635730432
,rers,Problem19_prop_020.c,LtlSoftwareModelCheckingC.epf,LtlSoftwareModelCheckingC.xml,ExpectedResult: SAFE UltimateResult: EXCEPTION_OR_ERROR   [de.uni_freiburg.informatik.ultimate.plugins.generator.buchiautomizer: OutOfMemoryError: GC overhead limit exceeded],871066436565.0,7830765568
,rers,Problem18_prop_040.c,LtlSoftwareModelCheckingC.epf,LtlSoftwareModelCheckingC.xml,ExpectedResult: SAFE UltimateResult: SAFE   [ShortDescription: All specifications hold LongDescription: We were not able to verify any specifiation because the program does not contain any specification.],878915197600.0,8052539392
,rers,Problem19_prop_033.c,LtlSoftwareModelCheckingC.epf,LtlSoftwareModelCheckingC.xml,ExpectedResult: UNSAFE UltimateResult: TIMEOUT   [ShortDescription: Timeout LongDescription: Timeout while trying to prove G((!((A && F(B))) || (C U B)))],1381633660967.0,7801929728
,rers,Problem19_prop_008.c,LtlSoftwareModelCheckingC.epf,LtlSoftwareModelCheckingC.xml,ExpectedResult: SAFE UltimateResult: TIMEOUT   [ShortDescription: Timeout LongDescription: Timeout while trying to prove G(A)],1284607070071.0,8054636544
,rers,Problem16_prop_028.c,LtlSoftwareModelCheckingC.epf,LtlSoftwareModelCheckingC.xml,ExpectedResult: UNSAFE UltimateResult: UNSAFE   Violation of LTL property ((A U B) || G(A)) ,141102581630.0,7318536192
,rers,Problem17_prop_011.c,LtlSoftwareModelCheckingC.epf,LtlSoftwareModelCheckingC.xml,ExpectedResult: SAFE UltimateResult: SAFE   [ShortDescription: All specifications hold LongDescription: We were not able to verify any specifiation because the program does not contain any specification.],23030539453.0,7000293376
,rers,Problem15_prop_008.c,LtlSoftwareModelCheckingC.epf,LtlSoftwareModelCheckingC.xml,ExpectedResult: SAFE UltimateResult: SAFE   [ShortDescription: All specifications hold LongDescription: We were not able to verify any specifiation because the program does not contain any specification.],109663247554.0,6872367104
,rers,Problem16_prop_027.c,LtlSoftwareModelCheckingC.epf,LtlSoftwareModelCheckingC.xml,ExpectedResult: UNSAFE UltimateResult: EXCEPTION_OR_ERROR   [de.uni_freiburg.informatik.ultimate.plugins.generator.buchiautomizer: OutOfMemoryError: GC overhead limit exceeded],716211026932.0,7318536192
,rers,Problem17_prop_004.c,LtlSoftwareModelCheckingC.epf,LtlSoftwareModelCheckingC.xml,ExpectedResult: UNSAFE UltimateResult: EXCEPTION_OR_ERROR   [de.uni_freiburg.informatik.ultimate.plugins.generator.buchiautomizer: OutOfMemoryError: GC overhead limit exceeded],631978666622.0,7612137472
,rers,Problem17_prop_017.c,LtlSoftwareModelCheckingC.epf,LtlSoftwareModelCheckingC.xml,ExpectedResult: SAFE UltimateResult: SAFE   [ShortDescription: All specifications hold LongDescription: We were not able to verify any specifiation because the program does not contain any specification.],68898707187.0,7175929856
,rers,Problem15_prop_041.c,LtlSoftwareModelCheckingC.epf,LtlSoftwareModelCheckingC.xml,ExpectedResult: UNSAFE UltimateResult: TIMEOUT   [ShortDescription: Timeout LongDescription: Timeout while trying to prove G((A || G(B)))],1232573881673.0,7312244736
,rers,Problem19_prop_021.c,LtlSoftwareModelCheckingC.epf,LtlSoftwareModelCheckingC.xml,ExpectedResult: SAFE UltimateResult: TIMEOUT   [ShortDescription: Timeout LongDescription: Timeout while trying to prove G(A)],1239454881604.0,7635730432
,rers,Problem17_prop_039.c,LtlSoftwareModelCheckingC.epf,LtlSoftwareModelCheckingC.xml,ExpectedResult: UNSAFE UltimateResult: TIMEOUT   [ShortDescription: Timeout LongDescription: Timeout while trying to prove G((A || (B U C)))],1599402415034.0,7635730432
,rers,Problem18_prop_014.c,LtlSoftwareModelCheckingC.epf,LtlSoftwareModelCheckingC.xml,ExpectedResult: UNSAFE UltimateResult: TIMEOUT   [ShortDescription: Timeout LongDescription: Timeout while trying to prove (!(F(A)) || (B U C))],1240754076664.0,7.59431168E+9
,rers,Problem15_prop_003.c,LtlSoftwareModelCheckingC.epf,LtlSoftwareModelCheckingC.xml,ExpectedResult: SAFE UltimateResult: SAFE   [ShortDescription: All specifications hold LongDescription: We were not able to verify any specifiation because the program does not contain any specification.],91489441710.0,8007974912
,rers,Problem16_prop_003.c,LtlSoftwareModelCheckingC.epf,LtlSoftwareModelCheckingC.xml,ExpectedResult: SAFE UltimateResult: EXCEPTION_OR_ERROR   [de.uni_freiburg.informatik.ultimate.plugins.generator.buchiautomizer: OutOfMemoryError: GC overhead limit exceeded],618371978130.0,6971457536
,rers,Problem19_prop_006.c,LtlSoftwareModelCheckingC.epf,LtlSoftwareModelCheckingC.xml,ExpectedResult: SAFE UltimateResult: TIMEOUT   [ShortDescription: Timeout LongDescription: Timeout while trying to prove (!(F(A)) || (B U C))],1201108196756.0,7635730432
,rers,Problem16_prop_022.c,LtlSoftwareModelCheckingC.epf,LtlSoftwareModelCheckingC.xml,ExpectedResult: UNSAFE UltimateResult: TIMEOUT   [ShortDescription: Timeout LongDescription: Timout or Toolchain cancelled by user],1199999369676.0,7635730432
,rers,Problem15_prop_046.c,LtlSoftwareModelCheckingC.epf,LtlSoftwareModelCheckingC.xml,ExpectedResult: SAFE UltimateResult: SAFE   [ShortDescription: All specifications hold LongDescription: We were not able to verify any specifiation because the program does not contain any specification.],40526101756.0,6698303488
,rers,Problem19_prop_031.c,LtlSoftwareModelCheckingC.epf,LtlSoftwareModelCheckingC.xml,ExpectedResult: SAFE UltimateResult: TIMEOUT   [ShortDescription: Timeout LongDescription: Timeout while trying to prove G((A || ((B U C) || G(B))))],1561202561953,7816609792
,rers,Problem17_prop_042.c,LtlSoftwareModelCheckingC.epf,LtlSoftwareModelCheckingC.xml,ExpectedResult: UNSAFE UltimateResult: EXCEPTION_OR_ERROR   [de.uni_freiburg.informatik.ultimate.plugins.generator.buchiautomizer: OutOfMemoryError: GC overhead limit exceeded],562704248212.0,7635730432
,rers,Problem15_prop_010.c,LtlSoftwareModelCheckingC.epf,LtlSoftwareModelCheckingC.xml,ExpectedResult: SAFE UltimateResult: SAFE   [ShortDescription: All specifications hold LongDescription: We were not able to verify any specifiation because the program does not contain any specification.],78562239969.0,6303514624
,rers,Problem17_prop_002.c,LtlSoftwareModelCheckingC.epf,LtlSoftwareModelCheckingC.xml,ExpectedResult: SAFE UltimateResult: SAFE   [ShortDescription: All specifications hold LongDescription: We were not able to verify any specifiation because the program does not contain any specification.],897150751360.0,7.59169024E+9
,rers,Problem19_prop_024.c,LtlSoftwareModelCheckingC.epf,LtlSoftwareModelCheckingC.xml,ExpectedResult: UNSAFE UltimateResult: EXCEPTION_OR_ERROR   [de.uni_freiburg.informatik.ultimate.plugins.generator.buchiautomizer: OutOfMemoryError: GC overhead limit exceeded],896000741438.0,7632060416
,rers,Problem19_prop_043.c,LtlSoftwareModelCheckingC.epf,LtlSoftwareModelCheckingC.xml,ExpectedResult: UNSAFE UltimateResult: TIMEOUT   [ShortDescription: Timeout LongDescription: Timeout while trying to prove ((A U B) || G(A))],1199996165650.0,7635730432
,rers,Problem14_prop_028.c,LtlSoftwareModelCheckingC.epf,LtlSoftwareModelCheckingC.xml,ExpectedResult: UNSAFE UltimateResult: UNSAFE   Violation of LTL property ((A U ((B U ((A U ((B U G(A)) || G(B))) || G(A))) || G(B))) || G(A)) ,195421578986.0,8.4279296E+9
,rers,Problem14_prop_031.c,LtlSoftwareModelCheckingC.epf,LtlSoftwareModelCheckingC.xml,ExpectedResult: SAFE UltimateResult: SAFE   [ShortDescription: All specifications hold LongDescription: We were not able to verify any specifiation because the program does not contain any specification.],79973915791.0,8418492416
,rers,Problem18_prop_004.c,LtlSoftwareModelCheckingC.epf,LtlSoftwareModelCheckingC.xml,ExpectedResult: SAFE UltimateResult: SAFE   [ShortDescription: All specifications hold LongDescription: We were not able to verify any specifiation because the program does not contain any specification.],380603841331.0,8197767168
,rers,Problem19_prop_042.c,LtlSoftwareModelCheckingC.epf,LtlSoftwareModelCheckingC.xml,ExpectedResult: SAFE UltimateResult: TIMEOUT   [ShortDescription: Timeout LongDescription: Timeout while trying to prove G((!((A && F(B))) || (C U B)))],1202370545355.0,7841251328
,rers,Problem19_prop_044.c,LtlSoftwareModelCheckingC.epf,LtlSoftwareModelCheckingC.xml,ExpectedResult: SAFE UltimateResult: EXCEPTION_OR_ERROR   [de.uni_freiburg.informatik.ultimate.plugins.generator.buchiautomizer: OutOfMemoryError: GC overhead limit exceeded],1077796942190.0,7635730432
,rers,Problem15_prop_007.c,LtlSoftwareModelCheckingC.epf,LtlSoftwareModelCheckingC.xml,ExpectedResult: UNSAFE UltimateResult: EXCEPTION_OR_ERROR   [de.uni_freiburg.informatik.ultimate.plugins.generator.buchiautomizer: OutOfMemoryError: GC overhead limit exceeded: java.util.HashMap.createEntry(HashMap.java:901)],1092526964103.0,7635730432
,rers,Problem14_prop_009.c,LtlSoftwareModelCheckingC.epf,LtlSoftwareModelCheckingC.xml,ExpectedResult: UNSAFE UltimateResult: NO_RESULT   NO_RESULT,139666108186.0,7734296576
,rers,Problem14_prop_023.c,LtlSoftwareModelCheckingC.epf,LtlSoftwareModelCheckingC.xml,ExpectedResult: SAFE UltimateResult: SAFE   [ShortDescription: All specifications hold LongDescription: We were not able to verify any specifiation because the program does not contain any specification.],61345622825.0,8318877696
,rers,Problem18_prop_001.c,LtlSoftwareModelCheckingC.epf,LtlSoftwareModelCheckingC.xml,ExpectedResult: SAFE UltimateResult: TIMEOUT   [ShortDescription: Timeout LongDescription: Timeout while trying to prove G((A || G(B)))],1199994946703.0,7.84596992E+9
,rers,Problem16_prop_033.c,LtlSoftwareModelCheckingC.epf,LtlSoftwareModelCheckingC.xml,ExpectedResult: SAFE UltimateResult: SAFE   [ShortDescription: All specifications hold LongDescription: We were not able to verify any specifiation because the program does not contain any specification.],304420809593.0,7343702016
,rers,Problem16_prop_045.c,LtlSoftwareModelCheckingC.epf,LtlSoftwareModelCheckingC.xml,ExpectedResult: SAFE UltimateResult: EXCEPTION_OR_ERROR   [de.uni_freiburg.informatik.ultimate.plugins.generator.buchiautomizer: OutOfMemoryError: GC overhead limit exceeded],639514573019.0,7.29022464E+9


################################# Summary #######################
Safe: 98
Unsafe: 8
Timeout: 84
Error: 110
Expected Safe: 152
Expected Unsafe: 148
Total: 300
CSV conversion gone wrong: 0

################################# Latex #######################
\newcommand{\headcolor}{}
\newcommand{\header}[1]{\parbox{2.8em}{\centering #1}\headcolor}
\newcommand{\folder}[1]{\parbox{5em}{#1}}
\begin{table}
\centering
\resizebox{\linewidth}{!}{%
\begin{tabu} to \linewidth {lcllcrr}
\toprule
  \header{}& 
  \header{\#}&
  \header{Result}&
  \header{Variant}& 
  \header{Count}&
  \header{Avg. runtime}&
  \header{Mem{-}ory}\\
  \cmidrule(r){2-7}
\multirow{4}{*}{\folder{rers}} &
\multirow{1}{*}{148} &
\multirow{1}{*}{\folder{Unsafe}} 
 & LtlSoftwareModelCheckingC.epf & 8 & 257.66 s & 7463.81 MB\\
  \cmidrule[0.01em](l){2-7}
& \multirow{1}{*}{152} &
\multirow{1}{*}{\folder{Safe}} 
 & LtlSoftwareModelCheckingC.epf & 98 & 191.01 s & 7099.87 MB\\
  \cmidrule[0.01em](l){2-7}
& \multirow{1}{*}{300} &
\multirow{1}{*}{\folder{Completed}} 
 & LtlSoftwareModelCheckingC.epf & 106 & 196.04 s & 7127.34 MB\\
  \cmidrule[0.01em](l){2-7}
& & \multirow{1}{*}{\folder{Timeout}} 
 & LtlSoftwareModelCheckingC.epf & 84 & 1478.45 s & 7353.31 MB\\
\bottomrule
& & & & & & \\
\end{tabu}}
\caption{Results for LtlSoftwareModelCheckingC.xml.}
\end{table}