2014-10-18_16-47-20-601 First run of IncrementalLogWithVMParameters
	Parameters: heapMaxSize=5,7 GB
2014-10-18_16-47-20-601 ### 1/26 ### Starting test for Input:svcomp\locks\test_locks_10_true-unreach-call.c Settings:settings\TACASInterpolation2015\Impulse-FP.epf Toolchain:toolchains\ImpulseWithBE-C.xml
2014-10-18_16-47-24-753 Finishing test with SUCCESS for Input:svcomp\locks\test_locks_10_true-unreach-call.c Settings:settings\TACASInterpolation2015\Impulse-FP.epf Toolchain:toolchains\ImpulseWithBE-C.xml: SAFE(Expected:SAFE): ExpectedResult: SAFE UltimateResult: SAFE   [ShortDescription: All specifications hold LongDescription: 1 specifications checked. All of them hold]
2014-10-18_16-47-24-768 ### 2/26 ### Starting test for Input:svcomp\locks\test_locks_10_true-unreach-call.c Settings:settings\TACASInterpolation2015\Impulse-TreeInterpolation.epf Toolchain:toolchains\ImpulseWithBE-C.xml
2014-10-18_16-47-25-706 Finishing test with SUCCESS for Input:svcomp\locks\test_locks_10_true-unreach-call.c Settings:settings\TACASInterpolation2015\Impulse-TreeInterpolation.epf Toolchain:toolchains\ImpulseWithBE-C.xml: SAFE(Expected:SAFE): ExpectedResult: SAFE UltimateResult: SAFE   [ShortDescription: All specifications hold LongDescription: 1 specifications checked. All of them hold]
2014-10-18_16-47-25-706 ### 3/26 ### Starting test for Input:svcomp\locks\test_locks_11_true-unreach-call_false-termination.c Settings:settings\TACASInterpolation2015\Impulse-FP.epf Toolchain:toolchains\ImpulseWithBE-C.xml
2014-10-18_16-47-26-300 Finishing test with SUCCESS for Input:svcomp\locks\test_locks_11_true-unreach-call_false-termination.c Settings:settings\TACASInterpolation2015\Impulse-FP.epf Toolchain:toolchains\ImpulseWithBE-C.xml: SAFE(Expected:SAFE): ExpectedResult: SAFE UltimateResult: SAFE   [ShortDescription: All specifications hold LongDescription: 1 specifications checked. All of them hold]
2014-10-18_16-47-26-300 ### 4/26 ### Starting test for Input:svcomp\locks\test_locks_11_true-unreach-call_false-termination.c Settings:settings\TACASInterpolation2015\Impulse-TreeInterpolation.epf Toolchain:toolchains\ImpulseWithBE-C.xml
2014-10-18_16-47-26-690 Finishing test with SUCCESS for Input:svcomp\locks\test_locks_11_true-unreach-call_false-termination.c Settings:settings\TACASInterpolation2015\Impulse-TreeInterpolation.epf Toolchain:toolchains\ImpulseWithBE-C.xml: SAFE(Expected:SAFE): ExpectedResult: SAFE UltimateResult: SAFE   [ShortDescription: All specifications hold LongDescription: 1 specifications checked. All of them hold]
2014-10-18_16-47-26-721 ### 5/26 ### Starting test for Input:svcomp\locks\test_locks_12_true-unreach-call_false-termination.c Settings:settings\TACASInterpolation2015\Impulse-FP.epf Toolchain:toolchains\ImpulseWithBE-C.xml
2014-10-18_16-47-27-112 Finishing test with SUCCESS for Input:svcomp\locks\test_locks_12_true-unreach-call_false-termination.c Settings:settings\TACASInterpolation2015\Impulse-FP.epf Toolchain:toolchains\ImpulseWithBE-C.xml: SAFE(Expected:SAFE): ExpectedResult: SAFE UltimateResult: SAFE   [ShortDescription: All specifications hold LongDescription: 1 specifications checked. All of them hold]
2014-10-18_16-47-27-112 ### 6/26 ### Starting test for Input:svcomp\locks\test_locks_12_true-unreach-call_false-termination.c Settings:settings\TACASInterpolation2015\Impulse-TreeInterpolation.epf Toolchain:toolchains\ImpulseWithBE-C.xml
2014-10-18_16-47-27-471 Finishing test with SUCCESS for Input:svcomp\locks\test_locks_12_true-unreach-call_false-termination.c Settings:settings\TACASInterpolation2015\Impulse-TreeInterpolation.epf Toolchain:toolchains\ImpulseWithBE-C.xml: SAFE(Expected:SAFE): ExpectedResult: SAFE UltimateResult: SAFE   [ShortDescription: All specifications hold LongDescription: 1 specifications checked. All of them hold]
2014-10-18_16-47-27-471 ### 7/26 ### Starting test for Input:svcomp\locks\test_locks_13_true-unreach-call.c Settings:settings\TACASInterpolation2015\Impulse-FP.epf Toolchain:toolchains\ImpulseWithBE-C.xml
2014-10-18_16-47-27-862 Finishing test with SUCCESS for Input:svcomp\locks\test_locks_13_true-unreach-call.c Settings:settings\TACASInterpolation2015\Impulse-FP.epf Toolchain:toolchains\ImpulseWithBE-C.xml: SAFE(Expected:SAFE): ExpectedResult: SAFE UltimateResult: SAFE   [ShortDescription: All specifications hold LongDescription: 1 specifications checked. All of them hold]
2014-10-18_16-47-27-878 ### 8/26 ### Starting test for Input:svcomp\locks\test_locks_13_true-unreach-call.c Settings:settings\TACASInterpolation2015\Impulse-TreeInterpolation.epf Toolchain:toolchains\ImpulseWithBE-C.xml
2014-10-18_16-47-28-206 Finishing test with SUCCESS for Input:svcomp\locks\test_locks_13_true-unreach-call.c Settings:settings\TACASInterpolation2015\Impulse-TreeInterpolation.epf Toolchain:toolchains\ImpulseWithBE-C.xml: SAFE(Expected:SAFE): ExpectedResult: SAFE UltimateResult: SAFE   [ShortDescription: All specifications hold LongDescription: 1 specifications checked. All of them hold]
2014-10-18_16-47-28-206 ### 9/26 ### Starting test for Input:svcomp\locks\test_locks_14_false-unreach-call.c Settings:settings\TACASInterpolation2015\Impulse-FP.epf Toolchain:toolchains\ImpulseWithBE-C.xml
2014-10-18_16-47-28-503 Finishing test with SUCCESS for Input:svcomp\locks\test_locks_14_false-unreach-call.c Settings:settings\TACASInterpolation2015\Impulse-FP.epf Toolchain:toolchains\ImpulseWithBE-C.xml: UNSAFE(Expected:UNSAFE): ExpectedResult: UNSAFE UltimateResult: UNSAFE   unknown kind of specification may be violated 
2014-10-18_16-47-28-503 ### 10/26 ### Starting test for Input:svcomp\locks\test_locks_14_false-unreach-call.c Settings:settings\TACASInterpolation2015\Impulse-TreeInterpolation.epf Toolchain:toolchains\ImpulseWithBE-C.xml
2014-10-18_16-47-28-956 Finishing test with SUCCESS for Input:svcomp\locks\test_locks_14_false-unreach-call.c Settings:settings\TACASInterpolation2015\Impulse-TreeInterpolation.epf Toolchain:toolchains\ImpulseWithBE-C.xml: UNSAFE(Expected:UNSAFE): ExpectedResult: UNSAFE UltimateResult: UNSAFE   unknown kind of specification may be violated 
2014-10-18_16-47-28-956 ### 11/26 ### Starting test for Input:svcomp\locks\test_locks_14_true-unreach-call.c Settings:settings\TACASInterpolation2015\Impulse-FP.epf Toolchain:toolchains\ImpulseWithBE-C.xml
2014-10-18_16-47-29-237 Finishing test with SUCCESS for Input:svcomp\locks\test_locks_14_true-unreach-call.c Settings:settings\TACASInterpolation2015\Impulse-FP.epf Toolchain:toolchains\ImpulseWithBE-C.xml: SAFE(Expected:SAFE): ExpectedResult: SAFE UltimateResult: SAFE   [ShortDescription: All specifications hold LongDescription: 1 specifications checked. All of them hold]
2014-10-18_16-47-29-237 ### 12/26 ### Starting test for Input:svcomp\locks\test_locks_14_true-unreach-call.c Settings:settings\TACASInterpolation2015\Impulse-TreeInterpolation.epf Toolchain:toolchains\ImpulseWithBE-C.xml
2014-10-18_16-47-29-628 Finishing test with SUCCESS for Input:svcomp\locks\test_locks_14_true-unreach-call.c Settings:settings\TACASInterpolation2015\Impulse-TreeInterpolation.epf Toolchain:toolchains\ImpulseWithBE-C.xml: SAFE(Expected:SAFE): ExpectedResult: SAFE UltimateResult: SAFE   [ShortDescription: All specifications hold LongDescription: 1 specifications checked. All of them hold]
2014-10-18_16-47-29-628 ### 13/26 ### Starting test for Input:svcomp\locks\test_locks_15_false-unreach-call.c Settings:settings\TACASInterpolation2015\Impulse-FP.epf Toolchain:toolchains\ImpulseWithBE-C.xml
2014-10-18_16-47-29-971 Finishing test with SUCCESS for Input:svcomp\locks\test_locks_15_false-unreach-call.c Settings:settings\TACASInterpolation2015\Impulse-FP.epf Toolchain:toolchains\ImpulseWithBE-C.xml: UNSAFE(Expected:UNSAFE): ExpectedResult: UNSAFE UltimateResult: UNSAFE   unknown kind of specification may be violated 
2014-10-18_16-47-29-971 ### 14/26 ### Starting test for Input:svcomp\locks\test_locks_15_false-unreach-call.c Settings:settings\TACASInterpolation2015\Impulse-TreeInterpolation.epf Toolchain:toolchains\ImpulseWithBE-C.xml
2014-10-18_16-47-30-378 Finishing test with SUCCESS for Input:svcomp\locks\test_locks_15_false-unreach-call.c Settings:settings\TACASInterpolation2015\Impulse-TreeInterpolation.epf Toolchain:toolchains\ImpulseWithBE-C.xml: UNSAFE(Expected:UNSAFE): ExpectedResult: UNSAFE UltimateResult: UNSAFE   unknown kind of specification may be violated 
2014-10-18_16-47-30-378 ### 15/26 ### Starting test for Input:svcomp\locks\test_locks_15_true-unreach-call_false-termination.c Settings:settings\TACASInterpolation2015\Impulse-FP.epf Toolchain:toolchains\ImpulseWithBE-C.xml
2014-10-18_16-47-30-737 Finishing test with SUCCESS for Input:svcomp\locks\test_locks_15_true-unreach-call_false-termination.c Settings:settings\TACASInterpolation2015\Impulse-FP.epf Toolchain:toolchains\ImpulseWithBE-C.xml: SAFE(Expected:SAFE): ExpectedResult: SAFE UltimateResult: SAFE   [ShortDescription: All specifications hold LongDescription: 1 specifications checked. All of them hold]
2014-10-18_16-47-30-737 ### 16/26 ### Starting test for Input:svcomp\locks\test_locks_15_true-unreach-call_false-termination.c Settings:settings\TACASInterpolation2015\Impulse-TreeInterpolation.epf Toolchain:toolchains\ImpulseWithBE-C.xml
2014-10-18_16-47-31-128 Finishing test with SUCCESS for Input:svcomp\locks\test_locks_15_true-unreach-call_false-termination.c Settings:settings\TACASInterpolation2015\Impulse-TreeInterpolation.epf Toolchain:toolchains\ImpulseWithBE-C.xml: SAFE(Expected:SAFE): ExpectedResult: SAFE UltimateResult: SAFE   [ShortDescription: All specifications hold LongDescription: 1 specifications checked. All of them hold]
2014-10-18_16-47-31-128 ### 17/26 ### Starting test for Input:svcomp\locks\test_locks_5_true-unreach-call_false-termination.c Settings:settings\TACASInterpolation2015\Impulse-FP.epf Toolchain:toolchains\ImpulseWithBE-C.xml
2014-10-18_16-47-31-221 Finishing test with SUCCESS for Input:svcomp\locks\test_locks_5_true-unreach-call_false-termination.c Settings:settings\TACASInterpolation2015\Impulse-FP.epf Toolchain:toolchains\ImpulseWithBE-C.xml: SAFE(Expected:SAFE): ExpectedResult: SAFE UltimateResult: SAFE   [ShortDescription: All specifications hold LongDescription: 1 specifications checked. All of them hold]
2014-10-18_16-47-31-221 ### 18/26 ### Starting test for Input:svcomp\locks\test_locks_5_true-unreach-call_false-termination.c Settings:settings\TACASInterpolation2015\Impulse-TreeInterpolation.epf Toolchain:toolchains\ImpulseWithBE-C.xml
2014-10-18_16-47-31-347 Finishing test with SUCCESS for Input:svcomp\locks\test_locks_5_true-unreach-call_false-termination.c Settings:settings\TACASInterpolation2015\Impulse-TreeInterpolation.epf Toolchain:toolchains\ImpulseWithBE-C.xml: SAFE(Expected:SAFE): ExpectedResult: SAFE UltimateResult: SAFE   [ShortDescription: All specifications hold LongDescription: 1 specifications checked. All of them hold]
2014-10-18_16-47-31-347 ### 19/26 ### Starting test for Input:svcomp\locks\test_locks_6_true-unreach-call_false-termination.c Settings:settings\TACASInterpolation2015\Impulse-FP.epf Toolchain:toolchains\ImpulseWithBE-C.xml
2014-10-18_16-47-31-471 Finishing test with SUCCESS for Input:svcomp\locks\test_locks_6_true-unreach-call_false-termination.c Settings:settings\TACASInterpolation2015\Impulse-FP.epf Toolchain:toolchains\ImpulseWithBE-C.xml: SAFE(Expected:SAFE): ExpectedResult: SAFE UltimateResult: SAFE   [ShortDescription: All specifications hold LongDescription: 1 specifications checked. All of them hold]
2014-10-18_16-47-31-487 ### 20/26 ### Starting test for Input:svcomp\locks\test_locks_6_true-unreach-call_false-termination.c Settings:settings\TACASInterpolation2015\Impulse-TreeInterpolation.epf Toolchain:toolchains\ImpulseWithBE-C.xml
2014-10-18_16-47-31-643 Finishing test with SUCCESS for Input:svcomp\locks\test_locks_6_true-unreach-call_false-termination.c Settings:settings\TACASInterpolation2015\Impulse-TreeInterpolation.epf Toolchain:toolchains\ImpulseWithBE-C.xml: SAFE(Expected:SAFE): ExpectedResult: SAFE UltimateResult: SAFE   [ShortDescription: All specifications hold LongDescription: 1 specifications checked. All of them hold]
2014-10-18_16-47-31-643 ### 21/26 ### Starting test for Input:svcomp\locks\test_locks_7_true-unreach-call_false-termination.c Settings:settings\TACASInterpolation2015\Impulse-FP.epf Toolchain:toolchains\ImpulseWithBE-C.xml
2014-10-18_16-47-32-018 Finishing test with SUCCESS for Input:svcomp\locks\test_locks_7_true-unreach-call_false-termination.c Settings:settings\TACASInterpolation2015\Impulse-FP.epf Toolchain:toolchains\ImpulseWithBE-C.xml: SAFE(Expected:SAFE): ExpectedResult: SAFE UltimateResult: SAFE   [ShortDescription: All specifications hold LongDescription: 1 specifications checked. All of them hold]
2014-10-18_16-47-32-018 ### 22/26 ### Starting test for Input:svcomp\locks\test_locks_7_true-unreach-call_false-termination.c Settings:settings\TACASInterpolation2015\Impulse-TreeInterpolation.epf Toolchain:toolchains\ImpulseWithBE-C.xml
2014-10-18_16-47-32-268 Finishing test with SUCCESS for Input:svcomp\locks\test_locks_7_true-unreach-call_false-termination.c Settings:settings\TACASInterpolation2015\Impulse-TreeInterpolation.epf Toolchain:toolchains\ImpulseWithBE-C.xml: SAFE(Expected:SAFE): ExpectedResult: SAFE UltimateResult: SAFE   [ShortDescription: All specifications hold LongDescription: 1 specifications checked. All of them hold]
2014-10-18_16-47-32-268 ### 23/26 ### Starting test for Input:svcomp\locks\test_locks_8_true-unreach-call_false-termination.c Settings:settings\TACASInterpolation2015\Impulse-FP.epf Toolchain:toolchains\ImpulseWithBE-C.xml
2014-10-18_16-47-32-503 Finishing test with SUCCESS for Input:svcomp\locks\test_locks_8_true-unreach-call_false-termination.c Settings:settings\TACASInterpolation2015\Impulse-FP.epf Toolchain:toolchains\ImpulseWithBE-C.xml: SAFE(Expected:SAFE): ExpectedResult: SAFE UltimateResult: SAFE   [ShortDescription: All specifications hold LongDescription: 1 specifications checked. All of them hold]
2014-10-18_16-47-32-503 ### 24/26 ### Starting test for Input:svcomp\locks\test_locks_8_true-unreach-call_false-termination.c Settings:settings\TACASInterpolation2015\Impulse-TreeInterpolation.epf Toolchain:toolchains\ImpulseWithBE-C.xml
2014-10-18_16-47-32-768 Finishing test with SUCCESS for Input:svcomp\locks\test_locks_8_true-unreach-call_false-termination.c Settings:settings\TACASInterpolation2015\Impulse-TreeInterpolation.epf Toolchain:toolchains\ImpulseWithBE-C.xml: SAFE(Expected:SAFE): ExpectedResult: SAFE UltimateResult: SAFE   [ShortDescription: All specifications hold LongDescription: 1 specifications checked. All of them hold]
2014-10-18_16-47-32-768 ### 25/26 ### Starting test for Input:svcomp\locks\test_locks_9_true-unreach-call.c Settings:settings\TACASInterpolation2015\Impulse-FP.epf Toolchain:toolchains\ImpulseWithBE-C.xml
2014-10-18_16-47-33-143 Finishing test with SUCCESS for Input:svcomp\locks\test_locks_9_true-unreach-call.c Settings:settings\TACASInterpolation2015\Impulse-FP.epf Toolchain:toolchains\ImpulseWithBE-C.xml: SAFE(Expected:SAFE): ExpectedResult: SAFE UltimateResult: SAFE   [ShortDescription: All specifications hold LongDescription: 1 specifications checked. All of them hold]
2014-10-18_16-47-33-143 ### 26/26 ### Starting test for Input:svcomp\locks\test_locks_9_true-unreach-call.c Settings:settings\TACASInterpolation2015\Impulse-TreeInterpolation.epf Toolchain:toolchains\ImpulseWithBE-C.xml
2014-10-18_16-47-33-472 Finishing test with SUCCESS for Input:svcomp\locks\test_locks_9_true-unreach-call.c Settings:settings\TACASInterpolation2015\Impulse-TreeInterpolation.epf Toolchain:toolchains\ImpulseWithBE-C.xml: SAFE(Expected:SAFE): ExpectedResult: SAFE UltimateResult: SAFE   [ShortDescription: All specifications hold LongDescription: 1 specifications checked. All of them hold]
