2014-10-18_16-33-32-355 First run of IncrementalLogWithVMParameters
	Parameters: heapMaxSize=5.7 GB
2014-10-18_16-33-32-357 ### 1/26 ### Starting test for Input:svcomp/locks/test_locks_10_true-unreach-call.c Settings:settings/TACASInterpolation2015/Kojak-FP.epf Toolchain:toolchains/CodeCheckWithBE-C.xml
2014-10-18_16-33-34-219 Finishing test with SUCCESS for Input:svcomp/locks/test_locks_10_true-unreach-call.c Settings:settings/TACASInterpolation2015/Kojak-FP.epf Toolchain:toolchains/CodeCheckWithBE-C.xml: SAFE(Expected:SAFE): ExpectedResult: SAFE UltimateResult: SAFE   [ShortDescription: All specifications hold LongDescription: 1 specifications checked. All of them hold]
2014-10-18_16-33-34-220 ### 2/26 ### Starting test for Input:svcomp/locks/test_locks_10_true-unreach-call.c Settings:settings/TACASInterpolation2015/Kojak-TreeInterpolation.epf Toolchain:toolchains/CodeCheckWithBE-C.xml
2014-10-18_16-33-34-957 Finishing test with SUCCESS for Input:svcomp/locks/test_locks_10_true-unreach-call.c Settings:settings/TACASInterpolation2015/Kojak-TreeInterpolation.epf Toolchain:toolchains/CodeCheckWithBE-C.xml: SAFE(Expected:SAFE): ExpectedResult: SAFE UltimateResult: SAFE   [ShortDescription: All specifications hold LongDescription: 1 specifications checked. All of them hold]
2014-10-18_16-33-34-957 ### 3/26 ### Starting test for Input:svcomp/locks/test_locks_11_true-unreach-call_false-termination.c Settings:settings/TACASInterpolation2015/Kojak-FP.epf Toolchain:toolchains/CodeCheckWithBE-C.xml
2014-10-18_16-33-35-768 Finishing test with SUCCESS for Input:svcomp/locks/test_locks_11_true-unreach-call_false-termination.c Settings:settings/TACASInterpolation2015/Kojak-FP.epf Toolchain:toolchains/CodeCheckWithBE-C.xml: SAFE(Expected:SAFE): ExpectedResult: SAFE UltimateResult: SAFE   [ShortDescription: All specifications hold LongDescription: 1 specifications checked. All of them hold]
2014-10-18_16-33-35-769 ### 4/26 ### Starting test for Input:svcomp/locks/test_locks_11_true-unreach-call_false-termination.c Settings:settings/TACASInterpolation2015/Kojak-TreeInterpolation.epf Toolchain:toolchains/CodeCheckWithBE-C.xml
2014-10-18_16-33-36-884 Finishing test with SUCCESS for Input:svcomp/locks/test_locks_11_true-unreach-call_false-termination.c Settings:settings/TACASInterpolation2015/Kojak-TreeInterpolation.epf Toolchain:toolchains/CodeCheckWithBE-C.xml: SAFE(Expected:SAFE): ExpectedResult: SAFE UltimateResult: SAFE   [ShortDescription: All specifications hold LongDescription: 1 specifications checked. All of them hold]
2014-10-18_16-33-36-889 ### 5/26 ### Starting test for Input:svcomp/locks/test_locks_12_true-unreach-call_false-termination.c Settings:settings/TACASInterpolation2015/Kojak-FP.epf Toolchain:toolchains/CodeCheckWithBE-C.xml
2014-10-18_16-33-37-681 Finishing test with SUCCESS for Input:svcomp/locks/test_locks_12_true-unreach-call_false-termination.c Settings:settings/TACASInterpolation2015/Kojak-FP.epf Toolchain:toolchains/CodeCheckWithBE-C.xml: SAFE(Expected:SAFE): ExpectedResult: SAFE UltimateResult: SAFE   [ShortDescription: All specifications hold LongDescription: 1 specifications checked. All of them hold]
2014-10-18_16-33-37-681 ### 6/26 ### Starting test for Input:svcomp/locks/test_locks_12_true-unreach-call_false-termination.c Settings:settings/TACASInterpolation2015/Kojak-TreeInterpolation.epf Toolchain:toolchains/CodeCheckWithBE-C.xml
2014-10-18_16-33-38-006 Finishing test with SUCCESS for Input:svcomp/locks/test_locks_12_true-unreach-call_false-termination.c Settings:settings/TACASInterpolation2015/Kojak-TreeInterpolation.epf Toolchain:toolchains/CodeCheckWithBE-C.xml: SAFE(Expected:SAFE): ExpectedResult: SAFE UltimateResult: SAFE   [ShortDescription: All specifications hold LongDescription: 1 specifications checked. All of them hold]
2014-10-18_16-33-38-007 ### 7/26 ### Starting test for Input:svcomp/locks/test_locks_13_true-unreach-call.c Settings:settings/TACASInterpolation2015/Kojak-FP.epf Toolchain:toolchains/CodeCheckWithBE-C.xml
2014-10-18_16-33-38-355 Finishing test with SUCCESS for Input:svcomp/locks/test_locks_13_true-unreach-call.c Settings:settings/TACASInterpolation2015/Kojak-FP.epf Toolchain:toolchains/CodeCheckWithBE-C.xml: SAFE(Expected:SAFE): ExpectedResult: SAFE UltimateResult: SAFE   [ShortDescription: All specifications hold LongDescription: 1 specifications checked. All of them hold]
2014-10-18_16-33-38-356 ### 8/26 ### Starting test for Input:svcomp/locks/test_locks_13_true-unreach-call.c Settings:settings/TACASInterpolation2015/Kojak-TreeInterpolation.epf Toolchain:toolchains/CodeCheckWithBE-C.xml
2014-10-18_16-33-38-674 Finishing test with SUCCESS for Input:svcomp/locks/test_locks_13_true-unreach-call.c Settings:settings/TACASInterpolation2015/Kojak-TreeInterpolation.epf Toolchain:toolchains/CodeCheckWithBE-C.xml: SAFE(Expected:SAFE): ExpectedResult: SAFE UltimateResult: SAFE   [ShortDescription: All specifications hold LongDescription: 1 specifications checked. All of them hold]
2014-10-18_16-33-38-674 ### 9/26 ### Starting test for Input:svcomp/locks/test_locks_14_false-unreach-call.c Settings:settings/TACASInterpolation2015/Kojak-FP.epf Toolchain:toolchains/CodeCheckWithBE-C.xml
2014-10-18_16-33-38-986 Finishing test with SUCCESS for Input:svcomp/locks/test_locks_14_false-unreach-call.c Settings:settings/TACASInterpolation2015/Kojak-FP.epf Toolchain:toolchains/CodeCheckWithBE-C.xml: UNSAFE(Expected:UNSAFE): ExpectedResult: UNSAFE UltimateResult: UNSAFE   unknown kind of specification may be violated 
2014-10-18_16-33-38-987 ### 10/26 ### Starting test for Input:svcomp/locks/test_locks_14_false-unreach-call.c Settings:settings/TACASInterpolation2015/Kojak-TreeInterpolation.epf Toolchain:toolchains/CodeCheckWithBE-C.xml
2014-10-18_16-33-39-301 Finishing test with SUCCESS for Input:svcomp/locks/test_locks_14_false-unreach-call.c Settings:settings/TACASInterpolation2015/Kojak-TreeInterpolation.epf Toolchain:toolchains/CodeCheckWithBE-C.xml: UNSAFE(Expected:UNSAFE): ExpectedResult: UNSAFE UltimateResult: UNSAFE   unknown kind of specification may be violated 
2014-10-18_16-33-39-301 ### 11/26 ### Starting test for Input:svcomp/locks/test_locks_14_true-unreach-call.c Settings:settings/TACASInterpolation2015/Kojak-FP.epf Toolchain:toolchains/CodeCheckWithBE-C.xml
2014-10-18_16-33-39-668 Finishing test with SUCCESS for Input:svcomp/locks/test_locks_14_true-unreach-call.c Settings:settings/TACASInterpolation2015/Kojak-FP.epf Toolchain:toolchains/CodeCheckWithBE-C.xml: SAFE(Expected:SAFE): ExpectedResult: SAFE UltimateResult: SAFE   [ShortDescription: All specifications hold LongDescription: 1 specifications checked. All of them hold]
2014-10-18_16-33-39-669 ### 12/26 ### Starting test for Input:svcomp/locks/test_locks_14_true-unreach-call.c Settings:settings/TACASInterpolation2015/Kojak-TreeInterpolation.epf Toolchain:toolchains/CodeCheckWithBE-C.xml
2014-10-18_16-33-40-018 Finishing test with SUCCESS for Input:svcomp/locks/test_locks_14_true-unreach-call.c Settings:settings/TACASInterpolation2015/Kojak-TreeInterpolation.epf Toolchain:toolchains/CodeCheckWithBE-C.xml: SAFE(Expected:SAFE): ExpectedResult: SAFE UltimateResult: SAFE   [ShortDescription: All specifications hold LongDescription: 1 specifications checked. All of them hold]
2014-10-18_16-33-40-019 ### 13/26 ### Starting test for Input:svcomp/locks/test_locks_15_false-unreach-call.c Settings:settings/TACASInterpolation2015/Kojak-FP.epf Toolchain:toolchains/CodeCheckWithBE-C.xml
2014-10-18_16-33-40-336 Finishing test with SUCCESS for Input:svcomp/locks/test_locks_15_false-unreach-call.c Settings:settings/TACASInterpolation2015/Kojak-FP.epf Toolchain:toolchains/CodeCheckWithBE-C.xml: UNSAFE(Expected:UNSAFE): ExpectedResult: UNSAFE UltimateResult: UNSAFE   unknown kind of specification may be violated 
2014-10-18_16-33-40-336 ### 14/26 ### Starting test for Input:svcomp/locks/test_locks_15_false-unreach-call.c Settings:settings/TACASInterpolation2015/Kojak-TreeInterpolation.epf Toolchain:toolchains/CodeCheckWithBE-C.xml
2014-10-18_16-33-40-622 Finishing test with SUCCESS for Input:svcomp/locks/test_locks_15_false-unreach-call.c Settings:settings/TACASInterpolation2015/Kojak-TreeInterpolation.epf Toolchain:toolchains/CodeCheckWithBE-C.xml: UNSAFE(Expected:UNSAFE): ExpectedResult: UNSAFE UltimateResult: UNSAFE   unknown kind of specification may be violated 
2014-10-18_16-33-40-623 ### 15/26 ### Starting test for Input:svcomp/locks/test_locks_15_true-unreach-call_false-termination.c Settings:settings/TACASInterpolation2015/Kojak-FP.epf Toolchain:toolchains/CodeCheckWithBE-C.xml
2014-10-18_16-33-40-993 Finishing test with SUCCESS for Input:svcomp/locks/test_locks_15_true-unreach-call_false-termination.c Settings:settings/TACASInterpolation2015/Kojak-FP.epf Toolchain:toolchains/CodeCheckWithBE-C.xml: SAFE(Expected:SAFE): ExpectedResult: SAFE UltimateResult: SAFE   [ShortDescription: All specifications hold LongDescription: 1 specifications checked. All of them hold]
2014-10-18_16-33-40-995 ### 16/26 ### Starting test for Input:svcomp/locks/test_locks_15_true-unreach-call_false-termination.c Settings:settings/TACASInterpolation2015/Kojak-TreeInterpolation.epf Toolchain:toolchains/CodeCheckWithBE-C.xml
2014-10-18_16-33-41-316 Finishing test with SUCCESS for Input:svcomp/locks/test_locks_15_true-unreach-call_false-termination.c Settings:settings/TACASInterpolation2015/Kojak-TreeInterpolation.epf Toolchain:toolchains/CodeCheckWithBE-C.xml: SAFE(Expected:SAFE): ExpectedResult: SAFE UltimateResult: SAFE   [ShortDescription: All specifications hold LongDescription: 1 specifications checked. All of them hold]
2014-10-18_16-33-41-317 ### 17/26 ### Starting test for Input:svcomp/locks/test_locks_5_true-unreach-call_false-termination.c Settings:settings/TACASInterpolation2015/Kojak-FP.epf Toolchain:toolchains/CodeCheckWithBE-C.xml
2014-10-18_16-33-41-399 Finishing test with SUCCESS for Input:svcomp/locks/test_locks_5_true-unreach-call_false-termination.c Settings:settings/TACASInterpolation2015/Kojak-FP.epf Toolchain:toolchains/CodeCheckWithBE-C.xml: SAFE(Expected:SAFE): ExpectedResult: SAFE UltimateResult: SAFE   [ShortDescription: All specifications hold LongDescription: 1 specifications checked. All of them hold]
2014-10-18_16-33-41-400 ### 18/26 ### Starting test for Input:svcomp/locks/test_locks_5_true-unreach-call_false-termination.c Settings:settings/TACASInterpolation2015/Kojak-TreeInterpolation.epf Toolchain:toolchains/CodeCheckWithBE-C.xml
2014-10-18_16-33-41-488 Finishing test with SUCCESS for Input:svcomp/locks/test_locks_5_true-unreach-call_false-termination.c Settings:settings/TACASInterpolation2015/Kojak-TreeInterpolation.epf Toolchain:toolchains/CodeCheckWithBE-C.xml: SAFE(Expected:SAFE): ExpectedResult: SAFE UltimateResult: SAFE   [ShortDescription: All specifications hold LongDescription: 1 specifications checked. All of them hold]
2014-10-18_16-33-41-489 ### 19/26 ### Starting test for Input:svcomp/locks/test_locks_6_true-unreach-call_false-termination.c Settings:settings/TACASInterpolation2015/Kojak-FP.epf Toolchain:toolchains/CodeCheckWithBE-C.xml
2014-10-18_16-33-41-582 Finishing test with SUCCESS for Input:svcomp/locks/test_locks_6_true-unreach-call_false-termination.c Settings:settings/TACASInterpolation2015/Kojak-FP.epf Toolchain:toolchains/CodeCheckWithBE-C.xml: SAFE(Expected:SAFE): ExpectedResult: SAFE UltimateResult: SAFE   [ShortDescription: All specifications hold LongDescription: 1 specifications checked. All of them hold]
2014-10-18_16-33-41-584 ### 20/26 ### Starting test for Input:svcomp/locks/test_locks_6_true-unreach-call_false-termination.c Settings:settings/TACASInterpolation2015/Kojak-TreeInterpolation.epf Toolchain:toolchains/CodeCheckWithBE-C.xml
2014-10-18_16-33-41-686 Finishing test with SUCCESS for Input:svcomp/locks/test_locks_6_true-unreach-call_false-termination.c Settings:settings/TACASInterpolation2015/Kojak-TreeInterpolation.epf Toolchain:toolchains/CodeCheckWithBE-C.xml: SAFE(Expected:SAFE): ExpectedResult: SAFE UltimateResult: SAFE   [ShortDescription: All specifications hold LongDescription: 1 specifications checked. All of them hold]
2014-10-18_16-33-41-687 ### 21/26 ### Starting test for Input:svcomp/locks/test_locks_7_true-unreach-call_false-termination.c Settings:settings/TACASInterpolation2015/Kojak-FP.epf Toolchain:toolchains/CodeCheckWithBE-C.xml
2014-10-18_16-33-41-802 Finishing test with SUCCESS for Input:svcomp/locks/test_locks_7_true-unreach-call_false-termination.c Settings:settings/TACASInterpolation2015/Kojak-FP.epf Toolchain:toolchains/CodeCheckWithBE-C.xml: SAFE(Expected:SAFE): ExpectedResult: SAFE UltimateResult: SAFE   [ShortDescription: All specifications hold LongDescription: 1 specifications checked. All of them hold]
2014-10-18_16-33-41-803 ### 22/26 ### Starting test for Input:svcomp/locks/test_locks_7_true-unreach-call_false-termination.c Settings:settings/TACASInterpolation2015/Kojak-TreeInterpolation.epf Toolchain:toolchains/CodeCheckWithBE-C.xml
2014-10-18_16-33-41-912 Finishing test with SUCCESS for Input:svcomp/locks/test_locks_7_true-unreach-call_false-termination.c Settings:settings/TACASInterpolation2015/Kojak-TreeInterpolation.epf Toolchain:toolchains/CodeCheckWithBE-C.xml: SAFE(Expected:SAFE): ExpectedResult: SAFE UltimateResult: SAFE   [ShortDescription: All specifications hold LongDescription: 1 specifications checked. All of them hold]
2014-10-18_16-33-41-913 ### 23/26 ### Starting test for Input:svcomp/locks/test_locks_8_true-unreach-call_false-termination.c Settings:settings/TACASInterpolation2015/Kojak-FP.epf Toolchain:toolchains/CodeCheckWithBE-C.xml
2014-10-18_16-33-42-064 Finishing test with SUCCESS for Input:svcomp/locks/test_locks_8_true-unreach-call_false-termination.c Settings:settings/TACASInterpolation2015/Kojak-FP.epf Toolchain:toolchains/CodeCheckWithBE-C.xml: SAFE(Expected:SAFE): ExpectedResult: SAFE UltimateResult: SAFE   [ShortDescription: All specifications hold LongDescription: 1 specifications checked. All of them hold]
2014-10-18_16-33-42-065 ### 24/26 ### Starting test for Input:svcomp/locks/test_locks_8_true-unreach-call_false-termination.c Settings:settings/TACASInterpolation2015/Kojak-TreeInterpolation.epf Toolchain:toolchains/CodeCheckWithBE-C.xml
2014-10-18_16-33-42-208 Finishing test with SUCCESS for Input:svcomp/locks/test_locks_8_true-unreach-call_false-termination.c Settings:settings/TACASInterpolation2015/Kojak-TreeInterpolation.epf Toolchain:toolchains/CodeCheckWithBE-C.xml: SAFE(Expected:SAFE): ExpectedResult: SAFE UltimateResult: SAFE   [ShortDescription: All specifications hold LongDescription: 1 specifications checked. All of them hold]
2014-10-18_16-33-42-209 ### 25/26 ### Starting test for Input:svcomp/locks/test_locks_9_true-unreach-call.c Settings:settings/TACASInterpolation2015/Kojak-FP.epf Toolchain:toolchains/CodeCheckWithBE-C.xml
2014-10-18_16-33-42-366 Finishing test with SUCCESS for Input:svcomp/locks/test_locks_9_true-unreach-call.c Settings:settings/TACASInterpolation2015/Kojak-FP.epf Toolchain:toolchains/CodeCheckWithBE-C.xml: SAFE(Expected:SAFE): ExpectedResult: SAFE UltimateResult: SAFE   [ShortDescription: All specifications hold LongDescription: 1 specifications checked. All of them hold]
2014-10-18_16-33-42-366 ### 26/26 ### Starting test for Input:svcomp/locks/test_locks_9_true-unreach-call.c Settings:settings/TACASInterpolation2015/Kojak-TreeInterpolation.epf Toolchain:toolchains/CodeCheckWithBE-C.xml
2014-10-18_16-33-42-522 Finishing test with SUCCESS for Input:svcomp/locks/test_locks_9_true-unreach-call.c Settings:settings/TACASInterpolation2015/Kojak-TreeInterpolation.epf Toolchain:toolchains/CodeCheckWithBE-C.xml: SAFE(Expected:SAFE): ExpectedResult: SAFE UltimateResult: SAFE   [ShortDescription: All specifications hold LongDescription: 1 specifications checked. All of them hold]
