2014-10-18_15-21-40-199 First run of IncrementalLogWithVMParameters
	Parameters: heapMaxSize=5.7 GB
2014-10-18_15-21-40-201 ### 1/52 ### Starting test for Input:svcomp/ssh-simplified/s3_clnt_1_false-unreach-call.cil.c Settings:settings/TACASInterpolation2015/Kojak-FP.epf Toolchain:toolchains/CodeCheckWithBE-C.xml
2014-10-18_15-21-44-910 Finishing test with SUCCESS for Input:svcomp/ssh-simplified/s3_clnt_1_false-unreach-call.cil.c Settings:settings/TACASInterpolation2015/Kojak-FP.epf Toolchain:toolchains/CodeCheckWithBE-C.xml: UNSAFE(Expected:UNSAFE): ExpectedResult: UNSAFE UltimateResult: UNSAFE   unknown kind of specification may be violated 
2014-10-18_15-21-44-912 ### 2/52 ### Starting test for Input:svcomp/ssh-simplified/s3_clnt_1_false-unreach-call.cil.c Settings:settings/TACASInterpolation2015/Kojak-TreeInterpolation.epf Toolchain:toolchains/CodeCheckWithBE-C.xml
2014-10-18_15-21-49-051 Finishing test with SUCCESS for Input:svcomp/ssh-simplified/s3_clnt_1_false-unreach-call.cil.c Settings:settings/TACASInterpolation2015/Kojak-TreeInterpolation.epf Toolchain:toolchains/CodeCheckWithBE-C.xml: UNSAFE(Expected:UNSAFE): ExpectedResult: UNSAFE UltimateResult: UNSAFE   unknown kind of specification may be violated 
2014-10-18_15-21-49-052 ### 3/52 ### Starting test for Input:svcomp/ssh-simplified/s3_clnt_1_true-unreach-call.cil.c Settings:settings/TACASInterpolation2015/Kojak-FP.epf Toolchain:toolchains/CodeCheckWithBE-C.xml
2014-10-18_15-22-22-146 Finishing test with SUCCESS for Input:svcomp/ssh-simplified/s3_clnt_1_true-unreach-call.cil.c Settings:settings/TACASInterpolation2015/Kojak-FP.epf Toolchain:toolchains/CodeCheckWithBE-C.xml: SAFE(Expected:SAFE): ExpectedResult: SAFE UltimateResult: SAFE   [ShortDescription: All specifications hold LongDescription: 1 specifications checked. All of them hold]
2014-10-18_15-22-22-146 ### 4/52 ### Starting test for Input:svcomp/ssh-simplified/s3_clnt_1_true-unreach-call.cil.c Settings:settings/TACASInterpolation2015/Kojak-TreeInterpolation.epf Toolchain:toolchains/CodeCheckWithBE-C.xml
2014-10-18_15-22-38-940 Finishing test with SUCCESS for Input:svcomp/ssh-simplified/s3_clnt_1_true-unreach-call.cil.c Settings:settings/TACASInterpolation2015/Kojak-TreeInterpolation.epf Toolchain:toolchains/CodeCheckWithBE-C.xml: SAFE(Expected:SAFE): ExpectedResult: SAFE UltimateResult: SAFE   [ShortDescription: All specifications hold LongDescription: 1 specifications checked. All of them hold]
2014-10-18_15-22-38-941 ### 5/52 ### Starting test for Input:svcomp/ssh-simplified/s3_clnt_2_false-unreach-call_true-termination.cil.c Settings:settings/TACASInterpolation2015/Kojak-FP.epf Toolchain:toolchains/CodeCheckWithBE-C.xml
2014-10-18_15-22-41-292 Finishing test with SUCCESS for Input:svcomp/ssh-simplified/s3_clnt_2_false-unreach-call_true-termination.cil.c Settings:settings/TACASInterpolation2015/Kojak-FP.epf Toolchain:toolchains/CodeCheckWithBE-C.xml: UNSAFE(Expected:UNSAFE): ExpectedResult: UNSAFE UltimateResult: UNSAFE   unknown kind of specification may be violated 
2014-10-18_15-22-41-293 ### 6/52 ### Starting test for Input:svcomp/ssh-simplified/s3_clnt_2_false-unreach-call_true-termination.cil.c Settings:settings/TACASInterpolation2015/Kojak-TreeInterpolation.epf Toolchain:toolchains/CodeCheckWithBE-C.xml
2014-10-18_15-22-46-184 Finishing test with SUCCESS for Input:svcomp/ssh-simplified/s3_clnt_2_false-unreach-call_true-termination.cil.c Settings:settings/TACASInterpolation2015/Kojak-TreeInterpolation.epf Toolchain:toolchains/CodeCheckWithBE-C.xml: UNSAFE(Expected:UNSAFE): ExpectedResult: UNSAFE UltimateResult: UNSAFE   unknown kind of specification may be violated 
2014-10-18_15-22-46-184 ### 7/52 ### Starting test for Input:svcomp/ssh-simplified/s3_clnt_2_true-unreach-call_true-termination.cil.c Settings:settings/TACASInterpolation2015/Kojak-FP.epf Toolchain:toolchains/CodeCheckWithBE-C.xml
2014-10-18_15-23-28-339 Finishing test with SUCCESS for Input:svcomp/ssh-simplified/s3_clnt_2_true-unreach-call_true-termination.cil.c Settings:settings/TACASInterpolation2015/Kojak-FP.epf Toolchain:toolchains/CodeCheckWithBE-C.xml: SAFE(Expected:SAFE): ExpectedResult: SAFE UltimateResult: SAFE   [ShortDescription: All specifications hold LongDescription: 1 specifications checked. All of them hold]
2014-10-18_15-23-28-340 ### 8/52 ### Starting test for Input:svcomp/ssh-simplified/s3_clnt_2_true-unreach-call_true-termination.cil.c Settings:settings/TACASInterpolation2015/Kojak-TreeInterpolation.epf Toolchain:toolchains/CodeCheckWithBE-C.xml
2014-10-18_15-23-52-069 Finishing test with SUCCESS for Input:svcomp/ssh-simplified/s3_clnt_2_true-unreach-call_true-termination.cil.c Settings:settings/TACASInterpolation2015/Kojak-TreeInterpolation.epf Toolchain:toolchains/CodeCheckWithBE-C.xml: SAFE(Expected:SAFE): ExpectedResult: SAFE UltimateResult: SAFE   [ShortDescription: All specifications hold LongDescription: 1 specifications checked. All of them hold]
2014-10-18_15-23-52-070 ### 9/52 ### Starting test for Input:svcomp/ssh-simplified/s3_clnt_3.cil_true-unreach-call_true-termination.c Settings:settings/TACASInterpolation2015/Kojak-FP.epf Toolchain:toolchains/CodeCheckWithBE-C.xml
2014-10-18_15-24-01-981 Finishing test with FAIL for Input:svcomp/ssh-simplified/s3_clnt_3.cil_true-unreach-call_true-termination.c Settings:settings/TACASInterpolation2015/Kojak-FP.epf Toolchain:toolchains/CodeCheckWithBE-C.xml: EXCEPTION_OR_ERROR(Expected:SAFE): ExpectedResult: SAFE UltimateResult: EXCEPTION_OR_ERROR   [ShortDescription: SMTLIBException LongDescription: de.uni_freiburg.informatik.ultimate.logic.SMTLIBException: Cannot create quantifier in quantifier-free logic]
2014-10-18_15-24-01-983 ### 10/52 ### Starting test for Input:svcomp/ssh-simplified/s3_clnt_3.cil_true-unreach-call_true-termination.c Settings:settings/TACASInterpolation2015/Kojak-TreeInterpolation.epf Toolchain:toolchains/CodeCheckWithBE-C.xml
2014-10-18_15-25-50-888 Finishing test with SUCCESS for Input:svcomp/ssh-simplified/s3_clnt_3.cil_true-unreach-call_true-termination.c Settings:settings/TACASInterpolation2015/Kojak-TreeInterpolation.epf Toolchain:toolchains/CodeCheckWithBE-C.xml: SAFE(Expected:SAFE): ExpectedResult: SAFE UltimateResult: SAFE   [ShortDescription: All specifications hold LongDescription: 1 specifications checked. All of them hold]
2014-10-18_15-25-50-889 ### 11/52 ### Starting test for Input:svcomp/ssh-simplified/s3_clnt_3_false-unreach-call.cil.c Settings:settings/TACASInterpolation2015/Kojak-FP.epf Toolchain:toolchains/CodeCheckWithBE-C.xml
2014-10-18_15-25-52-971 Finishing test with SUCCESS for Input:svcomp/ssh-simplified/s3_clnt_3_false-unreach-call.cil.c Settings:settings/TACASInterpolation2015/Kojak-FP.epf Toolchain:toolchains/CodeCheckWithBE-C.xml: UNSAFE(Expected:UNSAFE): ExpectedResult: UNSAFE UltimateResult: UNSAFE   unknown kind of specification may be violated 
2014-10-18_15-25-52-972 ### 12/52 ### Starting test for Input:svcomp/ssh-simplified/s3_clnt_3_false-unreach-call.cil.c Settings:settings/TACASInterpolation2015/Kojak-TreeInterpolation.epf Toolchain:toolchains/CodeCheckWithBE-C.xml
2014-10-18_15-25-56-392 Finishing test with SUCCESS for Input:svcomp/ssh-simplified/s3_clnt_3_false-unreach-call.cil.c Settings:settings/TACASInterpolation2015/Kojak-TreeInterpolation.epf Toolchain:toolchains/CodeCheckWithBE-C.xml: UNSAFE(Expected:UNSAFE): ExpectedResult: UNSAFE UltimateResult: UNSAFE   unknown kind of specification may be violated 
2014-10-18_15-25-56-393 ### 13/52 ### Starting test for Input:svcomp/ssh-simplified/s3_clnt_3_true-unreach-call.cil.c Settings:settings/TACASInterpolation2015/Kojak-FP.epf Toolchain:toolchains/CodeCheckWithBE-C.xml
2014-10-18_15-26-43-742 Finishing test with SUCCESS for Input:svcomp/ssh-simplified/s3_clnt_3_true-unreach-call.cil.c Settings:settings/TACASInterpolation2015/Kojak-FP.epf Toolchain:toolchains/CodeCheckWithBE-C.xml: SAFE(Expected:SAFE): ExpectedResult: SAFE UltimateResult: SAFE   [ShortDescription: All specifications hold LongDescription: 1 specifications checked. All of them hold]
2014-10-18_15-26-43-742 ### 14/52 ### Starting test for Input:svcomp/ssh-simplified/s3_clnt_3_true-unreach-call.cil.c Settings:settings/TACASInterpolation2015/Kojak-TreeInterpolation.epf Toolchain:toolchains/CodeCheckWithBE-C.xml
2014-10-18_15-28-46-217 Finishing test with SUCCESS for Input:svcomp/ssh-simplified/s3_clnt_3_true-unreach-call.cil.c Settings:settings/TACASInterpolation2015/Kojak-TreeInterpolation.epf Toolchain:toolchains/CodeCheckWithBE-C.xml: SAFE(Expected:SAFE): ExpectedResult: SAFE UltimateResult: SAFE   [ShortDescription: All specifications hold LongDescription: 1 specifications checked. All of them hold]
2014-10-18_15-28-46-233 ### 15/52 ### Starting test for Input:svcomp/ssh-simplified/s3_clnt_4_false-unreach-call.cil.c Settings:settings/TACASInterpolation2015/Kojak-FP.epf Toolchain:toolchains/CodeCheckWithBE-C.xml
2014-10-18_15-28-48-026 Finishing test with SUCCESS for Input:svcomp/ssh-simplified/s3_clnt_4_false-unreach-call.cil.c Settings:settings/TACASInterpolation2015/Kojak-FP.epf Toolchain:toolchains/CodeCheckWithBE-C.xml: UNSAFE(Expected:UNSAFE): ExpectedResult: UNSAFE UltimateResult: UNSAFE   unknown kind of specification may be violated 
2014-10-18_15-28-48-028 ### 16/52 ### Starting test for Input:svcomp/ssh-simplified/s3_clnt_4_false-unreach-call.cil.c Settings:settings/TACASInterpolation2015/Kojak-TreeInterpolation.epf Toolchain:toolchains/CodeCheckWithBE-C.xml
2014-10-18_15-28-52-678 Finishing test with SUCCESS for Input:svcomp/ssh-simplified/s3_clnt_4_false-unreach-call.cil.c Settings:settings/TACASInterpolation2015/Kojak-TreeInterpolation.epf Toolchain:toolchains/CodeCheckWithBE-C.xml: UNSAFE(Expected:UNSAFE): ExpectedResult: UNSAFE UltimateResult: UNSAFE   unknown kind of specification may be violated 
2014-10-18_15-28-52-679 ### 17/52 ### Starting test for Input:svcomp/ssh-simplified/s3_clnt_4_true-unreach-call.cil.c Settings:settings/TACASInterpolation2015/Kojak-FP.epf Toolchain:toolchains/CodeCheckWithBE-C.xml
2014-10-18_15-29-08-292 Finishing test with SUCCESS for Input:svcomp/ssh-simplified/s3_clnt_4_true-unreach-call.cil.c Settings:settings/TACASInterpolation2015/Kojak-FP.epf Toolchain:toolchains/CodeCheckWithBE-C.xml: SAFE(Expected:SAFE): ExpectedResult: SAFE UltimateResult: SAFE   [ShortDescription: All specifications hold LongDescription: 1 specifications checked. All of them hold]
2014-10-18_15-29-08-293 ### 18/52 ### Starting test for Input:svcomp/ssh-simplified/s3_clnt_4_true-unreach-call.cil.c Settings:settings/TACASInterpolation2015/Kojak-TreeInterpolation.epf Toolchain:toolchains/CodeCheckWithBE-C.xml
2014-10-18_15-29-25-905 Finishing test with SUCCESS for Input:svcomp/ssh-simplified/s3_clnt_4_true-unreach-call.cil.c Settings:settings/TACASInterpolation2015/Kojak-TreeInterpolation.epf Toolchain:toolchains/CodeCheckWithBE-C.xml: SAFE(Expected:SAFE): ExpectedResult: SAFE UltimateResult: SAFE   [ShortDescription: All specifications hold LongDescription: 1 specifications checked. All of them hold]
2014-10-18_15-29-25-906 ### 19/52 ### Starting test for Input:svcomp/ssh-simplified/s3_srvr_10_false-unreach-call.cil.c Settings:settings/TACASInterpolation2015/Kojak-FP.epf Toolchain:toolchains/CodeCheckWithBE-C.xml
2014-10-18_15-29-26-601 Finishing test with SUCCESS for Input:svcomp/ssh-simplified/s3_srvr_10_false-unreach-call.cil.c Settings:settings/TACASInterpolation2015/Kojak-FP.epf Toolchain:toolchains/CodeCheckWithBE-C.xml: UNSAFE(Expected:UNSAFE): ExpectedResult: UNSAFE UltimateResult: UNSAFE   unknown kind of specification may be violated 
2014-10-18_15-29-26-601 ### 20/52 ### Starting test for Input:svcomp/ssh-simplified/s3_srvr_10_false-unreach-call.cil.c Settings:settings/TACASInterpolation2015/Kojak-TreeInterpolation.epf Toolchain:toolchains/CodeCheckWithBE-C.xml
2014-10-18_15-29-27-028 Finishing test with SUCCESS for Input:svcomp/ssh-simplified/s3_srvr_10_false-unreach-call.cil.c Settings:settings/TACASInterpolation2015/Kojak-TreeInterpolation.epf Toolchain:toolchains/CodeCheckWithBE-C.xml: UNSAFE(Expected:UNSAFE): ExpectedResult: UNSAFE UltimateResult: UNSAFE   unknown kind of specification may be violated 
2014-10-18_15-29-27-029 ### 21/52 ### Starting test for Input:svcomp/ssh-simplified/s3_srvr_11_false-unreach-call.cil.c Settings:settings/TACASInterpolation2015/Kojak-FP.epf Toolchain:toolchains/CodeCheckWithBE-C.xml
2014-10-18_15-29-44-615 Finishing test with SUCCESS for Input:svcomp/ssh-simplified/s3_srvr_11_false-unreach-call.cil.c Settings:settings/TACASInterpolation2015/Kojak-FP.epf Toolchain:toolchains/CodeCheckWithBE-C.xml: UNSAFE(Expected:UNSAFE): ExpectedResult: UNSAFE UltimateResult: UNSAFE   unknown kind of specification may be violated 
2014-10-18_15-29-44-616 ### 22/52 ### Starting test for Input:svcomp/ssh-simplified/s3_srvr_11_false-unreach-call.cil.c Settings:settings/TACASInterpolation2015/Kojak-TreeInterpolation.epf Toolchain:toolchains/CodeCheckWithBE-C.xml
2014-10-18_15-31-01-110 Finishing test with SUCCESS for Input:svcomp/ssh-simplified/s3_srvr_11_false-unreach-call.cil.c Settings:settings/TACASInterpolation2015/Kojak-TreeInterpolation.epf Toolchain:toolchains/CodeCheckWithBE-C.xml: UNSAFE(Expected:UNSAFE): ExpectedResult: UNSAFE UltimateResult: UNSAFE   unknown kind of specification may be violated 
2014-10-18_15-31-01-111 ### 23/52 ### Starting test for Input:svcomp/ssh-simplified/s3_srvr_12_false-unreach-call.cil.c Settings:settings/TACASInterpolation2015/Kojak-FP.epf Toolchain:toolchains/CodeCheckWithBE-C.xml
2014-10-18_15-31-34-964 Finishing test with SUCCESS for Input:svcomp/ssh-simplified/s3_srvr_12_false-unreach-call.cil.c Settings:settings/TACASInterpolation2015/Kojak-FP.epf Toolchain:toolchains/CodeCheckWithBE-C.xml: UNSAFE(Expected:UNSAFE): ExpectedResult: UNSAFE UltimateResult: UNSAFE   unknown kind of specification may be violated 
2014-10-18_15-31-34-965 ### 24/52 ### Starting test for Input:svcomp/ssh-simplified/s3_srvr_12_false-unreach-call.cil.c Settings:settings/TACASInterpolation2015/Kojak-TreeInterpolation.epf Toolchain:toolchains/CodeCheckWithBE-C.xml
2014-10-18_15-33-24-276 Finishing test with SUCCESS for Input:svcomp/ssh-simplified/s3_srvr_12_false-unreach-call.cil.c Settings:settings/TACASInterpolation2015/Kojak-TreeInterpolation.epf Toolchain:toolchains/CodeCheckWithBE-C.xml: UNSAFE(Expected:UNSAFE): ExpectedResult: UNSAFE UltimateResult: UNSAFE   unknown kind of specification may be violated 
2014-10-18_15-33-24-277 ### 25/52 ### Starting test for Input:svcomp/ssh-simplified/s3_srvr_13_false-unreach-call.cil.c Settings:settings/TACASInterpolation2015/Kojak-FP.epf Toolchain:toolchains/CodeCheckWithBE-C.xml
2014-10-18_15-33-30-797 Finishing test with SUCCESS for Input:svcomp/ssh-simplified/s3_srvr_13_false-unreach-call.cil.c Settings:settings/TACASInterpolation2015/Kojak-FP.epf Toolchain:toolchains/CodeCheckWithBE-C.xml: UNSAFE(Expected:UNSAFE): ExpectedResult: UNSAFE UltimateResult: UNSAFE   unknown kind of specification may be violated 
2014-10-18_15-33-30-798 ### 26/52 ### Starting test for Input:svcomp/ssh-simplified/s3_srvr_13_false-unreach-call.cil.c Settings:settings/TACASInterpolation2015/Kojak-TreeInterpolation.epf Toolchain:toolchains/CodeCheckWithBE-C.xml
2014-10-18_15-34-34-327 Finishing test with SUCCESS for Input:svcomp/ssh-simplified/s3_srvr_13_false-unreach-call.cil.c Settings:settings/TACASInterpolation2015/Kojak-TreeInterpolation.epf Toolchain:toolchains/CodeCheckWithBE-C.xml: UNSAFE(Expected:UNSAFE): ExpectedResult: UNSAFE UltimateResult: UNSAFE   unknown kind of specification may be violated 
2014-10-18_15-34-34-327 ### 27/52 ### Starting test for Input:svcomp/ssh-simplified/s3_srvr_14_false-unreach-call.cil.c Settings:settings/TACASInterpolation2015/Kojak-FP.epf Toolchain:toolchains/CodeCheckWithBE-C.xml
2014-10-18_15-34-35-563 Finishing test with SUCCESS for Input:svcomp/ssh-simplified/s3_srvr_14_false-unreach-call.cil.c Settings:settings/TACASInterpolation2015/Kojak-FP.epf Toolchain:toolchains/CodeCheckWithBE-C.xml: UNSAFE(Expected:UNSAFE): ExpectedResult: UNSAFE UltimateResult: UNSAFE   unknown kind of specification may be violated 
2014-10-18_15-34-35-564 ### 28/52 ### Starting test for Input:svcomp/ssh-simplified/s3_srvr_14_false-unreach-call.cil.c Settings:settings/TACASInterpolation2015/Kojak-TreeInterpolation.epf Toolchain:toolchains/CodeCheckWithBE-C.xml
2014-10-18_15-34-38-442 Finishing test with SUCCESS for Input:svcomp/ssh-simplified/s3_srvr_14_false-unreach-call.cil.c Settings:settings/TACASInterpolation2015/Kojak-TreeInterpolation.epf Toolchain:toolchains/CodeCheckWithBE-C.xml: UNSAFE(Expected:UNSAFE): ExpectedResult: UNSAFE UltimateResult: UNSAFE   unknown kind of specification may be violated 
2014-10-18_15-34-38-443 ### 29/52 ### Starting test for Input:svcomp/ssh-simplified/s3_srvr_1_false-unreach-call.cil.c Settings:settings/TACASInterpolation2015/Kojak-FP.epf Toolchain:toolchains/CodeCheckWithBE-C.xml
2014-10-18_15-34-39-548 Finishing test with SUCCESS for Input:svcomp/ssh-simplified/s3_srvr_1_false-unreach-call.cil.c Settings:settings/TACASInterpolation2015/Kojak-FP.epf Toolchain:toolchains/CodeCheckWithBE-C.xml: UNSAFE(Expected:UNSAFE): ExpectedResult: UNSAFE UltimateResult: UNSAFE   unknown kind of specification may be violated 
2014-10-18_15-34-39-549 ### 30/52 ### Starting test for Input:svcomp/ssh-simplified/s3_srvr_1_false-unreach-call.cil.c Settings:settings/TACASInterpolation2015/Kojak-TreeInterpolation.epf Toolchain:toolchains/CodeCheckWithBE-C.xml
2014-10-18_15-34-41-125 Finishing test with SUCCESS for Input:svcomp/ssh-simplified/s3_srvr_1_false-unreach-call.cil.c Settings:settings/TACASInterpolation2015/Kojak-TreeInterpolation.epf Toolchain:toolchains/CodeCheckWithBE-C.xml: UNSAFE(Expected:UNSAFE): ExpectedResult: UNSAFE UltimateResult: UNSAFE   unknown kind of specification may be violated 
2014-10-18_15-34-41-125 ### 31/52 ### Starting test for Input:svcomp/ssh-simplified/s3_srvr_1_true-unreach-call.cil.c Settings:settings/TACASInterpolation2015/Kojak-FP.epf Toolchain:toolchains/CodeCheckWithBE-C.xml
2014-10-18_15-34-50-114 Finishing test with SUCCESS for Input:svcomp/ssh-simplified/s3_srvr_1_true-unreach-call.cil.c Settings:settings/TACASInterpolation2015/Kojak-FP.epf Toolchain:toolchains/CodeCheckWithBE-C.xml: SAFE(Expected:SAFE): ExpectedResult: SAFE UltimateResult: SAFE   [ShortDescription: All specifications hold LongDescription: 1 specifications checked. All of them hold]
2014-10-18_15-34-50-115 ### 32/52 ### Starting test for Input:svcomp/ssh-simplified/s3_srvr_1_true-unreach-call.cil.c Settings:settings/TACASInterpolation2015/Kojak-TreeInterpolation.epf Toolchain:toolchains/CodeCheckWithBE-C.xml
2014-10-18_15-35-02-540 Finishing test with SUCCESS for Input:svcomp/ssh-simplified/s3_srvr_1_true-unreach-call.cil.c Settings:settings/TACASInterpolation2015/Kojak-TreeInterpolation.epf Toolchain:toolchains/CodeCheckWithBE-C.xml: SAFE(Expected:SAFE): ExpectedResult: SAFE UltimateResult: SAFE   [ShortDescription: All specifications hold LongDescription: 1 specifications checked. All of them hold]
2014-10-18_15-35-02-540 ### 33/52 ### Starting test for Input:svcomp/ssh-simplified/s3_srvr_1a_true-unreach-call.cil.c Settings:settings/TACASInterpolation2015/Kojak-FP.epf Toolchain:toolchains/CodeCheckWithBE-C.xml
2014-10-18_15-35-08-780 Finishing test with SUCCESS for Input:svcomp/ssh-simplified/s3_srvr_1a_true-unreach-call.cil.c Settings:settings/TACASInterpolation2015/Kojak-FP.epf Toolchain:toolchains/CodeCheckWithBE-C.xml: SAFE(Expected:SAFE): ExpectedResult: SAFE UltimateResult: SAFE   [ShortDescription: All specifications hold LongDescription: 1 specifications checked. All of them hold]
2014-10-18_15-35-08-781 ### 34/52 ### Starting test for Input:svcomp/ssh-simplified/s3_srvr_1a_true-unreach-call.cil.c Settings:settings/TACASInterpolation2015/Kojak-TreeInterpolation.epf Toolchain:toolchains/CodeCheckWithBE-C.xml
2014-10-18_15-35-17-938 Finishing test with SUCCESS for Input:svcomp/ssh-simplified/s3_srvr_1a_true-unreach-call.cil.c Settings:settings/TACASInterpolation2015/Kojak-TreeInterpolation.epf Toolchain:toolchains/CodeCheckWithBE-C.xml: SAFE(Expected:SAFE): ExpectedResult: SAFE UltimateResult: SAFE   [ShortDescription: All specifications hold LongDescription: 1 specifications checked. All of them hold]
2014-10-18_15-35-17-939 ### 35/52 ### Starting test for Input:svcomp/ssh-simplified/s3_srvr_1b_true-unreach-call_false-termination.cil.c Settings:settings/TACASInterpolation2015/Kojak-FP.epf Toolchain:toolchains/CodeCheckWithBE-C.xml
2014-10-18_15-35-18-257 Finishing test with SUCCESS for Input:svcomp/ssh-simplified/s3_srvr_1b_true-unreach-call_false-termination.cil.c Settings:settings/TACASInterpolation2015/Kojak-FP.epf Toolchain:toolchains/CodeCheckWithBE-C.xml: SAFE(Expected:SAFE): ExpectedResult: SAFE UltimateResult: SAFE   [ShortDescription: All specifications hold LongDescription: 1 specifications checked. All of them hold]
2014-10-18_15-35-18-257 ### 36/52 ### Starting test for Input:svcomp/ssh-simplified/s3_srvr_1b_true-unreach-call_false-termination.cil.c Settings:settings/TACASInterpolation2015/Kojak-TreeInterpolation.epf Toolchain:toolchains/CodeCheckWithBE-C.xml
2014-10-18_15-35-18-616 Finishing test with SUCCESS for Input:svcomp/ssh-simplified/s3_srvr_1b_true-unreach-call_false-termination.cil.c Settings:settings/TACASInterpolation2015/Kojak-TreeInterpolation.epf Toolchain:toolchains/CodeCheckWithBE-C.xml: SAFE(Expected:SAFE): ExpectedResult: SAFE UltimateResult: SAFE   [ShortDescription: All specifications hold LongDescription: 1 specifications checked. All of them hold]
2014-10-18_15-35-18-617 ### 37/52 ### Starting test for Input:svcomp/ssh-simplified/s3_srvr_2_false-unreach-call.cil.c Settings:settings/TACASInterpolation2015/Kojak-FP.epf Toolchain:toolchains/CodeCheckWithBE-C.xml
2014-10-18_15-35-19-647 Finishing test with SUCCESS for Input:svcomp/ssh-simplified/s3_srvr_2_false-unreach-call.cil.c Settings:settings/TACASInterpolation2015/Kojak-FP.epf Toolchain:toolchains/CodeCheckWithBE-C.xml: UNSAFE(Expected:UNSAFE): ExpectedResult: UNSAFE UltimateResult: UNSAFE   unknown kind of specification may be violated 
2014-10-18_15-35-19-648 ### 38/52 ### Starting test for Input:svcomp/ssh-simplified/s3_srvr_2_false-unreach-call.cil.c Settings:settings/TACASInterpolation2015/Kojak-TreeInterpolation.epf Toolchain:toolchains/CodeCheckWithBE-C.xml
2014-10-18_15-35-21-272 Finishing test with SUCCESS for Input:svcomp/ssh-simplified/s3_srvr_2_false-unreach-call.cil.c Settings:settings/TACASInterpolation2015/Kojak-TreeInterpolation.epf Toolchain:toolchains/CodeCheckWithBE-C.xml: UNSAFE(Expected:UNSAFE): ExpectedResult: UNSAFE UltimateResult: UNSAFE   unknown kind of specification may be violated 
2014-10-18_15-35-21-272 ### 39/52 ### Starting test for Input:svcomp/ssh-simplified/s3_srvr_2_true-unreach-call.cil.c Settings:settings/TACASInterpolation2015/Kojak-FP.epf Toolchain:toolchains/CodeCheckWithBE-C.xml
2014-10-18_15-35-41-493 Finishing test with SUCCESS for Input:svcomp/ssh-simplified/s3_srvr_2_true-unreach-call.cil.c Settings:settings/TACASInterpolation2015/Kojak-FP.epf Toolchain:toolchains/CodeCheckWithBE-C.xml: SAFE(Expected:SAFE): ExpectedResult: SAFE UltimateResult: SAFE   [ShortDescription: All specifications hold LongDescription: 1 specifications checked. All of them hold]
2014-10-18_15-35-41-495 ### 40/52 ### Starting test for Input:svcomp/ssh-simplified/s3_srvr_2_true-unreach-call.cil.c Settings:settings/TACASInterpolation2015/Kojak-TreeInterpolation.epf Toolchain:toolchains/CodeCheckWithBE-C.xml
2014-10-18_15-35-55-497 Finishing test with SUCCESS for Input:svcomp/ssh-simplified/s3_srvr_2_true-unreach-call.cil.c Settings:settings/TACASInterpolation2015/Kojak-TreeInterpolation.epf Toolchain:toolchains/CodeCheckWithBE-C.xml: SAFE(Expected:SAFE): ExpectedResult: SAFE UltimateResult: SAFE   [ShortDescription: All specifications hold LongDescription: 1 specifications checked. All of them hold]
2014-10-18_15-35-55-498 ### 41/52 ### Starting test for Input:svcomp/ssh-simplified/s3_srvr_3_true-unreach-call.cil.c Settings:settings/TACASInterpolation2015/Kojak-FP.epf Toolchain:toolchains/CodeCheckWithBE-C.xml
2014-10-18_15-36-13-613 Finishing test with SUCCESS for Input:svcomp/ssh-simplified/s3_srvr_3_true-unreach-call.cil.c Settings:settings/TACASInterpolation2015/Kojak-FP.epf Toolchain:toolchains/CodeCheckWithBE-C.xml: SAFE(Expected:SAFE): ExpectedResult: SAFE UltimateResult: SAFE   [ShortDescription: All specifications hold LongDescription: 1 specifications checked. All of them hold]
2014-10-18_15-36-13-614 ### 42/52 ### Starting test for Input:svcomp/ssh-simplified/s3_srvr_3_true-unreach-call.cil.c Settings:settings/TACASInterpolation2015/Kojak-TreeInterpolation.epf Toolchain:toolchains/CodeCheckWithBE-C.xml
2014-10-18_15-37-10-956 Finishing test with SUCCESS for Input:svcomp/ssh-simplified/s3_srvr_3_true-unreach-call.cil.c Settings:settings/TACASInterpolation2015/Kojak-TreeInterpolation.epf Toolchain:toolchains/CodeCheckWithBE-C.xml: SAFE(Expected:SAFE): ExpectedResult: SAFE UltimateResult: SAFE   [ShortDescription: All specifications hold LongDescription: 1 specifications checked. All of them hold]
2014-10-18_15-37-10-957 ### 43/52 ### Starting test for Input:svcomp/ssh-simplified/s3_srvr_4_true-unreach-call.cil.c Settings:settings/TACASInterpolation2015/Kojak-FP.epf Toolchain:toolchains/CodeCheckWithBE-C.xml
2014-10-18_15-37-24-990 Finishing test with SUCCESS for Input:svcomp/ssh-simplified/s3_srvr_4_true-unreach-call.cil.c Settings:settings/TACASInterpolation2015/Kojak-FP.epf Toolchain:toolchains/CodeCheckWithBE-C.xml: SAFE(Expected:SAFE): ExpectedResult: SAFE UltimateResult: SAFE   [ShortDescription: All specifications hold LongDescription: 1 specifications checked. All of them hold]
2014-10-18_15-37-24-991 ### 44/52 ### Starting test for Input:svcomp/ssh-simplified/s3_srvr_4_true-unreach-call.cil.c Settings:settings/TACASInterpolation2015/Kojak-TreeInterpolation.epf Toolchain:toolchains/CodeCheckWithBE-C.xml
2014-10-18_15-37-42-773 Finishing test with SUCCESS for Input:svcomp/ssh-simplified/s3_srvr_4_true-unreach-call.cil.c Settings:settings/TACASInterpolation2015/Kojak-TreeInterpolation.epf Toolchain:toolchains/CodeCheckWithBE-C.xml: SAFE(Expected:SAFE): ExpectedResult: SAFE UltimateResult: SAFE   [ShortDescription: All specifications hold LongDescription: 1 specifications checked. All of them hold]
2014-10-18_15-37-42-774 ### 45/52 ### Starting test for Input:svcomp/ssh-simplified/s3_srvr_6_false-unreach-call.cil.c Settings:settings/TACASInterpolation2015/Kojak-FP.epf Toolchain:toolchains/CodeCheckWithBE-C.xml
2014-10-18_15-37-43-096 Finishing test with SUCCESS for Input:svcomp/ssh-simplified/s3_srvr_6_false-unreach-call.cil.c Settings:settings/TACASInterpolation2015/Kojak-FP.epf Toolchain:toolchains/CodeCheckWithBE-C.xml: UNSAFE(Expected:UNSAFE): ExpectedResult: UNSAFE UltimateResult: UNSAFE   unknown kind of specification may be violated 
2014-10-18_15-37-43-096 ### 46/52 ### Starting test for Input:svcomp/ssh-simplified/s3_srvr_6_false-unreach-call.cil.c Settings:settings/TACASInterpolation2015/Kojak-TreeInterpolation.epf Toolchain:toolchains/CodeCheckWithBE-C.xml
2014-10-18_15-37-43-333 Finishing test with SUCCESS for Input:svcomp/ssh-simplified/s3_srvr_6_false-unreach-call.cil.c Settings:settings/TACASInterpolation2015/Kojak-TreeInterpolation.epf Toolchain:toolchains/CodeCheckWithBE-C.xml: UNSAFE(Expected:UNSAFE): ExpectedResult: UNSAFE UltimateResult: UNSAFE   unknown kind of specification may be violated 
2014-10-18_15-37-43-333 ### 47/52 ### Starting test for Input:svcomp/ssh-simplified/s3_srvr_6_true-unreach-call.cil.c Settings:settings/TACASInterpolation2015/Kojak-FP.epf Toolchain:toolchains/CodeCheckWithBE-C.xml
2014-10-18_15-42-46-394 Finishing test with UNKNOWN for Input:svcomp/ssh-simplified/s3_srvr_6_true-unreach-call.cil.c Settings:settings/TACASInterpolation2015/Kojak-FP.epf Toolchain:toolchains/CodeCheckWithBE-C.xml: TIMEOUT(Expected:SAFE): ExpectedResult: SAFE UltimateResult: TIMEOUT   [ShortDescription: Timeout LongDescription: Unable to prove that unknown kind of specification holds (line 934)]
2014-10-18_15-42-46-395 ### 48/52 ### Starting test for Input:svcomp/ssh-simplified/s3_srvr_6_true-unreach-call.cil.c Settings:settings/TACASInterpolation2015/Kojak-TreeInterpolation.epf Toolchain:toolchains/CodeCheckWithBE-C.xml
2014-10-18_15-47-52-482 Finishing test with UNKNOWN for Input:svcomp/ssh-simplified/s3_srvr_6_true-unreach-call.cil.c Settings:settings/TACASInterpolation2015/Kojak-TreeInterpolation.epf Toolchain:toolchains/CodeCheckWithBE-C.xml: TIMEOUT(Expected:SAFE): ExpectedResult: SAFE UltimateResult: TIMEOUT   [ShortDescription: Timeout LongDescription: Unable to prove that unknown kind of specification holds (line 934)]
2014-10-18_15-47-52-482 ### 49/52 ### Starting test for Input:svcomp/ssh-simplified/s3_srvr_7_true-unreach-call.cil.c Settings:settings/TACASInterpolation2015/Kojak-FP.epf Toolchain:toolchains/CodeCheckWithBE-C.xml
2014-10-18_15-50-41-366 Finishing test with SUCCESS for Input:svcomp/ssh-simplified/s3_srvr_7_true-unreach-call.cil.c Settings:settings/TACASInterpolation2015/Kojak-FP.epf Toolchain:toolchains/CodeCheckWithBE-C.xml: SAFE(Expected:SAFE): ExpectedResult: SAFE UltimateResult: SAFE   [ShortDescription: All specifications hold LongDescription: 1 specifications checked. All of them hold]
2014-10-18_15-50-41-367 ### 50/52 ### Starting test for Input:svcomp/ssh-simplified/s3_srvr_7_true-unreach-call.cil.c Settings:settings/TACASInterpolation2015/Kojak-TreeInterpolation.epf Toolchain:toolchains/CodeCheckWithBE-C.xml
2014-10-18_15-53-38-051 Finishing test with SUCCESS for Input:svcomp/ssh-simplified/s3_srvr_7_true-unreach-call.cil.c Settings:settings/TACASInterpolation2015/Kojak-TreeInterpolation.epf Toolchain:toolchains/CodeCheckWithBE-C.xml: SAFE(Expected:SAFE): ExpectedResult: SAFE UltimateResult: SAFE   [ShortDescription: All specifications hold LongDescription: 1 specifications checked. All of them hold]
2014-10-18_15-53-38-052 ### 51/52 ### Starting test for Input:svcomp/ssh-simplified/s3_srvr_8_true-unreach-call.cil.c Settings:settings/TACASInterpolation2015/Kojak-FP.epf Toolchain:toolchains/CodeCheckWithBE-C.xml
2014-10-18_15-53-55-973 Finishing test with SUCCESS for Input:svcomp/ssh-simplified/s3_srvr_8_true-unreach-call.cil.c Settings:settings/TACASInterpolation2015/Kojak-FP.epf Toolchain:toolchains/CodeCheckWithBE-C.xml: SAFE(Expected:SAFE): ExpectedResult: SAFE UltimateResult: SAFE   [ShortDescription: All specifications hold LongDescription: 1 specifications checked. All of them hold]
2014-10-18_15-53-55-990 ### 52/52 ### Starting test for Input:svcomp/ssh-simplified/s3_srvr_8_true-unreach-call.cil.c Settings:settings/TACASInterpolation2015/Kojak-TreeInterpolation.epf Toolchain:toolchains/CodeCheckWithBE-C.xml
2014-10-18_15-54-41-290 Finishing test with SUCCESS for Input:svcomp/ssh-simplified/s3_srvr_8_true-unreach-call.cil.c Settings:settings/TACASInterpolation2015/Kojak-TreeInterpolation.epf Toolchain:toolchains/CodeCheckWithBE-C.xml: SAFE(Expected:SAFE): ExpectedResult: SAFE UltimateResult: SAFE   [ShortDescription: All specifications hold LongDescription: 1 specifications checked. All of them hold]
