################################# CSV #######################
,Folder,File,Settings,Toolchain,Message,Runtime (ns),Allocated memory end (bytes),Overall iterations,NumberOfCodeBlocks,SizeOfPredicatesFP,SizeOfPredicatesBP,Conjuncts in SSA,Conjuncts in UnsatCore,ICC %
,ssh-simplified,s3_clnt_4_false-unreach-call.cil.c,Impulse-TreeInterpolation.epf,ImpulseWithBE-C.xml,ExpectedResult: UNSAFE UltimateResult: SAFE   [ShortDescription: All specifications hold LongDescription: 1 specifications checked. All of them hold],1959797347.0,2184183808,17,0,-1,-1,-1,-1,0.6097560975609756
,ssh-simplified,s3_clnt_2_false-unreach-call_true-termination.cil.c,Impulse-TreeInterpolation.epf,ImpulseWithBE-C.xml,ExpectedResult: UNSAFE UltimateResult: SAFE   [ShortDescription: All specifications hold LongDescription: 1 specifications checked. All of them hold],2257463077.0,2.11550208E+9,19,0,-1,-1,-1,-1,0.4367816091954023
,ssh-simplified,s3_srvr_1_false-unreach-call.cil.c,Impulse-TreeInterpolation.epf,ImpulseWithBE-C.xml,ExpectedResult: UNSAFE UltimateResult: UNSAFE   unknown kind of specification may be violated ,3173797834.0,1595408384,19,0,-1,-1,-1,-1,0.4782608695652174
,ssh-simplified,s3_clnt_4_true-unreach-call.cil.c,Impulse-TreeInterpolation.epf,ImpulseWithBE-C.xml,ExpectedResult: SAFE UltimateResult: SAFE   [ShortDescription: All specifications hold LongDescription: 1 specifications checked. All of them hold],2836915065.0,2190999552,30,0,-1,-1,-1,-1,0.8189300411522634
,ssh-simplified,s3_srvr_2_true-unreach-call.cil.c,Impulse-FP.epf,ImpulseWithBE-C.xml,ExpectedResult: SAFE UltimateResult: SAFE   [ShortDescription: All specifications hold LongDescription: 1 specifications checked. All of them hold],22662613707.0,1444937728,83,0,3191,0,16267,308,0.7352941176470589
,ssh-simplified,s3_srvr_4_true-unreach-call.cil.c,Impulse-FP.epf,ImpulseWithBE-C.xml,ExpectedResult: SAFE UltimateResult: SAFE   [ShortDescription: All specifications hold LongDescription: 1 specifications checked. All of them hold],24625472658.0,2.30948864E+9,118,0,5860,0,25542,379,0.802275960170697
,ssh-simplified,s3_srvr_6_true-unreach-call.cil.c,Impulse-FP.epf,ImpulseWithBE-C.xml,ExpectedResult: SAFE UltimateResult: SAFE   [ShortDescription: All specifications hold LongDescription: 1 specifications checked. All of them hold],2226978045.0,2289565696,20,0,354,0,2580,65,0.9111111111111111
,ssh-simplified,s3_clnt_1_false-unreach-call.cil.c,Impulse-FP.epf,ImpulseWithBE-C.xml,ExpectedResult: UNSAFE UltimateResult: SAFE   [ShortDescription: All specifications hold LongDescription: 1 specifications checked. All of them hold],7266554609,5.1642368E+8,61,0,2781,0,8391,206,0.6277372262773723
,ssh-simplified,s3_srvr_11_false-unreach-call.cil.c,Impulse-FP.epf,ImpulseWithBE-C.xml,ExpectedResult: UNSAFE UltimateResult: SAFE   [ShortDescription: All specifications hold LongDescription: 1 specifications checked. All of them hold],23329079631.0,2190999552,64,0,1436,0,8091,219,0.9119496855345912
,ssh-simplified,s3_clnt_1_true-unreach-call.cil.c,Impulse-TreeInterpolation.epf,ImpulseWithBE-C.xml,ExpectedResult: SAFE UltimateResult: TIMEOUT   [ShortDescription: Timeout LongDescription: Unable to prove that unknown kind of specification holds (line 750)],300096280249.0,2198863872,281,0,-1,-1,-1,-1,0.9436681864980144
,ssh-simplified,s3_clnt_3_true-unreach-call.cil.c,Impulse-FP.epf,ImpulseWithBE-C.xml,ExpectedResult: SAFE UltimateResult: SAFE   [ShortDescription: All specifications hold LongDescription: 1 specifications checked. All of them hold],6959761423.0,2182610944,63,0,2876,0,10823,248,0.572463768115942
,ssh-simplified,s3_srvr_10_false-unreach-call.cil.c,Impulse-FP.epf,ImpulseWithBE-C.xml,ExpectedResult: UNSAFE UltimateResult: UNSAFE   unknown kind of specification may be violated ,704321807.0,2190999552,4,0,32,0,285,6,1.0
,ssh-simplified,s3_srvr_13_false-unreach-call.cil.c,Impulse-FP.epf,ImpulseWithBE-C.xml,ExpectedResult: UNSAFE UltimateResult: TIMEOUT   [ShortDescription: Timeout LongDescription: Unable to prove that unknown kind of specification holds (line 877)],300143125941.0,1553989632,170,0,14699,0,31329,485,0.98707453683757
,ssh-simplified,s3_srvr_7_true-unreach-call.cil.c,Impulse-TreeInterpolation.epf,ImpulseWithBE-C.xml,ExpectedResult: SAFE UltimateResult: TIMEOUT   [ShortDescription: Timeout LongDescription: Unable to prove that unknown kind of specification holds (line 865)],300825903616.0,1.04333312E+9,275,0,-1,-1,-1,-1,0.9998521977064115
,ssh-simplified,s3_srvr_1b_true-unreach-call_false-termination.cil.c,Impulse-FP.epf,ImpulseWithBE-C.xml,ExpectedResult: SAFE UltimateResult: TIMEOUT   [ShortDescription: Timeout LongDescription: Unable to prove that unknown kind of specification holds (line 139)],300276365815.0,1594359808,175,0,168748,0,33060,9439,0.6806993365414733
,ssh-simplified,s3_srvr_7_true-unreach-call.cil.c,Impulse-FP.epf,ImpulseWithBE-C.xml,ExpectedResult: SAFE UltimateResult: TIMEOUT   [ShortDescription: Timeout LongDescription: Unable to prove that unknown kind of specification holds (line 865)],300094836084.0,1236271104,458,0,161767,0,242392,3953,0.7805281013164316
,ssh-simplified,s3_clnt_2_true-unreach-call_true-termination.cil.c,Impulse-FP.epf,ImpulseWithBE-C.xml,ExpectedResult: SAFE UltimateResult: SAFE   [ShortDescription: All specifications hold LongDescription: 1 specifications checked. All of them hold],5869539478,2.19676672E+9,40,0,1189,0,4975,143,0.5612903225806452
,ssh-simplified,s3_srvr_1b_true-unreach-call_false-termination.cil.c,Impulse-TreeInterpolation.epf,ImpulseWithBE-C.xml,ExpectedResult: SAFE UltimateResult: TIMEOUT   [ShortDescription: Timeout LongDescription: Unable to prove that unknown kind of specification holds (line 139)],301042904727.0,2428502016,161,0,-1,-1,-1,-1,0.5783897808508145
,ssh-simplified,s3_srvr_8_true-unreach-call.cil.c,Impulse-TreeInterpolation.epf,ImpulseWithBE-C.xml,ExpectedResult: SAFE UltimateResult: TIMEOUT   [ShortDescription: Timeout LongDescription: Unable to prove that unknown kind of specification holds (line 875)],300289515741.0,672137216,131,0,-1,-1,-1,-1,0.964752590297279
,ssh-simplified,s3_srvr_14_false-unreach-call.cil.c,Impulse-TreeInterpolation.epf,ImpulseWithBE-C.xml,ExpectedResult: UNSAFE UltimateResult: TIMEOUT   [ShortDescription: Timeout LongDescription: Unable to prove that unknown kind of specification holds (line 884)],300749117172.0,1946157056,578,0,-1,-1,-1,-1,0.9621051248656222
,ssh-simplified,s3_srvr_1_true-unreach-call.cil.c,Impulse-TreeInterpolation.epf,ImpulseWithBE-C.xml,ExpectedResult: SAFE UltimateResult: TIMEOUT   [ShortDescription: Timeout LongDescription: Unable to prove that unknown kind of specification holds (line 857)],304316652388.0,2195718144,169,0,-1,-1,-1,-1,0.8588957055214724
,ssh-simplified,s3_srvr_3_true-unreach-call.cil.c,Impulse-FP.epf,ImpulseWithBE-C.xml,ExpectedResult: SAFE UltimateResult: SAFE   [ShortDescription: All specifications hold LongDescription: 1 specifications checked. All of them hold],46144334643.0,2075131904,78,0,3715,0,15387,244,0.7439418416801292
,ssh-simplified,s3_srvr_6_false-unreach-call.cil.c,Impulse-FP.epf,ImpulseWithBE-C.xml,ExpectedResult: UNSAFE UltimateResult: UNSAFE   unknown kind of specification may be violated ,390445753.0,2289565696,-,-,-,-,-,-,-
,ssh-simplified,s3_srvr_2_false-unreach-call.cil.c,Impulse-FP.epf,ImpulseWithBE-C.xml,ExpectedResult: UNSAFE UltimateResult: UNSAFE   unknown kind of specification may be violated ,2533430114.0,2.43007488E+9,23,0,478,0,2990,61,0.6129032258064516
,ssh-simplified,s3_srvr_12_false-unreach-call.cil.c,Impulse-TreeInterpolation.epf,ImpulseWithBE-C.xml,ExpectedResult: UNSAFE UltimateResult: TIMEOUT   [ShortDescription: Timeout LongDescription: Unable to prove that unknown kind of specification holds (line 953)],301637236984.0,1692925952,349,0,-1,-1,-1,-1,0.9971783844791687
,ssh-simplified,s3_clnt_3_false-unreach-call.cil.c,Impulse-FP.epf,ImpulseWithBE-C.xml,ExpectedResult: UNSAFE UltimateResult: SAFE   [ShortDescription: All specifications hold LongDescription: 1 specifications checked. All of them hold],5976666961.0,2037907456,33,0,834,0,4077,110,0.6555023923444976
,ssh-simplified,s3_srvr_3_true-unreach-call.cil.c,Impulse-TreeInterpolation.epf,ImpulseWithBE-C.xml,ExpectedResult: SAFE UltimateResult: SAFE   [ShortDescription: All specifications hold LongDescription: 1 specifications checked. All of them hold],11770183738.0,2300051456,42,0,-1,-1,-1,-1,0.7116279069767442
,ssh-simplified,s3_clnt_3.cil_true-unreach-call_true-termination.c,Impulse-TreeInterpolation.epf,ImpulseWithBE-C.xml,ExpectedResult: SAFE UltimateResult: TIMEOUT   [ShortDescription: Timeout LongDescription: Unable to prove that unknown kind of specification holds (line 599)],300475836809.0,2222456832,172,0,-1,-1,-1,-1,0.9511233740638549
,ssh-simplified,s3_clnt_2_true-unreach-call_true-termination.cil.c,Impulse-TreeInterpolation.epf,ImpulseWithBE-C.xml,ExpectedResult: SAFE UltimateResult: SAFE   [ShortDescription: All specifications hold LongDescription: 1 specifications checked. All of them hold],14941090827.0,2222456832,50,0,-1,-1,-1,-1,0.8719346049046321
,ssh-simplified,s3_clnt_3_true-unreach-call.cil.c,Impulse-TreeInterpolation.epf,ImpulseWithBE-C.xml,ExpectedResult: SAFE UltimateResult: SAFE   [ShortDescription: All specifications hold LongDescription: 1 specifications checked. All of them hold],5651179331.0,2182610944,41,0,-1,-1,-1,-1,0.6579925650557621
,ssh-simplified,s3_srvr_1a_true-unreach-call.cil.c,Impulse-TreeInterpolation.epf,ImpulseWithBE-C.xml,ExpectedResult: SAFE UltimateResult: SAFE   [ShortDescription: All specifications hold LongDescription: 1 specifications checked. All of them hold],4113608715.0,1452802048,25,0,-1,-1,-1,-1,0.38193548387096776
,ssh-simplified,s3_srvr_11_false-unreach-call.cil.c,Impulse-TreeInterpolation.epf,ImpulseWithBE-C.xml,ExpectedResult: UNSAFE UltimateResult: SAFE   [ShortDescription: All specifications hold LongDescription: 1 specifications checked. All of them hold],6003858553,2130706432,52,0,-1,-1,-1,-1,0.8435251798561151
,ssh-simplified,s3_srvr_8_true-unreach-call.cil.c,Impulse-FP.epf,ImpulseWithBE-C.xml,ExpectedResult: SAFE UltimateResult: TIMEOUT   [ShortDescription: Timeout LongDescription: Unable to prove that unknown kind of specification holds (line 875)],300467059826.0,945291264,537,0,81791,0,273548,2754,0.8563644732032868
,ssh-simplified,s3_srvr_14_false-unreach-call.cil.c,Impulse-FP.epf,ImpulseWithBE-C.xml,ExpectedResult: UNSAFE UltimateResult: SAFE   [ShortDescription: All specifications hold LongDescription: 1 specifications checked. All of them hold],15319114472.0,1946157056,46,0,1040,0,5557,102,0.9381443298969072
,ssh-simplified,s3_srvr_1_true-unreach-call.cil.c,Impulse-FP.epf,ImpulseWithBE-C.xml,ExpectedResult: SAFE UltimateResult: SAFE   [ShortDescription: All specifications hold LongDescription: 1 specifications checked. All of them hold],48453916543.0,1986002944,67,0,2829,0,13163,252,0.3094245204336947
,ssh-simplified,s3_clnt_1_true-unreach-call.cil.c,Impulse-FP.epf,ImpulseWithBE-C.xml,ExpectedResult: SAFE UltimateResult: TIMEOUT   [ShortDescription: Timeout LongDescription: Timout or Toolchain cancelled by user],300006079135.0,1.75374336E+9,-,-,-,-,-,-,-
,ssh-simplified,s3_srvr_13_false-unreach-call.cil.c,Impulse-TreeInterpolation.epf,ImpulseWithBE-C.xml,ExpectedResult: UNSAFE UltimateResult: TIMEOUT   [ShortDescription: Timeout LongDescription: Unable to prove that unknown kind of specification holds (line 877)],300679244845,1.65675008E+9,246,0,-1,-1,-1,-1,0.9309649294033444
,ssh-simplified,s3_clnt_4_false-unreach-call.cil.c,Impulse-FP.epf,ImpulseWithBE-C.xml,ExpectedResult: UNSAFE UltimateResult: SAFE   [ShortDescription: All specifications hold LongDescription: 1 specifications checked. All of them hold],4325680831.0,2184183808,42,0,1382,0,5481,151,0.630272952853598
,ssh-simplified,s3_clnt_2_false-unreach-call_true-termination.cil.c,Impulse-FP.epf,ImpulseWithBE-C.xml,ExpectedResult: UNSAFE UltimateResult: SAFE   [ShortDescription: All specifications hold LongDescription: 1 specifications checked. All of them hold],6547672221,2.11550208E+9,42,0,1304,0,6014,143,0.7071583514099783
,ssh-simplified,s3_srvr_2_true-unreach-call.cil.c,Impulse-TreeInterpolation.epf,ImpulseWithBE-C.xml,ExpectedResult: SAFE UltimateResult: SAFE   [ShortDescription: All specifications hold LongDescription: 1 specifications checked. All of them hold],12566478960.0,1552941056,53,0,-1,-1,-1,-1,0.7529880478087649
,ssh-simplified,s3_srvr_4_true-unreach-call.cil.c,Impulse-TreeInterpolation.epf,ImpulseWithBE-C.xml,ExpectedResult: SAFE UltimateResult: SAFE   [ShortDescription: All specifications hold LongDescription: 1 specifications checked. All of them hold],14921989758.0,2.30948864E+9,45,0,-1,-1,-1,-1,0.7230769230769231
,ssh-simplified,s3_clnt_1_false-unreach-call.cil.c,Impulse-TreeInterpolation.epf,ImpulseWithBE-C.xml,ExpectedResult: UNSAFE UltimateResult: TIMEOUT   [ShortDescription: Timeout LongDescription: Unable to prove that unknown kind of specification holds (line 751)],303216413062,1564475392,208,0,-1,-1,-1,-1,0.9628779181017987
,ssh-simplified,s3_srvr_10_false-unreach-call.cil.c,Impulse-TreeInterpolation.epf,ImpulseWithBE-C.xml,ExpectedResult: UNSAFE UltimateResult: UNSAFE   unknown kind of specification may be violated ,496420681.0,2190999552,3,0,-1,-1,-1,-1,1.0
,ssh-simplified,s3_srvr_1_false-unreach-call.cil.c,Impulse-FP.epf,ImpulseWithBE-C.xml,ExpectedResult: UNSAFE UltimateResult: UNSAFE   unknown kind of specification may be violated ,3597012897.0,1432354816,23,0,487,0,2868,60,0.47761194029850745
,ssh-simplified,s3_srvr_6_true-unreach-call.cil.c,Impulse-TreeInterpolation.epf,ImpulseWithBE-C.xml,ExpectedResult: SAFE UltimateResult: SAFE   [ShortDescription: All specifications hold LongDescription: 1 specifications checked. All of them hold],196451544116.0,2289565696,124,0,-1,-1,-1,-1,0.9266698935140368
,ssh-simplified,s3_clnt_4_true-unreach-call.cil.c,Impulse-FP.epf,ImpulseWithBE-C.xml,ExpectedResult: SAFE UltimateResult: SAFE   [ShortDescription: All specifications hold LongDescription: 1 specifications checked. All of them hold],4632824192.0,2184183808,40,0,1190,0,4965,143,0.5612903225806452
,ssh-simplified,s3_srvr_2_false-unreach-call.cil.c,Impulse-TreeInterpolation.epf,ImpulseWithBE-C.xml,ExpectedResult: UNSAFE UltimateResult: TIMEOUT   [ShortDescription: Timeout LongDescription: Unable to prove that unknown kind of specification holds (line 840)],304068052932.0,2.43007488E+9,124,0,-1,-1,-1,-1,0.9982362163574602
,ssh-simplified,s3_srvr_12_false-unreach-call.cil.c,Impulse-FP.epf,ImpulseWithBE-C.xml,ExpectedResult: UNSAFE UltimateResult: TIMEOUT   [ShortDescription: Timeout LongDescription: Unable to prove that unknown kind of specification holds (line 953)],302603410208.0,2109210624,165,0,9016,0,33091,408,0.9934410869055985
,ssh-simplified,s3_srvr_1a_true-unreach-call.cil.c,Impulse-FP.epf,ImpulseWithBE-C.xml,ExpectedResult: SAFE UltimateResult: SAFE   [ShortDescription: All specifications hold LongDescription: 1 specifications checked. All of them hold],2805987790.0,1310195712,22,0,2545,0,851,136,0.20411392405063292
,ssh-simplified,s3_clnt_3_false-unreach-call.cil.c,Impulse-TreeInterpolation.epf,ImpulseWithBE-C.xml,ExpectedResult: UNSAFE UltimateResult: SAFE   [ShortDescription: All specifications hold LongDescription: 1 specifications checked. All of them hold],2580552924.0,2182610944,22,0,-1,-1,-1,-1,0.32592592592592595
,ssh-simplified,s3_srvr_6_false-unreach-call.cil.c,Impulse-TreeInterpolation.epf,ImpulseWithBE-C.xml,ExpectedResult: UNSAFE UltimateResult: UNSAFE   unknown kind of specification may be violated ,408139786.0,2289565696,-,-,-,-,-,-,-
,ssh-simplified,s3_clnt_3.cil_true-unreach-call_true-termination.c,Impulse-FP.epf,ImpulseWithBE-C.xml,ExpectedResult: SAFE UltimateResult: SAFE   [ShortDescription: All specifications hold LongDescription: 1 specifications checked. All of them hold],4667246566.0,2222456832,52,0,2204,0,5514,174,0.7671232876712328


################################# Summary #######################
Safe: 18
Unsafe: 7
Timeout: 17
Error: 10
Expected Safe: 28
Expected Unsafe: 24
Total: 52
CSV conversion gone wrong: 0

################################# Latex #######################
\newcommand{\headcolor}{}
\newcommand{\header}[1]{\parbox{2.8em}{\centering #1}\headcolor}
\newcommand{\folder}[1]{\parbox{5em}{#1}}
\begin{table}
\centering
\resizebox{\linewidth}{!}{%
\begin{tabu} to \linewidth {lcllcrrrr}
\toprule
  \header{}& 
  \header{\#}&
  \header{Result}&
  \header{Variant}& 
  \header{Count}&
  \header{Avg. runtime}&
  \header{Mem{-}ory}&
  \header{Iter{-}ations}&
  \header{ICC}\\
  \cmidrule(r){2-9}
\multirow{8}{*}{\folder{ssh-simplified}} &
\multirow{2}{*}{12} &
\multirow{2}{*}{\folder{Unsafe}} 
 & Impulse-TreeInterpolation.epf & 3 & 1.36 s & 1931.50 MB & - & -\\
 &  &  & Impulse-FP.epf & 4 & 1.81 s & 1989.13 MB & 12 & 52.26\%\\
  \cmidrule[0.01em](l){2-9}
& \multirow{2}{*}{14} &
\multirow{2}{*}{\folder{Safe}} 
 & Impulse-TreeInterpolation.epf & 8 & 32.91 s & 1967.06 MB & 51 & 73.06\%\\
 &  &  & Impulse-FP.epf & 10 & 16.90 s & 1926.55 MB & 58 & 61.68\%\\
  \cmidrule[0.01em](l){2-9}
& \multirow{2}{*}{26} &
\multirow{2}{*}{\folder{Completed}} 
 & Impulse-TreeInterpolation.epf & 11 & 24.30 s & 1957.36 MB & - & -\\
 &  &  & Impulse-FP.epf & 14 & 12.59 s & 1944.43 MB & 45 & 58.99\%\\
  \cmidrule[0.01em](l){2-9}
& & \multirow{2}{*}{\folder{Timeout}} 
 & Impulse-TreeInterpolation.epf & 11 & 301.58 s & 1738.41 MB & 244 & 92.26\%\\
 &  &  & Impulse-FP.epf & 6 & 300.60 s & 1461.17 MB & 250 & 71.64\%\\
\bottomrule
& & & & & & & & \\
\end{tabu}}
\caption{Results for ImpulseWithBE-C.xml.}
\end{table}