################################# CSV #######################
,Folder,File,Settings,Toolchain,Message,Runtime (ns),Allocated memory end (bytes),Overall iterations,NumberOfCodeBlocks,SizeOfPredicatesFP,SizeOfPredicatesBP,Conjuncts in SSA,Conjuncts in UnsatCore,ICC %
,systemc,toy2_false-unreach-call_false-termination.cil.c,Impulse-TreeInterpolation.epf,ImpulseWithBE-C.xml,ExpectedResult: UNSAFE UltimateResult: TIMEOUT   [ShortDescription: Timeout LongDescription: Unable to prove that unknown kind of specification holds (line 13)],308919496281.0,2027421696,363,0,-1,-1,-1,-1,1.0
,systemc,token_ring.01_true-unreach-call_false-termination.cil.c,Impulse-FP.epf,ImpulseWithBE-C.xml,ExpectedResult: SAFE UltimateResult: SAFE   [ShortDescription: All specifications hold LongDescription: 1 specifications checked. All of them hold],95667146.0,2.14171648E+9,2,0,105,0,218,6,1.0
,systemc,pipeline_true-unreach-call_false-termination.cil.c,Impulse-FP.epf,ImpulseWithBE-C.xml,ExpectedResult: SAFE UltimateResult: SAFE   [ShortDescription: All specifications hold LongDescription: 1 specifications checked. All of them hold],660448064.0,2.14171648E+9,2,0,19,0,507,1,1.0
,systemc,token_ring.14_false-unreach-call_false-termination.cil.c,Impulse-FP.epf,ImpulseWithBE-C.xml,ExpectedResult: UNSAFE UltimateResult: SAFE   [ShortDescription: All specifications hold LongDescription: 1 specifications checked. All of them hold],594901894.0,2097676288,2,0,159,0,1009,6,1.0
,systemc,transmitter.01_false-unreach-call_false-termination.cil.c,Impulse-TreeInterpolation.epf,ImpulseWithBE-C.xml,ExpectedResult: UNSAFE UltimateResult: SAFE   [ShortDescription: All specifications hold LongDescription: 1 specifications checked. All of them hold],156739243.0,1409286144,2,0,-1,-1,-1,-1,1.0
,systemc,pc_sfifo_1_true-unreach-call_false-termination.cil.c,Impulse-FP.epf,ImpulseWithBE-C.xml,ExpectedResult: SAFE UltimateResult: SAFE   [ShortDescription: All specifications hold LongDescription: 1 specifications checked. All of them hold],68604155.0,2141192192,2,0,79,0,250,8,1.0
,systemc,token_ring.12_false-unreach-call_false-termination.cil.c,Impulse-FP.epf,ImpulseWithBE-C.xml,ExpectedResult: UNSAFE UltimateResult: SAFE   [ShortDescription: All specifications hold LongDescription: 1 specifications checked. All of them hold],566674275.0,2104492032,2,0,183,0,1004,6,1.0
,systemc,pc_sfifo_2_true-unreach-call_false-termination.cil.c,Impulse-TreeInterpolation.epf,ImpulseWithBE-C.xml,ExpectedResult: SAFE UltimateResult: SAFE   [ShortDescription: All specifications hold LongDescription: 1 specifications checked. All of them hold],121131409.0,2141192192,2,0,-1,-1,-1,-1,1.0
,systemc,token_ring.11_false-unreach-call_false-termination.cil.c,Impulse-FP.epf,ImpulseWithBE-C.xml,ExpectedResult: UNSAFE UltimateResult: SAFE   [ShortDescription: All specifications hold LongDescription: 1 specifications checked. All of them hold],540874627.0,2104492032,2,0,153,0,930,6,1.0
,systemc,token_ring.04_false-unreach-call_false-termination.cil.c,Impulse-TreeInterpolation.epf,ImpulseWithBE-C.xml,ExpectedResult: UNSAFE UltimateResult: SAFE   [ShortDescription: All specifications hold LongDescription: 1 specifications checked. All of them hold],287493788.0,2.14171648E+9,2,0,-1,-1,-1,-1,1.0
,systemc,token_ring.11_true-unreach-call_false-termination.cil.c,Impulse-FP.epf,ImpulseWithBE-C.xml,ExpectedResult: SAFE UltimateResult: SAFE   [ShortDescription: All specifications hold LongDescription: 1 specifications checked. All of them hold],530559898.0,2104492032,2,0,153,0,936,6,1.0
,systemc,token_ring.07_false-unreach-call_false-termination.cil.c,Impulse-TreeInterpolation.epf,ImpulseWithBE-C.xml,ExpectedResult: UNSAFE UltimateResult: SAFE   [ShortDescription: All specifications hold LongDescription: 1 specifications checked. All of them hold],312140280.0,2149056512,2,0,-1,-1,-1,-1,1.0
,systemc,mem_slave_tlm.3_true-unreach-call_false-termination.cil.c,Impulse-FP.epf,ImpulseWithBE-C.xml,ExpectedResult: SAFE UltimateResult: TIMEOUT   [ShortDescription: Timeout LongDescription: Unable to prove that unknown kind of specification holds (line 10)],319952550562.0,1859649536,162,0,16023,0,89353,1031,1.0
,systemc,pc_sfifo_2_false-unreach-call_false-termination.cil.c,Impulse-FP.epf,ImpulseWithBE-C.xml,ExpectedResult: UNSAFE UltimateResult: SAFE   [ShortDescription: All specifications hold LongDescription: 1 specifications checked. All of them hold],73088790.0,2141192192,2,0,96,0,260,4,1.0
,systemc,token_ring.05_true-unreach-call_false-termination.cil.c,Impulse-TreeInterpolation.epf,ImpulseWithBE-C.xml,ExpectedResult: SAFE UltimateResult: SAFE   [ShortDescription: All specifications hold LongDescription: 1 specifications checked. All of them hold],256441835.0,2149056512,2,0,-1,-1,-1,-1,1.0
,systemc,kundu2_false-unreach-call_false-termination.cil.c,Impulse-TreeInterpolation.epf,ImpulseWithBE-C.xml,ExpectedResult: UNSAFE UltimateResult: SAFE   [ShortDescription: All specifications hold LongDescription: 1 specifications checked. All of them hold],265163577.0,218103808,2,0,-1,-1,-1,-1,1.0
,systemc,token_ring.06_false-unreach-call_false-termination.cil.c,Impulse-TreeInterpolation.epf,ImpulseWithBE-C.xml,ExpectedResult: UNSAFE UltimateResult: SAFE   [ShortDescription: All specifications hold LongDescription: 1 specifications checked. All of them hold],221803927.0,2149056512,2,0,-1,-1,-1,-1,1.0
,systemc,mem_slave_tlm.2_true-unreach-call_false-termination.cil.c,Impulse-TreeInterpolation.epf,ImpulseWithBE-C.xml,ExpectedResult: SAFE UltimateResult: TIMEOUT   [ShortDescription: Timeout LongDescription: Unable to prove that unknown kind of specification holds (line 10)],300828512106.0,1.73277184E+9,306,0,-1,-1,-1,-1,1.0
,systemc,token_ring.13_false-unreach-call_false-termination.cil.c,Impulse-FP.epf,ImpulseWithBE-C.xml,ExpectedResult: UNSAFE UltimateResult: SAFE   [ShortDescription: All specifications hold LongDescription: 1 specifications checked. All of them hold],450073084.0,2097676288,2,0,165,0,1081,6,1.0
,systemc,token_ring.08_true-unreach-call_false-termination.cil.c,Impulse-FP.epf,ImpulseWithBE-C.xml,ExpectedResult: SAFE UltimateResult: SAFE   [ShortDescription: All specifications hold LongDescription: 1 specifications checked. All of them hold],455622430.0,2.0054016E+9,2,0,147,0,718,6,1.0
,systemc,token_ring.13_true-unreach-call_false-termination.cil.c,Impulse-FP.epf,ImpulseWithBE-C.xml,ExpectedResult: SAFE UltimateResult: SAFE   [ShortDescription: All specifications hold LongDescription: 1 specifications checked. All of them hold],578615497.0,2097676288,2,0,177,0,1072,6,1.0
,systemc,mem_slave_tlm.1_true-unreach-call_false-termination.cil.c,Impulse-FP.epf,ImpulseWithBE-C.xml,ExpectedResult: SAFE UltimateResult: TIMEOUT   [ShortDescription: Timeout LongDescription: Unable to prove that unknown kind of specification holds (line 10)],312738402158.0,952107008,205,0,25039,0,113542,1293,1.0
,systemc,token_ring.03_true-unreach-call_false-termination.cil.c,Impulse-TreeInterpolation.epf,ImpulseWithBE-C.xml,ExpectedResult: SAFE UltimateResult: SAFE   [ShortDescription: All specifications hold LongDescription: 1 specifications checked. All of them hold],285245434.0,2.14171648E+9,2,0,-1,-1,-1,-1,1.0
,systemc,mem_slave_tlm.4_true-unreach-call_false-termination.cil.c,Impulse-FP.epf,ImpulseWithBE-C.xml,ExpectedResult: SAFE UltimateResult: TIMEOUT   [ShortDescription: Timeout LongDescription: Unable to prove that unknown kind of specification holds (line 10)],304114911904.0,1999110144,165,0,17653,0,93817,1155,1.0
,systemc,kundu1_false-unreach-call_false-termination.cil.c,Impulse-FP.epf,ImpulseWithBE-C.xml,ExpectedResult: UNSAFE UltimateResult: SAFE   [ShortDescription: All specifications hold LongDescription: 1 specifications checked. All of them hold],363722973.0,160432128,2,0,104,0,229,2,1.0
,systemc,token_ring.10_false-unreach-call_false-termination.cil.c,Impulse-FP.epf,ImpulseWithBE-C.xml,ExpectedResult: UNSAFE UltimateResult: SAFE   [ShortDescription: All specifications hold LongDescription: 1 specifications checked. All of them hold],479646759.0,2.0054016E+9,2,0,147,0,870,6,1.0
,systemc,token_ring.09_false-unreach-call_false-termination.cil.c,Impulse-TreeInterpolation.epf,ImpulseWithBE-C.xml,ExpectedResult: UNSAFE UltimateResult: SAFE   [ShortDescription: All specifications hold LongDescription: 1 specifications checked. All of them hold],444421704.0,2.0054016E+9,2,0,-1,-1,-1,-1,1.0
,systemc,bist_cell_true-unreach-call_false-termination.cil.c,Impulse-TreeInterpolation.epf,ImpulseWithBE-C.xml,ExpectedResult: SAFE UltimateResult: SAFE   [ShortDescription: All specifications hold LongDescription: 1 specifications checked. All of them hold],643368345,1.4155776E+8,2,0,-1,-1,-1,-1,1.0
,systemc,pc_sfifo_2_true-unreach-call_false-termination.cil.c,Impulse-FP.epf,ImpulseWithBE-C.xml,ExpectedResult: SAFE UltimateResult: SAFE   [ShortDescription: All specifications hold LongDescription: 1 specifications checked. All of them hold],87888457.0,2141192192,2,0,100,0,286,4,1.0
,systemc,token_ring.05_true-unreach-call_false-termination.cil.c,Impulse-FP.epf,ImpulseWithBE-C.xml,ExpectedResult: SAFE UltimateResult: SAFE   [ShortDescription: All specifications hold LongDescription: 1 specifications checked. All of them hold],266839277.0,2149056512,2,0,177,0,502,6,1.0
,systemc,pc_sfifo_1_false-unreach-call_false-termination.cil.c,Impulse-TreeInterpolation.epf,ImpulseWithBE-C.xml,ExpectedResult: UNSAFE UltimateResult: UNSAFE   unknown kind of specification may be violated ,91255561.0,2141192192,-,-,-,-,-,-,-
,systemc,pipeline_true-unreach-call_false-termination.cil.c,Impulse-TreeInterpolation.epf,ImpulseWithBE-C.xml,ExpectedResult: SAFE UltimateResult: SAFE   [ShortDescription: All specifications hold LongDescription: 1 specifications checked. All of them hold],530497107.0,2.14171648E+9,2,0,-1,-1,-1,-1,0.5
,systemc,token_ring.10_true-unreach-call_false-termination.cil.c,Impulse-TreeInterpolation.epf,ImpulseWithBE-C.xml,ExpectedResult: SAFE UltimateResult: SAFE   [ShortDescription: All specifications hold LongDescription: 1 specifications checked. All of them hold],487799769.0,2104492032,2,0,-1,-1,-1,-1,1.0
,systemc,token_ring.08_false-unreach-call_false-termination.cil.c,Impulse-TreeInterpolation.epf,ImpulseWithBE-C.xml,ExpectedResult: UNSAFE UltimateResult: SAFE   [ShortDescription: All specifications hold LongDescription: 1 specifications checked. All of them hold],1110217465.0,2149056512,2,0,-1,-1,-1,-1,1.0
,systemc,mem_slave_tlm.5_true-unreach-call_false-termination.cil.c,Impulse-FP.epf,ImpulseWithBE-C.xml,ExpectedResult: SAFE UltimateResult: TIMEOUT   [ShortDescription: Timeout LongDescription: Unable to prove that unknown kind of specification holds (line 10)],301234844272.0,2095579136,156,0,16003,0,90981,987,1.0
,systemc,token_ring.02_false-unreach-call_false-termination.cil.c,Impulse-FP.epf,ImpulseWithBE-C.xml,ExpectedResult: UNSAFE UltimateResult: SAFE   [ShortDescription: All specifications hold LongDescription: 1 specifications checked. All of them hold],99571579.0,2.14171648E+9,2,0,159,0,292,10,1.0
,systemc,transmitter.03_false-unreach-call_false-termination.cil.c,Impulse-TreeInterpolation.epf,ImpulseWithBE-C.xml,ExpectedResult: UNSAFE UltimateResult: SAFE   [ShortDescription: All specifications hold LongDescription: 1 specifications checked. All of them hold],225917260.0,1409286144,2,0,-1,-1,-1,-1,1.0
,systemc,token_ring.12_true-unreach-call_false-termination.cil.c,Impulse-FP.epf,ImpulseWithBE-C.xml,ExpectedResult: SAFE UltimateResult: SAFE   [ShortDescription: All specifications hold LongDescription: 1 specifications checked. All of them hold],811245826.0,2104492032,2,0,171,0,1003,6,1.0
,systemc,transmitter.02_false-unreach-call_false-termination.cil.c,Impulse-TreeInterpolation.epf,ImpulseWithBE-C.xml,ExpectedResult: UNSAFE UltimateResult: SAFE   [ShortDescription: All specifications hold LongDescription: 1 specifications checked. All of them hold],193402730.0,1409286144,2,0,-1,-1,-1,-1,1.0
,systemc,token_ring.01_true-unreach-call_false-termination.cil.c,Impulse-TreeInterpolation.epf,ImpulseWithBE-C.xml,ExpectedResult: SAFE UltimateResult: SAFE   [ShortDescription: All specifications hold LongDescription: 1 specifications checked. All of them hold],82961274.0,2.14171648E+9,2,0,-1,-1,-1,-1,1.0
,systemc,kundu2_false-unreach-call_false-termination.cil.c,Impulse-FP.epf,ImpulseWithBE-C.xml,ExpectedResult: UNSAFE UltimateResult: SAFE   [ShortDescription: All specifications hold LongDescription: 1 specifications checked. All of them hold],216815159.0,160956416,2,0,122,0,284,6,1.0
,systemc,kundu1_false-unreach-call_false-termination.cil.c,Impulse-TreeInterpolation.epf,ImpulseWithBE-C.xml,ExpectedResult: UNSAFE UltimateResult: SAFE   [ShortDescription: All specifications hold LongDescription: 1 specifications checked. All of them hold],267420989.0,160432128,2,0,-1,-1,-1,-1,1.0
,systemc,mem_slave_tlm.1_true-unreach-call_false-termination.cil.c,Impulse-TreeInterpolation.epf,ImpulseWithBE-C.xml,ExpectedResult: SAFE UltimateResult: TIMEOUT   [ShortDescription: Timeout LongDescription: Unable to prove that unknown kind of specification holds (line 10)],300170060030.0,1344274432,350,0,-1,-1,-1,-1,1.0
,systemc,token_ring.10_false-unreach-call_false-termination.cil.c,Impulse-TreeInterpolation.epf,ImpulseWithBE-C.xml,ExpectedResult: UNSAFE UltimateResult: SAFE   [ShortDescription: All specifications hold LongDescription: 1 specifications checked. All of them hold],498328826.0,2.0054016E+9,2,0,-1,-1,-1,-1,1.0
,systemc,token_ring.03_true-unreach-call_false-termination.cil.c,Impulse-FP.epf,ImpulseWithBE-C.xml,ExpectedResult: SAFE UltimateResult: SAFE   [ShortDescription: All specifications hold LongDescription: 1 specifications checked. All of them hold],214827922.0,2.14171648E+9,2,0,105,0,362,6,1.0
,systemc,kundu_true-unreach-call_false-termination.cil.c,Impulse-TreeInterpolation.epf,ImpulseWithBE-C.xml,ExpectedResult: SAFE UltimateResult: SAFE   [ShortDescription: All specifications hold LongDescription: 1 specifications checked. All of them hold],246147938.0,221249536,2,0,-1,-1,-1,-1,1.0
,systemc,token_ring.09_false-unreach-call_false-termination.cil.c,Impulse-FP.epf,ImpulseWithBE-C.xml,ExpectedResult: UNSAFE UltimateResult: SAFE   [ShortDescription: All specifications hold LongDescription: 1 specifications checked. All of them hold],538881957.0,2.0054016E+9,2,0,141,0,795,6,1.0
,systemc,mem_slave_tlm.4_true-unreach-call_false-termination.cil.c,Impulse-TreeInterpolation.epf,ImpulseWithBE-C.xml,ExpectedResult: SAFE UltimateResult: TIMEOUT   [ShortDescription: Timeout LongDescription: Unable to prove that unknown kind of specification holds (line 10)],303359766616.0,2095579136,321,0,-1,-1,-1,-1,1.0
,systemc,token_ring.05_false-unreach-call_false-termination.cil.c,Impulse-TreeInterpolation.epf,ImpulseWithBE-C.xml,ExpectedResult: UNSAFE UltimateResult: SAFE   [ShortDescription: All specifications hold LongDescription: 1 specifications checked. All of them hold],326410763.0,2149056512,2,0,-1,-1,-1,-1,1.0
,systemc,pipeline_false-unreach-call_false-termination.cil.c,Impulse-TreeInterpolation.epf,ImpulseWithBE-C.xml,ExpectedResult: UNSAFE UltimateResult: SAFE   [ShortDescription: All specifications hold LongDescription: 1 specifications checked. All of them hold],736970069.0,2.14171648E+9,2,0,-1,-1,-1,-1,0.5
,systemc,token_ring.06_false-unreach-call_false-termination.cil.c,Impulse-FP.epf,ImpulseWithBE-C.xml,ExpectedResult: UNSAFE UltimateResult: SAFE   [ShortDescription: All specifications hold LongDescription: 1 specifications checked. All of them hold],350721870.0,2149056512,2,0,123,0,574,6,1.0
,systemc,token_ring.08_true-unreach-call_false-termination.cil.c,Impulse-TreeInterpolation.epf,ImpulseWithBE-C.xml,ExpectedResult: SAFE UltimateResult: SAFE   [ShortDescription: All specifications hold LongDescription: 1 specifications checked. All of them hold],348200922.0,2.0054016E+9,2,0,-1,-1,-1,-1,1.0
,systemc,mem_slave_tlm.2_true-unreach-call_false-termination.cil.c,Impulse-FP.epf,ImpulseWithBE-C.xml,ExpectedResult: SAFE UltimateResult: TIMEOUT   [ShortDescription: Timeout LongDescription: Unable to prove that unknown kind of specification holds (line 10)],304013425538,1484783616,150,0,15408,0,81077,1065,1.0
,systemc,token_ring.15_false-unreach-call_false-termination.cil.c,Impulse-FP.epf,ImpulseWithBE-C.xml,ExpectedResult: UNSAFE UltimateResult: SAFE   [ShortDescription: All specifications hold LongDescription: 1 specifications checked. All of them hold],629054091.0,2103443456,2,0,165,0,1080,6,1.0
,systemc,token_ring.08_false-unreach-call_false-termination.cil.c,Impulse-FP.epf,ImpulseWithBE-C.xml,ExpectedResult: UNSAFE UltimateResult: SAFE   [ShortDescription: All specifications hold LongDescription: 1 specifications checked. All of them hold],442803962.0,2149056512,2,0,159,0,723,6,1.0
,systemc,token_ring.03_false-unreach-call_false-termination.cil.c,Impulse-FP.epf,ImpulseWithBE-C.xml,ExpectedResult: UNSAFE UltimateResult: SAFE   [ShortDescription: All specifications hold LongDescription: 1 specifications checked. All of them hold],232714551.0,2.14171648E+9,2,0,105,0,367,6,1.0
,systemc,transmitter.03_false-unreach-call_false-termination.cil.c,Impulse-FP.epf,ImpulseWithBE-C.xml,ExpectedResult: UNSAFE UltimateResult: SAFE   [ShortDescription: All specifications hold LongDescription: 1 specifications checked. All of them hold],268938209.0,1409286144,2,0,108,0,318,6,1.0
,systemc,mem_slave_tlm.3_true-unreach-call_false-termination.cil.c,Impulse-TreeInterpolation.epf,ImpulseWithBE-C.xml,ExpectedResult: SAFE UltimateResult: SAFE   [ShortDescription: All specifications hold LongDescription: 1 specifications checked. All of them hold],631767333.0,1871183872,5,0,-1,-1,-1,-1,1.0
,systemc,token_ring.07_true-unreach-call_false-termination.cil.c,Impulse-FP.epf,ImpulseWithBE-C.xml,ExpectedResult: SAFE UltimateResult: SAFE   [ShortDescription: All specifications hold LongDescription: 1 specifications checked. All of them hold],455770651.0,2149056512,2,0,153,0,647,6,1.0
,systemc,token_ring.02_true-unreach-call_false-termination.cil.c,Impulse-FP.epf,ImpulseWithBE-C.xml,ExpectedResult: SAFE UltimateResult: SAFE   [ShortDescription: All specifications hold LongDescription: 1 specifications checked. All of them hold],188760211.0,2.14171648E+9,2,0,99,0,290,6,1.0
,systemc,token_ring.12_true-unreach-call_false-termination.cil.c,Impulse-TreeInterpolation.epf,ImpulseWithBE-C.xml,ExpectedResult: SAFE UltimateResult: SAFE   [ShortDescription: All specifications hold LongDescription: 1 specifications checked. All of them hold],558411383.0,2097676288,2,0,-1,-1,-1,-1,1.0
,systemc,token_ring.04_false-unreach-call_false-termination.cil.c,Impulse-FP.epf,ImpulseWithBE-C.xml,ExpectedResult: UNSAFE UltimateResult: SAFE   [ShortDescription: All specifications hold LongDescription: 1 specifications checked. All of them hold],237996439.0,2.14171648E+9,2,0,111,0,431,6,1.0
,systemc,token_ring.07_false-unreach-call_false-termination.cil.c,Impulse-FP.epf,ImpulseWithBE-C.xml,ExpectedResult: UNSAFE UltimateResult: SAFE   [ShortDescription: All specifications hold LongDescription: 1 specifications checked. All of them hold],363688561.0,2149056512,2,0,177,0,645,6,1.0
,systemc,transmitter.01_false-unreach-call_false-termination.cil.c,Impulse-FP.epf,ImpulseWithBE-C.xml,ExpectedResult: UNSAFE UltimateResult: SAFE   [ShortDescription: All specifications hold LongDescription: 1 specifications checked. All of them hold],154758045.0,1409286144,2,0,106,0,177,6,1.0
,systemc,token_ring.12_false-unreach-call_false-termination.cil.c,Impulse-TreeInterpolation.epf,ImpulseWithBE-C.xml,ExpectedResult: UNSAFE UltimateResult: SAFE   [ShortDescription: All specifications hold LongDescription: 1 specifications checked. All of them hold],490986649.0,2104492032,2,0,-1,-1,-1,-1,1.0
,systemc,token_ring.10_true-unreach-call_false-termination.cil.c,Impulse-FP.epf,ImpulseWithBE-C.xml,ExpectedResult: SAFE UltimateResult: SAFE   [ShortDescription: All specifications hold LongDescription: 1 specifications checked. All of them hold],813375244.0,2104492032,2,0,147,0,863,6,1.0
,systemc,token_ring.11_false-unreach-call_false-termination.cil.c,Impulse-TreeInterpolation.epf,ImpulseWithBE-C.xml,ExpectedResult: UNSAFE UltimateResult: SAFE   [ShortDescription: All specifications hold LongDescription: 1 specifications checked. All of them hold],497661986.0,2104492032,2,0,-1,-1,-1,-1,1.0
,systemc,token_ring.14_false-unreach-call_false-termination.cil.c,Impulse-TreeInterpolation.epf,ImpulseWithBE-C.xml,ExpectedResult: UNSAFE UltimateResult: SAFE   [ShortDescription: All specifications hold LongDescription: 1 specifications checked. All of them hold],875173352.0,2103443456,2,0,-1,-1,-1,-1,1.0
,systemc,bist_cell_true-unreach-call_false-termination.cil.c,Impulse-FP.epf,ImpulseWithBE-C.xml,ExpectedResult: SAFE UltimateResult: SAFE   [ShortDescription: All specifications hold LongDescription: 1 specifications checked. All of them hold],1655124822,126353408,2,0,40,0,314,1,1.0
,systemc,token_ring.06_true-unreach-call_false-termination.cil.c,Impulse-TreeInterpolation.epf,ImpulseWithBE-C.xml,ExpectedResult: SAFE UltimateResult: SAFE   [ShortDescription: All specifications hold LongDescription: 1 specifications checked. All of them hold],359994529.0,2149056512,2,0,-1,-1,-1,-1,1.0
,systemc,token_ring.04_true-unreach-call_false-termination.cil.c,Impulse-FP.epf,ImpulseWithBE-C.xml,ExpectedResult: SAFE UltimateResult: SAFE   [ShortDescription: All specifications hold LongDescription: 1 specifications checked. All of them hold],175568625.0,2.14171648E+9,2,0,111,0,433,6,1.0
,systemc,pc_sfifo_1_true-unreach-call_false-termination.cil.c,Impulse-TreeInterpolation.epf,ImpulseWithBE-C.xml,ExpectedResult: SAFE UltimateResult: SAFE   [ShortDescription: All specifications hold LongDescription: 1 specifications checked. All of them hold],65334557.0,2141192192,2,0,-1,-1,-1,-1,1.0
,systemc,pipeline_false-unreach-call_false-termination.cil.c,Impulse-FP.epf,ImpulseWithBE-C.xml,ExpectedResult: UNSAFE UltimateResult: SAFE   [ShortDescription: All specifications hold LongDescription: 1 specifications checked. All of them hold],520988987.0,2141192192,2,0,19,0,507,1,1.0
,systemc,pc_sfifo_3_true-unreach-call_false-termination.cil.c,Impulse-FP.epf,ImpulseWithBE-C.xml,ExpectedResult: SAFE UltimateResult: SAFE   [ShortDescription: All specifications hold LongDescription: 1 specifications checked. All of them hold],196703416.0,2141192192,2,0,84,0,313,4,1.0
,systemc,kundu_true-unreach-call_false-termination.cil.c,Impulse-FP.epf,ImpulseWithBE-C.xml,ExpectedResult: SAFE UltimateResult: SAFE   [ShortDescription: All specifications hold LongDescription: 1 specifications checked. All of them hold],223856669.0,218103808,2,0,100,0,293,6,1.0
,systemc,token_ring.05_false-unreach-call_false-termination.cil.c,Impulse-FP.epf,ImpulseWithBE-C.xml,ExpectedResult: UNSAFE UltimateResult: SAFE   [ShortDescription: All specifications hold LongDescription: 1 specifications checked. All of them hold],269178198.0,2149056512,2,0,165,0,503,6,1.0
,systemc,toy1_false-unreach-call_false-termination.cil.c,Impulse-TreeInterpolation.epf,ImpulseWithBE-C.xml,ExpectedResult: UNSAFE UltimateResult: SAFE   [ShortDescription: All specifications hold LongDescription: 1 specifications checked. All of them hold],302865507.0,2027421696,2,0,-1,-1,-1,-1,1.0
,systemc,pc_sfifo_3_true-unreach-call_false-termination.cil.c,Impulse-TreeInterpolation.epf,ImpulseWithBE-C.xml,ExpectedResult: SAFE UltimateResult: SAFE   [ShortDescription: All specifications hold LongDescription: 1 specifications checked. All of them hold],173347738.0,2141192192,2,0,-1,-1,-1,-1,1.0
,systemc,token_ring.09_true-unreach-call_false-termination.cil.c,Impulse-TreeInterpolation.epf,ImpulseWithBE-C.xml,ExpectedResult: SAFE UltimateResult: SAFE   [ShortDescription: All specifications hold LongDescription: 1 specifications checked. All of them hold],291260269.0,2.0054016E+9,2,0,-1,-1,-1,-1,1.0
,systemc,transmitter.02_false-unreach-call_false-termination.cil.c,Impulse-FP.epf,ImpulseWithBE-C.xml,ExpectedResult: UNSAFE UltimateResult: SAFE   [ShortDescription: All specifications hold LongDescription: 1 specifications checked. All of them hold],200341299.0,1409286144,2,0,113,0,248,6,1.0
,systemc,token_ring.06_true-unreach-call_false-termination.cil.c,Impulse-FP.epf,ImpulseWithBE-C.xml,ExpectedResult: SAFE UltimateResult: SAFE   [ShortDescription: All specifications hold LongDescription: 1 specifications checked. All of them hold],164647433.0,2149056512,2,0,135,0,575,6,1.0
,systemc,token_ring.11_true-unreach-call_false-termination.cil.c,Impulse-TreeInterpolation.epf,ImpulseWithBE-C.xml,ExpectedResult: SAFE UltimateResult: SAFE   [ShortDescription: All specifications hold LongDescription: 1 specifications checked. All of them hold],466370651.0,2104492032,2,0,-1,-1,-1,-1,1.0
,systemc,token_ring.07_true-unreach-call_false-termination.cil.c,Impulse-TreeInterpolation.epf,ImpulseWithBE-C.xml,ExpectedResult: SAFE UltimateResult: SAFE   [ShortDescription: All specifications hold LongDescription: 1 specifications checked. All of them hold],389937700.0,2149056512,2,0,-1,-1,-1,-1,1.0
,systemc,mem_slave_tlm.5_true-unreach-call_false-termination.cil.c,Impulse-TreeInterpolation.epf,ImpulseWithBE-C.xml,ExpectedResult: SAFE UltimateResult: TIMEOUT   [ShortDescription: Timeout LongDescription: Unable to prove that unknown kind of specification holds (line 10)],302245373329.0,2141192192,291,0,-1,-1,-1,-1,1.0
,systemc,token_ring.01_false-unreach-call_false-termination.cil.c,Impulse-FP.epf,ImpulseWithBE-C.xml,ExpectedResult: UNSAFE UltimateResult: SAFE   [ShortDescription: All specifications hold LongDescription: 1 specifications checked. All of them hold],196421466.0,2.14171648E+9,2,0,105,0,222,6,1.0
,systemc,token_ring.02_false-unreach-call_false-termination.cil.c,Impulse-TreeInterpolation.epf,ImpulseWithBE-C.xml,ExpectedResult: UNSAFE UltimateResult: SAFE   [ShortDescription: All specifications hold LongDescription: 1 specifications checked. All of them hold],213800345.0,2.14171648E+9,2,0,-1,-1,-1,-1,1.0
,systemc,token_ring.01_false-unreach-call_false-termination.cil.c,Impulse-TreeInterpolation.epf,ImpulseWithBE-C.xml,ExpectedResult: UNSAFE UltimateResult: SAFE   [ShortDescription: All specifications hold LongDescription: 1 specifications checked. All of them hold],131984379.0,2.14171648E+9,2,0,-1,-1,-1,-1,1.0
,systemc,toy_true-unreach-call_false-termination.cil.c,Impulse-FP.epf,ImpulseWithBE-C.xml,ExpectedResult: SAFE UltimateResult: TIMEOUT   [ShortDescription: Timeout LongDescription: Unable to prove that unknown kind of specification holds (line 13)],304148497483.0,1101529088,250,0,25934,0,87885,990,0.999843798812871
,systemc,token_ring.03_false-unreach-call_false-termination.cil.c,Impulse-TreeInterpolation.epf,ImpulseWithBE-C.xml,ExpectedResult: UNSAFE UltimateResult: SAFE   [ShortDescription: All specifications hold LongDescription: 1 specifications checked. All of them hold],154681973.0,2.14171648E+9,2,0,-1,-1,-1,-1,1.0
,systemc,token_ring.02_true-unreach-call_false-termination.cil.c,Impulse-TreeInterpolation.epf,ImpulseWithBE-C.xml,ExpectedResult: SAFE UltimateResult: SAFE   [ShortDescription: All specifications hold LongDescription: 1 specifications checked. All of them hold],205120264.0,2.14171648E+9,2,0,-1,-1,-1,-1,1.0
,systemc,pc_sfifo_1_false-unreach-call_false-termination.cil.c,Impulse-FP.epf,ImpulseWithBE-C.xml,ExpectedResult: UNSAFE UltimateResult: UNSAFE   unknown kind of specification may be violated ,191863774.0,2141192192,-,-,-,-,-,-,-
,systemc,toy_true-unreach-call_false-termination.cil.c,Impulse-TreeInterpolation.epf,ImpulseWithBE-C.xml,ExpectedResult: SAFE UltimateResult: TIMEOUT   [ShortDescription: Timeout LongDescription: Unable to prove that unknown kind of specification holds (line 13)],300073332707.0,1409286144,374,0,-1,-1,-1,-1,1.0
,systemc,toy2_false-unreach-call_false-termination.cil.c,Impulse-FP.epf,ImpulseWithBE-C.xml,ExpectedResult: UNSAFE UltimateResult: SAFE   [ShortDescription: All specifications hold LongDescription: 1 specifications checked. All of them hold],284754887.0,2027421696,2,0,22,0,292,4,1.0
,systemc,toy1_false-unreach-call_false-termination.cil.c,Impulse-FP.epf,ImpulseWithBE-C.xml,ExpectedResult: UNSAFE UltimateResult: TIMEOUT   [ShortDescription: Timeout LongDescription: Unable to prove that unknown kind of specification holds (line 13)],301443596380.0,2103443456,257,0,21335,0,87766,994,0.9997156263330016
,systemc,token_ring.15_false-unreach-call_false-termination.cil.c,Impulse-TreeInterpolation.epf,ImpulseWithBE-C.xml,ExpectedResult: UNSAFE UltimateResult: SAFE   [ShortDescription: All specifications hold LongDescription: 1 specifications checked. All of them hold],556320605.0,2103443456,2,0,-1,-1,-1,-1,1.0
,systemc,pc_sfifo_2_false-unreach-call_false-termination.cil.c,Impulse-TreeInterpolation.epf,ImpulseWithBE-C.xml,ExpectedResult: UNSAFE UltimateResult: SAFE   [ShortDescription: All specifications hold LongDescription: 1 specifications checked. All of them hold],101574212.0,2141192192,2,0,-1,-1,-1,-1,1.0
,systemc,token_ring.04_true-unreach-call_false-termination.cil.c,Impulse-TreeInterpolation.epf,ImpulseWithBE-C.xml,ExpectedResult: SAFE UltimateResult: SAFE   [ShortDescription: All specifications hold LongDescription: 1 specifications checked. All of them hold],160609568.0,2.14171648E+9,2,0,-1,-1,-1,-1,1.0
,systemc,token_ring.09_true-unreach-call_false-termination.cil.c,Impulse-FP.epf,ImpulseWithBE-C.xml,ExpectedResult: SAFE UltimateResult: SAFE   [ShortDescription: All specifications hold LongDescription: 1 specifications checked. All of them hold],321280116.0,2.0054016E+9,2,0,141,0,790,6,1.0
,systemc,token_ring.13_false-unreach-call_false-termination.cil.c,Impulse-TreeInterpolation.epf,ImpulseWithBE-C.xml,ExpectedResult: UNSAFE UltimateResult: SAFE   [ShortDescription: All specifications hold LongDescription: 1 specifications checked. All of them hold],588824873.0,2097676288,2,0,-1,-1,-1,-1,1.0
,systemc,token_ring.13_true-unreach-call_false-termination.cil.c,Impulse-TreeInterpolation.epf,ImpulseWithBE-C.xml,ExpectedResult: SAFE UltimateResult: SAFE   [ShortDescription: All specifications hold LongDescription: 1 specifications checked. All of them hold],579191172.0,2097676288,2,0,-1,-1,-1,-1,1.0


################################# Summary #######################
Safe: 39
Unsafe: 2
Timeout: 13
Error: 46
Expected Safe: 50
Expected Unsafe: 50
Total: 100
CSV conversion gone wrong: 0

################################# Latex #######################
\newcommand{\headcolor}{}
\newcommand{\header}[1]{\parbox{2.8em}{\centering #1}\headcolor}
\newcommand{\folder}[1]{\parbox{5em}{#1}}
\begin{table}
\centering
\resizebox{\linewidth}{!}{%
\begin{tabu} to \linewidth {lcllcrrrr}
\toprule
  \header{}& 
  \header{\#}&
  \header{Result}&
  \header{Variant}& 
  \header{Count}&
  \header{Avg. runtime}&
  \header{Mem{-}ory}&
  \header{Iter{-}ations}&
  \header{ICC}\\
  \cmidrule(r){2-9}
\multirow{8}{*}{\folder{systemc}} &
\multirow{2}{*}{25} &
\multirow{2}{*}{\folder{Unsafe}} 
 & Impulse-TreeInterpolation.epf & 1 & 0.09 s & 2042.00 MB & - & -\\
 &  &  & Impulse-FP.epf & 1 & 0.19 s & 2042.00 MB & - & -\\
  \cmidrule[0.01em](l){2-9}
& \multirow{2}{*}{25} &
\multirow{2}{*}{\folder{Safe}} 
 & Impulse-TreeInterpolation.epf & 20 & 0.34 s & 1822.88 MB & 2 & 97.50\%\\
 &  &  & Impulse-FP.epf & 19 & 0.42 s & 1824.32 MB & 2 & 100.00\%\\
  \cmidrule[0.01em](l){2-9}
& \multirow{2}{*}{50} &
\multirow{2}{*}{\folder{Completed}} 
 & Impulse-TreeInterpolation.epf & 21 & 0.33 s & 1833.31 MB & - & -\\
 &  &  & Impulse-FP.epf & 20 & 0.41 s & 1835.20 MB & - & -\\
  \cmidrule[0.01em](l){2-9}
& & \multirow{2}{*}{\folder{Timeout}} 
 & Impulse-TreeInterpolation.epf & 6 & 302.60 s & 1708.75 MB & 334 & 100.00\%\\
 &  &  & Impulse-FP.epf & 7 & 306.81 s & 1579.86 MB & 192 & 99.99\%\\
\bottomrule
& & & & & & & & \\
\end{tabu}}
\caption{Results for ImpulseWithBE-C.xml.}
\end{table}