################################# CSV #######################
,Folder,File,Settings,Toolchain,Message,Runtime (ns),Allocated memory end (bytes),Overall iterations,NumberOfCodeBlocks,SizeOfPredicatesFP,SizeOfPredicatesBP,Conjuncts in SSA,Conjuncts in UnsatCore,ICC %
,locks,test_locks_13_true-unreach-call.c,Kojak-TreeInterpolation.epf,CodeCheckWithBE-C.xml,ExpectedResult: SAFE UltimateResult: SAFE   [ShortDescription: All specifications hold LongDescription: 1 specifications checked. All of them hold],282358959.0,903348224,2,0,-1,-1,-1,-1,1.0
,locks,test_locks_9_true-unreach-call.c,Kojak-FP.epf,CodeCheckWithBE-C.xml,ExpectedResult: SAFE UltimateResult: SAFE   [ShortDescription: All specifications hold LongDescription: 1 specifications checked. All of them hold],128317505.0,1422917632,2,0,6,0,21,1,1.0
,locks,test_locks_12_true-unreach-call_false-termination.c,Kojak-TreeInterpolation.epf,CodeCheckWithBE-C.xml,ExpectedResult: SAFE UltimateResult: SAFE   [ShortDescription: All specifications hold LongDescription: 1 specifications checked. All of them hold],287910127.0,635437056,2,0,-1,-1,-1,-1,1.0
,locks,test_locks_5_true-unreach-call_false-termination.c,Kojak-FP.epf,CodeCheckWithBE-C.xml,ExpectedResult: SAFE UltimateResult: SAFE   [ShortDescription: All specifications hold LongDescription: 1 specifications checked. All of them hold],50538670.0,1422917632,2,0,6,0,17,1,1.0
,locks,test_locks_12_true-unreach-call_false-termination.c,Kojak-FP.epf,CodeCheckWithBE-C.xml,ExpectedResult: SAFE UltimateResult: SAFE   [ShortDescription: All specifications hold LongDescription: 1 specifications checked. All of them hold],736812674.0,635437056,2,0,6,0,24,1,1.0
,locks,test_locks_15_false-unreach-call.c,Kojak-TreeInterpolation.epf,CodeCheckWithBE-C.xml,ExpectedResult: UNSAFE UltimateResult: UNSAFE   unknown kind of specification may be violated ,250039503.0,903872512,-,-,-,-,-,-,-
,locks,test_locks_6_true-unreach-call_false-termination.c,Kojak-FP.epf,CodeCheckWithBE-C.xml,ExpectedResult: SAFE UltimateResult: SAFE   [ShortDescription: All specifications hold LongDescription: 1 specifications checked. All of them hold],64111125.0,1422917632,2,0,6,0,18,1,1.0
,locks,test_locks_7_true-unreach-call_false-termination.c,Kojak-TreeInterpolation.epf,CodeCheckWithBE-C.xml,ExpectedResult: SAFE UltimateResult: SAFE   [ShortDescription: All specifications hold LongDescription: 1 specifications checked. All of them hold],76672805.0,1422917632,2,0,-1,-1,-1,-1,1.0
,locks,test_locks_11_true-unreach-call_false-termination.c,Kojak-FP.epf,CodeCheckWithBE-C.xml,ExpectedResult: SAFE UltimateResult: SAFE   [ShortDescription: All specifications hold LongDescription: 1 specifications checked. All of them hold],758013817.0,5.0331648E+8,2,0,6,0,23,1,1.0
,locks,test_locks_13_true-unreach-call.c,Kojak-FP.epf,CodeCheckWithBE-C.xml,ExpectedResult: SAFE UltimateResult: SAFE   [ShortDescription: All specifications hold LongDescription: 1 specifications checked. All of them hold],304527885.0,635437056,2,0,6,0,25,1,1.0
,locks,test_locks_14_true-unreach-call.c,Kojak-TreeInterpolation.epf,CodeCheckWithBE-C.xml,ExpectedResult: SAFE UltimateResult: SAFE   [ShortDescription: All specifications hold LongDescription: 1 specifications checked. All of them hold],319189452.0,903872512,2,0,-1,-1,-1,-1,1.0
,locks,test_locks_15_true-unreach-call_false-termination.c,Kojak-FP.epf,CodeCheckWithBE-C.xml,ExpectedResult: SAFE UltimateResult: SAFE   [ShortDescription: All specifications hold LongDescription: 1 specifications checked. All of them hold],327788065.0,1422917632,2,0,6,0,27,1,1.0
,locks,test_locks_14_false-unreach-call.c,Kojak-TreeInterpolation.epf,CodeCheckWithBE-C.xml,ExpectedResult: UNSAFE UltimateResult: UNSAFE   unknown kind of specification may be violated ,283995933.0,903348224,2,0,-1,-1,-1,-1,1.0
,locks,test_locks_10_true-unreach-call.c,Kojak-TreeInterpolation.epf,CodeCheckWithBE-C.xml,ExpectedResult: SAFE UltimateResult: SAFE   [ShortDescription: All specifications hold LongDescription: 1 specifications checked. All of them hold],685887732.0,5.0331648E+8,2,0,-1,-1,-1,-1,1.0
,locks,test_locks_15_false-unreach-call.c,Kojak-FP.epf,CodeCheckWithBE-C.xml,ExpectedResult: UNSAFE UltimateResult: UNSAFE   unknown kind of specification may be violated ,277717766.0,903872512,2,0,6,0,27,1,1.0
,locks,test_locks_7_true-unreach-call_false-termination.c,Kojak-FP.epf,CodeCheckWithBE-C.xml,ExpectedResult: SAFE UltimateResult: SAFE   [ShortDescription: All specifications hold LongDescription: 1 specifications checked. All of them hold],78179050.0,1422917632,2,0,6,0,19,1,1.0
,locks,test_locks_14_false-unreach-call.c,Kojak-FP.epf,CodeCheckWithBE-C.xml,ExpectedResult: UNSAFE UltimateResult: UNSAFE   unknown kind of specification may be violated ,280332048.0,903348224,2,0,6,0,26,1,1.0
,locks,test_locks_6_true-unreach-call_false-termination.c,Kojak-TreeInterpolation.epf,CodeCheckWithBE-C.xml,ExpectedResult: SAFE UltimateResult: SAFE   [ShortDescription: All specifications hold LongDescription: 1 specifications checked. All of them hold],63016620.0,1422917632,2,0,-1,-1,-1,-1,1.0
,locks,test_locks_9_true-unreach-call.c,Kojak-TreeInterpolation.epf,CodeCheckWithBE-C.xml,ExpectedResult: SAFE UltimateResult: SAFE   [ShortDescription: All specifications hold LongDescription: 1 specifications checked. All of them hold],124861631.0,1422917632,2,0,-1,-1,-1,-1,1.0
,locks,test_locks_14_true-unreach-call.c,Kojak-FP.epf,CodeCheckWithBE-C.xml,ExpectedResult: SAFE UltimateResult: SAFE   [ShortDescription: All specifications hold LongDescription: 1 specifications checked. All of them hold],335351891.0,903348224,2,0,6,0,26,1,1.0
,locks,test_locks_11_true-unreach-call_false-termination.c,Kojak-TreeInterpolation.epf,CodeCheckWithBE-C.xml,ExpectedResult: SAFE UltimateResult: SAFE   [ShortDescription: All specifications hold LongDescription: 1 specifications checked. All of them hold],1025091116.0,5.0331648E+8,2,0,-1,-1,-1,-1,1.0
,locks,test_locks_5_true-unreach-call_false-termination.c,Kojak-TreeInterpolation.epf,CodeCheckWithBE-C.xml,ExpectedResult: SAFE UltimateResult: SAFE   [ShortDescription: All specifications hold LongDescription: 1 specifications checked. All of them hold],53725587.0,1422917632,2,0,-1,-1,-1,-1,1.0
,locks,test_locks_10_true-unreach-call.c,Kojak-FP.epf,CodeCheckWithBE-C.xml,ExpectedResult: SAFE UltimateResult: SAFE   [ShortDescription: All specifications hold LongDescription: 1 specifications checked. All of them hold],1356466132,5.0331648E+8,2,0,6,0,22,1,1.0
,locks,test_locks_15_true-unreach-call_false-termination.c,Kojak-TreeInterpolation.epf,CodeCheckWithBE-C.xml,ExpectedResult: SAFE UltimateResult: SAFE   [ShortDescription: All specifications hold LongDescription: 1 specifications checked. All of them hold],261202367.0,1422917632,2,0,-1,-1,-1,-1,1.0
,locks,test_locks_8_true-unreach-call_false-termination.c,Kojak-TreeInterpolation.epf,CodeCheckWithBE-C.xml,ExpectedResult: SAFE UltimateResult: SAFE   [ShortDescription: All specifications hold LongDescription: 1 specifications checked. All of them hold],107743333.0,1422917632,2,0,-1,-1,-1,-1,1.0
,locks,test_locks_8_true-unreach-call_false-termination.c,Kojak-FP.epf,CodeCheckWithBE-C.xml,ExpectedResult: SAFE UltimateResult: SAFE   [ShortDescription: All specifications hold LongDescription: 1 specifications checked. All of them hold],108629488.0,1422917632,2,0,6,0,20,1,1.0


################################# Summary #######################
Safe: 22
Unsafe: 4
Timeout: 0
Error: 0
Expected Safe: 22
Expected Unsafe: 4
Total: 26
CSV conversion gone wrong: 0

################################# Latex #######################
\newcommand{\headcolor}{}
\newcommand{\header}[1]{\parbox{2.8em}{\centering #1}\headcolor}
\newcommand{\folder}[1]{\parbox{5em}{#1}}
\begin{table}
\centering
\resizebox{\linewidth}{!}{%
\begin{tabu} to \linewidth {lcllcrrrr}
\toprule
  \header{}& 
  \header{\#}&
  \header{Result}&
  \header{Variant}& 
  \header{Count}&
  \header{Avg. runtime}&
  \header{Mem{-}ory}&
  \header{Iter{-}ations}&
  \header{ICC}\\
  \cmidrule(r){2-9}
\multirow{8}{*}{\folder{locks}} &
\multirow{2}{*}{2} &
\multirow{2}{*}{\folder{Unsafe}} 
 & Kojak-TreeInterpolation.epf & 2 & 0.27 s & 861.75 MB & 1 & 50.00\%\\
 &  &  & Kojak-FP.epf & 2 & 0.28 s & 861.75 MB & 2 & 100.00\%\\
  \cmidrule[0.01em](l){2-9}
& \multirow{2}{*}{11} &
\multirow{2}{*}{\folder{Safe}} 
 & Kojak-TreeInterpolation.epf & 11 & 0.30 s & 1039.23 MB & 2 & 100.00\%\\
 &  &  & Kojak-FP.epf & 11 & 0.39 s & 1015.95 MB & 2 & 100.00\%\\
  \cmidrule[0.01em](l){2-9}
& \multirow{2}{*}{13} &
\multirow{2}{*}{\folder{Completed}} 
 & Kojak-TreeInterpolation.epf & 13 & 0.29 s & 1011.92 MB & 1 & 92.31\%\\
 &  &  & Kojak-FP.epf & 13 & 0.37 s & 992.23 MB & 2 & 100.00\%\\
  \cmidrule[0.01em](l){2-9}
& & \multirow{2}{*}{\folder{Timeout}} 
 & Kojak-TreeInterpolation.epf & 0 & - & - & - & -\\
 &  &  & Kojak-FP.epf & 0 & - & - & - & -\\
\bottomrule
& & & & & & & & \\
\end{tabu}}
\caption{Results for CodeCheckWithBE-C.xml.}
\end{table}