################################# CSV #######################
,Folder,File,Settings,Toolchain,Message,Runtime (ns),Allocated memory end (bytes),Overall iterations,NumberOfCodeBlocks,SizeOfPredicatesFP,SizeOfPredicatesBP,Conjuncts in SSA,Conjuncts in UnsatCore,ICC %
,recursive,gcd01_true-unreach-call_true-termination.c,Kojak-FP.epf,CodeCheckWithBE-C.xml,ExpectedResult: SAFE UltimateResult: SAFE   [ShortDescription: All specifications hold LongDescription: 1 specifications checked. All of them hold],184799277.0,771751936,4,0,183,0,105,35,0.3333333333333333
,recursive,MultCommutative_true-unreach-call_true-termination.c,Kojak-TreeInterpolation.epf,CodeCheckWithBE-C.xml,ExpectedResult: SAFE UltimateResult: TIMEOUT   [ShortDescription: Timeout LongDescription: Unable to prove that unknown kind of specification holds (line 37)],300029547258.0,8.4410368E+8,3296,0,-1,-1,-1,-1,0.3611570387366716
,recursive,Addition01_true-unreach-call_true-termination.c,Kojak-TreeInterpolation.epf,CodeCheckWithBE-C.xml,ExpectedResult: SAFE UltimateResult: SAFE   [ShortDescription: All specifications hold LongDescription: 1 specifications checked. All of them hold],103276420.0,679477248,4,0,-1,-1,-1,-1,0.6666666666666666
,recursive,recHanoi02_true-unreach-call_true-termination.c,Kojak-FP.epf,CodeCheckWithBE-C.xml,ExpectedResult: SAFE UltimateResult: TIMEOUT   [ShortDescription: Timeout LongDescription: Unable to prove that unknown kind of specification holds (line 33)],307512097082.0,3304587264,81,0,35960,0,27040,6640,0.39849624060150374
,recursive,gcd02_true-unreach-call.c,Kojak-FP.epf,CodeCheckWithBE-C.xml,ExpectedResult: SAFE UltimateResult: EXCEPTION_OR_ERROR   [ShortDescription: SMTLIBException LongDescription: de.uni_freiburg.informatik.ultimate.logic.SMTLIBException: Cannot create quantifier in quantifier-free logic],250587347.0,764411904,-,-,-,-,-,-,-
,recursive,Primes_true-unreach-call.c,Kojak-TreeInterpolation.epf,CodeCheckWithBE-C.xml,ExpectedResult: SAFE UltimateResult: TIMEOUT   [ShortDescription: Timeout LongDescription: Unable to prove that unknown kind of specification holds (line 90)],300025732912.0,877658112,11718,0,-1,-1,-1,-1,0.999659969288946
,recursive,Ackermann02_false-unreach-call_false-termination.c,Kojak-FP.epf,CodeCheckWithBE-C.xml,ExpectedResult: UNSAFE UltimateResult: TIMEOUT   [ShortDescription: Timeout LongDescription: Timout or Toolchain cancelled by user],300003155584.0,538443776,-,-,-,-,-,-,-
,recursive,Fibonacci03_true-unreach-call_true-termination.c,Kojak-FP.epf,CodeCheckWithBE-C.xml,ExpectedResult: SAFE UltimateResult: TIMEOUT   [ShortDescription: Timeout LongDescription: Unable to prove that unknown kind of specification holds (line 34)],301234351924.0,1129316352,184,0,306657,0,168819,28286,0.8313984449888167
,recursive,Addition02_false-unreach-call_false-termination.c,Kojak-TreeInterpolation.epf,CodeCheckWithBE-C.xml,ExpectedResult: UNSAFE UltimateResult: UNSAFE   unknown kind of specification may be violated ,34623633.0,679477248,2,0,-1,-1,-1,-1,1.0
,recursive,Addition01_true-unreach-call_true-termination.c,Kojak-FP.epf,CodeCheckWithBE-C.xml,ExpectedResult: SAFE UltimateResult: TIMEOUT   [ShortDescription: Timeout LongDescription: Unable to prove that unknown kind of specification holds (line 39)],325536654513.0,6.2128128E+8,49,0,48738,0,13151,6919,0.39745733565778396
,recursive,recHanoi03_true-unreach-call_true-termination.c,Kojak-FP.epf,CodeCheckWithBE-C.xml,ExpectedResult: SAFE UltimateResult: TIMEOUT   [ShortDescription: Timeout LongDescription: Unable to prove that unknown kind of specification holds (line 33)],305946486334.0,3304587264,61,0,36563,0,13800,4208,0.3975752865747037
,recursive,Fibonacci04_false-unreach-call_true-termination.c,Kojak-FP.epf,CodeCheckWithBE-C.xml,ExpectedResult: UNSAFE UltimateResult: UNSAFE   unknown kind of specification may be violated ,506442917.0,940048384,7,0,603,0,440,45,0.8709677419354839
,recursive,Addition03_false-unreach-call.c,Kojak-TreeInterpolation.epf,CodeCheckWithBE-C.xml,ExpectedResult: UNSAFE UltimateResult: TIMEOUT   [ShortDescription: Timeout LongDescription: Unable to prove that unknown kind of specification holds (line 33)],334078286206.0,659030016,103,0,-1,-1,-1,-1,0.41071636946121126
,recursive,Fibonacci01_true-unreach-call.c,Kojak-TreeInterpolation.epf,CodeCheckWithBE-C.xml,ExpectedResult: SAFE UltimateResult: TIMEOUT   [ShortDescription: Timeout LongDescription: Unable to prove that unknown kind of specification holds (line 34)],300002127069.0,914358272,10724,0,-1,-1,-1,-1,0.7575649657152871
,recursive,gcd01_true-unreach-call_true-termination.c,Kojak-TreeInterpolation.epf,CodeCheckWithBE-C.xml,ExpectedResult: SAFE UltimateResult: SAFE   [ShortDescription: All specifications hold LongDescription: 1 specifications checked. All of them hold],350139868.0,771751936,6,0,-1,-1,-1,-1,0.6666666666666666
,recursive,Primes_true-unreach-call.c,Kojak-FP.epf,CodeCheckWithBE-C.xml,ExpectedResult: SAFE UltimateResult: TIMEOUT   [ShortDescription: Timeout LongDescription: Timout or Toolchain cancelled by user],300005221122.0,877658112,-,-,-,-,-,-,-
,recursive,MultCommutative_true-unreach-call_true-termination.c,Kojak-FP.epf,CodeCheckWithBE-C.xml,ExpectedResult: SAFE UltimateResult: TIMEOUT   [ShortDescription: Timeout LongDescription: Timout or Toolchain cancelled by user],300009935931.0,1088421888,-,-,-,-,-,-,-
,recursive,McCarthy91_true-unreach-call.c,Kojak-TreeInterpolation.epf,CodeCheckWithBE-C.xml,ExpectedResult: SAFE UltimateResult: SAFE   [ShortDescription: All specifications hold LongDescription: 1 specifications checked. All of them hold],54781161.0,1088421888,3,0,-1,-1,-1,-1,0.5555555555555556
,recursive,Ackermann02_false-unreach-call_false-termination.c,Kojak-TreeInterpolation.epf,CodeCheckWithBE-C.xml,ExpectedResult: UNSAFE UltimateResult: TIMEOUT   [ShortDescription: Timeout LongDescription: Unable to prove that unknown kind of specification holds (line 32)],300003858301.0,495976448,33131,0,-1,-1,-1,-1,0.9999890233226951
,recursive,gcd02_true-unreach-call.c,Kojak-TreeInterpolation.epf,CodeCheckWithBE-C.xml,ExpectedResult: SAFE UltimateResult: TIMEOUT   [ShortDescription: Timeout LongDescription: Unable to prove that unknown kind of specification holds (line 52) ShortDescription: Timeout LongDescription: Unable to prove that unknown kind of specification holds (line 18)],300025459345.0,795869184,5114,0,-1,-1,-1,-1,0.636243880729862
,recursive,Ackermann03_true-unreach-call.c,Kojak-TreeInterpolation.epf,CodeCheckWithBE-C.xml,ExpectedResult: SAFE UltimateResult: TIMEOUT   [ShortDescription: Timeout LongDescription: Unable to prove that unknown kind of specification holds (line 38)],300000840472.0,670040064,4463,0,-1,-1,-1,-1,0.9085750049140257
,recursive,Fibonacci01_true-unreach-call.c,Kojak-FP.epf,CodeCheckWithBE-C.xml,ExpectedResult: SAFE UltimateResult: TIMEOUT   [ShortDescription: Timeout LongDescription: Unable to prove that unknown kind of specification holds (line 34)],301484378660.0,914358272,48,0,305225,0,80187,35633,0.49624261895376603
,recursive,Fibonacci02_true-unreach-call_true-termination.c,Kojak-FP.epf,CodeCheckWithBE-C.xml,ExpectedResult: SAFE UltimateResult: TIMEOUT   [ShortDescription: Timeout LongDescription: Unable to prove that unknown kind of specification holds (line 31)],301801190359.0,7.8905344E+8,201,0,399887,0,180064,41893,0.7284436772705287
,recursive,Fibonacci05_false-unreach-call_true-termination.c,Kojak-TreeInterpolation.epf,CodeCheckWithBE-C.xml,ExpectedResult: UNSAFE UltimateResult: UNSAFE   unknown kind of specification may be violated ,1702051695.0,1088421888,21,0,-1,-1,-1,-1,0.799751380205477
,recursive,Addition02_false-unreach-call_false-termination.c,Kojak-FP.epf,CodeCheckWithBE-C.xml,ExpectedResult: UNSAFE UltimateResult: UNSAFE   unknown kind of specification may be violated ,49478080.0,679477248,2,0,27,0,24,9,1.0
,recursive,recHanoi03_true-unreach-call_true-termination.c,Kojak-TreeInterpolation.epf,CodeCheckWithBE-C.xml,ExpectedResult: SAFE UltimateResult: SAFE   [ShortDescription: All specifications hold LongDescription: 1 specifications checked. All of them hold],43434452871.0,3299868672,55,0,-1,-1,-1,-1,0.43577444682369737
,recursive,recHanoi02_true-unreach-call_true-termination.c,Kojak-TreeInterpolation.epf,CodeCheckWithBE-C.xml,ExpectedResult: SAFE UltimateResult: SAFE   [ShortDescription: All specifications hold LongDescription: 1 specifications checked. All of them hold],42142961.0,3304587264,4,0,-1,-1,-1,-1,0.5
,recursive,EvenOdd03_false-unreach-call_false-termination.c,Kojak-TreeInterpolation.epf,CodeCheckWithBE-C.xml,ExpectedResult: UNSAFE UltimateResult: UNSAFE   unknown kind of specification may be violated ,25543210.0,864026624,-,-,-,-,-,-,-
,recursive,Fibonacci04_false-unreach-call_true-termination.c,Kojak-TreeInterpolation.epf,CodeCheckWithBE-C.xml,ExpectedResult: UNSAFE UltimateResult: UNSAFE   unknown kind of specification may be violated ,171504348.0,915406848,7,0,-1,-1,-1,-1,0.7448979591836735
,recursive,Fibonacci05_false-unreach-call_true-termination.c,Kojak-FP.epf,CodeCheckWithBE-C.xml,ExpectedResult: UNSAFE UltimateResult: UNSAFE   unknown kind of specification may be violated ,1947192695.0,9.8304E+8,10,0,1928,0,1684,117,0.8525088417329797
,recursive,Ackermann04_true-unreach-call.c,Kojak-TreeInterpolation.epf,CodeCheckWithBE-C.xml,ExpectedResult: SAFE UltimateResult: TIMEOUT   [ShortDescription: Timeout LongDescription: Unable to prove that unknown kind of specification holds (line 38)],300019613856.0,517472256,5422,0,-1,-1,-1,-1,0.9083881683388367
,recursive,BallRajamani-SPIN2000-Fig1_false-unreach-call.c,Kojak-FP.epf,CodeCheckWithBE-C.xml,ExpectedResult: UNSAFE UltimateResult: UNSAFE   unknown kind of specification may be violated ,42070076.0,706740224,2,0,24,0,34,4,0.3333333333333333
,recursive,McCarthy91_true-unreach-call.c,Kojak-FP.epf,CodeCheckWithBE-C.xml,ExpectedResult: SAFE UltimateResult: SAFE   [ShortDescription: All specifications hold LongDescription: 1 specifications checked. All of them hold],67224295.0,1088421888,3,0,100,0,58,21,0.3333333333333333
,recursive,Ackermann01_true-unreach-call.c,Kojak-TreeInterpolation.epf,CodeCheckWithBE-C.xml,ExpectedResult: SAFE UltimateResult: SAFE   [ShortDescription: All specifications hold LongDescription: 1 specifications checked. All of them hold],329983919.0,538443776,7,0,-1,-1,-1,-1,0.7
,recursive,EvenOdd01_true-unreach-call_true-termination.c,Kojak-FP.epf,CodeCheckWithBE-C.xml,ExpectedResult: SAFE UltimateResult: TIMEOUT   [ShortDescription: Timeout LongDescription: Unable to prove that unknown kind of specification holds (line 47)],301126330517.0,1042808832,52,0,37089,0,12597,6832,0.3918854415274463
,recursive,recHanoi01_true-unreach-call_true-termination.c,Kojak-FP.epf,CodeCheckWithBE-C.xml,ExpectedResult: SAFE UltimateResult: TIMEOUT   [ShortDescription: Timeout LongDescription: Timout or Toolchain cancelled by user],299999669068.0,1117782016,-,-,-,-,-,-,-
,recursive,McCarthy91_false-unreach-call_false-termination.c,Kojak-FP.epf,CodeCheckWithBE-C.xml,ExpectedResult: UNSAFE UltimateResult: UNSAFE   unknown kind of specification may be violated ,17504536.0,1088421888,-,-,-,-,-,-,-
,recursive,EvenOdd03_false-unreach-call_false-termination.c,Kojak-FP.epf,CodeCheckWithBE-C.xml,ExpectedResult: UNSAFE UltimateResult: UNSAFE   unknown kind of specification may be violated ,25708990.0,864026624,-,-,-,-,-,-,-
,recursive,Ackermann03_true-unreach-call.c,Kojak-FP.epf,CodeCheckWithBE-C.xml,ExpectedResult: SAFE UltimateResult: TIMEOUT   [ShortDescription: Timeout LongDescription: Unable to prove that unknown kind of specification holds (line 38)],300020029875.0,670040064,3420,0,435588,0,570576,39392,0.852769990527489
,recursive,Fibonacci02_true-unreach-call_true-termination.c,Kojak-TreeInterpolation.epf,CodeCheckWithBE-C.xml,ExpectedResult: SAFE UltimateResult: TIMEOUT   [ShortDescription: Timeout LongDescription: Unable to prove that unknown kind of specification holds (line 31)],302112594102.0,1021313024,272,0,-1,-1,-1,-1,0.7566513114227582
,recursive,Ackermann04_true-unreach-call.c,Kojak-FP.epf,CodeCheckWithBE-C.xml,ExpectedResult: SAFE UltimateResult: TIMEOUT   [ShortDescription: Timeout LongDescription: Unable to prove that unknown kind of specification holds (line 38)],300030577458.0,6.4487424E+8,4901,0,421366,0,651336,53873,0.9084920324760579
,recursive,Fibonacci03_true-unreach-call_true-termination.c,Kojak-TreeInterpolation.epf,CodeCheckWithBE-C.xml,ExpectedResult: SAFE UltimateResult: TIMEOUT   [ShortDescription: Timeout LongDescription: Unable to prove that unknown kind of specification holds (line 34)],300584453886.0,1129316352,223,0,-1,-1,-1,-1,0.7567975475429464
,recursive,McCarthy91_false-unreach-call_false-termination.c,Kojak-TreeInterpolation.epf,CodeCheckWithBE-C.xml,ExpectedResult: UNSAFE UltimateResult: UNSAFE   unknown kind of specification may be violated ,17326719.0,1088421888,-,-,-,-,-,-,-
,recursive,Ackermann01_true-unreach-call.c,Kojak-FP.epf,CodeCheckWithBE-C.xml,ExpectedResult: SAFE UltimateResult: TIMEOUT   [ShortDescription: Timeout LongDescription: Unable to prove that unknown kind of specification holds (line 38)],300079503061,538443776,3499,0,311034,0,314551,24539,0.7939382201994771
,recursive,Addition03_false-unreach-call.c,Kojak-FP.epf,CodeCheckWithBE-C.xml,ExpectedResult: UNSAFE UltimateResult: TIMEOUT   [ShortDescription: Timeout LongDescription: Unable to prove that unknown kind of specification holds (line 33)],310401123513.0,679477248,69,0,48053,0,25262,4562,0.3982069909499377
,recursive,EvenOdd01_true-unreach-call_true-termination.c,Kojak-TreeInterpolation.epf,CodeCheckWithBE-C.xml,ExpectedResult: SAFE UltimateResult: TIMEOUT   [ShortDescription: Timeout LongDescription: Unable to prove that unknown kind of specification holds (line 47)],300246299474.0,1042808832,49,0,-1,-1,-1,-1,0.3974630021141649
,recursive,BallRajamani-SPIN2000-Fig1_false-unreach-call.c,Kojak-TreeInterpolation.epf,CodeCheckWithBE-C.xml,ExpectedResult: UNSAFE UltimateResult: UNSAFE   unknown kind of specification may be violated ,34299296.0,706740224,2,0,-1,-1,-1,-1,0.3333333333333333
,recursive,recHanoi01_true-unreach-call_true-termination.c,Kojak-TreeInterpolation.epf,CodeCheckWithBE-C.xml,ExpectedResult: SAFE UltimateResult: TIMEOUT   [ShortDescription: Timeout LongDescription: Unable to prove that unknown kind of specification holds (line 51)],537268295408.0,2581594112,59,0,-1,-1,-1,-1,0.9003654735873332


################################# Summary #######################
Safe: 8
Unsafe: 12
Timeout: 27
Error: 1
Expected Safe: 32
Expected Unsafe: 16
Total: 48
CSV conversion gone wrong: 0

################################# Latex #######################
\newcommand{\headcolor}{}
\newcommand{\header}[1]{\parbox{2.8em}{\centering #1}\headcolor}
\newcommand{\folder}[1]{\parbox{5em}{#1}}
\begin{table}
\centering
\resizebox{\linewidth}{!}{%
\begin{tabu} to \linewidth {lcllcrrrr}
\toprule
  \header{}& 
  \header{\#}&
  \header{Result}&
  \header{Variant}& 
  \header{Count}&
  \header{Avg. runtime}&
  \header{Mem{-}ory}&
  \header{Iter{-}ations}&
  \header{ICC}\\
  \cmidrule(r){2-9}
\multirow{8}{*}{\folder{recursive}} &
\multirow{2}{*}{8} &
\multirow{2}{*}{\folder{Unsafe}} 
 & Kojak-TreeInterpolation.epf & 6 & 0.33 s & 849.17 MB & 5 & 47.97\%\\
 &  &  & Kojak-FP.epf & 6 & 0.43 s & 836.33 MB & - & -\\
  \cmidrule[0.01em](l){2-9}
& \multirow{2}{*}{16} &
\multirow{2}{*}{\folder{Safe}} 
 & Kojak-TreeInterpolation.epf & 6 & 7.39 s & 1539.00 MB & 13 & 58.74\%\\
 &  &  & Kojak-FP.epf & 2 & 0.13 s & 887.00 MB & 3 & 33.33\%\\
  \cmidrule[0.01em](l){2-9}
& \multirow{2}{*}{24} &
\multirow{2}{*}{\folder{Completed}} 
 & Kojak-TreeInterpolation.epf & 12 & 3.86 s & 1194.08 MB & 9 & 53.36\%\\
 &  &  & Kojak-FP.epf & 8 & 0.36 s & 849.00 MB & - & -\\
  \cmidrule[0.01em](l){2-9}
& & \multirow{2}{*}{\folder{Timeout}} 
 & Kojak-TreeInterpolation.epf & 12 & 322.87 s & 917.88 MB & 6.2 K & 73.28\%\\
 &  &  & Kojak-FP.epf & 15 & 303.68 s & 1097.43 MB & 837 & 43.97\%\\
\bottomrule
& & & & & & & & \\
\end{tabu}}
\caption{Results for CodeCheckWithBE-C.xml.}
\end{table}