################################# CSV #######################
,Folder,File,Settings,Toolchain,Message,Runtime (ns),Allocated memory end (bytes),Overall iterations,NumberOfCodeBlocks,SizeOfPredicatesFP,SizeOfPredicatesBP,Conjuncts in SSA,Conjuncts in UnsatCore,ICC %
,ntdrivers-simplified,diskperf_simpl1_true-unreach-call_true-termination.cil.c,Kojak-FP.epf,CodeCheckWithBE-C.xml,ExpectedResult: SAFE UltimateResult: EXCEPTION_OR_ERROR   [ShortDescription: SMTLIBException LongDescription: de.uni_freiburg.informatik.ultimate.logic.SMTLIBException: Cannot create quantifier in quantifier-free logic],3597639499,1106771968,-,-,-,-,-,-,-
,ntdrivers-simplified,floppy_simpl3_false-unreach-call_true-termination.cil.c,Kojak-FP.epf,CodeCheckWithBE-C.xml,ExpectedResult: UNSAFE UltimateResult: EXCEPTION_OR_ERROR   [ShortDescription: SMTLIBException LongDescription: de.uni_freiburg.informatik.ultimate.logic.SMTLIBException: Cannot create quantifier in quantifier-free logic],2379380558,743964672,-,-,-,-,-,-,-
,ntdrivers-simplified,diskperf_simpl1_true-unreach-call_true-termination.cil.c,Kojak-TreeInterpolation.epf,CodeCheckWithBE-C.xml,ExpectedResult: SAFE UltimateResult: TIMEOUT   [ShortDescription: Timeout LongDescription: Unable to prove that unknown kind of specification holds (line 34)],314326504419,1106771968,174,0,-1,-1,-1,-1,1.0
,ntdrivers-simplified,floppy_simpl4_false-unreach-call_true-termination.cil.c,Kojak-TreeInterpolation.epf,CodeCheckWithBE-C.xml,ExpectedResult: UNSAFE UltimateResult: UNSAFE   unknown kind of specification may be violated ,136990416453,8.8604672E+8,197,0,-1,-1,-1,-1,1.0
,ntdrivers-simplified,floppy_simpl3_true-unreach-call_true-termination.cil.c,Kojak-TreeInterpolation.epf,CodeCheckWithBE-C.xml,ExpectedResult: SAFE UltimateResult: TIMEOUT   [ShortDescription: Timeout LongDescription: Unable to prove that unknown kind of specification holds (line 38)],301153863823.0,750780416,261,0,-1,-1,-1,-1,1.0
,ntdrivers-simplified,floppy_simpl4_false-unreach-call_true-termination.cil.c,Kojak-FP.epf,CodeCheckWithBE-C.xml,ExpectedResult: UNSAFE UltimateResult: EXCEPTION_OR_ERROR   [ShortDescription: SMTLIBException LongDescription: de.uni_freiburg.informatik.ultimate.logic.SMTLIBException: Cannot create quantifier in quantifier-free logic],27910907977,8.8604672E+8,-,-,-,-,-,-,-
,ntdrivers-simplified,floppy_simpl3_false-unreach-call_true-termination.cil.c,Kojak-TreeInterpolation.epf,CodeCheckWithBE-C.xml,ExpectedResult: UNSAFE UltimateResult: UNSAFE   unknown kind of specification may be violated ,76590533995,743964672,116,0,-1,-1,-1,-1,1.0
,ntdrivers-simplified,kbfiltr_simpl1_true-unreach-call_true-termination.cil.c,Kojak-TreeInterpolation.epf,CodeCheckWithBE-C.xml,ExpectedResult: SAFE UltimateResult: SAFE   [ShortDescription: All specifications hold LongDescription: 1 specifications checked. All of them hold],2232070923.0,1243611136,29,0,-1,-1,-1,-1,1.0
,ntdrivers-simplified,kbfiltr_simpl2_true-unreach-call_true-termination.cil.c,Kojak-TreeInterpolation.epf,CodeCheckWithBE-C.xml,ExpectedResult: SAFE UltimateResult: SAFE   [ShortDescription: All specifications hold LongDescription: 1 specifications checked. All of them hold],5778712441.0,1820327936,64,0,-1,-1,-1,-1,1.0
,ntdrivers-simplified,floppy_simpl3_true-unreach-call_true-termination.cil.c,Kojak-FP.epf,CodeCheckWithBE-C.xml,ExpectedResult: SAFE UltimateResult: EXCEPTION_OR_ERROR   [ShortDescription: SMTLIBException LongDescription: de.uni_freiburg.informatik.ultimate.logic.SMTLIBException: Cannot create quantifier in quantifier-free logic],2297124541.0,750780416,-,-,-,-,-,-,-
,ntdrivers-simplified,kbfiltr_simpl2_false-unreach-call_true-termination.cil.c,Kojak-TreeInterpolation.epf,CodeCheckWithBE-C.xml,ExpectedResult: UNSAFE UltimateResult: UNSAFE   unknown kind of specification may be violated ,1905479111.0,1701838848,38,0,-1,-1,-1,-1,1.0
,ntdrivers-simplified,kbfiltr_simpl1_true-unreach-call_true-termination.cil.c,Kojak-FP.epf,CodeCheckWithBE-C.xml,ExpectedResult: SAFE UltimateResult: SAFE   [ShortDescription: All specifications hold LongDescription: 1 specifications checked. All of them hold],5039596939.0,1102053376,36,0,4308,0,10278,255,1.0
,ntdrivers-simplified,floppy_simpl4_true-unreach-call_true-termination.cil.c,Kojak-TreeInterpolation.epf,CodeCheckWithBE-C.xml,ExpectedResult: SAFE UltimateResult: TIMEOUT   [ShortDescription: Timeout LongDescription: Unable to prove that unknown kind of specification holds (line 2163)],300564126040,1351614464,324,0,-1,-1,-1,-1,1.0
,ntdrivers-simplified,cdaudio_simpl1_true-unreach-call_true-termination.cil.c,Kojak-TreeInterpolation.epf,CodeCheckWithBE-C.xml,ExpectedResult: SAFE UltimateResult: TIMEOUT   [ShortDescription: Timeout LongDescription: Unable to prove that unknown kind of specification holds (line 36)],302079475107,2098724864,248,0,-1,-1,-1,-1,0.8888888888888888
,ntdrivers-simplified,cdaudio_simpl1_false-unreach-call_true-termination.cil.c,Kojak-TreeInterpolation.epf,CodeCheckWithBE-C.xml,ExpectedResult: UNSAFE UltimateResult: TIMEOUT   [ShortDescription: Timeout LongDescription: Unable to prove that unknown kind of specification holds (line 36)],301448428860,2.45891072E+9,252,0,-1,-1,-1,-1,0.8823529411764706
,ntdrivers-simplified,cdaudio_simpl1_true-unreach-call_true-termination.cil.c,Kojak-FP.epf,CodeCheckWithBE-C.xml,ExpectedResult: SAFE UltimateResult: EXCEPTION_OR_ERROR   [ShortDescription: SMTLIBException LongDescription: de.uni_freiburg.informatik.ultimate.logic.SMTLIBException: Cannot create quantifier in quantifier-free logic],8480826628,2098724864,-,-,-,-,-,-,-
,ntdrivers-simplified,kbfiltr_simpl2_true-unreach-call_true-termination.cil.c,Kojak-FP.epf,CodeCheckWithBE-C.xml,ExpectedResult: SAFE UltimateResult: SAFE   [ShortDescription: All specifications hold LongDescription: 1 specifications checked. All of them hold],19932556100.0,1900019712,70,0,7907,0,20683,432,1.0
,ntdrivers-simplified,kbfiltr_simpl2_false-unreach-call_true-termination.cil.c,Kojak-FP.epf,CodeCheckWithBE-C.xml,ExpectedResult: UNSAFE UltimateResult: EXCEPTION_OR_ERROR   [ShortDescription: SMTLIBException LongDescription: de.uni_freiburg.informatik.ultimate.logic.SMTLIBException: Cannot create quantifier in quantifier-free logic],1470463830.0,1.45752064E+9,-,-,-,-,-,-,-
,ntdrivers-simplified,floppy_simpl4_true-unreach-call_true-termination.cil.c,Kojak-FP.epf,CodeCheckWithBE-C.xml,ExpectedResult: SAFE UltimateResult: EXCEPTION_OR_ERROR   [ShortDescription: SMTLIBException LongDescription: de.uni_freiburg.informatik.ultimate.logic.SMTLIBException: Cannot create quantifier in quantifier-free logic],16586917712,1404567552,-,-,-,-,-,-,-
,ntdrivers-simplified,cdaudio_simpl1_false-unreach-call_true-termination.cil.c,Kojak-FP.epf,CodeCheckWithBE-C.xml,ExpectedResult: UNSAFE UltimateResult: EXCEPTION_OR_ERROR   [ShortDescription: SMTLIBException LongDescription: de.uni_freiburg.informatik.ultimate.logic.SMTLIBException: Cannot create quantifier in quantifier-free logic],14984118444,2.45891072E+9,-,-,-,-,-,-,-


################################# Summary #######################
Safe: 4
Unsafe: 3
Timeout: 5
Error: 8
Expected Safe: 12
Expected Unsafe: 8
Total: 20
CSV conversion gone wrong: 0

################################# Latex #######################
\newcommand{\headcolor}{}
\newcommand{\header}[1]{\parbox{2.8em}{\centering #1}\headcolor}
\newcommand{\folder}[1]{\parbox{5em}{#1}}
\begin{table}
\centering
\resizebox{\linewidth}{!}{%
\begin{tabu} to \linewidth {lcllcrrrr}
\toprule
  \header{}& 
  \header{\#}&
  \header{Result}&
  \header{Variant}& 
  \header{Count}&
  \header{Avg. runtime}&
  \header{Mem{-}ory}&
  \header{Iter{-}ations}&
  \header{ICC}\\
  \cmidrule(r){2-9}
\multirow{8}{*}{\folder{ntdrivers-simplified}} &
\multirow{2}{*}{4} &
\multirow{2}{*}{\folder{Unsafe}} 
 & Kojak-TreeInterpolation.epf & 3 & 71.83 s & 1059.17 MB & 117 & 100.00\%\\
 &  &  & Kojak-FP.epf & 0 & - & - & - & -\\
  \cmidrule[0.01em](l){2-9}
& \multirow{2}{*}{6} &
\multirow{2}{*}{\folder{Safe}} 
 & Kojak-TreeInterpolation.epf & 2 & 4.01 s & 1461.00 MB & 46 & 100.00\%\\
 &  &  & Kojak-FP.epf & 2 & 12.49 s & 1431.50 MB & 53 & 100.00\%\\
  \cmidrule[0.01em](l){2-9}
& \multirow{2}{*}{10} &
\multirow{2}{*}{\folder{Completed}} 
 & Kojak-TreeInterpolation.epf & 5 & 44.70 s & 1219.90 MB & 88 & 100.00\%\\
 &  &  & Kojak-FP.epf & 2 & 12.49 s & 1431.50 MB & 53 & 100.00\%\\
  \cmidrule[0.01em](l){2-9}
& & \multirow{2}{*}{\folder{Timeout}} 
 & Kojak-TreeInterpolation.epf & 5 & 303.91 s & 1481.40 MB & 251 & 95.43\%\\
 &  &  & Kojak-FP.epf & 0 & - & - & - & -\\
\bottomrule
& & & & & & & & \\
\end{tabu}}
\caption{Results for CodeCheckWithBE-C.xml.}
\end{table}