################################# CSV #######################
,Folder,File,Settings,Toolchain,Message,Runtime (ns),Allocated memory end (bytes),Overall iterations,NumberOfCodeBlocks,SizeOfPredicatesFP,SizeOfPredicatesBP,Conjuncts in SSA,Conjuncts in UnsatCore,ICC %
,locks,test_locks_5_true-unreach-call_false-termination.c,Impulse-FP.epf,ImpulseWithBE-C.xml,ExpectedResult: SAFE UltimateResult: SAFE   [ShortDescription: All specifications hold LongDescription: 1 specifications checked. All of them hold],53964781.0,7.4448896E+8,2,0,6,0,17,1,1.0
,locks,test_locks_12_true-unreach-call_false-termination.c,Impulse-TreeInterpolation.epf,ImpulseWithBE-C.xml,ExpectedResult: SAFE UltimateResult: SAFE   [ShortDescription: All specifications hold LongDescription: 1 specifications checked. All of them hold],316598352.0,278396928,2,0,-1,-1,-1,-1,1.0
,locks,test_locks_10_true-unreach-call.c,Impulse-TreeInterpolation.epf,ImpulseWithBE-C.xml,ExpectedResult: SAFE UltimateResult: SAFE   [ShortDescription: All specifications hold LongDescription: 1 specifications checked. All of them hold],807095364.0,1.6252928E+8,2,0,-1,-1,-1,-1,1.0
,locks,test_locks_8_true-unreach-call_false-termination.c,Impulse-FP.epf,ImpulseWithBE-C.xml,ExpectedResult: SAFE UltimateResult: SAFE   [ShortDescription: All specifications hold LongDescription: 1 specifications checked. All of them hold],160356898.0,7.4448896E+8,2,0,6,0,20,1,1.0
,locks,test_locks_15_true-unreach-call_false-termination.c,Impulse-TreeInterpolation.epf,ImpulseWithBE-C.xml,ExpectedResult: SAFE UltimateResult: SAFE   [ShortDescription: All specifications hold LongDescription: 1 specifications checked. All of them hold],348338880.0,7.4448896E+8,2,0,-1,-1,-1,-1,1.0
,locks,test_locks_15_false-unreach-call.c,Impulse-TreeInterpolation.epf,ImpulseWithBE-C.xml,ExpectedResult: UNSAFE UltimateResult: UNSAFE   unknown kind of specification may be violated ,373232905.0,536346624,2,0,-1,-1,-1,-1,1.0
,locks,test_locks_14_false-unreach-call.c,Impulse-TreeInterpolation.epf,ImpulseWithBE-C.xml,ExpectedResult: UNSAFE UltimateResult: UNSAFE   unknown kind of specification may be violated ,407574982.0,402128896,2,0,-1,-1,-1,-1,1.0
,locks,test_locks_14_true-unreach-call.c,Impulse-FP.epf,ImpulseWithBE-C.xml,ExpectedResult: SAFE UltimateResult: SAFE   [ShortDescription: All specifications hold LongDescription: 1 specifications checked. All of them hold],248912801.0,402128896,2,0,6,0,26,1,1.0
,locks,test_locks_6_true-unreach-call_false-termination.c,Impulse-TreeInterpolation.epf,ImpulseWithBE-C.xml,ExpectedResult: SAFE UltimateResult: SAFE   [ShortDescription: All specifications hold LongDescription: 1 specifications checked. All of them hold],103896830.0,7.4448896E+8,2,0,-1,-1,-1,-1,1.0
,locks,test_locks_13_true-unreach-call.c,Impulse-TreeInterpolation.epf,ImpulseWithBE-C.xml,ExpectedResult: SAFE UltimateResult: SAFE   [ShortDescription: All specifications hold LongDescription: 1 specifications checked. All of them hold],292315016.0,3.6962304E+8,2,0,-1,-1,-1,-1,1.0
,locks,test_locks_9_true-unreach-call.c,Impulse-TreeInterpolation.epf,ImpulseWithBE-C.xml,ExpectedResult: SAFE UltimateResult: SAFE   [ShortDescription: All specifications hold LongDescription: 1 specifications checked. All of them hold],258270589.0,7.4448896E+8,2,0,-1,-1,-1,-1,1.0
,locks,test_locks_13_true-unreach-call.c,Impulse-FP.epf,ImpulseWithBE-C.xml,ExpectedResult: SAFE UltimateResult: SAFE   [ShortDescription: All specifications hold LongDescription: 1 specifications checked. All of them hold],351552932.0,279445504,2,0,6,0,25,1,1.0
,locks,test_locks_5_true-unreach-call_false-termination.c,Impulse-TreeInterpolation.epf,ImpulseWithBE-C.xml,ExpectedResult: SAFE UltimateResult: SAFE   [ShortDescription: All specifications hold LongDescription: 1 specifications checked. All of them hold],60045426.0,7.4448896E+8,2,0,-1,-1,-1,-1,1.0
,locks,test_locks_8_true-unreach-call_false-termination.c,Impulse-TreeInterpolation.epf,ImpulseWithBE-C.xml,ExpectedResult: SAFE UltimateResult: SAFE   [ShortDescription: All specifications hold LongDescription: 1 specifications checked. All of them hold],184719325.0,7.4448896E+8,2,0,-1,-1,-1,-1,1.0
,locks,test_locks_7_true-unreach-call_false-termination.c,Impulse-FP.epf,ImpulseWithBE-C.xml,ExpectedResult: SAFE UltimateResult: SAFE   [ShortDescription: All specifications hold LongDescription: 1 specifications checked. All of them hold],259382088.0,7.4448896E+8,2,0,6,0,19,1,1.0
,locks,test_locks_9_true-unreach-call.c,Impulse-FP.epf,ImpulseWithBE-C.xml,ExpectedResult: SAFE UltimateResult: SAFE   [ShortDescription: All specifications hold LongDescription: 1 specifications checked. All of them hold],248918838.0,7.4448896E+8,2,0,6,0,21,1,1.0
,locks,test_locks_15_false-unreach-call.c,Impulse-FP.epf,ImpulseWithBE-C.xml,ExpectedResult: UNSAFE UltimateResult: UNSAFE   unknown kind of specification may be violated ,282534001.0,535298048,2,0,6,0,27,1,1.0
,locks,test_locks_14_false-unreach-call.c,Impulse-FP.epf,ImpulseWithBE-C.xml,ExpectedResult: UNSAFE UltimateResult: UNSAFE   unknown kind of specification may be violated ,247774436.0,3.6962304E+8,2,0,6,0,26,1,1.0
,locks,test_locks_14_true-unreach-call.c,Impulse-TreeInterpolation.epf,ImpulseWithBE-C.xml,ExpectedResult: SAFE UltimateResult: SAFE   [ShortDescription: All specifications hold LongDescription: 1 specifications checked. All of them hold],343873562.0,535298048,2,0,-1,-1,-1,-1,1.0
,locks,test_locks_7_true-unreach-call_false-termination.c,Impulse-TreeInterpolation.epf,ImpulseWithBE-C.xml,ExpectedResult: SAFE UltimateResult: SAFE   [ShortDescription: All specifications hold LongDescription: 1 specifications checked. All of them hold],130825184.0,7.4448896E+8,2,0,-1,-1,-1,-1,1.0
,locks,test_locks_11_true-unreach-call_false-termination.c,Impulse-FP.epf,ImpulseWithBE-C.xml,ExpectedResult: SAFE UltimateResult: SAFE   [ShortDescription: All specifications hold LongDescription: 1 specifications checked. All of them hold],509201417,216530944,2,0,6,0,23,1,1.0
,locks,test_locks_10_true-unreach-call.c,Impulse-FP.epf,ImpulseWithBE-C.xml,ExpectedResult: SAFE UltimateResult: SAFE   [ShortDescription: All specifications hold LongDescription: 1 specifications checked. All of them hold],2040093073,140509184,2,0,6,0,22,1,1.0
,locks,test_locks_15_true-unreach-call_false-termination.c,Impulse-FP.epf,ImpulseWithBE-C.xml,ExpectedResult: SAFE UltimateResult: SAFE   [ShortDescription: All specifications hold LongDescription: 1 specifications checked. All of them hold],313315474.0,536346624,2,0,6,0,27,1,1.0
,locks,test_locks_11_true-unreach-call_false-termination.c,Impulse-TreeInterpolation.epf,ImpulseWithBE-C.xml,ExpectedResult: SAFE UltimateResult: SAFE   [ShortDescription: All specifications hold LongDescription: 1 specifications checked. All of them hold],334475926.0,216530944,2,0,-1,-1,-1,-1,1.0
,locks,test_locks_6_true-unreach-call_false-termination.c,Impulse-FP.epf,ImpulseWithBE-C.xml,ExpectedResult: SAFE UltimateResult: SAFE   [ShortDescription: All specifications hold LongDescription: 1 specifications checked. All of them hold],73297386.0,7.4448896E+8,2,0,6,0,18,1,1.0
,locks,test_locks_12_true-unreach-call_false-termination.c,Impulse-FP.epf,ImpulseWithBE-C.xml,ExpectedResult: SAFE UltimateResult: SAFE   [ShortDescription: All specifications hold LongDescription: 1 specifications checked. All of them hold],332700908.0,219152384,2,0,6,0,24,1,1.0


################################# Summary #######################
Safe: 22
Unsafe: 4
Timeout: 0
Error: 0
Expected Safe: 22
Expected Unsafe: 4
Total: 26
CSV conversion gone wrong: 0

################################# Latex #######################
\newcommand{\headcolor}{}
\newcommand{\header}[1]{\parbox{2.8em}{\centering #1}\headcolor}
\newcommand{\folder}[1]{\parbox{5em}{#1}}
\begin{table}
\centering
\resizebox{\linewidth}{!}{%
\begin{tabu} to \linewidth {lcllcrrrr}
\toprule
  \header{}& 
  \header{\#}&
  \header{Result}&
  \header{Variant}& 
  \header{Count}&
  \header{Avg. runtime}&
  \header{Mem{-}ory}&
  \header{Iter{-}ations}&
  \header{ICC}\\
  \cmidrule(r){2-9}
\multirow{8}{*}{\folder{locks}} &
\multirow{2}{*}{2} &
\multirow{2}{*}{\folder{Unsafe}} 
 & Impulse-TreeInterpolation.epf & 2 & 0.39 s & 447.50 MB & 2 & 100.00\%\\
 &  &  & Impulse-FP.epf & 2 & 0.27 s & 431.50 MB & 2 & 100.00\%\\
  \cmidrule[0.01em](l){2-9}
& \multirow{2}{*}{11} &
\multirow{2}{*}{\folder{Safe}} 
 & Impulse-TreeInterpolation.epf & 11 & 0.29 s & 522.73 MB & 2 & 100.00\%\\
 &  &  & Impulse-FP.epf & 11 & 0.42 s & 478.27 MB & 2 & 100.00\%\\
  \cmidrule[0.01em](l){2-9}
& \multirow{2}{*}{13} &
\multirow{2}{*}{\folder{Completed}} 
 & Impulse-TreeInterpolation.epf & 13 & 0.30 s & 511.15 MB & 2 & 100.00\%\\
 &  &  & Impulse-FP.epf & 13 & 0.39 s & 471.08 MB & 2 & 100.00\%\\
  \cmidrule[0.01em](l){2-9}
& & \multirow{2}{*}{\folder{Timeout}} 
 & Impulse-TreeInterpolation.epf & 0 & - & - & - & -\\
 &  &  & Impulse-FP.epf & 0 & - & - & - & -\\
\bottomrule
& & & & & & & & \\
\end{tabu}}
\caption{Results for ImpulseWithBE-C.xml.}
\end{table}