################################# CSV #######################
,Folder,File,Settings,Toolchain,Message,Runtime (ns),Allocated memory end (bytes),Overall iterations,NumberOfCodeBlocks,SizeOfPredicatesFP,SizeOfPredicatesBP,Conjuncts in SSA,Conjuncts in UnsatCore,ICC %
,ntdrivers-simplified,cdaudio_simpl1_false-unreach-call_true-termination.cil.c,Impulse-FP.epf,ImpulseWithBE-C.xml,ExpectedResult: UNSAFE UltimateResult: SAFE   [ShortDescription: All specifications hold LongDescription: 1 specifications checked. All of them hold],3157861611,2.228224E+8,2,0,20,0,209,2,1.0
,ntdrivers-simplified,kbfiltr_simpl2_false-unreach-call_true-termination.cil.c,Impulse-FP.epf,ImpulseWithBE-C.xml,ExpectedResult: UNSAFE UltimateResult: SAFE   [ShortDescription: All specifications hold LongDescription: 1 specifications checked. All of them hold],334128470.0,763887616,2,0,16,0,189,2,1.0
,ntdrivers-simplified,floppy_simpl3_true-unreach-call_true-termination.cil.c,Impulse-FP.epf,ImpulseWithBE-C.xml,ExpectedResult: SAFE UltimateResult: SAFE   [ShortDescription: All specifications hold LongDescription: 1 specifications checked. All of them hold],638499118.0,569901056,2,0,16,0,221,2,1.0
,ntdrivers-simplified,cdaudio_simpl1_true-unreach-call_true-termination.cil.c,Impulse-TreeInterpolation.epf,ImpulseWithBE-C.xml,ExpectedResult: SAFE UltimateResult: SAFE   [ShortDescription: All specifications hold LongDescription: 1 specifications checked. All of them hold],922862477.0,444071936,2,0,-1,-1,-1,-1,1.0
,ntdrivers-simplified,kbfiltr_simpl2_true-unreach-call_true-termination.cil.c,Impulse-TreeInterpolation.epf,ImpulseWithBE-C.xml,ExpectedResult: SAFE UltimateResult: SAFE   [ShortDescription: All specifications hold LongDescription: 1 specifications checked. All of them hold],482483769.0,908066816,2,0,-1,-1,-1,-1,1.0
,ntdrivers-simplified,kbfiltr_simpl1_true-unreach-call_true-termination.cil.c,Impulse-TreeInterpolation.epf,ImpulseWithBE-C.xml,ExpectedResult: SAFE UltimateResult: SAFE   [ShortDescription: All specifications hold LongDescription: 1 specifications checked. All of them hold],290293669.0,763887616,2,0,-1,-1,-1,-1,1.0
,ntdrivers-simplified,cdaudio_simpl1_true-unreach-call_true-termination.cil.c,Impulse-FP.epf,ImpulseWithBE-C.xml,ExpectedResult: SAFE UltimateResult: SAFE   [ShortDescription: All specifications hold LongDescription: 1 specifications checked. All of them hold],1077116695,4.4302336E+8,2,0,16,0,210,2,1.0
,ntdrivers-simplified,floppy_simpl3_false-unreach-call_true-termination.cil.c,Impulse-TreeInterpolation.epf,ImpulseWithBE-C.xml,ExpectedResult: UNSAFE UltimateResult: SAFE   [ShortDescription: All specifications hold LongDescription: 1 specifications checked. All of them hold],320372077.0,568328192,2,0,-1,-1,-1,-1,1.0
,ntdrivers-simplified,kbfiltr_simpl2_true-unreach-call_true-termination.cil.c,Impulse-FP.epf,ImpulseWithBE-C.xml,ExpectedResult: SAFE UltimateResult: SAFE   [ShortDescription: All specifications hold LongDescription: 1 specifications checked. All of them hold],352847365.0,763887616,2,0,16,0,189,2,1.0
,ntdrivers-simplified,floppy_simpl4_true-unreach-call_true-termination.cil.c,Impulse-TreeInterpolation.epf,ImpulseWithBE-C.xml,ExpectedResult: SAFE UltimateResult: SAFE   [ShortDescription: All specifications hold LongDescription: 1 specifications checked. All of them hold],708122097.0,763887616,2,0,-1,-1,-1,-1,1.0
,ntdrivers-simplified,diskperf_simpl1_true-unreach-call_true-termination.cil.c,Impulse-TreeInterpolation.epf,ImpulseWithBE-C.xml,ExpectedResult: SAFE UltimateResult: SAFE   [ShortDescription: All specifications hold LongDescription: 1 specifications checked. All of them hold],455030154,568328192,2,0,-1,-1,-1,-1,1.0
,ntdrivers-simplified,kbfiltr_simpl1_true-unreach-call_true-termination.cil.c,Impulse-FP.epf,ImpulseWithBE-C.xml,ExpectedResult: SAFE UltimateResult: SAFE   [ShortDescription: All specifications hold LongDescription: 1 specifications checked. All of them hold],350286871.0,763887616,2,0,16,0,183,2,1.0
,ntdrivers-simplified,kbfiltr_simpl2_false-unreach-call_true-termination.cil.c,Impulse-TreeInterpolation.epf,ImpulseWithBE-C.xml,ExpectedResult: UNSAFE UltimateResult: SAFE   [ShortDescription: All specifications hold LongDescription: 1 specifications checked. All of them hold],378120545.0,763887616,2,0,-1,-1,-1,-1,1.0
,ntdrivers-simplified,cdaudio_simpl1_false-unreach-call_true-termination.cil.c,Impulse-TreeInterpolation.epf,ImpulseWithBE-C.xml,ExpectedResult: UNSAFE UltimateResult: SAFE   [ShortDescription: All specifications hold LongDescription: 1 specifications checked. All of them hold],1314050840,291504128,2,0,-1,-1,-1,-1,1.0
,ntdrivers-simplified,floppy_simpl3_false-unreach-call_true-termination.cil.c,Impulse-FP.epf,ImpulseWithBE-C.xml,ExpectedResult: UNSAFE UltimateResult: SAFE   [ShortDescription: All specifications hold LongDescription: 1 specifications checked. All of them hold],408703386.0,568328192,2,0,16,0,221,2,1.0
,ntdrivers-simplified,floppy_simpl4_false-unreach-call_true-termination.cil.c,Impulse-FP.epf,ImpulseWithBE-C.xml,ExpectedResult: UNSAFE UltimateResult: SAFE   [ShortDescription: All specifications hold LongDescription: 1 specifications checked. All of them hold],463187087.0,569901056,2,0,16,0,221,2,1.0
,ntdrivers-simplified,diskperf_simpl1_true-unreach-call_true-termination.cil.c,Impulse-FP.epf,ImpulseWithBE-C.xml,ExpectedResult: SAFE UltimateResult: SAFE   [ShortDescription: All specifications hold LongDescription: 1 specifications checked. All of them hold],407950512,444071936,2,0,20,0,197,2,1.0
,ntdrivers-simplified,floppy_simpl3_true-unreach-call_true-termination.cil.c,Impulse-TreeInterpolation.epf,ImpulseWithBE-C.xml,ExpectedResult: SAFE UltimateResult: SAFE   [ShortDescription: All specifications hold LongDescription: 1 specifications checked. All of them hold],348260390.0,569901056,2,0,-1,-1,-1,-1,1.0
,ntdrivers-simplified,floppy_simpl4_true-unreach-call_true-termination.cil.c,Impulse-FP.epf,ImpulseWithBE-C.xml,ExpectedResult: SAFE UltimateResult: SAFE   [ShortDescription: All specifications hold LongDescription: 1 specifications checked. All of them hold],516464199,761266176,2,0,16,0,221,2,1.0
,ntdrivers-simplified,floppy_simpl4_false-unreach-call_true-termination.cil.c,Impulse-TreeInterpolation.epf,ImpulseWithBE-C.xml,ExpectedResult: UNSAFE UltimateResult: SAFE   [ShortDescription: All specifications hold LongDescription: 1 specifications checked. All of them hold],914842895.0,761266176,2,0,-1,-1,-1,-1,1.0


################################# Summary #######################
Safe: 12
Unsafe: 0
Timeout: 0
Error: 8
Expected Safe: 12
Expected Unsafe: 8
Total: 20
CSV conversion gone wrong: 0

################################# Latex #######################
\newcommand{\headcolor}{}
\newcommand{\header}[1]{\parbox{2.8em}{\centering #1}\headcolor}
\newcommand{\folder}[1]{\parbox{5em}{#1}}
\begin{table}
\centering
\resizebox{\linewidth}{!}{%
\begin{tabu} to \linewidth {lcllcrrrr}
\toprule
  \header{}& 
  \header{\#}&
  \header{Result}&
  \header{Variant}& 
  \header{Count}&
  \header{Avg. runtime}&
  \header{Mem{-}ory}&
  \header{Iter{-}ations}&
  \header{ICC}\\
  \cmidrule(r){2-9}
\multirow{8}{*}{\folder{ntdrivers-simplified}} &
\multirow{2}{*}{4} &
\multirow{2}{*}{\folder{Unsafe}} 
 & Impulse-TreeInterpolation.epf & 0 & - & - & - & -\\
 &  &  & Impulse-FP.epf & 0 & - & - & - & -\\
  \cmidrule[0.01em](l){2-9}
& \multirow{2}{*}{6} &
\multirow{2}{*}{\folder{Safe}} 
 & Impulse-TreeInterpolation.epf & 6 & 0.53 s & 638.67 MB & 2 & 100.00\%\\
 &  &  & Impulse-FP.epf & 6 & 0.56 s & 595.42 MB & 2 & 100.00\%\\
  \cmidrule[0.01em](l){2-9}
& \multirow{2}{*}{10} &
\multirow{2}{*}{\folder{Completed}} 
 & Impulse-TreeInterpolation.epf & 6 & 0.53 s & 638.67 MB & 2 & 100.00\%\\
 &  &  & Impulse-FP.epf & 6 & 0.56 s & 595.42 MB & 2 & 100.00\%\\
  \cmidrule[0.01em](l){2-9}
& & \multirow{2}{*}{\folder{Timeout}} 
 & Impulse-TreeInterpolation.epf & 0 & - & - & - & -\\
 &  &  & Impulse-FP.epf & 0 & - & - & - & -\\
\bottomrule
& & & & & & & & \\
\end{tabu}}
\caption{Results for ImpulseWithBE-C.xml.}
\end{table}