################################# CSV #######################
,Folder,File,Settings,Toolchain,Message,Runtime (ns),Allocated memory end (bytes),Overall iterations,NumberOfCodeBlocks,SizeOfPredicatesFP,SizeOfPredicatesBP,Conjuncts in SSA,Conjuncts in UnsatCore,ICC %
,ssh-simplified,s3_clnt_1_false-unreach-call.cil.c,Kojak-TreeInterpolation.epf,CodeCheckWithBE-C.xml,ExpectedResult: UNSAFE UltimateResult: UNSAFE   unknown kind of specification may be violated ,4062453881,1432879104,36,0,-1,-1,-1,-1,0.7987551867219918
,ssh-simplified,s3_srvr_1_true-unreach-call.cil.c,Kojak-TreeInterpolation.epf,CodeCheckWithBE-C.xml,ExpectedResult: SAFE UltimateResult: SAFE   [ShortDescription: All specifications hold LongDescription: 1 specifications checked. All of them hold],12371155704.0,1.96870144E+9,50,0,-1,-1,-1,-1,0.7841483979763912
,ssh-simplified,s3_srvr_10_false-unreach-call.cil.c,Kojak-FP.epf,CodeCheckWithBE-C.xml,ExpectedResult: UNSAFE UltimateResult: UNSAFE   unknown kind of specification may be violated ,567251976.0,1839726592,7,0,71,0,568,12,1.0
,ssh-simplified,s3_clnt_4_false-unreach-call.cil.c,Kojak-TreeInterpolation.epf,CodeCheckWithBE-C.xml,ExpectedResult: UNSAFE UltimateResult: UNSAFE   unknown kind of specification may be violated ,4599873940.0,1022885888,31,0,-1,-1,-1,-1,0.8176795580110497
,ssh-simplified,s3_clnt_2_true-unreach-call_true-termination.cil.c,Kojak-TreeInterpolation.epf,CodeCheckWithBE-C.xml,ExpectedResult: SAFE UltimateResult: SAFE   [ShortDescription: All specifications hold LongDescription: 1 specifications checked. All of them hold],23635318791.0,1398276096,75,0,-1,-1,-1,-1,0.8877724313614492
,ssh-simplified,s3_srvr_4_true-unreach-call.cil.c,Kojak-TreeInterpolation.epf,CodeCheckWithBE-C.xml,ExpectedResult: SAFE UltimateResult: SAFE   [ShortDescription: All specifications hold LongDescription: 1 specifications checked. All of them hold],17718359650.0,1.73801472E+9,53,0,-1,-1,-1,-1,0.8675213675213675
,ssh-simplified,s3_srvr_6_true-unreach-call.cil.c,Kojak-TreeInterpolation.epf,CodeCheckWithBE-C.xml,ExpectedResult: SAFE UltimateResult: TIMEOUT   [ShortDescription: Timeout LongDescription: Unable to prove that unknown kind of specification holds (line 934)],306021922622.0,738197504,218,0,-1,-1,-1,-1,0.9167344724708435
,ssh-simplified,s3_clnt_2_false-unreach-call_true-termination.cil.c,Kojak-FP.epf,CodeCheckWithBE-C.xml,ExpectedResult: UNSAFE UltimateResult: UNSAFE   unknown kind of specification may be violated ,2305794943.0,1345847296,21,0,485,0,2329,68,0.6095890410958904
,ssh-simplified,s3_srvr_1_false-unreach-call.cil.c,Kojak-FP.epf,CodeCheckWithBE-C.xml,ExpectedResult: UNSAFE UltimateResult: UNSAFE   unknown kind of specification may be violated ,1057808523.0,1076887552,18,0,366,0,2182,47,0.4666666666666667
,ssh-simplified,s3_srvr_3_true-unreach-call.cil.c,Kojak-TreeInterpolation.epf,CodeCheckWithBE-C.xml,ExpectedResult: SAFE UltimateResult: SAFE   [ShortDescription: All specifications hold LongDescription: 1 specifications checked. All of them hold],57284763025.0,1860698112,117,0,-1,-1,-1,-1,0.9283227524063076
,ssh-simplified,s3_clnt_2_false-unreach-call_true-termination.cil.c,Kojak-TreeInterpolation.epf,CodeCheckWithBE-C.xml,ExpectedResult: UNSAFE UltimateResult: UNSAFE   unknown kind of specification may be violated ,4852633933.0,1962409984,29,0,-1,-1,-1,-1,0.710801393728223
,ssh-simplified,s3_clnt_4_false-unreach-call.cil.c,Kojak-FP.epf,CodeCheckWithBE-C.xml,ExpectedResult: UNSAFE UltimateResult: UNSAFE   unknown kind of specification may be violated ,1702609146.0,672137216,20,0,446,0,2141,64,0.5242718446601942
,ssh-simplified,s3_srvr_2_true-unreach-call.cil.c,Kojak-TreeInterpolation.epf,CodeCheckWithBE-C.xml,ExpectedResult: SAFE UltimateResult: SAFE   [ShortDescription: All specifications hold LongDescription: 1 specifications checked. All of them hold],13924784073.0,2321547264,44,0,-1,-1,-1,-1,0.6990801576872536
,ssh-simplified,s3_srvr_1_true-unreach-call.cil.c,Kojak-FP.epf,CodeCheckWithBE-C.xml,ExpectedResult: SAFE UltimateResult: SAFE   [ShortDescription: All specifications hold LongDescription: 1 specifications checked. All of them hold],8954888400.0,1589116928,44,0,1598,0,8046,186,0.4591679506933744
,ssh-simplified,s3_srvr_12_false-unreach-call.cil.c,Kojak-TreeInterpolation.epf,CodeCheckWithBE-C.xml,ExpectedResult: UNSAFE UltimateResult: UNSAFE   unknown kind of specification may be violated ,109251812296.0,1448083456,220,0,-1,-1,-1,-1,0.7549180327868853
,ssh-simplified,s3_clnt_4_true-unreach-call.cil.c,Kojak-FP.epf,CodeCheckWithBE-C.xml,ExpectedResult: SAFE UltimateResult: SAFE   [ShortDescription: All specifications hold LongDescription: 1 specifications checked. All of them hold],15578041365.0,1684537344,51,0,2685,0,12615,197,0.9608328179756751
,ssh-simplified,s3_clnt_3_false-unreach-call.cil.c,Kojak-FP.epf,CodeCheckWithBE-C.xml,ExpectedResult: UNSAFE UltimateResult: UNSAFE   unknown kind of specification may be violated ,2028332600.0,844627968,16,0,340,0,1698,47,0.6176470588235294
,ssh-simplified,s3_srvr_8_true-unreach-call.cil.c,Kojak-FP.epf,CodeCheckWithBE-C.xml,ExpectedResult: SAFE UltimateResult: SAFE   [ShortDescription: All specifications hold LongDescription: 1 specifications checked. All of them hold],17851255768.0,1158152192,77,0,4119,0,22534,489,0.47181399429699494
,ssh-simplified,s3_srvr_14_false-unreach-call.cil.c,Kojak-FP.epf,CodeCheckWithBE-C.xml,ExpectedResult: UNSAFE UltimateResult: UNSAFE   unknown kind of specification may be violated ,1188400273.0,630718464,7,0,91,0,616,18,0.6666666666666666
,ssh-simplified,s3_srvr_2_false-unreach-call.cil.c,Kojak-TreeInterpolation.epf,CodeCheckWithBE-C.xml,ExpectedResult: UNSAFE UltimateResult: UNSAFE   unknown kind of specification may be violated ,1586454490.0,2311061504,16,0,-1,-1,-1,-1,0.53125
,ssh-simplified,s3_srvr_13_false-unreach-call.cil.c,Kojak-FP.epf,CodeCheckWithBE-C.xml,ExpectedResult: UNSAFE UltimateResult: UNSAFE   unknown kind of specification may be violated ,6451958324.0,1155530752,48,0,1312,0,6400,151,0.4902597402597403
,ssh-simplified,s3_srvr_11_false-unreach-call.cil.c,Kojak-FP.epf,CodeCheckWithBE-C.xml,ExpectedResult: UNSAFE UltimateResult: UNSAFE   unknown kind of specification may be violated ,17538235548.0,2197291008,45,0,1633,0,7961,183,0.8088235294117647
,ssh-simplified,s3_clnt_4_true-unreach-call.cil.c,Kojak-TreeInterpolation.epf,CodeCheckWithBE-C.xml,ExpectedResult: SAFE UltimateResult: SAFE   [ShortDescription: All specifications hold LongDescription: 1 specifications checked. All of them hold],17477792952,1.96870144E+9,54,0,-1,-1,-1,-1,0.9161352040816326
,ssh-simplified,s3_srvr_6_false-unreach-call.cil.c,Kojak-TreeInterpolation.epf,CodeCheckWithBE-C.xml,ExpectedResult: UNSAFE UltimateResult: UNSAFE   unknown kind of specification may be violated ,205355984.0,1.572864E+9,-,-,-,-,-,-,-
,ssh-simplified,s3_clnt_2_true-unreach-call_true-termination.cil.c,Kojak-FP.epf,CodeCheckWithBE-C.xml,ExpectedResult: SAFE UltimateResult: SAFE   [ShortDescription: All specifications hold LongDescription: 1 specifications checked. All of them hold],42081629430.0,1962409984,84,0,5768,0,25378,402,0.9166448915599686
,ssh-simplified,s3_clnt_1_true-unreach-call.cil.c,Kojak-TreeInterpolation.epf,CodeCheckWithBE-C.xml,ExpectedResult: SAFE UltimateResult: SAFE   [ShortDescription: All specifications hold LongDescription: 1 specifications checked. All of them hold],16747445378.0,1.78520064E+9,77,0,-1,-1,-1,-1,0.9505614472863381
,ssh-simplified,s3_srvr_3_true-unreach-call.cil.c,Kojak-FP.epf,CodeCheckWithBE-C.xml,ExpectedResult: SAFE UltimateResult: SAFE   [ShortDescription: All specifications hold LongDescription: 1 specifications checked. All of them hold],18057841654.0,2109734912,56,0,2369,0,13731,231,0.8612945838837517
,ssh-simplified,s3_srvr_1a_true-unreach-call.cil.c,Kojak-TreeInterpolation.epf,CodeCheckWithBE-C.xml,ExpectedResult: SAFE UltimateResult: SAFE   [ShortDescription: All specifications hold LongDescription: 1 specifications checked. All of them hold],9115632493.0,2316304384,34,0,-1,-1,-1,-1,0.5017921146953405
,ssh-simplified,s3_srvr_6_true-unreach-call.cil.c,Kojak-FP.epf,CodeCheckWithBE-C.xml,ExpectedResult: SAFE UltimateResult: TIMEOUT   [ShortDescription: Timeout LongDescription: Unable to prove that unknown kind of specification holds (line 934)],302931695201.0,1.572864E+9,248,0,29522,0,100359,1499,0.8718046860048665
,ssh-simplified,s3_clnt_3_true-unreach-call.cil.c,Kojak-TreeInterpolation.epf,CodeCheckWithBE-C.xml,ExpectedResult: SAFE UltimateResult: SAFE   [ShortDescription: All specifications hold LongDescription: 1 specifications checked. All of them hold],122401537418.0,1201668096,163,0,-1,-1,-1,-1,0.9487338409775102
,ssh-simplified,s3_clnt_3_true-unreach-call.cil.c,Kojak-FP.epf,CodeCheckWithBE-C.xml,ExpectedResult: SAFE UltimateResult: SAFE   [ShortDescription: All specifications hold LongDescription: 1 specifications checked. All of them hold],47283213269.0,1201668096,71,0,4288,0,22515,280,0.9791397293336781
,ssh-simplified,s3_clnt_1_false-unreach-call.cil.c,Kojak-FP.epf,CodeCheckWithBE-C.xml,ExpectedResult: UNSAFE UltimateResult: UNSAFE   unknown kind of specification may be violated ,4188712265,635437056,22,0,607,0,2351,70,0.5476190476190477
,ssh-simplified,s3_srvr_1a_true-unreach-call.cil.c,Kojak-FP.epf,CodeCheckWithBE-C.xml,ExpectedResult: SAFE UltimateResult: SAFE   [ShortDescription: All specifications hold LongDescription: 1 specifications checked. All of them hold],6177105420.0,2298478592,19,0,2837,0,780,152,0.18445475638051045
,ssh-simplified,s3_clnt_3.cil_true-unreach-call_true-termination.c,Kojak-FP.epf,CodeCheckWithBE-C.xml,ExpectedResult: SAFE UltimateResult: EXCEPTION_OR_ERROR   [ShortDescription: SMTLIBException LongDescription: de.uni_freiburg.informatik.ultimate.logic.SMTLIBException: Cannot create quantifier in quantifier-free logic],9843520556.0,1635254272,-,-,-,-,-,-,-
,ssh-simplified,s3_srvr_1_false-unreach-call.cil.c,Kojak-TreeInterpolation.epf,CodeCheckWithBE-C.xml,ExpectedResult: UNSAFE UltimateResult: UNSAFE   unknown kind of specification may be violated ,1527347160.0,1246232576,19,0,-1,-1,-1,-1,0.42592592592592593
,ssh-simplified,s3_clnt_3.cil_true-unreach-call_true-termination.c,Kojak-TreeInterpolation.epf,CodeCheckWithBE-C.xml,ExpectedResult: SAFE UltimateResult: SAFE   [ShortDescription: All specifications hold LongDescription: 1 specifications checked. All of them hold],108705594112.0,1635254272,154,0,-1,-1,-1,-1,0.9343701788767044
,ssh-simplified,s3_srvr_2_true-unreach-call.cil.c,Kojak-FP.epf,CodeCheckWithBE-C.xml,ExpectedResult: SAFE UltimateResult: SAFE   [ShortDescription: All specifications hold LongDescription: 1 specifications checked. All of them hold],20191480078.0,2321547264,46,0,1821,0,10548,181,0.9127878490935816
,ssh-simplified,s3_srvr_10_false-unreach-call.cil.c,Kojak-TreeInterpolation.epf,CodeCheckWithBE-C.xml,ExpectedResult: UNSAFE UltimateResult: UNSAFE   unknown kind of specification may be violated ,392379815.0,1839726592,3,0,-1,-1,-1,-1,1.0
,ssh-simplified,s3_srvr_6_false-unreach-call.cil.c,Kojak-FP.epf,CodeCheckWithBE-C.xml,ExpectedResult: UNSAFE UltimateResult: UNSAFE   unknown kind of specification may be violated ,243868752.0,1.62791424E+9,-,-,-,-,-,-,-
,ssh-simplified,s3_srvr_7_true-unreach-call.cil.c,Kojak-FP.epf,CodeCheckWithBE-C.xml,ExpectedResult: SAFE UltimateResult: SAFE   [ShortDescription: All specifications hold LongDescription: 1 specifications checked. All of them hold],168842564064.0,831520768,163,0,18579,0,53416,814,0.8654600470693713
,ssh-simplified,s3_srvr_13_false-unreach-call.cil.c,Kojak-TreeInterpolation.epf,CodeCheckWithBE-C.xml,ExpectedResult: UNSAFE UltimateResult: UNSAFE   unknown kind of specification may be violated ,63408196505.0,1155530752,174,0,-1,-1,-1,-1,0.8431137724550898
,ssh-simplified,s3_srvr_11_false-unreach-call.cil.c,Kojak-TreeInterpolation.epf,CodeCheckWithBE-C.xml,ExpectedResult: UNSAFE UltimateResult: UNSAFE   unknown kind of specification may be violated ,76427738504.0,2197291008,160,0,-1,-1,-1,-1,0.8692543411644535
,ssh-simplified,s3_srvr_2_false-unreach-call.cil.c,Kojak-FP.epf,CodeCheckWithBE-C.xml,ExpectedResult: UNSAFE UltimateResult: UNSAFE   unknown kind of specification may be violated ,990082959.0,2316304384,18,0,366,0,2265,47,0.4666666666666667
,ssh-simplified,s3_srvr_1b_true-unreach-call_false-termination.cil.c,Kojak-TreeInterpolation.epf,CodeCheckWithBE-C.xml,ExpectedResult: SAFE UltimateResult: SAFE   [ShortDescription: All specifications hold LongDescription: 1 specifications checked. All of them hold],245038959.0,2316304384,5,0,-1,-1,-1,-1,0.0
,ssh-simplified,s3_srvr_14_false-unreach-call.cil.c,Kojak-TreeInterpolation.epf,CodeCheckWithBE-C.xml,ExpectedResult: UNSAFE UltimateResult: UNSAFE   unknown kind of specification may be violated ,2823256516.0,929038336,19,0,-1,-1,-1,-1,0.6923076923076923
,ssh-simplified,s3_srvr_8_true-unreach-call.cil.c,Kojak-TreeInterpolation.epf,CodeCheckWithBE-C.xml,ExpectedResult: SAFE UltimateResult: SAFE   [ShortDescription: All specifications hold LongDescription: 1 specifications checked. All of them hold],45250770602.0,1108344832,67,0,-1,-1,-1,-1,0.8166666666666667
,ssh-simplified,s3_clnt_1_true-unreach-call.cil.c,Kojak-FP.epf,CodeCheckWithBE-C.xml,ExpectedResult: SAFE UltimateResult: SAFE   [ShortDescription: All specifications hold LongDescription: 1 specifications checked. All of them hold],33011349064.0,1.78520064E+9,96,0,7000,0,25166,317,0.9836019225332202
,ssh-simplified,s3_srvr_1b_true-unreach-call_false-termination.cil.c,Kojak-FP.epf,CodeCheckWithBE-C.xml,ExpectedResult: SAFE UltimateResult: SAFE   [ShortDescription: All specifications hold LongDescription: 1 specifications checked. All of them hold],256781210.0,2316304384,6,0,223,0,107,26,0.04
,ssh-simplified,s3_clnt_3_false-unreach-call.cil.c,Kojak-TreeInterpolation.epf,CodeCheckWithBE-C.xml,ExpectedResult: UNSAFE UltimateResult: UNSAFE   unknown kind of specification may be violated ,3379541097.0,1201143808,27,0,-1,-1,-1,-1,0.6798418972332015
,ssh-simplified,s3_srvr_7_true-unreach-call.cil.c,Kojak-TreeInterpolation.epf,CodeCheckWithBE-C.xml,ExpectedResult: SAFE UltimateResult: SAFE   [ShortDescription: All specifications hold LongDescription: 1 specifications checked. All of them hold],176599259251.0,630194176,189,0,-1,-1,-1,-1,0.8475161987041037
,ssh-simplified,s3_srvr_4_true-unreach-call.cil.c,Kojak-FP.epf,CodeCheckWithBE-C.xml,ExpectedResult: SAFE UltimateResult: SAFE   [ShortDescription: All specifications hold LongDescription: 1 specifications checked. All of them hold],13949360339.0,1.73801472E+9,39,0,1465,0,8052,162,0.8604860486048604
,ssh-simplified,s3_srvr_12_false-unreach-call.cil.c,Kojak-FP.epf,CodeCheckWithBE-C.xml,ExpectedResult: UNSAFE UltimateResult: UNSAFE   unknown kind of specification may be violated ,33780150099.0,1448083456,141,0,6185,0,27046,419,0.8338658146964856


################################# Summary #######################
Safe: 25
Unsafe: 24
Timeout: 2
Error: 1
Expected Safe: 28
Expected Unsafe: 24
Total: 52
CSV conversion gone wrong: 0

################################# Latex #######################
\newcommand{\headcolor}{}
\newcommand{\header}[1]{\parbox{2.8em}{\centering #1}\headcolor}
\newcommand{\folder}[1]{\parbox{5em}{#1}}
\begin{table}
\centering
\resizebox{\linewidth}{!}{%
\begin{tabu} to \linewidth {lcllcrrrr}
\toprule
  \header{}& 
  \header{\#}&
  \header{Result}&
  \header{Variant}& 
  \header{Count}&
  \header{Avg. runtime}&
  \header{Mem{-}ory}&
  \header{Iter{-}ations}&
  \header{ICC}\\
  \cmidrule(r){2-9}
\multirow{8}{*}{\folder{ssh-simplified}} &
\multirow{2}{*}{12} &
\multirow{2}{*}{\folder{Unsafe}} 
 & Kojak-TreeInterpolation.epf & 12 & 22.71 s & 1455.88 MB & 61 & 67.70\%\\
 &  &  & Kojak-FP.epf & 12 & 6.00 s & 1254.92 MB & 30 & 58.60\%\\
  \cmidrule[0.01em](l){2-9}
& \multirow{2}{*}{14} &
\multirow{2}{*}{\folder{Safe}} 
 & Kojak-TreeInterpolation.epf & 13 & 47.81 s & 1632.19 MB & 83 & 77.56\%\\
 &  &  & Kojak-FP.epf & 12 & 32.69 s & 1668.67 MB & 62 & 70.80\%\\
  \cmidrule[0.01em](l){2-9}
& \multirow{2}{*}{26} &
\multirow{2}{*}{\folder{Completed}} 
 & Kojak-TreeInterpolation.epf & 25 & 35.76 s & 1547.56 MB & 72 & 72.83\%\\
 &  &  & Kojak-FP.epf & 24 & 19.34 s & 1461.79 MB & 46 & 64.70\%\\
  \cmidrule[0.01em](l){2-9}
& & \multirow{2}{*}{\folder{Timeout}} 
 & Kojak-TreeInterpolation.epf & 1 & 306.02 s & 704.00 MB & 218 & 91.67\%\\
 &  &  & Kojak-FP.epf & 1 & 302.93 s & 1500.00 MB & 248 & 87.18\%\\
\bottomrule
& & & & & & & & \\
\end{tabu}}
\caption{Results for CodeCheckWithBE-C.xml.}
\end{table}