################################# CSV #######################
,Folder,File,Settings,Toolchain,Message,Runtime (ns),Allocated memory end (bytes),Overall iterations,NumberOfCodeBlocks,SizeOfPredicatesFP,SizeOfPredicatesBP,Conjuncts in SSA,Conjuncts in UnsatCore,ICC %
,systemc,mem_slave_tlm.4_true-unreach-call_false-termination.cil.c,Kojak-FP.epf,CodeCheckWithBE-C.xml,ExpectedResult: SAFE UltimateResult: TIMEOUT   [ShortDescription: Timeout LongDescription: Unable to prove that unknown kind of specification holds (line 10)],301841305447,574619648,215,0,22952,0,130796,1414,0.9452954048140044
,systemc,pc_sfifo_2_false-unreach-call_false-termination.cil.c,Kojak-FP.epf,CodeCheckWithBE-C.xml,ExpectedResult: UNSAFE UltimateResult: UNSAFE   unknown kind of specification may be violated ,246083957.0,4.5088768E+8,-,-,-,-,-,-,-
,systemc,transmitter.10_false-unreach-call_false-termination.cil.c,Kojak-FP.epf,CodeCheckWithBE-C.xml,ExpectedResult: UNSAFE UltimateResult: TIMEOUT   [ShortDescription: Timeout LongDescription: Unable to prove that unknown kind of specification holds (line 11)],303005846110,1117257728,253,0,48171,0,210782,762,1.0
,systemc,token_ring.10_false-unreach-call_false-termination.cil.c,Kojak-TreeInterpolation.epf,CodeCheckWithBE-C.xml,ExpectedResult: UNSAFE UltimateResult: TIMEOUT   [ShortDescription: Timeout LongDescription: Unable to prove that unknown kind of specification holds (line 10)],303247123818,1003487232,236,0,-1,-1,-1,-1,0.9998739760554506
,systemc,token_ring.09_true-unreach-call_false-termination.cil.c,Kojak-FP.epf,CodeCheckWithBE-C.xml,ExpectedResult: SAFE UltimateResult: TIMEOUT   [ShortDescription: Timeout LongDescription: Unable to prove that unknown kind of specification holds (line 10)],301587186674,845152256,133,0,34305,0,112747,1056,0.8168389955686853
,systemc,token_ring.09_true-unreach-call_false-termination.cil.c,Kojak-TreeInterpolation.epf,CodeCheckWithBE-C.xml,ExpectedResult: SAFE UltimateResult: TIMEOUT   [ShortDescription: Timeout LongDescription: Unable to prove that unknown kind of specification holds (line 10)],302575537090.0,708837376,262,0,-1,-1,-1,-1,0.9998849384420665
,systemc,token_ring.13_false-unreach-call_false-termination.cil.c,Kojak-TreeInterpolation.epf,CodeCheckWithBE-C.xml,ExpectedResult: UNSAFE UltimateResult: TIMEOUT   [ShortDescription: Timeout LongDescription: Unable to prove that unknown kind of specification holds (line 10)],300557713042,950009856,219,0,-1,-1,-1,-1,0.9998676898650437
,systemc,pipeline_true-unreach-call_false-termination.cil.c,Kojak-TreeInterpolation.epf,CodeCheckWithBE-C.xml,ExpectedResult: SAFE UltimateResult: TIMEOUT   [ShortDescription: Timeout LongDescription: Unable to prove that unknown kind of specification holds (line 9)],300099914859.0,2454716416,1998,0,-1,-1,-1,-1,0.8366855988445759
,systemc,token_ring.10_true-unreach-call_false-termination.cil.c,Kojak-FP.epf,CodeCheckWithBE-C.xml,ExpectedResult: SAFE UltimateResult: TIMEOUT   [ShortDescription: Timeout LongDescription: Unable to prove that unknown kind of specification holds (line 10)],317829626497,1003487232,154,0,39174,0,140779,1191,0.9519774011299436
,systemc,pipeline_true-unreach-call_false-termination.cil.c,Kojak-FP.epf,CodeCheckWithBE-C.xml,ExpectedResult: SAFE UltimateResult: TIMEOUT   [ShortDescription: Timeout LongDescription: Timout or Toolchain cancelled by user],300060299985.0,2413297664,-,-,-,-,-,-,-
,systemc,pc_sfifo_2_true-unreach-call_false-termination.cil.c,Kojak-TreeInterpolation.epf,CodeCheckWithBE-C.xml,ExpectedResult: SAFE UltimateResult: TIMEOUT   [ShortDescription: Timeout LongDescription: Unable to prove that unknown kind of specification holds (line 10)],300056132771.0,396361728,2944,0,-1,-1,-1,-1,0.9994731296101159
,systemc,bist_cell_true-unreach-call_false-termination.cil.c,Kojak-TreeInterpolation.epf,CodeCheckWithBE-C.xml,ExpectedResult: SAFE UltimateResult: TIMEOUT   [ShortDescription: Timeout LongDescription: Unable to prove that unknown kind of specification holds (line 9)],300117791583.0,8.5458944E+8,2322,0,-1,-1,-1,-1,0.3164844139933754
,systemc,token_ring.07_true-unreach-call_false-termination.cil.c,Kojak-TreeInterpolation.epf,CodeCheckWithBE-C.xml,ExpectedResult: SAFE UltimateResult: TIMEOUT   [ShortDescription: Timeout LongDescription: Unable to prove that unknown kind of specification holds (line 10)],300949392139.0,6.8419584E+8,247,0,-1,-1,-1,-1,0.9998630887185104
,systemc,token_ring.12_true-unreach-call_false-termination.cil.c,Kojak-FP.epf,CodeCheckWithBE-C.xml,ExpectedResult: SAFE UltimateResult: TIMEOUT   [ShortDescription: Timeout LongDescription: Unable to prove that unknown kind of specification holds (line 10)],302210878171,915931136,136,0,42442,0,143182,1325,1.0
,systemc,token_ring.09_false-unreach-call_false-termination.cil.c,Kojak-FP.epf,CodeCheckWithBE-C.xml,ExpectedResult: UNSAFE UltimateResult: TIMEOUT   [ShortDescription: Timeout LongDescription: Unable to prove that unknown kind of specification holds (line 10)],319437313800,6.3176704E+8,131,0,34296,0,110998,1058,0.789433962264151
,systemc,bist_cell_true-unreach-call_false-termination.cil.c,Kojak-FP.epf,CodeCheckWithBE-C.xml,ExpectedResult: SAFE UltimateResult: TIMEOUT   [ShortDescription: Timeout LongDescription: Unable to prove that unknown kind of specification holds (line 9)],302802238228,565182464,41,0,24517,0,17717,1015,0.09742895805142084
,systemc,token_ring.11_true-unreach-call_false-termination.cil.c,Kojak-FP.epf,CodeCheckWithBE-C.xml,ExpectedResult: SAFE UltimateResult: TIMEOUT   [ShortDescription: Timeout LongDescription: Unable to prove that unknown kind of specification holds (line 10)],302517147221,1.20848384E+9,150,0,41482,0,148075,1266,1.0
,systemc,token_ring.06_true-unreach-call_false-termination.cil.c,Kojak-FP.epf,CodeCheckWithBE-C.xml,ExpectedResult: SAFE UltimateResult: TIMEOUT   [ShortDescription: Timeout LongDescription: Unable to prove that unknown kind of specification holds (line 10)],300123155320.0,632291328,159,0,44934,0,111993,1343,0.8867399040693177
,systemc,pc_sfifo_2_false-unreach-call_false-termination.cil.c,Kojak-TreeInterpolation.epf,CodeCheckWithBE-C.xml,ExpectedResult: UNSAFE UltimateResult: UNSAFE   unknown kind of specification may be violated ,139157148.0,4.5088768E+8,2,0,-1,-1,-1,-1,1.0
,systemc,token_ring.02_false-unreach-call_false-termination.cil.c,Kojak-TreeInterpolation.epf,CodeCheckWithBE-C.xml,ExpectedResult: UNSAFE UltimateResult: TIMEOUT   [ShortDescription: Timeout LongDescription: Unable to prove that unknown kind of specification holds (line 10)],300147061275.0,611844096,969,0,-1,-1,-1,-1,0.9340012760225903
,systemc,token_ring.02_true-unreach-call_false-termination.cil.c,Kojak-FP.epf,CodeCheckWithBE-C.xml,ExpectedResult: SAFE UltimateResult: TIMEOUT   [ShortDescription: Timeout LongDescription: Unable to prove that unknown kind of specification holds (line 10)],300180966745.0,674234368,371,0,101665,0,157076,5027,0.8922977763454721
,systemc,transmitter.06_false-unreach-call_false-termination.cil.c,Kojak-TreeInterpolation.epf,CodeCheckWithBE-C.xml,ExpectedResult: UNSAFE UltimateResult: TIMEOUT   [ShortDescription: Timeout LongDescription: Unable to prove that unknown kind of specification holds (line 11)],302780229636.0,942669824,220,0,-1,-1,-1,-1,0.9998418472244188
,systemc,mem_slave_tlm.1_true-unreach-call_false-termination.cil.c,Kojak-FP.epf,CodeCheckWithBE-C.xml,ExpectedResult: SAFE UltimateResult: TIMEOUT   [ShortDescription: Timeout LongDescription: Unable to prove that unknown kind of specification holds (line 10)],301688980478,538968064,214,0,22461,0,122954,1372,0.9261603375527426
,systemc,pc_sfifo_3_true-unreach-call_false-termination.cil.c,Kojak-TreeInterpolation.epf,CodeCheckWithBE-C.xml,ExpectedResult: SAFE UltimateResult: TIMEOUT   [ShortDescription: Timeout LongDescription: Unable to prove that unknown kind of specification holds (line 9)],300001511911.0,543162368,10525,0,-1,-1,-1,-1,1.0
,systemc,transmitter.08_false-unreach-call_false-termination.cil.c,Kojak-FP.epf,CodeCheckWithBE-C.xml,ExpectedResult: UNSAFE UltimateResult: TIMEOUT   [ShortDescription: Timeout LongDescription: Unable to prove that unknown kind of specification holds (line 11)],303685879387.0,766509056,253,0,44789,0,175952,869,1.0
,systemc,pc_sfifo_1_true-unreach-call_false-termination.cil.c,Kojak-TreeInterpolation.epf,CodeCheckWithBE-C.xml,ExpectedResult: SAFE UltimateResult: TIMEOUT   [ShortDescription: Timeout LongDescription: Unable to prove that unknown kind of specification holds (line 9)],300775077773.0,491782144,359,0,-1,-1,-1,-1,0.8531994435750304
,systemc,token_ring.08_true-unreach-call_false-termination.cil.c,Kojak-TreeInterpolation.epf,CodeCheckWithBE-C.xml,ExpectedResult: SAFE UltimateResult: TIMEOUT   [ShortDescription: Timeout LongDescription: Unable to prove that unknown kind of specification holds (line 10)],302083539171,674234368,241,0,-1,-1,-1,-1,0.9998636859323882
,systemc,token_ring.05_true-unreach-call_false-termination.cil.c,Kojak-TreeInterpolation.epf,CodeCheckWithBE-C.xml,ExpectedResult: SAFE UltimateResult: TIMEOUT   [ShortDescription: Timeout LongDescription: Unable to prove that unknown kind of specification holds (line 10)],300391467378.0,683147264,285,0,-1,-1,-1,-1,0.9998650927487353
,systemc,pc_sfifo_1_true-unreach-call_false-termination.cil.c,Kojak-FP.epf,CodeCheckWithBE-C.xml,ExpectedResult: SAFE UltimateResult: TIMEOUT   [ShortDescription: Timeout LongDescription: Unable to prove that unknown kind of specification holds (line 9)],302980739053.0,506986496,153,0,24916,0,48934,1095,0.9148477499326327
,systemc,kundu_true-unreach-call_false-termination.cil.c,Kojak-FP.epf,CodeCheckWithBE-C.xml,ExpectedResult: SAFE UltimateResult: TIMEOUT   [ShortDescription: Timeout LongDescription: Unable to prove that unknown kind of specification holds (line 9)],300010137112.0,402128896,273,0,47074,0,99203,2437,0.9924106251248253
,systemc,toy2_false-unreach-call_false-termination.cil.c,Kojak-TreeInterpolation.epf,CodeCheckWithBE-C.xml,ExpectedResult: UNSAFE UltimateResult: TIMEOUT   [ShortDescription: Timeout LongDescription: Unable to prove that unknown kind of specification holds (line 13)],302442775418.0,921174016,273,0,-1,-1,-1,-1,0.9196765498652291
,systemc,mem_slave_tlm.2_true-unreach-call_false-termination.cil.c,Kojak-FP.epf,CodeCheckWithBE-C.xml,ExpectedResult: SAFE UltimateResult: TIMEOUT   [ShortDescription: Timeout LongDescription: Unable to prove that unknown kind of specification holds (line 10)],307823469702,5.8720256E+8,204,0,20134,0,119221,1152,0.9133247089262613
,systemc,toy2_false-unreach-call_false-termination.cil.c,Kojak-FP.epf,CodeCheckWithBE-C.xml,ExpectedResult: UNSAFE UltimateResult: TIMEOUT   [ShortDescription: Timeout LongDescription: Unable to prove that unknown kind of specification holds (line 13)],302916467645.0,921174016,262,0,26305,0,100443,1457,0.9262672811059908
,systemc,token_ring.06_false-unreach-call_false-termination.cil.c,Kojak-FP.epf,CodeCheckWithBE-C.xml,ExpectedResult: UNSAFE UltimateResult: TIMEOUT   [ShortDescription: Timeout LongDescription: Unable to prove that unknown kind of specification holds (line 10)],302380034372.0,747634688,157,0,52620,0,114187,1685,0.8788979715410233
,systemc,pc_sfifo_2_true-unreach-call_false-termination.cil.c,Kojak-FP.epf,CodeCheckWithBE-C.xml,ExpectedResult: SAFE UltimateResult: TIMEOUT   [ShortDescription: Timeout LongDescription: Unable to prove that unknown kind of specification holds (line 10)],300157765527.0,4.5088768E+8,582,0,88660,0,244311,2578,0.9990308444294623
,systemc,token_ring.01_true-unreach-call_false-termination.cil.c,Kojak-TreeInterpolation.epf,CodeCheckWithBE-C.xml,ExpectedResult: SAFE UltimateResult: TIMEOUT   [ShortDescription: Timeout LongDescription: Unable to prove that unknown kind of specification holds (line 10)],300114611682.0,1003487232,1893,0,-1,-1,-1,-1,0.9213795998320974
,systemc,token_ring.02_false-unreach-call_false-termination.cil.c,Kojak-FP.epf,CodeCheckWithBE-C.xml,ExpectedResult: UNSAFE UltimateResult: TIMEOUT   [ShortDescription: Timeout LongDescription: Unable to prove that unknown kind of specification holds (line 10)],300106358428.0,585105408,401,0,110262,0,171370,5457,0.8897111482454046
,systemc,transmitter.13_false-unreach-call_false-termination.cil.c,Kojak-FP.epf,CodeCheckWithBE-C.xml,ExpectedResult: UNSAFE UltimateResult: TIMEOUT   [ShortDescription: Timeout LongDescription: Unable to prove that unknown kind of specification holds (line 11)],300000183097,1008730112,229,0,52269,0,238355,748,1.0
,systemc,token_ring.08_false-unreach-call_false-termination.cil.c,Kojak-TreeInterpolation.epf,CodeCheckWithBE-C.xml,ExpectedResult: UNSAFE UltimateResult: TIMEOUT   [ShortDescription: Timeout LongDescription: Unable to prove that unknown kind of specification holds (line 10)],301286797350,811597824,267,0,-1,-1,-1,-1,0.9998826497682333
,systemc,token_ring.13_false-unreach-call_false-termination.cil.c,Kojak-FP.epf,CodeCheckWithBE-C.xml,ExpectedResult: UNSAFE UltimateResult: TIMEOUT   [ShortDescription: Timeout LongDescription: Unable to prove that unknown kind of specification holds (line 10)],304738267486,8.8342528E+8,131,0,45513,0,147515,1410,1.0
,systemc,pc_sfifo_3_true-unreach-call_false-termination.cil.c,Kojak-FP.epf,CodeCheckWithBE-C.xml,ExpectedResult: SAFE UltimateResult: TIMEOUT   [ShortDescription: Timeout LongDescription: Timout or Toolchain cancelled by user],299999648052.0,488112128,-,-,-,-,-,-,-
,systemc,transmitter.06_false-unreach-call_false-termination.cil.c,Kojak-FP.epf,CodeCheckWithBE-C.xml,ExpectedResult: UNSAFE UltimateResult: TIMEOUT   [ShortDescription: Timeout LongDescription: Unable to prove that unknown kind of specification holds (line 11)],301236954157.0,992477184,214,0,40254,0,122102,999,0.9498175182481752
,systemc,transmitter.10_false-unreach-call_false-termination.cil.c,Kojak-TreeInterpolation.epf,CodeCheckWithBE-C.xml,ExpectedResult: UNSAFE UltimateResult: TIMEOUT   [ShortDescription: Timeout LongDescription: Unable to prove that unknown kind of specification holds (line 11)],301994173241,1117257728,211,0,-1,-1,-1,-1,0.9996503496503496
,systemc,token_ring.10_true-unreach-call_false-termination.cil.c,Kojak-TreeInterpolation.epf,CodeCheckWithBE-C.xml,ExpectedResult: SAFE UltimateResult: TIMEOUT   [ShortDescription: Timeout LongDescription: Unable to prove that unknown kind of specification holds (line 10)],303358932746,1.26615552E+9,249,0,-1,-1,-1,-1,0.9998817827166332
,systemc,token_ring.02_true-unreach-call_false-termination.cil.c,Kojak-TreeInterpolation.epf,CodeCheckWithBE-C.xml,ExpectedResult: SAFE UltimateResult: TIMEOUT   [ShortDescription: Timeout LongDescription: Unable to prove that unknown kind of specification holds (line 10)],300899108719.0,674234368,499,0,-1,-1,-1,-1,0.8737212562259536
,systemc,token_ring.07_false-unreach-call_false-termination.cil.c,Kojak-TreeInterpolation.epf,CodeCheckWithBE-C.xml,ExpectedResult: UNSAFE UltimateResult: TIMEOUT   [ShortDescription: Timeout LongDescription: Unable to prove that unknown kind of specification holds (line 10)],302283071621.0,607125504,263,0,-1,-1,-1,-1,0.9998721554589619
,systemc,transmitter.12_false-unreach-call_false-termination.cil.c,Kojak-TreeInterpolation.epf,CodeCheckWithBE-C.xml,ExpectedResult: UNSAFE UltimateResult: TIMEOUT   [ShortDescription: Timeout LongDescription: Unable to prove that unknown kind of specification holds (line 11)],302936297908,1008730112,156,0,-1,-1,-1,-1,0.9995481247175779
,systemc,token_ring.06_true-unreach-call_false-termination.cil.c,Kojak-TreeInterpolation.epf,CodeCheckWithBE-C.xml,ExpectedResult: SAFE UltimateResult: TIMEOUT   [ShortDescription: Timeout LongDescription: Unable to prove that unknown kind of specification holds (line 10)],302303190024.0,711458816,255,0,-1,-1,-1,-1,0.999859145010212
,systemc,transmitter.05_false-unreach-call_false-termination.cil.c,Kojak-FP.epf,CodeCheckWithBE-C.xml,ExpectedResult: UNSAFE UltimateResult: TIMEOUT   [ShortDescription: Timeout LongDescription: Unable to prove that unknown kind of specification holds (line 11)],302853536027.0,782761984,212,0,39967,0,106595,1108,0.9642605219844815
,systemc,token_ring.07_true-unreach-call_false-termination.cil.c,Kojak-FP.epf,CodeCheckWithBE-C.xml,ExpectedResult: SAFE UltimateResult: TIMEOUT   [ShortDescription: Timeout LongDescription: Unable to prove that unknown kind of specification holds (line 10)],300457518942.0,658505728,122,0,36921,0,91433,1154,0.7876767137903441
,systemc,token_ring.06_false-unreach-call_false-termination.cil.c,Kojak-TreeInterpolation.epf,CodeCheckWithBE-C.xml,ExpectedResult: UNSAFE UltimateResult: TIMEOUT   [ShortDescription: Timeout LongDescription: Unable to prove that unknown kind of specification holds (line 10)],300025208776.0,686292992,261,0,-1,-1,-1,-1,0.9998646362098139
,systemc,transmitter.04_false-unreach-call_false-termination.cil.c,Kojak-TreeInterpolation.epf,CodeCheckWithBE-C.xml,ExpectedResult: UNSAFE UltimateResult: TIMEOUT   [ShortDescription: Timeout LongDescription: Unable to prove that unknown kind of specification holds (line 11)],300218205673.0,843055104,241,0,-1,-1,-1,-1,0.9989781581300293
,systemc,token_ring.03_false-unreach-call_false-termination.cil.c,Kojak-TreeInterpolation.epf,CodeCheckWithBE-C.xml,ExpectedResult: UNSAFE UltimateResult: TIMEOUT   [ShortDescription: Timeout LongDescription: Unable to prove that unknown kind of specification holds (line 10)],300877132357.0,572522496,283,0,-1,-1,-1,-1,0.920453341807012
,systemc,toy_true-unreach-call_false-termination.cil.c,Kojak-FP.epf,CodeCheckWithBE-C.xml,ExpectedResult: SAFE UltimateResult: TIMEOUT   [ShortDescription: Timeout LongDescription: Unable to prove that unknown kind of specification holds (line 13)],302514094501.0,6.6060288E+8,248,0,24362,0,94634,1242,0.9378645701242708
,systemc,mem_slave_tlm.5_true-unreach-call_false-termination.cil.c,Kojak-FP.epf,CodeCheckWithBE-C.xml,ExpectedResult: SAFE UltimateResult: TIMEOUT   [ShortDescription: Timeout LongDescription: Unable to prove that unknown kind of specification holds (line 10)],300599305676,522715136,202,0,20404,0,125990,1234,0.9243306169965075
,systemc,transmitter.07_false-unreach-call_false-termination.cil.c,Kojak-TreeInterpolation.epf,CodeCheckWithBE-C.xml,ExpectedResult: UNSAFE UltimateResult: TIMEOUT   [ShortDescription: Timeout LongDescription: Unable to prove that unknown kind of specification holds (line 11)],300091124627.0,774897664,232,0,-1,-1,-1,-1,0.9997898276586801
,systemc,transmitter.09_false-unreach-call_false-termination.cil.c,Kojak-FP.epf,CodeCheckWithBE-C.xml,ExpectedResult: UNSAFE UltimateResult: TIMEOUT   [ShortDescription: Timeout LongDescription: Unable to prove that unknown kind of specification holds (line 11)],302870325758.0,822607872,222,0,42229,0,169524,795,1.0
,systemc,kundu2_false-unreach-call_false-termination.cil.c,Kojak-TreeInterpolation.epf,CodeCheckWithBE-C.xml,ExpectedResult: UNSAFE UltimateResult: TIMEOUT   [ShortDescription: Timeout LongDescription: Unable to prove that unknown kind of specification holds (line 9)],301045577414.0,393740288,304,0,-1,-1,-1,-1,0.9942225998300764
,systemc,mem_slave_tlm.4_true-unreach-call_false-termination.cil.c,Kojak-TreeInterpolation.epf,CodeCheckWithBE-C.xml,ExpectedResult: SAFE UltimateResult: TIMEOUT   [ShortDescription: Timeout LongDescription: Unable to prove that unknown kind of specification holds (line 10)],301929269391,574619648,287,0,-1,-1,-1,-1,0.9193109700815957
,systemc,token_ring.03_false-unreach-call_false-termination.cil.c,Kojak-FP.epf,CodeCheckWithBE-C.xml,ExpectedResult: UNSAFE UltimateResult: TIMEOUT   [ShortDescription: Timeout LongDescription: Unable to prove that unknown kind of specification holds (line 10)],300860962719.0,575143936,200,0,47735,0,98125,1640,0.8248770540961977
,systemc,transmitter.11_false-unreach-call_false-termination.cil.c,Kojak-TreeInterpolation.epf,CodeCheckWithBE-C.xml,ExpectedResult: UNSAFE UltimateResult: TIMEOUT   [ShortDescription: Timeout LongDescription: Unable to prove that unknown kind of specification holds (line 11)],302962092274,1272971264,202,0,-1,-1,-1,-1,0.9996426018584703
,systemc,pipeline_false-unreach-call_false-termination.cil.c,Kojak-FP.epf,CodeCheckWithBE-C.xml,ExpectedResult: UNSAFE UltimateResult: TIMEOUT   [ShortDescription: Timeout LongDescription: Timout or Toolchain cancelled by user],299999768924.0,1395130368,-,-,-,-,-,-,-
,systemc,token_ring.11_true-unreach-call_false-termination.cil.c,Kojak-TreeInterpolation.epf,CodeCheckWithBE-C.xml,ExpectedResult: SAFE UltimateResult: TIMEOUT   [ShortDescription: Timeout LongDescription: Unable to prove that unknown kind of specification holds (line 10)],302128778559,955777024,206,0,-1,-1,-1,-1,0.9998562908672847
,systemc,toy1_false-unreach-call_false-termination.cil.c,Kojak-TreeInterpolation.epf,CodeCheckWithBE-C.xml,ExpectedResult: UNSAFE UltimateResult: TIMEOUT   [ShortDescription: Timeout LongDescription: Unable to prove that unknown kind of specification holds (line 13)],300178529271.0,632291328,274,0,-1,-1,-1,-1,0.9246680286006129
,systemc,toy1_false-unreach-call_false-termination.cil.c,Kojak-FP.epf,CodeCheckWithBE-C.xml,ExpectedResult: UNSAFE UltimateResult: TIMEOUT   [ShortDescription: Timeout LongDescription: Unable to prove that unknown kind of specification holds (line 13)],301156389219.0,950009856,229,0,23894,0,90837,1475,0.8923673225998807
,systemc,mem_slave_tlm.1_true-unreach-call_false-termination.cil.c,Kojak-TreeInterpolation.epf,CodeCheckWithBE-C.xml,ExpectedResult: SAFE UltimateResult: TIMEOUT   [ShortDescription: Timeout LongDescription: Unable to prove that unknown kind of specification holds (line 10)],300733197186,538968064,287,0,-1,-1,-1,-1,0.9293433083956775
,systemc,token_ring.11_false-unreach-call_false-termination.cil.c,Kojak-FP.epf,CodeCheckWithBE-C.xml,ExpectedResult: UNSAFE UltimateResult: TIMEOUT   [ShortDescription: Timeout LongDescription: Unable to prove that unknown kind of specification holds (line 10)],301011849182,1.26615552E+9,141,0,39649,0,139074,1238,1.0
,systemc,token_ring.12_false-unreach-call_false-termination.cil.c,Kojak-TreeInterpolation.epf,CodeCheckWithBE-C.xml,ExpectedResult: UNSAFE UltimateResult: TIMEOUT   [ShortDescription: Timeout LongDescription: Unable to prove that unknown kind of specification holds (line 10)],300475720877,775421952,226,0,-1,-1,-1,-1,0.9998786407766991
,systemc,transmitter.11_false-unreach-call_false-termination.cil.c,Kojak-FP.epf,CodeCheckWithBE-C.xml,ExpectedResult: UNSAFE UltimateResult: TIMEOUT   [ShortDescription: Timeout LongDescription: Unable to prove that unknown kind of specification holds (line 11)],301534820564,730857472,220,0,45395,0,197864,729,1.0
,systemc,token_ring.12_true-unreach-call_false-termination.cil.c,Kojak-TreeInterpolation.epf,CodeCheckWithBE-C.xml,ExpectedResult: SAFE UltimateResult: TIMEOUT   [ShortDescription: Timeout LongDescription: Unable to prove that unknown kind of specification holds (line 10)],300492052416,915931136,210,0,-1,-1,-1,-1,0.9998631636562672
,systemc,token_ring.08_true-unreach-call_false-termination.cil.c,Kojak-FP.epf,CodeCheckWithBE-C.xml,ExpectedResult: SAFE UltimateResult: TIMEOUT   [ShortDescription: Timeout LongDescription: Unable to prove that unknown kind of specification holds (line 10)],303820638315.0,667418624,116,0,33214,0,92202,1006,0.6726170427753453
,systemc,transmitter.12_false-unreach-call_false-termination.cil.c,Kojak-FP.epf,CodeCheckWithBE-C.xml,ExpectedResult: UNSAFE UltimateResult: TIMEOUT   [ShortDescription: Timeout LongDescription: Unable to prove that unknown kind of specification holds (line 11)],302065300402,1272971264,225,0,48920,0,218430,724,1.0
,systemc,token_ring.09_false-unreach-call_false-termination.cil.c,Kojak-TreeInterpolation.epf,CodeCheckWithBE-C.xml,ExpectedResult: UNSAFE UltimateResult: TIMEOUT   [ShortDescription: Timeout LongDescription: Unable to prove that unknown kind of specification holds (line 10)],300301876724,845152256,228,0,-1,-1,-1,-1,0.9998659697091543
,systemc,kundu1_false-unreach-call_false-termination.cil.c,Kojak-TreeInterpolation.epf,CodeCheckWithBE-C.xml,ExpectedResult: UNSAFE UltimateResult: TIMEOUT   [ShortDescription: Timeout LongDescription: Unable to prove that unknown kind of specification holds (line 9)],300188645886.0,601882624,1053,0,-1,-1,-1,-1,0.9438260824231681
,systemc,token_ring.08_false-unreach-call_false-termination.cil.c,Kojak-FP.epf,CodeCheckWithBE-C.xml,ExpectedResult: UNSAFE UltimateResult: TIMEOUT   [ShortDescription: Timeout LongDescription: Unable to prove that unknown kind of specification holds (line 10)],304426090763,740294656,116,0,30183,0,90146,937,0.6719665271966527
,systemc,token_ring.03_true-unreach-call_false-termination.cil.c,Kojak-TreeInterpolation.epf,CodeCheckWithBE-C.xml,ExpectedResult: SAFE UltimateResult: TIMEOUT   [ShortDescription: Timeout LongDescription: Unable to prove that unknown kind of specification holds (line 10)],300648846968.0,611844096,287,0,-1,-1,-1,-1,0.9428354990967892
,systemc,mem_slave_tlm.2_true-unreach-call_false-termination.cil.c,Kojak-TreeInterpolation.epf,CodeCheckWithBE-C.xml,ExpectedResult: SAFE UltimateResult: TIMEOUT   [ShortDescription: Timeout LongDescription: Unable to prove that unknown kind of specification holds (line 10)],300293781834,661127168,281,0,-1,-1,-1,-1,0.9296577946768061
,systemc,transmitter.13_false-unreach-call_false-termination.cil.c,Kojak-TreeInterpolation.epf,CodeCheckWithBE-C.xml,ExpectedResult: UNSAFE UltimateResult: TIMEOUT   [ShortDescription: Timeout LongDescription: Unable to prove that unknown kind of specification holds (line 11)],302266344811,8.6769664E+8,179,0,-1,-1,-1,-1,0.9996038034865293
,systemc,token_ring.05_true-unreach-call_false-termination.cil.c,Kojak-FP.epf,CodeCheckWithBE-C.xml,ExpectedResult: SAFE UltimateResult: TIMEOUT   [ShortDescription: Timeout LongDescription: Unable to prove that unknown kind of specification holds (line 10)],300611322466.0,8.3099648E+8,228,0,83102,0,155524,2916,0.908593960032261
,systemc,transmitter.04_false-unreach-call_false-termination.cil.c,Kojak-FP.epf,CodeCheckWithBE-C.xml,ExpectedResult: UNSAFE UltimateResult: TIMEOUT   [ShortDescription: Timeout LongDescription: Unable to prove that unknown kind of specification holds (line 11)],301996767590.0,843055104,213,0,40822,0,95777,1174,0.8760953739555737
,systemc,mem_slave_tlm.5_true-unreach-call_false-termination.cil.c,Kojak-TreeInterpolation.epf,CodeCheckWithBE-C.xml,ExpectedResult: SAFE UltimateResult: TIMEOUT   [ShortDescription: Timeout LongDescription: Unable to prove that unknown kind of specification holds (line 10)],301653542345,506986496,282,0,-1,-1,-1,-1,0.9436123348017621
,systemc,transmitter.05_false-unreach-call_false-termination.cil.c,Kojak-TreeInterpolation.epf,CodeCheckWithBE-C.xml,ExpectedResult: UNSAFE UltimateResult: TIMEOUT   [ShortDescription: Timeout LongDescription: Unable to prove that unknown kind of specification holds (line 11)],300295512013.0,992477184,217,0,-1,-1,-1,-1,0.9998485995457986
,systemc,token_ring.04_false-unreach-call_false-termination.cil.c,Kojak-FP.epf,CodeCheckWithBE-C.xml,ExpectedResult: UNSAFE UltimateResult: TIMEOUT   [ShortDescription: Timeout LongDescription: Unable to prove that unknown kind of specification holds (line 10)],300410670361.0,671612928,212,0,71068,0,126085,2775,0.9087358684480986
,systemc,token_ring.05_false-unreach-call_false-termination.cil.c,Kojak-FP.epf,CodeCheckWithBE-C.xml,ExpectedResult: UNSAFE UltimateResult: TIMEOUT   [ShortDescription: Timeout LongDescription: Unable to prove that unknown kind of specification holds (line 10)],301593336438.0,8.388608E+8,192,0,67627,0,129789,2374,0.9019146792072557
,systemc,kundu_true-unreach-call_false-termination.cil.c,Kojak-TreeInterpolation.epf,CodeCheckWithBE-C.xml,ExpectedResult: SAFE UltimateResult: TIMEOUT   [ShortDescription: Timeout LongDescription: Unable to prove that unknown kind of specification holds (line 9)],300700818056.0,402128896,278,0,-1,-1,-1,-1,0.9933282500953107
,systemc,toy_true-unreach-call_false-termination.cil.c,Kojak-TreeInterpolation.epf,CodeCheckWithBE-C.xml,ExpectedResult: SAFE UltimateResult: TIMEOUT   [ShortDescription: Timeout LongDescription: Unable to prove that unknown kind of specification holds (line 13)],302405837826.0,6.9992448E+8,272,0,-1,-1,-1,-1,0.9236276849642004
,systemc,kundu2_false-unreach-call_false-termination.cil.c,Kojak-FP.epf,CodeCheckWithBE-C.xml,ExpectedResult: UNSAFE UltimateResult: TIMEOUT   [ShortDescription: Timeout LongDescription: Unable to prove that unknown kind of specification holds (line 9)],300099796333.0,6.0030976E+8,256,0,43706,0,88220,2113,0.9896296296296296
,systemc,transmitter.07_false-unreach-call_false-termination.cil.c,Kojak-FP.epf,CodeCheckWithBE-C.xml,ExpectedResult: UNSAFE UltimateResult: TIMEOUT   [ShortDescription: Timeout LongDescription: Unable to prove that unknown kind of specification holds (line 11)],304107580221.0,8.3099648E+8,195,0,39926,0,123794,975,0.9193548387096774
,systemc,token_ring.05_false-unreach-call_false-termination.cil.c,Kojak-TreeInterpolation.epf,CodeCheckWithBE-C.xml,ExpectedResult: UNSAFE UltimateResult: TIMEOUT   [ShortDescription: Timeout LongDescription: Unable to prove that unknown kind of specification holds (line 10)],301128963280.0,8.3099648E+8,265,0,-1,-1,-1,-1,0.9998515990205535
,systemc,transmitter.08_false-unreach-call_false-termination.cil.c,Kojak-TreeInterpolation.epf,CodeCheckWithBE-C.xml,ExpectedResult: UNSAFE UltimateResult: TIMEOUT   [ShortDescription: Timeout LongDescription: Unable to prove that unknown kind of specification holds (line 11)],300741716287.0,822607872,224,0,-1,-1,-1,-1,0.999650959860384
,systemc,token_ring.11_false-unreach-call_false-termination.cil.c,Kojak-TreeInterpolation.epf,CodeCheckWithBE-C.xml,ExpectedResult: UNSAFE UltimateResult: TIMEOUT   [ShortDescription: Timeout LongDescription: Unable to prove that unknown kind of specification holds (line 10)],302791647449,1.20848384E+9,233,0,-1,-1,-1,-1,0.9998777207141111
,systemc,token_ring.03_true-unreach-call_false-termination.cil.c,Kojak-FP.epf,CodeCheckWithBE-C.xml,ExpectedResult: SAFE UltimateResult: TIMEOUT   [ShortDescription: Timeout LongDescription: Unable to prove that unknown kind of specification holds (line 10)],302130139950.0,572522496,201,0,50258,0,98143,1786,0.8146399055489965
,systemc,token_ring.04_false-unreach-call_false-termination.cil.c,Kojak-TreeInterpolation.epf,CodeCheckWithBE-C.xml,ExpectedResult: UNSAFE UltimateResult: TIMEOUT   [ShortDescription: Timeout LongDescription: Unable to prove that unknown kind of specification holds (line 10)],302895281204.0,7.4973184E+8,267,0,-1,-1,-1,-1,0.9989711934156379
,systemc,token_ring.01_true-unreach-call_false-termination.cil.c,Kojak-FP.epf,CodeCheckWithBE-C.xml,ExpectedResult: SAFE UltimateResult: TIMEOUT   [ShortDescription: Timeout LongDescription: Unable to prove that unknown kind of specification holds (line 10)],300011598559.0,2454716416,1062,0,258526,0,351987,15680,0.8938779596536016
,systemc,token_ring.07_false-unreach-call_false-termination.cil.c,Kojak-FP.epf,CodeCheckWithBE-C.xml,ExpectedResult: UNSAFE UltimateResult: TIMEOUT   [ShortDescription: Timeout LongDescription: Unable to prove that unknown kind of specification holds (line 10)],300753448336.0,711458816,130,0,36644,0,98800,1048,0.7969413763806287
,systemc,token_ring.10_false-unreach-call_false-termination.cil.c,Kojak-FP.epf,CodeCheckWithBE-C.xml,ExpectedResult: UNSAFE UltimateResult: TIMEOUT   [ShortDescription: Timeout LongDescription: Unable to prove that unknown kind of specification holds (line 10)],300686659833,708837376,133,0,36671,0,122337,1131,0.8670836591086787
,systemc,pipeline_false-unreach-call_false-termination.cil.c,Kojak-TreeInterpolation.epf,CodeCheckWithBE-C.xml,ExpectedResult: UNSAFE UltimateResult: TIMEOUT   [ShortDescription: Timeout LongDescription: Unable to prove that unknown kind of specification holds (line 9)],300024769972.0,2405433344,2093,0,-1,-1,-1,-1,0.7043804475147202
,systemc,transmitter.09_false-unreach-call_false-termination.cil.c,Kojak-TreeInterpolation.epf,CodeCheckWithBE-C.xml,ExpectedResult: UNSAFE UltimateResult: TIMEOUT   [ShortDescription: Timeout LongDescription: Unable to prove that unknown kind of specification holds (line 11)],301547204065.0,777519104,218,0,-1,-1,-1,-1,0.9996515679442509
,systemc,kundu1_false-unreach-call_false-termination.cil.c,Kojak-FP.epf,CodeCheckWithBE-C.xml,ExpectedResult: UNSAFE UltimateResult: TIMEOUT   [ShortDescription: Timeout LongDescription: Unable to prove that unknown kind of specification holds (line 9)],300052536312.0,8.5458944E+8,394,0,121120,0,137828,10397,0.99861947098128
,systemc,token_ring.12_false-unreach-call_false-termination.cil.c,Kojak-FP.epf,CodeCheckWithBE-C.xml,ExpectedResult: UNSAFE UltimateResult: TIMEOUT   [ShortDescription: Timeout LongDescription: Unable to prove that unknown kind of specification holds (line 10)],300917682513,8.2051072E+8,147,0,44820,0,156246,1357,1.0


################################# Summary #######################
Safe: 0
Unsafe: 2
Timeout: 98
Error: 0
Expected Safe: 44
Expected Unsafe: 56
Total: 100
CSV conversion gone wrong: 0

################################# Latex #######################
\newcommand{\headcolor}{}
\newcommand{\header}[1]{\parbox{2.8em}{\centering #1}\headcolor}
\newcommand{\folder}[1]{\parbox{5em}{#1}}
\begin{table}
\centering
\resizebox{\linewidth}{!}{%
\begin{tabu} to \linewidth {lcllcrrrr}
\toprule
  \header{}& 
  \header{\#}&
  \header{Result}&
  \header{Variant}& 
  \header{Count}&
  \header{Avg. runtime}&
  \header{Mem{-}ory}&
  \header{Iter{-}ations}&
  \header{ICC}\\
  \cmidrule(r){2-9}
\multirow{8}{*}{\folder{systemc}} &
\multirow{2}{*}{28} &
\multirow{2}{*}{\folder{Unsafe}} 
 & Kojak-TreeInterpolation.epf & 1 & 0.14 s & 430.00 MB & 2 & 100.00\%\\
 &  &  & Kojak-FP.epf & 1 & 0.25 s & 430.00 MB & - & -\\
  \cmidrule[0.01em](l){2-9}
& \multirow{2}{*}{22} &
\multirow{2}{*}{\folder{Safe}} 
 & Kojak-TreeInterpolation.epf & 0 & - & - & - & -\\
 &  &  & Kojak-FP.epf & 0 & - & - & - & -\\
  \cmidrule[0.01em](l){2-9}
& \multirow{2}{*}{50} &
\multirow{2}{*}{\folder{Completed}} 
 & Kojak-TreeInterpolation.epf & 1 & 0.14 s & 430.00 MB & 2 & 100.00\%\\
 &  &  & Kojak-FP.epf & 1 & 0.25 s & 430.00 MB & - & -\\
  \cmidrule[0.01em](l){2-9}
& & \multirow{2}{*}{\folder{Timeout}} 
 & Kojak-TreeInterpolation.epf & 49 & 301.23 s & 798.77 MB & 699 & 95.34\%\\
 &  &  & Kojak-FP.epf & 49 & 302.38 s & 802.73 MB & 212 & 84.33\%\\
\bottomrule
& & & & & & & & \\
\end{tabu}}
\caption{Results for CodeCheckWithBE-C.xml.}
\end{table}