################################# CSV #######################
,Folder,File,Settings,Toolchain,Message,Runtime (ns),Allocated memory end (bytes),Overall iterations,NumberOfCodeBlocks,SizeOfPredicatesFP,SizeOfPredicatesBP,Conjuncts in SSA,Conjuncts in UnsatCore,ICC %
,recursive,BallRajamani-SPIN2000-Fig1_false-unreach-call.c,Impulse-FP.epf,ImpulseWithBE-C.xml,ExpectedResult: UNSAFE UltimateResult: SAFE   [ShortDescription: All specifications hold LongDescription: 1 specifications checked. All of them hold],76711278.0,174063616,2,0,24,0,34,4,0.3333333333333333
,recursive,recHanoi03_true-unreach-call_true-termination.c,Impulse-TreeInterpolation.epf,ImpulseWithBE-C.xml,ExpectedResult: SAFE UltimateResult: SAFE   [ShortDescription: All specifications hold LongDescription: 1 specifications checked. All of them hold],40196314.0,596115456,2,0,-1,-1,-1,-1,1.0
,recursive,EvenOdd03_false-unreach-call_false-termination.c,Impulse-FP.epf,ImpulseWithBE-C.xml,ExpectedResult: UNSAFE UltimateResult: UNSAFE   unknown kind of specification may be violated ,69233562.0,174063616,-,-,-,-,-,-,-
,recursive,Fibonacci04_false-unreach-call_true-termination.c,Impulse-TreeInterpolation.epf,ImpulseWithBE-C.xml,ExpectedResult: UNSAFE UltimateResult: SAFE   [ShortDescription: All specifications hold LongDescription: 1 specifications checked. All of them hold],64981665.0,208142336,2,0,-1,-1,-1,-1,1.0
,recursive,gcd02_true-unreach-call.c,Impulse-TreeInterpolation.epf,ImpulseWithBE-C.xml,ExpectedResult: SAFE UltimateResult: SAFE   [ShortDescription: All specifications hold LongDescription: 2 specifications checked. All of them hold],6787662840.0,596115456,49,0,-1,-1,-1,-1,0.9392434084829958
,recursive,Fibonacci02_true-unreach-call_true-termination.c,Impulse-TreeInterpolation.epf,ImpulseWithBE-C.xml,ExpectedResult: SAFE UltimateResult: SAFE   [ShortDescription: All specifications hold LongDescription: 1 specifications checked. All of them hold],26644894.0,208142336,2,0,-1,-1,-1,-1,1.0
,recursive,recHanoi01_true-unreach-call_true-termination.c,Impulse-FP.epf,ImpulseWithBE-C.xml,ExpectedResult: SAFE UltimateResult: SAFE   [ShortDescription: All specifications hold LongDescription: 1 specifications checked. All of them hold],45795471.0,596115456,2,0,23,0,36,4,1.0
,recursive,Ackermann02_false-unreach-call_false-termination.c,Impulse-TreeInterpolation.epf,ImpulseWithBE-C.xml,ExpectedResult: UNSAFE UltimateResult: SAFE   [ShortDescription: All specifications hold LongDescription: 1 specifications checked. All of them hold],143665086.0,111673344,2,0,-1,-1,-1,-1,1.0
,recursive,Addition02_false-unreach-call_false-termination.c,Impulse-FP.epf,ImpulseWithBE-C.xml,ExpectedResult: UNSAFE UltimateResult: SAFE   [ShortDescription: All specifications hold LongDescription: 1 specifications checked. All of them hold],72564436.0,138412032,2,0,27,0,24,9,1.0
,recursive,Fibonacci01_true-unreach-call.c,Impulse-FP.epf,ImpulseWithBE-C.xml,ExpectedResult: SAFE UltimateResult: SAFE   [ShortDescription: All specifications hold LongDescription: 1 specifications checked. All of them hold],61052477.0,174063616,2,0,39,0,21,6,1.0
,recursive,MultCommutative_true-unreach-call_true-termination.c,Impulse-FP.epf,ImpulseWithBE-C.xml,ExpectedResult: SAFE UltimateResult: SAFE   [ShortDescription: All specifications hold LongDescription: 1 specifications checked. All of them hold],58237806.0,210763776,2,0,24,0,41,4,0.3333333333333333
,recursive,Ackermann04_true-unreach-call.c,Impulse-FP.epf,ImpulseWithBE-C.xml,ExpectedResult: SAFE UltimateResult: SAFE   [ShortDescription: All specifications hold LongDescription: 1 specifications checked. All of them hold],111681249.0,137363456,2,0,15,0,26,4,1.0
,recursive,gcd01_true-unreach-call_true-termination.c,Impulse-TreeInterpolation.epf,ImpulseWithBE-C.xml,ExpectedResult: SAFE UltimateResult: SAFE   [ShortDescription: All specifications hold LongDescription: 1 specifications checked. All of them hold],44462697.0,2.62144E+8,2,0,-1,-1,-1,-1,1.0
,recursive,McCarthy91_true-unreach-call.c,Impulse-FP.epf,ImpulseWithBE-C.xml,ExpectedResult: SAFE UltimateResult: SAFE   [ShortDescription: All specifications hold LongDescription: 1 specifications checked. All of them hold],56264455.0,210763776,2,0,30,0,21,7,1.0
,recursive,Ackermann01_true-unreach-call.c,Impulse-FP.epf,ImpulseWithBE-C.xml,ExpectedResult: SAFE UltimateResult: SAFE   [ShortDescription: All specifications hold LongDescription: 1 specifications checked. All of them hold],1083214545,111673344,2,0,32,0,26,7,1.0
,recursive,recHanoi02_true-unreach-call_true-termination.c,Impulse-TreeInterpolation.epf,ImpulseWithBE-C.xml,ExpectedResult: SAFE UltimateResult: SAFE   [ShortDescription: All specifications hold LongDescription: 1 specifications checked. All of them hold],23391296.0,596115456,2,0,-1,-1,-1,-1,1.0
,recursive,Fibonacci03_true-unreach-call_true-termination.c,Impulse-FP.epf,ImpulseWithBE-C.xml,ExpectedResult: SAFE UltimateResult: SAFE   [ShortDescription: All specifications hold LongDescription: 1 specifications checked. All of them hold],40147109.0,208142336,2,0,33,0,21,4,1.0
,recursive,recHanoi02_true-unreach-call_true-termination.c,Impulse-FP.epf,ImpulseWithBE-C.xml,ExpectedResult: SAFE UltimateResult: SAFE   [ShortDescription: All specifications hold LongDescription: 1 specifications checked. All of them hold],49163475.0,596115456,2,0,15,0,22,4,1.0
,recursive,Fibonacci04_false-unreach-call_true-termination.c,Impulse-FP.epf,ImpulseWithBE-C.xml,ExpectedResult: UNSAFE UltimateResult: SAFE   [ShortDescription: All specifications hold LongDescription: 1 specifications checked. All of them hold],77766630.0,208142336,2,0,33,0,20,4,1.0
,recursive,MultCommutative_true-unreach-call_true-termination.c,Impulse-TreeInterpolation.epf,ImpulseWithBE-C.xml,ExpectedResult: SAFE UltimateResult: SAFE   [ShortDescription: All specifications hold LongDescription: 1 specifications checked. All of them hold],57730959.0,210763776,2,0,-1,-1,-1,-1,0.3333333333333333
,recursive,Fibonacci05_false-unreach-call_true-termination.c,Impulse-TreeInterpolation.epf,ImpulseWithBE-C.xml,ExpectedResult: UNSAFE UltimateResult: SAFE   [ShortDescription: All specifications hold LongDescription: 1 specifications checked. All of them hold],138982119.0,210763776,2,0,-1,-1,-1,-1,1.0
,recursive,Ackermann04_true-unreach-call.c,Impulse-TreeInterpolation.epf,ImpulseWithBE-C.xml,ExpectedResult: SAFE UltimateResult: SAFE   [ShortDescription: All specifications hold LongDescription: 1 specifications checked. All of them hold],92858508.0,137363456,2,0,-1,-1,-1,-1,1.0
,recursive,Ackermann01_true-unreach-call.c,Impulse-TreeInterpolation.epf,ImpulseWithBE-C.xml,ExpectedResult: SAFE UltimateResult: SAFE   [ShortDescription: All specifications hold LongDescription: 1 specifications checked. All of them hold],259735581.0,111673344,2,0,-1,-1,-1,-1,1.0
,recursive,McCarthy91_true-unreach-call.c,Impulse-TreeInterpolation.epf,ImpulseWithBE-C.xml,ExpectedResult: SAFE UltimateResult: SAFE   [ShortDescription: All specifications hold LongDescription: 1 specifications checked. All of them hold],65829631.0,210763776,2,0,-1,-1,-1,-1,1.0
,recursive,Fibonacci05_false-unreach-call_true-termination.c,Impulse-FP.epf,ImpulseWithBE-C.xml,ExpectedResult: UNSAFE UltimateResult: SAFE   [ShortDescription: All specifications hold LongDescription: 1 specifications checked. All of them hold],74107918.0,208142336,2,0,33,0,20,4,1.0
,recursive,McCarthy91_false-unreach-call_false-termination.c,Impulse-TreeInterpolation.epf,ImpulseWithBE-C.xml,ExpectedResult: UNSAFE UltimateResult: UNSAFE   unknown kind of specification may be violated ,59923469.0,210763776,-,-,-,-,-,-,-
,recursive,recHanoi03_true-unreach-call_true-termination.c,Impulse-FP.epf,ImpulseWithBE-C.xml,ExpectedResult: SAFE UltimateResult: SAFE   [ShortDescription: All specifications hold LongDescription: 1 specifications checked. All of them hold],45956369.0,596115456,2,0,24,0,22,7,1.0
,recursive,gcd02_true-unreach-call.c,Impulse-FP.epf,ImpulseWithBE-C.xml,ExpectedResult: SAFE UltimateResult: EXCEPTION_OR_ERROR   [ShortDescription: SMTLIBException LongDescription: de.uni_freiburg.informatik.ultimate.logic.SMTLIBException: Cannot create quantifier in quantifier-free logic],96999315.0,2.62144E+8,-,-,-,-,-,-,-
,recursive,Fibonacci03_true-unreach-call_true-termination.c,Impulse-TreeInterpolation.epf,ImpulseWithBE-C.xml,ExpectedResult: SAFE UltimateResult: SAFE   [ShortDescription: All specifications hold LongDescription: 1 specifications checked. All of them hold],79534403.0,208142336,2,0,-1,-1,-1,-1,1.0
,recursive,Primes_true-unreach-call.c,Impulse-FP.epf,ImpulseWithBE-C.xml,ExpectedResult: SAFE UltimateResult: SAFE   [ShortDescription: All specifications hold LongDescription: 1 specifications checked. All of them hold],102594545.0,210763776,2,0,15,0,36,2,1.0
,recursive,EvenOdd03_false-unreach-call_false-termination.c,Impulse-TreeInterpolation.epf,ImpulseWithBE-C.xml,ExpectedResult: UNSAFE UltimateResult: UNSAFE   unknown kind of specification may be violated ,42257811.0,174063616,-,-,-,-,-,-,-
,recursive,Addition01_true-unreach-call_true-termination.c,Impulse-TreeInterpolation.epf,ImpulseWithBE-C.xml,ExpectedResult: SAFE UltimateResult: SAFE   [ShortDescription: All specifications hold LongDescription: 1 specifications checked. All of them hold],61968363.0,138412032,2,0,-1,-1,-1,-1,1.0
,recursive,McCarthy91_false-unreach-call_false-termination.c,Impulse-FP.epf,ImpulseWithBE-C.xml,ExpectedResult: UNSAFE UltimateResult: UNSAFE   unknown kind of specification may be violated ,52712005.0,210763776,-,-,-,-,-,-,-
,recursive,EvenOdd01_true-unreach-call_true-termination.c,Impulse-FP.epf,ImpulseWithBE-C.xml,ExpectedResult: SAFE UltimateResult: SAFE   [ShortDescription: All specifications hold LongDescription: 1 specifications checked. All of them hold],214638345.0,174063616,3,0,106,0,53,21,1.0
,recursive,Primes_true-unreach-call.c,Impulse-TreeInterpolation.epf,ImpulseWithBE-C.xml,ExpectedResult: SAFE UltimateResult: SAFE   [ShortDescription: All specifications hold LongDescription: 1 specifications checked. All of them hold],84831382.0,2.62144E+8,2,0,-1,-1,-1,-1,1.0
,recursive,Ackermann03_true-unreach-call.c,Impulse-FP.epf,ImpulseWithBE-C.xml,ExpectedResult: SAFE UltimateResult: SAFE   [ShortDescription: All specifications hold LongDescription: 1 specifications checked. All of them hold],166720704.0,111673344,2,0,15,0,26,4,1.0
,recursive,Addition01_true-unreach-call_true-termination.c,Impulse-FP.epf,ImpulseWithBE-C.xml,ExpectedResult: SAFE UltimateResult: SAFE   [ShortDescription: All specifications hold LongDescription: 1 specifications checked. All of them hold],159338677.0,138412032,2,0,27,0,26,9,1.0
,recursive,gcd01_true-unreach-call_true-termination.c,Impulse-FP.epf,ImpulseWithBE-C.xml,ExpectedResult: SAFE UltimateResult: SAFE   [ShortDescription: All specifications hold LongDescription: 1 specifications checked. All of them hold],78651119.0,2.62144E+8,2,0,56,0,27,10,1.0
,recursive,BallRajamani-SPIN2000-Fig1_false-unreach-call.c,Impulse-TreeInterpolation.epf,ImpulseWithBE-C.xml,ExpectedResult: UNSAFE UltimateResult: SAFE   [ShortDescription: All specifications hold LongDescription: 1 specifications checked. All of them hold],56924655.0,174063616,2,0,-1,-1,-1,-1,0.3333333333333333
,recursive,Addition03_false-unreach-call.c,Impulse-TreeInterpolation.epf,ImpulseWithBE-C.xml,ExpectedResult: UNSAFE UltimateResult: SAFE   [ShortDescription: All specifications hold LongDescription: 1 specifications checked. All of them hold],49413430.0,174063616,2,0,-1,-1,-1,-1,1.0
,recursive,Fibonacci02_true-unreach-call_true-termination.c,Impulse-FP.epf,ImpulseWithBE-C.xml,ExpectedResult: SAFE UltimateResult: SAFE   [ShortDescription: All specifications hold LongDescription: 1 specifications checked. All of them hold],45151573.0,208142336,2,0,31,0,20,4,1.0
,recursive,EvenOdd01_true-unreach-call_true-termination.c,Impulse-TreeInterpolation.epf,ImpulseWithBE-C.xml,ExpectedResult: SAFE UltimateResult: SAFE   [ShortDescription: All specifications hold LongDescription: 1 specifications checked. All of them hold],214710494.0,174063616,3,0,-1,-1,-1,-1,1.0
,recursive,recHanoi01_true-unreach-call_true-termination.c,Impulse-TreeInterpolation.epf,ImpulseWithBE-C.xml,ExpectedResult: SAFE UltimateResult: SAFE   [ShortDescription: All specifications hold LongDescription: 1 specifications checked. All of them hold],60126327.0,596115456,2,0,-1,-1,-1,-1,1.0
,recursive,Ackermann02_false-unreach-call_false-termination.c,Impulse-FP.epf,ImpulseWithBE-C.xml,ExpectedResult: UNSAFE UltimateResult: SAFE   [ShortDescription: All specifications hold LongDescription: 1 specifications checked. All of them hold],151922545.0,111673344,2,0,15,0,24,4,1.0
,recursive,Fibonacci01_true-unreach-call.c,Impulse-TreeInterpolation.epf,ImpulseWithBE-C.xml,ExpectedResult: SAFE UltimateResult: SAFE   [ShortDescription: All specifications hold LongDescription: 1 specifications checked. All of them hold],52687554.0,208142336,2,0,-1,-1,-1,-1,1.0
,recursive,Addition02_false-unreach-call_false-termination.c,Impulse-TreeInterpolation.epf,ImpulseWithBE-C.xml,ExpectedResult: UNSAFE UltimateResult: SAFE   [ShortDescription: All specifications hold LongDescription: 1 specifications checked. All of them hold],99272726.0,174063616,2,0,-1,-1,-1,-1,1.0
,recursive,Addition03_false-unreach-call.c,Impulse-FP.epf,ImpulseWithBE-C.xml,ExpectedResult: UNSAFE UltimateResult: SAFE   [ShortDescription: All specifications hold LongDescription: 1 specifications checked. All of them hold],44445491.0,174063616,2,0,15,0,24,4,1.0
,recursive,Ackermann03_true-unreach-call.c,Impulse-TreeInterpolation.epf,ImpulseWithBE-C.xml,ExpectedResult: SAFE UltimateResult: SAFE   [ShortDescription: All specifications hold LongDescription: 1 specifications checked. All of them hold],153961097.0,137363456,2,0,-1,-1,-1,-1,1.0


################################# Summary #######################
Safe: 31
Unsafe: 4
Timeout: 0
Error: 13
Expected Safe: 32
Expected Unsafe: 16
Total: 48
CSV conversion gone wrong: 0

################################# Latex #######################
\newcommand{\headcolor}{}
\newcommand{\header}[1]{\parbox{2.8em}{\centering #1}\headcolor}
\newcommand{\folder}[1]{\parbox{5em}{#1}}
\begin{table}
\centering
\resizebox{\linewidth}{!}{%
\begin{tabu} to \linewidth {lcllcrrrr}
\toprule
  \header{}& 
  \header{\#}&
  \header{Result}&
  \header{Variant}& 
  \header{Count}&
  \header{Avg. runtime}&
  \header{Mem{-}ory}&
  \header{Iter{-}ations}&
  \header{ICC}\\
  \cmidrule(r){2-9}
\multirow{8}{*}{\folder{recursive}} &
\multirow{2}{*}{8} &
\multirow{2}{*}{\folder{Unsafe}} 
 & Impulse-TreeInterpolation.epf & 2 & 0.05 s & 183.50 MB & - & -\\
 &  &  & Impulse-FP.epf & 2 & 0.06 s & 183.50 MB & - & -\\
  \cmidrule[0.01em](l){2-9}
& \multirow{2}{*}{16} &
\multirow{2}{*}{\folder{Safe}} 
 & Impulse-TreeInterpolation.epf & 16 & 0.51 s & 277.38 MB & 5 & 95.45\%\\
 &  &  & Impulse-FP.epf & 15 & 0.15 s & 250.90 MB & 2 & 95.56\%\\
  \cmidrule[0.01em](l){2-9}
& \multirow{2}{*}{24} &
\multirow{2}{*}{\folder{Completed}} 
 & Impulse-TreeInterpolation.epf & 18 & 0.46 s & 266.94 MB & - & -\\
 &  &  & Impulse-FP.epf & 17 & 0.14 s & 242.97 MB & - & -\\
  \cmidrule[0.01em](l){2-9}
& & \multirow{2}{*}{\folder{Timeout}} 
 & Impulse-TreeInterpolation.epf & 0 & - & - & - & -\\
 &  &  & Impulse-FP.epf & 0 & - & - & - & -\\
\bottomrule
& & & & & & & & \\
\end{tabu}}
\caption{Results for ImpulseWithBE-C.xml.}
\end{table}