################################# CSV #######################
,Folder,File,Settings,Toolchain,Message,Runtime (ns),Allocated memory end (bytes)
,rers,Problem19_prop_041.c,LtlSoftwareModelCheckingC.epf,LtlSoftwareModelCheckingC.xml,ExpectedResult: UNSAFE UltimateResult: TIMEOUT   [ShortDescription: Timeout LongDescription: Timeout while trying to prove G((A || F(B)))],1200430252689.0,7793016832
,rers,Problem15_prop_045.c,LtlSoftwareModelCheckingC.epf,LtlSoftwareModelCheckingC.xml,ExpectedResult: SAFE UltimateResult: EXCEPTION_OR_ERROR   [de.uni_freiburg.informatik.ultimate.plugins.generator.buchiautomizer: OutOfMemoryError: GC overhead limit exceeded],497907262410.0,7635730432
,rers,Problem16_prop_039.c,LtlSoftwareModelCheckingC.epf,LtlSoftwareModelCheckingC.xml,ExpectedResult: UNSAFE UltimateResult: TIMEOUT   [ShortDescription: Timeout LongDescription: Timout or Toolchain cancelled by user],1200989709281.0,7307001856
,rers,Problem14_prop_014.c,LtlSoftwareModelCheckingC.epf,LtlSoftwareModelCheckingC.xml,ExpectedResult: UNSAFE UltimateResult: UNSAFE   Violation of LTL property (!(F(A)) || (B U C)) ,44867771261.0,8.4410368E+9
,rers,Problem18_prop_005.c,LtlSoftwareModelCheckingC.epf,LtlSoftwareModelCheckingC.xml,ExpectedResult: UNSAFE UltimateResult: TIMEOUT   [ShortDescription: Timeout LongDescription: Timeout while trying to prove (!(F(A)) || (B U (A || (C U (A || (B U (A || (C U (A || (D U A))))))))))],1440342783163.0,7.77519104E+9
,rers,Problem19_prop_039.c,LtlSoftwareModelCheckingC.epf,LtlSoftwareModelCheckingC.xml,ExpectedResult: UNSAFE UltimateResult: TIMEOUT   [ShortDescription: Timeout LongDescription: Timeout while trying to prove G((A || ((B U C) || G(B))))],1314883036025,7635730432
,rers,Problem14_prop_047.c,LtlSoftwareModelCheckingC.epf,LtlSoftwareModelCheckingC.xml,ExpectedResult: UNSAFE UltimateResult: UNSAFE   Violation of LTL property G((A || ((B U C) || G(B)))) ,165089145978.0,8292139008
,rers,Problem17_prop_006.c,LtlSoftwareModelCheckingC.epf,LtlSoftwareModelCheckingC.xml,ExpectedResult: UNSAFE UltimateResult: TIMEOUT   [ShortDescription: Timeout LongDescription: Timeout while trying to prove (G(A) || F((B && F(C))))],1509291331006.0,7635730432
,rers,Problem14_prop_048.c,LtlSoftwareModelCheckingC.epf,LtlSoftwareModelCheckingC.xml,ExpectedResult: SAFE UltimateResult: SAFE   [ShortDescription: All specifications hold LongDescription: We were not able to verify any specifiation because the program does not contain any specification.],164650136819.0,8327790592
,rers,Problem19_prop_001.c,LtlSoftwareModelCheckingC.epf,LtlSoftwareModelCheckingC.xml,ExpectedResult: SAFE UltimateResult: TIMEOUT   [ShortDescription: Timeout LongDescription: Timeout while trying to prove G((A || F(B)))],1305237575839.0,7808221184
,rers,Problem16_prop_016.c,LtlSoftwareModelCheckingC.epf,LtlSoftwareModelCheckingC.xml,ExpectedResult: SAFE UltimateResult: SAFE   [ShortDescription: All specifications hold LongDescription: We were not able to verify any specifiation because the program does not contain any specification.],51422252085.0,7089946624
,rers,Problem18_prop_043.c,LtlSoftwareModelCheckingC.epf,LtlSoftwareModelCheckingC.xml,ExpectedResult: SAFE UltimateResult: SAFE   [ShortDescription: All specifications hold LongDescription: We were not able to verify any specifiation because the program does not contain any specification.],285706835465.0,7635730432
,rers,Problem17_prop_020.c,LtlSoftwareModelCheckingC.epf,LtlSoftwareModelCheckingC.xml,ExpectedResult: SAFE UltimateResult: SAFE   [ShortDescription: All specifications hold LongDescription: We were not able to verify any specifiation because the program does not contain any specification.],208772576344.0,7428636672
,rers,Problem15_prop_001.c,LtlSoftwareModelCheckingC.epf,LtlSoftwareModelCheckingC.xml,ExpectedResult: SAFE UltimateResult: SAFE   [ShortDescription: All specifications hold LongDescription: We were not able to verify any specifiation because the program does not contain any specification.],61533011296.0,8.12908544E+9
,rers,Problem17_prop_044.c,LtlSoftwareModelCheckingC.epf,LtlSoftwareModelCheckingC.xml,ExpectedResult: SAFE UltimateResult: SAFE   [ShortDescription: All specifications hold LongDescription: We were not able to verify any specifiation because the program does not contain any specification.],65124527935.0,7445938176
,rers,Problem15_prop_049.c,LtlSoftwareModelCheckingC.epf,LtlSoftwareModelCheckingC.xml,ExpectedResult: SAFE UltimateResult: SAFE   [ShortDescription: All specifications hold LongDescription: We were not able to verify any specifiation because the program does not contain any specification.],85420442185.0,6895960064
,rers,Problem18_prop_044.c,LtlSoftwareModelCheckingC.epf,LtlSoftwareModelCheckingC.xml,ExpectedResult: SAFE UltimateResult: TIMEOUT   [ShortDescription: Timeout LongDescription: Timeout while trying to prove G((!((A && F(B))) || (C U B)))],1216871477285.0,7.65198336E+9
,rers,Problem15_prop_031.c,LtlSoftwareModelCheckingC.epf,LtlSoftwareModelCheckingC.xml,ExpectedResult: UNSAFE UltimateResult: TIMEOUT   [ShortDescription: Timeout LongDescription: Timeout while trying to prove ((A U ((B U ((A U ((B U G(A)) || G(B))) || G(A))) || G(B))) || G(A))],1199994752558.0,7635730432
,rers,Problem19_prop_007.c,LtlSoftwareModelCheckingC.epf,LtlSoftwareModelCheckingC.xml,ExpectedResult: UNSAFE UltimateResult: TIMEOUT   [ShortDescription: Timeout LongDescription: Timeout while trying to prove ((A U B) || G(A))],1199995224298.0,8.01898496E+9
,rers,Problem14_prop_049.c,LtlSoftwareModelCheckingC.epf,LtlSoftwareModelCheckingC.xml,ExpectedResult: SAFE UltimateResult: SAFE   [ShortDescription: All specifications hold LongDescription: We were not able to verify any specifiation because the program does not contain any specification.],84111842122.0,8347189248
,rers,Problem18_prop_023.c,LtlSoftwareModelCheckingC.epf,LtlSoftwareModelCheckingC.xml,ExpectedResult: UNSAFE UltimateResult: TIMEOUT   [ShortDescription: Timeout LongDescription: Timeout while trying to prove ((A U B) || G(A))],1221851898534.0,7635730432
,rers,Problem14_prop_041.c,LtlSoftwareModelCheckingC.epf,LtlSoftwareModelCheckingC.xml,ExpectedResult: UNSAFE UltimateResult: UNSAFE   Violation of LTL property G((A || (B U C))) ,134963080878.0,8366063616
,rers,Problem17_prop_010.c,LtlSoftwareModelCheckingC.epf,LtlSoftwareModelCheckingC.xml,ExpectedResult: SAFE UltimateResult: SAFE   [ShortDescription: All specifications hold LongDescription: We were not able to verify any specifiation because the program does not contain any specification.],23535949964.0,7323254784
,rers,Problem17_prop_023.c,LtlSoftwareModelCheckingC.epf,LtlSoftwareModelCheckingC.xml,ExpectedResult: SAFE UltimateResult: SAFE   [ShortDescription: All specifications hold LongDescription: We were not able to verify any specifiation because the program does not contain any specification.],23809001836.0,7551844352
,rers,Problem16_prop_015.c,LtlSoftwareModelCheckingC.epf,LtlSoftwareModelCheckingC.xml,ExpectedResult: UNSAFE UltimateResult: EXCEPTION_OR_ERROR   [de.uni_freiburg.informatik.ultimate.plugins.generator.buchiautomizer: OutOfMemoryError: GC overhead limit exceeded],1462929040573.0,7089946624
,rers,Problem19_prop_016.c,LtlSoftwareModelCheckingC.epf,LtlSoftwareModelCheckingC.xml,ExpectedResult: UNSAFE UltimateResult: TIMEOUT   [ShortDescription: Timeout LongDescription: Timeout while trying to prove (G(A) || F((B && F(C))))],1353894798932.0,7635730432
,rers,Problem18_prop_011.c,LtlSoftwareModelCheckingC.epf,LtlSoftwareModelCheckingC.xml,ExpectedResult: UNSAFE UltimateResult: TIMEOUT   [ShortDescription: Timeout LongDescription: Timeout while trying to prove G(A)],1237691224967.0,8133279744
,rers,Problem15_prop_002.c,LtlSoftwareModelCheckingC.epf,LtlSoftwareModelCheckingC.xml,ExpectedResult: SAFE UltimateResult: SAFE   [ShortDescription: All specifications hold LongDescription: We were not able to verify any specifiation because the program does not contain any specification.],37047810013.0,8214020096
,rers,Problem15_prop_020.c,LtlSoftwareModelCheckingC.epf,LtlSoftwareModelCheckingC.xml,ExpectedResult: UNSAFE UltimateResult: EXCEPTION_OR_ERROR   [de.uni_freiburg.informatik.ultimate.plugins.generator.buchiautomizer: OutOfMemoryError: GC overhead limit exceeded],1156099017680.0,7635730432
,rers,Problem16_prop_021.c,LtlSoftwareModelCheckingC.epf,LtlSoftwareModelCheckingC.xml,ExpectedResult: UNSAFE UltimateResult: EXCEPTION_OR_ERROR   [de.uni_freiburg.informatik.ultimate.plugins.generator.buchiautomizer: OutOfMemoryError: GC overhead limit exceeded],844811747393.0,7464288256
,rers,Problem17_prop_033.c,LtlSoftwareModelCheckingC.epf,LtlSoftwareModelCheckingC.xml,ExpectedResult: UNSAFE UltimateResult: EXCEPTION_OR_ERROR   [de.uni_freiburg.informatik.ultimate.plugins.generator.buchiautomizer: OutOfMemoryError: GC overhead limit exceeded],593283954989.0,7255621632
,rers,Problem15_prop_016.c,LtlSoftwareModelCheckingC.epf,LtlSoftwareModelCheckingC.xml,ExpectedResult: SAFE UltimateResult: SAFE   [ShortDescription: All specifications hold LongDescription: We were not able to verify any specifiation because the program does not contain any specification.],37696057616.0,5.81173248E+9
,rers,Problem19_prop_028.c,LtlSoftwareModelCheckingC.epf,LtlSoftwareModelCheckingC.xml,ExpectedResult: UNSAFE UltimateResult: EXCEPTION_OR_ERROR   [de.uni_freiburg.informatik.ultimate.plugins.generator.buchiautomizer: OutOfMemoryError: GC overhead limit exceeded],701995383678,7635730432
,rers,Problem17_prop_015.c,LtlSoftwareModelCheckingC.epf,LtlSoftwareModelCheckingC.xml,ExpectedResult: SAFE UltimateResult: SAFE   [ShortDescription: All specifications hold LongDescription: We were not able to verify any specifiation because the program does not contain any specification.],169359935713.0,7120879616
,rers,Problem18_prop_020.c,LtlSoftwareModelCheckingC.epf,LtlSoftwareModelCheckingC.xml,ExpectedResult: UNSAFE UltimateResult: TIMEOUT   [ShortDescription: Timeout LongDescription: Timeout while trying to prove G((A || (B U C)))],1337155888672.0,7.68868352E+9
,rers,Problem18_prop_002.c,LtlSoftwareModelCheckingC.epf,LtlSoftwareModelCheckingC.xml,ExpectedResult: SAFE UltimateResult: SAFE   [ShortDescription: All specifications hold LongDescription: We were not able to verify any specifiation because the program does not contain any specification.],328461850417.0,7816085504
,rers,Problem15_prop_048.c,LtlSoftwareModelCheckingC.epf,LtlSoftwareModelCheckingC.xml,ExpectedResult: UNSAFE UltimateResult: EXCEPTION_OR_ERROR   [de.uni_freiburg.informatik.ultimate.plugins.generator.buchiautomizer: OutOfMemoryError: Java heap space],1198668080712.0,6.85768704E+9
,rers,Problem14_prop_044.c,LtlSoftwareModelCheckingC.epf,LtlSoftwareModelCheckingC.xml,ExpectedResult: UNSAFE UltimateResult: UNSAFE   Violation of LTL property (!(F(A)) || (B U C)) ,100402935017.0,8403812352
,rers,Problem14_prop_001.c,LtlSoftwareModelCheckingC.epf,LtlSoftwareModelCheckingC.xml,ExpectedResult: SAFE UltimateResult: TIMEOUT   [ShortDescription: Timeout LongDescription: Timout or Toolchain cancelled by user],1249596504269.0,8292663296
,rers,Problem16_prop_038.c,LtlSoftwareModelCheckingC.epf,LtlSoftwareModelCheckingC.xml,ExpectedResult: UNSAFE UltimateResult: EXCEPTION_OR_ERROR   [de.uni_freiburg.informatik.ultimate.plugins.generator.buchiautomizer: OutOfMemoryError: GC overhead limit exceeded],686604391735.0,7307001856
,rers,Problem16_prop_034.c,LtlSoftwareModelCheckingC.epf,LtlSoftwareModelCheckingC.xml,ExpectedResult: SAFE UltimateResult: SAFE   [ShortDescription: All specifications hold LongDescription: We were not able to verify any specifiation because the program does not contain any specification.],334967937785.0,6817316864
,rers,Problem19_prop_027.c,LtlSoftwareModelCheckingC.epf,LtlSoftwareModelCheckingC.xml,ExpectedResult: SAFE UltimateResult: EXCEPTION_OR_ERROR   [de.uni_freiburg.informatik.ultimate.plugins.generator.buchiautomizer: OutOfMemoryError: GC overhead limit exceeded],866255466258.0,7635730432
,rers,Problem15_prop_025.c,LtlSoftwareModelCheckingC.epf,LtlSoftwareModelCheckingC.xml,ExpectedResult: SAFE UltimateResult: TIMEOUT   [ShortDescription: Timeout LongDescription: Timeout while trying to prove G((A || ((B U C) || G(B))))],1204079585822.0,7635730432
,rers,Problem18_prop_025.c,LtlSoftwareModelCheckingC.epf,LtlSoftwareModelCheckingC.xml,ExpectedResult: UNSAFE UltimateResult: TIMEOUT   [ShortDescription: Timeout LongDescription: Timeout while trying to prove G((A || ((B U C) || G(B))))],1199995699100.0,7703887872
,rers,Problem15_prop_017.c,LtlSoftwareModelCheckingC.epf,LtlSoftwareModelCheckingC.xml,ExpectedResult: UNSAFE UltimateResult: EXCEPTION_OR_ERROR   [de.uni_freiburg.informatik.ultimate.plugins.generator.buchiautomizer: OutOfMemoryError: GC overhead limit exceeded],464555509174.0,7635730432
,rers,Problem17_prop_047.c,LtlSoftwareModelCheckingC.epf,LtlSoftwareModelCheckingC.xml,ExpectedResult: UNSAFE UltimateResult: EXCEPTION_OR_ERROR   [de.uni_freiburg.informatik.ultimate.plugins.generator.buchiautomizer: OutOfMemoryError: GC overhead limit exceeded],544342043887.0,7268728832
,rers,Problem15_prop_024.c,LtlSoftwareModelCheckingC.epf,LtlSoftwareModelCheckingC.xml,ExpectedResult: SAFE UltimateResult: SAFE   [ShortDescription: All specifications hold LongDescription: We were not able to verify any specifiation because the program does not contain any specification.],285863881254.0,6831996928
,rers,Problem17_prop_026.c,LtlSoftwareModelCheckingC.epf,LtlSoftwareModelCheckingC.xml,ExpectedResult: SAFE UltimateResult: SAFE   [ShortDescription: All specifications hold LongDescription: We were not able to verify any specifiation because the program does not contain any specification.],169639816291.0,7.50256128E+9
,rers,Problem14_prop_035.c,LtlSoftwareModelCheckingC.epf,LtlSoftwareModelCheckingC.xml,ExpectedResult: UNSAFE UltimateResult: UNSAFE   Violation of LTL property G(A) ,243566644011.0,8100773888
,rers,Problem19_prop_010.c,LtlSoftwareModelCheckingC.epf,LtlSoftwareModelCheckingC.xml,ExpectedResult: UNSAFE UltimateResult: TIMEOUT   [ShortDescription: Timeout LongDescription: Timeout while trying to prove G((A || (B U C)))],1817012929521.0,7875330048
,rers,Problem14_prop_036.c,LtlSoftwareModelCheckingC.epf,LtlSoftwareModelCheckingC.xml,ExpectedResult: UNSAFE UltimateResult: TIMEOUT   [ShortDescription: Timeout LongDescription: Timout or Toolchain cancelled by user],1241319335682.0,8332509184
,rers,Problem16_prop_007.c,LtlSoftwareModelCheckingC.epf,LtlSoftwareModelCheckingC.xml,ExpectedResult: SAFE UltimateResult: SAFE   [ShortDescription: All specifications hold LongDescription: We were not able to verify any specifiation because the program does not contain any specification.],1056256566057.0,7386169344
,rers,Problem16_prop_037.c,LtlSoftwareModelCheckingC.epf,LtlSoftwareModelCheckingC.xml,ExpectedResult: UNSAFE UltimateResult: UNSAFE   Violation of LTL property G((A || (B U C))) ,367288384940.0,6956777472
,rers,Problem19_prop_005.c,LtlSoftwareModelCheckingC.epf,LtlSoftwareModelCheckingC.xml,ExpectedResult: SAFE UltimateResult: TIMEOUT   [ShortDescription: Timeout LongDescription: Timeout while trying to prove G((!((A && F(B))) || (C U B)))],1226255557551.0,7986479104
,rers,Problem16_prop_044.c,LtlSoftwareModelCheckingC.epf,LtlSoftwareModelCheckingC.xml,ExpectedResult: SAFE UltimateResult: SAFE   [ShortDescription: All specifications hold LongDescription: We were not able to verify any specifiation because the program does not contain any specification.],55702248460.0,7428112384
,rers,Problem18_prop_026.c,LtlSoftwareModelCheckingC.epf,LtlSoftwareModelCheckingC.xml,ExpectedResult: UNSAFE UltimateResult: TIMEOUT   [ShortDescription: Timeout LongDescription: Timeout while trying to prove G((A || ((B U C) || G(B))))],1330539122348.0,7635730432
,rers,Problem18_prop_049.c,LtlSoftwareModelCheckingC.epf,LtlSoftwareModelCheckingC.xml,ExpectedResult: UNSAFE UltimateResult: TIMEOUT   [ShortDescription: Timeout LongDescription: Timeout while trying to prove G((A || ((B U C) || G(B))))],1199996091923.0,7635730432
,rers,Problem14_prop_027.c,LtlSoftwareModelCheckingC.epf,LtlSoftwareModelCheckingC.xml,ExpectedResult: UNSAFE UltimateResult: UNSAFE   Violation of LTL property ((A U B) || G(A)) ,45979577010.0,8137474048
,rers,Problem17_prop_041.c,LtlSoftwareModelCheckingC.epf,LtlSoftwareModelCheckingC.xml,ExpectedResult: SAFE UltimateResult: SAFE   [ShortDescription: All specifications hold LongDescription: We were not able to verify any specifiation because the program does not contain any specification.],26453421230.0,7635730432
,rers,Problem18_prop_027.c,LtlSoftwareModelCheckingC.epf,LtlSoftwareModelCheckingC.xml,ExpectedResult: SAFE UltimateResult: TIMEOUT   [ShortDescription: Timeout LongDescription: Timeout while trying to prove (!(F(A)) || (B U C))],1235618370931.0,7.7594624E+9
,rers,Problem17_prop_016.c,LtlSoftwareModelCheckingC.epf,LtlSoftwareModelCheckingC.xml,ExpectedResult: UNSAFE UltimateResult: EXCEPTION_OR_ERROR   [de.uni_freiburg.informatik.ultimate.plugins.generator.buchiautomizer: OutOfMemoryError: GC overhead limit exceeded],423526075874.0,7635730432
,rers,Problem16_prop_043.c,LtlSoftwareModelCheckingC.epf,LtlSoftwareModelCheckingC.xml,ExpectedResult: UNSAFE UltimateResult: EXCEPTION_OR_ERROR   [de.uni_freiburg.informatik.ultimate.plugins.generator.buchiautomizer: OutOfMemoryError: GC overhead limit exceeded],747881593100.0,7428112384
,rers,Problem18_prop_032.c,LtlSoftwareModelCheckingC.epf,LtlSoftwareModelCheckingC.xml,ExpectedResult: UNSAFE UltimateResult: TIMEOUT   [ShortDescription: Timeout LongDescription: Timeout while trying to prove G((!((A && F(B))) || (C U B)))],1297221872686.0,7847018496
,rers,Problem15_prop_015.c,LtlSoftwareModelCheckingC.epf,LtlSoftwareModelCheckingC.xml,ExpectedResult: UNSAFE UltimateResult: EXCEPTION_OR_ERROR   [de.uni_freiburg.informatik.ultimate.plugins.generator.buchiautomizer: AssertionError: TermException de.uni_freiburg.informatik.ultimate.lassoranker.exceptions.UnknownFunctionException: Unknown function symbol: ite @term: (ite (<= (+ |v_div_aux(- (- v_mod_auxv_~a29_884229_1 29) (- 14))5_1| 1) 0) (+ |v_div_aux(ite (< (- (- v_mod_auxv_~a29_884229_1 29) (- 14)) 0) (+ v_div_aux(- (- v_mod_auxv_~a29_884229_1 29) (- 14))5_1 1) v_div_aux(- (- v_mod_auxv_~a29_884229_1 29) (- 14))5_1)5_1| 1) |v_div_aux(ite (< (- (- v_mod_auxv_~a29_884229_1 29) (- 14)) 0) (+ v_div_aux(- (- v_mod_auxv_~a29_884229_1 29) (- 14))5_1 1) v_div_aux(- (- v_mod_auxv_~a29_884229_1 29) (- 14))5_1)5_1|): de.uni_freiburg.informatik.ultimate.plugins.generator.buchiautomizer.LassoChecker.synthesize(LassoChecker.java:604)],416552225094.0,6365380608
,rers,Problem14_prop_013.c,LtlSoftwareModelCheckingC.epf,LtlSoftwareModelCheckingC.xml,ExpectedResult: SAFE UltimateResult: SAFE   [ShortDescription: All specifications hold LongDescription: We were not able to verify any specifiation because the program does not contain any specification.],6974982541.0,8444706816
,rers,Problem16_prop_002.c,LtlSoftwareModelCheckingC.epf,LtlSoftwareModelCheckingC.xml,ExpectedResult: SAFE UltimateResult: SAFE   [ShortDescription: All specifications hold LongDescription: We were not able to verify any specifiation because the program does not contain any specification.],264910511080.0,7210532864
,rers,Problem14_prop_002.c,LtlSoftwareModelCheckingC.epf,LtlSoftwareModelCheckingC.xml,ExpectedResult: SAFE UltimateResult: UNSAFE   Violation of LTL property G((A || F(B))) ,17420760424.0,8348762112
,rers,Problem14_prop_006.c,LtlSoftwareModelCheckingC.epf,LtlSoftwareModelCheckingC.xml,ExpectedResult: UNSAFE UltimateResult: UNSAFE   Violation of LTL property G((A || G(B))) ,732034615463.0,8328839168
,rers,Problem19_prop_014.c,LtlSoftwareModelCheckingC.epf,LtlSoftwareModelCheckingC.xml,ExpectedResult: UNSAFE UltimateResult: EXCEPTION_OR_ERROR   [de.uni_freiburg.informatik.ultimate.plugins.generator.buchiautomizer: OutOfMemoryError: GC overhead limit exceeded],869764306434.0,7.70179072E+9
,rers,Problem15_prop_005.c,LtlSoftwareModelCheckingC.epf,LtlSoftwareModelCheckingC.xml,ExpectedResult: SAFE UltimateResult: SAFE   [ShortDescription: All specifications hold LongDescription: We were not able to verify any specifiation because the program does not contain any specification.],37967536374.0,6.77380096E+9
,rers,Problem16_prop_004.c,LtlSoftwareModelCheckingC.epf,LtlSoftwareModelCheckingC.xml,ExpectedResult: SAFE UltimateResult: SAFE   [ShortDescription: All specifications hold LongDescription: We were not able to verify any specifiation because the program does not contain any specification.],149518607332.0,7280263168
,rers,Problem17_prop_000.c,LtlSoftwareModelCheckingC.epf,LtlSoftwareModelCheckingC.xml,ExpectedResult: SAFE UltimateResult: SAFE   [ShortDescription: All specifications hold LongDescription: We were not able to verify any specifiation because the program does not contain any specification.],227717846626.0,7493648384
,rers,Problem16_prop_046.c,LtlSoftwareModelCheckingC.epf,LtlSoftwareModelCheckingC.xml,ExpectedResult: UNSAFE UltimateResult: EXCEPTION_OR_ERROR   [de.uni_freiburg.informatik.ultimate.plugins.generator.buchiautomizer: OutOfMemoryError: GC overhead limit exceeded],1120425725169.0,7380402176
,rers,Problem17_prop_025.c,LtlSoftwareModelCheckingC.epf,LtlSoftwareModelCheckingC.xml,ExpectedResult: UNSAFE UltimateResult: EXCEPTION_OR_ERROR   [de.uni_freiburg.informatik.ultimate.plugins.generator.buchiautomizer: OutOfMemoryError: GC overhead limit exceeded],543807460611.0,7635730432
,rers,Problem17_prop_049.c,LtlSoftwareModelCheckingC.epf,LtlSoftwareModelCheckingC.xml,ExpectedResult: UNSAFE UltimateResult: EXCEPTION_OR_ERROR   [de.uni_freiburg.informatik.ultimate.plugins.generator.buchiautomizer: OutOfMemoryError: GC overhead limit exceeded],557577442168.0,7635730432
,rers,Problem17_prop_036.c,LtlSoftwareModelCheckingC.epf,LtlSoftwareModelCheckingC.xml,ExpectedResult: UNSAFE UltimateResult: EXCEPTION_OR_ERROR   [de.uni_freiburg.informatik.ultimate.plugins.generator.buchiautomizer: OutOfMemoryError: Java heap space],5119896335343.0,7203192832
,rers,Problem19_prop_012.c,LtlSoftwareModelCheckingC.epf,LtlSoftwareModelCheckingC.xml,ExpectedResult: SAFE UltimateResult: EXCEPTION_OR_ERROR   [de.uni_freiburg.informatik.ultimate.plugins.generator.buchiautomizer: OutOfMemoryError: GC overhead limit exceeded],815871006640.0,7703363584
,rers,Problem18_prop_000.c,LtlSoftwareModelCheckingC.epf,LtlSoftwareModelCheckingC.xml,ExpectedResult: SAFE UltimateResult: TIMEOUT   [ShortDescription: Timeout LongDescription: Timeout while trying to prove G((A || ((B U C) || G(B))))],1724786634428.0,7635730432
,rers,Problem18_prop_013.c,LtlSoftwareModelCheckingC.epf,LtlSoftwareModelCheckingC.xml,ExpectedResult: UNSAFE UltimateResult: EXCEPTION_OR_ERROR   [de.uni_freiburg.informatik.ultimate.plugins.generator.buchiautomizer: OutOfMemoryError: GC overhead limit exceeded],758156140869.0,7695499264
,rers,Problem17_prop_037.c,LtlSoftwareModelCheckingC.epf,LtlSoftwareModelCheckingC.xml,ExpectedResult: SAFE UltimateResult: SAFE   [ShortDescription: All specifications hold LongDescription: We were not able to verify any specifiation because the program does not contain any specification.],40469494096.0,7253000192
,rers,Problem17_prop_009.c,LtlSoftwareModelCheckingC.epf,LtlSoftwareModelCheckingC.xml,ExpectedResult: UNSAFE UltimateResult: EXCEPTION_OR_ERROR   [de.uni_freiburg.informatik.ultimate.plugins.generator.buchiautomizer: OutOfMemoryError: GC overhead limit exceeded],734003882419.0,7547650048
,rers,Problem18_prop_036.c,LtlSoftwareModelCheckingC.epf,LtlSoftwareModelCheckingC.xml,ExpectedResult: SAFE UltimateResult: TIMEOUT   [ShortDescription: Timeout LongDescription: Timeout while trying to prove G((!((A && F(B))) || (C U B)))],1403497280708.0,8.15005696E+9
,rers,Problem18_prop_022.c,LtlSoftwareModelCheckingC.epf,LtlSoftwareModelCheckingC.xml,ExpectedResult: SAFE UltimateResult: SAFE   [ShortDescription: All specifications hold LongDescription: We were not able to verify any specifiation because the program does not contain any specification.],285522554812.0,7569145856
,rers,Problem15_prop_034.c,LtlSoftwareModelCheckingC.epf,LtlSoftwareModelCheckingC.xml,ExpectedResult: SAFE UltimateResult: SAFE   [ShortDescription: All specifications hold LongDescription: We were not able to verify any specifiation because the program does not contain any specification.],242163521200.0,6559891456
,rers,Problem19_prop_030.c,LtlSoftwareModelCheckingC.epf,LtlSoftwareModelCheckingC.xml,ExpectedResult: SAFE UltimateResult: TIMEOUT   [ShortDescription: Timeout LongDescription: Timeout while trying to prove G((A || (B U C)))],1411039159310.0,7648837632
,rers,Problem15_prop_026.c,LtlSoftwareModelCheckingC.epf,LtlSoftwareModelCheckingC.xml,ExpectedResult: UNSAFE UltimateResult: TIMEOUT   [ShortDescription: Timeout LongDescription: Timout or Toolchain cancelled by user],1200538091470.0,7635730432
,rers,Problem17_prop_045.c,LtlSoftwareModelCheckingC.epf,LtlSoftwareModelCheckingC.xml,ExpectedResult: UNSAFE UltimateResult: UNSAFE   Violation of LTL property G((A || F(B))) ,1112272431722.0,6987186176
,rers,Problem17_prop_028.c,LtlSoftwareModelCheckingC.epf,LtlSoftwareModelCheckingC.xml,ExpectedResult: SAFE UltimateResult: SAFE   [ShortDescription: All specifications hold LongDescription: We were not able to verify any specifiation because the program does not contain any specification.],33755377622.0,7327449088
,rers,Problem16_prop_031.c,LtlSoftwareModelCheckingC.epf,LtlSoftwareModelCheckingC.xml,ExpectedResult: SAFE UltimateResult: SAFE   [ShortDescription: All specifications hold LongDescription: We were not able to verify any specifiation because the program does not contain any specification.],306382583073.0,7793016832
,rers,Problem18_prop_034.c,LtlSoftwareModelCheckingC.epf,LtlSoftwareModelCheckingC.xml,ExpectedResult: SAFE UltimateResult: TIMEOUT   [ShortDescription: Timeout LongDescription: Timeout while trying to prove G((A || G(B)))],1199995915349.0,8001683456
,rers,Problem18_prop_009.c,LtlSoftwareModelCheckingC.epf,LtlSoftwareModelCheckingC.xml,ExpectedResult: SAFE UltimateResult: SAFE   [ShortDescription: All specifications hold LongDescription: We were not able to verify any specifiation because the program does not contain any specification.],535667216608.0,7920418816
,rers,Problem16_prop_008.c,LtlSoftwareModelCheckingC.epf,LtlSoftwareModelCheckingC.xml,ExpectedResult: UNSAFE UltimateResult: UNSAFE   Violation of LTL property G((!((A && F(B))) || (C U B))) ,340153892614.0,6824132608
,rers,Problem17_prop_005.c,LtlSoftwareModelCheckingC.epf,LtlSoftwareModelCheckingC.xml,ExpectedResult: SAFE UltimateResult: EXCEPTION_OR_ERROR   [de.uni_freiburg.informatik.ultimate.plugins.generator.buchiautomizer: OutOfMemoryError: GC overhead limit exceeded],632949063672.0,7477919744
,rers,Problem19_prop_029.c,LtlSoftwareModelCheckingC.epf,LtlSoftwareModelCheckingC.xml,ExpectedResult: UNSAFE UltimateResult: TIMEOUT   [ShortDescription: Timeout LongDescription: Timeout while trying to prove F(A)],1218760915101.0,7624196096
,rers,Problem16_prop_025.c,LtlSoftwareModelCheckingC.epf,LtlSoftwareModelCheckingC.xml,ExpectedResult: SAFE UltimateResult: TIMEOUT   [ShortDescription: Timeout LongDescription: Timeout while trying to prove G((!((A && F(B))) || (C U B)))],1202621436274.0,7378305024
,rers,Problem15_prop_018.c,LtlSoftwareModelCheckingC.epf,LtlSoftwareModelCheckingC.xml,ExpectedResult: SAFE UltimateResult: SAFE   [ShortDescription: All specifications hold LongDescription: We were not able to verify any specifiation because the program does not contain any specification.],41753401289.0,6740770816
,rers,Problem14_prop_021.c,LtlSoftwareModelCheckingC.epf,LtlSoftwareModelCheckingC.xml,ExpectedResult: UNSAFE UltimateResult: UNSAFE   Violation of LTL property G((A || ((B U C) || G(B)))) ,216497088157.0,8422162432
,rers,Problem14_prop_034.c,LtlSoftwareModelCheckingC.epf,LtlSoftwareModelCheckingC.xml,ExpectedResult: UNSAFE UltimateResult: UNSAFE   Violation of LTL property ((A U B) || G(A)) ,83861787675.0,8125415424
,rers,Problem19_prop_004.c,LtlSoftwareModelCheckingC.epf,LtlSoftwareModelCheckingC.xml,ExpectedResult: SAFE UltimateResult: TIMEOUT   [ShortDescription: Timeout LongDescription: Timeout while trying to prove G((A || ((B U C) || G(B))))],1269438556325.0,7926185984
,rers,Problem19_prop_036.c,LtlSoftwareModelCheckingC.epf,LtlSoftwareModelCheckingC.xml,ExpectedResult: SAFE UltimateResult: EXCEPTION_OR_ERROR   [de.uni_freiburg.informatik.ultimate.plugins.generator.buchiautomizer: OutOfMemoryError: GC overhead limit exceeded],693300655872,7.995392E+9
,rers,Problem19_prop_013.c,LtlSoftwareModelCheckingC.epf,LtlSoftwareModelCheckingC.xml,ExpectedResult: SAFE UltimateResult: TIMEOUT   [ShortDescription: Timeout LongDescription: Timeout while trying to prove G((A || F(B)))],1272753203127,7635730432
,rers,Problem16_prop_047.c,LtlSoftwareModelCheckingC.epf,LtlSoftwareModelCheckingC.xml,ExpectedResult: SAFE UltimateResult: SAFE   [ShortDescription: All specifications hold LongDescription: We were not able to verify any specifiation because the program does not contain any specification.],278049295138.0,7380402176
,rers,Problem15_prop_012.c,LtlSoftwareModelCheckingC.epf,LtlSoftwareModelCheckingC.xml,ExpectedResult: UNSAFE UltimateResult: EXCEPTION_OR_ERROR   [de.uni_freiburg.informatik.ultimate.plugins.generator.buchiautomizer: OutOfMemoryError: Java heap space: java.util.HashMap.createEntry(HashMap.java:901)],2678209485728.0,6690439168
,rers,Problem19_prop_047.c,LtlSoftwareModelCheckingC.epf,LtlSoftwareModelCheckingC.xml,ExpectedResult: SAFE UltimateResult: TIMEOUT   [ShortDescription: Timeout LongDescription: Timeout while trying to prove (!(F(A)) || (B U C))],1204891855375.0,7.73849088E+9
,rers,Problem16_prop_010.c,LtlSoftwareModelCheckingC.epf,LtlSoftwareModelCheckingC.xml,ExpectedResult: SAFE UltimateResult: SAFE   [ShortDescription: All specifications hold LongDescription: We were not able to verify any specifiation because the program does not contain any specification.],338999342908.0,6727663616
,rers,Problem17_prop_001.c,LtlSoftwareModelCheckingC.epf,LtlSoftwareModelCheckingC.xml,ExpectedResult: SAFE UltimateResult: SAFE   [ShortDescription: All specifications hold LongDescription: We were not able to verify any specifiation because the program does not contain any specification.],18548948967.0,7.03070208E+9
,rers,Problem16_prop_024.c,LtlSoftwareModelCheckingC.epf,LtlSoftwareModelCheckingC.xml,ExpectedResult: UNSAFE UltimateResult: EXCEPTION_OR_ERROR   [de.uni_freiburg.informatik.ultimate.plugins.generator.buchiautomizer: OutOfMemoryError: GC overhead limit exceeded],723091915953.0,7378305024
,rers,Problem18_prop_017.c,LtlSoftwareModelCheckingC.epf,LtlSoftwareModelCheckingC.xml,ExpectedResult: UNSAFE UltimateResult: TIMEOUT   [ShortDescription: Timeout LongDescription: Timeout while trying to prove (!(F(A)) || (B U C))],1206923070370.0,7947157504
,rers,Problem14_prop_046.c,LtlSoftwareModelCheckingC.epf,LtlSoftwareModelCheckingC.xml,ExpectedResult: UNSAFE UltimateResult: UNSAFE   Violation of LTL property G((A || G(B))) ,176568374521.0,8.4017152E+9
,rers,Problem14_prop_037.c,LtlSoftwareModelCheckingC.epf,LtlSoftwareModelCheckingC.xml,ExpectedResult: UNSAFE UltimateResult: UNSAFE   Violation of LTL property G((A || F(B))) ,81475234784.0,8268546048
,rers,Problem18_prop_047.c,LtlSoftwareModelCheckingC.epf,LtlSoftwareModelCheckingC.xml,ExpectedResult: SAFE UltimateResult: EXCEPTION_OR_ERROR   [de.uni_freiburg.informatik.ultimate.plugins.generator.buchiautomizer: OutOfMemoryError: Java heap space],2196683666165.0,7.9167488E+9
,rers,Problem14_prop_038.c,LtlSoftwareModelCheckingC.epf,LtlSoftwareModelCheckingC.xml,ExpectedResult: SAFE UltimateResult: SAFE   [ShortDescription: All specifications hold LongDescription: We were not able to verify any specifiation because the program does not contain any specification.],157936728485.0,8423211008
,rers,Problem14_prop_020.c,LtlSoftwareModelCheckingC.epf,LtlSoftwareModelCheckingC.xml,ExpectedResult: UNSAFE UltimateResult: UNSAFE   Violation of LTL property G(A) ,120681387371.0,8.4672512E+9
,rers,Problem16_prop_006.c,LtlSoftwareModelCheckingC.epf,LtlSoftwareModelCheckingC.xml,ExpectedResult: UNSAFE UltimateResult: EXCEPTION_OR_ERROR   [de.uni_freiburg.informatik.ultimate.plugins.generator.buchiautomizer: OutOfMemoryError: GC overhead limit exceeded],1285440313371.0,7386169344
,rers,Problem14_prop_045.c,LtlSoftwareModelCheckingC.epf,LtlSoftwareModelCheckingC.xml,ExpectedResult: UNSAFE UltimateResult: UNSAFE   Violation of LTL property G((!((A && F(B))) || (C U B))) ,287001667229.0,8398569472
,rers,Problem17_prop_027.c,LtlSoftwareModelCheckingC.epf,LtlSoftwareModelCheckingC.xml,ExpectedResult: SAFE UltimateResult: SAFE   [ShortDescription: All specifications hold LongDescription: We were not able to verify any specifiation because the program does not contain any specification.],172018358843.0,7502036992
,rers,Problem16_prop_012.c,LtlSoftwareModelCheckingC.epf,LtlSoftwareModelCheckingC.xml,ExpectedResult: UNSAFE UltimateResult: TIMEOUT   [ShortDescription: Timeout LongDescription: Timout or Toolchain cancelled by user],1200237789212.0,6890717184
,rers,Problem14_prop_029.c,LtlSoftwareModelCheckingC.epf,LtlSoftwareModelCheckingC.xml,ExpectedResult: UNSAFE UltimateResult: UNSAFE   Violation of LTL property G((A || (B U C))) ,684502636201.0,8456241152
,rers,Problem14_prop_016.c,LtlSoftwareModelCheckingC.epf,LtlSoftwareModelCheckingC.xml,ExpectedResult: SAFE UltimateResult: SAFE   [ShortDescription: All specifications hold LongDescription: We were not able to verify any specifiation because the program does not contain any specification.],13214506633.0,8380219392
,rers,Problem15_prop_033.c,LtlSoftwareModelCheckingC.epf,LtlSoftwareModelCheckingC.xml,ExpectedResult: SAFE UltimateResult: SAFE   [ShortDescription: All specifications hold LongDescription: We were not able to verify any specifiation because the program does not contain any specification.],36809385786.0,6885474304
,rers,Problem15_prop_047.c,LtlSoftwareModelCheckingC.epf,LtlSoftwareModelCheckingC.xml,ExpectedResult: SAFE UltimateResult: SAFE   [ShortDescription: All specifications hold LongDescription: We were not able to verify any specifiation because the program does not contain any specification.],315209333967.0,6623854592
,rers,Problem15_prop_039.c,LtlSoftwareModelCheckingC.epf,LtlSoftwareModelCheckingC.xml,ExpectedResult: UNSAFE UltimateResult: TIMEOUT   [ShortDescription: Timeout LongDescription: Timout or Toolchain cancelled by user],1212168550825.0,7944536064
,rers,Problem15_prop_006.c,LtlSoftwareModelCheckingC.epf,LtlSoftwareModelCheckingC.xml,ExpectedResult: UNSAFE UltimateResult: TIMEOUT   [ShortDescription: Timeout LongDescription: Timeout while trying to prove G((A || ((B U C) || G(B))))],1200012220043.0,7547650048
,rers,Problem15_prop_037.c,LtlSoftwareModelCheckingC.epf,LtlSoftwareModelCheckingC.xml,ExpectedResult: UNSAFE UltimateResult: EXCEPTION_OR_ERROR   [de.uni_freiburg.informatik.ultimate.plugins.generator.buchiautomizer: OutOfMemoryError: Java heap space],819893747459.0,7635730432
,rers,Problem17_prop_013.c,LtlSoftwareModelCheckingC.epf,LtlSoftwareModelCheckingC.xml,ExpectedResult: UNSAFE UltimateResult: EXCEPTION_OR_ERROR   [de.uni_freiburg.informatik.ultimate.plugins.generator.buchiautomizer: OutOfMemoryError: GC overhead limit exceeded],681516428177.0,7572291584
,rers,Problem19_prop_046.c,LtlSoftwareModelCheckingC.epf,LtlSoftwareModelCheckingC.xml,ExpectedResult: UNSAFE UltimateResult: TIMEOUT   [ShortDescription: Timeout LongDescription: Timeout while trying to prove G(A)],1199995816751.0,7583301632
,rers,Problem19_prop_035.c,LtlSoftwareModelCheckingC.epf,LtlSoftwareModelCheckingC.xml,ExpectedResult: UNSAFE UltimateResult: TIMEOUT   [ShortDescription: Timeout LongDescription: Timeout while trying to prove (G(A) || F((B && F(C))))],1199994262494.0,7960788992
,rers,Problem18_prop_039.c,LtlSoftwareModelCheckingC.epf,LtlSoftwareModelCheckingC.xml,ExpectedResult: SAFE UltimateResult: SAFE   [ShortDescription: All specifications hold LongDescription: We were not able to verify any specifiation because the program does not contain any specification.],286572102722.0,8180465664
,rers,Problem17_prop_022.c,LtlSoftwareModelCheckingC.epf,LtlSoftwareModelCheckingC.xml,ExpectedResult: SAFE UltimateResult: SAFE   [ShortDescription: All specifications hold LongDescription: We were not able to verify any specifiation because the program does not contain any specification.],17891692481.0,7635730432
,rers,Problem19_prop_017.c,LtlSoftwareModelCheckingC.epf,LtlSoftwareModelCheckingC.xml,ExpectedResult: UNSAFE UltimateResult: EXCEPTION_OR_ERROR   [de.uni_freiburg.informatik.ultimate.plugins.generator.buchiautomizer: OutOfMemoryError: GC overhead limit exceeded],877919113911.0,7.64411904E+9
,rers,Problem19_prop_022.c,LtlSoftwareModelCheckingC.epf,LtlSoftwareModelCheckingC.xml,ExpectedResult: SAFE UltimateResult: EXCEPTION_OR_ERROR   [de.uni_freiburg.informatik.ultimate.plugins.generator.buchiautomizer: OutOfMemoryError: GC overhead limit exceeded],951783819313.0,7635730432
,rers,Problem18_prop_016.c,LtlSoftwareModelCheckingC.epf,LtlSoftwareModelCheckingC.xml,ExpectedResult: SAFE UltimateResult: SAFE   [ShortDescription: All specifications hold LongDescription: We were not able to verify any specifiation because the program does not contain any specification.],928531982225.0,7898923008
,rers,Problem19_prop_000.c,LtlSoftwareModelCheckingC.epf,LtlSoftwareModelCheckingC.xml,ExpectedResult: SAFE UltimateResult: TIMEOUT   [ShortDescription: Timeout LongDescription: Timeout while trying to prove G((A || ((B U C) || G(B))))],1379788387618.0,7829716992
,rers,Problem16_prop_011.c,LtlSoftwareModelCheckingC.epf,LtlSoftwareModelCheckingC.xml,ExpectedResult: SAFE UltimateResult: TIMEOUT   [ShortDescription: Timeout LongDescription: Timeout while trying to prove G((!((A && F(B))) || (C U B)))],1203997344487.0,6903824384
,rers,Problem17_prop_048.c,LtlSoftwareModelCheckingC.epf,LtlSoftwareModelCheckingC.xml,ExpectedResult: SAFE UltimateResult: EXCEPTION_OR_ERROR   [de.uni_freiburg.informatik.ultimate.plugins.generator.buchiautomizer: OutOfMemoryError: GC overhead limit exceeded],542916133673.0,7635730432
,rers,Problem15_prop_044.c,LtlSoftwareModelCheckingC.epf,LtlSoftwareModelCheckingC.xml,ExpectedResult: SAFE UltimateResult: SAFE   [ShortDescription: All specifications hold LongDescription: We were not able to verify any specifiation because the program does not contain any specification.],42367253329.0,7.37148928E+9
,rers,Problem15_prop_035.c,LtlSoftwareModelCheckingC.epf,LtlSoftwareModelCheckingC.xml,ExpectedResult: UNSAFE UltimateResult: EXCEPTION_OR_ERROR   [de.uni_freiburg.informatik.ultimate.plugins.generator.buchiautomizer: OutOfMemoryError: GC overhead limit exceeded],1546165279947.0,7189561344
,rers,Problem14_prop_007.c,LtlSoftwareModelCheckingC.epf,LtlSoftwareModelCheckingC.xml,ExpectedResult: SAFE UltimateResult: SAFE   [ShortDescription: All specifications hold LongDescription: We were not able to verify any specifiation because the program does not contain any specification.],24139815071.0,8402239488
,rers,Problem14_prop_025.c,LtlSoftwareModelCheckingC.epf,LtlSoftwareModelCheckingC.xml,ExpectedResult: SAFE UltimateResult: SAFE   [ShortDescription: All specifications hold LongDescription: We were not able to verify any specifiation because the program does not contain any specification.],44170889314.0,8387035136
,rers,Problem18_prop_006.c,LtlSoftwareModelCheckingC.epf,LtlSoftwareModelCheckingC.xml,ExpectedResult: UNSAFE UltimateResult: EXCEPTION_OR_ERROR   [de.uni_freiburg.informatik.ultimate.plugins.generator.buchiautomizer: OutOfMemoryError: Java heap space],580100128228.0,7723286528
,rers,Problem15_prop_027.c,LtlSoftwareModelCheckingC.epf,LtlSoftwareModelCheckingC.xml,ExpectedResult: SAFE UltimateResult: SAFE   [ShortDescription: All specifications hold LongDescription: We were not able to verify any specifiation because the program does not contain any specification.],390674293551.0,7576485888
,rers,Problem16_prop_030.c,LtlSoftwareModelCheckingC.epf,LtlSoftwareModelCheckingC.xml,ExpectedResult: UNSAFE UltimateResult: TIMEOUT   [ShortDescription: Timeout LongDescription: Timout or Toolchain cancelled by user],1200017792484.0,7635730432
,rers,Problem19_prop_040.c,LtlSoftwareModelCheckingC.epf,LtlSoftwareModelCheckingC.xml,ExpectedResult: UNSAFE UltimateResult: TIMEOUT   [ShortDescription: Timeout LongDescription: Timeout while trying to prove (G(A) || F((B && F(C))))],1318665992412.0,7.7201408E+9
,rers,Problem18_prop_037.c,LtlSoftwareModelCheckingC.epf,LtlSoftwareModelCheckingC.xml,ExpectedResult: UNSAFE UltimateResult: TIMEOUT   [ShortDescription: Timeout LongDescription: Timeout while trying to prove (G(A) || F((B && F(C))))],1199996417276.0,7.91150592E+9
,rers,Problem16_prop_036.c,LtlSoftwareModelCheckingC.epf,LtlSoftwareModelCheckingC.xml,ExpectedResult: UNSAFE UltimateResult: TIMEOUT   [ShortDescription: Timeout LongDescription: Timout or Toolchain cancelled by user],1200273548144.0,7050100736
,rers,Problem18_prop_035.c,LtlSoftwareModelCheckingC.epf,LtlSoftwareModelCheckingC.xml,ExpectedResult: SAFE UltimateResult: SAFE   [ShortDescription: All specifications hold LongDescription: We were not able to verify any specifiation because the program does not contain any specification.],301646331799.0,8147959808
,rers,Problem15_prop_040.c,LtlSoftwareModelCheckingC.epf,LtlSoftwareModelCheckingC.xml,ExpectedResult: UNSAFE UltimateResult: EXCEPTION_OR_ERROR   [de.uni_freiburg.informatik.ultimate.plugins.generator.buchiautomizer: OutOfMemoryError: GC overhead limit exceeded],654409862995.0,7904165888
,rers,Problem14_prop_039.c,LtlSoftwareModelCheckingC.epf,LtlSoftwareModelCheckingC.xml,ExpectedResult: SAFE UltimateResult: SAFE   [ShortDescription: All specifications hold LongDescription: We were not able to verify any specifiation because the program does not contain any specification.],215383697334.0,8.3623936E+9
,rers,Problem17_prop_046.c,LtlSoftwareModelCheckingC.epf,LtlSoftwareModelCheckingC.xml,ExpectedResult: SAFE UltimateResult: SAFE   [ShortDescription: All specifications hold LongDescription: We were not able to verify any specifiation because the program does not contain any specification.],18279267771.0,7396655104
,rers,Problem14_prop_015.c,LtlSoftwareModelCheckingC.epf,LtlSoftwareModelCheckingC.xml,ExpectedResult: UNSAFE UltimateResult: TIMEOUT   [ShortDescription: Timeout LongDescription: Timout or Toolchain cancelled by user],1253131770084.0,8416395264
,rers,Problem15_prop_036.c,LtlSoftwareModelCheckingC.epf,LtlSoftwareModelCheckingC.xml,ExpectedResult: UNSAFE UltimateResult: EXCEPTION_OR_ERROR   [de.uni_freiburg.informatik.ultimate.plugins.generator.buchiautomizer: OutOfMemoryError: Java heap space],333002211601.0,7635730432
,rers,Problem19_prop_025.c,LtlSoftwareModelCheckingC.epf,LtlSoftwareModelCheckingC.xml,ExpectedResult: UNSAFE UltimateResult: TIMEOUT   [ShortDescription: Timeout LongDescription: Timeout while trying to prove G((A || F(B)))],1199995469033,7635730432
,rers,Problem16_prop_018.c,LtlSoftwareModelCheckingC.epf,LtlSoftwareModelCheckingC.xml,ExpectedResult: SAFE UltimateResult: SAFE   [ShortDescription: All specifications hold LongDescription: We were not able to verify any specifiation because the program does not contain any specification.],285909770852.0,7.4186752E+9
,rers,Problem18_prop_018.c,LtlSoftwareModelCheckingC.epf,LtlSoftwareModelCheckingC.xml,ExpectedResult: UNSAFE UltimateResult: TIMEOUT   [ShortDescription: Timeout LongDescription: Timeout while trying to prove G((A || ((B U C) || G(B))))],1361479661880.0,7992246272
,rers,Problem19_prop_049.c,LtlSoftwareModelCheckingC.epf,LtlSoftwareModelCheckingC.xml,ExpectedResult: SAFE UltimateResult: TIMEOUT   [ShortDescription: Timeout LongDescription: Timeout while trying to prove G((!((A && F(B))) || (C U B)))],1286948332917.0,7662993408
,rers,Problem15_prop_011.c,LtlSoftwareModelCheckingC.epf,LtlSoftwareModelCheckingC.xml,ExpectedResult: SAFE UltimateResult: SAFE   [ShortDescription: All specifications hold LongDescription: We were not able to verify any specifiation because the program does not contain any specification.],141281639717.0,6297747456
,rers,Problem19_prop_003.c,LtlSoftwareModelCheckingC.epf,LtlSoftwareModelCheckingC.xml,ExpectedResult: SAFE UltimateResult: TIMEOUT   [ShortDescription: Timeout LongDescription: Timeout while trying to prove ((A U B) || G(A))],1266119017411.0,7951876096
,rers,Problem17_prop_008.c,LtlSoftwareModelCheckingC.epf,LtlSoftwareModelCheckingC.xml,ExpectedResult: SAFE UltimateResult: SAFE   [ShortDescription: All specifications hold LongDescription: We were not able to verify any specifiation because the program does not contain any specification.],132792167582.0,7685537792
,rers,Problem14_prop_030.c,LtlSoftwareModelCheckingC.epf,LtlSoftwareModelCheckingC.xml,ExpectedResult: SAFE UltimateResult: SAFE   [ShortDescription: All specifications hold LongDescription: We were not able to verify any specifiation because the program does not contain any specification.],6894136165.0,8377597952
,rers,Problem16_prop_049.c,LtlSoftwareModelCheckingC.epf,LtlSoftwareModelCheckingC.xml,ExpectedResult: UNSAFE UltimateResult: EXCEPTION_OR_ERROR   [de.uni_freiburg.informatik.ultimate.plugins.generator.buchiautomizer: OutOfMemoryError: Java heap space],874916789697.0,7493648384
,rers,Problem19_prop_037.c,LtlSoftwareModelCheckingC.epf,LtlSoftwareModelCheckingC.xml,ExpectedResult: UNSAFE UltimateResult: EXCEPTION_OR_ERROR   [de.uni_freiburg.informatik.ultimate.plugins.generator.buchiautomizer: OutOfMemoryError: GC overhead limit exceeded],752258878990.0,7796686848
,rers,Problem19_prop_011.c,LtlSoftwareModelCheckingC.epf,LtlSoftwareModelCheckingC.xml,ExpectedResult: SAFE UltimateResult: EXCEPTION_OR_ERROR   [de.uni_freiburg.informatik.ultimate.plugins.generator.buchiautomizer: OutOfMemoryError: Java heap space],7675433888033.0,7988576256
,rers,Problem19_prop_048.c,LtlSoftwareModelCheckingC.epf,LtlSoftwareModelCheckingC.xml,ExpectedResult: UNSAFE UltimateResult: TIMEOUT   [ShortDescription: Timeout LongDescription: Timeout while trying to prove (!(F(A)) || (B U C))],1255740982219.0,7621050368
,rers,Problem16_prop_042.c,LtlSoftwareModelCheckingC.epf,LtlSoftwareModelCheckingC.xml,ExpectedResult: UNSAFE UltimateResult: TIMEOUT   [ShortDescription: Timeout LongDescription: Timout or Toolchain cancelled by user],1200000752473.0,7606370304
,rers,Problem17_prop_030.c,LtlSoftwareModelCheckingC.epf,LtlSoftwareModelCheckingC.xml,ExpectedResult: SAFE UltimateResult: SAFE   [ShortDescription: All specifications hold LongDescription: We were not able to verify any specifiation because the program does not contain any specification.],73799444576.0,7190085632
,rers,Problem16_prop_009.c,LtlSoftwareModelCheckingC.epf,LtlSoftwareModelCheckingC.xml,ExpectedResult: UNSAFE UltimateResult: TIMEOUT   [ShortDescription: Timeout LongDescription: Timout or Toolchain cancelled by user],1200025180059.0,7054819328
,rers,Problem19_prop_032.c,LtlSoftwareModelCheckingC.epf,LtlSoftwareModelCheckingC.xml,ExpectedResult: SAFE UltimateResult: TIMEOUT   [ShortDescription: Timeout LongDescription: Timeout while trying to prove G((A || ((B U C) || G(B))))],1274223893284.0,7649886208
,rers,Problem16_prop_032.c,LtlSoftwareModelCheckingC.epf,LtlSoftwareModelCheckingC.xml,ExpectedResult: UNSAFE UltimateResult: EXCEPTION_OR_ERROR   [de.uni_freiburg.informatik.ultimate.plugins.generator.buchiautomizer: OutOfMemoryError: GC overhead limit exceeded],741027833021.0,7.81451264E+9
,rers,Problem18_prop_008.c,LtlSoftwareModelCheckingC.epf,LtlSoftwareModelCheckingC.xml,ExpectedResult: UNSAFE UltimateResult: TIMEOUT   [ShortDescription: Timeout LongDescription: Timeout while trying to prove G((A || ((B U C) || G(B))))],1199995634569.0,7765753856
,rers,Problem16_prop_013.c,LtlSoftwareModelCheckingC.epf,LtlSoftwareModelCheckingC.xml,ExpectedResult: SAFE UltimateResult: EXCEPTION_OR_ERROR   [de.uni_freiburg.informatik.ultimate.plugins.generator.buchiautomizer: OutOfMemoryError: GC overhead limit exceeded],569869155344.0,7.3138176E+9
,rers,Problem17_prop_032.c,LtlSoftwareModelCheckingC.epf,LtlSoftwareModelCheckingC.xml,ExpectedResult: SAFE UltimateResult: SAFE   [ShortDescription: All specifications hold LongDescription: We were not able to verify any specifiation because the program does not contain any specification.],27715270437.0,6562512896
,rers,Problem18_prop_030.c,LtlSoftwareModelCheckingC.epf,LtlSoftwareModelCheckingC.xml,ExpectedResult: SAFE UltimateResult: TIMEOUT   [ShortDescription: Timeout LongDescription: Timeout while trying to prove G((!((A && F(B))) || (C U B)))],1233999511887.0,7818706944
,rers,Problem15_prop_022.c,LtlSoftwareModelCheckingC.epf,LtlSoftwareModelCheckingC.xml,ExpectedResult: UNSAFE UltimateResult: EXCEPTION_OR_ERROR   [de.uni_freiburg.informatik.ultimate.plugins.generator.buchiautomizer: OutOfMemoryError: GC overhead limit exceeded],445942209922.0,7635730432
,rers,Problem18_prop_046.c,LtlSoftwareModelCheckingC.epf,LtlSoftwareModelCheckingC.xml,ExpectedResult: UNSAFE UltimateResult: TIMEOUT   [ShortDescription: Timeout LongDescription: Timeout while trying to prove G((A || ((B U C) || G(B))))],1408309067915.0,7690780672
,rers,Problem18_prop_029.c,LtlSoftwareModelCheckingC.epf,LtlSoftwareModelCheckingC.xml,ExpectedResult: SAFE UltimateResult: TIMEOUT   [ShortDescription: Timeout LongDescription: Timeout while trying to prove G((!((A && F(B))) || (C U B)))],1200527864992.0,7635730432
,rers,Problem16_prop_048.c,LtlSoftwareModelCheckingC.epf,LtlSoftwareModelCheckingC.xml,ExpectedResult: UNSAFE UltimateResult: EXCEPTION_OR_ERROR   [de.uni_freiburg.informatik.ultimate.plugins.generator.buchiautomizer: OutOfMemoryError: GC overhead limit exceeded],763922789370.0,7336361984
,rers,Problem17_prop_031.c,LtlSoftwareModelCheckingC.epf,LtlSoftwareModelCheckingC.xml,ExpectedResult: SAFE UltimateResult: SAFE   [ShortDescription: All specifications hold LongDescription: We were not able to verify any specifiation because the program does not contain any specification.],19533248594.0,6657933312
,rers,Problem16_prop_000.c,LtlSoftwareModelCheckingC.epf,LtlSoftwareModelCheckingC.xml,ExpectedResult: SAFE UltimateResult: SAFE   [ShortDescription: All specifications hold LongDescription: We were not able to verify any specifiation because the program does not contain any specification.],112192699910.0,6561988608
,rers,Problem17_prop_019.c,LtlSoftwareModelCheckingC.epf,LtlSoftwareModelCheckingC.xml,ExpectedResult: UNSAFE UltimateResult: EXCEPTION_OR_ERROR   [de.uni_freiburg.informatik.ultimate.plugins.generator.buchiautomizer: OutOfMemoryError: GC overhead limit exceeded],1165561741937.0,7635730432
,rers,Problem18_prop_038.c,LtlSoftwareModelCheckingC.epf,LtlSoftwareModelCheckingC.xml,ExpectedResult: SAFE UltimateResult: SAFE   [ShortDescription: All specifications hold LongDescription: We were not able to verify any specifiation because the program does not contain any specification.],307159219793.0,7.99014912E+9
,rers,Problem14_prop_004.c,LtlSoftwareModelCheckingC.epf,LtlSoftwareModelCheckingC.xml,ExpectedResult: UNSAFE UltimateResult: UNSAFE   Violation of LTL property G((A || G(B))) ,132578951967.0,8293711872
,rers,Problem14_prop_042.c,LtlSoftwareModelCheckingC.epf,LtlSoftwareModelCheckingC.xml,ExpectedResult: UNSAFE UltimateResult: UNSAFE   Violation of LTL property G(A) ,74868038616.0,8374976512
,rers,Problem16_prop_041.c,LtlSoftwareModelCheckingC.epf,LtlSoftwareModelCheckingC.xml,ExpectedResult: UNSAFE UltimateResult: TIMEOUT   [ShortDescription: Timeout LongDescription: Timout or Toolchain cancelled by user],1200172410300.0,7453802496
,rers,Problem17_prop_029.c,LtlSoftwareModelCheckingC.epf,LtlSoftwareModelCheckingC.xml,ExpectedResult: UNSAFE UltimateResult: EXCEPTION_OR_ERROR   [de.uni_freiburg.informatik.ultimate.plugins.generator.buchiautomizer: OutOfMemoryError: GC overhead limit exceeded],753762332758.0,7190085632
,rers,Problem18_prop_015.c,LtlSoftwareModelCheckingC.epf,LtlSoftwareModelCheckingC.xml,ExpectedResult: SAFE UltimateResult: TIMEOUT   [ShortDescription: Timeout LongDescription: Timeout while trying to prove G((!((A && F(B))) || (C U B)))],1218879514291.0,7770996736
,rers,Problem15_prop_032.c,LtlSoftwareModelCheckingC.epf,LtlSoftwareModelCheckingC.xml,ExpectedResult: UNSAFE UltimateResult: TIMEOUT   [ShortDescription: Timeout LongDescription: Timout or Toolchain cancelled by user],1201130801310.0,7635730432
,rers,Problem16_prop_005.c,LtlSoftwareModelCheckingC.epf,LtlSoftwareModelCheckingC.xml,ExpectedResult: UNSAFE UltimateResult: EXCEPTION_OR_ERROR   [de.uni_freiburg.informatik.ultimate.plugins.generator.buchiautomizer: OutOfMemoryError: GC overhead limit exceeded],1331221048446.0,7264534528
,rers,Problem14_prop_010.c,LtlSoftwareModelCheckingC.epf,LtlSoftwareModelCheckingC.xml,ExpectedResult: SAFE UltimateResult: UNSAFE   Violation of LTL property (G(A) || F((B && F(C)))) ,25884828312.0,8362917888
,rers,Problem15_prop_000.c,LtlSoftwareModelCheckingC.epf,LtlSoftwareModelCheckingC.xml,ExpectedResult: SAFE UltimateResult: SAFE   [ShortDescription: All specifications hold LongDescription: We were not able to verify any specifiation because the program does not contain any specification.],215494554609.0,8238137344
,rers,Problem14_prop_033.c,LtlSoftwareModelCheckingC.epf,LtlSoftwareModelCheckingC.xml,ExpectedResult: UNSAFE UltimateResult: TIMEOUT   [ShortDescription: Timeout LongDescription: Timout or Toolchain cancelled by user],1239376796944.0,8337752064
,rers,Problem18_prop_007.c,LtlSoftwareModelCheckingC.epf,LtlSoftwareModelCheckingC.xml,ExpectedResult: UNSAFE UltimateResult: TIMEOUT   [ShortDescription: Timeout LongDescription: Timeout while trying to prove G((!((A && F(B))) || (C U B)))],1199996131989.0,7635730432
,rers,Problem15_prop_019.c,LtlSoftwareModelCheckingC.epf,LtlSoftwareModelCheckingC.xml,ExpectedResult: SAFE UltimateResult: SAFE   [ShortDescription: All specifications hold LongDescription: We were not able to verify any specifiation because the program does not contain any specification.],341114742213.0,6715080704
,rers,Problem14_prop_003.c,LtlSoftwareModelCheckingC.epf,LtlSoftwareModelCheckingC.xml,ExpectedResult: SAFE UltimateResult: TIMEOUT   [ShortDescription: Timeout LongDescription: Timout or Toolchain cancelled by user],1242382427726.0,8361345024
,rers,Problem19_prop_045.c,LtlSoftwareModelCheckingC.epf,LtlSoftwareModelCheckingC.xml,ExpectedResult: SAFE UltimateResult: TIMEOUT   [ShortDescription: Timeout LongDescription: Timeout while trying to prove (!(F(A)) || (B U (A || (C U (A || (B U (A || (C U (A || (D U A))))))))))],1532729040322,7.63625472E+9
,rers,Problem18_prop_010.c,LtlSoftwareModelCheckingC.epf,LtlSoftwareModelCheckingC.xml,ExpectedResult: SAFE UltimateResult: SAFE   [ShortDescription: All specifications hold LongDescription: We were not able to verify any specifiation because the program does not contain any specification.],305509915408.0,7.93247744E+9
,rers,Problem17_prop_003.c,LtlSoftwareModelCheckingC.epf,LtlSoftwareModelCheckingC.xml,ExpectedResult: SAFE UltimateResult: SAFE   [ShortDescription: All specifications hold LongDescription: We were not able to verify any specifiation because the program does not contain any specification.],18029432416.0,7635730432
,rers,Problem18_prop_028.c,LtlSoftwareModelCheckingC.epf,LtlSoftwareModelCheckingC.xml,ExpectedResult: UNSAFE UltimateResult: EXCEPTION_OR_ERROR   [de.uni_freiburg.informatik.ultimate.plugins.generator.buchiautomizer: OutOfMemoryError: Java heap space],1120773403926.0,7836008448
,rers,Problem19_prop_034.c,LtlSoftwareModelCheckingC.epf,LtlSoftwareModelCheckingC.xml,ExpectedResult: UNSAFE UltimateResult: TIMEOUT   [ShortDescription: Timeout LongDescription: Timeout while trying to prove G(A)],1247502407302.0,7635730432
,rers,Problem17_prop_021.c,LtlSoftwareModelCheckingC.epf,LtlSoftwareModelCheckingC.xml,ExpectedResult: UNSAFE UltimateResult: TIMEOUT   [ShortDescription: Timeout LongDescription: Timeout while trying to prove ((A U B) || G(A))],1201934957550.0,7635730432
,rers,Problem15_prop_043.c,LtlSoftwareModelCheckingC.epf,LtlSoftwareModelCheckingC.xml,ExpectedResult: SAFE UltimateResult: SAFE   [ShortDescription: All specifications hold LongDescription: We were not able to verify any specifiation because the program does not contain any specification.],239404758974.0,7415005184
,rers,Problem18_prop_033.c,LtlSoftwareModelCheckingC.epf,LtlSoftwareModelCheckingC.xml,ExpectedResult: UNSAFE UltimateResult: TIMEOUT   [ShortDescription: Timeout LongDescription: Timeout while trying to prove G(A)],1236471925836.0,7807696896
,rers,Problem14_prop_043.c,LtlSoftwareModelCheckingC.epf,LtlSoftwareModelCheckingC.xml,ExpectedResult: SAFE UltimateResult: SAFE   [ShortDescription: All specifications hold LongDescription: We were not able to verify any specifiation because the program does not contain any specification.],7962792523.0,8376549376
,rers,Problem16_prop_035.c,LtlSoftwareModelCheckingC.epf,LtlSoftwareModelCheckingC.xml,ExpectedResult: SAFE UltimateResult: SAFE   [ShortDescription: All specifications hold LongDescription: We were not able to verify any specifiation because the program does not contain any specification.],384431454784.0,7044857856
,rers,Problem17_prop_038.c,LtlSoftwareModelCheckingC.epf,LtlSoftwareModelCheckingC.xml,ExpectedResult: SAFE UltimateResult: SAFE   [ShortDescription: All specifications hold LongDescription: We were not able to verify any specifiation because the program does not contain any specification.],101353155021.0,6955728896
,rers,Problem19_prop_019.c,LtlSoftwareModelCheckingC.epf,LtlSoftwareModelCheckingC.xml,ExpectedResult: SAFE UltimateResult: TIMEOUT   [ShortDescription: Timeout LongDescription: Timeout while trying to prove (!(F(A)) || (B U C))],1437877593474,7635730432
,rers,Problem17_prop_012.c,LtlSoftwareModelCheckingC.epf,LtlSoftwareModelCheckingC.xml,ExpectedResult: UNSAFE UltimateResult: EXCEPTION_OR_ERROR   [de.uni_freiburg.informatik.ultimate.plugins.generator.buchiautomizer: OutOfMemoryError: GC overhead limit exceeded],512060368366.0,7635730432
,rers,Problem16_prop_040.c,LtlSoftwareModelCheckingC.epf,LtlSoftwareModelCheckingC.xml,ExpectedResult: UNSAFE UltimateResult: EXCEPTION_OR_ERROR   [de.uni_freiburg.informatik.ultimate.plugins.generator.buchiautomizer: OutOfMemoryError: GC overhead limit exceeded],930713249463.0,7453802496
,rers,Problem15_prop_023.c,LtlSoftwareModelCheckingC.epf,LtlSoftwareModelCheckingC.xml,ExpectedResult: UNSAFE UltimateResult: EXCEPTION_OR_ERROR   [de.uni_freiburg.informatik.ultimate.plugins.generator.buchiautomizer: OutOfMemoryError: GC overhead limit exceeded],545138991597.0,7635730432
,rers,Problem14_prop_008.c,LtlSoftwareModelCheckingC.epf,LtlSoftwareModelCheckingC.xml,ExpectedResult: UNSAFE UltimateResult: UNSAFE   Violation of LTL property G((!((A && F(B))) || (C U B))) ,86843454957.0,8410628096
,rers,Problem15_prop_038.c,LtlSoftwareModelCheckingC.epf,LtlSoftwareModelCheckingC.xml,ExpectedResult: SAFE UltimateResult: SAFE   [ShortDescription: All specifications hold LongDescription: We were not able to verify any specifiation because the program does not contain any specification.],315572995256.0,7.12245248E+9
,rers,Problem18_prop_021.c,LtlSoftwareModelCheckingC.epf,LtlSoftwareModelCheckingC.xml,ExpectedResult: UNSAFE UltimateResult: EXCEPTION_OR_ERROR   [de.uni_freiburg.informatik.ultimate.plugins.generator.buchiautomizer: OutOfMemoryError: GC overhead limit exceeded],603744319806.0,7611088896
,rers,Problem14_prop_011.c,LtlSoftwareModelCheckingC.epf,LtlSoftwareModelCheckingC.xml,ExpectedResult: SAFE UltimateResult: SAFE   [ShortDescription: All specifications hold LongDescription: We were not able to verify any specifiation because the program does not contain any specification.],47785292362.0,8434745344
,rers,Problem19_prop_009.c,LtlSoftwareModelCheckingC.epf,LtlSoftwareModelCheckingC.xml,ExpectedResult: UNSAFE UltimateResult: TIMEOUT   [ShortDescription: Timeout LongDescription: Timeout while trying to prove G(A)],1243264588567.0,7.8118912E+9
,rers,Problem18_prop_019.c,LtlSoftwareModelCheckingC.epf,LtlSoftwareModelCheckingC.xml,ExpectedResult: SAFE UltimateResult: TIMEOUT   [ShortDescription: Timeout LongDescription: Timeout while trying to prove ((A U ((B U ((A U ((B U G(A)) || G(B))) || G(A))) || G(B))) || G(A))],1200098673065.0,7674003456
,rers,Problem17_prop_035.c,LtlSoftwareModelCheckingC.epf,LtlSoftwareModelCheckingC.xml,ExpectedResult: SAFE UltimateResult: SAFE   [ShortDescription: All specifications hold LongDescription: We were not able to verify any specifiation because the program does not contain any specification.],66224612185.0,7635730432
,rers,Problem16_prop_019.c,LtlSoftwareModelCheckingC.epf,LtlSoftwareModelCheckingC.xml,ExpectedResult: UNSAFE UltimateResult: EXCEPTION_OR_ERROR   [de.uni_freiburg.informatik.ultimate.plugins.generator.buchiautomizer: OutOfMemoryError: GC overhead limit exceeded],644034708109.0,7337934848
,rers,Problem19_prop_026.c,LtlSoftwareModelCheckingC.epf,LtlSoftwareModelCheckingC.xml,ExpectedResult: SAFE UltimateResult: EXCEPTION_OR_ERROR   [de.uni_freiburg.informatik.ultimate.plugins.generator.buchiautomizer: OutOfMemoryError: GC overhead limit exceeded],1345190842767,7635730432
,rers,Problem17_prop_007.c,LtlSoftwareModelCheckingC.epf,LtlSoftwareModelCheckingC.xml,ExpectedResult: SAFE UltimateResult: SAFE   [ShortDescription: All specifications hold LongDescription: We were not able to verify any specifiation because the program does not contain any specification.],166467144323.0,7660896256
,rers,Problem14_prop_024.c,LtlSoftwareModelCheckingC.epf,LtlSoftwareModelCheckingC.xml,ExpectedResult: SAFE UltimateResult: SAFE   [ShortDescription: All specifications hold LongDescription: We were not able to verify any specifiation because the program does not contain any specification.],90812748373.0,8371830784
,rers,Problem14_prop_018.c,LtlSoftwareModelCheckingC.epf,LtlSoftwareModelCheckingC.xml,ExpectedResult: SAFE UltimateResult: SAFE   [ShortDescription: All specifications hold LongDescription: We were not able to verify any specifiation because the program does not contain any specification.],12907653962.0,8437366784
,rers,Problem15_prop_029.c,LtlSoftwareModelCheckingC.epf,LtlSoftwareModelCheckingC.xml,ExpectedResult: UNSAFE UltimateResult: TIMEOUT   [ShortDescription: Timeout LongDescription: Timeout while trying to prove (!(F(A)) || (B U (A || (C U (A || (B U (A || (C U (A || (D U A))))))))))],1199995961437.0,7.84072704E+9
,rers,Problem18_prop_024.c,LtlSoftwareModelCheckingC.epf,LtlSoftwareModelCheckingC.xml,ExpectedResult: SAFE UltimateResult: SAFE   [ShortDescription: All specifications hold LongDescription: We were not able to verify any specifiation because the program does not contain any specification.],323010456592.0,7675052032
,rers,Problem15_prop_004.c,LtlSoftwareModelCheckingC.epf,LtlSoftwareModelCheckingC.xml,ExpectedResult: UNSAFE UltimateResult: EXCEPTION_OR_ERROR   [de.uni_freiburg.informatik.ultimate.plugins.generator.buchiautomizer: OutOfMemoryError: GC overhead limit exceeded: java.util.HashMap.createEntry(HashMap.java:901)],661341423706.0,7985954816
,rers,Problem17_prop_034.c,LtlSoftwareModelCheckingC.epf,LtlSoftwareModelCheckingC.xml,ExpectedResult: UNSAFE UltimateResult: TIMEOUT   [ShortDescription: Timeout LongDescription: Timeout while trying to prove ((A U ((B U ((A U ((B U G(A)) || G(B))) || G(A))) || G(B))) || G(A))],1220649810981.0,7599030272
,rers,Problem19_prop_015.c,LtlSoftwareModelCheckingC.epf,LtlSoftwareModelCheckingC.xml,ExpectedResult: SAFE UltimateResult: TIMEOUT   [ShortDescription: Timeout LongDescription: Timeout while trying to prove G((!((A && F(B))) || (C U B)))],1286618004815,7635730432
,rers,Problem15_prop_021.c,LtlSoftwareModelCheckingC.epf,LtlSoftwareModelCheckingC.xml,ExpectedResult: UNSAFE UltimateResult: EXCEPTION_OR_ERROR   [de.uni_freiburg.informatik.ultimate.plugins.generator.buchiautomizer: OutOfMemoryError: GC overhead limit exceeded],1189855976763.0,6955728896
,rers,Problem16_prop_023.c,LtlSoftwareModelCheckingC.epf,LtlSoftwareModelCheckingC.xml,ExpectedResult: SAFE UltimateResult: SAFE   [ShortDescription: All specifications hold LongDescription: We were not able to verify any specifiation because the program does not contain any specification.],286080560866.0,7.32168192E+9
,rers,Problem16_prop_026.c,LtlSoftwareModelCheckingC.epf,LtlSoftwareModelCheckingC.xml,ExpectedResult: UNSAFE UltimateResult: EXCEPTION_OR_ERROR   [de.uni_freiburg.informatik.ultimate.plugins.generator.buchiautomizer: OutOfMemoryError: GC overhead limit exceeded],758577869692.0,7284457472
,rers,Problem15_prop_028.c,LtlSoftwareModelCheckingC.epf,LtlSoftwareModelCheckingC.xml,ExpectedResult: UNSAFE UltimateResult: TIMEOUT   [ShortDescription: Timeout LongDescription: Timeout while trying to prove ((A U ((B U ((A U ((B U G(A)) || G(B))) || G(A))) || G(B))) || G(A))],1199993945445.0,7576485888
,rers,Problem19_prop_038.c,LtlSoftwareModelCheckingC.epf,LtlSoftwareModelCheckingC.xml,ExpectedResult: UNSAFE UltimateResult: TIMEOUT   [ShortDescription: Timeout LongDescription: Timeout while trying to prove G((A || ((B U C) || G(B))))],1259132826075,7635730432
,rers,Problem17_prop_024.c,LtlSoftwareModelCheckingC.epf,LtlSoftwareModelCheckingC.xml,ExpectedResult: UNSAFE UltimateResult: TIMEOUT   [ShortDescription: Timeout LongDescription: Timeout while trying to prove (!(F(A)) || (B U (A || (C U (A || (B U (A || (C U (A || (D U A))))))))))],1658759211990.0,7635730432
,rers,Problem19_prop_002.c,LtlSoftwareModelCheckingC.epf,LtlSoftwareModelCheckingC.xml,ExpectedResult: SAFE UltimateResult: TIMEOUT   [ShortDescription: Timeout LongDescription: Timeout while trying to prove G((A || F(B)))],1379735358689.0,7445413888
,rers,Problem14_prop_019.c,LtlSoftwareModelCheckingC.epf,LtlSoftwareModelCheckingC.xml,ExpectedResult: UNSAFE UltimateResult: UNSAFE   Violation of LTL property G((A || F(B))) ,27736627034.0,8.4672512E+9
,rers,Problem18_prop_041.c,LtlSoftwareModelCheckingC.epf,LtlSoftwareModelCheckingC.xml,ExpectedResult: UNSAFE UltimateResult: EXCEPTION_OR_ERROR   [de.uni_freiburg.informatik.ultimate.plugins.generator.buchiautomizer: OutOfMemoryError: Java heap space],1558931237893.0,7957643264
,rers,Problem14_prop_032.c,LtlSoftwareModelCheckingC.epf,LtlSoftwareModelCheckingC.xml,ExpectedResult: SAFE UltimateResult: SAFE   [ShortDescription: All specifications hold LongDescription: We were not able to verify any specifiation because the program does not contain any specification.],10103184140.0,8434221056
,rers,Problem14_prop_026.c,LtlSoftwareModelCheckingC.epf,LtlSoftwareModelCheckingC.xml,ExpectedResult: SAFE UltimateResult: SAFE   [ShortDescription: All specifications hold LongDescription: We were not able to verify any specifiation because the program does not contain any specification.],199729672170.0,8416919552
,rers,Problem18_prop_042.c,LtlSoftwareModelCheckingC.epf,LtlSoftwareModelCheckingC.xml,ExpectedResult: UNSAFE UltimateResult: TIMEOUT   [ShortDescription: Timeout LongDescription: Timeout while trying to prove G((A || (B U C)))],1773721912159.0,7635730432
,rers,Problem15_prop_009.c,LtlSoftwareModelCheckingC.epf,LtlSoftwareModelCheckingC.xml,ExpectedResult: SAFE UltimateResult: SAFE   [ShortDescription: All specifications hold LongDescription: We were not able to verify any specifiation because the program does not contain any specification.],66516164257.0,6381633536
,rers,Problem15_prop_030.c,LtlSoftwareModelCheckingC.epf,LtlSoftwareModelCheckingC.xml,ExpectedResult: UNSAFE UltimateResult: EXCEPTION_OR_ERROR   [de.uni_freiburg.informatik.ultimate.plugins.generator.buchiautomizer: OutOfMemoryError: GC overhead limit exceeded],1290030802867.0,7364673536
,rers,Problem18_prop_003.c,LtlSoftwareModelCheckingC.epf,LtlSoftwareModelCheckingC.xml,ExpectedResult: SAFE UltimateResult: SAFE   [ShortDescription: All specifications hold LongDescription: We were not able to verify any specifiation because the program does not contain any specification.],284568774517.0,8.1133568E+9
,rers,Problem16_prop_014.c,LtlSoftwareModelCheckingC.epf,LtlSoftwareModelCheckingC.xml,ExpectedResult: SAFE UltimateResult: SAFE   [ShortDescription: All specifications hold LongDescription: We were not able to verify any specifiation because the program does not contain any specification.],51735344808.0,7.3138176E+9
,rers,Problem15_prop_014.c,LtlSoftwareModelCheckingC.epf,LtlSoftwareModelCheckingC.xml,ExpectedResult: SAFE UltimateResult: SAFE   [ShortDescription: All specifications hold LongDescription: We were not able to verify any specifiation because the program does not contain any specification.],220767286485.0,6596067328
,rers,Problem14_prop_012.c,LtlSoftwareModelCheckingC.epf,LtlSoftwareModelCheckingC.xml,ExpectedResult: SAFE UltimateResult: SAFE   [ShortDescription: All specifications hold LongDescription: We were not able to verify any specifiation because the program does not contain any specification.],13736557465.0,8434221056
,rers,Problem14_prop_040.c,LtlSoftwareModelCheckingC.epf,LtlSoftwareModelCheckingC.xml,ExpectedResult: UNSAFE UltimateResult: UNSAFE   Violation of LTL property ((A U B) || G(A)) ,99158095655.0,8340897792
,rers,Problem18_prop_045.c,LtlSoftwareModelCheckingC.epf,LtlSoftwareModelCheckingC.xml,ExpectedResult: UNSAFE UltimateResult: TIMEOUT   [ShortDescription: Timeout LongDescription: Timeout while trying to prove G((A || ((B U C) || G(B))))],1344004634630.0,7665614848
,rers,Problem16_prop_029.c,LtlSoftwareModelCheckingC.epf,LtlSoftwareModelCheckingC.xml,ExpectedResult: UNSAFE UltimateResult: EXCEPTION_OR_ERROR   [de.uni_freiburg.informatik.ultimate.plugins.generator.buchiautomizer: OutOfMemoryError: GC overhead limit exceeded],1171453749896.0,7.42391808E+9
,rers,Problem17_prop_018.c,LtlSoftwareModelCheckingC.epf,LtlSoftwareModelCheckingC.xml,ExpectedResult: SAFE UltimateResult: SAFE   [ShortDescription: All specifications hold LongDescription: We were not able to verify any specifiation because the program does not contain any specification.],116634266505.0,7.08313088E+9
,rers,Problem15_prop_013.c,LtlSoftwareModelCheckingC.epf,LtlSoftwareModelCheckingC.xml,ExpectedResult: UNSAFE UltimateResult: EXCEPTION_OR_ERROR   [de.uni_freiburg.informatik.ultimate.plugins.generator.buchiautomizer: OutOfMemoryError: GC overhead limit exceeded: java.util.HashMap.createEntry(HashMap.java:901)],651256875025.0,6719275008
,rers,Problem17_prop_040.c,LtlSoftwareModelCheckingC.epf,LtlSoftwareModelCheckingC.xml,ExpectedResult: UNSAFE UltimateResult: TIMEOUT   [ShortDescription: Timeout LongDescription: Timeout while trying to prove (G(A) || F((B && F(C))))],1287062783747.0,7651459072
,rers,Problem19_prop_023.c,LtlSoftwareModelCheckingC.epf,LtlSoftwareModelCheckingC.xml,ExpectedResult: UNSAFE UltimateResult: EXCEPTION_OR_ERROR   [de.uni_freiburg.informatik.ultimate.plugins.generator.buchiautomizer: OutOfMemoryError: GC overhead limit exceeded],783803565092,7635730432
,rers,Problem16_prop_017.c,LtlSoftwareModelCheckingC.epf,LtlSoftwareModelCheckingC.xml,ExpectedResult: UNSAFE UltimateResult: EXCEPTION_OR_ERROR   [de.uni_freiburg.informatik.ultimate.plugins.generator.buchiautomizer: OutOfMemoryError: Java heap space],712927003826.0,7.4186752E+9
,rers,Problem19_prop_018.c,LtlSoftwareModelCheckingC.epf,LtlSoftwareModelCheckingC.xml,ExpectedResult: UNSAFE UltimateResult: TIMEOUT   [ShortDescription: Timeout LongDescription: Timeout while trying to prove G((A || F(B)))],1258535572514.0,7635730432
,rers,Problem18_prop_012.c,LtlSoftwareModelCheckingC.epf,LtlSoftwareModelCheckingC.xml,ExpectedResult: UNSAFE UltimateResult: TIMEOUT   [ShortDescription: Timeout LongDescription: Timeout while trying to prove (!(F(A)) || (B U (A || (C U (A || (B U (A || (C U (A || (D U A))))))))))],1214843203898.0,7825522688
,rers,Problem14_prop_000.c,LtlSoftwareModelCheckingC.epf,LtlSoftwareModelCheckingC.xml,ExpectedResult: SAFE UltimateResult: SAFE   [ShortDescription: All specifications hold LongDescription: We were not able to verify any specifiation because the program does not contain any specification.],15601944904,1491075072
,rers,Problem14_prop_017.c,LtlSoftwareModelCheckingC.epf,LtlSoftwareModelCheckingC.xml,ExpectedResult: UNSAFE UltimateResult: UNSAFE   Violation of LTL property ((A U B) || G(A)) ,18871775887.0,8232894464
,rers,Problem14_prop_005.c,LtlSoftwareModelCheckingC.epf,LtlSoftwareModelCheckingC.xml,ExpectedResult: UNSAFE UltimateResult: NO_RESULT   NO_RESULT,121040603188.0,8333033472
,rers,Problem16_prop_001.c,LtlSoftwareModelCheckingC.epf,LtlSoftwareModelCheckingC.xml,ExpectedResult: SAFE UltimateResult: EXCEPTION_OR_ERROR   [de.uni_freiburg.informatik.ultimate.plugins.generator.buchiautomizer: OutOfMemoryError: GC overhead limit exceeded],664914148996.0,7210532864
,rers,Problem16_prop_020.c,LtlSoftwareModelCheckingC.epf,LtlSoftwareModelCheckingC.xml,ExpectedResult: SAFE UltimateResult: EXCEPTION_OR_ERROR   [de.uni_freiburg.informatik.ultimate.plugins.generator.buchiautomizer: OutOfMemoryError: GC overhead limit exceeded],961024225638.0,7362576384
,rers,Problem18_prop_048.c,LtlSoftwareModelCheckingC.epf,LtlSoftwareModelCheckingC.xml,ExpectedResult: SAFE UltimateResult: TIMEOUT   [ShortDescription: Timeout LongDescription: Timeout while trying to prove G((A || ((B U C) || G(B))))],1199993393679.0,7635730432
,rers,Problem15_prop_042.c,LtlSoftwareModelCheckingC.epf,LtlSoftwareModelCheckingC.xml,ExpectedResult: SAFE UltimateResult: SAFE   [ShortDescription: All specifications hold LongDescription: We were not able to verify any specifiation because the program does not contain any specification.],664403190360.0,7837581312
,rers,Problem14_prop_022.c,LtlSoftwareModelCheckingC.epf,LtlSoftwareModelCheckingC.xml,ExpectedResult: UNSAFE UltimateResult: TIMEOUT   [ShortDescription: Timeout LongDescription: Timout or Toolchain cancelled by user],1236245424753.0,8415870976
,rers,Problem17_prop_014.c,LtlSoftwareModelCheckingC.epf,LtlSoftwareModelCheckingC.xml,ExpectedResult: UNSAFE UltimateResult: EXCEPTION_OR_ERROR   [de.uni_freiburg.informatik.ultimate.plugins.generator.buchiautomizer: OutOfMemoryError: GC overhead limit exceeded],814295063664.0,7572291584
,rers,Problem18_prop_031.c,LtlSoftwareModelCheckingC.epf,LtlSoftwareModelCheckingC.xml,ExpectedResult: SAFE UltimateResult: TIMEOUT   [ShortDescription: Timeout LongDescription: Timeout while trying to prove G((A || ((B U C) || G(B))))],1200026293034.0,7776763904
,rers,Problem17_prop_043.c,LtlSoftwareModelCheckingC.epf,LtlSoftwareModelCheckingC.xml,ExpectedResult: UNSAFE UltimateResult: EXCEPTION_OR_ERROR   [de.uni_freiburg.informatik.ultimate.plugins.generator.buchiautomizer: OutOfMemoryError: GC overhead limit exceeded],548610128253.0,7487881216
,rers,Problem19_prop_020.c,LtlSoftwareModelCheckingC.epf,LtlSoftwareModelCheckingC.xml,ExpectedResult: SAFE UltimateResult: EXCEPTION_OR_ERROR   [de.uni_freiburg.informatik.ultimate.plugins.generator.buchiautomizer: OutOfMemoryError: GC overhead limit exceeded],863208045813.0,7748452352
,rers,Problem18_prop_040.c,LtlSoftwareModelCheckingC.epf,LtlSoftwareModelCheckingC.xml,ExpectedResult: SAFE UltimateResult: SAFE   [ShortDescription: All specifications hold LongDescription: We were not able to verify any specifiation because the program does not contain any specification.],870163838349.0,8.15529984E+9
,rers,Problem19_prop_033.c,LtlSoftwareModelCheckingC.epf,LtlSoftwareModelCheckingC.xml,ExpectedResult: UNSAFE UltimateResult: TIMEOUT   [ShortDescription: Timeout LongDescription: Timeout while trying to prove G((!((A && F(B))) || (C U B)))],1277713167003.0,7722237952
,rers,Problem19_prop_008.c,LtlSoftwareModelCheckingC.epf,LtlSoftwareModelCheckingC.xml,ExpectedResult: SAFE UltimateResult: TIMEOUT   [ShortDescription: Timeout LongDescription: Timeout while trying to prove G(A)],1297761804367.0,8.03995648E+9
,rers,Problem16_prop_028.c,LtlSoftwareModelCheckingC.epf,LtlSoftwareModelCheckingC.xml,ExpectedResult: UNSAFE UltimateResult: UNSAFE   Violation of LTL property ((A U B) || G(A)) ,147326101485.0,7290748928
,rers,Problem17_prop_011.c,LtlSoftwareModelCheckingC.epf,LtlSoftwareModelCheckingC.xml,ExpectedResult: SAFE UltimateResult: SAFE   [ShortDescription: All specifications hold LongDescription: We were not able to verify any specifiation because the program does not contain any specification.],23184759949.0,7323254784
,rers,Problem15_prop_008.c,LtlSoftwareModelCheckingC.epf,LtlSoftwareModelCheckingC.xml,ExpectedResult: SAFE UltimateResult: SAFE   [ShortDescription: All specifications hold LongDescription: We were not able to verify any specifiation because the program does not contain any specification.],110333307058.0,6.84982272E+9
,rers,Problem16_prop_027.c,LtlSoftwareModelCheckingC.epf,LtlSoftwareModelCheckingC.xml,ExpectedResult: UNSAFE UltimateResult: EXCEPTION_OR_ERROR   [de.uni_freiburg.informatik.ultimate.plugins.generator.buchiautomizer: OutOfMemoryError: Java heap space],636887001883.0,7290748928
,rers,Problem17_prop_004.c,LtlSoftwareModelCheckingC.epf,LtlSoftwareModelCheckingC.xml,ExpectedResult: UNSAFE UltimateResult: EXCEPTION_OR_ERROR   [de.uni_freiburg.informatik.ultimate.plugins.generator.buchiautomizer: OutOfMemoryError: GC overhead limit exceeded],753644637196.0,7.19847424E+9
,rers,Problem17_prop_017.c,LtlSoftwareModelCheckingC.epf,LtlSoftwareModelCheckingC.xml,ExpectedResult: SAFE UltimateResult: SAFE   [ShortDescription: All specifications hold LongDescription: We were not able to verify any specifiation because the program does not contain any specification.],55905341666.0,7635730432
,rers,Problem15_prop_041.c,LtlSoftwareModelCheckingC.epf,LtlSoftwareModelCheckingC.xml,ExpectedResult: UNSAFE UltimateResult: TIMEOUT   [ShortDescription: Timeout LongDescription: Timout or Toolchain cancelled by user],1200149492191.0,7.84072704E+9
,rers,Problem19_prop_021.c,LtlSoftwareModelCheckingC.epf,LtlSoftwareModelCheckingC.xml,ExpectedResult: SAFE UltimateResult: TIMEOUT   [ShortDescription: Timeout LongDescription: Timeout while trying to prove G(A)],1254309879468.0,7635730432
,rers,Problem17_prop_039.c,LtlSoftwareModelCheckingC.epf,LtlSoftwareModelCheckingC.xml,ExpectedResult: UNSAFE UltimateResult: TIMEOUT   [ShortDescription: Timeout LongDescription: Timeout while trying to prove G((A || (B U C)))],1631249054502.0,7.602176E+9
,rers,Problem18_prop_014.c,LtlSoftwareModelCheckingC.epf,LtlSoftwareModelCheckingC.xml,ExpectedResult: UNSAFE UltimateResult: TIMEOUT   [ShortDescription: Timeout LongDescription: Timeout while trying to prove (!(F(A)) || (B U C))],1240752967135.0,7635730432
,rers,Problem15_prop_003.c,LtlSoftwareModelCheckingC.epf,LtlSoftwareModelCheckingC.xml,ExpectedResult: SAFE UltimateResult: SAFE   [ShortDescription: All specifications hold LongDescription: We were not able to verify any specifiation because the program does not contain any specification.],91812592278.0,8237088768
,rers,Problem16_prop_003.c,LtlSoftwareModelCheckingC.epf,LtlSoftwareModelCheckingC.xml,ExpectedResult: SAFE UltimateResult: EXCEPTION_OR_ERROR   [de.uni_freiburg.informatik.ultimate.plugins.generator.buchiautomizer: OutOfMemoryError: GC overhead limit exceeded],1252286611987.0,7280263168
,rers,Problem19_prop_006.c,LtlSoftwareModelCheckingC.epf,LtlSoftwareModelCheckingC.xml,ExpectedResult: SAFE UltimateResult: TIMEOUT   [ShortDescription: Timeout LongDescription: Timeout while trying to prove (!(F(A)) || (B U C))],1271537039108.0,7635730432
,rers,Problem16_prop_022.c,LtlSoftwareModelCheckingC.epf,LtlSoftwareModelCheckingC.xml,ExpectedResult: UNSAFE UltimateResult: EXCEPTION_OR_ERROR   [de.uni_freiburg.informatik.ultimate.plugins.generator.buchiautomizer: OutOfMemoryError: GC overhead limit exceeded],792816519307.0,7464288256
,rers,Problem15_prop_046.c,LtlSoftwareModelCheckingC.epf,LtlSoftwareModelCheckingC.xml,ExpectedResult: SAFE UltimateResult: SAFE   [ShortDescription: All specifications hold LongDescription: We were not able to verify any specifiation because the program does not contain any specification.],40953970673.0,6.90487296E+9
,rers,Problem19_prop_031.c,LtlSoftwareModelCheckingC.epf,LtlSoftwareModelCheckingC.xml,ExpectedResult: SAFE UltimateResult: TIMEOUT   [ShortDescription: Timeout LongDescription: Timeout while trying to prove G((A || ((B U C) || G(B))))],1199995480078,7635730432
,rers,Problem17_prop_042.c,LtlSoftwareModelCheckingC.epf,LtlSoftwareModelCheckingC.xml,ExpectedResult: UNSAFE UltimateResult: EXCEPTION_OR_ERROR   [de.uni_freiburg.informatik.ultimate.plugins.generator.buchiautomizer: OutOfMemoryError: GC overhead limit exceeded],568809204976.0,7635730432
,rers,Problem15_prop_010.c,LtlSoftwareModelCheckingC.epf,LtlSoftwareModelCheckingC.xml,ExpectedResult: SAFE UltimateResult: SAFE   [ShortDescription: All specifications hold LongDescription: We were not able to verify any specifiation because the program does not contain any specification.],80179808480.0,6101663744
,rers,Problem17_prop_002.c,LtlSoftwareModelCheckingC.epf,LtlSoftwareModelCheckingC.xml,ExpectedResult: SAFE UltimateResult: SAFE   [ShortDescription: All specifications hold LongDescription: We were not able to verify any specifiation because the program does not contain any specification.],879005573205.0,7635730432
,rers,Problem19_prop_024.c,LtlSoftwareModelCheckingC.epf,LtlSoftwareModelCheckingC.xml,ExpectedResult: UNSAFE UltimateResult: EXCEPTION_OR_ERROR   [de.uni_freiburg.informatik.ultimate.plugins.generator.buchiautomizer: OutOfMemoryError: GC overhead limit exceeded],924482333249.0,7631536128
,rers,Problem19_prop_043.c,LtlSoftwareModelCheckingC.epf,LtlSoftwareModelCheckingC.xml,ExpectedResult: UNSAFE UltimateResult: TIMEOUT   [ShortDescription: Timeout LongDescription: Timeout while trying to prove ((A U B) || G(A))],1199995025140.0,7913078784
,rers,Problem14_prop_028.c,LtlSoftwareModelCheckingC.epf,LtlSoftwareModelCheckingC.xml,ExpectedResult: UNSAFE UltimateResult: UNSAFE   Violation of LTL property ((A U ((B U ((A U ((B U G(A)) || G(B))) || G(A))) || G(B))) || G(A)) ,191428497230.0,8326217728
,rers,Problem14_prop_031.c,LtlSoftwareModelCheckingC.epf,LtlSoftwareModelCheckingC.xml,ExpectedResult: SAFE UltimateResult: SAFE   [ShortDescription: All specifications hold LongDescription: We were not able to verify any specifiation because the program does not contain any specification.],76063301019.0,8432123904
,rers,Problem18_prop_004.c,LtlSoftwareModelCheckingC.epf,LtlSoftwareModelCheckingC.xml,ExpectedResult: SAFE UltimateResult: SAFE   [ShortDescription: All specifications hold LongDescription: We were not able to verify any specifiation because the program does not contain any specification.],382539135620.0,8142716928
,rers,Problem19_prop_042.c,LtlSoftwareModelCheckingC.epf,LtlSoftwareModelCheckingC.xml,ExpectedResult: SAFE UltimateResult: TIMEOUT   [ShortDescription: Timeout LongDescription: Timeout while trying to prove G((!((A && F(B))) || (C U B)))],1215738348591.0,7780958208
,rers,Problem19_prop_044.c,LtlSoftwareModelCheckingC.epf,LtlSoftwareModelCheckingC.xml,ExpectedResult: SAFE UltimateResult: EXCEPTION_OR_ERROR   [de.uni_freiburg.informatik.ultimate.plugins.generator.buchiautomizer: OutOfMemoryError: Java heap space],3838491839908.0,8.05306368E+9
,rers,Problem15_prop_007.c,LtlSoftwareModelCheckingC.epf,LtlSoftwareModelCheckingC.xml,ExpectedResult: UNSAFE UltimateResult: EXCEPTION_OR_ERROR   [de.uni_freiburg.informatik.ultimate.plugins.generator.buchiautomizer: OutOfMemoryError: GC overhead limit exceeded: java.util.HashMap.newKeyIterator(HashMap.java:972)],1152569478584.0,7635730432
,rers,Problem14_prop_009.c,LtlSoftwareModelCheckingC.epf,LtlSoftwareModelCheckingC.xml,ExpectedResult: UNSAFE UltimateResult: UNSAFE   Violation of LTL property G((!((A && F(B))) || (C U B))) ,214555683064.0,8122793984
,rers,Problem14_prop_023.c,LtlSoftwareModelCheckingC.epf,LtlSoftwareModelCheckingC.xml,ExpectedResult: SAFE UltimateResult: SAFE   [ShortDescription: All specifications hold LongDescription: We were not able to verify any specifiation because the program does not contain any specification.],72703866310.0,8371830784
,rers,Problem18_prop_001.c,LtlSoftwareModelCheckingC.epf,LtlSoftwareModelCheckingC.xml,ExpectedResult: SAFE UltimateResult: TIMEOUT   [ShortDescription: Timeout LongDescription: Timeout while trying to prove G((A || G(B)))],1201297880337.0,7707557888
,rers,Problem16_prop_033.c,LtlSoftwareModelCheckingC.epf,LtlSoftwareModelCheckingC.xml,ExpectedResult: SAFE UltimateResult: SAFE   [ShortDescription: All specifications hold LongDescription: We were not able to verify any specifiation because the program does not contain any specification.],304020508491.0,7.32430336E+9
,rers,Problem16_prop_045.c,LtlSoftwareModelCheckingC.epf,LtlSoftwareModelCheckingC.xml,ExpectedResult: SAFE UltimateResult: EXCEPTION_OR_ERROR   [de.uni_freiburg.informatik.ultimate.plugins.generator.buchiautomizer: OutOfMemoryError: GC overhead limit exceeded],1260123096580.0,7272398848


################################# Summary #######################
Safe: 97
Unsafe: 26
Timeout: 97
Error: 80
Expected Safe: 152
Expected Unsafe: 148
Total: 300
CSV conversion gone wrong: 0

################################# Latex #######################
\newcommand{\headcolor}{}
\newcommand{\header}[1]{\parbox{2.8em}{\centering #1}\headcolor}
\newcommand{\folder}[1]{\parbox{5em}{#1}}
\begin{table}
\centering
\resizebox{\linewidth}{!}{%
\begin{tabu} to \linewidth {lcllcrr}
\toprule
  \header{}& 
  \header{\#}&
  \header{Result}&
  \header{Variant}& 
  \header{Count}&
  \header{Avg. runtime}&
  \header{Mem{-}ory}\\
  \cmidrule(r){2-7}
\multirow{4}{*}{\folder{rers}} &
\multirow{1}{*}{148} &
\multirow{1}{*}{\folder{Unsafe}} 
 & LtlSoftwareModelCheckingC.epf & 26 & 228.10 s & 7748.17 MB\\
  \cmidrule[0.01em](l){2-7}
& \multirow{1}{*}{152} &
\multirow{1}{*}{\folder{Safe}} 
 & LtlSoftwareModelCheckingC.epf & 97 & 185.45 s & 7121.60 MB\\
  \cmidrule[0.01em](l){2-7}
& \multirow{1}{*}{300} &
\multirow{1}{*}{\folder{Completed}} 
 & LtlSoftwareModelCheckingC.epf & 123 & 194.47 s & 7254.05 MB\\
  \cmidrule[0.01em](l){2-7}
& & \multirow{1}{*}{\folder{Timeout}} 
 & LtlSoftwareModelCheckingC.epf & 97 & 1278.59 s & 7370.38 MB\\
\bottomrule
& & & & & & \\
\end{tabu}}
\caption{Results for LtlSoftwareModelCheckingC.xml.}
\end{table}