################################# CSV #######################
,Folder,File,Settings,Toolchain,Message,Runtime (ns),Allocated memory end (bytes)
,rers,Problem19_prop_041.c,LtlSoftwareModelCheckingC.epf,LtlSoftwareModelCheckingC.xml,ExpectedResult: UNSAFE UltimateResult: TIMEOUT   [ShortDescription: Timeout LongDescription: Timeout while trying to prove G((A || F(B)))],1864294482674.0,7635730432
,rers,Problem15_prop_045.c,LtlSoftwareModelCheckingC.epf,LtlSoftwareModelCheckingC.xml,ExpectedResult: SAFE UltimateResult: EXCEPTION_OR_ERROR   [de.uni_freiburg.informatik.ultimate.plugins.generator.buchiautomizer: OutOfMemoryError: GC overhead limit exceeded],486995102141.0,7904690176
,rers,Problem16_prop_039.c,LtlSoftwareModelCheckingC.epf,LtlSoftwareModelCheckingC.xml,ExpectedResult: UNSAFE UltimateResult: NO_RESULT   NO_RESULT,651113838951.0,7844397056
,rers,Problem14_prop_014.c,LtlSoftwareModelCheckingC.epf,LtlSoftwareModelCheckingC.xml,ExpectedResult: UNSAFE UltimateResult: UNSAFE   Violation of LTL property (!(F(A)) || (B U C)) ,132354622088.0,7.75421952E+9
,rers,Problem18_prop_005.c,LtlSoftwareModelCheckingC.epf,LtlSoftwareModelCheckingC.xml,ExpectedResult: UNSAFE UltimateResult: TIMEOUT   [ShortDescription: Timeout LongDescription: Timeout while trying to prove (!(F(A)) || (B U (A || (C U (A || (B U (A || (C U (A || (D U A))))))))))],1380579023864.0,7.59955456E+9
,rers,Problem19_prop_039.c,LtlSoftwareModelCheckingC.epf,LtlSoftwareModelCheckingC.xml,ExpectedResult: UNSAFE UltimateResult: TIMEOUT   [ShortDescription: Timeout LongDescription: Timeout while trying to prove G((A || ((B U C) || G(B))))],1203671139524.0,7635730432
,rers,Problem14_prop_047.c,LtlSoftwareModelCheckingC.epf,LtlSoftwareModelCheckingC.xml,ExpectedResult: UNSAFE UltimateResult: UNSAFE   Violation of LTL property G((A || ((B U C) || G(B)))) ,124139766825.0,8352956416
,rers,Problem17_prop_006.c,LtlSoftwareModelCheckingC.epf,LtlSoftwareModelCheckingC.xml,ExpectedResult: UNSAFE UltimateResult: EXCEPTION_OR_ERROR   [de.uni_freiburg.informatik.ultimate.plugins.generator.buchiautomizer: OutOfMemoryError: GC overhead limit exceeded],1330504741716.0,7642021888
,rers,Problem14_prop_048.c,LtlSoftwareModelCheckingC.epf,LtlSoftwareModelCheckingC.xml,ExpectedResult: SAFE UltimateResult: SAFE   [ShortDescription: All specifications hold LongDescription: We were not able to verify any specifiation because the program does not contain any specification.],84843855406.0,8343519232
,rers,Problem19_prop_001.c,LtlSoftwareModelCheckingC.epf,LtlSoftwareModelCheckingC.xml,ExpectedResult: SAFE UltimateResult: TIMEOUT   [ShortDescription: Timeout LongDescription: Timeout while trying to prove G((A || F(B)))],1246546832421.0,7759986688
,rers,Problem16_prop_016.c,LtlSoftwareModelCheckingC.epf,LtlSoftwareModelCheckingC.xml,ExpectedResult: SAFE UltimateResult: SAFE   [ShortDescription: All specifications hold LongDescription: We were not able to verify any specifiation because the program does not contain any specification.],51474865445.0,8121745408
,rers,Problem18_prop_043.c,LtlSoftwareModelCheckingC.epf,LtlSoftwareModelCheckingC.xml,ExpectedResult: SAFE UltimateResult: SAFE   [ShortDescription: All specifications hold LongDescription: We were not able to verify any specifiation because the program does not contain any specification.],279135295852.0,7635730432
,rers,Problem17_prop_020.c,LtlSoftwareModelCheckingC.epf,LtlSoftwareModelCheckingC.xml,ExpectedResult: SAFE UltimateResult: SAFE   [ShortDescription: All specifications hold LongDescription: We were not able to verify any specifiation because the program does not contain any specification.],162002849060.0,7467433984
,rers,Problem15_prop_001.c,LtlSoftwareModelCheckingC.epf,LtlSoftwareModelCheckingC.xml,ExpectedResult: SAFE UltimateResult: SAFE   [ShortDescription: All specifications hold LongDescription: We were not able to verify any specifiation because the program does not contain any specification.],62579650484.0,7694974976
,rers,Problem17_prop_044.c,LtlSoftwareModelCheckingC.epf,LtlSoftwareModelCheckingC.xml,ExpectedResult: SAFE UltimateResult: SAFE   [ShortDescription: All specifications hold LongDescription: We were not able to verify any specifiation because the program does not contain any specification.],63519718495.0,7.3662464E+9
,rers,Problem15_prop_049.c,LtlSoftwareModelCheckingC.epf,LtlSoftwareModelCheckingC.xml,ExpectedResult: SAFE UltimateResult: SAFE   [ShortDescription: All specifications hold LongDescription: We were not able to verify any specifiation because the program does not contain any specification.],83291387021.0,6919553024
,rers,Problem18_prop_044.c,LtlSoftwareModelCheckingC.epf,LtlSoftwareModelCheckingC.xml,ExpectedResult: SAFE UltimateResult: TIMEOUT   [ShortDescription: Timeout LongDescription: Timeout while trying to prove G((!((A && F(B))) || (C U B)))],1232825936743.0,7635730432
,rers,Problem15_prop_031.c,LtlSoftwareModelCheckingC.epf,LtlSoftwareModelCheckingC.xml,ExpectedResult: UNSAFE UltimateResult: TIMEOUT   [ShortDescription: Timeout LongDescription: Timeout while trying to prove ((A U ((B U ((A U ((B U G(A)) || G(B))) || G(A))) || G(B))) || G(A))],1199990248631.0,7635730432
,rers,Problem19_prop_007.c,LtlSoftwareModelCheckingC.epf,LtlSoftwareModelCheckingC.xml,ExpectedResult: UNSAFE UltimateResult: TIMEOUT   [ShortDescription: Timeout LongDescription: Timeout while trying to prove ((A U B) || G(A))],1262784922020.0,7812415488
,rers,Problem14_prop_049.c,LtlSoftwareModelCheckingC.epf,LtlSoftwareModelCheckingC.xml,ExpectedResult: SAFE UltimateResult: SAFE   [ShortDescription: All specifications hold LongDescription: We were not able to verify any specifiation because the program does not contain any specification.],35305870009.0,8.30210048E+9
,rers,Problem18_prop_023.c,LtlSoftwareModelCheckingC.epf,LtlSoftwareModelCheckingC.xml,ExpectedResult: UNSAFE UltimateResult: UNSAFE   Violation of LTL property ((A U B) || G(A)) ,1109865546824.0,7891582976
,rers,Problem14_prop_041.c,LtlSoftwareModelCheckingC.epf,LtlSoftwareModelCheckingC.xml,ExpectedResult: UNSAFE UltimateResult: UNSAFE   Violation of LTL property G((A || (B U C))) ,129115599666.0,8389132288
,rers,Problem17_prop_010.c,LtlSoftwareModelCheckingC.epf,LtlSoftwareModelCheckingC.xml,ExpectedResult: SAFE UltimateResult: SAFE   [ShortDescription: All specifications hold LongDescription: We were not able to verify any specifiation because the program does not contain any specification.],23228468919.0,7.31906048E+9
,rers,Problem17_prop_023.c,LtlSoftwareModelCheckingC.epf,LtlSoftwareModelCheckingC.xml,ExpectedResult: SAFE UltimateResult: SAFE   [ShortDescription: All specifications hold LongDescription: We were not able to verify any specifiation because the program does not contain any specification.],23609432236.0,7635730432
,rers,Problem16_prop_015.c,LtlSoftwareModelCheckingC.epf,LtlSoftwareModelCheckingC.xml,ExpectedResult: UNSAFE UltimateResult: TIMEOUT   [ShortDescription: Timeout LongDescription: Timout or Toolchain cancelled by user],1200230379620.0,8186232832
,rers,Problem19_prop_016.c,LtlSoftwareModelCheckingC.epf,LtlSoftwareModelCheckingC.xml,ExpectedResult: UNSAFE UltimateResult: TIMEOUT   [ShortDescription: Timeout LongDescription: Timeout while trying to prove (G(A) || F((B && F(C))))],1271824121292,7.7594624E+9
,rers,Problem18_prop_011.c,LtlSoftwareModelCheckingC.epf,LtlSoftwareModelCheckingC.xml,ExpectedResult: UNSAFE UltimateResult: TIMEOUT   [ShortDescription: Timeout LongDescription: Timeout while trying to prove G(A)],1239291433421.0,7980711936
,rers,Problem15_prop_002.c,LtlSoftwareModelCheckingC.epf,LtlSoftwareModelCheckingC.xml,ExpectedResult: SAFE UltimateResult: SAFE   [ShortDescription: All specifications hold LongDescription: We were not able to verify any specifiation because the program does not contain any specification.],35855444156.0,7753695232
,rers,Problem15_prop_020.c,LtlSoftwareModelCheckingC.epf,LtlSoftwareModelCheckingC.xml,ExpectedResult: UNSAFE UltimateResult: EXCEPTION_OR_ERROR   [de.uni_freiburg.informatik.ultimate.plugins.generator.buchiautomizer: OutOfMemoryError: GC overhead limit exceeded],1144312693540.0,7655653376
,rers,Problem16_prop_021.c,LtlSoftwareModelCheckingC.epf,LtlSoftwareModelCheckingC.xml,ExpectedResult: UNSAFE UltimateResult: EXCEPTION_OR_ERROR   [de.uni_freiburg.informatik.ultimate.plugins.generator.buchiautomizer: OutOfMemoryError: GC overhead limit exceeded],957243191989.0,7451705344
,rers,Problem17_prop_033.c,LtlSoftwareModelCheckingC.epf,LtlSoftwareModelCheckingC.xml,ExpectedResult: UNSAFE UltimateResult: EXCEPTION_OR_ERROR   [de.uni_freiburg.informatik.ultimate.plugins.generator.buchiautomizer: OutOfMemoryError: GC overhead limit exceeded],574552719917.0,7338983424
,rers,Problem15_prop_016.c,LtlSoftwareModelCheckingC.epf,LtlSoftwareModelCheckingC.xml,ExpectedResult: SAFE UltimateResult: SAFE   [ShortDescription: All specifications hold LongDescription: We were not able to verify any specifiation because the program does not contain any specification.],36855274455.0,7422345216
,rers,Problem19_prop_028.c,LtlSoftwareModelCheckingC.epf,LtlSoftwareModelCheckingC.xml,ExpectedResult: UNSAFE UltimateResult: EXCEPTION_OR_ERROR   [de.uni_freiburg.informatik.ultimate.plugins.generator.buchiautomizer: OutOfMemoryError: GC overhead limit exceeded],729738003917,7635730432
,rers,Problem17_prop_015.c,LtlSoftwareModelCheckingC.epf,LtlSoftwareModelCheckingC.xml,ExpectedResult: SAFE UltimateResult: SAFE   [ShortDescription: All specifications hold LongDescription: We were not able to verify any specifiation because the program does not contain any specification.],152781596233.0,7.09361664E+9
,rers,Problem18_prop_020.c,LtlSoftwareModelCheckingC.epf,LtlSoftwareModelCheckingC.xml,ExpectedResult: UNSAFE UltimateResult: TIMEOUT   [ShortDescription: Timeout LongDescription: Timeout while trying to prove G((A || (B U C)))],1285576832359.0,7635730432
,rers,Problem18_prop_002.c,LtlSoftwareModelCheckingC.epf,LtlSoftwareModelCheckingC.xml,ExpectedResult: SAFE UltimateResult: SAFE   [ShortDescription: All specifications hold LongDescription: We were not able to verify any specifiation because the program does not contain any specification.],334666243199.0,7949778944
,rers,Problem15_prop_048.c,LtlSoftwareModelCheckingC.epf,LtlSoftwareModelCheckingC.xml,ExpectedResult: UNSAFE UltimateResult: EXCEPTION_OR_ERROR   [de.uni_freiburg.informatik.ultimate.plugins.generator.buchiautomizer: OutOfMemoryError: Java heap space],2035444789919.0,6890717184
,rers,Problem14_prop_044.c,LtlSoftwareModelCheckingC.epf,LtlSoftwareModelCheckingC.xml,ExpectedResult: UNSAFE UltimateResult: UNSAFE   Violation of LTL property (!(F(A)) || (B U C)) ,189571552145.0,8381267968
,rers,Problem14_prop_001.c,LtlSoftwareModelCheckingC.epf,LtlSoftwareModelCheckingC.xml,ExpectedResult: SAFE UltimateResult: TIMEOUT   [ShortDescription: Timeout LongDescription: Timout or Toolchain cancelled by user],1254871194557.0,8149008384
,rers,Problem16_prop_038.c,LtlSoftwareModelCheckingC.epf,LtlSoftwareModelCheckingC.xml,ExpectedResult: UNSAFE UltimateResult: EXCEPTION_OR_ERROR   [de.uni_freiburg.informatik.ultimate.plugins.generator.buchiautomizer: OutOfMemoryError: GC overhead limit exceeded],764392245551.0,7433879552
,rers,Problem16_prop_034.c,LtlSoftwareModelCheckingC.epf,LtlSoftwareModelCheckingC.xml,ExpectedResult: SAFE UltimateResult: SAFE   [ShortDescription: All specifications hold LongDescription: We were not able to verify any specifiation because the program does not contain any specification.],319289262344.0,7162822656
,rers,Problem19_prop_027.c,LtlSoftwareModelCheckingC.epf,LtlSoftwareModelCheckingC.xml,ExpectedResult: SAFE UltimateResult: EXCEPTION_OR_ERROR   [de.uni_freiburg.informatik.ultimate.plugins.generator.buchiautomizer: OutOfMemoryError: GC overhead limit exceeded],856469737312.0,7635730432
,rers,Problem15_prop_025.c,LtlSoftwareModelCheckingC.epf,LtlSoftwareModelCheckingC.xml,ExpectedResult: SAFE UltimateResult: TIMEOUT   [ShortDescription: Timeout LongDescription: Timeout while trying to prove G((A || ((B U C) || G(B))))],1243720195815.0,7635730432
,rers,Problem18_prop_025.c,LtlSoftwareModelCheckingC.epf,LtlSoftwareModelCheckingC.xml,ExpectedResult: UNSAFE UltimateResult: TIMEOUT   [ShortDescription: Timeout LongDescription: Timeout while trying to prove G((A || ((B U C) || G(B))))],1247452657775.0,7633108992
,rers,Problem15_prop_017.c,LtlSoftwareModelCheckingC.epf,LtlSoftwareModelCheckingC.xml,ExpectedResult: UNSAFE UltimateResult: EXCEPTION_OR_ERROR   [de.uni_freiburg.informatik.ultimate.plugins.generator.buchiautomizer: OutOfMemoryError: GC overhead limit exceeded],643519789215.0,7635730432
,rers,Problem17_prop_047.c,LtlSoftwareModelCheckingC.epf,LtlSoftwareModelCheckingC.xml,ExpectedResult: UNSAFE UltimateResult: EXCEPTION_OR_ERROR   [de.uni_freiburg.informatik.ultimate.plugins.generator.buchiautomizer: OutOfMemoryError: GC overhead limit exceeded],547414649443.0,7369392128
,rers,Problem15_prop_024.c,LtlSoftwareModelCheckingC.epf,LtlSoftwareModelCheckingC.xml,ExpectedResult: SAFE UltimateResult: SAFE   [ShortDescription: All specifications hold LongDescription: We were not able to verify any specifiation because the program does not contain any specification.],306686807258.0,6861357056
,rers,Problem17_prop_026.c,LtlSoftwareModelCheckingC.epf,LtlSoftwareModelCheckingC.xml,ExpectedResult: SAFE UltimateResult: SAFE   [ShortDescription: All specifications hold LongDescription: We were not able to verify any specifiation because the program does not contain any specification.],175708207667.0,7525629952
,rers,Problem14_prop_035.c,LtlSoftwareModelCheckingC.epf,LtlSoftwareModelCheckingC.xml,ExpectedResult: UNSAFE UltimateResult: UNSAFE   Violation of LTL property G(A) ,198823993613.0,8200388608
,rers,Problem19_prop_010.c,LtlSoftwareModelCheckingC.epf,LtlSoftwareModelCheckingC.xml,ExpectedResult: UNSAFE UltimateResult: TIMEOUT   [ShortDescription: Timeout LongDescription: Timeout while trying to prove G((A || (B U C)))],1730836536434.0,8031043584
,rers,Problem14_prop_036.c,LtlSoftwareModelCheckingC.epf,LtlSoftwareModelCheckingC.xml,ExpectedResult: UNSAFE UltimateResult: TIMEOUT   [ShortDescription: Timeout LongDescription: Timout or Toolchain cancelled by user],1241616386431.0,8311013376
,rers,Problem16_prop_007.c,LtlSoftwareModelCheckingC.epf,LtlSoftwareModelCheckingC.xml,ExpectedResult: SAFE UltimateResult: SAFE   [ShortDescription: All specifications hold LongDescription: We were not able to verify any specifiation because the program does not contain any specification.],566367428828.0,7461142528
,rers,Problem16_prop_037.c,LtlSoftwareModelCheckingC.epf,LtlSoftwareModelCheckingC.xml,ExpectedResult: UNSAFE UltimateResult: UNSAFE   Violation of LTL property G((A || (B U C))) ,360663601498.0,6.60865024E+9
,rers,Problem19_prop_005.c,LtlSoftwareModelCheckingC.epf,LtlSoftwareModelCheckingC.xml,ExpectedResult: SAFE UltimateResult: EXCEPTION_OR_ERROR   [de.uni_freiburg.informatik.ultimate.plugins.generator.buchiautomizer: OutOfMemoryError: Java heap space],1160469554581.0,7947681792
,rers,Problem16_prop_044.c,LtlSoftwareModelCheckingC.epf,LtlSoftwareModelCheckingC.xml,ExpectedResult: SAFE UltimateResult: SAFE   [ShortDescription: All specifications hold LongDescription: We were not able to verify any specifiation because the program does not contain any specification.],55501399327.0,7.50518272E+9
,rers,Problem18_prop_026.c,LtlSoftwareModelCheckingC.epf,LtlSoftwareModelCheckingC.xml,ExpectedResult: UNSAFE UltimateResult: TIMEOUT   [ShortDescription: Timeout LongDescription: Timeout while trying to prove G((A || ((B U C) || G(B))))],1266761127467.0,7635730432
,rers,Problem18_prop_049.c,LtlSoftwareModelCheckingC.epf,LtlSoftwareModelCheckingC.xml,ExpectedResult: UNSAFE UltimateResult: TIMEOUT   [ShortDescription: Timeout LongDescription: Timeout while trying to prove G((A || ((B U C) || G(B))))],1200000172950.0,7728529408
,rers,Problem14_prop_027.c,LtlSoftwareModelCheckingC.epf,LtlSoftwareModelCheckingC.xml,ExpectedResult: UNSAFE UltimateResult: UNSAFE   Violation of LTL property ((A U B) || G(A)) ,83844673970.0,8407482368
,rers,Problem17_prop_041.c,LtlSoftwareModelCheckingC.epf,LtlSoftwareModelCheckingC.xml,ExpectedResult: SAFE UltimateResult: SAFE   [ShortDescription: All specifications hold LongDescription: We were not able to verify any specifiation because the program does not contain any specification.],26938762883.0,7635730432
,rers,Problem18_prop_027.c,LtlSoftwareModelCheckingC.epf,LtlSoftwareModelCheckingC.xml,ExpectedResult: SAFE UltimateResult: TIMEOUT   [ShortDescription: Timeout LongDescription: Timeout while trying to prove (!(F(A)) || (B U C))],1200163483327.0,7711752192
,rers,Problem17_prop_016.c,LtlSoftwareModelCheckingC.epf,LtlSoftwareModelCheckingC.xml,ExpectedResult: UNSAFE UltimateResult: EXCEPTION_OR_ERROR   [de.uni_freiburg.informatik.ultimate.plugins.generator.buchiautomizer: OutOfMemoryError: GC overhead limit exceeded],490399995581.0,7635730432
,rers,Problem16_prop_043.c,LtlSoftwareModelCheckingC.epf,LtlSoftwareModelCheckingC.xml,ExpectedResult: UNSAFE UltimateResult: EXCEPTION_OR_ERROR   [de.uni_freiburg.informatik.ultimate.plugins.generator.buchiautomizer: OutOfMemoryError: GC overhead limit exceeded],723975543254.0,8556904448
,rers,Problem18_prop_032.c,LtlSoftwareModelCheckingC.epf,LtlSoftwareModelCheckingC.xml,ExpectedResult: UNSAFE UltimateResult: TIMEOUT   [ShortDescription: Timeout LongDescription: Timeout while trying to prove G((!((A && F(B))) || (C U B)))],1227183612322.0,8.07141376E+9
,rers,Problem15_prop_015.c,LtlSoftwareModelCheckingC.epf,LtlSoftwareModelCheckingC.xml,ExpectedResult: UNSAFE UltimateResult: EXCEPTION_OR_ERROR   [de.uni_freiburg.informatik.ultimate.plugins.generator.buchiautomizer: AssertionError: TermException de.uni_freiburg.informatik.ultimate.lassoranker.exceptions.UnknownFunctionException: Unknown function symbol: ite @term: (ite (<= (+ |v_div_aux(- v_mod_auxv_~a29_883629_1 (- 14))5_1| 1) 0) (+ |v_div_aux(ite (< (- v_mod_auxv_~a29_883629_1 (- 14)) 0) (+ v_div_aux(- v_mod_auxv_~a29_883629_1 (- 14))5_1 1) v_div_aux(- v_mod_auxv_~a29_883629_1 (- 14))5_1)5_1| 1) |v_div_aux(ite (< (- v_mod_auxv_~a29_883629_1 (- 14)) 0) (+ v_div_aux(- v_mod_auxv_~a29_883629_1 (- 14))5_1 1) v_div_aux(- v_mod_auxv_~a29_883629_1 (- 14))5_1)5_1|): de.uni_freiburg.informatik.ultimate.plugins.generator.buchiautomizer.LassoChecker.synthesize(LassoChecker.java:604)],951792137052.0,7244611584
,rers,Problem14_prop_013.c,LtlSoftwareModelCheckingC.epf,LtlSoftwareModelCheckingC.xml,ExpectedResult: SAFE UltimateResult: SAFE   [ShortDescription: All specifications hold LongDescription: We were not able to verify any specifiation because the program does not contain any specification.],6908472950.0,7756316672
,rers,Problem16_prop_002.c,LtlSoftwareModelCheckingC.epf,LtlSoftwareModelCheckingC.xml,ExpectedResult: SAFE UltimateResult: SAFE   [ShortDescription: All specifications hold LongDescription: We were not able to verify any specifiation because the program does not contain any specification.],263858251629.0,7235698688
,rers,Problem14_prop_002.c,LtlSoftwareModelCheckingC.epf,LtlSoftwareModelCheckingC.xml,ExpectedResult: SAFE UltimateResult: UNSAFE   Violation of LTL property G((A || F(B))) ,17142045584.0,8.18675712E+9
,rers,Problem14_prop_006.c,LtlSoftwareModelCheckingC.epf,LtlSoftwareModelCheckingC.xml,ExpectedResult: UNSAFE UltimateResult: UNSAFE   Violation of LTL property G((A || G(B))) ,321089182381.0,8462532608
,rers,Problem19_prop_014.c,LtlSoftwareModelCheckingC.epf,LtlSoftwareModelCheckingC.xml,ExpectedResult: UNSAFE UltimateResult: EXCEPTION_OR_ERROR   [de.uni_freiburg.informatik.ultimate.plugins.generator.buchiautomizer: OutOfMemoryError: Java heap space],1033062844148.0,7635730432
,rers,Problem15_prop_005.c,LtlSoftwareModelCheckingC.epf,LtlSoftwareModelCheckingC.xml,ExpectedResult: SAFE UltimateResult: SAFE   [ShortDescription: All specifications hold LongDescription: We were not able to verify any specifiation because the program does not contain any specification.],36914026538.0,6995574784
,rers,Problem16_prop_004.c,LtlSoftwareModelCheckingC.epf,LtlSoftwareModelCheckingC.xml,ExpectedResult: SAFE UltimateResult: SAFE   [ShortDescription: All specifications hold LongDescription: We were not able to verify any specifiation because the program does not contain any specification.],147680485530.0,7191134208
,rers,Problem17_prop_000.c,LtlSoftwareModelCheckingC.epf,LtlSoftwareModelCheckingC.xml,ExpectedResult: SAFE UltimateResult: SAFE   [ShortDescription: All specifications hold LongDescription: We were not able to verify any specifiation because the program does not contain any specification.],267644653312.0,7.41343232E+9
,rers,Problem16_prop_046.c,LtlSoftwareModelCheckingC.epf,LtlSoftwareModelCheckingC.xml,ExpectedResult: UNSAFE UltimateResult: TIMEOUT   [ShortDescription: Timeout LongDescription: Timout or Toolchain cancelled by user],1207751941203.0,7635730432
,rers,Problem17_prop_025.c,LtlSoftwareModelCheckingC.epf,LtlSoftwareModelCheckingC.xml,ExpectedResult: UNSAFE UltimateResult: EXCEPTION_OR_ERROR   [de.uni_freiburg.informatik.ultimate.plugins.generator.buchiautomizer: OutOfMemoryError: GC overhead limit exceeded],630021647476.0,7635730432
,rers,Problem17_prop_049.c,LtlSoftwareModelCheckingC.epf,LtlSoftwareModelCheckingC.xml,ExpectedResult: UNSAFE UltimateResult: EXCEPTION_OR_ERROR   [de.uni_freiburg.informatik.ultimate.plugins.generator.buchiautomizer: OutOfMemoryError: GC overhead limit exceeded],622252661062.0,7635730432
,rers,Problem17_prop_036.c,LtlSoftwareModelCheckingC.epf,LtlSoftwareModelCheckingC.xml,ExpectedResult: UNSAFE UltimateResult: EXCEPTION_OR_ERROR   [de.uni_freiburg.informatik.ultimate.plugins.generator.buchiautomizer: OutOfMemoryError: GC overhead limit exceeded],728496230050.0,7519862784
,rers,Problem19_prop_012.c,LtlSoftwareModelCheckingC.epf,LtlSoftwareModelCheckingC.xml,ExpectedResult: SAFE UltimateResult: EXCEPTION_OR_ERROR   [de.uni_freiburg.informatik.ultimate.plugins.generator.buchiautomizer: OutOfMemoryError: GC overhead limit exceeded],826901350909.0,7676624896
,rers,Problem18_prop_000.c,LtlSoftwareModelCheckingC.epf,LtlSoftwareModelCheckingC.xml,ExpectedResult: SAFE UltimateResult: TIMEOUT   [ShortDescription: Timeout LongDescription: Timeout while trying to prove G((A || ((B U C) || G(B))))],1199994782415.0,7567048704
,rers,Problem18_prop_013.c,LtlSoftwareModelCheckingC.epf,LtlSoftwareModelCheckingC.xml,ExpectedResult: UNSAFE UltimateResult: EXCEPTION_OR_ERROR   [de.uni_freiburg.informatik.ultimate.plugins.generator.buchiautomizer: OutOfMemoryError: GC overhead limit exceeded],741457853215.0,7.67033344E+9
,rers,Problem17_prop_037.c,LtlSoftwareModelCheckingC.epf,LtlSoftwareModelCheckingC.xml,ExpectedResult: SAFE UltimateResult: SAFE   [ShortDescription: All specifications hold LongDescription: We were not able to verify any specifiation because the program does not contain any specification.],41731896881.0,7519862784
,rers,Problem17_prop_009.c,LtlSoftwareModelCheckingC.epf,LtlSoftwareModelCheckingC.xml,ExpectedResult: UNSAFE UltimateResult: EXCEPTION_OR_ERROR   [de.uni_freiburg.informatik.ultimate.plugins.generator.buchiautomizer: OutOfMemoryError: GC overhead limit exceeded],627346615087.0,7.31906048E+9
,rers,Problem18_prop_036.c,LtlSoftwareModelCheckingC.epf,LtlSoftwareModelCheckingC.xml,ExpectedResult: SAFE UltimateResult: TIMEOUT   [ShortDescription: Timeout LongDescription: Timeout while trying to prove G((!((A && F(B))) || (C U B)))],1373951788853.0,8.10811392E+9
,rers,Problem18_prop_022.c,LtlSoftwareModelCheckingC.epf,LtlSoftwareModelCheckingC.xml,ExpectedResult: SAFE UltimateResult: SAFE   [ShortDescription: All specifications hold LongDescription: We were not able to verify any specifiation because the program does not contain any specification.],279508680026.0,7545552896
,rers,Problem15_prop_034.c,LtlSoftwareModelCheckingC.epf,LtlSoftwareModelCheckingC.xml,ExpectedResult: SAFE UltimateResult: SAFE   [ShortDescription: All specifications hold LongDescription: We were not able to verify any specifiation because the program does not contain any specification.],238876130009.0,6617563136
,rers,Problem19_prop_030.c,LtlSoftwareModelCheckingC.epf,LtlSoftwareModelCheckingC.xml,ExpectedResult: SAFE UltimateResult: TIMEOUT   [ShortDescription: Timeout LongDescription: Timeout while trying to prove G((A || (B U C)))],1334809541462.0,7608467456
,rers,Problem15_prop_026.c,LtlSoftwareModelCheckingC.epf,LtlSoftwareModelCheckingC.xml,ExpectedResult: UNSAFE UltimateResult: TIMEOUT   [ShortDescription: Timeout LongDescription: Timout or Toolchain cancelled by user],1201262224634.0,7635730432
,rers,Problem17_prop_045.c,LtlSoftwareModelCheckingC.epf,LtlSoftwareModelCheckingC.xml,ExpectedResult: UNSAFE UltimateResult: UNSAFE   Violation of LTL property G((A || F(B))) ,1075012850265.0,6923747328
,rers,Problem17_prop_028.c,LtlSoftwareModelCheckingC.epf,LtlSoftwareModelCheckingC.xml,ExpectedResult: SAFE UltimateResult: SAFE   [ShortDescription: All specifications hold LongDescription: We were not able to verify any specifiation because the program does not contain any specification.],33134009164.0,7525629952
,rers,Problem16_prop_031.c,LtlSoftwareModelCheckingC.epf,LtlSoftwareModelCheckingC.xml,ExpectedResult: SAFE UltimateResult: SAFE   [ShortDescription: All specifications hold LongDescription: We were not able to verify any specifiation because the program does not contain any specification.],242856643051.0,7496794112
,rers,Problem18_prop_034.c,LtlSoftwareModelCheckingC.epf,LtlSoftwareModelCheckingC.xml,ExpectedResult: SAFE UltimateResult: TIMEOUT   [ShortDescription: Timeout LongDescription: Timeout while trying to prove G((A || G(B)))],1215405203474.0,7900495872
,rers,Problem18_prop_009.c,LtlSoftwareModelCheckingC.epf,LtlSoftwareModelCheckingC.xml,ExpectedResult: SAFE UltimateResult: SAFE   [ShortDescription: All specifications hold LongDescription: We were not able to verify any specifiation because the program does not contain any specification.],515040516622.0,7818182656
,rers,Problem16_prop_008.c,LtlSoftwareModelCheckingC.epf,LtlSoftwareModelCheckingC.xml,ExpectedResult: UNSAFE UltimateResult: UNSAFE   Violation of LTL property G((!((A && F(B))) || (C U B))) ,326729345641.0,7.62314752E+9
,rers,Problem17_prop_005.c,LtlSoftwareModelCheckingC.epf,LtlSoftwareModelCheckingC.xml,ExpectedResult: SAFE UltimateResult: EXCEPTION_OR_ERROR   [de.uni_freiburg.informatik.ultimate.plugins.generator.buchiautomizer: OutOfMemoryError: GC overhead limit exceeded],632855201471.0,7530348544
,rers,Problem19_prop_029.c,LtlSoftwareModelCheckingC.epf,LtlSoftwareModelCheckingC.xml,ExpectedResult: UNSAFE UltimateResult: TIMEOUT   [ShortDescription: Timeout LongDescription: Timeout while trying to prove F(A)],1241494084031,7.58120448E+9
,rers,Problem16_prop_025.c,LtlSoftwareModelCheckingC.epf,LtlSoftwareModelCheckingC.xml,ExpectedResult: SAFE UltimateResult: SAFE   [ShortDescription: All specifications hold LongDescription: We were not able to verify any specifiation because the program does not contain any specification.],960841103256.0,7493648384
,rers,Problem15_prop_018.c,LtlSoftwareModelCheckingC.epf,LtlSoftwareModelCheckingC.xml,ExpectedResult: SAFE UltimateResult: SAFE   [ShortDescription: All specifications hold LongDescription: We were not able to verify any specifiation because the program does not contain any specification.],41352655846.0,6817841152
,rers,Problem14_prop_021.c,LtlSoftwareModelCheckingC.epf,LtlSoftwareModelCheckingC.xml,ExpectedResult: UNSAFE UltimateResult: UNSAFE   Violation of LTL property G((A || ((B U C) || G(B)))) ,188142836671.0,8319401984
,rers,Problem14_prop_034.c,LtlSoftwareModelCheckingC.epf,LtlSoftwareModelCheckingC.xml,ExpectedResult: UNSAFE UltimateResult: UNSAFE   Violation of LTL property ((A U B) || G(A)) ,75281768001.0,8102346752
,rers,Problem19_prop_004.c,LtlSoftwareModelCheckingC.epf,LtlSoftwareModelCheckingC.xml,ExpectedResult: SAFE UltimateResult: TIMEOUT   [ShortDescription: Timeout LongDescription: Timeout while trying to prove G((A || ((B U C) || G(B))))],1225422358472.0,7.90888448E+9
,rers,Problem19_prop_036.c,LtlSoftwareModelCheckingC.epf,LtlSoftwareModelCheckingC.xml,ExpectedResult: SAFE UltimateResult: EXCEPTION_OR_ERROR   [de.uni_freiburg.informatik.ultimate.plugins.generator.buchiautomizer: OutOfMemoryError: GC overhead limit exceeded],744825602537.0,7912030208
,rers,Problem19_prop_013.c,LtlSoftwareModelCheckingC.epf,LtlSoftwareModelCheckingC.xml,ExpectedResult: SAFE UltimateResult: TIMEOUT   [ShortDescription: Timeout LongDescription: Timeout while trying to prove G((A || F(B)))],1216590712588.0,7635730432
,rers,Problem16_prop_047.c,LtlSoftwareModelCheckingC.epf,LtlSoftwareModelCheckingC.xml,ExpectedResult: SAFE UltimateResult: SAFE   [ShortDescription: All specifications hold LongDescription: We were not able to verify any specifiation because the program does not contain any specification.],275351742096.0,7635730432
,rers,Problem15_prop_012.c,LtlSoftwareModelCheckingC.epf,LtlSoftwareModelCheckingC.xml,ExpectedResult: UNSAFE UltimateResult: EXCEPTION_OR_ERROR   [de.uni_freiburg.informatik.ultimate.plugins.generator.buchiautomizer: OutOfMemoryError: Java heap space: java.util.HashMap.createEntry(HashMap.java:901)],3793208716711.0,6326059008
,rers,Problem19_prop_047.c,LtlSoftwareModelCheckingC.epf,LtlSoftwareModelCheckingC.xml,ExpectedResult: SAFE UltimateResult: TIMEOUT   [ShortDescription: Timeout LongDescription: Timeout while trying to prove (!(F(A)) || (B U C))],1203205820640.0,7753695232
,rers,Problem16_prop_010.c,LtlSoftwareModelCheckingC.epf,LtlSoftwareModelCheckingC.xml,ExpectedResult: SAFE UltimateResult: SAFE   [ShortDescription: All specifications hold LongDescription: We were not able to verify any specifiation because the program does not contain any specification.],550158622904.0,6943145984
,rers,Problem17_prop_001.c,LtlSoftwareModelCheckingC.epf,LtlSoftwareModelCheckingC.xml,ExpectedResult: SAFE UltimateResult: SAFE   [ShortDescription: All specifications hold LongDescription: We were not able to verify any specifiation because the program does not contain any specification.],18055510169.0,7010254848
,rers,Problem16_prop_024.c,LtlSoftwareModelCheckingC.epf,LtlSoftwareModelCheckingC.xml,ExpectedResult: UNSAFE UltimateResult: EXCEPTION_OR_ERROR   [de.uni_freiburg.informatik.ultimate.plugins.generator.buchiautomizer: OutOfMemoryError: GC overhead limit exceeded],727058988007.0,7.51304704E+9
,rers,Problem18_prop_017.c,LtlSoftwareModelCheckingC.epf,LtlSoftwareModelCheckingC.xml,ExpectedResult: UNSAFE UltimateResult: TIMEOUT   [ShortDescription: Timeout LongDescription: Timeout while trying to prove (!(F(A)) || (B U C))],1214559228112.0,8006402048
,rers,Problem14_prop_046.c,LtlSoftwareModelCheckingC.epf,LtlSoftwareModelCheckingC.xml,ExpectedResult: UNSAFE UltimateResult: UNSAFE   Violation of LTL property G((A || G(B))) ,94092276317.0,8154251264
,rers,Problem14_prop_037.c,LtlSoftwareModelCheckingC.epf,LtlSoftwareModelCheckingC.xml,ExpectedResult: UNSAFE UltimateResult: UNSAFE   Violation of LTL property G((A || F(B))) ,83329127851.0,8445231104
,rers,Problem18_prop_047.c,LtlSoftwareModelCheckingC.epf,LtlSoftwareModelCheckingC.xml,ExpectedResult: SAFE UltimateResult: EXCEPTION_OR_ERROR   [de.uni_freiburg.informatik.ultimate.plugins.generator.buchiautomizer: OutOfMemoryError: Java heap space],1518327843245.0,8021082112
,rers,Problem14_prop_038.c,LtlSoftwareModelCheckingC.epf,LtlSoftwareModelCheckingC.xml,ExpectedResult: SAFE UltimateResult: SAFE   [ShortDescription: All specifications hold LongDescription: We were not able to verify any specifiation because the program does not contain any specification.],100095938204.0,8448376832
,rers,Problem14_prop_020.c,LtlSoftwareModelCheckingC.epf,LtlSoftwareModelCheckingC.xml,ExpectedResult: UNSAFE UltimateResult: UNSAFE   Violation of LTL property G(A) ,60824625241.0,8476688384
,rers,Problem16_prop_006.c,LtlSoftwareModelCheckingC.epf,LtlSoftwareModelCheckingC.xml,ExpectedResult: UNSAFE UltimateResult: EXCEPTION_OR_ERROR   [de.uni_freiburg.informatik.ultimate.plugins.generator.buchiautomizer: OutOfMemoryError: GC overhead limit exceeded],1442639536657.0,7461142528
,rers,Problem14_prop_045.c,LtlSoftwareModelCheckingC.epf,LtlSoftwareModelCheckingC.xml,ExpectedResult: UNSAFE UltimateResult: UNSAFE   Violation of LTL property G((!((A && F(B))) || (C U B))) ,129928448410.0,8360296448
,rers,Problem17_prop_027.c,LtlSoftwareModelCheckingC.epf,LtlSoftwareModelCheckingC.xml,ExpectedResult: SAFE UltimateResult: SAFE   [ShortDescription: All specifications hold LongDescription: We were not able to verify any specifiation because the program does not contain any specification.],170821216660.0,7525629952
,rers,Problem16_prop_012.c,LtlSoftwareModelCheckingC.epf,LtlSoftwareModelCheckingC.xml,ExpectedResult: UNSAFE UltimateResult: TIMEOUT   [ShortDescription: Timeout LongDescription: Timout or Toolchain cancelled by user],1200222180297.0,7983857664
,rers,Problem14_prop_029.c,LtlSoftwareModelCheckingC.epf,LtlSoftwareModelCheckingC.xml,ExpectedResult: UNSAFE UltimateResult: UNSAFE   Violation of LTL property G((A || (B U C))) ,1045385738020.0,8445755392
,rers,Problem14_prop_016.c,LtlSoftwareModelCheckingC.epf,LtlSoftwareModelCheckingC.xml,ExpectedResult: SAFE UltimateResult: SAFE   [ShortDescription: All specifications hold LongDescription: We were not able to verify any specifiation because the program does not contain any specification.],13175450539.0,8360296448
,rers,Problem15_prop_033.c,LtlSoftwareModelCheckingC.epf,LtlSoftwareModelCheckingC.xml,ExpectedResult: SAFE UltimateResult: SAFE   [ShortDescription: All specifications hold LongDescription: We were not able to verify any specifiation because the program does not contain any specification.],37052788669.0,6897532928
,rers,Problem15_prop_047.c,LtlSoftwareModelCheckingC.epf,LtlSoftwareModelCheckingC.xml,ExpectedResult: SAFE UltimateResult: SAFE   [ShortDescription: All specifications hold LongDescription: We were not able to verify any specifiation because the program does not contain any specification.],309074868179.0,6.61389312E+9
,rers,Problem15_prop_039.c,LtlSoftwareModelCheckingC.epf,LtlSoftwareModelCheckingC.xml,ExpectedResult: UNSAFE UltimateResult: TIMEOUT   [ShortDescription: Timeout LongDescription: Timout or Toolchain cancelled by user],1202898226727.0,7052197888
,rers,Problem15_prop_006.c,LtlSoftwareModelCheckingC.epf,LtlSoftwareModelCheckingC.xml,ExpectedResult: UNSAFE UltimateResult: EXCEPTION_OR_ERROR   [de.uni_freiburg.informatik.ultimate.plugins.generator.buchiautomizer: OutOfMemoryError: GC overhead limit exceeded: java.util.HashMap.createEntry(HashMap.java:901)],1826139201320.0,7327449088
,rers,Problem15_prop_037.c,LtlSoftwareModelCheckingC.epf,LtlSoftwareModelCheckingC.xml,ExpectedResult: UNSAFE UltimateResult: EXCEPTION_OR_ERROR   [de.uni_freiburg.informatik.ultimate.plugins.generator.buchiautomizer: OutOfMemoryError: GC overhead limit exceeded],843828226514.0,7.20371712E+9
,rers,Problem17_prop_013.c,LtlSoftwareModelCheckingC.epf,LtlSoftwareModelCheckingC.xml,ExpectedResult: UNSAFE UltimateResult: EXCEPTION_OR_ERROR   [de.uni_freiburg.informatik.ultimate.plugins.generator.buchiautomizer: OutOfMemoryError: GC overhead limit exceeded],702892480486.0,7569145856
,rers,Problem19_prop_046.c,LtlSoftwareModelCheckingC.epf,LtlSoftwareModelCheckingC.xml,ExpectedResult: UNSAFE UltimateResult: TIMEOUT   [ShortDescription: Timeout LongDescription: Timeout while trying to prove G(A)],1266876268461,7747403776
,rers,Problem19_prop_035.c,LtlSoftwareModelCheckingC.epf,LtlSoftwareModelCheckingC.xml,ExpectedResult: UNSAFE UltimateResult: TIMEOUT   [ShortDescription: Timeout LongDescription: Timeout while trying to prove (G(A) || F((B && F(C))))],1252129474906.0,7779909632
,rers,Problem18_prop_039.c,LtlSoftwareModelCheckingC.epf,LtlSoftwareModelCheckingC.xml,ExpectedResult: SAFE UltimateResult: SAFE   [ShortDescription: All specifications hold LongDescription: We were not able to verify any specifiation because the program does not contain any specification.],277085362357.0,8125939712
,rers,Problem17_prop_022.c,LtlSoftwareModelCheckingC.epf,LtlSoftwareModelCheckingC.xml,ExpectedResult: SAFE UltimateResult: SAFE   [ShortDescription: All specifications hold LongDescription: We were not able to verify any specifiation because the program does not contain any specification.],17743670985.0,7635730432
,rers,Problem19_prop_017.c,LtlSoftwareModelCheckingC.epf,LtlSoftwareModelCheckingC.xml,ExpectedResult: UNSAFE UltimateResult: EXCEPTION_OR_ERROR   [de.uni_freiburg.informatik.ultimate.plugins.generator.buchiautomizer: OutOfMemoryError: GC overhead limit exceeded],836252925284.0,7922515968
,rers,Problem19_prop_022.c,LtlSoftwareModelCheckingC.epf,LtlSoftwareModelCheckingC.xml,ExpectedResult: SAFE UltimateResult: EXCEPTION_OR_ERROR   [de.uni_freiburg.informatik.ultimate.plugins.generator.buchiautomizer: OutOfMemoryError: GC overhead limit exceeded],998000745214.0,7635730432
,rers,Problem18_prop_016.c,LtlSoftwareModelCheckingC.epf,LtlSoftwareModelCheckingC.xml,ExpectedResult: SAFE UltimateResult: SAFE   [ShortDescription: All specifications hold LongDescription: We were not able to verify any specifiation because the program does not contain any specification.],534265996421.0,7972323328
,rers,Problem19_prop_000.c,LtlSoftwareModelCheckingC.epf,LtlSoftwareModelCheckingC.xml,ExpectedResult: SAFE UltimateResult: TIMEOUT   [ShortDescription: Timeout LongDescription: Timeout while trying to prove G((A || ((B U C) || G(B))))],1302154478808.0,7793016832
,rers,Problem16_prop_011.c,LtlSoftwareModelCheckingC.epf,LtlSoftwareModelCheckingC.xml,ExpectedResult: SAFE UltimateResult: EXCEPTION_OR_ERROR   [de.uni_freiburg.informatik.ultimate.plugins.generator.buchiautomizer: SMTLIBException: generated interpolants did not pass sanity check: de.uni_freiburg.informatik.ultimate.smtinterpol.smtlib2.SMTInterpol.getInterpolants(SMTInterpol.java:1293)],1200201637344.0,8007450624
,rers,Problem17_prop_048.c,LtlSoftwareModelCheckingC.epf,LtlSoftwareModelCheckingC.xml,ExpectedResult: SAFE UltimateResult: EXCEPTION_OR_ERROR   [de.uni_freiburg.informatik.ultimate.plugins.generator.buchiautomizer: OutOfMemoryError: GC overhead limit exceeded],642805025187.0,7635730432
,rers,Problem15_prop_044.c,LtlSoftwareModelCheckingC.epf,LtlSoftwareModelCheckingC.xml,ExpectedResult: SAFE UltimateResult: SAFE   [ShortDescription: All specifications hold LongDescription: We were not able to verify any specifiation because the program does not contain any specification.],41539589431.0,7.85645568E+9
,rers,Problem15_prop_035.c,LtlSoftwareModelCheckingC.epf,LtlSoftwareModelCheckingC.xml,ExpectedResult: UNSAFE UltimateResult: EXCEPTION_OR_ERROR   [de.uni_freiburg.informatik.ultimate.plugins.generator.buchiautomizer: OutOfMemoryError: GC overhead limit exceeded],1374273219250.0,7.23779584E+9
,rers,Problem14_prop_007.c,LtlSoftwareModelCheckingC.epf,LtlSoftwareModelCheckingC.xml,ExpectedResult: SAFE UltimateResult: SAFE   [ShortDescription: All specifications hold LongDescription: We were not able to verify any specifiation because the program does not contain any specification.],23572655005.0,7731675136
,rers,Problem14_prop_025.c,LtlSoftwareModelCheckingC.epf,LtlSoftwareModelCheckingC.xml,ExpectedResult: SAFE UltimateResult: SAFE   [ShortDescription: All specifications hold LongDescription: We were not able to verify any specifiation because the program does not contain any specification.],44095695475.0,8.38598656E+9
,rers,Problem18_prop_006.c,LtlSoftwareModelCheckingC.epf,LtlSoftwareModelCheckingC.xml,ExpectedResult: UNSAFE UltimateResult: EXCEPTION_OR_ERROR   [de.uni_freiburg.informatik.ultimate.plugins.generator.buchiautomizer: OutOfMemoryError: GC overhead limit exceeded],650799099665.0,7728529408
,rers,Problem15_prop_027.c,LtlSoftwareModelCheckingC.epf,LtlSoftwareModelCheckingC.xml,ExpectedResult: SAFE UltimateResult: SAFE   [ShortDescription: All specifications hold LongDescription: We were not able to verify any specifiation because the program does not contain any specification.],393009861153.0,7635730432
,rers,Problem16_prop_030.c,LtlSoftwareModelCheckingC.epf,LtlSoftwareModelCheckingC.xml,ExpectedResult: UNSAFE UltimateResult: EXCEPTION_OR_ERROR   [de.uni_freiburg.informatik.ultimate.plugins.generator.buchiautomizer: OutOfMemoryError: GC overhead limit exceeded],899398888638.0,7496794112
,rers,Problem19_prop_040.c,LtlSoftwareModelCheckingC.epf,LtlSoftwareModelCheckingC.xml,ExpectedResult: UNSAFE UltimateResult: TIMEOUT   [ShortDescription: Timeout LongDescription: Timeout while trying to prove (G(A) || F((B && F(C))))],1267757493827,7635730432
,rers,Problem18_prop_037.c,LtlSoftwareModelCheckingC.epf,LtlSoftwareModelCheckingC.xml,ExpectedResult: UNSAFE UltimateResult: TIMEOUT   [ShortDescription: Timeout LongDescription: Timeout while trying to prove (G(A) || F((B && F(C))))],1293105292937.0,7905214464
,rers,Problem16_prop_036.c,LtlSoftwareModelCheckingC.epf,LtlSoftwareModelCheckingC.xml,ExpectedResult: UNSAFE UltimateResult: TIMEOUT   [ShortDescription: Timeout LongDescription: Timout or Toolchain cancelled by user],1200632964238.0,7158104064
,rers,Problem18_prop_035.c,LtlSoftwareModelCheckingC.epf,LtlSoftwareModelCheckingC.xml,ExpectedResult: SAFE UltimateResult: SAFE   [ShortDescription: All specifications hold LongDescription: We were not able to verify any specifiation because the program does not contain any specification.],294891871639.0,8044675072
,rers,Problem15_prop_040.c,LtlSoftwareModelCheckingC.epf,LtlSoftwareModelCheckingC.xml,ExpectedResult: UNSAFE UltimateResult: EXCEPTION_OR_ERROR   [de.uni_freiburg.informatik.ultimate.plugins.generator.buchiautomizer: OutOfMemoryError: GC overhead limit exceeded],755052477767.0,7635730432
,rers,Problem14_prop_039.c,LtlSoftwareModelCheckingC.epf,LtlSoftwareModelCheckingC.xml,ExpectedResult: SAFE UltimateResult: SAFE   [ShortDescription: All specifications hold LongDescription: We were not able to verify any specifiation because the program does not contain any specification.],184042599051.0,8363442176
,rers,Problem17_prop_046.c,LtlSoftwareModelCheckingC.epf,LtlSoftwareModelCheckingC.xml,ExpectedResult: SAFE UltimateResult: SAFE   [ShortDescription: All specifications hold LongDescription: We were not able to verify any specifiation because the program does not contain any specification.],18083965658.0,7.4186752E+9
,rers,Problem14_prop_015.c,LtlSoftwareModelCheckingC.epf,LtlSoftwareModelCheckingC.xml,ExpectedResult: UNSAFE UltimateResult: TIMEOUT   [ShortDescription: Timeout LongDescription: Timout or Toolchain cancelled by user],1224280928749.0,8351383552
,rers,Problem15_prop_036.c,LtlSoftwareModelCheckingC.epf,LtlSoftwareModelCheckingC.xml,ExpectedResult: UNSAFE UltimateResult: EXCEPTION_OR_ERROR   [de.uni_freiburg.informatik.ultimate.plugins.generator.buchiautomizer: OutOfMemoryError: GC overhead limit exceeded],454882854904.0,7.23779584E+9
,rers,Problem19_prop_025.c,LtlSoftwareModelCheckingC.epf,LtlSoftwareModelCheckingC.xml,ExpectedResult: UNSAFE UltimateResult: TIMEOUT   [ShortDescription: Timeout LongDescription: Timeout while trying to prove G((A || F(B)))],1474799375203,7635730432
,rers,Problem16_prop_018.c,LtlSoftwareModelCheckingC.epf,LtlSoftwareModelCheckingC.xml,ExpectedResult: SAFE UltimateResult: SAFE   [ShortDescription: All specifications hold LongDescription: We were not able to verify any specifiation because the program does not contain any specification.],248095285206.0,7348944896
,rers,Problem18_prop_018.c,LtlSoftwareModelCheckingC.epf,LtlSoftwareModelCheckingC.xml,ExpectedResult: UNSAFE UltimateResult: TIMEOUT   [ShortDescription: Timeout LongDescription: Timeout while trying to prove G((A || ((B U C) || G(B))))],1315974081081.0,7802978304
,rers,Problem19_prop_049.c,LtlSoftwareModelCheckingC.epf,LtlSoftwareModelCheckingC.xml,ExpectedResult: SAFE UltimateResult: EXCEPTION_OR_ERROR   [de.uni_freiburg.informatik.ultimate.plugins.generator.buchiautomizer: OutOfMemoryError: GC overhead limit exceeded],1170392913088,7629963264
,rers,Problem15_prop_011.c,LtlSoftwareModelCheckingC.epf,LtlSoftwareModelCheckingC.xml,ExpectedResult: SAFE UltimateResult: SAFE   [ShortDescription: All specifications hold LongDescription: We were not able to verify any specifiation because the program does not contain any specification.],139179920131.0,6169821184
,rers,Problem19_prop_003.c,LtlSoftwareModelCheckingC.epf,LtlSoftwareModelCheckingC.xml,ExpectedResult: SAFE UltimateResult: TIMEOUT   [ShortDescription: Timeout LongDescription: Timeout while trying to prove ((A U B) || G(A))],1209187510297.0,7694974976
,rers,Problem17_prop_008.c,LtlSoftwareModelCheckingC.epf,LtlSoftwareModelCheckingC.xml,ExpectedResult: SAFE UltimateResult: SAFE   [ShortDescription: All specifications hold LongDescription: We were not able to verify any specifiation because the program does not contain any specification.],79040102279.0,7635730432
,rers,Problem14_prop_030.c,LtlSoftwareModelCheckingC.epf,LtlSoftwareModelCheckingC.xml,ExpectedResult: SAFE UltimateResult: SAFE   [ShortDescription: All specifications hold LongDescription: We were not able to verify any specifiation because the program does not contain any specification.],6916635586.0,8357675008
,rers,Problem16_prop_049.c,LtlSoftwareModelCheckingC.epf,LtlSoftwareModelCheckingC.xml,ExpectedResult: UNSAFE UltimateResult: EXCEPTION_OR_ERROR   [de.uni_freiburg.informatik.ultimate.plugins.generator.buchiautomizer: OutOfMemoryError: GC overhead limit exceeded],935491922544.0,7.46586112E+9
,rers,Problem19_prop_037.c,LtlSoftwareModelCheckingC.epf,LtlSoftwareModelCheckingC.xml,ExpectedResult: UNSAFE UltimateResult: TIMEOUT   [ShortDescription: Timeout LongDescription: Timeout while trying to prove F(A)],1232574209158.0,7627341824
,rers,Problem19_prop_011.c,LtlSoftwareModelCheckingC.epf,LtlSoftwareModelCheckingC.xml,ExpectedResult: SAFE UltimateResult: EXCEPTION_OR_ERROR   [de.uni_freiburg.informatik.ultimate.plugins.generator.buchiautomizer: OutOfMemoryError: Java heap space],2564957765002.0,7991721984
,rers,Problem19_prop_048.c,LtlSoftwareModelCheckingC.epf,LtlSoftwareModelCheckingC.xml,ExpectedResult: UNSAFE UltimateResult: TIMEOUT   [ShortDescription: Timeout LongDescription: Timeout while trying to prove (!(F(A)) || (B U C))],1501965423504.0,7635730432
,rers,Problem16_prop_042.c,LtlSoftwareModelCheckingC.epf,LtlSoftwareModelCheckingC.xml,ExpectedResult: UNSAFE UltimateResult: TIMEOUT   [ShortDescription: Timeout LongDescription: Timout or Toolchain cancelled by user],10401690186786.0,8558477312
,rers,Problem17_prop_030.c,LtlSoftwareModelCheckingC.epf,LtlSoftwareModelCheckingC.xml,ExpectedResult: SAFE UltimateResult: SAFE   [ShortDescription: All specifications hold LongDescription: We were not able to verify any specifiation because the program does not contain any specification.],79003130535.0,7277641728
,rers,Problem16_prop_009.c,LtlSoftwareModelCheckingC.epf,LtlSoftwareModelCheckingC.xml,ExpectedResult: UNSAFE UltimateResult: TIMEOUT   [ShortDescription: Timeout LongDescription: Timout or Toolchain cancelled by user],1199996063966.0,7584350208
,rers,Problem19_prop_032.c,LtlSoftwareModelCheckingC.epf,LtlSoftwareModelCheckingC.xml,ExpectedResult: SAFE UltimateResult: TIMEOUT   [ShortDescription: Timeout LongDescription: Timeout while trying to prove G((A || ((B U C) || G(B))))],1247136971746.0,7.79091968E+9
,rers,Problem16_prop_032.c,LtlSoftwareModelCheckingC.epf,LtlSoftwareModelCheckingC.xml,ExpectedResult: UNSAFE UltimateResult: EXCEPTION_OR_ERROR   [de.uni_freiburg.informatik.ultimate.plugins.generator.buchiautomizer: OutOfMemoryError: GC overhead limit exceeded],741941969553.0,7377780736
,rers,Problem18_prop_008.c,LtlSoftwareModelCheckingC.epf,LtlSoftwareModelCheckingC.xml,ExpectedResult: UNSAFE UltimateResult: TIMEOUT   [ShortDescription: Timeout LongDescription: Timeout while trying to prove G((A || ((B U C) || G(B))))],1260959747145.0,7781482496
,rers,Problem16_prop_013.c,LtlSoftwareModelCheckingC.epf,LtlSoftwareModelCheckingC.xml,ExpectedResult: SAFE UltimateResult: EXCEPTION_OR_ERROR   [de.uni_freiburg.informatik.ultimate.plugins.generator.buchiautomizer: OutOfMemoryError: GC overhead limit exceeded],575703604587.0,7351566336
,rers,Problem17_prop_032.c,LtlSoftwareModelCheckingC.epf,LtlSoftwareModelCheckingC.xml,ExpectedResult: SAFE UltimateResult: SAFE   [ShortDescription: All specifications hold LongDescription: We were not able to verify any specifiation because the program does not contain any specification.],26144502873.0,6639058944
,rers,Problem18_prop_030.c,LtlSoftwareModelCheckingC.epf,LtlSoftwareModelCheckingC.xml,ExpectedResult: SAFE UltimateResult: TIMEOUT   [ShortDescription: Timeout LongDescription: Timeout while trying to prove G((!((A && F(B))) || (C U B)))],1219676799634.0,7635730432
,rers,Problem15_prop_022.c,LtlSoftwareModelCheckingC.epf,LtlSoftwareModelCheckingC.xml,ExpectedResult: UNSAFE UltimateResult: EXCEPTION_OR_ERROR   [de.uni_freiburg.informatik.ultimate.plugins.generator.buchiautomizer: OutOfMemoryError: GC overhead limit exceeded],436758597714.0,7635730432
,rers,Problem18_prop_046.c,LtlSoftwareModelCheckingC.epf,LtlSoftwareModelCheckingC.xml,ExpectedResult: UNSAFE UltimateResult: TIMEOUT   [ShortDescription: Timeout LongDescription: Timeout while trying to prove G((A || ((B U C) || G(B))))],1360213117261.0,7909408768
,rers,Problem18_prop_029.c,LtlSoftwareModelCheckingC.epf,LtlSoftwareModelCheckingC.xml,ExpectedResult: SAFE UltimateResult: TIMEOUT   [ShortDescription: Timeout LongDescription: Timeout while trying to prove G((!((A && F(B))) || (C U B)))],1242999277284.0,7635730432
,rers,Problem16_prop_048.c,LtlSoftwareModelCheckingC.epf,LtlSoftwareModelCheckingC.xml,ExpectedResult: UNSAFE UltimateResult: EXCEPTION_OR_ERROR   [de.uni_freiburg.informatik.ultimate.plugins.generator.buchiautomizer: OutOfMemoryError: GC overhead limit exceeded],901760076324.0,7501512704
,rers,Problem17_prop_031.c,LtlSoftwareModelCheckingC.epf,LtlSoftwareModelCheckingC.xml,ExpectedResult: SAFE UltimateResult: SAFE   [ShortDescription: All specifications hold LongDescription: We were not able to verify any specifiation because the program does not contain any specification.],18082371372.0,6727663616
,rers,Problem16_prop_000.c,LtlSoftwareModelCheckingC.epf,LtlSoftwareModelCheckingC.xml,ExpectedResult: SAFE UltimateResult: SAFE   [ShortDescription: All specifications hold LongDescription: We were not able to verify any specifiation because the program does not contain any specification.],109821993262.0,6.5011712E+9
,rers,Problem17_prop_019.c,LtlSoftwareModelCheckingC.epf,LtlSoftwareModelCheckingC.xml,ExpectedResult: UNSAFE UltimateResult: EXCEPTION_OR_ERROR   [de.uni_freiburg.informatik.ultimate.plugins.generator.buchiautomizer: OutOfMemoryError: GC overhead limit exceeded],918894755747.0,7467433984
,rers,Problem18_prop_038.c,LtlSoftwareModelCheckingC.epf,LtlSoftwareModelCheckingC.xml,ExpectedResult: SAFE UltimateResult: SAFE   [ShortDescription: All specifications hold LongDescription: We were not able to verify any specifiation because the program does not contain any specification.],301618659488.0,8133279744
,rers,Problem14_prop_004.c,LtlSoftwareModelCheckingC.epf,LtlSoftwareModelCheckingC.xml,ExpectedResult: UNSAFE UltimateResult: UNSAFE   Violation of LTL property G((A || G(B))) ,181107934217.0,8.27588608E+9
,rers,Problem14_prop_042.c,LtlSoftwareModelCheckingC.epf,LtlSoftwareModelCheckingC.xml,ExpectedResult: UNSAFE UltimateResult: UNSAFE   Violation of LTL property G(A) ,220218458644.0,8391753728
,rers,Problem16_prop_041.c,LtlSoftwareModelCheckingC.epf,LtlSoftwareModelCheckingC.xml,ExpectedResult: UNSAFE UltimateResult: TIMEOUT   [ShortDescription: Timeout LongDescription: Timout or Toolchain cancelled by user],1200140401052.0,7577010176
,rers,Problem17_prop_029.c,LtlSoftwareModelCheckingC.epf,LtlSoftwareModelCheckingC.xml,ExpectedResult: UNSAFE UltimateResult: EXCEPTION_OR_ERROR   [de.uni_freiburg.informatik.ultimate.plugins.generator.buchiautomizer: OutOfMemoryError: GC overhead limit exceeded],695763774168.0,7277641728
,rers,Problem18_prop_015.c,LtlSoftwareModelCheckingC.epf,LtlSoftwareModelCheckingC.xml,ExpectedResult: SAFE UltimateResult: TIMEOUT   [ShortDescription: Timeout LongDescription: Timeout while trying to prove G((!((A && F(B))) || (C U B)))],1202871041210.0,7.667712E+9
,rers,Problem15_prop_032.c,LtlSoftwareModelCheckingC.epf,LtlSoftwareModelCheckingC.xml,ExpectedResult: UNSAFE UltimateResult: TIMEOUT   [ShortDescription: Timeout LongDescription: Timout or Toolchain cancelled by user],1200623388350.0,7635730432
,rers,Problem16_prop_005.c,LtlSoftwareModelCheckingC.epf,LtlSoftwareModelCheckingC.xml,ExpectedResult: UNSAFE UltimateResult: EXCEPTION_OR_ERROR   [de.uni_freiburg.informatik.ultimate.plugins.generator.buchiautomizer: OutOfMemoryError: GC overhead limit exceeded],1362360660263.0,7368343552
,rers,Problem14_prop_010.c,LtlSoftwareModelCheckingC.epf,LtlSoftwareModelCheckingC.xml,ExpectedResult: SAFE UltimateResult: UNSAFE   Violation of LTL property (G(A) || F((B && F(C)))) ,25919686953.0,7763132416
,rers,Problem15_prop_000.c,LtlSoftwareModelCheckingC.epf,LtlSoftwareModelCheckingC.xml,ExpectedResult: SAFE UltimateResult: SAFE   [ShortDescription: All specifications hold LongDescription: We were not able to verify any specifiation because the program does not contain any specification.],262069510574.0,8321499136
,rers,Problem14_prop_033.c,LtlSoftwareModelCheckingC.epf,LtlSoftwareModelCheckingC.xml,ExpectedResult: UNSAFE UltimateResult: TIMEOUT   [ShortDescription: Timeout LongDescription: Timout or Toolchain cancelled by user],1230577297749.0,8463056896
,rers,Problem18_prop_007.c,LtlSoftwareModelCheckingC.epf,LtlSoftwareModelCheckingC.xml,ExpectedResult: UNSAFE UltimateResult: TIMEOUT   [ShortDescription: Timeout LongDescription: Timeout while trying to prove G((!((A && F(B))) || (C U B)))],1237207293434.0,7635730432
,rers,Problem15_prop_019.c,LtlSoftwareModelCheckingC.epf,LtlSoftwareModelCheckingC.xml,ExpectedResult: SAFE UltimateResult: SAFE   [ShortDescription: All specifications hold LongDescription: We were not able to verify any specifiation because the program does not contain any specification.],723636797411.0,7603224576
,rers,Problem14_prop_003.c,LtlSoftwareModelCheckingC.epf,LtlSoftwareModelCheckingC.xml,ExpectedResult: SAFE UltimateResult: TIMEOUT   [ShortDescription: Timeout LongDescription: Timout or Toolchain cancelled by user],1242775924264.0,8228175872
,rers,Problem19_prop_045.c,LtlSoftwareModelCheckingC.epf,LtlSoftwareModelCheckingC.xml,ExpectedResult: SAFE UltimateResult: EXCEPTION_OR_ERROR   [de.uni_freiburg.informatik.ultimate.plugins.generator.buchiautomizer: OutOfMemoryError: GC overhead limit exceeded],831775876600.0,7635730432
,rers,Problem18_prop_010.c,LtlSoftwareModelCheckingC.epf,LtlSoftwareModelCheckingC.xml,ExpectedResult: SAFE UltimateResult: SAFE   [ShortDescription: All specifications hold LongDescription: We were not able to verify any specifiation because the program does not contain any specification.],297917818428.0,7845445632
,rers,Problem17_prop_003.c,LtlSoftwareModelCheckingC.epf,LtlSoftwareModelCheckingC.xml,ExpectedResult: SAFE UltimateResult: SAFE   [ShortDescription: All specifications hold LongDescription: We were not able to verify any specifiation because the program does not contain any specification.],17659489103.0,7635730432
,rers,Problem18_prop_028.c,LtlSoftwareModelCheckingC.epf,LtlSoftwareModelCheckingC.xml,ExpectedResult: UNSAFE UltimateResult: EXCEPTION_OR_ERROR   [de.uni_freiburg.informatik.ultimate.plugins.generator.buchiautomizer: OutOfMemoryError: Java heap space],853974126908.0,7.80664832E+9
,rers,Problem19_prop_034.c,LtlSoftwareModelCheckingC.epf,LtlSoftwareModelCheckingC.xml,ExpectedResult: UNSAFE UltimateResult: TIMEOUT   [ShortDescription: Timeout LongDescription: Timeout while trying to prove G(A)],1200153107588.0,7.8512128E+9
,rers,Problem17_prop_021.c,LtlSoftwareModelCheckingC.epf,LtlSoftwareModelCheckingC.xml,ExpectedResult: UNSAFE UltimateResult: TIMEOUT   [ShortDescription: Timeout LongDescription: Timeout while trying to prove ((A U B) || G(A))],1206639688323.0,7635730432
,rers,Problem15_prop_043.c,LtlSoftwareModelCheckingC.epf,LtlSoftwareModelCheckingC.xml,ExpectedResult: SAFE UltimateResult: SAFE   [ShortDescription: All specifications hold LongDescription: We were not able to verify any specifiation because the program does not contain any specification.],150847615001.0,7650934784
,rers,Problem18_prop_033.c,LtlSoftwareModelCheckingC.epf,LtlSoftwareModelCheckingC.xml,ExpectedResult: UNSAFE UltimateResult: TIMEOUT   [ShortDescription: Timeout LongDescription: Timeout while trying to prove G(A)],1199993209902.0,8071938048
,rers,Problem14_prop_043.c,LtlSoftwareModelCheckingC.epf,LtlSoftwareModelCheckingC.xml,ExpectedResult: SAFE UltimateResult: SAFE   [ShortDescription: All specifications hold LongDescription: We were not able to verify any specifiation because the program does not contain any specification.],7707316786.0,8.39909376E+9
,rers,Problem16_prop_035.c,LtlSoftwareModelCheckingC.epf,LtlSoftwareModelCheckingC.xml,ExpectedResult: SAFE UltimateResult: SAFE   [ShortDescription: All specifications hold LongDescription: We were not able to verify any specifiation because the program does not contain any specification.],382903163253.0,7179075584
,rers,Problem17_prop_038.c,LtlSoftwareModelCheckingC.epf,LtlSoftwareModelCheckingC.xml,ExpectedResult: SAFE UltimateResult: SAFE   [ShortDescription: All specifications hold LongDescription: We were not able to verify any specifiation because the program does not contain any specification.],100011699424.0,7145521152
,rers,Problem19_prop_019.c,LtlSoftwareModelCheckingC.epf,LtlSoftwareModelCheckingC.xml,ExpectedResult: SAFE UltimateResult: TIMEOUT   [ShortDescription: Timeout LongDescription: Timeout while trying to prove (!(F(A)) || (B U C))],1370745434476,7635730432
,rers,Problem17_prop_012.c,LtlSoftwareModelCheckingC.epf,LtlSoftwareModelCheckingC.xml,ExpectedResult: UNSAFE UltimateResult: EXCEPTION_OR_ERROR   [de.uni_freiburg.informatik.ultimate.plugins.generator.buchiautomizer: OutOfMemoryError: GC overhead limit exceeded],436879927829.0,7635730432
,rers,Problem16_prop_040.c,LtlSoftwareModelCheckingC.epf,LtlSoftwareModelCheckingC.xml,ExpectedResult: UNSAFE UltimateResult: EXCEPTION_OR_ERROR   [de.uni_freiburg.informatik.ultimate.plugins.generator.buchiautomizer: OutOfMemoryError: GC overhead limit exceeded],949349525578.0,7776763904
,rers,Problem15_prop_023.c,LtlSoftwareModelCheckingC.epf,LtlSoftwareModelCheckingC.xml,ExpectedResult: UNSAFE UltimateResult: EXCEPTION_OR_ERROR   [de.uni_freiburg.informatik.ultimate.plugins.generator.buchiautomizer: OutOfMemoryError: GC overhead limit exceeded],527852180597.0,7635730432
,rers,Problem14_prop_008.c,LtlSoftwareModelCheckingC.epf,LtlSoftwareModelCheckingC.xml,ExpectedResult: UNSAFE UltimateResult: UNSAFE   Violation of LTL property G((!((A && F(B))) || (C U B))) ,162990750720.0,7737442304
,rers,Problem15_prop_038.c,LtlSoftwareModelCheckingC.epf,LtlSoftwareModelCheckingC.xml,ExpectedResult: SAFE UltimateResult: SAFE   [ShortDescription: All specifications hold LongDescription: We were not able to verify any specifiation because the program does not contain any specification.],168757210202.0,7.20371712E+9
,rers,Problem18_prop_021.c,LtlSoftwareModelCheckingC.epf,LtlSoftwareModelCheckingC.xml,ExpectedResult: UNSAFE UltimateResult: EXCEPTION_OR_ERROR   [de.uni_freiburg.informatik.ultimate.plugins.generator.buchiautomizer: OutOfMemoryError: GC overhead limit exceeded],1095710733348.0,7.62052608E+9
,rers,Problem14_prop_011.c,LtlSoftwareModelCheckingC.epf,LtlSoftwareModelCheckingC.xml,ExpectedResult: SAFE UltimateResult: SAFE   [ShortDescription: All specifications hold LongDescription: We were not able to verify any specifiation because the program does not contain any specification.],48105507431.0,7760510976
,rers,Problem19_prop_009.c,LtlSoftwareModelCheckingC.epf,LtlSoftwareModelCheckingC.xml,ExpectedResult: UNSAFE UltimateResult: TIMEOUT   [ShortDescription: Timeout LongDescription: Timeout while trying to prove G(A)],1553127982945.0,7675052032
,rers,Problem18_prop_019.c,LtlSoftwareModelCheckingC.epf,LtlSoftwareModelCheckingC.xml,ExpectedResult: SAFE UltimateResult: TIMEOUT   [ShortDescription: Timeout LongDescription: Timeout while trying to prove ((A U ((B U ((A U ((B U G(A)) || G(B))) || G(A))) || G(B))) || G(A))],1320589304230.0,7.66246912E+9
,rers,Problem17_prop_035.c,LtlSoftwareModelCheckingC.epf,LtlSoftwareModelCheckingC.xml,ExpectedResult: SAFE UltimateResult: SAFE   [ShortDescription: All specifications hold LongDescription: We were not able to verify any specifiation because the program does not contain any specification.],113121806433.0,7635730432
,rers,Problem16_prop_019.c,LtlSoftwareModelCheckingC.epf,LtlSoftwareModelCheckingC.xml,ExpectedResult: UNSAFE UltimateResult: EXCEPTION_OR_ERROR   [de.uni_freiburg.informatik.ultimate.plugins.generator.buchiautomizer: OutOfMemoryError: GC overhead limit exceeded],655423697076.0,7.3269248E+9
,rers,Problem19_prop_026.c,LtlSoftwareModelCheckingC.epf,LtlSoftwareModelCheckingC.xml,ExpectedResult: SAFE UltimateResult: EXCEPTION_OR_ERROR   [de.uni_freiburg.informatik.ultimate.plugins.generator.buchiautomizer: OutOfMemoryError: GC overhead limit exceeded],1279544971694,7635730432
,rers,Problem17_prop_007.c,LtlSoftwareModelCheckingC.epf,LtlSoftwareModelCheckingC.xml,ExpectedResult: SAFE UltimateResult: SAFE   [ShortDescription: All specifications hold LongDescription: We were not able to verify any specifiation because the program does not contain any specification.],384929215666.0,7635730432
,rers,Problem14_prop_024.c,LtlSoftwareModelCheckingC.epf,LtlSoftwareModelCheckingC.xml,ExpectedResult: SAFE UltimateResult: SAFE   [ShortDescription: All specifications hold LongDescription: We were not able to verify any specifiation because the program does not contain any specification.],81782902078.0,8323596288
,rers,Problem14_prop_018.c,LtlSoftwareModelCheckingC.epf,LtlSoftwareModelCheckingC.xml,ExpectedResult: SAFE UltimateResult: SAFE   [ShortDescription: All specifications hold LongDescription: We were not able to verify any specifiation because the program does not contain any specification.],12931592862.0,8445755392
,rers,Problem15_prop_029.c,LtlSoftwareModelCheckingC.epf,LtlSoftwareModelCheckingC.xml,ExpectedResult: UNSAFE UltimateResult: TIMEOUT   [ShortDescription: Timeout LongDescription: Timout or Toolchain cancelled by user],1204812977586.0,7635730432
,rers,Problem18_prop_024.c,LtlSoftwareModelCheckingC.epf,LtlSoftwareModelCheckingC.xml,ExpectedResult: SAFE UltimateResult: SAFE   [ShortDescription: All specifications hold LongDescription: We were not able to verify any specifiation because the program does not contain any specification.],316816852933.0,7833911296
,rers,Problem15_prop_004.c,LtlSoftwareModelCheckingC.epf,LtlSoftwareModelCheckingC.xml,ExpectedResult: UNSAFE UltimateResult: EXCEPTION_OR_ERROR   [de.uni_freiburg.informatik.ultimate.plugins.generator.buchiautomizer: OutOfMemoryError: GC overhead limit exceeded: java.util.HashMap.newKeyIterator(HashMap.java:972)],646464143619.0,7635730432
,rers,Problem17_prop_034.c,LtlSoftwareModelCheckingC.epf,LtlSoftwareModelCheckingC.xml,ExpectedResult: UNSAFE UltimateResult: TIMEOUT   [ShortDescription: Timeout LongDescription: Timeout while trying to prove ((A U ((B U ((A U ((B U G(A)) || G(B))) || G(A))) || G(B))) || G(A))],1281683702639.0,7614234624
,rers,Problem19_prop_015.c,LtlSoftwareModelCheckingC.epf,LtlSoftwareModelCheckingC.xml,ExpectedResult: SAFE UltimateResult: TIMEOUT   [ShortDescription: Timeout LongDescription: Timeout while trying to prove G((!((A && F(B))) || (C U B)))],1578120959540,7635730432
,rers,Problem15_prop_021.c,LtlSoftwareModelCheckingC.epf,LtlSoftwareModelCheckingC.xml,ExpectedResult: UNSAFE UltimateResult: EXCEPTION_OR_ERROR   [de.uni_freiburg.informatik.ultimate.plugins.generator.buchiautomizer: OutOfMemoryError: GC overhead limit exceeded],1165255679324.0,6998720512
,rers,Problem16_prop_023.c,LtlSoftwareModelCheckingC.epf,LtlSoftwareModelCheckingC.xml,ExpectedResult: SAFE UltimateResult: SAFE   [ShortDescription: All specifications hold LongDescription: We were not able to verify any specifiation because the program does not contain any specification.],320843576851.0,7635730432
,rers,Problem16_prop_026.c,LtlSoftwareModelCheckingC.epf,LtlSoftwareModelCheckingC.xml,ExpectedResult: UNSAFE UltimateResult: EXCEPTION_OR_ERROR   [de.uni_freiburg.informatik.ultimate.plugins.generator.buchiautomizer: OutOfMemoryError: GC overhead limit exceeded],744407862154.0,7506755584
,rers,Problem15_prop_028.c,LtlSoftwareModelCheckingC.epf,LtlSoftwareModelCheckingC.xml,ExpectedResult: UNSAFE UltimateResult: TIMEOUT   [ShortDescription: Timeout LongDescription: Timeout while trying to prove ((A U ((B U ((A U ((B U G(A)) || G(B))) || G(A))) || G(B))) || G(A))],1262639462212.0,7635730432
,rers,Problem19_prop_038.c,LtlSoftwareModelCheckingC.epf,LtlSoftwareModelCheckingC.xml,ExpectedResult: UNSAFE UltimateResult: TIMEOUT   [ShortDescription: Timeout LongDescription: Timeout while trying to prove G((A || ((B U C) || G(B))))],1378879969920,7635730432
,rers,Problem17_prop_024.c,LtlSoftwareModelCheckingC.epf,LtlSoftwareModelCheckingC.xml,ExpectedResult: UNSAFE UltimateResult: EXCEPTION_OR_ERROR   [de.uni_freiburg.informatik.ultimate.plugins.generator.buchiautomizer: OutOfMemoryError: Java heap space],3776136036783.0,7.07264512E+9
,rers,Problem19_prop_002.c,LtlSoftwareModelCheckingC.epf,LtlSoftwareModelCheckingC.xml,ExpectedResult: SAFE UltimateResult: TIMEOUT   [ShortDescription: Timeout LongDescription: Timeout while trying to prove G((A || F(B)))],1304914018027.0,7661944832
,rers,Problem14_prop_019.c,LtlSoftwareModelCheckingC.epf,LtlSoftwareModelCheckingC.xml,ExpectedResult: UNSAFE UltimateResult: UNSAFE   Violation of LTL property G((A || F(B))) ,27867818636.0,8477212672
,rers,Problem18_prop_041.c,LtlSoftwareModelCheckingC.epf,LtlSoftwareModelCheckingC.xml,ExpectedResult: UNSAFE UltimateResult: EXCEPTION_OR_ERROR   [de.uni_freiburg.informatik.ultimate.plugins.generator.buchiautomizer: OutOfMemoryError: Java heap space],910436856823.0,7635730432
,rers,Problem14_prop_032.c,LtlSoftwareModelCheckingC.epf,LtlSoftwareModelCheckingC.xml,ExpectedResult: SAFE UltimateResult: SAFE   [ShortDescription: All specifications hold LongDescription: We were not able to verify any specifiation because the program does not contain any specification.],9988261797.0,8460435456
,rers,Problem14_prop_026.c,LtlSoftwareModelCheckingC.epf,LtlSoftwareModelCheckingC.xml,ExpectedResult: SAFE UltimateResult: SAFE   [ShortDescription: All specifications hold LongDescription: We were not able to verify any specifiation because the program does not contain any specification.],218984327912.0,8402763776
,rers,Problem18_prop_042.c,LtlSoftwareModelCheckingC.epf,LtlSoftwareModelCheckingC.xml,ExpectedResult: UNSAFE UltimateResult: EXCEPTION_OR_ERROR   [de.uni_freiburg.informatik.ultimate.plugins.generator.buchiautomizer: OutOfMemoryError: GC overhead limit exceeded],1067168011105.0,7635730432
,rers,Problem15_prop_009.c,LtlSoftwareModelCheckingC.epf,LtlSoftwareModelCheckingC.xml,ExpectedResult: SAFE UltimateResult: SAFE   [ShortDescription: All specifications hold LongDescription: We were not able to verify any specifiation because the program does not contain any specification.],195672968412.0,6405226496
,rers,Problem15_prop_030.c,LtlSoftwareModelCheckingC.epf,LtlSoftwareModelCheckingC.xml,ExpectedResult: UNSAFE UltimateResult: EXCEPTION_OR_ERROR   [de.uni_freiburg.informatik.ultimate.plugins.generator.buchiautomizer: OutOfMemoryError: GC overhead limit exceeded],1252941769225.0,7635730432
,rers,Problem18_prop_003.c,LtlSoftwareModelCheckingC.epf,LtlSoftwareModelCheckingC.xml,ExpectedResult: SAFE UltimateResult: SAFE   [ShortDescription: All specifications hold LongDescription: We were not able to verify any specifiation because the program does not contain any specification.],283913784511.0,7736918016
,rers,Problem16_prop_014.c,LtlSoftwareModelCheckingC.epf,LtlSoftwareModelCheckingC.xml,ExpectedResult: SAFE UltimateResult: SAFE   [ShortDescription: All specifications hold LongDescription: We were not able to verify any specifiation because the program does not contain any specification.],51275849948.0,7351566336
,rers,Problem15_prop_014.c,LtlSoftwareModelCheckingC.epf,LtlSoftwareModelCheckingC.xml,ExpectedResult: SAFE UltimateResult: SAFE   [ShortDescription: All specifications hold LongDescription: We were not able to verify any specifiation because the program does not contain any specification.],216502347405.0,6631718912
,rers,Problem14_prop_012.c,LtlSoftwareModelCheckingC.epf,LtlSoftwareModelCheckingC.xml,ExpectedResult: SAFE UltimateResult: SAFE   [ShortDescription: All specifications hold LongDescription: We were not able to verify any specifiation because the program does not contain any specification.],13665363235.0,7745830912
,rers,Problem14_prop_040.c,LtlSoftwareModelCheckingC.epf,LtlSoftwareModelCheckingC.xml,ExpectedResult: UNSAFE UltimateResult: UNSAFE   Violation of LTL property ((A U B) || G(A)) ,122936657112.0,8305770496
,rers,Problem18_prop_045.c,LtlSoftwareModelCheckingC.epf,LtlSoftwareModelCheckingC.xml,ExpectedResult: UNSAFE UltimateResult: TIMEOUT   [ShortDescription: Timeout LongDescription: Timeout while trying to prove G((A || ((B U C) || G(B))))],1278569173959.0,7884767232
,rers,Problem16_prop_029.c,LtlSoftwareModelCheckingC.epf,LtlSoftwareModelCheckingC.xml,ExpectedResult: UNSAFE UltimateResult: EXCEPTION_OR_ERROR   [de.uni_freiburg.informatik.ultimate.plugins.generator.buchiautomizer: OutOfMemoryError: GC overhead limit exceeded],1163419682684.0,7364673536
,rers,Problem17_prop_018.c,LtlSoftwareModelCheckingC.epf,LtlSoftwareModelCheckingC.xml,ExpectedResult: SAFE UltimateResult: SAFE   [ShortDescription: All specifications hold LongDescription: We were not able to verify any specifiation because the program does not contain any specification.],115367560459.0,6854541312
,rers,Problem15_prop_013.c,LtlSoftwareModelCheckingC.epf,LtlSoftwareModelCheckingC.xml,ExpectedResult: UNSAFE UltimateResult: EXCEPTION_OR_ERROR   [de.uni_freiburg.informatik.ultimate.plugins.generator.buchiautomizer: OutOfMemoryError: Java heap space],3577913534034.0,6606553088
,rers,Problem17_prop_040.c,LtlSoftwareModelCheckingC.epf,LtlSoftwareModelCheckingC.xml,ExpectedResult: UNSAFE UltimateResult: TIMEOUT   [ShortDescription: Timeout LongDescription: Timeout while trying to prove (G(A) || F((B && F(C))))],1219122796739.0,7635730432
,rers,Problem19_prop_023.c,LtlSoftwareModelCheckingC.epf,LtlSoftwareModelCheckingC.xml,ExpectedResult: UNSAFE UltimateResult: EXCEPTION_OR_ERROR   [de.uni_freiburg.informatik.ultimate.plugins.generator.buchiautomizer: OutOfMemoryError: GC overhead limit exceeded],645454697594.0,7441743872
,rers,Problem16_prop_017.c,LtlSoftwareModelCheckingC.epf,LtlSoftwareModelCheckingC.xml,ExpectedResult: UNSAFE UltimateResult: EXCEPTION_OR_ERROR   [de.uni_freiburg.informatik.ultimate.plugins.generator.buchiautomizer: OutOfMemoryError: GC overhead limit exceeded],759652518454.0,7.7594624E+9
,rers,Problem19_prop_018.c,LtlSoftwareModelCheckingC.epf,LtlSoftwareModelCheckingC.xml,ExpectedResult: UNSAFE UltimateResult: TIMEOUT   [ShortDescription: Timeout LongDescription: Timeout while trying to prove G((A || F(B)))],1206563494549.0,7635730432
,rers,Problem18_prop_012.c,LtlSoftwareModelCheckingC.epf,LtlSoftwareModelCheckingC.xml,ExpectedResult: UNSAFE UltimateResult: TIMEOUT   [ShortDescription: Timeout LongDescription: Timeout while trying to prove (!(F(A)) || (B U (A || (C U (A || (B U (A || (C U (A || (D U A))))))))))],1214166875879.0,7817658368
,rers,Problem14_prop_000.c,LtlSoftwareModelCheckingC.epf,LtlSoftwareModelCheckingC.xml,ExpectedResult: SAFE UltimateResult: SAFE   [ShortDescription: All specifications hold LongDescription: We were not able to verify any specifiation because the program does not contain any specification.],17977750663,1497890816
,rers,Problem14_prop_017.c,LtlSoftwareModelCheckingC.epf,LtlSoftwareModelCheckingC.xml,ExpectedResult: UNSAFE UltimateResult: UNSAFE   Violation of LTL property ((A U B) || G(A)) ,18674280318.0,8241283072
,rers,Problem14_prop_005.c,LtlSoftwareModelCheckingC.epf,LtlSoftwareModelCheckingC.xml,ExpectedResult: UNSAFE UltimateResult: NO_RESULT   NO_RESULT,121895250204.0,8462532608
,rers,Problem16_prop_001.c,LtlSoftwareModelCheckingC.epf,LtlSoftwareModelCheckingC.xml,ExpectedResult: SAFE UltimateResult: EXCEPTION_OR_ERROR   [de.uni_freiburg.informatik.ultimate.plugins.generator.buchiautomizer: OutOfMemoryError: GC overhead limit exceeded],645145877269.0,7235698688
,rers,Problem16_prop_020.c,LtlSoftwareModelCheckingC.epf,LtlSoftwareModelCheckingC.xml,ExpectedResult: SAFE UltimateResult: EXCEPTION_OR_ERROR   [de.uni_freiburg.informatik.ultimate.plugins.generator.buchiautomizer: OutOfMemoryError: GC overhead limit exceeded],941507177243.0,7451705344
,rers,Problem18_prop_048.c,LtlSoftwareModelCheckingC.epf,LtlSoftwareModelCheckingC.xml,ExpectedResult: SAFE UltimateResult: TIMEOUT   [ShortDescription: Timeout LongDescription: Timeout while trying to prove G((A || ((B U C) || G(B))))],1201647722905.0,7662993408
,rers,Problem15_prop_042.c,LtlSoftwareModelCheckingC.epf,LtlSoftwareModelCheckingC.xml,ExpectedResult: SAFE UltimateResult: SAFE   [ShortDescription: All specifications hold LongDescription: We were not able to verify any specifiation because the program does not contain any specification.],736621368178.0,7635730432
,rers,Problem14_prop_022.c,LtlSoftwareModelCheckingC.epf,LtlSoftwareModelCheckingC.xml,ExpectedResult: UNSAFE UltimateResult: TIMEOUT   [ShortDescription: Timeout LongDescription: Timout or Toolchain cancelled by user],1238388318479.0,8254390272
,rers,Problem17_prop_014.c,LtlSoftwareModelCheckingC.epf,LtlSoftwareModelCheckingC.xml,ExpectedResult: UNSAFE UltimateResult: EXCEPTION_OR_ERROR   [de.uni_freiburg.informatik.ultimate.plugins.generator.buchiautomizer: OutOfMemoryError: GC overhead limit exceeded],757958911041.0,7569145856
,rers,Problem18_prop_031.c,LtlSoftwareModelCheckingC.epf,LtlSoftwareModelCheckingC.xml,ExpectedResult: SAFE UltimateResult: TIMEOUT   [ShortDescription: Timeout LongDescription: Timeout while trying to prove G((A || ((B U C) || G(B))))],1218297338756.0,7947681792
,rers,Problem17_prop_043.c,LtlSoftwareModelCheckingC.epf,LtlSoftwareModelCheckingC.xml,ExpectedResult: UNSAFE UltimateResult: EXCEPTION_OR_ERROR   [de.uni_freiburg.informatik.ultimate.plugins.generator.buchiautomizer: OutOfMemoryError: Java heap space],471921676601.0,7551320064
,rers,Problem19_prop_020.c,LtlSoftwareModelCheckingC.epf,LtlSoftwareModelCheckingC.xml,ExpectedResult: SAFE UltimateResult: EXCEPTION_OR_ERROR   [de.uni_freiburg.informatik.ultimate.plugins.generator.buchiautomizer: OutOfMemoryError: Java heap space],665609983977.0,7820804096
,rers,Problem18_prop_040.c,LtlSoftwareModelCheckingC.epf,LtlSoftwareModelCheckingC.xml,ExpectedResult: SAFE UltimateResult: SAFE   [ShortDescription: All specifications hold LongDescription: We were not able to verify any specifiation because the program does not contain any specification.],847825451232.0,8128561152
,rers,Problem19_prop_033.c,LtlSoftwareModelCheckingC.epf,LtlSoftwareModelCheckingC.xml,ExpectedResult: UNSAFE UltimateResult: TIMEOUT   [ShortDescription: Timeout LongDescription: Timeout while trying to prove G((!((A && F(B))) || (C U B)))],1331122254427.0,7816609792
,rers,Problem19_prop_008.c,LtlSoftwareModelCheckingC.epf,LtlSoftwareModelCheckingC.xml,ExpectedResult: SAFE UltimateResult: TIMEOUT   [ShortDescription: Timeout LongDescription: Timeout while trying to prove G(A)],1223058490715.0,7.69916928E+9
,rers,Problem16_prop_028.c,LtlSoftwareModelCheckingC.epf,LtlSoftwareModelCheckingC.xml,ExpectedResult: UNSAFE UltimateResult: UNSAFE   Violation of LTL property ((A U B) || G(A)) ,139265874727.0,7446462464
,rers,Problem17_prop_011.c,LtlSoftwareModelCheckingC.epf,LtlSoftwareModelCheckingC.xml,ExpectedResult: SAFE UltimateResult: SAFE   [ShortDescription: All specifications hold LongDescription: We were not able to verify any specifiation because the program does not contain any specification.],22926879426.0,7040139264
,rers,Problem15_prop_008.c,LtlSoftwareModelCheckingC.epf,LtlSoftwareModelCheckingC.xml,ExpectedResult: SAFE UltimateResult: SAFE   [ShortDescription: All specifications hold LongDescription: We were not able to verify any specifiation because the program does not contain any specification.],107253505907.0,6859784192
,rers,Problem16_prop_027.c,LtlSoftwareModelCheckingC.epf,LtlSoftwareModelCheckingC.xml,ExpectedResult: UNSAFE UltimateResult: EXCEPTION_OR_ERROR   [de.uni_freiburg.informatik.ultimate.plugins.generator.buchiautomizer: OutOfMemoryError: GC overhead limit exceeded],825765504409.0,7446462464
,rers,Problem17_prop_004.c,LtlSoftwareModelCheckingC.epf,LtlSoftwareModelCheckingC.xml,ExpectedResult: UNSAFE UltimateResult: EXCEPTION_OR_ERROR   [de.uni_freiburg.informatik.ultimate.plugins.generator.buchiautomizer: OutOfMemoryError: GC overhead limit exceeded],653615209142.0,7267155968
,rers,Problem17_prop_017.c,LtlSoftwareModelCheckingC.epf,LtlSoftwareModelCheckingC.xml,ExpectedResult: SAFE UltimateResult: SAFE   [ShortDescription: All specifications hold LongDescription: We were not able to verify any specifiation because the program does not contain any specification.],68351949431.0,7.17750272E+9
,rers,Problem15_prop_041.c,LtlSoftwareModelCheckingC.epf,LtlSoftwareModelCheckingC.xml,ExpectedResult: UNSAFE UltimateResult: TIMEOUT   [ShortDescription: Timeout LongDescription: Timeout while trying to prove G((A || G(B)))],1200078813379.0,7635730432
,rers,Problem19_prop_021.c,LtlSoftwareModelCheckingC.epf,LtlSoftwareModelCheckingC.xml,ExpectedResult: SAFE UltimateResult: TIMEOUT   [ShortDescription: Timeout LongDescription: Timeout while trying to prove G(A)],1200094585748.0,7635730432
,rers,Problem17_prop_039.c,LtlSoftwareModelCheckingC.epf,LtlSoftwareModelCheckingC.xml,ExpectedResult: UNSAFE UltimateResult: TIMEOUT   [ShortDescription: Timeout LongDescription: Timeout while trying to prove G((A || (B U C)))],1523929910984.0,7635730432
,rers,Problem18_prop_014.c,LtlSoftwareModelCheckingC.epf,LtlSoftwareModelCheckingC.xml,ExpectedResult: UNSAFE UltimateResult: TIMEOUT   [ShortDescription: Timeout LongDescription: Timeout while trying to prove (!(F(A)) || (B U C))],1205065754610.0,7610564608
,rers,Problem15_prop_003.c,LtlSoftwareModelCheckingC.epf,LtlSoftwareModelCheckingC.xml,ExpectedResult: SAFE UltimateResult: SAFE   [ShortDescription: All specifications hold LongDescription: We were not able to verify any specifiation because the program does not contain any specification.],90542455693.0,7804551168
,rers,Problem16_prop_003.c,LtlSoftwareModelCheckingC.epf,LtlSoftwareModelCheckingC.xml,ExpectedResult: SAFE UltimateResult: EXCEPTION_OR_ERROR   [de.uni_freiburg.informatik.ultimate.plugins.generator.buchiautomizer: OutOfMemoryError: GC overhead limit exceeded],640998740318.0,7191134208
,rers,Problem19_prop_006.c,LtlSoftwareModelCheckingC.epf,LtlSoftwareModelCheckingC.xml,ExpectedResult: SAFE UltimateResult: TIMEOUT   [ShortDescription: Timeout LongDescription: Timeout while trying to prove (!(F(A)) || (B U C))],1199995522890.0,7793016832
,rers,Problem16_prop_022.c,LtlSoftwareModelCheckingC.epf,LtlSoftwareModelCheckingC.xml,ExpectedResult: UNSAFE UltimateResult: TIMEOUT   [ShortDescription: Timeout LongDescription: Timout or Toolchain cancelled by user],1212744164503.0,7635730432
,rers,Problem15_prop_046.c,LtlSoftwareModelCheckingC.epf,LtlSoftwareModelCheckingC.xml,ExpectedResult: SAFE UltimateResult: SAFE   [ShortDescription: All specifications hold LongDescription: We were not able to verify any specifiation because the program does not contain any specification.],40031953958.0,6.92322304E+9
,rers,Problem19_prop_031.c,LtlSoftwareModelCheckingC.epf,LtlSoftwareModelCheckingC.xml,ExpectedResult: SAFE UltimateResult: TIMEOUT   [ShortDescription: Timeout LongDescription: Timeout while trying to prove G((A || ((B U C) || G(B))))],1503503152703.0,7.80402688E+9
,rers,Problem17_prop_042.c,LtlSoftwareModelCheckingC.epf,LtlSoftwareModelCheckingC.xml,ExpectedResult: UNSAFE UltimateResult: EXCEPTION_OR_ERROR   [de.uni_freiburg.informatik.ultimate.plugins.generator.buchiautomizer: OutOfMemoryError: GC overhead limit exceeded],691434519157.0,7551320064
,rers,Problem15_prop_010.c,LtlSoftwareModelCheckingC.epf,LtlSoftwareModelCheckingC.xml,ExpectedResult: SAFE UltimateResult: SAFE   [ShortDescription: All specifications hold LongDescription: We were not able to verify any specifiation because the program does not contain any specification.],78336765198.0,6294601728
,rers,Problem17_prop_002.c,LtlSoftwareModelCheckingC.epf,LtlSoftwareModelCheckingC.xml,ExpectedResult: SAFE UltimateResult: SAFE   [ShortDescription: All specifications hold LongDescription: We were not able to verify any specifiation because the program does not contain any specification.],871856992984.0,7635730432
,rers,Problem19_prop_024.c,LtlSoftwareModelCheckingC.epf,LtlSoftwareModelCheckingC.xml,ExpectedResult: UNSAFE UltimateResult: EXCEPTION_OR_ERROR   [de.uni_freiburg.informatik.ultimate.plugins.generator.buchiautomizer: OutOfMemoryError: GC overhead limit exceeded],902558062822.0,7635206144
,rers,Problem19_prop_043.c,LtlSoftwareModelCheckingC.epf,LtlSoftwareModelCheckingC.xml,ExpectedResult: UNSAFE UltimateResult: TIMEOUT   [ShortDescription: Timeout LongDescription: Timeout while trying to prove ((A U B) || G(A))],1265319004915.0,7700742144
,rers,Problem14_prop_028.c,LtlSoftwareModelCheckingC.epf,LtlSoftwareModelCheckingC.xml,ExpectedResult: UNSAFE UltimateResult: UNSAFE   Violation of LTL property ((A U ((B U ((A U ((B U G(A)) || G(B))) || G(A))) || G(B))) || G(A)) ,195063609682.0,8442609664
,rers,Problem14_prop_031.c,LtlSoftwareModelCheckingC.epf,LtlSoftwareModelCheckingC.xml,ExpectedResult: SAFE UltimateResult: SAFE   [ShortDescription: All specifications hold LongDescription: We were not able to verify any specifiation because the program does not contain any specification.],80249893452.0,8437366784
,rers,Problem18_prop_004.c,LtlSoftwareModelCheckingC.epf,LtlSoftwareModelCheckingC.xml,ExpectedResult: SAFE UltimateResult: SAFE   [ShortDescription: All specifications hold LongDescription: We were not able to verify any specifiation because the program does not contain any specification.],379096804902.0,7530348544
,rers,Problem19_prop_042.c,LtlSoftwareModelCheckingC.epf,LtlSoftwareModelCheckingC.xml,ExpectedResult: SAFE UltimateResult: TIMEOUT   [ShortDescription: Timeout LongDescription: Timeout while trying to prove G((!((A && F(B))) || (C U B)))],1202848869119.0,7.67033344E+9
,rers,Problem19_prop_044.c,LtlSoftwareModelCheckingC.epf,LtlSoftwareModelCheckingC.xml,ExpectedResult: SAFE UltimateResult: EXCEPTION_OR_ERROR   [de.uni_freiburg.informatik.ultimate.plugins.generator.buchiautomizer: OutOfMemoryError: GC overhead limit exceeded],1020480631250.0,7689207808
,rers,Problem15_prop_007.c,LtlSoftwareModelCheckingC.epf,LtlSoftwareModelCheckingC.xml,ExpectedResult: UNSAFE UltimateResult: EXCEPTION_OR_ERROR   [de.uni_freiburg.informatik.ultimate.plugins.generator.buchiautomizer: OutOfMemoryError: GC overhead limit exceeded: java.util.HashSet.<init>(HashSet.java:116)],1123332947366.0,7635730432
,rers,Problem14_prop_009.c,LtlSoftwareModelCheckingC.epf,LtlSoftwareModelCheckingC.xml,ExpectedResult: UNSAFE UltimateResult: UNSAFE   Violation of LTL property G((!((A && F(B))) || (C U B))) ,132252027155.0,7.73062656E+9
,rers,Problem14_prop_023.c,LtlSoftwareModelCheckingC.epf,LtlSoftwareModelCheckingC.xml,ExpectedResult: SAFE UltimateResult: SAFE   [ShortDescription: All specifications hold LongDescription: We were not able to verify any specifiation because the program does not contain any specification.],60008191408.0,8293187584
,rers,Problem18_prop_001.c,LtlSoftwareModelCheckingC.epf,LtlSoftwareModelCheckingC.xml,ExpectedResult: SAFE UltimateResult: TIMEOUT   [ShortDescription: Timeout LongDescription: Timeout while trying to prove G((A || G(B)))],1261578278247.0,7915700224
,rers,Problem16_prop_033.c,LtlSoftwareModelCheckingC.epf,LtlSoftwareModelCheckingC.xml,ExpectedResult: SAFE UltimateResult: SAFE   [ShortDescription: All specifications hold LongDescription: We were not able to verify any specifiation because the program does not contain any specification.],303776249664.0,7377780736
,rers,Problem16_prop_045.c,LtlSoftwareModelCheckingC.epf,LtlSoftwareModelCheckingC.xml,ExpectedResult: SAFE UltimateResult: EXCEPTION_OR_ERROR   [de.uni_freiburg.informatik.ultimate.plugins.generator.buchiautomizer: OutOfMemoryError: GC overhead limit exceeded],686636919582.0,7406092288


################################# Summary #######################
Safe: 98
Unsafe: 27
Timeout: 89
Error: 86
Expected Safe: 152
Expected Unsafe: 148
Total: 300
CSV conversion gone wrong: 0

################################# Latex #######################
\newcommand{\headcolor}{}
\newcommand{\header}[1]{\parbox{2.8em}{\centering #1}\headcolor}
\newcommand{\folder}[1]{\parbox{5em}{#1}}
\begin{table}
\centering
\resizebox{\linewidth}{!}{%
\begin{tabu} to \linewidth {lcllcrr}
\toprule
  \header{}& 
  \header{\#}&
  \header{Result}&
  \header{Variant}& 
  \header{Count}&
  \header{Avg. runtime}&
  \header{Mem{-}ory}\\
  \cmidrule(r){2-7}
\multirow{4}{*}{\folder{rers}} &
\multirow{1}{*}{148} &
\multirow{1}{*}{\folder{Unsafe}} 
 & LtlSoftwareModelCheckingC.epf & 27 & 256.61 s & 7712.33 MB\\
  \cmidrule[0.01em](l){2-7}
& \multirow{1}{*}{152} &
\multirow{1}{*}{\folder{Safe}} 
 & LtlSoftwareModelCheckingC.epf & 98 & 188.43 s & 7128.05 MB\\
  \cmidrule[0.01em](l){2-7}
& \multirow{1}{*}{300} &
\multirow{1}{*}{\folder{Completed}} 
 & LtlSoftwareModelCheckingC.epf & 125 & 203.16 s & 7254.26 MB\\
  \cmidrule[0.01em](l){2-7}
& & \multirow{1}{*}{\folder{Timeout}} 
 & LtlSoftwareModelCheckingC.epf & 89 & 1377.47 s & 7406.26 MB\\
\bottomrule
& & & & & & \\
\end{tabu}}
\caption{Results for LtlSoftwareModelCheckingC.xml.}
\end{table}