2015-02-12_23-17-08-787 First run of IncrementalLogWithVMParameters
	Parameters: heapMaxSize=7.6 GB
	Test Suite Parameters: Timeout=1200 s
2015-02-12_23-17-08-789 ### 1/53 ### Starting test for Input:LTL/bugs/Bug_AssumeFalse.c Settings:settings/LtlAutomizerC.epf Toolchain:toolchains/LTLAutomizerC.xml
2015-02-12_23-17-10-075 Finishing test with SUCCESS for Input:LTL/bugs/Bug_AssumeFalse.c Settings:settings/LtlAutomizerC.epf Toolchain:toolchains/LTLAutomizerC.xml: SAFE(Expected:SAFE): ExpectedResult: SAFE UltimateResult: SAFE   [ShortDescription: All specifications hold LongDescription: We were not able to verify any specifiation because the program does not contain any specification.]
2015-02-12_23-17-10-299 ### 2/53 ### Starting test for Input:LTL/bugs/Bug_DNF.c Settings:settings/LtlAutomizerC.epf Toolchain:toolchains/LTLAutomizerC.xml
2015-02-12_23-17-12-517 Finishing test with SUCCESS for Input:LTL/bugs/Bug_DNF.c Settings:settings/LtlAutomizerC.epf Toolchain:toolchains/LTLAutomizerC.xml: SAFE(Expected:SAFE): ExpectedResult: SAFE UltimateResult: SAFE   [ShortDescription: All specifications hold LongDescription: We were not able to verify any specifiation because the program does not contain any specification.]
2015-02-12_23-17-12-672 ### 3/53 ### Starting test for Input:LTL/bugs/Bug_GloballyNegatedAp.c Settings:settings/LtlAutomizerC.epf Toolchain:toolchains/LTLAutomizerC.xml
2015-02-12_23-17-12-812 Finishing test with SUCCESS for Input:LTL/bugs/Bug_GloballyNegatedAp.c Settings:settings/LtlAutomizerC.epf Toolchain:toolchains/LTLAutomizerC.xml: SAFE(Expected:SAFE): ExpectedResult: SAFE UltimateResult: SAFE   [ShortDescription: All specifications hold LongDescription: We were not able to verify any specifiation because the program does not contain any specification.]
2015-02-12_23-17-12-985 ### 4/53 ### Starting test for Input:LTL/bugs/Bug_LtlExtractorGreater.c Settings:settings/LtlAutomizerC.epf Toolchain:toolchains/LTLAutomizerC.xml
2015-02-12_23-17-13-073 Finishing test with SUCCESS for Input:LTL/bugs/Bug_LtlExtractorGreater.c Settings:settings/LtlAutomizerC.epf Toolchain:toolchains/LTLAutomizerC.xml: SAFE(Expected:SAFE): ExpectedResult: SAFE UltimateResult: SAFE   [ShortDescription: All specifications hold LongDescription: We were not able to verify any specifiation because the program does not contain any specification.]
2015-02-12_23-17-13-282 ### 5/53 ### Starting test for Input:LTL/bugs/Bug_LtlExtractorTerm.c Settings:settings/LtlAutomizerC.epf Toolchain:toolchains/LTLAutomizerC.xml
2015-02-12_23-17-13-379 Finishing test with SUCCESS for Input:LTL/bugs/Bug_LtlExtractorTerm.c Settings:settings/LtlAutomizerC.epf Toolchain:toolchains/LTLAutomizerC.xml: SAFE(Expected:SAFE): ExpectedResult: SAFE UltimateResult: SAFE   [ShortDescription: All specifications hold LongDescription: We were not able to verify any specifiation because the program does not contain any specification.]
2015-02-12_23-17-13-514 ### 6/53 ### Starting test for Input:LTL/bugs/Bug_LtlExtractorUnaryMinus.c Settings:settings/LtlAutomizerC.epf Toolchain:toolchains/LTLAutomizerC.xml
2015-02-12_23-17-13-603 Finishing test with SUCCESS for Input:LTL/bugs/Bug_LtlExtractorUnaryMinus.c Settings:settings/LtlAutomizerC.epf Toolchain:toolchains/LTLAutomizerC.xml: SAFE(Expected:SAFE): ExpectedResult: SAFE UltimateResult: SAFE   [ShortDescription: All specifications hold LongDescription: We were not able to verify any specifiation because the program does not contain any specification.]
2015-02-12_23-17-13-744 ### 7/53 ### Starting test for Input:LTL/bugs/Bug_NoLoopAtEndForTerminatingPrograms_safe.c Settings:settings/LtlAutomizerC.epf Toolchain:toolchains/LTLAutomizerC.xml
2015-02-12_23-17-13-961 Finishing test with SUCCESS for Input:LTL/bugs/Bug_NoLoopAtEndForTerminatingPrograms_safe.c Settings:settings/LtlAutomizerC.epf Toolchain:toolchains/LTLAutomizerC.xml: SAFE(Expected:SAFE): ExpectedResult: SAFE UltimateResult: SAFE   [ShortDescription: All specifications hold LongDescription: We were not able to verify any specifiation because the program does not contain any specification.]
2015-02-12_23-17-14-108 ### 8/53 ### Starting test for Input:LTL/bugs/Bug_NoLoopAtEndForTerminatingPrograms_unsafe.c Settings:settings/LtlAutomizerC.epf Toolchain:toolchains/LTLAutomizerC.xml
2015-02-12_23-17-14-411 Finishing test with SUCCESS for Input:LTL/bugs/Bug_NoLoopAtEndForTerminatingPrograms_unsafe.c Settings:settings/LtlAutomizerC.epf Toolchain:toolchains/LTLAutomizerC.xml: UNSAFE(Expected:UNSAFE): ExpectedResult: UNSAFE UltimateResult: UNSAFE   Violation of LTL property F(A) 
2015-02-12_23-17-14-585 ### 9/53 ### Starting test for Input:LTL/bugs/Bug_ProcedureDNF.c Settings:settings/LtlAutomizerC.epf Toolchain:toolchains/LTLAutomizerC.xml
2015-02-12_23-17-15-129 Finishing test with SUCCESS for Input:LTL/bugs/Bug_ProcedureDNF.c Settings:settings/LtlAutomizerC.epf Toolchain:toolchains/LTLAutomizerC.xml: SAFE(Expected:SAFE): ExpectedResult: SAFE UltimateResult: SAFE   [ShortDescription: All specifications hold LongDescription: We were not able to verify any specifiation because the program does not contain any specification.]
2015-02-12_23-17-15-408 ### 10/53 ### Starting test for Input:LTL/bugs/Bug_ProcedureHandling.c Settings:settings/LtlAutomizerC.epf Toolchain:toolchains/LTLAutomizerC.xml
2015-02-12_23-17-17-558 Finishing test with SUCCESS for Input:LTL/bugs/Bug_ProcedureHandling.c Settings:settings/LtlAutomizerC.epf Toolchain:toolchains/LTLAutomizerC.xml: UNSAFE(Expected:UNSAFE): ExpectedResult: UNSAFE UltimateResult: UNSAFE   Violation of LTL property (A || G(B)) 
2015-02-12_23-17-17-818 ### 11/53 ### Starting test for Input:LTL/bugs/Simple_ex1.c Settings:settings/LtlAutomizerC.epf Toolchain:toolchains/LTLAutomizerC.xml
2015-02-12_23-17-17-965 Finishing test with SUCCESS for Input:LTL/bugs/Simple_ex1.c Settings:settings/LtlAutomizerC.epf Toolchain:toolchains/LTLAutomizerC.xml: SAFE(Expected:SAFE): ExpectedResult: SAFE UltimateResult: SAFE   [ShortDescription: All specifications hold LongDescription: We were not able to verify any specifiation because the program does not contain any specification.]
2015-02-12_23-17-18-136 ### 12/53 ### Starting test for Input:LTL/coolant/coolant_basis_1_neg.c Settings:settings/LtlAutomizerC.epf Toolchain:toolchains/LTLAutomizerC.xml
2015-02-12_23-17-21-735 Finishing test with SUCCESS for Input:LTL/coolant/coolant_basis_1_neg.c Settings:settings/LtlAutomizerC.epf Toolchain:toolchains/LTLAutomizerC.xml: UNSAFE(Expected:UNSAFE): ExpectedResult: UNSAFE UltimateResult: UNSAFE   Violation of LTL property !(G((A ==> G(A)))) 
2015-02-12_23-17-22-030 ### 13/53 ### Starting test for Input:LTL/coolant/coolant_basis_1_safe_sfty.c Settings:settings/LtlAutomizerC.epf Toolchain:toolchains/LTLAutomizerC.xml
2015-02-12_23-17-22-284 Finishing test with SUCCESS for Input:LTL/coolant/coolant_basis_1_safe_sfty.c Settings:settings/LtlAutomizerC.epf Toolchain:toolchains/LTLAutomizerC.xml: SAFE(Expected:SAFE): ExpectedResult: SAFE UltimateResult: SAFE   [ShortDescription: All specifications hold LongDescription: We were not able to verify any specifiation because the program does not contain any specification.]
2015-02-12_23-17-22-494 ### 14/53 ### Starting test for Input:LTL/coolant/coolant_basis_1_unsafe_sfty.c Settings:settings/LtlAutomizerC.epf Toolchain:toolchains/LTLAutomizerC.xml
2015-02-12_23-17-24-198 Finishing test with SUCCESS for Input:LTL/coolant/coolant_basis_1_unsafe_sfty.c Settings:settings/LtlAutomizerC.epf Toolchain:toolchains/LTLAutomizerC.xml: UNSAFE(Expected:UNSAFE): ExpectedResult: UNSAFE UltimateResult: UNSAFE   Violation of LTL property !(G((A ==> G(A)))) 
2015-02-12_23-17-24-555 ### 15/53 ### Starting test for Input:LTL/coolant/coolant_basis_2_neg.c Settings:settings/LtlAutomizerC.epf Toolchain:toolchains/LTLAutomizerC.xml
2015-02-12_23-17-28-253 Finishing test with SUCCESS for Input:LTL/coolant/coolant_basis_2_neg.c Settings:settings/LtlAutomizerC.epf Toolchain:toolchains/LTLAutomizerC.xml: UNSAFE(Expected:UNSAFE): ExpectedResult: UNSAFE UltimateResult: UNSAFE   Violation of LTL property !(G(F(A))) 
2015-02-12_23-17-28-562 ### 16/53 ### Starting test for Input:LTL/coolant/coolant_basis_2_safe_liveness.c Settings:settings/LtlAutomizerC.epf Toolchain:toolchains/LTLAutomizerC.xml
2015-02-12_23-17-30-816 Finishing test with SUCCESS for Input:LTL/coolant/coolant_basis_2_safe_liveness.c Settings:settings/LtlAutomizerC.epf Toolchain:toolchains/LTLAutomizerC.xml: SAFE(Expected:SAFE): ExpectedResult: SAFE UltimateResult: SAFE   [ShortDescription: All specifications hold LongDescription: We were not able to verify any specifiation because the program does not contain any specification.]
2015-02-12_23-17-31-118 ### 17/53 ### Starting test for Input:LTL/coolant/coolant_basis_2_unsafe_liveness.c Settings:settings/LtlAutomizerC.epf Toolchain:toolchains/LTLAutomizerC.xml
2015-02-12_23-45-42-776 Finishing test with UNKNOWN for Input:LTL/coolant/coolant_basis_2_unsafe_liveness.c Settings:settings/LtlAutomizerC.epf Toolchain:toolchains/LTLAutomizerC.xml: TIMEOUT(Expected:UNSAFE): ExpectedResult: UNSAFE UltimateResult: TIMEOUT   [ShortDescription: Timeout LongDescription: Timeout while trying to prove G(F(A))]
2015-02-12_23-45-43-088 ### 18/53 ### Starting test for Input:LTL/coolant/coolant_basis_3_safe_sftyliveness.c Settings:settings/LtlAutomizerC.epf Toolchain:toolchains/LTLAutomizerC.xml
2015-02-12_23-45-43-244 Finishing test with SUCCESS for Input:LTL/coolant/coolant_basis_3_safe_sftyliveness.c Settings:settings/LtlAutomizerC.epf Toolchain:toolchains/LTLAutomizerC.xml: SAFE(Expected:SAFE): ExpectedResult: SAFE UltimateResult: SAFE   [ShortDescription: All specifications hold LongDescription: We were not able to verify any specifiation because the program does not contain any specification.]
2015-02-12_23-45-43-503 ### 19/53 ### Starting test for Input:LTL/coolant/coolant_basis_3_unsafe_sftyliveness.c Settings:settings/LtlAutomizerC.epf Toolchain:toolchains/LTLAutomizerC.xml
2015-02-12_23-45-43-800 Finishing test with SUCCESS for Input:LTL/coolant/coolant_basis_3_unsafe_sftyliveness.c Settings:settings/LtlAutomizerC.epf Toolchain:toolchains/LTLAutomizerC.xml: UNSAFE(Expected:UNSAFE): ExpectedResult: UNSAFE UltimateResult: UNSAFE   Violation of LTL property G((A || G(F(B)))) 
2015-02-12_23-45-44-042 ### 20/53 ### Starting test for Input:LTL/coolant/coolant_basis_4_1_unsafe_sftyliveness.c Settings:settings/LtlAutomizerC.epf Toolchain:toolchains/LTLAutomizerC.xml
2015-02-12_23-45-44-597 Finishing test with SUCCESS for Input:LTL/coolant/coolant_basis_4_1_unsafe_sftyliveness.c Settings:settings/LtlAutomizerC.epf Toolchain:toolchains/LTLAutomizerC.xml: UNSAFE(Expected:UNSAFE): ExpectedResult: UNSAFE UltimateResult: UNSAFE   Violation of LTL property G((A || (B || F(G(C))))) 
2015-02-12_23-45-44-832 ### 21/53 ### Starting test for Input:LTL/coolant/coolant_basis_4_2_unsafe_sftyliveness.c Settings:settings/LtlAutomizerC.epf Toolchain:toolchains/LTLAutomizerC.xml
2015-02-12_23-45-48-168 Finishing test with SUCCESS for Input:LTL/coolant/coolant_basis_4_2_unsafe_sftyliveness.c Settings:settings/LtlAutomizerC.epf Toolchain:toolchains/LTLAutomizerC.xml: UNSAFE(Expected:UNSAFE): ExpectedResult: UNSAFE UltimateResult: UNSAFE   Violation of LTL property G((A || (B || F(G(C))))) 
2015-02-12_23-45-48-452 ### 22/53 ### Starting test for Input:LTL/coolant/coolant_basis_4_neg.c Settings:settings/LtlAutomizerC.epf Toolchain:toolchains/LTLAutomizerC.xml
2015-02-12_23-45-48-735 Finishing test with SUCCESS for Input:LTL/coolant/coolant_basis_4_neg.c Settings:settings/LtlAutomizerC.epf Toolchain:toolchains/LTLAutomizerC.xml: UNSAFE(Expected:UNSAFE): ExpectedResult: UNSAFE UltimateResult: UNSAFE   Violation of LTL property !(G((A || (B || F(G(C)))))) 
2015-02-12_23-45-48-972 ### 23/53 ### Starting test for Input:LTL/coolant/coolant_basis_4_safe_sftyliveness.c Settings:settings/LtlAutomizerC.epf Toolchain:toolchains/LTLAutomizerC.xml
2015-02-12_23-45-49-267 Finishing test with SUCCESS for Input:LTL/coolant/coolant_basis_4_safe_sftyliveness.c Settings:settings/LtlAutomizerC.epf Toolchain:toolchains/LTLAutomizerC.xml: SAFE(Expected:SAFE): ExpectedResult: SAFE UltimateResult: SAFE   [ShortDescription: All specifications hold LongDescription: We were not able to verify any specifiation because the program does not contain any specification.]
2015-02-12_23-45-49-518 ### 24/53 ### Starting test for Input:LTL/coolant/coolant_basis_4_unsafe_sftyliveness.c Settings:settings/LtlAutomizerC.epf Toolchain:toolchains/LTLAutomizerC.xml
2015-02-13_00-05-49-611 Finishing test with UNKNOWN for Input:LTL/coolant/coolant_basis_4_unsafe_sftyliveness.c Settings:settings/LtlAutomizerC.epf Toolchain:toolchains/LTLAutomizerC.xml: TIMEOUT(Expected:UNSAFE): ExpectedResult: UNSAFE UltimateResult: TIMEOUT   [ShortDescription: Timeout LongDescription: Timout or Toolchain cancelled by user]
2015-02-13_00-05-49-975 ### 25/53 ### Starting test for Input:LTL/coolant/coolant_basis_5_neg.c Settings:settings/LtlAutomizerC.epf Toolchain:toolchains/LTLAutomizerC.xml
2015-02-13_00-05-50-196 Finishing test with SUCCESS for Input:LTL/coolant/coolant_basis_5_neg.c Settings:settings/LtlAutomizerC.epf Toolchain:toolchains/LTLAutomizerC.xml: UNSAFE(Expected:UNSAFE): ExpectedResult: UNSAFE UltimateResult: UNSAFE   Violation of LTL property !((A U ((B U G(C)) || G(B)))) 
2015-02-13_00-05-50-437 ### 26/53 ### Starting test for Input:LTL/coolant/coolant_basis_5_safe_sftyliveness.c Settings:settings/LtlAutomizerC.epf Toolchain:toolchains/LTLAutomizerC.xml
2015-02-13_00-05-51-826 Finishing test with SUCCESS for Input:LTL/coolant/coolant_basis_5_safe_sftyliveness.c Settings:settings/LtlAutomizerC.epf Toolchain:toolchains/LTLAutomizerC.xml: SAFE(Expected:SAFE): ExpectedResult: SAFE UltimateResult: SAFE   [ShortDescription: All specifications hold LongDescription: We were not able to verify any specifiation because the program does not contain any specification.]
2015-02-13_00-05-52-085 ### 27/53 ### Starting test for Input:LTL/coolant/coolant_basis_5_unsafe_sftyliveness.c Settings:settings/LtlAutomizerC.epf Toolchain:toolchains/LTLAutomizerC.xml
2015-02-13_00-05-54-538 Finishing test with SUCCESS for Input:LTL/coolant/coolant_basis_5_unsafe_sftyliveness.c Settings:settings/LtlAutomizerC.epf Toolchain:toolchains/LTLAutomizerC.xml: UNSAFE(Expected:UNSAFE): ExpectedResult: UNSAFE UltimateResult: UNSAFE   Violation of LTL property (A U ((B U G(C)) || G(B))) 
2015-02-13_00-05-54-849 ### 28/53 ### Starting test for Input:LTL/coolant/coolant_basis_6_safe_sftyliveness.c Settings:settings/LtlAutomizerC.epf Toolchain:toolchains/LTLAutomizerC.xml
2015-02-13_00-05-55-432 Finishing test with SUCCESS for Input:LTL/coolant/coolant_basis_6_safe_sftyliveness.c Settings:settings/LtlAutomizerC.epf Toolchain:toolchains/LTLAutomizerC.xml: SAFE(Expected:SAFE): ExpectedResult: SAFE UltimateResult: SAFE   [ShortDescription: All specifications hold LongDescription: We were not able to verify any specifiation because the program does not contain any specification.]
2015-02-13_00-05-55-662 ### 29/53 ### Starting test for Input:LTL/coolant/coolant_basis_6_unsafe_sftyliveness.c Settings:settings/LtlAutomizerC.epf Toolchain:toolchains/LTLAutomizerC.xml
2015-02-13_00-05-59-004 Finishing test with SUCCESS for Input:LTL/coolant/coolant_basis_6_unsafe_sftyliveness.c Settings:settings/LtlAutomizerC.epf Toolchain:toolchains/LTLAutomizerC.xml: UNSAFE(Expected:UNSAFE): ExpectedResult: UNSAFE UltimateResult: UNSAFE   Violation of LTL property G((A ==> (B ==> F(C)))) 
2015-02-13_00-05-59-347 ### 30/53 ### Starting test for Input:LTL/koskinen/ltlcmodelchecker-benchmarks/01-exsec2.c Settings:settings/LtlAutomizerC.epf Toolchain:toolchains/LTLAutomizerC.xml
2015-02-13_00-05-59-414 Finishing test with SUCCESS for Input:LTL/koskinen/ltlcmodelchecker-benchmarks/01-exsec2.c Settings:settings/LtlAutomizerC.epf Toolchain:toolchains/LTLAutomizerC.xml: SAFE(Expected:SAFE): ExpectedResult: SAFE UltimateResult: SAFE   [ShortDescription: All specifications hold LongDescription: We were not able to verify any specifiation because the program does not contain any specification.]
2015-02-13_00-05-59-635 ### 31/53 ### Starting test for Input:LTL/koskinen/ltlcmodelchecker-benchmarks/02-fig8-2007.c Settings:settings/LtlAutomizerC.epf Toolchain:toolchains/LTLAutomizerC.xml
2015-02-13_00-05-59-759 Finishing test with SUCCESS for Input:LTL/koskinen/ltlcmodelchecker-benchmarks/02-fig8-2007.c Settings:settings/LtlAutomizerC.epf Toolchain:toolchains/LTLAutomizerC.xml: SAFE(Expected:SAFE): ExpectedResult: SAFE UltimateResult: SAFE   [ShortDescription: All specifications hold LongDescription: We were not able to verify any specifiation because the program does not contain any specification.]
2015-02-13_00-05-59-990 ### 32/53 ### Starting test for Input:LTL/koskinen/ltlcmodelchecker-benchmarks/03-toyacquirerelease.c Settings:settings/LtlAutomizerC.epf Toolchain:toolchains/LTLAutomizerC.xml
2015-02-13_00-06-00-132 Finishing test with SUCCESS for Input:LTL/koskinen/ltlcmodelchecker-benchmarks/03-toyacquirerelease.c Settings:settings/LtlAutomizerC.epf Toolchain:toolchains/LTLAutomizerC.xml: SAFE(Expected:SAFE): ExpectedResult: SAFE UltimateResult: SAFE   [ShortDescription: All specifications hold LongDescription: We were not able to verify any specifiation because the program does not contain any specification.]
2015-02-13_00-06-00-358 ### 33/53 ### Starting test for Input:LTL/koskinen/ltlcmodelchecker-benchmarks/04-toylinarith1.c Settings:settings/LtlAutomizerC.epf Toolchain:toolchains/LTLAutomizerC.xml
2015-02-13_00-06-00-760 Finishing test with SUCCESS for Input:LTL/koskinen/ltlcmodelchecker-benchmarks/04-toylinarith1.c Settings:settings/LtlAutomizerC.epf Toolchain:toolchains/LTLAutomizerC.xml: UNSAFE(Expected:UNSAFE): ExpectedResult: UNSAFE UltimateResult: UNSAFE   Violation of LTL property (A ==> F(B)) 
2015-02-13_00-06-01-005 ### 34/53 ### Starting test for Input:LTL/koskinen/ltlcmodelchecker-benchmarks/05-toylinarith2.c Settings:settings/LtlAutomizerC.epf Toolchain:toolchains/LTLAutomizerC.xml
2015-02-13_00-06-02-608 Finishing test with SUCCESS for Input:LTL/koskinen/ltlcmodelchecker-benchmarks/05-toylinarith2.c Settings:settings/LtlAutomizerC.epf Toolchain:toolchains/LTLAutomizerC.xml: SAFE(Expected:SAFE): ExpectedResult: SAFE UltimateResult: SAFE   [ShortDescription: All specifications hold LongDescription: We were not able to verify any specifiation because the program does not contain any specification.]
2015-02-13_00-06-02-895 ### 35/53 ### Starting test for Input:LTL/koskinen/ltlcmodelchecker-benchmarks/06-postgreSQL_strmsrv.c Settings:settings/LtlAutomizerC.epf Toolchain:toolchains/LTLAutomizerC.xml
2015-02-13_00-06-03-182 Finishing test with SUCCESS for Input:LTL/koskinen/ltlcmodelchecker-benchmarks/06-postgreSQL_strmsrv.c Settings:settings/LtlAutomizerC.epf Toolchain:toolchains/LTLAutomizerC.xml: SAFE(Expected:SAFE): ExpectedResult: SAFE UltimateResult: SAFE   [ShortDescription: All specifications hold LongDescription: We were not able to verify any specifiation because the program does not contain any specification.]
2015-02-13_00-06-03-482 ### 36/53 ### Starting test for Input:LTL/koskinen/ltlcmodelchecker-benchmarks/07-postgreSQL_strmsrv_wbug.c Settings:settings/LtlAutomizerC.epf Toolchain:toolchains/LTLAutomizerC.xml
2015-02-13_00-06-03-775 Finishing test with SUCCESS for Input:LTL/koskinen/ltlcmodelchecker-benchmarks/07-postgreSQL_strmsrv_wbug.c Settings:settings/LtlAutomizerC.epf Toolchain:toolchains/LTLAutomizerC.xml: SAFE(Expected:SAFE): ExpectedResult: SAFE UltimateResult: SAFE   [ShortDescription: All specifications hold LongDescription: We were not able to verify any specifiation because the program does not contain any specification.]
2015-02-13_00-06-04-044 ### 37/53 ### Starting test for Input:LTL/koskinen/ltlcmodelchecker-benchmarks/08-postgreSQL_pgarch.c Settings:settings/LtlAutomizerC.epf Toolchain:toolchains/LTLAutomizerC.xml
2015-02-13_00-06-04-255 Finishing test with SUCCESS for Input:LTL/koskinen/ltlcmodelchecker-benchmarks/08-postgreSQL_pgarch.c Settings:settings/LtlAutomizerC.epf Toolchain:toolchains/LTLAutomizerC.xml: UNSAFE(Expected:UNSAFE): ExpectedResult: UNSAFE UltimateResult: UNSAFE   Violation of LTL property G(F(A)) 
2015-02-13_00-06-04-518 ### 38/53 ### Starting test for Input:LTL/koskinen/ltlcmodelchecker-benchmarks/09-postgreSQL_dropbuf_prop1.c Settings:settings/LtlAutomizerC.epf Toolchain:toolchains/LTLAutomizerC.xml
2015-02-13_00-06-06-631 Finishing test with SUCCESS for Input:LTL/koskinen/ltlcmodelchecker-benchmarks/09-postgreSQL_dropbuf_prop1.c Settings:settings/LtlAutomizerC.epf Toolchain:toolchains/LTLAutomizerC.xml: UNSAFE(Expected:UNSAFE): ExpectedResult: UNSAFE UltimateResult: UNSAFE   Violation of LTL property (A ==> G(B)) 
2015-02-13_00-06-06-927 ### 39/53 ### Starting test for Input:LTL/koskinen/ltlcmodelchecker-benchmarks/10-postgreSQL_dropbuf_prop2.c Settings:settings/LtlAutomizerC.epf Toolchain:toolchains/LTLAutomizerC.xml
2015-02-13_00-06-07-645 Finishing test with SUCCESS for Input:LTL/koskinen/ltlcmodelchecker-benchmarks/10-postgreSQL_dropbuf_prop2.c Settings:settings/LtlAutomizerC.epf Toolchain:toolchains/LTLAutomizerC.xml: SAFE(Expected:SAFE): ExpectedResult: SAFE UltimateResult: SAFE   [ShortDescription: All specifications hold LongDescription: We were not able to verify any specifiation because the program does not contain any specification.]
2015-02-13_00-06-07-973 ### 40/53 ### Starting test for Input:LTL/koskinen/ltlcmodelchecker-benchmarks/11-apache_accept_liveness.c Settings:settings/LtlAutomizerC.epf Toolchain:toolchains/LTLAutomizerC.xml
2015-02-13_00-24-02-133 Finishing test with FAIL for Input:LTL/koskinen/ltlcmodelchecker-benchmarks/11-apache_accept_liveness.c Settings:settings/LtlAutomizerC.epf Toolchain:toolchains/LTLAutomizerC.xml: EXCEPTION_OR_ERROR(Expected:SAFE): ExpectedResult: SAFE UltimateResult: EXCEPTION_OR_ERROR   [de.uni_freiburg.informatik.ultimate.plugins.generator.buchiautomizer: OutOfMemoryError: GC overhead limit exceeded: java.util.HashMap.createEntry(HashMap.java:897)]
2015-02-13_00-24-02-493 ### 41/53 ### Starting test for Input:LTL/koskinen/ltlcmodelchecker-benchmarks/12-apache_progress.c Settings:settings/LtlAutomizerC.epf Toolchain:toolchains/LTLAutomizerC.xml
2015-02-13_00-24-03-196 Finishing test with SUCCESS for Input:LTL/koskinen/ltlcmodelchecker-benchmarks/12-apache_progress.c Settings:settings/LtlAutomizerC.epf Toolchain:toolchains/LTLAutomizerC.xml: SAFE(Expected:SAFE): ExpectedResult: SAFE UltimateResult: SAFE   [ShortDescription: All specifications hold LongDescription: We were not able to verify any specifiation because the program does not contain any specification.]
2015-02-13_00-24-03-547 ### 42/53 ### Starting test for Input:LTL/koskinen/ltlcmodelchecker-benchmarks/13-windows_os_frag1.c Settings:settings/LtlAutomizerC.epf Toolchain:toolchains/LTLAutomizerC.xml
2015-02-13_00-24-04-486 Finishing test with SUCCESS for Input:LTL/koskinen/ltlcmodelchecker-benchmarks/13-windows_os_frag1.c Settings:settings/LtlAutomizerC.epf Toolchain:toolchains/LTLAutomizerC.xml: SAFE(Expected:SAFE): ExpectedResult: SAFE UltimateResult: SAFE   [ShortDescription: All specifications hold LongDescription: We were not able to verify any specifiation because the program does not contain any specification.]
2015-02-13_00-24-04-792 ### 43/53 ### Starting test for Input:LTL/koskinen/ltlcmodelchecker-benchmarks/14-windows_os_frag2.c Settings:settings/LtlAutomizerC.epf Toolchain:toolchains/LTLAutomizerC.xml
2015-02-13_00-24-05-025 Finishing test with SUCCESS for Input:LTL/koskinen/ltlcmodelchecker-benchmarks/14-windows_os_frag2.c Settings:settings/LtlAutomizerC.epf Toolchain:toolchains/LTLAutomizerC.xml: SAFE(Expected:SAFE): ExpectedResult: SAFE UltimateResult: SAFE   [ShortDescription: All specifications hold LongDescription: We were not able to verify any specifiation because the program does not contain any specification.]
2015-02-13_00-24-05-383 ### 44/53 ### Starting test for Input:LTL/koskinen/ltlcmodelchecker-benchmarks/15-windows_os_frag2_wbug.c Settings:settings/LtlAutomizerC.epf Toolchain:toolchains/LTLAutomizerC.xml
2015-02-13_00-24-05-693 Finishing test with SUCCESS for Input:LTL/koskinen/ltlcmodelchecker-benchmarks/15-windows_os_frag2_wbug.c Settings:settings/LtlAutomizerC.epf Toolchain:toolchains/LTLAutomizerC.xml: UNSAFE(Expected:UNSAFE): ExpectedResult: UNSAFE UltimateResult: UNSAFE   Violation of LTL property G(F(A)) 
2015-02-13_00-24-06-047 ### 45/53 ### Starting test for Input:LTL/koskinen/ltlcmodelchecker-benchmarks/16-windows_os_frag3.c Settings:settings/LtlAutomizerC.epf Toolchain:toolchains/LTLAutomizerC.xml
2015-02-13_00-24-06-147 Finishing test with SUCCESS for Input:LTL/koskinen/ltlcmodelchecker-benchmarks/16-windows_os_frag3.c Settings:settings/LtlAutomizerC.epf Toolchain:toolchains/LTLAutomizerC.xml: SAFE(Expected:SAFE): ExpectedResult: SAFE UltimateResult: SAFE   [ShortDescription: All specifications hold LongDescription: We were not able to verify any specifiation because the program does not contain any specification.]
2015-02-13_00-24-06-432 ### 46/53 ### Starting test for Input:LTL/koskinen/ltlcmodelchecker-benchmarks/17-windows_os_frag4_prop1.c Settings:settings/LtlAutomizerC.epf Toolchain:toolchains/LTLAutomizerC.xml
2015-02-13_00-24-07-635 Finishing test with SUCCESS for Input:LTL/koskinen/ltlcmodelchecker-benchmarks/17-windows_os_frag4_prop1.c Settings:settings/LtlAutomizerC.epf Toolchain:toolchains/LTLAutomizerC.xml: SAFE(Expected:SAFE): ExpectedResult: SAFE UltimateResult: SAFE   [ShortDescription: All specifications hold LongDescription: We were not able to verify any specifiation because the program does not contain any specification.]
2015-02-13_00-24-07-999 ### 47/53 ### Starting test for Input:LTL/koskinen/ltlcmodelchecker-benchmarks/18-windows_os_frag4_prop2-new.c Settings:settings/LtlAutomizerC.epf Toolchain:toolchains/LTLAutomizerC.xml
2015-02-13_00-39-17-245 Finishing test with FAIL for Input:LTL/koskinen/ltlcmodelchecker-benchmarks/18-windows_os_frag4_prop2-new.c Settings:settings/LtlAutomizerC.epf Toolchain:toolchains/LTLAutomizerC.xml: EXCEPTION_OR_ERROR(Expected:SAFE): ExpectedResult: SAFE UltimateResult: EXCEPTION_OR_ERROR   [de.uni_freiburg.informatik.ultimate.plugins.generator.buchiautomizer: OutOfMemoryError: GC overhead limit exceeded: java.util.HashMap.createEntry(HashMap.java:897)]
2015-02-13_00-39-17-633 ### 48/53 ### Starting test for Input:LTL/koskinen/ltlcmodelchecker-benchmarks/18-windows_os_frag4_prop2.c Settings:settings/LtlAutomizerC.epf Toolchain:toolchains/LTLAutomizerC.xml
2015-02-13_00-39-17-678 Finishing test with FAIL for Input:LTL/koskinen/ltlcmodelchecker-benchmarks/18-windows_os_frag4_prop2.c Settings:settings/LtlAutomizerC.epf Toolchain:toolchains/LTLAutomizerC.xml: SYNTAX_ERROR(Expected:SAFE): ExpectedResult: SAFE UltimateResult: SYNTAX_ERROR   [ShortDescription: Incorrect Syntax LongDescription: Variable is neither declared globally nor locally! ID=phi_io_compl]
2015-02-13_00-39-17-994 ### 49/53 ### Starting test for Input:LTL/koskinen/ltlcmodelchecker-benchmarks/19-windows_os_frag5.c Settings:settings/LtlAutomizerC.epf Toolchain:toolchains/LTLAutomizerC.xml
2015-02-13_00-39-33-171 Finishing test with SUCCESS for Input:LTL/koskinen/ltlcmodelchecker-benchmarks/19-windows_os_frag5.c Settings:settings/LtlAutomizerC.epf Toolchain:toolchains/LTLAutomizerC.xml: SAFE(Expected:SAFE): ExpectedResult: SAFE UltimateResult: SAFE   [ShortDescription: All specifications hold LongDescription: We were not able to verify any specifiation because the program does not contain any specification.]
2015-02-13_00-39-33-692 ### 50/53 ### Starting test for Input:LTL/koskinen/ltlcmodelchecker-benchmarks/20-windows_os_frag6.c Settings:settings/LtlAutomizerC.epf Toolchain:toolchains/LTLAutomizerC.xml
2015-02-13_00-59-59-017 Finishing test with UNKNOWN for Input:LTL/koskinen/ltlcmodelchecker-benchmarks/20-windows_os_frag6.c Settings:settings/LtlAutomizerC.epf Toolchain:toolchains/LTLAutomizerC.xml: TIMEOUT(Expected:SAFE): ExpectedResult: SAFE UltimateResult: TIMEOUT   [ShortDescription: Timeout LongDescription: Timeout while trying to prove F(G(A))]
2015-02-13_00-59-59-403 ### 51/53 ### Starting test for Input:LTL/koskinen/ltlcmodelchecker-benchmarks/21-windows_os_frag6_wbug.c Settings:settings/LtlAutomizerC.epf Toolchain:toolchains/LTLAutomizerC.xml
2015-02-13_00-59-59-489 Finishing test with SUCCESS for Input:LTL/koskinen/ltlcmodelchecker-benchmarks/21-windows_os_frag6_wbug.c Settings:settings/LtlAutomizerC.epf Toolchain:toolchains/LTLAutomizerC.xml: UNSAFE(Expected:UNSAFE): ExpectedResult: UNSAFE UltimateResult: UNSAFE   Violation of LTL property F(G(A)) 
2015-02-13_00-59-59-867 ### 52/53 ### Starting test for Input:LTL/koskinen/ltlcmodelchecker-benchmarks/22-windows_os_frag7.c Settings:settings/LtlAutomizerC.epf Toolchain:toolchains/LTLAutomizerC.xml
2015-02-13_01-00-00-896 Finishing test with SUCCESS for Input:LTL/koskinen/ltlcmodelchecker-benchmarks/22-windows_os_frag7.c Settings:settings/LtlAutomizerC.epf Toolchain:toolchains/LTLAutomizerC.xml: SAFE(Expected:SAFE): ExpectedResult: SAFE UltimateResult: SAFE   [ShortDescription: All specifications hold LongDescription: We were not able to verify any specifiation because the program does not contain any specification.]
2015-02-13_01-00-01-313 ### 53/53 ### Starting test for Input:LTL/koskinen/ltlcmodelchecker-benchmarks/23-windows_os_frag8.c Settings:settings/LtlAutomizerC.epf Toolchain:toolchains/LTLAutomizerC.xml
2015-02-13_01-00-47-000 Finishing test with SUCCESS for Input:LTL/koskinen/ltlcmodelchecker-benchmarks/23-windows_os_frag8.c Settings:settings/LtlAutomizerC.epf Toolchain:toolchains/LTLAutomizerC.xml: SAFE(Expected:SAFE): ExpectedResult: SAFE UltimateResult: SAFE   [ShortDescription: All specifications hold LongDescription: We were not able to verify any specifiation because the program does not contain any specification.]
